Current configuration:
[NAME]		[DEFLT]	[VALUE]
-allphones	no	no
-cntthresh	0.00001	1.000000e-05
-csplitmax	100	2000
-csplitmin	1	1
-csplitthr	8e-4	0.000000e+00
-example	no	no
-fullvar	no	no
-help		no	no
-meanfn			
-mixwfn			/home/azhar/Tubes_Speech/commandreminder/model_parameters/commandreminder.cd_ptm_untied/mixture_weights
-moddeffn		/home/azhar/Tubes_Speech/commandreminder/model_architecture/commandreminder.untied.mdef
-mwfloor	1e-4	1.000000e-08
-phone			J
-psetfn			/home/azhar/Tubes_Speech/commandreminder/model_architecture/commandreminder.tree_questions
-ssplitmax	5	7
-ssplitmin	1	1
-ssplitthr	8e-4	0.000000e+00
-state			1
-stwt			1.0,0.05,0.0,
-treefn			/home/azhar/Tubes_Speech/commandreminder/trees/commandreminder.unpruned/J-1.dtree
-ts2cbfn	.semi.	.semi.
-varfloor	0.00001	1.000000e-05
-varfn			

INFO: main.c(223): Reading: /home/azhar/Tubes_Speech/commandreminder/model_architecture/commandreminder.untied.mdef
INFO: model_def_io.c(573): Model definition info:
INFO: model_def_io.c(574): 1061 total models defined (31 base, 1030 tri)
INFO: model_def_io.c(575): 4244 total states
INFO: model_def_io.c(576): 3183 total tied states
INFO: model_def_io.c(577): 93 total tied CI states
INFO: model_def_io.c(578): 31 total tied transition matrices
INFO: model_def_io.c(579): 4 max state/model
INFO: model_def_io.c(580): 4 min state/model
INFO: main.c(242): Building trees for [J A A b] through [J U U i]
INFO: main.c(269): Covering states |[1551 1592]| == 42
INFO: main.c(275): Reading: /home/azhar/Tubes_Speech/commandreminder/model_parameters/commandreminder.cd_ptm_untied/mixture_weights
INFO: s3mixw_io.c(173): Read /home/azhar/Tubes_Speech/commandreminder/model_parameters/commandreminder.cd_ptm_untied/mixture_weights [42x4x64 array]
INFO: main.c(311): 14 of 14 models have observation count greater than 0.000010
INFO: main.c(95): nrm stwt: 0.045 0.909 0.045 
INFO: main.c(411): 14-class entropy: 2.915202e+04
INFO: main.c(549): Reading: /home/azhar/Tubes_Speech/commandreminder/model_architecture/commandreminder.tree_questions
INFO: main.c(588): 174 total simple questions (166 phone; 8 word bndry)
INFO: main.c(590): 40 Left Only questions, and 42 Right Only questions
INFO: dtree.c(1478): Final simple tree
|( QUESTION4 1 3.449e+04 2.771e+03 1.766e+03
|    ( QUESTION0 -1 1.553e+04 3.293e+02 8.822e+02
|        ( - 4.828e+03 2 0 WDBNDRY_B 0 1.763e+02 2.735e+02)
|        ( WDBNDRY_B 0 1.038e+04 2.212e+02 6.087e+02
|            ( - 2.589e+03 1 0)
|            ( - 7.567e+03 1 0)))
|    ( QUESTION0_1_R 1 1.618e+04 5.133e+02 8.841e+02
|        ( - 2.325e+03 1 0)
|        ( QUESTION0 -1 1.335e+04 3.223e+02 7.370e+02
|            ( QUESTION1 -1 9.661e+03 1.904e+02 5.381e+02
|                ( - 8.071e+03 4 0 WDBNDRY_B 0 1.320e+02 4.474e+02)
|                ( - 1.400e+03 1 0))
|            ( WDBNDRY_B 0 3.362e+03 1.818e+02 1.988e+02
|                ( - 2.004e+03 3 0 QUESTION19 -1 1.323e+02 1.219e+02)
|                ( - 1.177e+03 1 0)))))
s>    ( QUESTION4 1 3.449e+04 2.771e+03 1.766e+03
s>        ( QUESTION0 -1 1.553e+04 3.293e+02 8.822e+02
s>            ( - 4.828e+03 2 0 WDBNDRY_B 0 1.763e+02 2.735e+02)
s>            ( WDBNDRY_B 0 1.038e+04 2.212e+02 6.087e+02
s>                ( - 2.589e+03 1 0)
s>                ( - 7.567e+03 1 0)))
s>        ( QUESTION0_1_R 1 1.618e+04 5.133e+02 8.841e+02
s>            ( - 2.325e+03 1 0)
s>            ( QUESTION0 -1 1.335e+04 3.223e+02 7.370e+02
s>                ( QUESTION1 -1 9.661e+03 1.904e+02 5.381e+02
s>                    ( - 8.071e+03 4 0 WDBNDRY_B 0 1.320e+02 4.474e+02)
s>                    ( - 1.400e+03 1 0))
s>                ( WDBNDRY_B 0 3.362e+03 1.818e+02 1.988e+02
s>                    ( - 2.004e+03 3 0 QUESTION19 -1 1.323e+02 1.219e+02)
s>                    ( - 1.177e+03 1 0)))))INFO: dtree.c(1315): Comp split 0
INFO: dtree.c(1478): Final simple tree
|( QUESTION0_1_R 1 1.618e+04 5.133e+02 8.841e+02
|    ( - 2.325e+03 1 0)
|    ( QUESTION0 -1 1.335e+04 3.223e+02 7.370e+02
|        ( QUESTION1 -1 9.661e+03 1.904e+02 5.381e+02
|            ( WDBNDRY_B 0 8.071e+03 1.320e+02 4.474e+02
|                ( QUESTION0_3_R 1 7.229e+03 1.191e+02 4.021e+02
|                    ( - 6.156e+02 1 0)
|                    ( - 6.494e+03 2 0))
|                ( - 7.100e+02 1 0))
|            ( - 1.400e+03 1 0))
|        ( WDBNDRY_B 0 3.362e+03 1.818e+02 1.988e+02
|            ( QUESTION19 -1 2.004e+03 1.323e+02 1.219e+02
|                ( - 7.226e+02 1 0)
|                ( - 1.149e+03 2 0 QUESTION6 -1 9.988e+01 7.396e+01))
|            ( - 1.177e+03 1 0))))
s>    ( QUESTION0_1_R 1 1.618e+04 5.133e+02 8.841e+02
s>        ( - 2.325e+03 1 0)
s>        ( QUESTION0 -1 1.335e+04 3.223e+02 7.370e+02
s>            ( QUESTION1 -1 9.661e+03 1.904e+02 5.381e+02
s>                ( WDBNDRY_B 0 8.071e+03 1.320e+02 4.474e+02
s>                    ( QUESTION0_3_R 1 7.229e+03 1.191e+02 4.021e+02
s>                        ( - 6.156e+02 1 0)
s>                        ( - 6.494e+03 2 0))
s>                    ( - 7.100e+02 1 0))
s>                ( - 1.400e+03 1 0))
s>            ( WDBNDRY_B 0 3.362e+03 1.818e+02 1.988e+02
s>                ( QUESTION19 -1 2.004e+03 1.323e+02 1.219e+02
s>                    ( - 7.226e+02 1 0)
s>                    ( - 1.149e+03 2 0 QUESTION6 -1 9.988e+01 7.396e+01))
s>                ( - 1.177e+03 1 0))))INFO: dtree.c(1439): stop. leaf nodes are specific
INFO: dtree.c(1478): Final simple tree
|( QUESTION0 -1 1.553e+04 3.293e+02 8.822e+02
|    ( WDBNDRY_B 0 4.828e+03 1.763e+02 2.735e+02
|        ( - 3.913e+03 1 0)
|        ( - 7.389e+02 1 0))
|    ( WDBNDRY_B 0 1.038e+04 2.212e+02 6.087e+02
|        ( - 2.589e+03 1 0)
|        ( - 7.567e+03 1 0)))
s>    ( QUESTION0 -1 1.553e+04 3.293e+02 8.822e+02
s>        ( WDBNDRY_B 0 4.828e+03 1.763e+02 2.735e+02
s>            ( - 3.913e+03 1 0)
s>            ( - 7.389e+02 1 0))
s>        ( WDBNDRY_B 0 1.038e+04 2.212e+02 6.087e+02
s>            ( - 2.589e+03 1 0)
s>            ( - 7.567e+03 1 0)))INFO: dtree.c(1315): Comp split 1
INFO: dtree.c(1478): Final simple tree
|( QUESTION0 -1 1.335e+04 3.223e+02 7.370e+02
|    ( QUESTION1 -1 9.661e+03 1.904e+02 5.381e+02
|        ( WDBNDRY_B 0 8.071e+03 1.320e+02 4.474e+02
|            ( QUESTION0_3_R 1 7.229e+03 1.191e+02 4.021e+02
|                ( - 6.156e+02 1 0)
|                ( - 6.494e+03 2 0))
|            ( - 7.100e+02 1 0))
|        ( - 1.400e+03 1 0))
|    ( WDBNDRY_B 0 3.362e+03 1.818e+02 1.988e+02
|        ( QUESTION19 -1 2.004e+03 1.323e+02 1.219e+02
|            ( - 7.226e+02 1 0)
|            ( QUESTION6 -1 1.149e+03 9.988e+01 7.396e+01
|                ( - 4.808e+02 1 0)
|                ( - 5.683e+02 1 0)))
|        ( - 1.177e+03 1 0)))
s>    ( QUESTION0 -1 1.335e+04 3.223e+02 7.370e+02
s>        ( QUESTION1 -1 9.661e+03 1.904e+02 5.381e+02
s>            ( WDBNDRY_B 0 8.071e+03 1.320e+02 4.474e+02
s>                ( QUESTION0_3_R 1 7.229e+03 1.191e+02 4.021e+02
s>                    ( - 6.156e+02 1 0)
s>                    ( - 6.494e+03 2 0))
s>                ( - 7.100e+02 1 0))
s>            ( - 1.400e+03 1 0))
s>        ( WDBNDRY_B 0 3.362e+03 1.818e+02 1.988e+02
s>            ( QUESTION19 -1 2.004e+03 1.323e+02 1.219e+02
s>                ( - 7.226e+02 1 0)
s>                ( QUESTION6 -1 1.149e+03 9.988e+01 7.396e+01
s>                    ( - 4.808e+02 1 0)
s>                    ( - 5.683e+02 1 0)))
s>            ( - 1.177e+03 1 0)))INFO: dtree.c(1315): Comp split 2
INFO: dtree.c(1439): stop. leaf nodes are specific
INFO: dtree.c(1478): Final simple tree
|( QUESTION3 -1 7.637e+03 2.394e+02 4.334e+02
|    ( - 3.913e+03 1 0)
|    ( WDBNDRY_B 0 3.485e+03 1.568e+02 2.064e+02
|        ( - 2.589e+03 1 0)
|        ( - 7.389e+02 1 0)))
s>    ( QUESTION3 -1 7.637e+03 2.394e+02 4.334e+02
s>        ( - 3.913e+03 1 0)
s>        ( WDBNDRY_B 0 3.485e+03 1.568e+02 2.064e+02
s>            ( - 2.589e+03 1 0)
s>            ( - 7.389e+02 1 0)))INFO: dtree.c(1315): Comp split 3
INFO: dtree.c(1439): stop. leaf nodes are specific
INFO: dtree.c(1478): Final simple tree
|( WDBNDRY_B 0 3.362e+03 1.818e+02 1.988e+02
|    ( QUESTION19 -1 2.004e+03 1.323e+02 1.219e+02
|        ( - 7.226e+02 1 0)
|        ( QUESTION6 -1 1.149e+03 9.988e+01 7.396e+01
|            ( - 4.808e+02 1 0)
|            ( - 5.683e+02 1 0)))
|    ( - 1.177e+03 1 0))
s>    ( WDBNDRY_B 0 3.362e+03 1.818e+02 1.988e+02
s>        ( QUESTION19 -1 2.004e+03 1.323e+02 1.219e+02
s>            ( - 7.226e+02 1 0)
s>            ( QUESTION6 -1 1.149e+03 9.988e+01 7.396e+01
s>                ( - 4.808e+02 1 0)
s>                ( - 5.683e+02 1 0)))
s>        ( - 1.177e+03 1 0))INFO: dtree.c(1439): stop. leaf nodes are specific
INFO: dtree.c(1478): Final simple tree
|( QUESTION1 -1 9.661e+03 1.904e+02 5.381e+02
|    ( WDBNDRY_B 0 8.071e+03 1.320e+02 4.474e+02
|        ( QUESTION0_3_R 1 7.229e+03 1.191e+02 4.021e+02
|            ( - 6.156e+02 1 0)
|            ( - 6.494e+03 2 0))
|        ( - 7.100e+02 1 0))
|    ( - 1.400e+03 1 0))
s>    ( QUESTION1 -1 9.661e+03 1.904e+02 5.381e+02
s>        ( WDBNDRY_B 0 8.071e+03 1.320e+02 4.474e+02
s>            ( QUESTION0_3_R 1 7.229e+03 1.191e+02 4.021e+02
s>                ( - 6.156e+02 1 0)
s>                ( - 6.494e+03 2 0))
s>            ( - 7.100e+02 1 0))
s>        ( - 1.400e+03 1 0))INFO: dtree.c(1315): Comp split 4
INFO: dtree.c(1439): stop. leaf nodes are specific
INFO: dtree.c(1478): Final simple tree
|( WDBNDRY_B 0 3.485e+03 1.568e+02 2.064e+02
|    ( - 2.589e+03 1 0)
|    ( - 7.389e+02 1 0))
s>    ( WDBNDRY_B 0 3.485e+03 1.568e+02 2.064e+02
s>        ( - 2.589e+03 1 0)
s>        ( - 7.389e+02 1 0))INFO: dtree.c(1315): Comp split 5
INFO: dtree.c(1439): stop. leaf nodes are specific
INFO: dtree.c(1478): Final simple tree
|( QUESTION0_3_R 1 7.229e+03 1.191e+02 4.021e+02
|    ( - 6.156e+02 1 0)
|    ( - 6.494e+03 2 0))
s>    ( QUESTION0_3_R 1 7.229e+03 1.191e+02 4.021e+02
s>        ( - 6.156e+02 1 0)
s>        ( - 6.494e+03 2 0))INFO: dtree.c(1439): stop. leaf nodes are specific
INFO: dtree.c(1478): Final simple tree
|( WDBNDRY_B 0 2.241e+03 1.308e+02 1.360e+02
|    ( - 1.400e+03 1 0)
|    ( - 7.100e+02 1 0))
s>    ( WDBNDRY_B 0 2.241e+03 1.308e+02 1.360e+02
s>        ( - 1.400e+03 1 0)
s>        ( - 7.100e+02 1 0))INFO: dtree.c(1315): Comp split 6
INFO: dtree.c(1439): stop. leaf nodes are specific
INFO: dtree.c(1478): Final simple tree
|( QUESTION19 -1 2.004e+03 1.323e+02 1.219e+02
|    ( - 7.226e+02 1 0)
|    ( QUESTION6 -1 1.149e+03 9.988e+01 7.396e+01
|        ( - 4.808e+02 1 0)
|        ( - 5.683e+02 1 0)))
s>    ( QUESTION19 -1 2.004e+03 1.323e+02 1.219e+02
s>        ( - 7.226e+02 1 0)
s>        ( QUESTION6 -1 1.149e+03 9.988e+01 7.396e+01
s>            ( - 4.808e+02 1 0)
s>            ( - 5.683e+02 1 0)))INFO: dtree.c(1315): Comp split 7
INFO: dtree.c(1315): Comp split 8
INFO: dtree.c(1439): stop. leaf nodes are specific
INFO: dtree.c(1478): Final simple tree
|( QUESTION6 -1 1.149e+03 9.988e+01 7.396e+01
|    ( - 4.808e+02 1 0)
|    ( - 5.683e+02 1 0))
s>    ( QUESTION6 -1 1.149e+03 9.988e+01 7.396e+01
s>        ( - 4.808e+02 1 0)
s>        ( - 5.683e+02 1 0))INFO: dtree.c(1315): Comp split 9
INFO: dtree.c(1315): Comp split 10
INFO: dtree.c(1315): Comp split 11
INFO: dtree.c(1315): Comp split 12
INFO: dtree.c(1318): stop. leaf nodes are specific
Fri Dec  3 07:39:08 2021
