Current configuration:
[NAME]		[DEFLT]	[VALUE]
-allphones	no	no
-cntthresh	0.00001	1.000000e-05
-csplitmax	100	2000
-csplitmin	1	1
-csplitthr	8e-4	0.000000e+00
-example	no	no
-fullvar	no	no
-help		no	no
-meanfn			
-mixwfn			/home/azhar/Tubes_Speech/commandreminder/model_parameters/commandreminder.cd_ptm_untied/mixture_weights
-moddeffn		/home/azhar/Tubes_Speech/commandreminder/model_architecture/commandreminder.untied.mdef
-mwfloor	1e-4	1.000000e-08
-phone			D
-psetfn			/home/azhar/Tubes_Speech/commandreminder/model_architecture/commandreminder.tree_questions
-ssplitmax	5	7
-ssplitmin	1	1
-ssplitthr	8e-4	0.000000e+00
-state			0
-stwt			1.0,0.05,0.0,
-treefn			/home/azhar/Tubes_Speech/commandreminder/trees/commandreminder.unpruned/D-0.dtree
-ts2cbfn	.semi.	.semi.
-varfloor	0.00001	1.000000e-05
-varfn			

INFO: main.c(223): Reading: /home/azhar/Tubes_Speech/commandreminder/model_architecture/commandreminder.untied.mdef
INFO: model_def_io.c(573): Model definition info:
INFO: model_def_io.c(574): 1061 total models defined (31 base, 1030 tri)
INFO: model_def_io.c(575): 4244 total states
INFO: model_def_io.c(576): 3183 total tied states
INFO: model_def_io.c(577): 93 total tied CI states
INFO: model_def_io.c(578): 31 total tied transition matrices
INFO: model_def_io.c(579): 4 max state/model
INFO: model_def_io.c(580): 4 min state/model
INFO: main.c(242): Building trees for [D A A i] through [D U O b]
INFO: main.c(269): Covering states |[738 836]| == 99
INFO: main.c(275): Reading: /home/azhar/Tubes_Speech/commandreminder/model_parameters/commandreminder.cd_ptm_untied/mixture_weights
INFO: s3mixw_io.c(173): Read /home/azhar/Tubes_Speech/commandreminder/model_parameters/commandreminder.cd_ptm_untied/mixture_weights [99x4x64 array]
INFO: main.c(311): 33 of 33 models have observation count greater than 0.000010
INFO: main.c(95): nrm stwt: 0.952 0.048 0.000 
INFO: main.c(411): 33-class entropy: 7.771619e+04
INFO: main.c(549): Reading: /home/azhar/Tubes_Speech/commandreminder/model_architecture/commandreminder.tree_questions
INFO: main.c(588): 174 total simple questions (166 phone; 8 word bndry)
INFO: main.c(590): 40 Left Only questions, and 42 Right Only questions
INFO: dtree.c(1478): Final simple tree
|( QUESTION1 -1 9.462e+04 8.590e+03 4.497e+03
|    ( QUESTION0_4_R 1 6.329e+04 9.808e+02 3.350e+03
|        ( - 4.688e+04 1 0)
|        ( QUESTION3 1 1.542e+04 4.967e+02 8.059e+02
|            ( - 8.463e+03 2 0 WDBNDRY_B 0 1.961e+02 4.749e+02)
|            ( - 6.464e+03 7 0 QUESTION0_0_R 1 2.827e+02 3.311e+02)))
|    ( QUESTION15 -1 2.274e+04 1.376e+03 1.147e+03
|        ( QUESTION1 1 9.900e+03 4.074e+02 5.604e+02
|            ( - 6.636e+03 4 0 WDBNDRY_B 0 2.068e+02 3.969e+02)
|            ( - 2.856e+03 5 0 QUESTION3 1 1.898e+02 1.635e+02))
|        ( QUESTION4 -1 1.147e+04 8.440e+02 5.862e+02
|            ( - 5.309e+03 4 0 WDBNDRY_B 0 2.362e+02 3.085e+02)
|            ( QUESTION0 -1 5.315e+03 5.999e+02 2.776e+02
|                ( - 2.205e+03 4 0 QUESTION3 1 1.504e+02 1.382e+02)
|                ( - 2.510e+03 6 0 SILENCE -1 2.787e+02 1.394e+02)))))
s>    ( QUESTION1 -1 9.462e+04 8.590e+03 4.497e+03
s>        ( QUESTION0_4_R 1 6.329e+04 9.808e+02 3.350e+03
s>            ( - 4.688e+04 1 0)
s>            ( QUESTION3 1 1.542e+04 4.967e+02 8.059e+02
s>                ( - 8.463e+03 2 0 WDBNDRY_B 0 1.961e+02 4.749e+02)
s>                ( - 6.464e+03 7 0 QUESTION0_0_R 1 2.827e+02 3.311e+02)))
s>        ( QUESTION15 -1 2.274e+04 1.376e+03 1.147e+03
s>            ( QUESTION1 1 9.900e+03 4.074e+02 5.604e+02
s>                ( - 6.636e+03 4 0 WDBNDRY_B 0 2.068e+02 3.969e+02)
s>                ( - 2.856e+03 5 0 QUESTION3 1 1.898e+02 1.635e+02))
s>            ( QUESTION4 -1 1.147e+04 8.440e+02 5.862e+02
s>                ( - 5.309e+03 4 0 WDBNDRY_B 0 2.362e+02 3.085e+02)
s>                ( QUESTION0 -1 5.315e+03 5.999e+02 2.776e+02
s>                    ( - 2.205e+03 4 0 QUESTION3 1 1.504e+02 1.382e+02)
s>                    ( - 2.510e+03 6 0 SILENCE -1 2.787e+02 1.394e+02)))))INFO: dtree.c(1315): Comp split 0
INFO: dtree.c(1478): Final simple tree
|( QUESTION15 -1 2.274e+04 1.376e+03 1.147e+03
|    ( QUESTION1 1 9.900e+03 4.074e+02 5.604e+02
|        ( WDBNDRY_B 0 6.636e+03 2.068e+02 3.969e+02
|            ( - 4.696e+03 2 0)
|            ( - 1.733e+03 2 0 QUESTION0_3_R 1 7.623e+01 1.129e+02))
|        ( - 2.856e+03 5 0 QUESTION3 1 1.898e+02 1.635e+02))
|    ( QUESTION4 -1 1.147e+04 8.440e+02 5.862e+02
|        ( WDBNDRY_B 0 5.309e+03 2.362e+02 3.085e+02
|            ( - 3.774e+03 3 0 QUESTION0_3_R 1 1.543e+02 2.275e+02)
|            ( - 1.299e+03 1 0))
|        ( QUESTION0 -1 5.315e+03 5.999e+02 2.776e+02
|            ( - 2.205e+03 4 0 QUESTION3 1 1.504e+02 1.382e+02)
|            ( SILENCE -1 2.510e+03 2.787e+02 1.394e+02
|                ( - 5.768e+02 1 0)
|                ( - 1.654e+03 5 0 QUESTION14 -1 1.791e+02 8.661e+01)))))
s>    ( QUESTION15 -1 2.274e+04 1.376e+03 1.147e+03
s>        ( QUESTION1 1 9.900e+03 4.074e+02 5.604e+02
s>            ( WDBNDRY_B 0 6.636e+03 2.068e+02 3.969e+02
s>                ( - 4.696e+03 2 0)
s>                ( - 1.733e+03 2 0 QUESTION0_3_R 1 7.623e+01 1.129e+02))
s>            ( - 2.856e+03 5 0 QUESTION3 1 1.898e+02 1.635e+02))
s>        ( QUESTION4 -1 1.147e+04 8.440e+02 5.862e+02
s>            ( WDBNDRY_B 0 5.309e+03 2.362e+02 3.085e+02
s>                ( - 3.774e+03 3 0 QUESTION0_3_R 1 1.543e+02 2.275e+02)
s>                ( - 1.299e+03 1 0))
s>            ( QUESTION0 -1 5.315e+03 5.999e+02 2.776e+02
s>                ( - 2.205e+03 4 0 QUESTION3 1 1.504e+02 1.382e+02)
s>                ( SILENCE -1 2.510e+03 2.787e+02 1.394e+02
s>                    ( - 5.768e+02 1 0)
s>                    ( - 1.654e+03 5 0 QUESTION14 -1 1.791e+02 8.661e+01)))))INFO: dtree.c(1478): Final simple tree
|( QUESTION0_4_R 1 6.329e+04 9.808e+02 3.350e+03
|    ( - 4.688e+04 1 0)
|    ( QUESTION3 1 1.542e+04 4.967e+02 8.059e+02
|        ( WDBNDRY_B 0 8.463e+03 1.961e+02 4.749e+02
|            ( - 1.241e+03 1 0)
|            ( - 7.026e+03 1 0))
|        ( QUESTION0_0_R 1 6.464e+03 2.827e+02 3.311e+02
|            ( QUESTION1 1 4.120e+03 1.968e+02 2.101e+02
|                ( QUESTION2_0_L -1 1.958e+03 1.418e+02 1.040e+02
|                    ( - 1.173e+03 2 0)
|                    ( - 6.434e+02 1 0))
|                ( WDBNDRY_B 0 1.965e+03 1.310e+02 1.061e+02
|                    ( - 3.784e+02 1 0)
|                    ( - 1.456e+03 2 0)))
|            ( - 2.061e+03 1 0))))
s>    ( QUESTION0_4_R 1 6.329e+04 9.808e+02 3.350e+03
s>        ( - 4.688e+04 1 0)
s>        ( QUESTION3 1 1.542e+04 4.967e+02 8.059e+02
s>            ( WDBNDRY_B 0 8.463e+03 1.961e+02 4.749e+02
s>                ( - 1.241e+03 1 0)
s>                ( - 7.026e+03 1 0))
s>            ( QUESTION0_0_R 1 6.464e+03 2.827e+02 3.311e+02
s>                ( QUESTION1 1 4.120e+03 1.968e+02 2.101e+02
s>                    ( QUESTION2_0_L -1 1.958e+03 1.418e+02 1.040e+02
s>                        ( - 1.173e+03 2 0)
s>                        ( - 6.434e+02 1 0))
s>                    ( WDBNDRY_B 0 1.965e+03 1.310e+02 1.061e+02
s>                        ( - 3.784e+02 1 0)
s>                        ( - 1.456e+03 2 0)))
s>                ( - 2.061e+03 1 0))))INFO: dtree.c(1315): Comp split 1
INFO: dtree.c(1478): Final simple tree
|( QUESTION2_0_L -1 8.504e+03 7.465e+02 4.479e+02
|    ( QUESTION0_3_R 1 5.952e+03 2.418e+02 3.380e+02
|        ( QUESTION1 1 2.964e+03 1.426e+02 1.854e+02
|            ( - 2.541e+03 1 0)
|            ( - 2.806e+02 1 0))
|        ( WDBNDRY_B 0 2.746e+03 1.845e+02 1.526e+02
|            ( QUESTION0_1_R 1 1.262e+03 1.417e+02 7.154e+01
|                ( - 4.650e+02 2 0 QUESTION3 1 6.359e+01 2.944e+01)
|                ( - 6.554e+02 1 0))
|            ( - 1.299e+03 1 0)))
|    ( SILENCE -1 1.806e+03 2.185e+02 1.100e+02
|        ( - 5.768e+02 1 0)
|        ( QUESTION8 -1 1.010e+03 1.296e+02 5.717e+01
|            ( - 3.449e+02 1 0)
|            ( - 5.360e+02 2 0 QUESTION0_1_R 1 7.805e+01 3.220e+01))))
s>    ( QUESTION2_0_L -1 8.504e+03 7.465e+02 4.479e+02
s>        ( QUESTION0_3_R 1 5.952e+03 2.418e+02 3.380e+02
s>            ( QUESTION1 1 2.964e+03 1.426e+02 1.854e+02
s>                ( - 2.541e+03 1 0)
s>                ( - 2.806e+02 1 0))
s>            ( WDBNDRY_B 0 2.746e+03 1.845e+02 1.526e+02
s>                ( QUESTION0_1_R 1 1.262e+03 1.417e+02 7.154e+01
s>                    ( - 4.650e+02 2 0 QUESTION3 1 6.359e+01 2.944e+01)
s>                    ( - 6.554e+02 1 0))
s>                ( - 1.299e+03 1 0)))
s>        ( SILENCE -1 1.806e+03 2.185e+02 1.100e+02
s>            ( - 5.768e+02 1 0)
s>            ( QUESTION8 -1 1.010e+03 1.296e+02 5.717e+01
s>                ( - 3.449e+02 1 0)
s>                ( - 5.360e+02 2 0 QUESTION0_1_R 1 7.805e+01 3.220e+01))))INFO: dtree.c(1478): Final simple tree
|( QUESTION0 -1 1.268e+04 5.773e+02 6.986e+02
|    ( QUESTION3 1 2.205e+03 1.504e+02 1.382e+02
|        ( - 2.405e+02 1 0)
|        ( QUESTION0_4_R 1 1.814e+03 1.061e+02 1.202e+02
|            ( - 9.249e+02 1 0)
|            ( - 7.828e+02 2 0 WDBNDRY_B 0 6.693e+01 5.587e+01)))
|    ( QUESTION1 1 9.900e+03 4.074e+02 5.604e+02
|        ( WDBNDRY_B 0 6.636e+03 2.068e+02 3.969e+02
|            ( - 4.696e+03 2 0)
|            ( - 1.733e+03 2 0 QUESTION0_3_R 1 7.623e+01 1.129e+02))
|        ( QUESTION3 1 2.856e+03 1.898e+02 1.635e+02
|            ( QUESTION2_0_L -1 1.867e+03 1.099e+02 1.122e+02
|                ( - 1.466e+03 2 0 WDBNDRY_B 0 6.954e+01 9.226e+01)
|                ( - 2.912e+02 1 0))
|            ( - 8.000e+02 2 0 WDBNDRY_B 0 7.243e+01 5.127e+01))))
s>    ( QUESTION0 -1 1.268e+04 5.773e+02 6.986e+02
s>        ( QUESTION3 1 2.205e+03 1.504e+02 1.382e+02
s>            ( - 2.405e+02 1 0)
s>            ( QUESTION0_4_R 1 1.814e+03 1.061e+02 1.202e+02
s>                ( - 9.249e+02 1 0)
s>                ( - 7.828e+02 2 0 WDBNDRY_B 0 6.693e+01 5.587e+01)))
s>        ( QUESTION1 1 9.900e+03 4.074e+02 5.604e+02
s>            ( WDBNDRY_B 0 6.636e+03 2.068e+02 3.969e+02
s>                ( - 4.696e+03 2 0)
s>                ( - 1.733e+03 2 0 QUESTION0_3_R 1 7.623e+01 1.129e+02))
s>            ( QUESTION3 1 2.856e+03 1.898e+02 1.635e+02
s>                ( QUESTION2_0_L -1 1.867e+03 1.099e+02 1.122e+02
s>                    ( - 1.466e+03 2 0 WDBNDRY_B 0 6.954e+01 9.226e+01)
s>                    ( - 2.912e+02 1 0))
s>                ( - 8.000e+02 2 0 WDBNDRY_B 0 7.243e+01 5.127e+01))))INFO: dtree.c(1315): Comp split 2
INFO: dtree.c(1439): stop. leaf nodes are specific
INFO: dtree.c(1478): Final simple tree
|( QUESTION3 1 1.542e+04 4.967e+02 8.059e+02
|    ( WDBNDRY_B 0 8.463e+03 1.961e+02 4.749e+02
|        ( - 1.241e+03 1 0)
|        ( - 7.026e+03 1 0))
|    ( QUESTION0_0_R 1 6.464e+03 2.827e+02 3.311e+02
|        ( QUESTION1 1 4.120e+03 1.968e+02 2.101e+02
|            ( QUESTION2_0_L -1 1.958e+03 1.418e+02 1.040e+02
|                ( - 1.173e+03 2 0)
|                ( - 6.434e+02 1 0))
|            ( WDBNDRY_B 0 1.965e+03 1.310e+02 1.061e+02
|                ( - 3.784e+02 1 0)
|                ( - 1.456e+03 2 0)))
|        ( - 2.061e+03 1 0)))
s>    ( QUESTION3 1 1.542e+04 4.967e+02 8.059e+02
s>        ( WDBNDRY_B 0 8.463e+03 1.961e+02 4.749e+02
s>            ( - 1.241e+03 1 0)
s>            ( - 7.026e+03 1 0))
s>        ( QUESTION0_0_R 1 6.464e+03 2.827e+02 3.311e+02
s>            ( QUESTION1 1 4.120e+03 1.968e+02 2.101e+02
s>                ( QUESTION2_0_L -1 1.958e+03 1.418e+02 1.040e+02
s>                    ( - 1.173e+03 2 0)
s>                    ( - 6.434e+02 1 0))
s>                ( WDBNDRY_B 0 1.965e+03 1.310e+02 1.061e+02
s>                    ( - 3.784e+02 1 0)
s>                    ( - 1.456e+03 2 0)))
s>            ( - 2.061e+03 1 0)))INFO: dtree.c(1315): Comp split 3
INFO: dtree.c(1439): stop. leaf nodes are specific
INFO: dtree.c(1478): Final simple tree
|( QUESTION0_3_R 1 5.952e+03 2.418e+02 3.380e+02
|    ( QUESTION1 1 2.964e+03 1.426e+02 1.854e+02
|        ( - 2.541e+03 1 0)
|        ( - 2.806e+02 1 0))
|    ( WDBNDRY_B 0 2.746e+03 1.845e+02 1.526e+02
|        ( QUESTION0_1_R 1 1.262e+03 1.417e+02 7.154e+01
|            ( QUESTION3 1 4.650e+02 6.359e+01 2.944e+01
|                ( - 2.135e+02 1 0)
|                ( - 1.879e+02 1 0))
|            ( - 6.554e+02 1 0))
|        ( - 1.299e+03 1 0)))
s>    ( QUESTION0_3_R 1 5.952e+03 2.418e+02 3.380e+02
s>        ( QUESTION1 1 2.964e+03 1.426e+02 1.854e+02
s>            ( - 2.541e+03 1 0)
s>            ( - 2.806e+02 1 0))
s>        ( WDBNDRY_B 0 2.746e+03 1.845e+02 1.526e+02
s>            ( QUESTION0_1_R 1 1.262e+03 1.417e+02 7.154e+01
s>                ( QUESTION3 1 4.650e+02 6.359e+01 2.944e+01
s>                    ( - 2.135e+02 1 0)
s>                    ( - 1.879e+02 1 0))
s>                ( - 6.554e+02 1 0))
s>            ( - 1.299e+03 1 0)))INFO: dtree.c(1439): stop. leaf nodes are specific
INFO: dtree.c(1478): Final simple tree
|( SILENCE -1 1.806e+03 2.185e+02 1.100e+02
|    ( - 5.768e+02 1 0)
|    ( QUESTION8 -1 1.010e+03 1.296e+02 5.717e+01
|        ( - 3.449e+02 1 0)
|        ( QUESTION0_1_R 1 5.360e+02 7.805e+01 3.220e+01
|            ( - 2.357e+02 1 0)
|            ( - 2.222e+02 1 0))))
s>    ( SILENCE -1 1.806e+03 2.185e+02 1.100e+02
s>        ( - 5.768e+02 1 0)
s>        ( QUESTION8 -1 1.010e+03 1.296e+02 5.717e+01
s>            ( - 3.449e+02 1 0)
s>            ( QUESTION0_1_R 1 5.360e+02 7.805e+01 3.220e+01
s>                ( - 2.357e+02 1 0)
s>                ( - 2.222e+02 1 0))))INFO: dtree.c(1315): Comp split 4
INFO: dtree.c(1439): stop. leaf nodes are specific
INFO: dtree.c(1478): Final simple tree
|( WDBNDRY_B 0 6.636e+03 2.068e+02 3.969e+02
|    ( - 4.696e+03 2 0)
|    ( QUESTION0_3_R 1 1.733e+03 7.623e+01 1.129e+02
|        ( - 1.992e+02 1 0)
|        ( - 1.458e+03 1 0)))
s>    ( WDBNDRY_B 0 6.636e+03 2.068e+02 3.969e+02
s>        ( - 4.696e+03 2 0)
s>        ( QUESTION0_3_R 1 1.733e+03 7.623e+01 1.129e+02
s>            ( - 1.992e+02 1 0)
s>            ( - 1.458e+03 1 0)))INFO: dtree.c(1478): Final simple tree
|( QUESTION0 -1 5.451e+03 3.897e+02 3.017e+02
|    ( QUESTION3 1 2.205e+03 1.504e+02 1.382e+02
|        ( - 2.405e+02 1 0)
|        ( QUESTION0_4_R 1 1.814e+03 1.061e+02 1.202e+02
|            ( - 9.249e+02 1 0)
|            ( - 7.828e+02 2 0 WDBNDRY_B 0 6.693e+01 5.587e+01)))
|    ( QUESTION3 1 2.856e+03 1.898e+02 1.635e+02
|        ( QUESTION2_0_L -1 1.867e+03 1.099e+02 1.122e+02
|            ( WDBNDRY_B 0 1.466e+03 6.954e+01 9.226e+01
|                ( - 1.245e+03 1 0)
|                ( - 1.507e+02 1 0))
|            ( - 2.912e+02 1 0))
|        ( WDBNDRY_B 0 8.000e+02 7.243e+01 5.127e+01
|            ( - 5.103e+02 1 0)
|            ( - 2.172e+02 1 0))))
s>    ( QUESTION0 -1 5.451e+03 3.897e+02 3.017e+02
s>        ( QUESTION3 1 2.205e+03 1.504e+02 1.382e+02
s>            ( - 2.405e+02 1 0)
s>            ( QUESTION0_4_R 1 1.814e+03 1.061e+02 1.202e+02
s>                ( - 9.249e+02 1 0)
s>                ( - 7.828e+02 2 0 WDBNDRY_B 0 6.693e+01 5.587e+01)))
s>        ( QUESTION3 1 2.856e+03 1.898e+02 1.635e+02
s>            ( QUESTION2_0_L -1 1.867e+03 1.099e+02 1.122e+02
s>                ( WDBNDRY_B 0 1.466e+03 6.954e+01 9.226e+01
s>                    ( - 1.245e+03 1 0)
s>                    ( - 1.507e+02 1 0))
s>                ( - 2.912e+02 1 0))
s>            ( WDBNDRY_B 0 8.000e+02 7.243e+01 5.127e+01
s>                ( - 5.103e+02 1 0)
s>                ( - 2.172e+02 1 0))))INFO: dtree.c(1315): Comp split 5
INFO: dtree.c(1439): stop. leaf nodes are specific
INFO: dtree.c(1478): Final simple tree
|( QUESTION0_0_R 1 6.464e+03 2.827e+02 3.311e+02
|    ( QUESTION1 1 4.120e+03 1.968e+02 2.101e+02
|        ( QUESTION2_0_L -1 1.958e+03 1.418e+02 1.040e+02
|            ( - 1.173e+03 2 0)
|            ( - 6.434e+02 1 0))
|        ( WDBNDRY_B 0 1.965e+03 1.310e+02 1.061e+02
|            ( - 3.784e+02 1 0)
|            ( - 1.456e+03 2 0)))
|    ( - 2.061e+03 1 0))
s>    ( QUESTION0_0_R 1 6.464e+03 2.827e+02 3.311e+02
s>        ( QUESTION1 1 4.120e+03 1.968e+02 2.101e+02
s>            ( QUESTION2_0_L -1 1.958e+03 1.418e+02 1.040e+02
s>                ( - 1.173e+03 2 0)
s>                ( - 6.434e+02 1 0))
s>            ( WDBNDRY_B 0 1.965e+03 1.310e+02 1.061e+02
s>                ( - 3.784e+02 1 0)
s>                ( - 1.456e+03 2 0)))
s>        ( - 2.061e+03 1 0))INFO: dtree.c(1439): stop. leaf nodes are specific
INFO: dtree.c(1478): Final simple tree
|( WDBNDRY_B 0 8.463e+03 1.961e+02 4.749e+02
|    ( - 1.241e+03 1 0)
|    ( - 7.026e+03 1 0))
s>    ( WDBNDRY_B 0 8.463e+03 1.961e+02 4.749e+02
s>        ( - 1.241e+03 1 0)
s>        ( - 7.026e+03 1 0))INFO: dtree.c(1315): Comp split 6
INFO: dtree.c(1439): stop. leaf nodes are specific
INFO: dtree.c(1478): Final simple tree
|( QUESTION3 1 2.856e+03 1.898e+02 1.635e+02
|    ( QUESTION2_0_L -1 1.867e+03 1.099e+02 1.122e+02
|        ( WDBNDRY_B 0 1.466e+03 6.954e+01 9.226e+01
|            ( - 1.245e+03 1 0)
|            ( - 1.507e+02 1 0))
|        ( - 2.912e+02 1 0))
|    ( WDBNDRY_B 0 8.000e+02 7.243e+01 5.127e+01
|        ( - 5.103e+02 1 0)
|        ( - 2.172e+02 1 0)))
s>    ( QUESTION3 1 2.856e+03 1.898e+02 1.635e+02
s>        ( QUESTION2_0_L -1 1.867e+03 1.099e+02 1.122e+02
s>            ( WDBNDRY_B 0 1.466e+03 6.954e+01 9.226e+01
s>                ( - 1.245e+03 1 0)
s>                ( - 1.507e+02 1 0))
s>            ( - 2.912e+02 1 0))
s>        ( WDBNDRY_B 0 8.000e+02 7.243e+01 5.127e+01
s>            ( - 5.103e+02 1 0)
s>            ( - 2.172e+02 1 0)))INFO: dtree.c(1439): stop. leaf nodes are specific
INFO: dtree.c(1478): Final simple tree
|( QUESTION3 1 2.205e+03 1.504e+02 1.382e+02
|    ( - 2.405e+02 1 0)
|    ( QUESTION0_4_R 1 1.814e+03 1.061e+02 1.202e+02
|        ( - 9.249e+02 1 0)
|        ( WDBNDRY_B 0 7.828e+02 6.693e+01 5.587e+01
|            ( - 5.228e+02 1 0)
|            ( - 1.930e+02 1 0))))
s>    ( QUESTION3 1 2.205e+03 1.504e+02 1.382e+02
s>        ( - 2.405e+02 1 0)
s>        ( QUESTION0_4_R 1 1.814e+03 1.061e+02 1.202e+02
s>            ( - 9.249e+02 1 0)
s>            ( WDBNDRY_B 0 7.828e+02 6.693e+01 5.587e+01
s>                ( - 5.228e+02 1 0)
s>                ( - 1.930e+02 1 0))))INFO: dtree.c(1315): Comp split 7
INFO: dtree.c(1439): stop. leaf nodes are specific
INFO: dtree.c(1478): Final simple tree
|( QUESTION1 1 4.120e+03 1.968e+02 2.101e+02
|    ( QUESTION2_0_L -1 1.958e+03 1.418e+02 1.040e+02
|        ( - 1.173e+03 2 0)
|        ( - 6.434e+02 1 0))
|    ( WDBNDRY_B 0 1.965e+03 1.310e+02 1.061e+02
|        ( - 3.784e+02 1 0)
|        ( - 1.456e+03 2 0)))
s>    ( QUESTION1 1 4.120e+03 1.968e+02 2.101e+02
s>        ( QUESTION2_0_L -1 1.958e+03 1.418e+02 1.040e+02
s>            ( - 1.173e+03 2 0)
s>            ( - 6.434e+02 1 0))
s>        ( WDBNDRY_B 0 1.965e+03 1.310e+02 1.061e+02
s>            ( - 3.784e+02 1 0)
s>            ( - 1.456e+03 2 0)))INFO: dtree.c(1315): Comp split 8
INFO: dtree.c(1439): stop. leaf nodes are specific
INFO: dtree.c(1478): Final simple tree
|( QUESTION0_3_R 1 3.355e+03 1.584e+02 2.055e+02
|    ( - 2.541e+03 1 0)
|    ( - 6.554e+02 1 0))
s>    ( QUESTION0_3_R 1 3.355e+03 1.584e+02 2.055e+02
s>        ( - 2.541e+03 1 0)
s>        ( - 6.554e+02 1 0))INFO: dtree.c(1439): stop. leaf nodes are specific
INFO: dtree.c(1478): Final simple tree
|( WDBNDRY_B 0 2.339e+03 1.720e+02 1.325e+02
|    ( QUESTION0_1_R 1 8.677e+02 1.221e+02 5.144e+01
|        ( QUESTION3 1 4.650e+02 6.359e+01 2.944e+01
|            ( - 2.135e+02 1 0)
|            ( - 1.879e+02 1 0))
|        ( - 2.806e+02 1 0))
|    ( - 1.299e+03 1 0))
s>    ( WDBNDRY_B 0 2.339e+03 1.720e+02 1.325e+02
s>        ( QUESTION0_1_R 1 8.677e+02 1.221e+02 5.144e+01
s>            ( QUESTION3 1 4.650e+02 6.359e+01 2.944e+01
s>                ( - 2.135e+02 1 0)
s>                ( - 1.879e+02 1 0))
s>            ( - 2.806e+02 1 0))
s>        ( - 1.299e+03 1 0))INFO: dtree.c(1315): Comp split 9
INFO: dtree.c(1439): stop. leaf nodes are specific
INFO: dtree.c(1478): Final simple tree
|( QUESTION8 -1 1.010e+03 1.296e+02 5.717e+01
|    ( - 3.449e+02 1 0)
|    ( QUESTION0_1_R 1 5.360e+02 7.805e+01 3.220e+01
|        ( - 2.357e+02 1 0)
|        ( - 2.222e+02 1 0)))
s>    ( QUESTION8 -1 1.010e+03 1.296e+02 5.717e+01
s>        ( - 3.449e+02 1 0)
s>        ( QUESTION0_1_R 1 5.360e+02 7.805e+01 3.220e+01
s>            ( - 2.357e+02 1 0)
s>            ( - 2.222e+02 1 0)))INFO: dtree.c(1315): Comp split 10
INFO: dtree.c(1439): stop. leaf nodes are specific
INFO: dtree.c(1478): Final simple tree
|( QUESTION0_3_R 1 1.733e+03 7.623e+01 1.129e+02
|    ( - 1.992e+02 1 0)
|    ( - 1.458e+03 1 0))
s>    ( QUESTION0_3_R 1 1.733e+03 7.623e+01 1.129e+02
s>        ( - 1.992e+02 1 0)
s>        ( - 1.458e+03 1 0))INFO: dtree.c(1315): Comp split 11
INFO: dtree.c(1439): stop. leaf nodes are specific
INFO: dtree.c(1478): Final simple tree
|( WDBNDRY_B 0 1.965e+03 1.310e+02 1.061e+02
|    ( - 3.784e+02 1 0)
|    ( - 1.456e+03 2 0))
s>    ( WDBNDRY_B 0 1.965e+03 1.310e+02 1.061e+02
s>        ( - 3.784e+02 1 0)
s>        ( - 1.456e+03 2 0))INFO: dtree.c(1439): stop. leaf nodes are specific
INFO: dtree.c(1478): Final simple tree
|( QUESTION2_0_L -1 1.958e+03 1.418e+02 1.040e+02
|    ( - 1.173e+03 2 0)
|    ( - 6.434e+02 1 0))
s>    ( QUESTION2_0_L -1 1.958e+03 1.418e+02 1.040e+02
s>        ( - 1.173e+03 2 0)
s>        ( - 6.434e+02 1 0))INFO: dtree.c(1315): Comp split 12
INFO: dtree.c(1315): Comp split 13
INFO: dtree.c(1439): stop. leaf nodes are specific
INFO: dtree.c(1478): Final simple tree
|( WDBNDRY_B 0 1.466e+03 6.954e+01 9.226e+01
|    ( - 1.245e+03 1 0)
|    ( - 1.507e+02 1 0))
s>    ( WDBNDRY_B 0 1.466e+03 6.954e+01 9.226e+01
s>        ( - 1.245e+03 1 0)
s>        ( - 1.507e+02 1 0))INFO: dtree.c(1439): stop. leaf nodes are specific
INFO: dtree.c(1478): Final simple tree
|( QUESTION3 1 1.200e+03 1.093e+02 7.119e+01
|    ( - 2.912e+02 1 0)
|    ( WDBNDRY_B 0 8.000e+02 7.243e+01 5.127e+01
|        ( - 5.103e+02 1 0)
|        ( - 2.172e+02 1 0)))
s>    ( QUESTION3 1 1.200e+03 1.093e+02 7.119e+01
s>        ( - 2.912e+02 1 0)
s>        ( WDBNDRY_B 0 8.000e+02 7.243e+01 5.127e+01
s>            ( - 5.103e+02 1 0)
s>            ( - 2.172e+02 1 0)))INFO: dtree.c(1315): Comp split 14
INFO: dtree.c(1439): stop. leaf nodes are specific
INFO: dtree.c(1478): Final simple tree
|( QUESTION0_1_R 1 8.677e+02 1.221e+02 5.144e+01
|    ( QUESTION3 1 4.650e+02 6.359e+01 2.944e+01
|        ( - 2.135e+02 1 0)
|        ( - 1.879e+02 1 0))
|    ( - 2.806e+02 1 0))
s>    ( QUESTION0_1_R 1 8.677e+02 1.221e+02 5.144e+01
s>        ( QUESTION3 1 4.650e+02 6.359e+01 2.944e+01
s>            ( - 2.135e+02 1 0)
s>            ( - 1.879e+02 1 0))
s>        ( - 2.806e+02 1 0))INFO: dtree.c(1315): Comp split 15
INFO: dtree.c(1315): Comp split 16
INFO: dtree.c(1439): stop. leaf nodes are specific
INFO: dtree.c(1478): Final simple tree
|( QUESTION0_4_R 1 1.814e+03 1.061e+02 1.202e+02
|    ( - 9.249e+02 1 0)
|    ( WDBNDRY_B 0 7.828e+02 6.693e+01 5.587e+01
|        ( - 5.228e+02 1 0)
|        ( - 1.930e+02 1 0)))
s>    ( QUESTION0_4_R 1 1.814e+03 1.061e+02 1.202e+02
s>        ( - 9.249e+02 1 0)
s>        ( WDBNDRY_B 0 7.828e+02 6.693e+01 5.587e+01
s>            ( - 5.228e+02 1 0)
s>            ( - 1.930e+02 1 0)))INFO: dtree.c(1315): Comp split 17
INFO: dtree.c(1315): Comp split 18
INFO: dtree.c(1315): Comp split 19
INFO: dtree.c(1439): stop. leaf nodes are specific
INFO: dtree.c(1478): Final simple tree
|( QUESTION0_1_R 1 5.360e+02 7.805e+01 3.220e+01
|    ( - 2.357e+02 1 0)
|    ( - 2.222e+02 1 0))
s>    ( QUESTION0_1_R 1 5.360e+02 7.805e+01 3.220e+01
s>        ( - 2.357e+02 1 0)
s>        ( - 2.222e+02 1 0))INFO: dtree.c(1315): Comp split 20
INFO: dtree.c(1439): stop. leaf nodes are specific
INFO: dtree.c(1478): Final simple tree
|( QUESTION3 1 4.650e+02 6.359e+01 2.944e+01
|    ( - 2.135e+02 1 0)
|    ( - 1.879e+02 1 0))
s>    ( QUESTION3 1 4.650e+02 6.359e+01 2.944e+01
s>        ( - 2.135e+02 1 0)
s>        ( - 1.879e+02 1 0))INFO: dtree.c(1315): Comp split 21
INFO: dtree.c(1439): stop. leaf nodes are specific
INFO: dtree.c(1478): Final simple tree
|( WDBNDRY_B 0 8.000e+02 7.243e+01 5.127e+01
|    ( - 5.103e+02 1 0)
|    ( - 2.172e+02 1 0))
s>    ( WDBNDRY_B 0 8.000e+02 7.243e+01 5.127e+01
s>        ( - 5.103e+02 1 0)
s>        ( - 2.172e+02 1 0))INFO: dtree.c(1315): Comp split 22
INFO: dtree.c(1439): stop. leaf nodes are specific
INFO: dtree.c(1478): Final simple tree
|( WDBNDRY_B 0 7.828e+02 6.693e+01 5.587e+01
|    ( - 5.228e+02 1 0)
|    ( - 1.930e+02 1 0))
s>    ( WDBNDRY_B 0 7.828e+02 6.693e+01 5.587e+01
s>        ( - 5.228e+02 1 0)
s>        ( - 1.930e+02 1 0))INFO: dtree.c(1315): Comp split 23
INFO: dtree.c(1315): Comp split 24
INFO: dtree.c(1315): Comp split 25
INFO: dtree.c(1315): Comp split 26
INFO: dtree.c(1315): Comp split 27
INFO: dtree.c(1315): Comp split 28
INFO: dtree.c(1315): Comp split 29
INFO: dtree.c(1318): stop. leaf nodes are specific
Fri Dec  3 07:39:01 2021
