Current configuration:
[NAME]		[DEFLT]	[VALUE]
-allphones	no	no
-cntthresh	0.00001	1.000000e-05
-csplitmax	100	2000
-csplitmin	1	1
-csplitthr	8e-4	0.000000e+00
-example	no	no
-fullvar	no	no
-help		no	no
-meanfn			
-mixwfn			/home/azhar/Tubes_Speech/commandreminder/model_parameters/commandreminder.cd_ptm_untied/mixture_weights
-moddeffn		/home/azhar/Tubes_Speech/commandreminder/model_architecture/commandreminder.untied.mdef
-mwfloor	1e-4	1.000000e-08
-phone			P
-psetfn			/home/azhar/Tubes_Speech/commandreminder/model_architecture/commandreminder.tree_questions
-ssplitmax	5	7
-ssplitmin	1	1
-ssplitthr	8e-4	0.000000e+00
-state			2
-stwt			1.0,0.05,0.0,
-treefn			/home/azhar/Tubes_Speech/commandreminder/trees/commandreminder.unpruned/P-2.dtree
-ts2cbfn	.semi.	.semi.
-varfloor	0.00001	1.000000e-05
-varfn			

INFO: main.c(223): Reading: /home/azhar/Tubes_Speech/commandreminder/model_architecture/commandreminder.untied.mdef
INFO: model_def_io.c(573): Model definition info:
INFO: model_def_io.c(574): 1061 total models defined (31 base, 1030 tri)
INFO: model_def_io.c(575): 4244 total states
INFO: model_def_io.c(576): 3183 total tied states
INFO: model_def_io.c(577): 93 total tied CI states
INFO: model_def_io.c(578): 31 total tied transition matrices
INFO: model_def_io.c(579): 4 max state/model
INFO: model_def_io.c(580): 4 min state/model
INFO: main.c(242): Building trees for [P A A b] through [P U P i]
INFO: main.c(269): Covering states |[2337 2459]| == 123
INFO: main.c(275): Reading: /home/azhar/Tubes_Speech/commandreminder/model_parameters/commandreminder.cd_ptm_untied/mixture_weights
INFO: s3mixw_io.c(173): Read /home/azhar/Tubes_Speech/commandreminder/model_parameters/commandreminder.cd_ptm_untied/mixture_weights [123x4x64 array]
INFO: main.c(311): 41 of 41 models have observation count greater than 0.000010
INFO: main.c(95): nrm stwt: 0.000 0.048 0.952 
INFO: main.c(411): 41-class entropy: 6.670225e+04
INFO: main.c(549): Reading: /home/azhar/Tubes_Speech/commandreminder/model_architecture/commandreminder.tree_questions
INFO: main.c(588): 174 total simple questions (166 phone; 8 word bndry)
INFO: main.c(590): 40 Left Only questions, and 42 Right Only questions
INFO: dtree.c(1478): Final simple tree
|( QUESTION0_4_R 1 8.066e+04 5.306e+03 4.039e+03
|    ( WDBNDRY_B 0 5.302e+04 8.840e+02 2.944e+03
|        ( - 3.363e+04 12 0 QUESTION1 -1 2.791e+02 1.870e+03)
|        ( - 1.851e+04 4 0 QUESTION1 -1 2.057e+02 1.074e+03))
|    ( QUESTION2 1 2.234e+04 1.360e+03 1.096e+03
|        ( QUESTION3 1 5.654e+03 3.103e+02 3.431e+02
|            ( - 4.486e+02 2 0 QUESTION1 -1 7.579e+01 3.457e+01)
|            ( - 4.895e+03 7 0 QUESTION2_11_L -1 2.570e+02 3.085e+02))
|        ( WDBNDRY_B 0 1.532e+04 5.983e+02 7.525e+02
|            ( QUESTION2_6_L -1 1.281e+04 3.411e+02 6.510e+02
|                ( - 7.175e+03 5 0 QUESTION15 -1 2.334e+02 3.760e+02)
|                ( - 5.294e+03 7 0 QUESTION2_2_L -1 2.320e+02 2.750e+02))
|            ( QUESTION0_16_R 1 1.913e+03 2.942e+02 1.015e+02
|                ( - 7.213e+02 1 0)
|                ( - 8.973e+02 3 0 WDBNDRY_E 0 1.561e+02 5.191e+01)))))
s>    ( QUESTION0_4_R 1 8.066e+04 5.306e+03 4.039e+03
s>        ( WDBNDRY_B 0 5.302e+04 8.840e+02 2.944e+03
s>            ( - 3.363e+04 12 0 QUESTION1 -1 2.791e+02 1.870e+03)
s>            ( - 1.851e+04 4 0 QUESTION1 -1 2.057e+02 1.074e+03))
s>        ( QUESTION2 1 2.234e+04 1.360e+03 1.096e+03
s>            ( QUESTION3 1 5.654e+03 3.103e+02 3.431e+02
s>                ( - 4.486e+02 2 0 QUESTION1 -1 7.579e+01 3.457e+01)
s>                ( - 4.895e+03 7 0 QUESTION2_11_L -1 2.570e+02 3.085e+02))
s>            ( WDBNDRY_B 0 1.532e+04 5.983e+02 7.525e+02
s>                ( QUESTION2_6_L -1 1.281e+04 3.411e+02 6.510e+02
s>                    ( - 7.175e+03 5 0 QUESTION15 -1 2.334e+02 3.760e+02)
s>                    ( - 5.294e+03 7 0 QUESTION2_2_L -1 2.320e+02 2.750e+02))
s>                ( QUESTION0_16_R 1 1.913e+03 2.942e+02 1.015e+02
s>                    ( - 7.213e+02 1 0)
s>                    ( - 8.973e+02 3 0 WDBNDRY_E 0 1.561e+02 5.191e+01)))))INFO: dtree.c(1315): Comp split 0
INFO: dtree.c(1478): Final simple tree
|( QUESTION2 1 2.234e+04 1.360e+03 1.096e+03
|    ( QUESTION3 1 5.654e+03 3.103e+02 3.431e+02
|        ( - 4.486e+02 2 0 QUESTION1 -1 7.579e+01 3.457e+01)
|        ( QUESTION2_11_L -1 4.895e+03 2.570e+02 3.085e+02
|            ( - 2.201e+03 1 0)
|            ( - 2.437e+03 6 0 QUESTION0_1_R 1 1.822e+02 1.590e+02)))
|    ( WDBNDRY_B 0 1.532e+04 5.983e+02 7.525e+02
|        ( QUESTION2_6_L -1 1.281e+04 3.411e+02 6.510e+02
|            ( QUESTION15 -1 7.175e+03 2.334e+02 3.760e+02
|                ( - 5.385e+03 2 0 QUESTION0_0_R 1 1.454e+02 2.890e+02)
|                ( - 1.557e+03 3 0 QUESTION0 -1 1.664e+02 8.701e+01))
|            ( - 5.294e+03 7 0 QUESTION2_2_L -1 2.320e+02 2.750e+02))
|        ( QUESTION0_16_R 1 1.913e+03 2.942e+02 1.015e+02
|            ( - 7.213e+02 1 0)
|            ( - 8.973e+02 3 0 WDBNDRY_E 0 1.561e+02 5.191e+01))))
s>    ( QUESTION2 1 2.234e+04 1.360e+03 1.096e+03
s>        ( QUESTION3 1 5.654e+03 3.103e+02 3.431e+02
s>            ( - 4.486e+02 2 0 QUESTION1 -1 7.579e+01 3.457e+01)
s>            ( QUESTION2_11_L -1 4.895e+03 2.570e+02 3.085e+02
s>                ( - 2.201e+03 1 0)
s>                ( - 2.437e+03 6 0 QUESTION0_1_R 1 1.822e+02 1.590e+02)))
s>        ( WDBNDRY_B 0 1.532e+04 5.983e+02 7.525e+02
s>            ( QUESTION2_6_L -1 1.281e+04 3.411e+02 6.510e+02
s>                ( QUESTION15 -1 7.175e+03 2.334e+02 3.760e+02
s>                    ( - 5.385e+03 2 0 QUESTION0_0_R 1 1.454e+02 2.890e+02)
s>                    ( - 1.557e+03 3 0 QUESTION0 -1 1.664e+02 8.701e+01))
s>                ( - 5.294e+03 7 0 QUESTION2_2_L -1 2.320e+02 2.750e+02))
s>            ( QUESTION0_16_R 1 1.913e+03 2.942e+02 1.015e+02
s>                ( - 7.213e+02 1 0)
s>                ( - 8.973e+02 3 0 WDBNDRY_E 0 1.561e+02 5.191e+01))))INFO: dtree.c(1478): Final simple tree
|( WDBNDRY_B 0 5.302e+04 8.840e+02 2.944e+03
|    ( QUESTION1 -1 3.363e+04 2.791e+02 1.870e+03
|        ( - 1.037e+04 3 0 QUESTION2_0_L -1 1.182e+02 5.797e+02)
|        ( QUESTION7 -1 2.297e+04 2.156e+02 1.290e+03
|            ( - 2.777e+03 1 0)
|            ( QUESTION19 -1 1.998e+04 2.014e+02 1.127e+03
|                ( QUESTION2_0_L -1 9.380e+03 1.531e+02 5.335e+02
|                    ( - 4.533e+03 1 0)
|                    ( - 4.694e+03 2 0))
|                ( QUESTION15 -1 1.040e+04 1.639e+02 5.934e+02
|                    ( - 1.348e+03 1 0)
|                    ( - 8.888e+03 4 0 QUESTION14 -1 1.330e+02 5.110e+02)))))
|    ( QUESTION1 -1 1.851e+04 2.057e+02 1.074e+03
|        ( - 1.706e+04 2 0)
|        ( - 1.240e+03 2 0 QUESTION0 -1 9.783e+01 7.648e+01)))
s>    ( WDBNDRY_B 0 5.302e+04 8.840e+02 2.944e+03
s>        ( QUESTION1 -1 3.363e+04 2.791e+02 1.870e+03
s>            ( - 1.037e+04 3 0 QUESTION2_0_L -1 1.182e+02 5.797e+02)
s>            ( QUESTION7 -1 2.297e+04 2.156e+02 1.290e+03
s>                ( - 2.777e+03 1 0)
s>                ( QUESTION19 -1 1.998e+04 2.014e+02 1.127e+03
s>                    ( QUESTION2_0_L -1 9.380e+03 1.531e+02 5.335e+02
s>                        ( - 4.533e+03 1 0)
s>                        ( - 4.694e+03 2 0))
s>                    ( QUESTION15 -1 1.040e+04 1.639e+02 5.934e+02
s>                        ( - 1.348e+03 1 0)
s>                        ( - 8.888e+03 4 0 QUESTION14 -1 1.330e+02 5.110e+02)))))
s>        ( QUESTION1 -1 1.851e+04 2.057e+02 1.074e+03
s>            ( - 1.706e+04 2 0)
s>            ( - 1.240e+03 2 0 QUESTION0 -1 9.783e+01 7.648e+01)))INFO: dtree.c(1315): Comp split 1
INFO: dtree.c(1478): Final simple tree
|( QUESTION0_0_R 1 1.381e+04 4.029e+02 7.006e+02
|    ( QUESTION2_6_L -1 1.079e+04 2.928e+02 5.565e+02
|        ( QUESTION0 -1 6.217e+03 2.090e+02 3.300e+02
|            ( - 7.149e+02 1 0)
|            ( - 5.293e+03 2 0 QUESTION6 -1 1.112e+02 2.854e+02))
|        ( QUESTION2_2_L -1 4.277e+03 1.891e+02 2.265e+02
|            ( - 2.799e+03 1 0)
|            ( QUESTION6 -1 1.289e+03 1.255e+02 7.064e+01
|                ( - 5.876e+02 2 0 QUESTION7 -1 8.972e+01 3.596e+01)
|                ( - 5.763e+02 2 0 QUESTION0 -1 7.978e+01 3.468e+01))))
|    ( WDBNDRY_B 0 2.619e+03 1.875e+02 1.441e+02
|        ( QUESTION2_3_L -1 1.710e+03 1.601e+02 9.449e+01
|            ( - 4.226e+02 1 0)
|            ( - 1.128e+03 3 0 QUESTION0 -1 1.060e+02 6.595e+01))
|        ( - 7.213e+02 1 0)))
s>    ( QUESTION0_0_R 1 1.381e+04 4.029e+02 7.006e+02
s>        ( QUESTION2_6_L -1 1.079e+04 2.928e+02 5.565e+02
s>            ( QUESTION0 -1 6.217e+03 2.090e+02 3.300e+02
s>                ( - 7.149e+02 1 0)
s>                ( - 5.293e+03 2 0 QUESTION6 -1 1.112e+02 2.854e+02))
s>            ( QUESTION2_2_L -1 4.277e+03 1.891e+02 2.265e+02
s>                ( - 2.799e+03 1 0)
s>                ( QUESTION6 -1 1.289e+03 1.255e+02 7.064e+01
s>                    ( - 5.876e+02 2 0 QUESTION7 -1 8.972e+01 3.596e+01)
s>                    ( - 5.763e+02 2 0 QUESTION0 -1 7.978e+01 3.468e+01))))
s>        ( WDBNDRY_B 0 2.619e+03 1.875e+02 1.441e+02
s>            ( QUESTION2_3_L -1 1.710e+03 1.601e+02 9.449e+01
s>                ( - 4.226e+02 1 0)
s>                ( - 1.128e+03 3 0 QUESTION0 -1 1.060e+02 6.595e+01))
s>            ( - 7.213e+02 1 0)))INFO: dtree.c(1478): Final simple tree
|( QUESTION4 1 6.975e+03 5.131e+02 3.950e+02
|    ( QUESTION2_11_L -1 4.895e+03 2.570e+02 3.085e+02
|        ( - 2.201e+03 1 0)
|        ( QUESTION0_1_R 1 2.437e+03 1.822e+02 1.590e+02
|            ( - 8.083e+02 2 0 WDBNDRY_B 0 8.313e+01 6.105e+01)
|            ( QUESTION1 -1 1.447e+03 1.257e+02 9.793e+01
|                ( - 5.112e+02 1 0)
|                ( - 8.099e+02 3 0 QUESTION6 -1 7.952e+01 6.065e+01))))
|    ( QUESTION0_7_R 1 1.567e+03 2.383e+02 8.648e+01
|        ( QUESTION1 -1 4.599e+02 9.010e+01 2.987e+01
|            ( - 1.770e+02 1 0)
|            ( - 1.928e+02 1 0))
|        ( WDBNDRY_E 0 8.689e+02 1.390e+02 5.661e+01
|            ( - 2.813e+02 1 0)
|            ( - 4.486e+02 2 0 QUESTION1 -1 7.579e+01 3.457e+01))))
s>    ( QUESTION4 1 6.975e+03 5.131e+02 3.950e+02
s>        ( QUESTION2_11_L -1 4.895e+03 2.570e+02 3.085e+02
s>            ( - 2.201e+03 1 0)
s>            ( QUESTION0_1_R 1 2.437e+03 1.822e+02 1.590e+02
s>                ( - 8.083e+02 2 0 WDBNDRY_B 0 8.313e+01 6.105e+01)
s>                ( QUESTION1 -1 1.447e+03 1.257e+02 9.793e+01
s>                    ( - 5.112e+02 1 0)
s>                    ( - 8.099e+02 3 0 QUESTION6 -1 7.952e+01 6.065e+01))))
s>        ( QUESTION0_7_R 1 1.567e+03 2.383e+02 8.648e+01
s>            ( QUESTION1 -1 4.599e+02 9.010e+01 2.987e+01
s>                ( - 1.770e+02 1 0)
s>                ( - 1.928e+02 1 0))
s>            ( WDBNDRY_E 0 8.689e+02 1.390e+02 5.661e+01
s>                ( - 2.813e+02 1 0)
s>                ( - 4.486e+02 2 0 QUESTION1 -1 7.579e+01 3.457e+01))))INFO: dtree.c(1315): Comp split 2
INFO: dtree.c(1478): Final simple tree
|( QUESTION19 -1 3.500e+04 2.851e+02 1.946e+03
|    ( QUESTION2_0_L -1 1.010e+04 1.579e+02 5.740e+02
|        ( - 4.533e+03 1 0)
|        ( - 5.409e+03 3 0 WDBNDRY_B 0 1.008e+02 3.146e+02))
|    ( QUESTION2_2_L -1 2.462e+04 2.187e+02 1.372e+03
|        ( - 8.255e+03 2 0)
|        ( QUESTION7 -1 1.614e+04 2.089e+02 9.092e+02
|            ( - 2.777e+03 1 0)
|            ( QUESTION15 -1 1.316e+04 1.661e+02 7.460e+02
|                ( - 1.348e+03 1 0)
|                ( QUESTION2 -1 1.164e+04 1.440e+02 6.636e+02
|                    ( - 4.259e+03 2 0 WDBNDRY_B 0 1.015e+02 2.495e+02)
|                    ( QUESTION2_6_L -1 7.239e+03 1.297e+02 4.140e+02
|                        ( - 1.277e+03 1 0)
|                        ( - 5.832e+03 3 0 QUESTION10 -1 1.103e+02 3.354e+02)))))))
s>    ( QUESTION19 -1 3.500e+04 2.851e+02 1.946e+03
s>        ( QUESTION2_0_L -1 1.010e+04 1.579e+02 5.740e+02
s>            ( - 4.533e+03 1 0)
s>            ( - 5.409e+03 3 0 WDBNDRY_B 0 1.008e+02 3.146e+02))
s>        ( QUESTION2_2_L -1 2.462e+04 2.187e+02 1.372e+03
s>            ( - 8.255e+03 2 0)
s>            ( QUESTION7 -1 1.614e+04 2.089e+02 9.092e+02
s>                ( - 2.777e+03 1 0)
s>                ( QUESTION15 -1 1.316e+04 1.661e+02 7.460e+02
s>                    ( - 1.348e+03 1 0)
s>                    ( QUESTION2 -1 1.164e+04 1.440e+02 6.636e+02
s>                        ( - 4.259e+03 2 0 WDBNDRY_B 0 1.015e+02 2.495e+02)
s>                        ( QUESTION2_6_L -1 7.239e+03 1.297e+02 4.140e+02
s>                            ( - 1.277e+03 1 0)
s>                            ( - 5.832e+03 3 0 QUESTION10 -1 1.103e+02 3.354e+02)))))))INFO: dtree.c(1315): Comp split 3
INFO: dtree.c(1439): stop. leaf nodes are specific
INFO: dtree.c(1478): Final simple tree
|( QUESTION0_7_R 1 1.567e+03 2.383e+02 8.648e+01
|    ( QUESTION1 -1 4.599e+02 9.010e+01 2.987e+01
|        ( - 1.770e+02 1 0)
|        ( - 1.928e+02 1 0))
|    ( WDBNDRY_E 0 8.689e+02 1.390e+02 5.661e+01
|        ( - 2.813e+02 1 0)
|        ( QUESTION1 -1 4.486e+02 7.579e+01 3.457e+01
|            ( - 1.828e+02 1 0)
|            ( - 1.900e+02 1 0))))
s>    ( QUESTION0_7_R 1 1.567e+03 2.383e+02 8.648e+01
s>        ( QUESTION1 -1 4.599e+02 9.010e+01 2.987e+01
s>            ( - 1.770e+02 1 0)
s>            ( - 1.928e+02 1 0))
s>        ( WDBNDRY_E 0 8.689e+02 1.390e+02 5.661e+01
s>            ( - 2.813e+02 1 0)
s>            ( QUESTION1 -1 4.486e+02 7.579e+01 3.457e+01
s>                ( - 1.828e+02 1 0)
s>                ( - 1.900e+02 1 0))))INFO: dtree.c(1439): stop. leaf nodes are specific
INFO: dtree.c(1478): Final simple tree
|( QUESTION2_11_L -1 4.895e+03 2.570e+02 3.085e+02
|    ( - 2.201e+03 1 0)
|    ( QUESTION0_1_R 1 2.437e+03 1.822e+02 1.590e+02
|        ( WDBNDRY_B 0 8.083e+02 8.313e+01 6.105e+01
|            ( - 4.977e+02 1 0)
|            ( - 2.275e+02 1 0))
|        ( QUESTION1 -1 1.447e+03 1.257e+02 9.793e+01
|            ( - 5.112e+02 1 0)
|            ( QUESTION6 -1 8.099e+02 7.952e+01 6.065e+01
|                ( - 2.024e+02 1 0)
|                ( WDBNDRY_B 0 5.279e+02 5.966e+01 4.067e+01
|                    ( - 2.651e+02 1 0)
|                    ( - 2.032e+02 1 0))))))
s>    ( QUESTION2_11_L -1 4.895e+03 2.570e+02 3.085e+02
s>        ( - 2.201e+03 1 0)
s>        ( QUESTION0_1_R 1 2.437e+03 1.822e+02 1.590e+02
s>            ( WDBNDRY_B 0 8.083e+02 8.313e+01 6.105e+01
s>                ( - 4.977e+02 1 0)
s>                ( - 2.275e+02 1 0))
s>            ( QUESTION1 -1 1.447e+03 1.257e+02 9.793e+01
s>                ( - 5.112e+02 1 0)
s>                ( QUESTION6 -1 8.099e+02 7.952e+01 6.065e+01
s>                    ( - 2.024e+02 1 0)
s>                    ( WDBNDRY_B 0 5.279e+02 5.966e+01 4.067e+01
s>                        ( - 2.651e+02 1 0)
s>                        ( - 2.032e+02 1 0))))))INFO: dtree.c(1315): Comp split 4
INFO: dtree.c(1478): Final simple tree
|( QUESTION2_6_L -1 1.079e+04 2.928e+02 5.565e+02
|    ( QUESTION0 -1 6.217e+03 2.090e+02 3.300e+02
|        ( - 7.149e+02 1 0)
|        ( QUESTION6 -1 5.293e+03 1.112e+02 2.854e+02
|            ( - 2.511e+02 1 0)
|            ( - 4.930e+03 1 0)))
|    ( QUESTION2_2_L -1 4.277e+03 1.891e+02 2.265e+02
|        ( - 2.799e+03 1 0)
|        ( QUESTION6 -1 1.289e+03 1.255e+02 7.064e+01
|            ( QUESTION7 -1 5.876e+02 8.972e+01 3.596e+01
|                ( - 2.766e+02 1 0)
|                ( - 2.213e+02 1 0))
|            ( QUESTION0 -1 5.763e+02 7.978e+01 3.468e+01
|                ( - 1.954e+02 1 0)
|                ( - 3.012e+02 1 0)))))
s>    ( QUESTION2_6_L -1 1.079e+04 2.928e+02 5.565e+02
s>        ( QUESTION0 -1 6.217e+03 2.090e+02 3.300e+02
s>            ( - 7.149e+02 1 0)
s>            ( QUESTION6 -1 5.293e+03 1.112e+02 2.854e+02
s>                ( - 2.511e+02 1 0)
s>                ( - 4.930e+03 1 0)))
s>        ( QUESTION2_2_L -1 4.277e+03 1.891e+02 2.265e+02
s>            ( - 2.799e+03 1 0)
s>            ( QUESTION6 -1 1.289e+03 1.255e+02 7.064e+01
s>                ( QUESTION7 -1 5.876e+02 8.972e+01 3.596e+01
s>                    ( - 2.766e+02 1 0)
s>                    ( - 2.213e+02 1 0))
s>                ( QUESTION0 -1 5.763e+02 7.978e+01 3.468e+01
s>                    ( - 1.954e+02 1 0)
s>                    ( - 3.012e+02 1 0)))))INFO: dtree.c(1439): stop. leaf nodes are specific
INFO: dtree.c(1478): Final simple tree
|( WDBNDRY_B 0 2.619e+03 1.875e+02 1.441e+02
|    ( QUESTION2_3_L -1 1.710e+03 1.601e+02 9.449e+01
|        ( - 4.226e+02 1 0)
|        ( QUESTION0 -1 1.128e+03 1.060e+02 6.595e+01
|            ( - 2.837e+02 1 0)
|            ( QUESTION6 -1 7.380e+02 8.234e+01 4.595e+01
|                ( - 3.461e+02 1 0)
|                ( - 3.096e+02 1 0))))
|    ( - 7.213e+02 1 0))
s>    ( WDBNDRY_B 0 2.619e+03 1.875e+02 1.441e+02
s>        ( QUESTION2_3_L -1 1.710e+03 1.601e+02 9.449e+01
s>            ( - 4.226e+02 1 0)
s>            ( QUESTION0 -1 1.128e+03 1.060e+02 6.595e+01
s>                ( - 2.837e+02 1 0)
s>                ( QUESTION6 -1 7.380e+02 8.234e+01 4.595e+01
s>                    ( - 3.461e+02 1 0)
s>                    ( - 3.096e+02 1 0))))
s>        ( - 7.213e+02 1 0))INFO: dtree.c(1315): Comp split 5
INFO: dtree.c(1439): stop. leaf nodes are specific
INFO: dtree.c(1478): Final simple tree
|( QUESTION7 -1 1.262e+04 1.995e+02 7.049e+02
|    ( - 2.777e+03 1 0)
|    ( QUESTION0 -1 9.647e+03 1.153e+02 5.417e+02
|        ( - 8.255e+03 2 0)
|        ( - 1.277e+03 1 0)))
s>    ( QUESTION7 -1 1.262e+04 1.995e+02 7.049e+02
s>        ( - 2.777e+03 1 0)
s>        ( QUESTION0 -1 9.647e+03 1.153e+02 5.417e+02
s>            ( - 8.255e+03 2 0)
s>            ( - 1.277e+03 1 0)))INFO: dtree.c(1478): Final simple tree
|( QUESTION19 -1 2.206e+04 2.206e+02 1.241e+03
|    ( QUESTION2_0_L -1 1.010e+04 1.579e+02 5.740e+02
|        ( - 4.533e+03 1 0)
|        ( WDBNDRY_B 0 5.409e+03 1.008e+02 3.146e+02
|            ( - 4.694e+03 2 0)
|            ( - 6.138e+02 1 0)))
|    ( QUESTION15 -1 1.174e+04 1.677e+02 6.674e+02
|        ( - 1.348e+03 1 0)
|        ( QUESTION2 -1 1.023e+04 1.365e+02 5.850e+02
|            ( WDBNDRY_B 0 4.259e+03 1.015e+02 2.495e+02
|                ( - 3.629e+03 1 0)
|                ( - 5.286e+02 1 0))
|            ( QUESTION10 -1 5.832e+03 1.103e+02 3.354e+02
|                ( - 1.236e+03 1 0)
|                ( - 4.486e+03 2 0 QUESTION0 -1 8.965e+01 2.595e+02)))))
s>    ( QUESTION19 -1 2.206e+04 2.206e+02 1.241e+03
s>        ( QUESTION2_0_L -1 1.010e+04 1.579e+02 5.740e+02
s>            ( - 4.533e+03 1 0)
s>            ( WDBNDRY_B 0 5.409e+03 1.008e+02 3.146e+02
s>                ( - 4.694e+03 2 0)
s>                ( - 6.138e+02 1 0)))
s>        ( QUESTION15 -1 1.174e+04 1.677e+02 6.674e+02
s>            ( - 1.348e+03 1 0)
s>            ( QUESTION2 -1 1.023e+04 1.365e+02 5.850e+02
s>                ( WDBNDRY_B 0 4.259e+03 1.015e+02 2.495e+02
s>                    ( - 3.629e+03 1 0)
s>                    ( - 5.286e+02 1 0))
s>                ( QUESTION10 -1 5.832e+03 1.103e+02 3.354e+02
s>                    ( - 1.236e+03 1 0)
s>                    ( - 4.486e+03 2 0 QUESTION0 -1 8.965e+01 2.595e+02)))))INFO: dtree.c(1315): Comp split 6
INFO: dtree.c(1439): stop. leaf nodes are specific
INFO: dtree.c(1478): Final simple tree
|( QUESTION15 -1 6.605e+03 2.110e+02 3.500e+02
|    ( - 4.930e+03 1 0)
|    ( QUESTION0 -1 1.464e+03 1.437e+02 8.257e+01
|        ( - 7.149e+02 1 0)
|        ( QUESTION7 -1 6.049e+02 7.723e+01 3.795e+01
|            ( - 2.766e+02 1 0)
|            ( - 2.511e+02 1 0))))
s>    ( QUESTION15 -1 6.605e+03 2.110e+02 3.500e+02
s>        ( - 4.930e+03 1 0)
s>        ( QUESTION0 -1 1.464e+03 1.437e+02 8.257e+01
s>            ( - 7.149e+02 1 0)
s>            ( QUESTION7 -1 6.049e+02 7.723e+01 3.795e+01
s>                ( - 2.766e+02 1 0)
s>                ( - 2.511e+02 1 0))))INFO: dtree.c(1439): stop. leaf nodes are specific
INFO: dtree.c(1478): Final simple tree
|( QUESTION2_2_L -1 3.879e+03 1.894e+02 2.065e+02
|    ( - 2.799e+03 1 0)
|    ( QUESTION15 -1 8.910e+02 9.940e+01 5.068e+01
|        ( - 3.012e+02 1 0)
|        ( QUESTION0 -1 4.904e+02 7.379e+01 2.991e+01
|            ( - 1.954e+02 1 0)
|            ( - 2.213e+02 1 0))))
s>    ( QUESTION2_2_L -1 3.879e+03 1.894e+02 2.065e+02
s>        ( - 2.799e+03 1 0)
s>        ( QUESTION15 -1 8.910e+02 9.940e+01 5.068e+01
s>            ( - 3.012e+02 1 0)
s>            ( QUESTION0 -1 4.904e+02 7.379e+01 2.991e+01
s>                ( - 1.954e+02 1 0)
s>                ( - 2.213e+02 1 0))))INFO: dtree.c(1315): Comp split 7
INFO: dtree.c(1439): stop. leaf nodes are specific
INFO: dtree.c(1478): Final simple tree
|( QUESTION0_1_R 1 2.437e+03 1.822e+02 1.590e+02
|    ( WDBNDRY_B 0 8.083e+02 8.313e+01 6.105e+01
|        ( - 4.977e+02 1 0)
|        ( - 2.275e+02 1 0))
|    ( QUESTION1 -1 1.447e+03 1.257e+02 9.793e+01
|        ( - 5.112e+02 1 0)
|        ( QUESTION6 -1 8.099e+02 7.952e+01 6.065e+01
|            ( - 2.024e+02 1 0)
|            ( WDBNDRY_B 0 5.279e+02 5.966e+01 4.067e+01
|                ( - 2.651e+02 1 0)
|                ( - 2.032e+02 1 0)))))
s>    ( QUESTION0_1_R 1 2.437e+03 1.822e+02 1.590e+02
s>        ( WDBNDRY_B 0 8.083e+02 8.313e+01 6.105e+01
s>            ( - 4.977e+02 1 0)
s>            ( - 2.275e+02 1 0))
s>        ( QUESTION1 -1 1.447e+03 1.257e+02 9.793e+01
s>            ( - 5.112e+02 1 0)
s>            ( QUESTION6 -1 8.099e+02 7.952e+01 6.065e+01
s>                ( - 2.024e+02 1 0)
s>                ( WDBNDRY_B 0 5.279e+02 5.966e+01 4.067e+01
s>                    ( - 2.651e+02 1 0)
s>                    ( - 2.032e+02 1 0)))))INFO: dtree.c(1315): Comp split 8
INFO: dtree.c(1439): stop. leaf nodes are specific
INFO: dtree.c(1478): Final simple tree
|( WDBNDRY_E 0 8.689e+02 1.390e+02 5.661e+01
|    ( - 2.813e+02 1 0)
|    ( QUESTION1 -1 4.486e+02 7.579e+01 3.457e+01
|        ( - 1.828e+02 1 0)
|        ( - 1.900e+02 1 0)))
s>    ( WDBNDRY_E 0 8.689e+02 1.390e+02 5.661e+01
s>        ( - 2.813e+02 1 0)
s>        ( QUESTION1 -1 4.486e+02 7.579e+01 3.457e+01
s>            ( - 1.828e+02 1 0)
s>            ( - 1.900e+02 1 0)))INFO: dtree.c(1439): stop. leaf nodes are specific
INFO: dtree.c(1478): Final simple tree
|( QUESTION1 -1 4.599e+02 9.010e+01 2.987e+01
|    ( - 1.770e+02 1 0)
|    ( - 1.928e+02 1 0))
s>    ( QUESTION1 -1 4.599e+02 9.010e+01 2.987e+01
s>        ( - 1.770e+02 1 0)
s>        ( - 1.928e+02 1 0))INFO: dtree.c(1315): Comp split 9
INFO: dtree.c(1439): stop. leaf nodes are specific
INFO: dtree.c(1478): Final simple tree
|( QUESTION2_0_L -1 1.074e+04 1.678e+02 6.100e+02
|    ( WDBNDRY_B 0 5.164e+03 1.016e+02 2.954e+02
|        ( - 4.533e+03 1 0)
|        ( - 5.286e+02 1 0))
|    ( WDBNDRY_B 0 5.409e+03 1.008e+02 3.146e+02
|        ( - 4.694e+03 2 0)
|        ( - 6.138e+02 1 0)))
s>    ( QUESTION2_0_L -1 1.074e+04 1.678e+02 6.100e+02
s>        ( WDBNDRY_B 0 5.164e+03 1.016e+02 2.954e+02
s>            ( - 4.533e+03 1 0)
s>            ( - 5.286e+02 1 0))
s>        ( WDBNDRY_B 0 5.409e+03 1.008e+02 3.146e+02
s>            ( - 4.694e+03 2 0)
s>            ( - 6.138e+02 1 0)))INFO: dtree.c(1439): stop. leaf nodes are specific
INFO: dtree.c(1478): Final simple tree
|( QUESTION15 -1 1.110e+04 1.646e+02 6.314e+02
|    ( - 1.348e+03 1 0)
|    ( QUESTION2 -1 9.589e+03 1.280e+02 5.489e+02
|        ( - 3.629e+03 1 0)
|        ( QUESTION10 -1 5.832e+03 1.103e+02 3.354e+02
|            ( - 1.236e+03 1 0)
|            ( QUESTION0 -1 4.486e+03 8.965e+01 2.595e+02
|                ( - 1.999e+03 1 0)
|                ( - 2.397e+03 1 0)))))
s>    ( QUESTION15 -1 1.110e+04 1.646e+02 6.314e+02
s>        ( - 1.348e+03 1 0)
s>        ( QUESTION2 -1 9.589e+03 1.280e+02 5.489e+02
s>            ( - 3.629e+03 1 0)
s>            ( QUESTION10 -1 5.832e+03 1.103e+02 3.354e+02
s>                ( - 1.236e+03 1 0)
s>                ( QUESTION0 -1 4.486e+03 8.965e+01 2.595e+02
s>                    ( - 1.999e+03 1 0)
s>                    ( - 2.397e+03 1 0)))))INFO: dtree.c(1315): Comp split 10
INFO: dtree.c(1439): stop. leaf nodes are specific
INFO: dtree.c(1478): Final simple tree
|( QUESTION0 -1 1.094e+03 1.024e+02 6.458e+01
|    ( - 7.149e+02 1 0)
|    ( - 2.766e+02 1 0))
s>    ( QUESTION0 -1 1.094e+03 1.024e+02 6.458e+01
s>        ( - 7.149e+02 1 0)
s>        ( - 2.766e+02 1 0))INFO: dtree.c(1439): stop. leaf nodes are specific
INFO: dtree.c(1478): Final simple tree
|( QUESTION6 -1 5.293e+03 1.112e+02 2.854e+02
|    ( - 2.511e+02 1 0)
|    ( - 4.930e+03 1 0))
s>    ( QUESTION6 -1 5.293e+03 1.112e+02 2.854e+02
s>        ( - 2.511e+02 1 0)
s>        ( - 4.930e+03 1 0))INFO: dtree.c(1315): Comp split 11
INFO: dtree.c(1439): stop. leaf nodes are specific
INFO: dtree.c(1478): Final simple tree
|( QUESTION0 -1 9.647e+03 1.153e+02 5.417e+02
|    ( - 8.255e+03 2 0)
|    ( - 1.277e+03 1 0))
s>    ( QUESTION0 -1 9.647e+03 1.153e+02 5.417e+02
s>        ( - 8.255e+03 2 0)
s>        ( - 1.277e+03 1 0))INFO: dtree.c(1315): Comp split 12
INFO: dtree.c(1439): stop. leaf nodes are specific
INFO: dtree.c(1478): Final simple tree
|( QUESTION15 -1 8.910e+02 9.940e+01 5.068e+01
|    ( - 3.012e+02 1 0)
|    ( QUESTION0 -1 4.904e+02 7.379e+01 2.991e+01
|        ( - 1.954e+02 1 0)
|        ( - 2.213e+02 1 0)))
s>    ( QUESTION15 -1 8.910e+02 9.940e+01 5.068e+01
s>        ( - 3.012e+02 1 0)
s>        ( QUESTION0 -1 4.904e+02 7.379e+01 2.991e+01
s>            ( - 1.954e+02 1 0)
s>            ( - 2.213e+02 1 0)))INFO: dtree.c(1315): Comp split 13
INFO: dtree.c(1439): stop. leaf nodes are specific
INFO: dtree.c(1478): Final simple tree
|( QUESTION2_3_L -1 1.710e+03 1.601e+02 9.449e+01
|    ( - 4.226e+02 1 0)
|    ( QUESTION0 -1 1.128e+03 1.060e+02 6.595e+01
|        ( - 2.837e+02 1 0)
|        ( QUESTION6 -1 7.380e+02 8.234e+01 4.595e+01
|            ( - 3.461e+02 1 0)
|            ( - 3.096e+02 1 0))))
s>    ( QUESTION2_3_L -1 1.710e+03 1.601e+02 9.449e+01
s>        ( - 4.226e+02 1 0)
s>        ( QUESTION0 -1 1.128e+03 1.060e+02 6.595e+01
s>            ( - 2.837e+02 1 0)
s>            ( QUESTION6 -1 7.380e+02 8.234e+01 4.595e+01
s>                ( - 3.461e+02 1 0)
s>                ( - 3.096e+02 1 0))))INFO: dtree.c(1315): Comp split 14
INFO: dtree.c(1439): stop. leaf nodes are specific
INFO: dtree.c(1478): Final simple tree
|( QUESTION1 -1 1.447e+03 1.257e+02 9.793e+01
|    ( - 5.112e+02 1 0)
|    ( QUESTION6 -1 8.099e+02 7.952e+01 6.065e+01
|        ( - 2.024e+02 1 0)
|        ( WDBNDRY_B 0 5.279e+02 5.966e+01 4.067e+01
|            ( - 2.651e+02 1 0)
|            ( - 2.032e+02 1 0))))
s>    ( QUESTION1 -1 1.447e+03 1.257e+02 9.793e+01
s>        ( - 5.112e+02 1 0)
s>        ( QUESTION6 -1 8.099e+02 7.952e+01 6.065e+01
s>            ( - 2.024e+02 1 0)
s>            ( WDBNDRY_B 0 5.279e+02 5.966e+01 4.067e+01
s>                ( - 2.651e+02 1 0)
s>                ( - 2.032e+02 1 0))))INFO: dtree.c(1439): stop. leaf nodes are specific
INFO: dtree.c(1478): Final simple tree
|( WDBNDRY_B 0 8.083e+02 8.313e+01 6.105e+01
|    ( - 4.977e+02 1 0)
|    ( - 2.275e+02 1 0))
s>    ( WDBNDRY_B 0 8.083e+02 8.313e+01 6.105e+01
s>        ( - 4.977e+02 1 0)
s>        ( - 2.275e+02 1 0))INFO: dtree.c(1315): Comp split 15
INFO: dtree.c(1439): stop. leaf nodes are specific
INFO: dtree.c(1478): Final simple tree
|( WDBNDRY_B 0 5.409e+03 1.008e+02 3.146e+02
|    ( - 4.694e+03 2 0)
|    ( - 6.138e+02 1 0))
s>    ( WDBNDRY_B 0 5.409e+03 1.008e+02 3.146e+02
s>        ( - 4.694e+03 2 0)
s>        ( - 6.138e+02 1 0))INFO: dtree.c(1439): stop. leaf nodes are specific
INFO: dtree.c(1478): Final simple tree
|( WDBNDRY_B 0 5.164e+03 1.016e+02 2.954e+02
|    ( - 4.533e+03 1 0)
|    ( - 5.286e+02 1 0))
s>    ( WDBNDRY_B 0 5.164e+03 1.016e+02 2.954e+02
s>        ( - 4.533e+03 1 0)
s>        ( - 5.286e+02 1 0))INFO: dtree.c(1315): Comp split 16
INFO: dtree.c(1439): stop. leaf nodes are specific
INFO: dtree.c(1478): Final simple tree
|( QUESTION2 -1 9.589e+03 1.280e+02 5.489e+02
|    ( - 3.629e+03 1 0)
|    ( QUESTION10 -1 5.832e+03 1.103e+02 3.354e+02
|        ( - 1.236e+03 1 0)
|        ( QUESTION0 -1 4.486e+03 8.965e+01 2.595e+02
|            ( - 1.999e+03 1 0)
|            ( - 2.397e+03 1 0))))
s>    ( QUESTION2 -1 9.589e+03 1.280e+02 5.489e+02
s>        ( - 3.629e+03 1 0)
s>        ( QUESTION10 -1 5.832e+03 1.103e+02 3.354e+02
s>            ( - 1.236e+03 1 0)
s>            ( QUESTION0 -1 4.486e+03 8.965e+01 2.595e+02
s>                ( - 1.999e+03 1 0)
s>                ( - 2.397e+03 1 0))))INFO: dtree.c(1315): Comp split 17
INFO: dtree.c(1439): stop. leaf nodes are specific
INFO: dtree.c(1478): Final simple tree
|( QUESTION0 -1 1.128e+03 1.060e+02 6.595e+01
|    ( - 2.837e+02 1 0)
|    ( QUESTION6 -1 7.380e+02 8.234e+01 4.595e+01
|        ( - 3.461e+02 1 0)
|        ( - 3.096e+02 1 0)))
s>    ( QUESTION0 -1 1.128e+03 1.060e+02 6.595e+01
s>        ( - 2.837e+02 1 0)
s>        ( QUESTION6 -1 7.380e+02 8.234e+01 4.595e+01
s>            ( - 3.461e+02 1 0)
s>            ( - 3.096e+02 1 0)))INFO: dtree.c(1315): Comp split 18
INFO: dtree.c(1439): stop. leaf nodes are specific
INFO: dtree.c(1478): Final simple tree
|( QUESTION1 -1 4.486e+02 7.579e+01 3.457e+01
|    ( - 1.828e+02 1 0)
|    ( - 1.900e+02 1 0))
s>    ( QUESTION1 -1 4.486e+02 7.579e+01 3.457e+01
s>        ( - 1.828e+02 1 0)
s>        ( - 1.900e+02 1 0))INFO: dtree.c(1315): Comp split 19
INFO: dtree.c(1439): stop. leaf nodes are specific
INFO: dtree.c(1478): Final simple tree
|( QUESTION0 -1 4.486e+03 8.965e+01 2.595e+02
|    ( - 1.999e+03 1 0)
|    ( - 2.397e+03 1 0))
s>    ( QUESTION0 -1 4.486e+03 8.965e+01 2.595e+02
s>        ( - 1.999e+03 1 0)
s>        ( - 2.397e+03 1 0))INFO: dtree.c(1439): stop. leaf nodes are specific
INFO: dtree.c(1478): Final simple tree
|( QUESTION0 -1 4.968e+03 1.032e+02 2.894e+02
|    ( - 3.629e+03 1 0)
|    ( - 1.236e+03 1 0))
s>    ( QUESTION0 -1 4.968e+03 1.032e+02 2.894e+02
s>        ( - 3.629e+03 1 0)
s>        ( - 1.236e+03 1 0))INFO: dtree.c(1315): Comp split 20
INFO: dtree.c(1439): stop. leaf nodes are specific
INFO: dtree.c(1478): Final simple tree
|( QUESTION6 -1 8.099e+02 7.952e+01 6.065e+01
|    ( - 2.024e+02 1 0)
|    ( WDBNDRY_B 0 5.279e+02 5.966e+01 4.067e+01
|        ( - 2.651e+02 1 0)
|        ( - 2.032e+02 1 0)))
s>    ( QUESTION6 -1 8.099e+02 7.952e+01 6.065e+01
s>        ( - 2.024e+02 1 0)
s>        ( WDBNDRY_B 0 5.279e+02 5.966e+01 4.067e+01
s>            ( - 2.651e+02 1 0)
s>            ( - 2.032e+02 1 0)))INFO: dtree.c(1315): Comp split 21
INFO: dtree.c(1315): Comp split 22
INFO: dtree.c(1315): Comp split 23
INFO: dtree.c(1439): stop. leaf nodes are specific
INFO: dtree.c(1478): Final simple tree
|( QUESTION6 -1 7.380e+02 8.234e+01 4.595e+01
|    ( - 3.461e+02 1 0)
|    ( - 3.096e+02 1 0))
s>    ( QUESTION6 -1 7.380e+02 8.234e+01 4.595e+01
s>        ( - 3.461e+02 1 0)
s>        ( - 3.096e+02 1 0))INFO: dtree.c(1315): Comp split 24
INFO: dtree.c(1315): Comp split 25
INFO: dtree.c(1315): Comp split 26
INFO: dtree.c(1315): Comp split 27
INFO: dtree.c(1315): Comp split 28
INFO: dtree.c(1439): stop. leaf nodes are specific
INFO: dtree.c(1478): Final simple tree
|( QUESTION0 -1 4.904e+02 7.379e+01 2.991e+01
|    ( - 1.954e+02 1 0)
|    ( - 2.213e+02 1 0))
s>    ( QUESTION0 -1 4.904e+02 7.379e+01 2.991e+01
s>        ( - 1.954e+02 1 0)
s>        ( - 2.213e+02 1 0))INFO: dtree.c(1315): Comp split 29
INFO: dtree.c(1315): Comp split 30
INFO: dtree.c(1315): Comp split 31
INFO: dtree.c(1315): Comp split 32
INFO: dtree.c(1315): Comp split 33
INFO: dtree.c(1439): stop. leaf nodes are specific
INFO: dtree.c(1478): Final simple tree
|( WDBNDRY_B 0 5.279e+02 5.966e+01 4.067e+01
|    ( - 2.651e+02 1 0)
|    ( - 2.032e+02 1 0))
s>    ( WDBNDRY_B 0 5.279e+02 5.966e+01 4.067e+01
s>        ( - 2.651e+02 1 0)
s>        ( - 2.032e+02 1 0))INFO: dtree.c(1315): Comp split 34
INFO: dtree.c(1315): Comp split 35
INFO: dtree.c(1315): Comp split 36
INFO: dtree.c(1315): Comp split 37
INFO: dtree.c(1318): stop. leaf nodes are specific
Fri Dec  3 07:39:16 2021
