Current configuration:
[NAME]		[DEFLT]	[VALUE]
-allphones	no	no
-cntthresh	0.00001	1.000000e-05
-csplitmax	100	2000
-csplitmin	1	1
-csplitthr	8e-4	0.000000e+00
-example	no	no
-fullvar	no	no
-help		no	no
-meanfn			
-mixwfn			/home/azhar/Tubes_Speech/commandreminder/model_parameters/commandreminder.cd_ptm_untied/mixture_weights
-moddeffn		/home/azhar/Tubes_Speech/commandreminder/model_architecture/commandreminder.untied.mdef
-mwfloor	1e-4	1.000000e-08
-phone			N
-psetfn			/home/azhar/Tubes_Speech/commandreminder/model_architecture/commandreminder.tree_questions
-ssplitmax	5	7
-ssplitmin	1	1
-ssplitthr	8e-4	0.000000e+00
-state			1
-stwt			1.0,0.05,0.0,
-treefn			/home/azhar/Tubes_Speech/commandreminder/trees/commandreminder.unpruned/N-1.dtree
-ts2cbfn	.semi.	.semi.
-varfloor	0.00001	1.000000e-05
-varfn			

INFO: main.c(223): Reading: /home/azhar/Tubes_Speech/commandreminder/model_architecture/commandreminder.untied.mdef
INFO: model_def_io.c(573): Model definition info:
INFO: model_def_io.c(574): 1061 total models defined (31 base, 1030 tri)
INFO: model_def_io.c(575): 4244 total states
INFO: model_def_io.c(576): 3183 total tied states
INFO: model_def_io.c(577): 93 total tied CI states
INFO: model_def_io.c(578): 31 total tied transition matrices
INFO: model_def_io.c(579): 4 max state/model
INFO: model_def_io.c(580): 4 min state/model
INFO: main.c(242): Building trees for [N A A e] through [N U T i]
INFO: main.c(269): Covering states |[1995 2204]| == 210
INFO: main.c(275): Reading: /home/azhar/Tubes_Speech/commandreminder/model_parameters/commandreminder.cd_ptm_untied/mixture_weights
INFO: s3mixw_io.c(173): Read /home/azhar/Tubes_Speech/commandreminder/model_parameters/commandreminder.cd_ptm_untied/mixture_weights [210x4x64 array]
INFO: main.c(311): 70 of 70 models have observation count greater than 0.000010
INFO: main.c(95): nrm stwt: 0.045 0.909 0.045 
INFO: main.c(411): 70-class entropy: 1.767535e+05
INFO: main.c(549): Reading: /home/azhar/Tubes_Speech/commandreminder/model_architecture/commandreminder.tree_questions
INFO: main.c(588): 174 total simple questions (166 phone; 8 word bndry)
INFO: main.c(590): 40 Left Only questions, and 42 Right Only questions
INFO: dtree.c(1478): Final simple tree
|( QUESTION0_6_R 1 2.129e+05 5.151e+03 9.789e+03
|    ( QUESTION19 1 1.306e+05 2.516e+03 6.135e+03
|        ( - 2.499e+04 3 0 QUESTION1 -1 7.089e+02 1.224e+03)
|        ( QUESTION8 1 1.030e+05 1.465e+03 4.911e+03
|            ( - 1.794e+04 10 0 QUESTION4 -1 5.960e+02 8.845e+02)
|            ( QUESTION0_7_R 1 8.363e+04 1.139e+03 4.027e+03
|                ( - 3.839e+04 14 0 QUESTION7 1 6.870e+02 1.856e+03)
|                ( - 4.411e+04 17 0 QUESTION2_1_L -1 8.793e+02 2.171e+03))))
|    ( SILENCE 1 7.716e+04 3.694e+03 3.653e+03
|        ( - 2.806e+04 3 0 QUESTION3 -1 8.780e+02 1.469e+03)
|        ( QUESTION3 1 4.540e+04 2.088e+03 2.184e+03
|            ( - 1.608e+04 6 0 QUESTION3 -1 5.394e+02 8.879e+02)
|            ( QUESTION3 -1 2.724e+04 9.499e+02 1.296e+03
|                ( - 3.595e+03 2 0 WDBNDRY_B 0 1.104e+02 2.163e+02)
|                ( - 2.269e+04 15 0 WDBNDRY_I 0 6.657e+02 1.080e+03)))))
s>    ( QUESTION0_6_R 1 2.129e+05 5.151e+03 9.789e+03
s>        ( QUESTION19 1 1.306e+05 2.516e+03 6.135e+03
s>            ( - 2.499e+04 3 0 QUESTION1 -1 7.089e+02 1.224e+03)
s>            ( QUESTION8 1 1.030e+05 1.465e+03 4.911e+03
s>                ( - 1.794e+04 10 0 QUESTION4 -1 5.960e+02 8.845e+02)
s>                ( QUESTION0_7_R 1 8.363e+04 1.139e+03 4.027e+03
s>                    ( - 3.839e+04 14 0 QUESTION7 1 6.870e+02 1.856e+03)
s>                    ( - 4.411e+04 17 0 QUESTION2_1_L -1 8.793e+02 2.171e+03))))
s>        ( SILENCE 1 7.716e+04 3.694e+03 3.653e+03
s>            ( - 2.806e+04 3 0 QUESTION3 -1 8.780e+02 1.469e+03)
s>            ( QUESTION3 1 4.540e+04 2.088e+03 2.184e+03
s>                ( - 1.608e+04 6 0 QUESTION3 -1 5.394e+02 8.879e+02)
s>                ( QUESTION3 -1 2.724e+04 9.499e+02 1.296e+03
s>                    ( - 3.595e+03 2 0 WDBNDRY_B 0 1.104e+02 2.163e+02)
s>                    ( - 2.269e+04 15 0 WDBNDRY_I 0 6.657e+02 1.080e+03)))))INFO: dtree.c(1315): Comp split 0
INFO: dtree.c(1478): Final simple tree
|( QUESTION6 1 1.611e+05 3.502e+03 7.432e+03
|    ( QUESTION8 1 9.163e+04 1.480e+03 4.402e+03
|        ( - 1.794e+04 10 0 QUESTION4 -1 5.960e+02 8.845e+02)
|        ( QUESTION2_1_L -1 7.221e+04 1.030e+03 3.517e+03
|            ( QUESTION0_7_R 1 5.488e+04 8.850e+02 2.685e+03
|                ( - 2.370e+04 4 0 QUESTION7 1 5.810e+02 1.176e+03)
|                ( - 3.029e+04 6 0 QUESTION0_17_R 1 7.496e+02 1.508e+03))
|            ( - 1.629e+04 14 0 QUESTION3 -1 4.971e+02 8.324e+02)))
|    ( QUESTION0_0_R 1 6.593e+04 2.258e+03 3.030e+03
|        ( QUESTION3 -1 2.724e+04 9.499e+02 1.296e+03
|            ( - 3.595e+03 2 0 WDBNDRY_B 0 1.104e+02 2.163e+02)
|            ( - 2.269e+04 15 0 WDBNDRY_I 0 6.657e+02 1.080e+03))
|        ( QUESTION0_7_R 1 3.643e+04 9.332e+02 1.733e+03
|            ( - 7.540e+03 3 0 QUESTION0_10_R 1 3.427e+02 3.739e+02)
|            ( - 2.796e+04 7 0 QUESTION2_1_L -1 7.457e+02 1.359e+03))))
s>    ( QUESTION6 1 1.611e+05 3.502e+03 7.432e+03
s>        ( QUESTION8 1 9.163e+04 1.480e+03 4.402e+03
s>            ( - 1.794e+04 10 0 QUESTION4 -1 5.960e+02 8.845e+02)
s>            ( QUESTION2_1_L -1 7.221e+04 1.030e+03 3.517e+03
s>                ( QUESTION0_7_R 1 5.488e+04 8.850e+02 2.685e+03
s>                    ( - 2.370e+04 4 0 QUESTION7 1 5.810e+02 1.176e+03)
s>                    ( - 3.029e+04 6 0 QUESTION0_17_R 1 7.496e+02 1.508e+03))
s>                ( - 1.629e+04 14 0 QUESTION3 -1 4.971e+02 8.324e+02)))
s>        ( QUESTION0_0_R 1 6.593e+04 2.258e+03 3.030e+03
s>            ( QUESTION3 -1 2.724e+04 9.499e+02 1.296e+03
s>                ( - 3.595e+03 2 0 WDBNDRY_B 0 1.104e+02 2.163e+02)
s>                ( - 2.269e+04 15 0 WDBNDRY_I 0 6.657e+02 1.080e+03))
s>            ( QUESTION0_7_R 1 3.643e+04 9.332e+02 1.733e+03
s>                ( - 7.540e+03 3 0 QUESTION0_10_R 1 3.427e+02 3.739e+02)
s>                ( - 2.796e+04 7 0 QUESTION2_1_L -1 7.457e+02 1.359e+03))))INFO: dtree.c(1478): Final simple tree
|( SILENCE 1 4.640e+04 2.259e+03 2.357e+03
|    ( QUESTION3 -1 2.806e+04 8.780e+02 1.469e+03
|        ( - 6.956e+03 1 0)
|        ( QUESTION1 -1 2.023e+04 1.741e+02 1.064e+03
|            ( - 1.973e+04 1 0)
|            ( - 3.228e+02 1 0)))
|    ( QUESTION3 -1 1.608e+04 5.394e+02 8.879e+02
|        ( - 4.978e+03 1 0)
|        ( QUESTION1 -1 1.056e+04 3.425e+02 5.754e+02
|            ( WDBNDRY_E 0 6.408e+03 2.748e+02 3.686e+02
|                ( - 4.138e+02 1 0)
|                ( - 5.719e+03 1 0))
|            ( QUESTION0 -1 3.812e+03 2.008e+02 2.068e+02
|                ( - 2.665e+03 1 0)
|                ( - 9.460e+02 2 0 QUESTION6 -1 1.257e+02 5.633e+01)))))
s>    ( SILENCE 1 4.640e+04 2.259e+03 2.357e+03
s>        ( QUESTION3 -1 2.806e+04 8.780e+02 1.469e+03
s>            ( - 6.956e+03 1 0)
s>            ( QUESTION1 -1 2.023e+04 1.741e+02 1.064e+03
s>                ( - 1.973e+04 1 0)
s>                ( - 3.228e+02 1 0)))
s>        ( QUESTION3 -1 1.608e+04 5.394e+02 8.879e+02
s>            ( - 4.978e+03 1 0)
s>            ( QUESTION1 -1 1.056e+04 3.425e+02 5.754e+02
s>                ( WDBNDRY_E 0 6.408e+03 2.748e+02 3.686e+02
s>                    ( - 4.138e+02 1 0)
s>                    ( - 5.719e+03 1 0))
s>                ( QUESTION0 -1 3.812e+03 2.008e+02 2.068e+02
s>                    ( - 2.665e+03 1 0)
s>                    ( - 9.460e+02 2 0 QUESTION6 -1 1.257e+02 5.633e+01)))))INFO: dtree.c(1315): Comp split 1
INFO: dtree.c(1478): Final simple tree
|( QUESTION8 1 9.992e+04 1.479e+03 4.776e+03
|    ( QUESTION4 -1 1.794e+04 5.960e+02 8.845e+02
|        ( - 5.102e+03 2 0)
|        ( - 1.225e+04 8 0 WDBNDRY_E 0 3.745e+02 6.093e+02))
|    ( QUESTION11 1 8.050e+04 1.132e+03 3.891e+03
|        ( QUESTION2_1_L -1 3.840e+04 8.460e+02 1.924e+03
|            ( QUESTION0_15_R 1 2.771e+04 7.166e+02 1.397e+03
|                ( - 1.601e+04 3 0 WDBNDRY_E 0 3.668e+02 8.165e+02)
|                ( - 1.098e+04 1 0))
|            ( - 9.848e+03 7 0 QUESTION4 -1 4.341e+02 5.272e+02))
|        ( QUESTION7 1 4.097e+04 7.042e+02 1.967e+03
|            ( - 1.747e+04 5 0 QUESTION1 -1 3.964e+02 8.754e+02)
|            ( QUESTION0_8_R 1 2.279e+04 5.911e+02 1.092e+03
|                ( - 1.212e+04 6 0 QUESTION2_1_L -1 3.214e+02 6.063e+02)
|                ( - 1.008e+04 5 0 QUESTION15 1 3.854e+02 4.852e+02)))))
s>    ( QUESTION8 1 9.992e+04 1.479e+03 4.776e+03
s>        ( QUESTION4 -1 1.794e+04 5.960e+02 8.845e+02
s>            ( - 5.102e+03 2 0)
s>            ( - 1.225e+04 8 0 WDBNDRY_E 0 3.745e+02 6.093e+02))
s>        ( QUESTION11 1 8.050e+04 1.132e+03 3.891e+03
s>            ( QUESTION2_1_L -1 3.840e+04 8.460e+02 1.924e+03
s>                ( QUESTION0_15_R 1 2.771e+04 7.166e+02 1.397e+03
s>                    ( - 1.601e+04 3 0 WDBNDRY_E 0 3.668e+02 8.165e+02)
s>                    ( - 1.098e+04 1 0))
s>                ( - 9.848e+03 7 0 QUESTION4 -1 4.341e+02 5.272e+02))
s>            ( QUESTION7 1 4.097e+04 7.042e+02 1.967e+03
s>                ( - 1.747e+04 5 0 QUESTION1 -1 3.964e+02 8.754e+02)
s>                ( QUESTION0_8_R 1 2.279e+04 5.911e+02 1.092e+03
s>                    ( - 1.212e+04 6 0 QUESTION2_1_L -1 3.214e+02 6.063e+02)
s>                    ( - 1.008e+04 5 0 QUESTION15 1 3.854e+02 4.852e+02)))))INFO: dtree.c(1478): Final simple tree
|( QUESTION0_0_R 1 5.744e+04 2.242e+03 2.656e+03
|    ( QUESTION3 -1 2.724e+04 9.499e+02 1.296e+03
|        ( - 3.595e+03 2 0 WDBNDRY_B 0 1.104e+02 2.163e+02)
|        ( WDBNDRY_I 0 2.269e+04 6.657e+02 1.080e+03
|            ( QUESTION0_1_R 1 1.269e+04 3.958e+02 6.407e+02
|                ( - 1.721e+03 1 0)
|                ( - 1.058e+04 6 0 QUESTION2_2_L -1 2.911e+02 5.428e+02))
|            ( WDBNDRY_B 0 9.333e+03 5.177e+02 4.393e+02
|                ( - 4.339e+03 7 0 QUESTION15 -1 2.897e+02 2.168e+02)
|                ( - 4.476e+03 1 0))))
|    ( QUESTION2_1_L -1 2.796e+04 7.457e+02 1.359e+03
|        ( QUESTION0_17_R 1 2.500e+04 2.928e+02 1.239e+03
|            ( - 2.141e+04 1 0)
|            ( - 3.301e+03 3 0 QUESTION0 1 2.557e+02 1.676e+02))
|        ( - 2.214e+03 3 0 QUESTION0_17_R 1 1.828e+02 1.202e+02)))
s>    ( QUESTION0_0_R 1 5.744e+04 2.242e+03 2.656e+03
s>        ( QUESTION3 -1 2.724e+04 9.499e+02 1.296e+03
s>            ( - 3.595e+03 2 0 WDBNDRY_B 0 1.104e+02 2.163e+02)
s>            ( WDBNDRY_I 0 2.269e+04 6.657e+02 1.080e+03
s>                ( QUESTION0_1_R 1 1.269e+04 3.958e+02 6.407e+02
s>                    ( - 1.721e+03 1 0)
s>                    ( - 1.058e+04 6 0 QUESTION2_2_L -1 2.911e+02 5.428e+02))
s>                ( WDBNDRY_B 0 9.333e+03 5.177e+02 4.393e+02
s>                    ( - 4.339e+03 7 0 QUESTION15 -1 2.897e+02 2.168e+02)
s>                    ( - 4.476e+03 1 0))))
s>        ( QUESTION2_1_L -1 2.796e+04 7.457e+02 1.359e+03
s>            ( QUESTION0_17_R 1 2.500e+04 2.928e+02 1.239e+03
s>                ( - 2.141e+04 1 0)
s>                ( - 3.301e+03 3 0 QUESTION0 1 2.557e+02 1.676e+02))
s>            ( - 2.214e+03 3 0 QUESTION0_17_R 1 1.828e+02 1.202e+02)))INFO: dtree.c(1315): Comp split 2
INFO: dtree.c(1439): stop. leaf nodes are specific
INFO: dtree.c(1478): Final simple tree
|( QUESTION0_17_R 1 2.500e+04 2.928e+02 1.239e+03
|    ( - 2.141e+04 1 0)
|    ( QUESTION0 1 3.301e+03 2.557e+02 1.676e+02
|        ( - 1.527e+03 1 0)
|        ( QUESTION0_15_R 1 1.518e+03 1.440e+02 8.182e+01
|            ( - 1.081e+03 1 0)
|            ( - 2.928e+02 1 0))))
s>    ( QUESTION0_17_R 1 2.500e+04 2.928e+02 1.239e+03
s>        ( - 2.141e+04 1 0)
s>        ( QUESTION0 1 3.301e+03 2.557e+02 1.676e+02
s>            ( - 1.527e+03 1 0)
s>            ( QUESTION0_15_R 1 1.518e+03 1.440e+02 8.182e+01
s>                ( - 1.081e+03 1 0)
s>                ( - 2.928e+02 1 0))))INFO: dtree.c(1478): Final simple tree
|( QUESTION3 -1 2.997e+04 9.437e+02 1.417e+03
|    ( WDBNDRY_E 0 5.996e+03 5.443e+02 3.208e+02
|        ( - 1.857e+03 2 0 QUESTION0_17_R 1 1.285e+02 1.045e+02)
|        ( - 3.595e+03 2 0 WDBNDRY_B 0 1.104e+02 2.163e+02))
|    ( WDBNDRY_I 0 2.303e+04 6.665e+02 1.096e+03
|        ( QUESTION0_1_R 1 1.269e+04 3.958e+02 6.407e+02
|            ( - 1.721e+03 1 0)
|            ( QUESTION2_2_L -1 1.058e+04 2.911e+02 5.428e+02
|                ( - 7.999e+03 3 0 QUESTION0_3_R 1 1.935e+02 4.169e+02)
|                ( - 2.287e+03 3 0 QUESTION0_3_R 1 2.030e+02 1.259e+02)))
|        ( WDBNDRY_B 0 9.673e+03 4.983e+02 4.550e+02
|            ( QUESTION15 -1 4.339e+03 2.897e+02 2.168e+02
|                ( - 1.209e+03 2 0 QUESTION0_3_R 1 1.293e+02 6.571e+01)
|                ( - 2.841e+03 5 0 QUESTION0_3_R 1 2.377e+02 1.510e+02))
|            ( - 4.836e+03 2 0 QUESTION0_0_R 1 1.607e+02 2.383e+02))))
s>    ( QUESTION3 -1 2.997e+04 9.437e+02 1.417e+03
s>        ( WDBNDRY_E 0 5.996e+03 5.443e+02 3.208e+02
s>            ( - 1.857e+03 2 0 QUESTION0_17_R 1 1.285e+02 1.045e+02)
s>            ( - 3.595e+03 2 0 WDBNDRY_B 0 1.104e+02 2.163e+02))
s>        ( WDBNDRY_I 0 2.303e+04 6.665e+02 1.096e+03
s>            ( QUESTION0_1_R 1 1.269e+04 3.958e+02 6.407e+02
s>                ( - 1.721e+03 1 0)
s>                ( QUESTION2_2_L -1 1.058e+04 2.911e+02 5.428e+02
s>                    ( - 7.999e+03 3 0 QUESTION0_3_R 1 1.935e+02 4.169e+02)
s>                    ( - 2.287e+03 3 0 QUESTION0_3_R 1 2.030e+02 1.259e+02)))
s>            ( WDBNDRY_B 0 9.673e+03 4.983e+02 4.550e+02
s>                ( QUESTION15 -1 4.339e+03 2.897e+02 2.168e+02
s>                    ( - 1.209e+03 2 0 QUESTION0_3_R 1 1.293e+02 6.571e+01)
s>                    ( - 2.841e+03 5 0 QUESTION0_3_R 1 2.377e+02 1.510e+02))
s>                ( - 4.836e+03 2 0 QUESTION0_0_R 1 1.607e+02 2.383e+02))))INFO: dtree.c(1315): Comp split 3
INFO: dtree.c(1439): stop. leaf nodes are specific
INFO: dtree.c(1478): Final simple tree
|( QUESTION3 -1 1.608e+04 5.394e+02 8.879e+02
|    ( - 4.978e+03 1 0)
|    ( QUESTION1 -1 1.056e+04 3.425e+02 5.754e+02
|        ( WDBNDRY_E 0 6.408e+03 2.748e+02 3.686e+02
|            ( - 4.138e+02 1 0)
|            ( - 5.719e+03 1 0))
|        ( QUESTION0 -1 3.812e+03 2.008e+02 2.068e+02
|            ( - 2.665e+03 1 0)
|            ( QUESTION6 -1 9.460e+02 1.257e+02 5.633e+01
|                ( - 3.142e+02 1 0)
|                ( - 5.061e+02 1 0)))))
s>    ( QUESTION3 -1 1.608e+04 5.394e+02 8.879e+02
s>        ( - 4.978e+03 1 0)
s>        ( QUESTION1 -1 1.056e+04 3.425e+02 5.754e+02
s>            ( WDBNDRY_E 0 6.408e+03 2.748e+02 3.686e+02
s>                ( - 4.138e+02 1 0)
s>                ( - 5.719e+03 1 0))
s>            ( QUESTION0 -1 3.812e+03 2.008e+02 2.068e+02
s>                ( - 2.665e+03 1 0)
s>                ( QUESTION6 -1 9.460e+02 1.257e+02 5.633e+01
s>                    ( - 3.142e+02 1 0)
s>                    ( - 5.061e+02 1 0)))))INFO: dtree.c(1439): stop. leaf nodes are specific
INFO: dtree.c(1478): Final simple tree
|( QUESTION3 -1 2.806e+04 8.780e+02 1.469e+03
|    ( - 6.956e+03 1 0)
|    ( QUESTION1 -1 2.023e+04 1.741e+02 1.064e+03
|        ( - 1.973e+04 1 0)
|        ( - 3.228e+02 1 0)))
s>    ( QUESTION3 -1 2.806e+04 8.780e+02 1.469e+03
s>        ( - 6.956e+03 1 0)
s>        ( QUESTION1 -1 2.023e+04 1.741e+02 1.064e+03
s>            ( - 1.973e+04 1 0)
s>            ( - 3.228e+02 1 0)))INFO: dtree.c(1315): Comp split 4
INFO: dtree.c(1478): Final simple tree
|( QUESTION11 1 6.965e+04 9.798e+02 3.364e+03
|    ( QUESTION0_15_R 1 2.771e+04 7.166e+02 1.397e+03
|        ( WDBNDRY_E 0 1.601e+04 3.668e+02 8.165e+02
|            ( - 1.165e+04 1 0)
|            ( - 3.997e+03 2 0))
|        ( - 1.098e+04 1 0))
|    ( QUESTION7 1 4.097e+04 7.042e+02 1.967e+03
|        ( QUESTION1 -1 1.747e+04 3.964e+02 8.754e+02
|            ( - 1.417e+04 2 0 QUESTION2_1_L -1 1.897e+02 7.196e+02)
|            ( - 2.907e+03 3 0 QUESTION3 -1 1.831e+02 1.558e+02))
|        ( QUESTION0_8_R 1 2.279e+04 5.911e+02 1.092e+03
|            ( - 1.212e+04 6 0 QUESTION2_1_L -1 3.214e+02 6.063e+02)
|            ( QUESTION15 1 1.008e+04 3.854e+02 4.852e+02
|                ( - 4.519e+03 2 0 WDBNDRY_E 0 1.677e+02 2.331e+02)
|                ( - 5.175e+03 3 0 QUESTION0_7_R 1 3.052e+02 2.522e+02)))))
s>    ( QUESTION11 1 6.965e+04 9.798e+02 3.364e+03
s>        ( QUESTION0_15_R 1 2.771e+04 7.166e+02 1.397e+03
s>            ( WDBNDRY_E 0 1.601e+04 3.668e+02 8.165e+02
s>                ( - 1.165e+04 1 0)
s>                ( - 3.997e+03 2 0))
s>            ( - 1.098e+04 1 0))
s>        ( QUESTION7 1 4.097e+04 7.042e+02 1.967e+03
s>            ( QUESTION1 -1 1.747e+04 3.964e+02 8.754e+02
s>                ( - 1.417e+04 2 0 QUESTION2_1_L -1 1.897e+02 7.196e+02)
s>                ( - 2.907e+03 3 0 QUESTION3 -1 1.831e+02 1.558e+02))
s>            ( QUESTION0_8_R 1 2.279e+04 5.911e+02 1.092e+03
s>                ( - 1.212e+04 6 0 QUESTION2_1_L -1 3.214e+02 6.063e+02)
s>                ( QUESTION15 1 1.008e+04 3.854e+02 4.852e+02
s>                    ( - 4.519e+03 2 0 WDBNDRY_E 0 1.677e+02 2.331e+02)
s>                    ( - 5.175e+03 3 0 QUESTION0_7_R 1 3.052e+02 2.522e+02)))))INFO: dtree.c(1478): Final simple tree
|( QUESTION0_7_R 1 2.871e+04 9.209e+02 1.412e+03
|    ( QUESTION4 -1 1.794e+04 5.960e+02 8.845e+02
|        ( - 5.102e+03 2 0)
|        ( WDBNDRY_E 0 1.225e+04 3.745e+02 6.093e+02
|            ( - 6.159e+03 4 0)
|            ( QUESTION1 -1 5.713e+03 2.115e+02 3.036e+02
|                ( - 5.109e+03 3 0)
|                ( - 3.926e+02 1 0))))
|    ( QUESTION4 -1 9.848e+03 4.341e+02 5.272e+02
|        ( QUESTION0_15_R 1 3.690e+03 2.189e+02 2.142e+02
|            ( - 2.091e+03 2 0 WDBNDRY_E 0 1.525e+02 1.258e+02)
|            ( - 1.380e+03 1 0))
|        ( QUESTION0_15_R 1 5.723e+03 3.273e+02 3.130e+02
|            ( - 2.279e+03 2 0 QUESTION1 -1 1.943e+02 1.376e+02)
|            ( - 3.117e+03 2 0 QUESTION1 -1 2.030e+02 1.754e+02))))
s>    ( QUESTION0_7_R 1 2.871e+04 9.209e+02 1.412e+03
s>        ( QUESTION4 -1 1.794e+04 5.960e+02 8.845e+02
s>            ( - 5.102e+03 2 0)
s>            ( WDBNDRY_E 0 1.225e+04 3.745e+02 6.093e+02
s>                ( - 6.159e+03 4 0)
s>                ( QUESTION1 -1 5.713e+03 2.115e+02 3.036e+02
s>                    ( - 5.109e+03 3 0)
s>                    ( - 3.926e+02 1 0))))
s>        ( QUESTION4 -1 9.848e+03 4.341e+02 5.272e+02
s>            ( QUESTION0_15_R 1 3.690e+03 2.189e+02 2.142e+02
s>                ( - 2.091e+03 2 0 WDBNDRY_E 0 1.525e+02 1.258e+02)
s>                ( - 1.380e+03 1 0))
s>            ( QUESTION0_15_R 1 5.723e+03 3.273e+02 3.130e+02
s>                ( - 2.279e+03 2 0 QUESTION1 -1 1.943e+02 1.376e+02)
s>                ( - 3.117e+03 2 0 QUESTION1 -1 2.030e+02 1.754e+02))))INFO: dtree.c(1315): Comp split 5
INFO: dtree.c(1478): Final simple tree
|( QUESTION0_7_R 1 3.954e+04 7.497e+02 1.908e+03
|    ( QUESTION0_8_R 1 2.023e+04 5.717e+02 9.802e+02
|        ( QUESTION2_1_L -1 1.212e+04 3.214e+02 6.063e+02
|            ( WDBNDRY_E 0 9.483e+03 3.073e+02 4.791e+02
|                ( - 5.003e+03 1 0)
|                ( - 4.173e+03 2 0))
|            ( - 2.315e+03 3 0 QUESTION1 -1 2.219e+02 1.272e+02))
|        ( QUESTION0_10_R 1 7.540e+03 3.427e+02 3.739e+02
|            ( - 2.678e+03 1 0)
|            ( - 4.519e+03 2 0 WDBNDRY_E 0 1.677e+02 2.331e+02)))
|    ( WDBNDRY_E 0 1.856e+04 3.789e+02 9.278e+02
|        ( QUESTION0_15_R 1 1.418e+04 3.461e+02 7.041e+02
|            ( - 1.165e+04 1 0)
|            ( - 2.192e+03 2 0 QUESTION0_19_R 1 2.047e+02 1.113e+02))
|        ( - 3.997e+03 2 0)))
s>    ( QUESTION0_7_R 1 3.954e+04 7.497e+02 1.908e+03
s>        ( QUESTION0_8_R 1 2.023e+04 5.717e+02 9.802e+02
s>            ( QUESTION2_1_L -1 1.212e+04 3.214e+02 6.063e+02
s>                ( WDBNDRY_E 0 9.483e+03 3.073e+02 4.791e+02
s>                    ( - 5.003e+03 1 0)
s>                    ( - 4.173e+03 2 0))
s>                ( - 2.315e+03 3 0 QUESTION1 -1 2.219e+02 1.272e+02))
s>            ( QUESTION0_10_R 1 7.540e+03 3.427e+02 3.739e+02
s>                ( - 2.678e+03 1 0)
s>                ( - 4.519e+03 2 0 WDBNDRY_E 0 1.677e+02 2.331e+02)))
s>        ( WDBNDRY_E 0 1.856e+04 3.789e+02 9.278e+02
s>            ( QUESTION0_15_R 1 1.418e+04 3.461e+02 7.041e+02
s>                ( - 1.165e+04 1 0)
s>                ( - 2.192e+03 2 0 QUESTION0_19_R 1 2.047e+02 1.113e+02))
s>            ( - 3.997e+03 2 0)))INFO: dtree.c(1439): stop. leaf nodes are specific
INFO: dtree.c(1478): Final simple tree
|( QUESTION0_7_R 1 2.908e+04 6.327e+02 1.456e+03
|    ( QUESTION1 -1 1.747e+04 3.964e+02 8.754e+02
|        ( QUESTION2_1_L -1 1.417e+04 1.897e+02 7.196e+02
|            ( - 1.364e+04 1 0)
|            ( - 3.381e+02 1 0))
|        ( QUESTION3 -1 2.907e+03 1.831e+02 1.558e+02
|            ( - 3.673e+02 1 0)
|            ( - 2.356e+03 2 0)))
|    ( - 1.098e+04 1 0))
s>    ( QUESTION0_7_R 1 2.908e+04 6.327e+02 1.456e+03
s>        ( QUESTION1 -1 1.747e+04 3.964e+02 8.754e+02
s>            ( QUESTION2_1_L -1 1.417e+04 1.897e+02 7.196e+02
s>                ( - 1.364e+04 1 0)
s>                ( - 3.381e+02 1 0))
s>            ( QUESTION3 -1 2.907e+03 1.831e+02 1.558e+02
s>                ( - 3.673e+02 1 0)
s>                ( - 2.356e+03 2 0)))
s>        ( - 1.098e+04 1 0))INFO: dtree.c(1315): Comp split 6
INFO: dtree.c(1478): Final simple tree
|( QUESTION2 -1 8.462e+03 5.285e+02 4.331e+02
|    ( WDBNDRY_B 0 3.595e+03 1.104e+02 2.163e+02
|        ( - 2.799e+02 1 0)
|        ( - 3.205e+03 1 0))
|    ( QUESTION15 -1 4.339e+03 2.897e+02 2.168e+02
|        ( QUESTION0_3_R 1 1.209e+03 1.293e+02 6.571e+01
|            ( - 8.577e+02 1 0)
|            ( - 2.218e+02 1 0))
|        ( QUESTION0_3_R 1 2.841e+03 2.377e+02 1.510e+02
|            ( QUESTION1 1 1.479e+03 1.611e+02 8.016e+01
|                ( - 7.182e+02 1 0)
|                ( - 6.000e+02 2 0 QUESTION2_0_L -1 9.864e+01 3.600e+01))
|            ( QUESTION0 -1 1.124e+03 1.335e+02 7.089e+01
|                ( - 7.182e+02 1 0)
|                ( - 2.720e+02 1 0)))))
s>    ( QUESTION2 -1 8.462e+03 5.285e+02 4.331e+02
s>        ( WDBNDRY_B 0 3.595e+03 1.104e+02 2.163e+02
s>            ( - 2.799e+02 1 0)
s>            ( - 3.205e+03 1 0))
s>        ( QUESTION15 -1 4.339e+03 2.897e+02 2.168e+02
s>            ( QUESTION0_3_R 1 1.209e+03 1.293e+02 6.571e+01
s>                ( - 8.577e+02 1 0)
s>                ( - 2.218e+02 1 0))
s>            ( QUESTION0_3_R 1 2.841e+03 2.377e+02 1.510e+02
s>                ( QUESTION1 1 1.479e+03 1.611e+02 8.016e+01
s>                    ( - 7.182e+02 1 0)
s>                    ( - 6.000e+02 2 0 QUESTION2_0_L -1 9.864e+01 3.600e+01))
s>                ( QUESTION0 -1 1.124e+03 1.335e+02 7.089e+01
s>                    ( - 7.182e+02 1 0)
s>                    ( - 2.720e+02 1 0)))))INFO: dtree.c(1478): Final simple tree
|( QUESTION0_2_R 1 2.054e+04 6.778e+02 9.834e+02
|    ( WDBNDRY_E 0 1.565e+04 5.989e+02 7.653e+02
|        ( - 4.476e+03 1 0)
|        ( QUESTION2_2_L -1 1.058e+04 2.911e+02 5.428e+02
|            ( QUESTION0_3_R 1 7.999e+03 1.935e+02 4.169e+02
|                ( - 8.987e+02 1 0)
|                ( - 6.907e+03 2 0))
|            ( QUESTION0_3_R 1 2.287e+03 2.030e+02 1.259e+02
|                ( - 1.041e+03 1 0)
|                ( QUESTION0 -1 1.043e+03 1.407e+02 6.029e+01
|                    ( - 3.058e+02 1 0)
|                    ( - 5.963e+02 1 0)))))
|    ( QUESTION0 1 4.207e+03 3.322e+02 2.181e+02
|        ( - 2.018e+03 2 0 WDBNDRY_E 0 9.764e+01 1.137e+02)
|        ( - 1.857e+03 2 0 QUESTION0_17_R 1 1.285e+02 1.045e+02)))
s>    ( QUESTION0_2_R 1 2.054e+04 6.778e+02 9.834e+02
s>        ( WDBNDRY_E 0 1.565e+04 5.989e+02 7.653e+02
s>            ( - 4.476e+03 1 0)
s>            ( QUESTION2_2_L -1 1.058e+04 2.911e+02 5.428e+02
s>                ( QUESTION0_3_R 1 7.999e+03 1.935e+02 4.169e+02
s>                    ( - 8.987e+02 1 0)
s>                    ( - 6.907e+03 2 0))
s>                ( QUESTION0_3_R 1 2.287e+03 2.030e+02 1.259e+02
s>                    ( - 1.041e+03 1 0)
s>                    ( QUESTION0 -1 1.043e+03 1.407e+02 6.029e+01
s>                        ( - 3.058e+02 1 0)
s>                        ( - 5.963e+02 1 0)))))
s>        ( QUESTION0 1 4.207e+03 3.322e+02 2.181e+02
s>            ( - 2.018e+03 2 0 WDBNDRY_E 0 9.764e+01 1.137e+02)
s>            ( - 1.857e+03 2 0 QUESTION0_17_R 1 1.285e+02 1.045e+02)))INFO: dtree.c(1315): Comp split 7
INFO: dtree.c(1478): Final simple tree
|( QUESTION4 -1 1.041e+04 4.443e+02 5.551e+02
|    ( QUESTION0_15_R 1 3.690e+03 2.189e+02 2.142e+02
|        ( WDBNDRY_E 0 2.091e+03 1.525e+02 1.258e+02
|            ( - 9.727e+02 1 0)
|            ( - 9.661e+02 1 0))
|        ( - 1.380e+03 1 0))
|    ( QUESTION0_15_R 1 6.280e+03 3.278e+02 3.408e+02
|        ( QUESTION1 -1 2.279e+03 1.943e+02 1.376e+02
|            ( - 7.614e+02 1 0)
|            ( - 1.323e+03 1 0))
|        ( QUESTION1 -1 3.674e+03 2.010e+02 2.032e+02
|            ( - 7.295e+02 1 0)
|            ( WDBNDRY_E 0 2.743e+03 1.659e+02 1.577e+02
|                ( - 2.185e+03 1 0)
|                ( - 3.926e+02 1 0)))))
s>    ( QUESTION4 -1 1.041e+04 4.443e+02 5.551e+02
s>        ( QUESTION0_15_R 1 3.690e+03 2.189e+02 2.142e+02
s>            ( WDBNDRY_E 0 2.091e+03 1.525e+02 1.258e+02
s>                ( - 9.727e+02 1 0)
s>                ( - 9.661e+02 1 0))
s>            ( - 1.380e+03 1 0))
s>        ( QUESTION0_15_R 1 6.280e+03 3.278e+02 3.408e+02
s>            ( QUESTION1 -1 2.279e+03 1.943e+02 1.376e+02
s>                ( - 7.614e+02 1 0)
s>                ( - 1.323e+03 1 0))
s>            ( QUESTION1 -1 3.674e+03 2.010e+02 2.032e+02
s>                ( - 7.295e+02 1 0)
s>                ( WDBNDRY_E 0 2.743e+03 1.659e+02 1.577e+02
s>                    ( - 2.185e+03 1 0)
s>                    ( - 3.926e+02 1 0)))))INFO: dtree.c(1439): stop. leaf nodes are specific
INFO: dtree.c(1478): Final simple tree
|( QUESTION1 -1 1.734e+04 5.787e+02 8.567e+02
|    ( WDBNDRY_E 0 1.166e+04 3.892e+02 5.814e+02
|        ( - 6.159e+03 4 0)
|        ( - 5.109e+03 3 0))
|    ( - 5.102e+03 2 0))
s>    ( QUESTION1 -1 1.734e+04 5.787e+02 8.567e+02
s>        ( WDBNDRY_E 0 1.166e+04 3.892e+02 5.814e+02
s>            ( - 6.159e+03 4 0)
s>            ( - 5.109e+03 3 0))
s>        ( - 5.102e+03 2 0))INFO: dtree.c(1315): Comp split 8
INFO: dtree.c(1439): stop. leaf nodes are specific
INFO: dtree.c(1478): Final simple tree
|( QUESTION1 -1 2.023e+04 1.741e+02 1.064e+03
|    ( - 1.973e+04 1 0)
|    ( - 3.228e+02 1 0))
s>    ( QUESTION1 -1 2.023e+04 1.741e+02 1.064e+03
s>        ( - 1.973e+04 1 0)
s>        ( - 3.228e+02 1 0))INFO: dtree.c(1315): Comp split 9
INFO: dtree.c(1439): stop. leaf nodes are specific
INFO: dtree.c(1478): Final simple tree
|( QUESTION0_15_R 1 2.169e+04 5.066e+02 1.069e+03
|    ( WDBNDRY_E 0 1.601e+04 3.668e+02 8.165e+02
|        ( - 1.165e+04 1 0)
|        ( - 3.997e+03 2 0))
|    ( QUESTION0_7_R 1 5.175e+03 3.052e+02 2.522e+02
|        ( - 2.678e+03 1 0)
|        ( QUESTION0_19_R 1 2.192e+03 2.047e+02 1.113e+02
|            ( - 1.258e+03 1 0)
|            ( - 7.294e+02 1 0))))
s>    ( QUESTION0_15_R 1 2.169e+04 5.066e+02 1.069e+03
s>        ( WDBNDRY_E 0 1.601e+04 3.668e+02 8.165e+02
s>            ( - 1.165e+04 1 0)
s>            ( - 3.997e+03 2 0))
s>        ( QUESTION0_7_R 1 5.175e+03 3.052e+02 2.522e+02
s>            ( - 2.678e+03 1 0)
s>            ( QUESTION0_19_R 1 2.192e+03 2.047e+02 1.113e+02
s>                ( - 1.258e+03 1 0)
s>                ( - 7.294e+02 1 0))))INFO: dtree.c(1439): stop. leaf nodes are specific
INFO: dtree.c(1478): Final simple tree
|( QUESTION0_8_R 1 1.707e+04 4.328e+02 8.394e+02
|    ( QUESTION2_1_L -1 1.212e+04 3.214e+02 6.063e+02
|        ( WDBNDRY_E 0 9.483e+03 3.073e+02 4.791e+02
|            ( - 5.003e+03 1 0)
|            ( - 4.173e+03 2 0))
|        ( QUESTION1 -1 2.315e+03 2.219e+02 1.272e+02
|            ( WDBNDRY_E 0 1.431e+03 1.618e+02 8.202e+01
|                ( - 6.111e+02 1 0)
|                ( - 6.578e+02 1 0))
|            ( - 6.623e+02 1 0)))
|    ( WDBNDRY_E 0 4.519e+03 1.677e+02 2.331e+02
|        ( - 4.021e+03 1 0)
|        ( - 3.297e+02 1 0)))
s>    ( QUESTION0_8_R 1 1.707e+04 4.328e+02 8.394e+02
s>        ( QUESTION2_1_L -1 1.212e+04 3.214e+02 6.063e+02
s>            ( WDBNDRY_E 0 9.483e+03 3.073e+02 4.791e+02
s>                ( - 5.003e+03 1 0)
s>                ( - 4.173e+03 2 0))
s>            ( QUESTION1 -1 2.315e+03 2.219e+02 1.272e+02
s>                ( WDBNDRY_E 0 1.431e+03 1.618e+02 8.202e+01
s>                    ( - 6.111e+02 1 0)
s>                    ( - 6.578e+02 1 0))
s>                ( - 6.623e+02 1 0)))
s>        ( WDBNDRY_E 0 4.519e+03 1.677e+02 2.331e+02
s>            ( - 4.021e+03 1 0)
s>            ( - 3.297e+02 1 0)))INFO: dtree.c(1315): Comp split 10
INFO: dtree.c(1439): stop. leaf nodes are specific
INFO: dtree.c(1478): Final simple tree
|( QUESTION2 1 6.351e+03 3.751e+02 3.222e+02
|    ( WDBNDRY_E 0 2.018e+03 9.764e+01 1.137e+02
|        ( - 1.992e+02 1 0)
|        ( - 1.721e+03 1 0))
|    ( WDBNDRY_E 0 3.958e+03 2.922e+02 2.085e+02
|        ( QUESTION0_17_R 1 1.857e+03 1.285e+02 1.045e+02
|            ( - 1.548e+03 1 0)
|            ( - 1.799e+02 1 0))
|        ( QUESTION0_3_R 1 1.809e+03 1.720e+02 1.041e+02
|            ( - 1.041e+03 1 0)
|            ( - 5.963e+02 1 0))))
s>    ( QUESTION2 1 6.351e+03 3.751e+02 3.222e+02
s>        ( WDBNDRY_E 0 2.018e+03 9.764e+01 1.137e+02
s>            ( - 1.992e+02 1 0)
s>            ( - 1.721e+03 1 0))
s>        ( WDBNDRY_E 0 3.958e+03 2.922e+02 2.085e+02
s>            ( QUESTION0_17_R 1 1.857e+03 1.285e+02 1.045e+02
s>                ( - 1.548e+03 1 0)
s>                ( - 1.799e+02 1 0))
s>            ( QUESTION0_3_R 1 1.809e+03 1.720e+02 1.041e+02
s>                ( - 1.041e+03 1 0)
s>                ( - 5.963e+02 1 0))))INFO: dtree.c(1439): stop. leaf nodes are specific
INFO: dtree.c(1478): Final simple tree
|( WDBNDRY_E 0 1.347e+04 5.491e+02 6.612e+02
|    ( - 4.476e+03 1 0)
|    ( QUESTION0_3_R 1 8.449e+03 1.921e+02 4.387e+02
|        ( - 8.987e+02 1 0)
|        ( QUESTION1 -1 7.358e+03 1.448e+02 3.871e+02
|            ( - 6.907e+03 2 0)
|            ( - 3.058e+02 1 0))))
s>    ( WDBNDRY_E 0 1.347e+04 5.491e+02 6.612e+02
s>        ( - 4.476e+03 1 0)
s>        ( QUESTION0_3_R 1 8.449e+03 1.921e+02 4.387e+02
s>            ( - 8.987e+02 1 0)
s>            ( QUESTION1 -1 7.358e+03 1.448e+02 3.871e+02
s>                ( - 6.907e+03 2 0)
s>                ( - 3.058e+02 1 0))))INFO: dtree.c(1315): Comp split 11
INFO: dtree.c(1439): stop. leaf nodes are specific
INFO: dtree.c(1478): Final simple tree
|( QUESTION1 -1 1.747e+04 3.964e+02 8.754e+02
|    ( QUESTION2_1_L -1 1.417e+04 1.897e+02 7.196e+02
|        ( - 1.364e+04 1 0)
|        ( - 3.381e+02 1 0))
|    ( QUESTION3 -1 2.907e+03 1.831e+02 1.558e+02
|        ( - 3.673e+02 1 0)
|        ( - 2.356e+03 2 0)))
s>    ( QUESTION1 -1 1.747e+04 3.964e+02 8.754e+02
s>        ( QUESTION2_1_L -1 1.417e+04 1.897e+02 7.196e+02
s>            ( - 1.364e+04 1 0)
s>            ( - 3.381e+02 1 0))
s>        ( QUESTION3 -1 2.907e+03 1.831e+02 1.558e+02
s>            ( - 3.673e+02 1 0)
s>            ( - 2.356e+03 2 0)))INFO: dtree.c(1315): Comp split 12
INFO: dtree.c(1439): stop. leaf nodes are specific
INFO: dtree.c(1478): Final simple tree
|( WDBNDRY_E 0 1.166e+04 3.892e+02 5.814e+02
|    ( - 6.159e+03 4 0)
|    ( - 5.109e+03 3 0))
s>    ( WDBNDRY_E 0 1.166e+04 3.892e+02 5.814e+02
s>        ( - 6.159e+03 4 0)
s>        ( - 5.109e+03 3 0))INFO: dtree.c(1315): Comp split 13
INFO: dtree.c(1439): stop. leaf nodes are specific
INFO: dtree.c(1478): Final simple tree
|( QUESTION1 -1 4.533e+03 2.200e+02 2.661e+02
|    ( - 7.182e+02 1 0)
|    ( WDBNDRY_B 0 3.595e+03 1.104e+02 2.163e+02
|        ( - 2.799e+02 1 0)
|        ( - 3.205e+03 1 0)))
s>    ( QUESTION1 -1 4.533e+03 2.200e+02 2.661e+02
s>        ( - 7.182e+02 1 0)
s>        ( WDBNDRY_B 0 3.595e+03 1.104e+02 2.163e+02
s>            ( - 2.799e+02 1 0)
s>            ( - 3.205e+03 1 0)))INFO: dtree.c(1439): stop. leaf nodes are specific
INFO: dtree.c(1478): Final simple tree
|( QUESTION15 -1 3.379e+03 2.603e+02 1.669e+02
|    ( QUESTION0_3_R 1 1.209e+03 1.293e+02 6.571e+01
|        ( - 8.577e+02 1 0)
|        ( - 2.218e+02 1 0))
|    ( QUESTION2_13_L -1 1.910e+03 1.821e+02 1.012e+02
|        ( QUESTION1 1 1.030e+03 1.158e+02 5.916e+01
|            ( - 7.182e+02 1 0)
|            ( - 1.964e+02 1 0))
|        ( QUESTION0_3_R 1 6.970e+02 1.201e+02 4.207e+01
|            ( - 3.050e+02 1 0)
|            ( - 2.720e+02 1 0))))
s>    ( QUESTION15 -1 3.379e+03 2.603e+02 1.669e+02
s>        ( QUESTION0_3_R 1 1.209e+03 1.293e+02 6.571e+01
s>            ( - 8.577e+02 1 0)
s>            ( - 2.218e+02 1 0))
s>        ( QUESTION2_13_L -1 1.910e+03 1.821e+02 1.012e+02
s>            ( QUESTION1 1 1.030e+03 1.158e+02 5.916e+01
s>                ( - 7.182e+02 1 0)
s>                ( - 1.964e+02 1 0))
s>            ( QUESTION0_3_R 1 6.970e+02 1.201e+02 4.207e+01
s>                ( - 3.050e+02 1 0)
s>                ( - 2.720e+02 1 0))))INFO: dtree.c(1315): Comp split 14
INFO: dtree.c(1439): stop. leaf nodes are specific
INFO: dtree.c(1478): Final simple tree
|( QUESTION0_3_R 1 8.449e+03 1.921e+02 4.387e+02
|    ( - 8.987e+02 1 0)
|    ( QUESTION1 -1 7.358e+03 1.448e+02 3.871e+02
|        ( - 6.907e+03 2 0)
|        ( - 3.058e+02 1 0)))
s>    ( QUESTION0_3_R 1 8.449e+03 1.921e+02 4.387e+02
s>        ( - 8.987e+02 1 0)
s>        ( QUESTION1 -1 7.358e+03 1.448e+02 3.871e+02
s>            ( - 6.907e+03 2 0)
s>            ( - 3.058e+02 1 0)))INFO: dtree.c(1315): Comp split 15
INFO: dtree.c(1439): stop. leaf nodes are specific
INFO: dtree.c(1478): Final simple tree
|( QUESTION0 -1 5.684e+03 1.991e+02 3.480e+02
|    ( - 4.978e+03 1 0)
|    ( - 5.061e+02 1 0))
s>    ( QUESTION0 -1 5.684e+03 1.991e+02 3.480e+02
s>        ( - 4.978e+03 1 0)
s>        ( - 5.061e+02 1 0))INFO: dtree.c(1439): stop. leaf nodes are specific
INFO: dtree.c(1478): Final simple tree
|( QUESTION1 -1 9.850e+03 3.012e+02 5.399e+02
|    ( WDBNDRY_E 0 6.408e+03 2.748e+02 3.686e+02
|        ( - 4.138e+02 1 0)
|        ( - 5.719e+03 1 0))
|    ( QUESTION0 -1 3.141e+03 1.614e+02 1.713e+02
|        ( - 2.665e+03 1 0)
|        ( - 3.142e+02 1 0)))
s>    ( QUESTION1 -1 9.850e+03 3.012e+02 5.399e+02
s>        ( WDBNDRY_E 0 6.408e+03 2.748e+02 3.686e+02
s>            ( - 4.138e+02 1 0)
s>            ( - 5.719e+03 1 0))
s>        ( QUESTION0 -1 3.141e+03 1.614e+02 1.713e+02
s>            ( - 2.665e+03 1 0)
s>            ( - 3.142e+02 1 0)))INFO: dtree.c(1315): Comp split 16
INFO: dtree.c(1439): stop. leaf nodes are specific
INFO: dtree.c(1478): Final simple tree
|( QUESTION0_7_R 1 5.175e+03 3.052e+02 2.522e+02
|    ( - 2.678e+03 1 0)
|    ( QUESTION0_19_R 1 2.192e+03 2.047e+02 1.113e+02
|        ( - 1.258e+03 1 0)
|        ( - 7.294e+02 1 0)))
s>    ( QUESTION0_7_R 1 5.175e+03 3.052e+02 2.522e+02
s>        ( - 2.678e+03 1 0)
s>        ( QUESTION0_19_R 1 2.192e+03 2.047e+02 1.113e+02
s>            ( - 1.258e+03 1 0)
s>            ( - 7.294e+02 1 0)))INFO: dtree.c(1439): stop. leaf nodes are specific
INFO: dtree.c(1478): Final simple tree
|( WDBNDRY_E 0 1.601e+04 3.668e+02 8.165e+02
|    ( - 1.165e+04 1 0)
|    ( - 3.997e+03 2 0))
s>    ( WDBNDRY_E 0 1.601e+04 3.668e+02 8.165e+02
s>        ( - 1.165e+04 1 0)
s>        ( - 3.997e+03 2 0))INFO: dtree.c(1315): Comp split 17
INFO: dtree.c(1439): stop. leaf nodes are specific
INFO: dtree.c(1478): Final simple tree
|( QUESTION0_15_R 1 5.331e+03 3.092e+02 2.953e+02
|    ( QUESTION1 -1 2.279e+03 1.943e+02 1.376e+02
|        ( - 7.614e+02 1 0)
|        ( - 1.323e+03 1 0))
|    ( WDBNDRY_E 0 2.743e+03 1.659e+02 1.577e+02
|        ( - 2.185e+03 1 0)
|        ( - 3.926e+02 1 0)))
s>    ( QUESTION0_15_R 1 5.331e+03 3.092e+02 2.953e+02
s>        ( QUESTION1 -1 2.279e+03 1.943e+02 1.376e+02
s>            ( - 7.614e+02 1 0)
s>            ( - 1.323e+03 1 0))
s>        ( WDBNDRY_E 0 2.743e+03 1.659e+02 1.577e+02
s>            ( - 2.185e+03 1 0)
s>            ( - 3.926e+02 1 0)))INFO: dtree.c(1439): stop. leaf nodes are specific
INFO: dtree.c(1478): Final simple tree
|( QUESTION0_15_R 1 4.633e+03 2.463e+02 2.598e+02
|    ( WDBNDRY_E 0 2.091e+03 1.525e+02 1.258e+02
|        ( - 9.727e+02 1 0)
|        ( - 9.661e+02 1 0))
|    ( QUESTION1 -1 2.295e+03 1.855e+02 1.340e+02
|        ( - 7.295e+02 1 0)
|        ( - 1.380e+03 1 0)))
s>    ( QUESTION0_15_R 1 4.633e+03 2.463e+02 2.598e+02
s>        ( WDBNDRY_E 0 2.091e+03 1.525e+02 1.258e+02
s>            ( - 9.727e+02 1 0)
s>            ( - 9.661e+02 1 0))
s>        ( QUESTION1 -1 2.295e+03 1.855e+02 1.340e+02
s>            ( - 7.295e+02 1 0)
s>            ( - 1.380e+03 1 0)))INFO: dtree.c(1315): Comp split 18
INFO: dtree.c(1439): stop. leaf nodes are specific
INFO: dtree.c(1478): Final simple tree
|( QUESTION2_1_L -1 6.771e+03 2.834e+02 3.456e+02
|    ( - 4.173e+03 2 0)
|    ( QUESTION1 -1 2.315e+03 2.219e+02 1.272e+02
|        ( WDBNDRY_E 0 1.431e+03 1.618e+02 8.202e+01
|            ( - 6.111e+02 1 0)
|            ( - 6.578e+02 1 0))
|        ( - 6.623e+02 1 0)))
s>    ( QUESTION2_1_L -1 6.771e+03 2.834e+02 3.456e+02
s>        ( - 4.173e+03 2 0)
s>        ( QUESTION1 -1 2.315e+03 2.219e+02 1.272e+02
s>            ( WDBNDRY_E 0 1.431e+03 1.618e+02 8.202e+01
s>                ( - 6.111e+02 1 0)
s>                ( - 6.578e+02 1 0))
s>            ( - 6.623e+02 1 0)))INFO: dtree.c(1439): stop. leaf nodes are specific
INFO: dtree.c(1478): Final simple tree
|( QUESTION0_8_R 1 9.852e+03 3.305e+02 4.938e+02
|    ( - 5.003e+03 1 0)
|    ( WDBNDRY_E 0 4.519e+03 1.677e+02 2.331e+02
|        ( - 4.021e+03 1 0)
|        ( - 3.297e+02 1 0)))
s>    ( QUESTION0_8_R 1 9.852e+03 3.305e+02 4.938e+02
s>        ( - 5.003e+03 1 0)
s>        ( WDBNDRY_E 0 4.519e+03 1.677e+02 2.331e+02
s>            ( - 4.021e+03 1 0)
s>            ( - 3.297e+02 1 0)))INFO: dtree.c(1315): Comp split 19
INFO: dtree.c(1439): stop. leaf nodes are specific
INFO: dtree.c(1478): Final simple tree
|( QUESTION3 -1 2.907e+03 1.831e+02 1.558e+02
|    ( - 3.673e+02 1 0)
|    ( - 2.356e+03 2 0))
s>    ( QUESTION3 -1 2.907e+03 1.831e+02 1.558e+02
s>        ( - 3.673e+02 1 0)
s>        ( - 2.356e+03 2 0))INFO: dtree.c(1439): stop. leaf nodes are specific
INFO: dtree.c(1478): Final simple tree
|( QUESTION2_1_L -1 1.417e+04 1.897e+02 7.196e+02
|    ( - 1.364e+04 1 0)
|    ( - 3.381e+02 1 0))
s>    ( QUESTION2_1_L -1 1.417e+04 1.897e+02 7.196e+02
s>        ( - 1.364e+04 1 0)
s>        ( - 3.381e+02 1 0))INFO: dtree.c(1315): Comp split 20
INFO: dtree.c(1315): Comp split 21
INFO: dtree.c(1439): stop. leaf nodes are specific
INFO: dtree.c(1478): Final simple tree
|( WDBNDRY_E 0 3.958e+03 2.922e+02 2.085e+02
|    ( QUESTION0_17_R 1 1.857e+03 1.285e+02 1.045e+02
|        ( - 1.548e+03 1 0)
|        ( - 1.799e+02 1 0))
|    ( QUESTION0_3_R 1 1.809e+03 1.720e+02 1.041e+02
|        ( - 1.041e+03 1 0)
|        ( - 5.963e+02 1 0)))
s>    ( WDBNDRY_E 0 3.958e+03 2.922e+02 2.085e+02
s>        ( QUESTION0_17_R 1 1.857e+03 1.285e+02 1.045e+02
s>            ( - 1.548e+03 1 0)
s>            ( - 1.799e+02 1 0))
s>        ( QUESTION0_3_R 1 1.809e+03 1.720e+02 1.041e+02
s>            ( - 1.041e+03 1 0)
s>            ( - 5.963e+02 1 0)))INFO: dtree.c(1439): stop. leaf nodes are specific
INFO: dtree.c(1478): Final simple tree
|( WDBNDRY_E 0 2.018e+03 9.764e+01 1.137e+02
|    ( - 1.992e+02 1 0)
|    ( - 1.721e+03 1 0))
s>    ( WDBNDRY_E 0 2.018e+03 9.764e+01 1.137e+02
s>        ( - 1.992e+02 1 0)
s>        ( - 1.721e+03 1 0))INFO: dtree.c(1315): Comp split 22
INFO: dtree.c(1315): Comp split 23
INFO: dtree.c(1439): stop. leaf nodes are specific
INFO: dtree.c(1478): Final simple tree
|( QUESTION2 -1 3.770e+03 2.593e+02 1.973e+02
|    ( - 2.665e+03 1 0)
|    ( WDBNDRY_E 0 8.458e+02 1.178e+02 4.683e+01
|        ( - 4.138e+02 1 0)
|        ( - 3.142e+02 1 0)))
s>    ( QUESTION2 -1 3.770e+03 2.593e+02 1.973e+02
s>        ( - 2.665e+03 1 0)
s>        ( WDBNDRY_E 0 8.458e+02 1.178e+02 4.683e+01
s>            ( - 4.138e+02 1 0)
s>            ( - 3.142e+02 1 0)))INFO: dtree.c(1315): Comp split 24
INFO: dtree.c(1439): stop. leaf nodes are specific
INFO: dtree.c(1478): Final simple tree
|( WDBNDRY_E 0 4.519e+03 1.677e+02 2.331e+02
|    ( - 4.021e+03 1 0)
|    ( - 3.297e+02 1 0))
s>    ( WDBNDRY_E 0 4.519e+03 1.677e+02 2.331e+02
s>        ( - 4.021e+03 1 0)
s>        ( - 3.297e+02 1 0))INFO: dtree.c(1315): Comp split 25
INFO: dtree.c(1439): stop. leaf nodes are specific
INFO: dtree.c(1478): Final simple tree
|( WDBNDRY_E 0 2.743e+03 1.659e+02 1.577e+02
|    ( - 2.185e+03 1 0)
|    ( - 3.926e+02 1 0))
s>    ( WDBNDRY_E 0 2.743e+03 1.659e+02 1.577e+02
s>        ( - 2.185e+03 1 0)
s>        ( - 3.926e+02 1 0))INFO: dtree.c(1439): stop. leaf nodes are specific
INFO: dtree.c(1478): Final simple tree
|( QUESTION1 -1 2.279e+03 1.943e+02 1.376e+02
|    ( - 7.614e+02 1 0)
|    ( - 1.323e+03 1 0))
s>    ( QUESTION1 -1 2.279e+03 1.943e+02 1.376e+02
s>        ( - 7.614e+02 1 0)
s>        ( - 1.323e+03 1 0))INFO: dtree.c(1315): Comp split 26
INFO: dtree.c(1439): stop. leaf nodes are specific
INFO: dtree.c(1478): Final simple tree
|( QUESTION0_19_R 1 2.192e+03 2.047e+02 1.113e+02
|    ( - 1.258e+03 1 0)
|    ( - 7.294e+02 1 0))
s>    ( QUESTION0_19_R 1 2.192e+03 2.047e+02 1.113e+02
s>        ( - 1.258e+03 1 0)
s>        ( - 7.294e+02 1 0))INFO: dtree.c(1315): Comp split 27
INFO: dtree.c(1439): stop. leaf nodes are specific
INFO: dtree.c(1478): Final simple tree
|( QUESTION1 -1 1.500e+03 1.800e+02 8.923e+01
|    ( - 6.578e+02 1 0)
|    ( - 6.623e+02 1 0))
s>    ( QUESTION1 -1 1.500e+03 1.800e+02 8.923e+01
s>        ( - 6.578e+02 1 0)
s>        ( - 6.623e+02 1 0))INFO: dtree.c(1439): stop. leaf nodes are specific
INFO: dtree.c(1478): Final simple tree
|( WDBNDRY_E 0 4.974e+03 1.898e+02 2.563e+02
|    ( - 6.111e+02 1 0)
|    ( - 4.173e+03 2 0))
s>    ( WDBNDRY_E 0 4.974e+03 1.898e+02 2.563e+02
s>        ( - 6.111e+02 1 0)
s>        ( - 4.173e+03 2 0))INFO: dtree.c(1315): Comp split 28
INFO: dtree.c(1439): stop. leaf nodes are specific
INFO: dtree.c(1478): Final simple tree
|( QUESTION0 1 3.301e+03 2.557e+02 1.676e+02
|    ( - 1.527e+03 1 0)
|    ( QUESTION0_15_R 1 1.518e+03 1.440e+02 8.182e+01
|        ( - 1.081e+03 1 0)
|        ( - 2.928e+02 1 0)))
s>    ( QUESTION0 1 3.301e+03 2.557e+02 1.676e+02
s>        ( - 1.527e+03 1 0)
s>        ( QUESTION0_15_R 1 1.518e+03 1.440e+02 8.182e+01
s>            ( - 1.081e+03 1 0)
s>            ( - 2.928e+02 1 0)))INFO: dtree.c(1315): Comp split 29
INFO: dtree.c(1439): stop. leaf nodes are specific
INFO: dtree.c(1478): Final simple tree
|( QUESTION0_3_R 1 1.809e+03 1.720e+02 1.041e+02
|    ( - 1.041e+03 1 0)
|    ( - 5.963e+02 1 0))
s>    ( QUESTION0_3_R 1 1.809e+03 1.720e+02 1.041e+02
s>        ( - 1.041e+03 1 0)
s>        ( - 5.963e+02 1 0))INFO: dtree.c(1439): stop. leaf nodes are specific
INFO: dtree.c(1478): Final simple tree
|( QUESTION0_17_R 1 1.857e+03 1.285e+02 1.045e+02
|    ( - 1.548e+03 1 0)
|    ( - 1.799e+02 1 0))
s>    ( QUESTION0_17_R 1 1.857e+03 1.285e+02 1.045e+02
s>        ( - 1.548e+03 1 0)
s>        ( - 1.799e+02 1 0))INFO: dtree.c(1315): Comp split 30
INFO: dtree.c(1439): stop. leaf nodes are specific
INFO: dtree.c(1478): Final simple tree
|( QUESTION1 1 1.157e+03 1.339e+02 6.516e+01
|    ( - 7.182e+02 1 0)
|    ( - 3.050e+02 1 0))
s>    ( QUESTION1 1 1.157e+03 1.339e+02 6.516e+01
s>        ( - 7.182e+02 1 0)
s>        ( - 3.050e+02 1 0))INFO: dtree.c(1439): stop. leaf nodes are specific
INFO: dtree.c(1478): Final simple tree
|( QUESTION2_0_L -1 1.952e+03 1.988e+02 1.018e+02
|    ( - 8.577e+02 1 0)
|    ( QUESTION6 -1 8.951e+02 1.190e+02 5.143e+01
|        ( - 2.720e+02 1 0)
|        ( QUESTION0_3_R 1 5.041e+02 8.599e+01 3.036e+01
|            ( - 1.964e+02 1 0)
|            ( - 2.218e+02 1 0))))
s>    ( QUESTION2_0_L -1 1.952e+03 1.988e+02 1.018e+02
s>        ( - 8.577e+02 1 0)
s>        ( QUESTION6 -1 8.951e+02 1.190e+02 5.143e+01
s>            ( - 2.720e+02 1 0)
s>            ( QUESTION0_3_R 1 5.041e+02 8.599e+01 3.036e+01
s>                ( - 1.964e+02 1 0)
s>                ( - 2.218e+02 1 0))))INFO: dtree.c(1315): Comp split 31
INFO: dtree.c(1439): stop. leaf nodes are specific
INFO: dtree.c(1478): Final simple tree
|( WDBNDRY_E 0 8.458e+02 1.178e+02 4.683e+01
|    ( - 4.138e+02 1 0)
|    ( - 3.142e+02 1 0))
s>    ( WDBNDRY_E 0 8.458e+02 1.178e+02 4.683e+01
s>        ( - 4.138e+02 1 0)
s>        ( - 3.142e+02 1 0))INFO: dtree.c(1315): Comp split 32
INFO: dtree.c(1439): stop. leaf nodes are specific
INFO: dtree.c(1478): Final simple tree
|( QUESTION0_15_R 1 1.518e+03 1.440e+02 8.182e+01
|    ( - 1.081e+03 1 0)
|    ( - 2.928e+02 1 0))
s>    ( QUESTION0_15_R 1 1.518e+03 1.440e+02 8.182e+01
s>        ( - 1.081e+03 1 0)
s>        ( - 2.928e+02 1 0))INFO: dtree.c(1315): Comp split 33
INFO: dtree.c(1439): stop. leaf nodes are specific
INFO: dtree.c(1478): Final simple tree
|( QUESTION1 -1 2.295e+03 1.855e+02 1.340e+02
|    ( - 7.295e+02 1 0)
|    ( - 1.380e+03 1 0))
s>    ( QUESTION1 -1 2.295e+03 1.855e+02 1.340e+02
s>        ( - 7.295e+02 1 0)
s>        ( - 1.380e+03 1 0))INFO: dtree.c(1439): stop. leaf nodes are specific
INFO: dtree.c(1478): Final simple tree
|( WDBNDRY_E 0 2.091e+03 1.525e+02 1.258e+02
|    ( - 9.727e+02 1 0)
|    ( - 9.661e+02 1 0))
s>    ( WDBNDRY_E 0 2.091e+03 1.525e+02 1.258e+02
s>        ( - 9.727e+02 1 0)
s>        ( - 9.661e+02 1 0))INFO: dtree.c(1315): Comp split 34
INFO: dtree.c(1439): stop. leaf nodes are specific
INFO: dtree.c(1478): Final simple tree
|( WDBNDRY_B 0 3.595e+03 1.104e+02 2.163e+02
|    ( - 2.799e+02 1 0)
|    ( - 3.205e+03 1 0))
s>    ( WDBNDRY_B 0 3.595e+03 1.104e+02 2.163e+02
s>        ( - 2.799e+02 1 0)
s>        ( - 3.205e+03 1 0))INFO: dtree.c(1315): Comp split 35
INFO: dtree.c(1439): stop. leaf nodes are specific
INFO: dtree.c(1478): Final simple tree
|( QUESTION0_3_R 1 1.325e+03 1.207e+02 7.345e+01
|    ( - 8.987e+02 1 0)
|    ( - 3.058e+02 1 0))
s>    ( QUESTION0_3_R 1 1.325e+03 1.207e+02 7.345e+01
s>        ( - 8.987e+02 1 0)
s>        ( - 3.058e+02 1 0))INFO: dtree.c(1315): Comp split 36
INFO: dtree.c(1315): Comp split 37
INFO: dtree.c(1315): Comp split 38
INFO: dtree.c(1439): stop. leaf nodes are specific
INFO: dtree.c(1478): Final simple tree
|( QUESTION6 -1 8.951e+02 1.190e+02 5.143e+01
|    ( - 2.720e+02 1 0)
|    ( QUESTION0_3_R 1 5.041e+02 8.599e+01 3.036e+01
|        ( - 1.964e+02 1 0)
|        ( - 2.218e+02 1 0)))
s>    ( QUESTION6 -1 8.951e+02 1.190e+02 5.143e+01
s>        ( - 2.720e+02 1 0)
s>        ( QUESTION0_3_R 1 5.041e+02 8.599e+01 3.036e+01
s>            ( - 1.964e+02 1 0)
s>            ( - 2.218e+02 1 0)))INFO: dtree.c(1315): Comp split 39
INFO: dtree.c(1315): Comp split 40
INFO: dtree.c(1315): Comp split 41
INFO: dtree.c(1315): Comp split 42
INFO: dtree.c(1315): Comp split 43
INFO: dtree.c(1315): Comp split 44
INFO: dtree.c(1315): Comp split 45
INFO: dtree.c(1315): Comp split 46
INFO: dtree.c(1315): Comp split 47
INFO: dtree.c(1315): Comp split 48
INFO: dtree.c(1315): Comp split 49
INFO: dtree.c(1315): Comp split 50
INFO: dtree.c(1315): Comp split 51
INFO: dtree.c(1315): Comp split 52
INFO: dtree.c(1315): Comp split 53
INFO: dtree.c(1315): Comp split 54
INFO: dtree.c(1439): stop. leaf nodes are specific
INFO: dtree.c(1478): Final simple tree
|( QUESTION0_3_R 1 5.041e+02 8.599e+01 3.036e+01
|    ( - 1.964e+02 1 0)
|    ( - 2.218e+02 1 0))
s>    ( QUESTION0_3_R 1 5.041e+02 8.599e+01 3.036e+01
s>        ( - 1.964e+02 1 0)
s>        ( - 2.218e+02 1 0))INFO: dtree.c(1315): Comp split 55
INFO: dtree.c(1315): Comp split 56
INFO: dtree.c(1315): Comp split 57
INFO: dtree.c(1315): Comp split 58
INFO: dtree.c(1315): Comp split 59
INFO: dtree.c(1318): stop. leaf nodes are specific
Fri Dec  3 07:39:13 2021
