Current configuration:
[NAME]		[DEFLT]	[VALUE]
-allphones	no	no
-cntthresh	0.00001	1.000000e-05
-csplitmax	100	2000
-csplitmin	1	1
-csplitthr	8e-4	0.000000e+00
-example	no	no
-fullvar	no	no
-help		no	no
-meanfn			
-mixwfn			/home/azhar/Tubes_Speech/commandreminder/model_parameters/commandreminder.cd_ptm_untied/mixture_weights
-moddeffn		/home/azhar/Tubes_Speech/commandreminder/model_architecture/commandreminder.untied.mdef
-mwfloor	1e-4	1.000000e-08
-phone			B
-psetfn			/home/azhar/Tubes_Speech/commandreminder/model_architecture/commandreminder.tree_questions
-ssplitmax	5	7
-ssplitmin	1	1
-ssplitthr	8e-4	0.000000e+00
-state			2
-stwt			1.0,0.05,0.0,
-treefn			/home/azhar/Tubes_Speech/commandreminder/trees/commandreminder.unpruned/B-2.dtree
-ts2cbfn	.semi.	.semi.
-varfloor	0.00001	1.000000e-05
-varfn			

INFO: main.c(223): Reading: /home/azhar/Tubes_Speech/commandreminder/model_architecture/commandreminder.untied.mdef
INFO: model_def_io.c(573): Model definition info:
INFO: model_def_io.c(574): 1061 total models defined (31 base, 1030 tri)
INFO: model_def_io.c(575): 4244 total states
INFO: model_def_io.c(576): 3183 total tied states
INFO: model_def_io.c(577): 93 total tied CI states
INFO: model_def_io.c(578): 31 total tied transition matrices
INFO: model_def_io.c(579): 4 max state/model
INFO: model_def_io.c(580): 4 min state/model
INFO: main.c(242): Building trees for [B A E b] through [B U U i]
INFO: main.c(269): Covering states |[603 701]| == 99
INFO: main.c(275): Reading: /home/azhar/Tubes_Speech/commandreminder/model_parameters/commandreminder.cd_ptm_untied/mixture_weights
INFO: s3mixw_io.c(173): Read /home/azhar/Tubes_Speech/commandreminder/model_parameters/commandreminder.cd_ptm_untied/mixture_weights [99x4x64 array]
INFO: main.c(311): 33 of 33 models have observation count greater than 0.000010
INFO: main.c(95): nrm stwt: 0.000 0.048 0.952 
INFO: main.c(411): 33-class entropy: 5.550460e+04
INFO: main.c(549): Reading: /home/azhar/Tubes_Speech/commandreminder/model_architecture/commandreminder.tree_questions
INFO: main.c(588): 174 total simple questions (166 phone; 8 word bndry)
INFO: main.c(590): 40 Left Only questions, and 42 Right Only questions
INFO: dtree.c(1478): Final simple tree
|( QUESTION1 1 7.451e+04 5.760e+03 3.394e+03
|    ( WDBNDRY_B 0 3.132e+04 1.944e+03 1.589e+03
|        ( QUESTION0_3_R 1 2.207e+04 8.373e+02 1.113e+03
|            ( QUESTION2_6_L -1 1.567e+04 4.417e+02 7.845e+02
|                ( - 7.968e+03 3 0 QUESTION0 -1 2.700e+02 4.271e+02)
|                ( - 7.263e+03 5 0 QUESTION2_0_L -1 2.321e+02 3.573e+02))
|            ( - 5.558e+03 3 0 QUESTION0 -1 1.809e+02 3.289e+02))
|        ( - 7.312e+03 2 0 QUESTION0_3_R 1 2.772e+02 4.754e+02))
|    ( QUESTION4 1 3.742e+04 2.555e+03 1.806e+03
|        ( - 2.037e+04 12 0 WDBNDRY_B 0 4.099e+02 1.093e+03)
|        ( QUESTION0_7_R 1 1.450e+04 1.530e+03 7.130e+02
|            ( - 2.807e+03 2 0 WDBNDRY_E 0 1.799e+02 1.760e+02)
|            ( QUESTION0_0_R 1 1.016e+04 7.582e+02 5.370e+02
|                ( - 6.652e+03 4 0 WDBNDRY_B 0 2.657e+02 3.929e+02)
|                ( - 2.754e+03 2 0 QUESTION2_1_L -1 2.565e+02 1.441e+02)))))
s>    ( QUESTION1 1 7.451e+04 5.760e+03 3.394e+03
s>        ( WDBNDRY_B 0 3.132e+04 1.944e+03 1.589e+03
s>            ( QUESTION0_3_R 1 2.207e+04 8.373e+02 1.113e+03
s>                ( QUESTION2_6_L -1 1.567e+04 4.417e+02 7.845e+02
s>                    ( - 7.968e+03 3 0 QUESTION0 -1 2.700e+02 4.271e+02)
s>                    ( - 7.263e+03 5 0 QUESTION2_0_L -1 2.321e+02 3.573e+02))
s>                ( - 5.558e+03 3 0 QUESTION0 -1 1.809e+02 3.289e+02))
s>            ( - 7.312e+03 2 0 QUESTION0_3_R 1 2.772e+02 4.754e+02))
s>        ( QUESTION4 1 3.742e+04 2.555e+03 1.806e+03
s>            ( - 2.037e+04 12 0 WDBNDRY_B 0 4.099e+02 1.093e+03)
s>            ( QUESTION0_7_R 1 1.450e+04 1.530e+03 7.130e+02
s>                ( - 2.807e+03 2 0 WDBNDRY_E 0 1.799e+02 1.760e+02)
s>                ( QUESTION0_0_R 1 1.016e+04 7.582e+02 5.370e+02
s>                    ( - 6.652e+03 4 0 WDBNDRY_B 0 2.657e+02 3.929e+02)
s>                    ( - 2.754e+03 2 0 QUESTION2_1_L -1 2.565e+02 1.441e+02)))))INFO: dtree.c(1315): Comp split 0
INFO: dtree.c(1478): Final simple tree
|( QUESTION0_1_R 1 4.011e+04 2.136e+03 1.982e+03
|    ( WDBNDRY_B 0 6.652e+03 2.657e+02 3.929e+02
|        ( - 2.518e+03 3 0 QUESTION1 -1 1.325e+02 1.504e+02)
|        ( - 3.869e+03 1 0))
|    ( WDBNDRY_B 0 3.132e+04 1.944e+03 1.589e+03
|        ( QUESTION0_3_R 1 2.207e+04 8.373e+02 1.113e+03
|            ( QUESTION2_6_L -1 1.567e+04 4.417e+02 7.845e+02
|                ( QUESTION0 -1 7.968e+03 2.700e+02 4.271e+02
|                    ( - 1.460e+03 1 0)
|                    ( - 6.238e+03 2 0))
|                ( - 7.263e+03 5 0 QUESTION2_0_L -1 2.321e+02 3.573e+02))
|            ( - 5.558e+03 3 0 QUESTION0 -1 1.809e+02 3.289e+02))
|        ( QUESTION0_3_R 1 7.312e+03 2.772e+02 4.754e+02
|            ( - 5.921e+03 1 0)
|            ( - 1.114e+03 1 0))))
s>    ( QUESTION0_1_R 1 4.011e+04 2.136e+03 1.982e+03
s>        ( WDBNDRY_B 0 6.652e+03 2.657e+02 3.929e+02
s>            ( - 2.518e+03 3 0 QUESTION1 -1 1.325e+02 1.504e+02)
s>            ( - 3.869e+03 1 0))
s>        ( WDBNDRY_B 0 3.132e+04 1.944e+03 1.589e+03
s>            ( QUESTION0_3_R 1 2.207e+04 8.373e+02 1.113e+03
s>                ( QUESTION2_6_L -1 1.567e+04 4.417e+02 7.845e+02
s>                    ( QUESTION0 -1 7.968e+03 2.700e+02 4.271e+02
s>                        ( - 1.460e+03 1 0)
s>                        ( - 6.238e+03 2 0))
s>                    ( - 7.263e+03 5 0 QUESTION2_0_L -1 2.321e+02 3.573e+02))
s>                ( - 5.558e+03 3 0 QUESTION0 -1 1.809e+02 3.289e+02))
s>            ( QUESTION0_3_R 1 7.312e+03 2.772e+02 4.754e+02
s>                ( - 5.921e+03 1 0)
s>                ( - 1.114e+03 1 0))))INFO: dtree.c(1478): Final simple tree
|( QUESTION0_7_R 1 2.843e+04 1.884e+03 1.413e+03
|    ( - 2.807e+03 2 0 WDBNDRY_E 0 1.799e+02 1.760e+02)
|    ( QUESTION0_0_R 1 2.374e+04 6.154e+02 1.237e+03
|        ( WDBNDRY_B 0 2.037e+04 4.099e+02 1.093e+03
|            ( QUESTION1 -1 1.418e+04 3.808e+02 7.690e+02
|                ( - 7.087e+03 1 0)
|                ( QUESTION0 -1 6.715e+03 2.275e+02 3.664e+02
|                    ( - 2.836e+03 1 0)
|                    ( - 3.651e+03 6 0 QUESTION19 -1 1.678e+02 2.001e+02)))
|            ( QUESTION0_1_R 1 5.774e+03 2.568e+02 3.236e+02
|                ( - 4.445e+03 3 0 QUESTION1 -1 2.011e+02 2.565e+02)
|                ( - 1.072e+03 1 0)))
|        ( QUESTION2_1_L -1 2.754e+03 2.565e+02 1.441e+02
|            ( - 5.476e+02 1 0)
|            ( - 1.950e+03 1 0))))
s>    ( QUESTION0_7_R 1 2.843e+04 1.884e+03 1.413e+03
s>        ( - 2.807e+03 2 0 WDBNDRY_E 0 1.799e+02 1.760e+02)
s>        ( QUESTION0_0_R 1 2.374e+04 6.154e+02 1.237e+03
s>            ( WDBNDRY_B 0 2.037e+04 4.099e+02 1.093e+03
s>                ( QUESTION1 -1 1.418e+04 3.808e+02 7.690e+02
s>                    ( - 7.087e+03 1 0)
s>                    ( QUESTION0 -1 6.715e+03 2.275e+02 3.664e+02
s>                        ( - 2.836e+03 1 0)
s>                        ( - 3.651e+03 6 0 QUESTION19 -1 1.678e+02 2.001e+02)))
s>                ( QUESTION0_1_R 1 5.774e+03 2.568e+02 3.236e+02
s>                    ( - 4.445e+03 3 0 QUESTION1 -1 2.011e+02 2.565e+02)
s>                    ( - 1.072e+03 1 0)))
s>            ( QUESTION2_1_L -1 2.754e+03 2.565e+02 1.441e+02
s>                ( - 5.476e+02 1 0)
s>                ( - 1.950e+03 1 0))))INFO: dtree.c(1315): Comp split 1
INFO: dtree.c(1478): Final simple tree
|( QUESTION0_1_R 1 2.368e+04 1.352e+03 1.177e+03
|    ( WDBNDRY_B 0 6.652e+03 2.657e+02 3.929e+02
|        ( QUESTION1 -1 2.518e+03 1.325e+02 1.504e+02
|            ( - 1.452e+03 1 0)
|            ( - 9.336e+02 2 0 QUESTION0 -1 6.783e+01 6.361e+01))
|        ( - 3.869e+03 1 0))
|    ( QUESTION2_6_L -1 1.567e+04 4.417e+02 7.845e+02
|        ( QUESTION0 -1 7.968e+03 2.700e+02 4.271e+02
|            ( - 1.460e+03 1 0)
|            ( - 6.238e+03 2 0))
|        ( QUESTION2_0_L -1 7.263e+03 2.321e+02 3.573e+02
|            ( - 5.852e+03 2 0)
|            ( QUESTION0 -1 1.179e+03 1.310e+02 6.552e+01
|                ( - 2.956e+02 1 0)
|                ( - 7.523e+02 2 0)))))
s>    ( QUESTION0_1_R 1 2.368e+04 1.352e+03 1.177e+03
s>        ( WDBNDRY_B 0 6.652e+03 2.657e+02 3.929e+02
s>            ( QUESTION1 -1 2.518e+03 1.325e+02 1.504e+02
s>                ( - 1.452e+03 1 0)
s>                ( - 9.336e+02 2 0 QUESTION0 -1 6.783e+01 6.361e+01))
s>            ( - 3.869e+03 1 0))
s>        ( QUESTION2_6_L -1 1.567e+04 4.417e+02 7.845e+02
s>            ( QUESTION0 -1 7.968e+03 2.700e+02 4.271e+02
s>                ( - 1.460e+03 1 0)
s>                ( - 6.238e+03 2 0))
s>            ( QUESTION2_0_L -1 7.263e+03 2.321e+02 3.573e+02
s>                ( - 5.852e+03 2 0)
s>                ( QUESTION0 -1 1.179e+03 1.310e+02 6.552e+01
s>                    ( - 2.956e+02 1 0)
s>                    ( - 7.523e+02 2 0)))))INFO: dtree.c(1439): stop. leaf nodes are specific
INFO: dtree.c(1478): Final simple tree
|( QUESTION0_3_R 1 1.374e+04 9.539e+02 8.043e+02
|    ( - 5.921e+03 1 0)
|    ( QUESTION0 -1 6.864e+03 1.940e+02 4.069e+02
|        ( QUESTION1 -1 3.222e+03 1.265e+02 1.973e+02
|            ( - 2.444e+03 1 0)
|            ( - 6.524e+02 1 0))
|        ( WDBNDRY_B 0 3.448e+03 1.789e+02 2.095e+02
|            ( - 2.155e+03 1 0)
|            ( - 1.114e+03 1 0))))
s>    ( QUESTION0_3_R 1 1.374e+04 9.539e+02 8.043e+02
s>        ( - 5.921e+03 1 0)
s>        ( QUESTION0 -1 6.864e+03 1.940e+02 4.069e+02
s>            ( QUESTION1 -1 3.222e+03 1.265e+02 1.973e+02
s>                ( - 2.444e+03 1 0)
s>                ( - 6.524e+02 1 0))
s>            ( WDBNDRY_B 0 3.448e+03 1.789e+02 2.095e+02
s>                ( - 2.155e+03 1 0)
s>                ( - 1.114e+03 1 0))))INFO: dtree.c(1315): Comp split 2
INFO: dtree.c(1478): Final simple tree
|( QUESTION0_0_R 1 2.279e+04 4.777e+02 1.200e+03
|    ( WDBNDRY_B 0 2.037e+04 4.099e+02 1.093e+03
|        ( QUESTION1 -1 1.418e+04 3.808e+02 7.690e+02
|            ( - 7.087e+03 1 0)
|            ( QUESTION0 -1 6.715e+03 2.275e+02 3.664e+02
|                ( - 2.836e+03 1 0)
|                ( QUESTION19 -1 3.651e+03 1.678e+02 2.001e+02
|                    ( - 7.835e+02 2 0 QUESTION2_0_L -1 1.067e+02 4.666e+01)
|                    ( - 2.700e+03 4 0 QUESTION14 -1 1.424e+02 1.534e+02))))
|        ( QUESTION0_1_R 1 5.774e+03 2.568e+02 3.236e+02
|            ( QUESTION1 -1 4.445e+03 2.011e+02 2.565e+02
|                ( - 1.022e+03 1 0)
|                ( - 3.222e+03 2 0 QUESTION3 -1 1.029e+02 1.918e+02))
|            ( - 1.072e+03 1 0)))
|    ( - 1.950e+03 1 0))
s>    ( QUESTION0_0_R 1 2.279e+04 4.777e+02 1.200e+03
s>        ( WDBNDRY_B 0 2.037e+04 4.099e+02 1.093e+03
s>            ( QUESTION1 -1 1.418e+04 3.808e+02 7.690e+02
s>                ( - 7.087e+03 1 0)
s>                ( QUESTION0 -1 6.715e+03 2.275e+02 3.664e+02
s>                    ( - 2.836e+03 1 0)
s>                    ( QUESTION19 -1 3.651e+03 1.678e+02 2.001e+02
s>                        ( - 7.835e+02 2 0 QUESTION2_0_L -1 1.067e+02 4.666e+01)
s>                        ( - 2.700e+03 4 0 QUESTION14 -1 1.424e+02 1.534e+02))))
s>            ( QUESTION0_1_R 1 5.774e+03 2.568e+02 3.236e+02
s>                ( QUESTION1 -1 4.445e+03 2.011e+02 2.565e+02
s>                    ( - 1.022e+03 1 0)
s>                    ( - 3.222e+03 2 0 QUESTION3 -1 1.029e+02 1.918e+02))
s>                ( - 1.072e+03 1 0)))
s>        ( - 1.950e+03 1 0))INFO: dtree.c(1439): stop. leaf nodes are specific
INFO: dtree.c(1478): Final simple tree
|( QUESTION0_7_R 1 3.749e+03 3.939e+02 2.124e+02
|    ( WDBNDRY_E 0 2.807e+03 1.799e+02 1.760e+02
|        ( - 3.182e+02 1 0)
|        ( - 2.309e+03 1 0))
|    ( - 5.476e+02 1 0))
s>    ( QUESTION0_7_R 1 3.749e+03 3.939e+02 2.124e+02
s>        ( WDBNDRY_E 0 2.807e+03 1.799e+02 1.760e+02
s>            ( - 3.182e+02 1 0)
s>            ( - 2.309e+03 1 0))
s>        ( - 5.476e+02 1 0))INFO: dtree.c(1315): Comp split 3
INFO: dtree.c(1439): stop. leaf nodes are specific
INFO: dtree.c(1478): Final simple tree
|( QUESTION2_6_L -1 1.567e+04 4.417e+02 7.845e+02
|    ( QUESTION0 -1 7.968e+03 2.700e+02 4.271e+02
|        ( - 1.460e+03 1 0)
|        ( - 6.238e+03 2 0))
|    ( QUESTION2_0_L -1 7.263e+03 2.321e+02 3.573e+02
|        ( - 5.852e+03 2 0)
|        ( QUESTION0 -1 1.179e+03 1.310e+02 6.552e+01
|            ( - 2.956e+02 1 0)
|            ( - 7.523e+02 2 0))))
s>    ( QUESTION2_6_L -1 1.567e+04 4.417e+02 7.845e+02
s>        ( QUESTION0 -1 7.968e+03 2.700e+02 4.271e+02
s>            ( - 1.460e+03 1 0)
s>            ( - 6.238e+03 2 0))
s>        ( QUESTION2_0_L -1 7.263e+03 2.321e+02 3.573e+02
s>            ( - 5.852e+03 2 0)
s>            ( QUESTION0 -1 1.179e+03 1.310e+02 6.552e+01
s>                ( - 2.956e+02 1 0)
s>                ( - 7.523e+02 2 0))))INFO: dtree.c(1439): stop. leaf nodes are specific
INFO: dtree.c(1478): Final simple tree
|( WDBNDRY_B 0 6.652e+03 2.657e+02 3.929e+02
|    ( QUESTION1 -1 2.518e+03 1.325e+02 1.504e+02
|        ( - 1.452e+03 1 0)
|        ( QUESTION0 -1 9.336e+02 6.783e+01 6.361e+01
|            ( - 3.818e+02 1 0)
|            ( - 4.840e+02 1 0)))
|    ( - 3.869e+03 1 0))
s>    ( WDBNDRY_B 0 6.652e+03 2.657e+02 3.929e+02
s>        ( QUESTION1 -1 2.518e+03 1.325e+02 1.504e+02
s>            ( - 1.452e+03 1 0)
s>            ( QUESTION0 -1 9.336e+02 6.783e+01 6.361e+01
s>                ( - 3.818e+02 1 0)
s>                ( - 4.840e+02 1 0)))
s>        ( - 3.869e+03 1 0))INFO: dtree.c(1315): Comp split 4
INFO: dtree.c(1439): stop. leaf nodes are specific
INFO: dtree.c(1478): Final simple tree
|( QUESTION0 -1 6.864e+03 1.940e+02 4.069e+02
|    ( QUESTION1 -1 3.222e+03 1.265e+02 1.973e+02
|        ( - 2.444e+03 1 0)
|        ( - 6.524e+02 1 0))
|    ( WDBNDRY_B 0 3.448e+03 1.789e+02 2.095e+02
|        ( - 2.155e+03 1 0)
|        ( - 1.114e+03 1 0)))
s>    ( QUESTION0 -1 6.864e+03 1.940e+02 4.069e+02
s>        ( QUESTION1 -1 3.222e+03 1.265e+02 1.973e+02
s>            ( - 2.444e+03 1 0)
s>            ( - 6.524e+02 1 0))
s>        ( WDBNDRY_B 0 3.448e+03 1.789e+02 2.095e+02
s>            ( - 2.155e+03 1 0)
s>            ( - 1.114e+03 1 0)))INFO: dtree.c(1315): Comp split 5
INFO: dtree.c(1439): stop. leaf nodes are specific
INFO: dtree.c(1478): Final simple tree
|( WDBNDRY_B 0 8.339e+03 2.301e+02 4.672e+02
|    ( - 7.087e+03 1 0)
|    ( - 1.022e+03 1 0))
s>    ( WDBNDRY_B 0 8.339e+03 2.301e+02 4.672e+02
s>        ( - 7.087e+03 1 0)
s>        ( - 1.022e+03 1 0))INFO: dtree.c(1478): Final simple tree
|( QUESTION0_0_R 1 1.395e+04 4.402e+02 7.331e+02
|    ( WDBNDRY_B 0 1.156e+04 3.262e+02 6.254e+02
|        ( QUESTION0 -1 6.715e+03 2.275e+02 3.664e+02
|            ( - 2.836e+03 1 0)
|            ( QUESTION19 -1 3.651e+03 1.678e+02 2.001e+02
|                ( - 7.835e+02 2 0 QUESTION2_0_L -1 1.067e+02 4.666e+01)
|                ( QUESTION14 -1 2.700e+03 1.424e+02 1.534e+02
|                    ( - 9.786e+02 2 0 QUESTION2_1_L -1 9.271e+01 6.054e+01)
|                    ( QUESTION6 -1 1.579e+03 1.095e+02 9.288e+01
|                        ( - 3.302e+02 1 0)
|                        ( - 1.139e+03 1 0)))))
|        ( QUESTION0_1_R 1 4.522e+03 2.276e+02 2.589e+02
|            ( - 3.222e+03 2 0 QUESTION3 -1 1.029e+02 1.918e+02)
|            ( - 1.072e+03 1 0)))
|    ( - 1.950e+03 1 0))
s>    ( QUESTION0_0_R 1 1.395e+04 4.402e+02 7.331e+02
s>        ( WDBNDRY_B 0 1.156e+04 3.262e+02 6.254e+02
s>            ( QUESTION0 -1 6.715e+03 2.275e+02 3.664e+02
s>                ( - 2.836e+03 1 0)
s>                ( QUESTION19 -1 3.651e+03 1.678e+02 2.001e+02
s>                    ( - 7.835e+02 2 0 QUESTION2_0_L -1 1.067e+02 4.666e+01)
s>                    ( QUESTION14 -1 2.700e+03 1.424e+02 1.534e+02
s>                        ( - 9.786e+02 2 0 QUESTION2_1_L -1 9.271e+01 6.054e+01)
s>                        ( QUESTION6 -1 1.579e+03 1.095e+02 9.288e+01
s>                            ( - 3.302e+02 1 0)
s>                            ( - 1.139e+03 1 0)))))
s>            ( QUESTION0_1_R 1 4.522e+03 2.276e+02 2.589e+02
s>                ( - 3.222e+03 2 0 QUESTION3 -1 1.029e+02 1.918e+02)
s>                ( - 1.072e+03 1 0)))
s>        ( - 1.950e+03 1 0))INFO: dtree.c(1315): Comp split 6
INFO: dtree.c(1439): stop. leaf nodes are specific
INFO: dtree.c(1478): Final simple tree
|( QUESTION2_0_L -1 7.263e+03 2.321e+02 3.573e+02
|    ( - 5.852e+03 2 0)
|    ( QUESTION0 -1 1.179e+03 1.310e+02 6.552e+01
|        ( - 2.956e+02 1 0)
|        ( - 7.523e+02 2 0)))
s>    ( QUESTION2_0_L -1 7.263e+03 2.321e+02 3.573e+02
s>        ( - 5.852e+03 2 0)
s>        ( QUESTION0 -1 1.179e+03 1.310e+02 6.552e+01
s>            ( - 2.956e+02 1 0)
s>            ( - 7.523e+02 2 0)))INFO: dtree.c(1439): stop. leaf nodes are specific
INFO: dtree.c(1478): Final simple tree
|( QUESTION0 -1 7.968e+03 2.700e+02 4.271e+02
|    ( - 1.460e+03 1 0)
|    ( - 6.238e+03 2 0))
s>    ( QUESTION0 -1 7.968e+03 2.700e+02 4.271e+02
s>        ( - 1.460e+03 1 0)
s>        ( - 6.238e+03 2 0))INFO: dtree.c(1315): Comp split 7
INFO: dtree.c(1478): Final simple tree
|( WDBNDRY_B 0 1.156e+04 3.262e+02 6.254e+02
|    ( QUESTION0 -1 6.715e+03 2.275e+02 3.664e+02
|        ( - 2.836e+03 1 0)
|        ( QUESTION19 -1 3.651e+03 1.678e+02 2.001e+02
|            ( QUESTION2_0_L -1 7.835e+02 1.067e+02 4.666e+01
|                ( - 3.622e+02 1 0)
|                ( - 3.145e+02 1 0))
|            ( QUESTION14 -1 2.700e+03 1.424e+02 1.534e+02
|                ( - 9.786e+02 2 0 QUESTION2_1_L -1 9.271e+01 6.054e+01)
|                ( QUESTION6 -1 1.579e+03 1.095e+02 9.288e+01
|                    ( - 3.302e+02 1 0)
|                    ( - 1.139e+03 1 0)))))
|    ( QUESTION0_1_R 1 4.522e+03 2.276e+02 2.589e+02
|        ( - 3.222e+03 2 0 QUESTION3 -1 1.029e+02 1.918e+02)
|        ( - 1.072e+03 1 0)))
s>    ( WDBNDRY_B 0 1.156e+04 3.262e+02 6.254e+02
s>        ( QUESTION0 -1 6.715e+03 2.275e+02 3.664e+02
s>            ( - 2.836e+03 1 0)
s>            ( QUESTION19 -1 3.651e+03 1.678e+02 2.001e+02
s>                ( QUESTION2_0_L -1 7.835e+02 1.067e+02 4.666e+01
s>                    ( - 3.622e+02 1 0)
s>                    ( - 3.145e+02 1 0))
s>                ( QUESTION14 -1 2.700e+03 1.424e+02 1.534e+02
s>                    ( - 9.786e+02 2 0 QUESTION2_1_L -1 9.271e+01 6.054e+01)
s>                    ( QUESTION6 -1 1.579e+03 1.095e+02 9.288e+01
s>                        ( - 3.302e+02 1 0)
s>                        ( - 1.139e+03 1 0)))))
s>        ( QUESTION0_1_R 1 4.522e+03 2.276e+02 2.589e+02
s>            ( - 3.222e+03 2 0 QUESTION3 -1 1.029e+02 1.918e+02)
s>            ( - 1.072e+03 1 0)))INFO: dtree.c(1315): Comp split 8
INFO: dtree.c(1439): stop. leaf nodes are specific
INFO: dtree.c(1478): Final simple tree
|( WDBNDRY_E 0 1.037e+03 1.715e+02 5.934e+01
|    ( - 3.182e+02 1 0)
|    ( - 5.476e+02 1 0))
s>    ( WDBNDRY_E 0 1.037e+03 1.715e+02 5.934e+01
s>        ( - 3.182e+02 1 0)
s>        ( - 5.476e+02 1 0))INFO: dtree.c(1315): Comp split 9
INFO: dtree.c(1439): stop. leaf nodes are specific
INFO: dtree.c(1478): Final simple tree
|( QUESTION0 -1 6.715e+03 2.275e+02 3.664e+02
|    ( - 2.836e+03 1 0)
|    ( QUESTION19 -1 3.651e+03 1.678e+02 2.001e+02
|        ( QUESTION2_0_L -1 7.835e+02 1.067e+02 4.666e+01
|            ( - 3.622e+02 1 0)
|            ( - 3.145e+02 1 0))
|        ( QUESTION14 -1 2.700e+03 1.424e+02 1.534e+02
|            ( QUESTION2_1_L -1 9.786e+02 9.271e+01 6.054e+01
|                ( - 3.753e+02 1 0)
|                ( - 5.105e+02 1 0))
|            ( QUESTION6 -1 1.579e+03 1.095e+02 9.288e+01
|                ( - 3.302e+02 1 0)
|                ( - 1.139e+03 1 0)))))
s>    ( QUESTION0 -1 6.715e+03 2.275e+02 3.664e+02
s>        ( - 2.836e+03 1 0)
s>        ( QUESTION19 -1 3.651e+03 1.678e+02 2.001e+02
s>            ( QUESTION2_0_L -1 7.835e+02 1.067e+02 4.666e+01
s>                ( - 3.622e+02 1 0)
s>                ( - 3.145e+02 1 0))
s>            ( QUESTION14 -1 2.700e+03 1.424e+02 1.534e+02
s>                ( QUESTION2_1_L -1 9.786e+02 9.271e+01 6.054e+01
s>                    ( - 3.753e+02 1 0)
s>                    ( - 5.105e+02 1 0))
s>                ( QUESTION6 -1 1.579e+03 1.095e+02 9.288e+01
s>                    ( - 3.302e+02 1 0)
s>                    ( - 1.139e+03 1 0)))))INFO: dtree.c(1439): stop. leaf nodes are specific
INFO: dtree.c(1478): Final simple tree
|( QUESTION0_1_R 1 4.522e+03 2.276e+02 2.589e+02
|    ( QUESTION3 -1 3.222e+03 1.029e+02 1.918e+02
|        ( - 2.770e+03 1 0)
|        ( - 3.495e+02 1 0))
|    ( - 1.072e+03 1 0))
s>    ( QUESTION0_1_R 1 4.522e+03 2.276e+02 2.589e+02
s>        ( QUESTION3 -1 3.222e+03 1.029e+02 1.918e+02
s>            ( - 2.770e+03 1 0)
s>            ( - 3.495e+02 1 0))
s>        ( - 1.072e+03 1 0))INFO: dtree.c(1315): Comp split 10
INFO: dtree.c(1315): Comp split 11
INFO: dtree.c(1439): stop. leaf nodes are specific
INFO: dtree.c(1478): Final simple tree
|( QUESTION1 -1 2.518e+03 1.325e+02 1.504e+02
|    ( - 1.452e+03 1 0)
|    ( QUESTION0 -1 9.336e+02 6.783e+01 6.361e+01
|        ( - 3.818e+02 1 0)
|        ( - 4.840e+02 1 0)))
s>    ( QUESTION1 -1 2.518e+03 1.325e+02 1.504e+02
s>        ( - 1.452e+03 1 0)
s>        ( QUESTION0 -1 9.336e+02 6.783e+01 6.361e+01
s>            ( - 3.818e+02 1 0)
s>            ( - 4.840e+02 1 0)))INFO: dtree.c(1315): Comp split 12
INFO: dtree.c(1439): stop. leaf nodes are specific
INFO: dtree.c(1478): Final simple tree
|( QUESTION0 -1 3.311e+03 9.970e+01 1.941e+02
|    ( - 2.836e+03 1 0)
|    ( - 3.753e+02 1 0))
s>    ( QUESTION0 -1 3.311e+03 9.970e+01 1.941e+02
s>        ( - 2.836e+03 1 0)
s>        ( - 3.753e+02 1 0))INFO: dtree.c(1439): stop. leaf nodes are specific
INFO: dtree.c(1478): Final simple tree
|( QUESTION19 -1 3.162e+03 1.599e+02 1.724e+02
|    ( QUESTION2_0_L -1 7.835e+02 1.067e+02 4.666e+01
|        ( - 3.622e+02 1 0)
|        ( - 3.145e+02 1 0))
|    ( QUESTION6 -1 2.218e+03 1.377e+02 1.257e+02
|        ( QUESTION10 -1 9.412e+02 1.005e+02 5.751e+01
|            ( - 3.302e+02 1 0)
|            ( - 5.105e+02 1 0))
|        ( - 1.139e+03 1 0)))
s>    ( QUESTION19 -1 3.162e+03 1.599e+02 1.724e+02
s>        ( QUESTION2_0_L -1 7.835e+02 1.067e+02 4.666e+01
s>            ( - 3.622e+02 1 0)
s>            ( - 3.145e+02 1 0))
s>        ( QUESTION6 -1 2.218e+03 1.377e+02 1.257e+02
s>            ( QUESTION10 -1 9.412e+02 1.005e+02 5.751e+01
s>                ( - 3.302e+02 1 0)
s>                ( - 5.105e+02 1 0))
s>            ( - 1.139e+03 1 0)))INFO: dtree.c(1315): Comp split 13
INFO: dtree.c(1439): stop. leaf nodes are specific
INFO: dtree.c(1478): Final simple tree
|( QUESTION0 -1 1.179e+03 1.310e+02 6.552e+01
|    ( - 2.956e+02 1 0)
|    ( - 7.523e+02 2 0))
s>    ( QUESTION0 -1 1.179e+03 1.310e+02 6.552e+01
s>        ( - 2.956e+02 1 0)
s>        ( - 7.523e+02 2 0))INFO: dtree.c(1315): Comp split 14
INFO: dtree.c(1315): Comp split 15
INFO: dtree.c(1439): stop. leaf nodes are specific
INFO: dtree.c(1478): Final simple tree
|( QUESTION3 -1 3.222e+03 1.029e+02 1.918e+02
|    ( - 2.770e+03 1 0)
|    ( - 3.495e+02 1 0))
s>    ( QUESTION3 -1 3.222e+03 1.029e+02 1.918e+02
s>        ( - 2.770e+03 1 0)
s>        ( - 3.495e+02 1 0))INFO: dtree.c(1315): Comp split 16
INFO: dtree.c(1439): stop. leaf nodes are specific
INFO: dtree.c(1478): Final simple tree
|( WDBNDRY_B 0 1.879e+03 1.128e+02 1.243e+02
|    ( - 6.524e+02 1 0)
|    ( - 1.114e+03 1 0))
s>    ( WDBNDRY_B 0 1.879e+03 1.128e+02 1.243e+02
s>        ( - 6.524e+02 1 0)
s>        ( - 1.114e+03 1 0))INFO: dtree.c(1439): stop. leaf nodes are specific
INFO: dtree.c(1478): Final simple tree
|( QUESTION0 -1 4.760e+03 1.616e+02 2.825e+02
|    ( - 2.444e+03 1 0)
|    ( - 2.155e+03 1 0))
s>    ( QUESTION0 -1 4.760e+03 1.616e+02 2.825e+02
s>        ( - 2.444e+03 1 0)
s>        ( - 2.155e+03 1 0))INFO: dtree.c(1315): Comp split 17
INFO: dtree.c(1439): stop. leaf nodes are specific
INFO: dtree.c(1478): Final simple tree
|( QUESTION14 -1 1.367e+03 1.144e+02 7.930e+01
|    ( - 5.105e+02 1 0)
|    ( QUESTION6 -1 7.418e+02 9.702e+01 4.646e+01
|        ( - 3.302e+02 1 0)
|        ( - 3.145e+02 1 0)))
s>    ( QUESTION14 -1 1.367e+03 1.144e+02 7.930e+01
s>        ( - 5.105e+02 1 0)
s>        ( QUESTION6 -1 7.418e+02 9.702e+01 4.646e+01
s>            ( - 3.302e+02 1 0)
s>            ( - 3.145e+02 1 0)))INFO: dtree.c(1439): stop. leaf nodes are specific
INFO: dtree.c(1478): Final simple tree
|( QUESTION16 -1 1.613e+03 1.121e+02 9.308e+01
|    ( - 1.139e+03 1 0)
|    ( - 3.622e+02 1 0))
s>    ( QUESTION16 -1 1.613e+03 1.121e+02 9.308e+01
s>        ( - 1.139e+03 1 0)
s>        ( - 3.622e+02 1 0))INFO: dtree.c(1315): Comp split 18
INFO: dtree.c(1315): Comp split 19
INFO: dtree.c(1315): Comp split 20
INFO: dtree.c(1439): stop. leaf nodes are specific
INFO: dtree.c(1478): Final simple tree
|( QUESTION0 -1 9.336e+02 6.783e+01 6.361e+01
|    ( - 3.818e+02 1 0)
|    ( - 4.840e+02 1 0))
s>    ( QUESTION0 -1 9.336e+02 6.783e+01 6.361e+01
s>        ( - 3.818e+02 1 0)
s>        ( - 4.840e+02 1 0))INFO: dtree.c(1315): Comp split 21
INFO: dtree.c(1315): Comp split 22
INFO: dtree.c(1439): stop. leaf nodes are specific
INFO: dtree.c(1478): Final simple tree
|( QUESTION6 -1 7.418e+02 9.702e+01 4.646e+01
|    ( - 3.302e+02 1 0)
|    ( - 3.145e+02 1 0))
s>    ( QUESTION6 -1 7.418e+02 9.702e+01 4.646e+01
s>        ( - 3.302e+02 1 0)
s>        ( - 3.145e+02 1 0))INFO: dtree.c(1315): Comp split 23
INFO: dtree.c(1315): Comp split 24
INFO: dtree.c(1315): Comp split 25
INFO: dtree.c(1315): Comp split 26
INFO: dtree.c(1315): Comp split 27
INFO: dtree.c(1315): Comp split 28
INFO: dtree.c(1315): Comp split 29
INFO: dtree.c(1318): stop. leaf nodes are specific
Fri Dec  3 07:39:01 2021
