Current configuration:
[NAME]		[DEFLT]	[VALUE]
-allphones	no	no
-cntthresh	0.00001	1.000000e-05
-csplitmax	100	2000
-csplitmin	1	1
-csplitthr	8e-4	0.000000e+00
-example	no	no
-fullvar	no	no
-help		no	no
-meanfn			
-mixwfn			/home/azhar/Tubes_Speech/commandreminder/model_parameters/commandreminder.cd_ptm_untied/mixture_weights
-moddeffn		/home/azhar/Tubes_Speech/commandreminder/model_architecture/commandreminder.untied.mdef
-mwfloor	1e-4	1.000000e-08
-phone			G
-psetfn			/home/azhar/Tubes_Speech/commandreminder/model_architecture/commandreminder.tree_questions
-ssplitmax	5	7
-ssplitmin	1	1
-ssplitthr	8e-4	0.000000e+00
-state			0
-stwt			1.0,0.05,0.0,
-treefn			/home/azhar/Tubes_Speech/commandreminder/trees/commandreminder.unpruned/G-0.dtree
-ts2cbfn	.semi.	.semi.
-varfloor	0.00001	1.000000e-05
-varfn			

INFO: main.c(223): Reading: /home/azhar/Tubes_Speech/commandreminder/model_architecture/commandreminder.untied.mdef
INFO: model_def_io.c(573): Model definition info:
INFO: model_def_io.c(574): 1061 total models defined (31 base, 1030 tri)
INFO: model_def_io.c(575): 4244 total states
INFO: model_def_io.c(576): 3183 total tied states
INFO: model_def_io.c(577): 93 total tied CI states
INFO: model_def_io.c(578): 31 total tied transition matrices
INFO: model_def_io.c(579): 4 max state/model
INFO: model_def_io.c(580): 4 min state/model
INFO: main.c(242): Building trees for [G A I i] through [G U A i]
INFO: main.c(269): Covering states |[1089 1115]| == 27
INFO: main.c(275): Reading: /home/azhar/Tubes_Speech/commandreminder/model_parameters/commandreminder.cd_ptm_untied/mixture_weights
INFO: s3mixw_io.c(173): Read /home/azhar/Tubes_Speech/commandreminder/model_parameters/commandreminder.cd_ptm_untied/mixture_weights [27x4x64 array]
INFO: main.c(311): 9 of 9 models have observation count greater than 0.000010
INFO: main.c(95): nrm stwt: 0.952 0.048 0.000 
INFO: main.c(411): 9-class entropy: 3.632381e+04
INFO: main.c(549): Reading: /home/azhar/Tubes_Speech/commandreminder/model_architecture/commandreminder.tree_questions
INFO: main.c(588): 174 total simple questions (166 phone; 8 word bndry)
INFO: main.c(590): 40 Left Only questions, and 42 Right Only questions
INFO: dtree.c(1478): Final simple tree
|( QUESTION2_1_L -1 4.265e+04 2.576e+03 2.064e+03
|    ( QUESTION0 -1 2.558e+04 9.826e+02 1.331e+03
|        ( QUESTION3 1 9.381e+03 3.702e+02 5.002e+02
|            ( - 7.038e+03 2 0)
|            ( - 1.973e+03 1 0))
|        ( QUESTION0_1_R 1 1.522e+04 3.122e+02 8.304e+02
|            ( - 1.300e+04 1 0)
|            ( - 1.911e+03 1 0)))
|    ( QUESTION0_1_R 1 1.449e+04 1.024e+03 7.333e+02
|        ( - 5.568e+03 1 0)
|        ( QUESTION0 -1 7.894e+03 5.730e+02 4.129e+02
|            ( QUESTION3 -1 3.041e+03 2.989e+02 1.774e+02
|                ( - 1.494e+03 1 0)
|                ( - 1.248e+03 1 0))
|            ( - 4.280e+03 1 0))))
s>    ( QUESTION2_1_L -1 4.265e+04 2.576e+03 2.064e+03
s>        ( QUESTION0 -1 2.558e+04 9.826e+02 1.331e+03
s>            ( QUESTION3 1 9.381e+03 3.702e+02 5.002e+02
s>                ( - 7.038e+03 2 0)
s>                ( - 1.973e+03 1 0))
s>            ( QUESTION0_1_R 1 1.522e+04 3.122e+02 8.304e+02
s>                ( - 1.300e+04 1 0)
s>                ( - 1.911e+03 1 0)))
s>        ( QUESTION0_1_R 1 1.449e+04 1.024e+03 7.333e+02
s>            ( - 5.568e+03 1 0)
s>            ( QUESTION0 -1 7.894e+03 5.730e+02 4.129e+02
s>                ( QUESTION3 -1 3.041e+03 2.989e+02 1.774e+02
s>                    ( - 1.494e+03 1 0)
s>                    ( - 1.248e+03 1 0))
s>                ( - 4.280e+03 1 0))))INFO: dtree.c(1315): Comp split 0
INFO: dtree.c(1439): stop. leaf nodes are specific
INFO: dtree.c(1478): Final simple tree
|( QUESTION0_1_R 1 1.449e+04 1.024e+03 7.333e+02
|    ( - 5.568e+03 1 0)
|    ( QUESTION0 -1 7.894e+03 5.730e+02 4.129e+02
|        ( QUESTION3 -1 3.041e+03 2.989e+02 1.774e+02
|            ( - 1.494e+03 1 0)
|            ( - 1.248e+03 1 0))
|        ( - 4.280e+03 1 0)))
s>    ( QUESTION0_1_R 1 1.449e+04 1.024e+03 7.333e+02
s>        ( - 5.568e+03 1 0)
s>        ( QUESTION0 -1 7.894e+03 5.730e+02 4.129e+02
s>            ( QUESTION3 -1 3.041e+03 2.989e+02 1.774e+02
s>                ( - 1.494e+03 1 0)
s>                ( - 1.248e+03 1 0))
s>            ( - 4.280e+03 1 0)))INFO: dtree.c(1439): stop. leaf nodes are specific
INFO: dtree.c(1478): Final simple tree
|( QUESTION0 -1 2.558e+04 9.826e+02 1.331e+03
|    ( QUESTION3 1 9.381e+03 3.702e+02 5.002e+02
|        ( - 7.038e+03 2 0)
|        ( - 1.973e+03 1 0))
|    ( QUESTION0_1_R 1 1.522e+04 3.122e+02 8.304e+02
|        ( - 1.300e+04 1 0)
|        ( - 1.911e+03 1 0)))
s>    ( QUESTION0 -1 2.558e+04 9.826e+02 1.331e+03
s>        ( QUESTION3 1 9.381e+03 3.702e+02 5.002e+02
s>            ( - 7.038e+03 2 0)
s>            ( - 1.973e+03 1 0))
s>        ( QUESTION0_1_R 1 1.522e+04 3.122e+02 8.304e+02
s>            ( - 1.300e+04 1 0)
s>            ( - 1.911e+03 1 0)))INFO: dtree.c(1315): Comp split 1
INFO: dtree.c(1439): stop. leaf nodes are specific
INFO: dtree.c(1478): Final simple tree
|( QUESTION0 -1 7.894e+03 5.730e+02 4.129e+02
|    ( QUESTION3 -1 3.041e+03 2.989e+02 1.774e+02
|        ( - 1.494e+03 1 0)
|        ( - 1.248e+03 1 0))
|    ( - 4.280e+03 1 0))
s>    ( QUESTION0 -1 7.894e+03 5.730e+02 4.129e+02
s>        ( QUESTION3 -1 3.041e+03 2.989e+02 1.774e+02
s>            ( - 1.494e+03 1 0)
s>            ( - 1.248e+03 1 0))
s>        ( - 4.280e+03 1 0))INFO: dtree.c(1315): Comp split 2
INFO: dtree.c(1439): stop. leaf nodes are specific
INFO: dtree.c(1478): Final simple tree
|( QUESTION0_1_R 1 1.522e+04 3.122e+02 8.304e+02
|    ( - 1.300e+04 1 0)
|    ( - 1.911e+03 1 0))
s>    ( QUESTION0_1_R 1 1.522e+04 3.122e+02 8.304e+02
s>        ( - 1.300e+04 1 0)
s>        ( - 1.911e+03 1 0))INFO: dtree.c(1439): stop. leaf nodes are specific
INFO: dtree.c(1478): Final simple tree
|( QUESTION3 1 9.381e+03 3.702e+02 5.002e+02
|    ( - 7.038e+03 2 0)
|    ( - 1.973e+03 1 0))
s>    ( QUESTION3 1 9.381e+03 3.702e+02 5.002e+02
s>        ( - 7.038e+03 2 0)
s>        ( - 1.973e+03 1 0))INFO: dtree.c(1315): Comp split 3
INFO: dtree.c(1439): stop. leaf nodes are specific
INFO: dtree.c(1478): Final simple tree
|( QUESTION3 -1 3.041e+03 2.989e+02 1.774e+02
|    ( - 1.494e+03 1 0)
|    ( - 1.248e+03 1 0))
s>    ( QUESTION3 -1 3.041e+03 2.989e+02 1.774e+02
s>        ( - 1.494e+03 1 0)
s>        ( - 1.248e+03 1 0))INFO: dtree.c(1315): Comp split 4
INFO: dtree.c(1315): Comp split 5
INFO: dtree.c(1315): Comp split 6
INFO: dtree.c(1315): Comp split 7
INFO: dtree.c(1318): stop. leaf nodes are specific
Fri Dec  3 07:39:04 2021
