Current configuration:
[NAME]		[DEFLT]	[VALUE]
-allphones	no	no
-cntthresh	0.00001	1.000000e-05
-csplitmax	100	2000
-csplitmin	1	1
-csplitthr	8e-4	0.000000e+00
-example	no	no
-fullvar	no	no
-help		no	no
-meanfn			
-mixwfn			/home/azhar/Tubes_Speech/commandreminder/model_parameters/commandreminder.cd_ptm_untied/mixture_weights
-moddeffn		/home/azhar/Tubes_Speech/commandreminder/model_architecture/commandreminder.untied.mdef
-mwfloor	1e-4	1.000000e-08
-phone			D
-psetfn			/home/azhar/Tubes_Speech/commandreminder/model_architecture/commandreminder.tree_questions
-ssplitmax	5	7
-ssplitmin	1	1
-ssplitthr	8e-4	0.000000e+00
-state			2
-stwt			1.0,0.05,0.0,
-treefn			/home/azhar/Tubes_Speech/commandreminder/trees/commandreminder.unpruned/D-2.dtree
-ts2cbfn	.semi.	.semi.
-varfloor	0.00001	1.000000e-05
-varfn			

INFO: main.c(223): Reading: /home/azhar/Tubes_Speech/commandreminder/model_architecture/commandreminder.untied.mdef
INFO: model_def_io.c(573): Model definition info:
INFO: model_def_io.c(574): 1061 total models defined (31 base, 1030 tri)
INFO: model_def_io.c(575): 4244 total states
INFO: model_def_io.c(576): 3183 total tied states
INFO: model_def_io.c(577): 93 total tied CI states
INFO: model_def_io.c(578): 31 total tied transition matrices
INFO: model_def_io.c(579): 4 max state/model
INFO: model_def_io.c(580): 4 min state/model
INFO: main.c(242): Building trees for [D A A i] through [D U O b]
INFO: main.c(269): Covering states |[738 836]| == 99
INFO: main.c(275): Reading: /home/azhar/Tubes_Speech/commandreminder/model_parameters/commandreminder.cd_ptm_untied/mixture_weights
INFO: s3mixw_io.c(173): Read /home/azhar/Tubes_Speech/commandreminder/model_parameters/commandreminder.cd_ptm_untied/mixture_weights [99x4x64 array]
INFO: main.c(311): 33 of 33 models have observation count greater than 0.000010
INFO: main.c(95): nrm stwt: 0.000 0.048 0.952 
INFO: main.c(411): 33-class entropy: 9.643623e+04
INFO: main.c(549): Reading: /home/azhar/Tubes_Speech/commandreminder/model_architecture/commandreminder.tree_questions
INFO: main.c(588): 174 total simple questions (166 phone; 8 word bndry)
INFO: main.c(590): 40 Left Only questions, and 42 Right Only questions
INFO: dtree.c(1478): Final simple tree
|( QUESTION1 1 1.113e+05 5.896e+03 5.378e+03
|    ( QUESTION0_3_R 1 8.617e+04 1.665e+03 4.366e+03
|        ( QUESTION2 -1 1.327e+04 3.194e+02 6.936e+02
|            ( - 3.346e+03 1 0)
|            ( - 9.604e+03 7 0 QUESTION15 -1 2.173e+02 5.015e+02))
|        ( QUESTION1 -1 7.124e+04 7.535e+02 3.672e+03
|            ( - 6.083e+04 1 0)
|            ( - 9.657e+03 4 0 QUESTION4 -1 2.438e+02 5.343e+02)))
|    ( QUESTION3 1 1.923e+04 1.831e+03 1.013e+03
|        ( SILENCE -1 1.039e+04 4.720e+02 6.148e+02
|            ( - 5.350e+02 1 0)
|            ( - 9.386e+03 9 0 QUESTION1 -1 2.756e+02 5.734e+02))
|        ( QUESTION0_2_R 1 7.007e+03 4.979e+02 3.980e+02
|            ( - 3.009e+03 4 0 QUESTION3 -1 1.706e+02 1.961e+02)
|            ( - 3.500e+03 6 0 QUESTION0_0_R 1 2.437e+02 2.019e+02))))
s>    ( QUESTION1 1 1.113e+05 5.896e+03 5.378e+03
s>        ( QUESTION0_3_R 1 8.617e+04 1.665e+03 4.366e+03
s>            ( QUESTION2 -1 1.327e+04 3.194e+02 6.936e+02
s>                ( - 3.346e+03 1 0)
s>                ( - 9.604e+03 7 0 QUESTION15 -1 2.173e+02 5.015e+02))
s>            ( QUESTION1 -1 7.124e+04 7.535e+02 3.672e+03
s>                ( - 6.083e+04 1 0)
s>                ( - 9.657e+03 4 0 QUESTION4 -1 2.438e+02 5.343e+02)))
s>        ( QUESTION3 1 1.923e+04 1.831e+03 1.013e+03
s>            ( SILENCE -1 1.039e+04 4.720e+02 6.148e+02
s>                ( - 5.350e+02 1 0)
s>                ( - 9.386e+03 9 0 QUESTION1 -1 2.756e+02 5.734e+02))
s>            ( QUESTION0_2_R 1 7.007e+03 4.979e+02 3.980e+02
s>                ( - 3.009e+03 4 0 QUESTION3 -1 1.706e+02 1.961e+02)
s>                ( - 3.500e+03 6 0 QUESTION0_0_R 1 2.437e+02 2.019e+02))))INFO: dtree.c(1315): Comp split 0
INFO: dtree.c(1478): Final simple tree
|( QUESTION3 1 1.923e+04 1.831e+03 1.013e+03
|    ( SILENCE -1 1.039e+04 4.720e+02 6.148e+02
|        ( - 5.350e+02 1 0)
|        ( QUESTION1 -1 9.386e+03 2.756e+02 5.734e+02
|            ( - 5.895e+03 2 0 WDBNDRY_B 0 1.208e+02 3.741e+02)
|            ( QUESTION2_0_L -1 3.216e+03 1.320e+02 1.994e+02
|                ( - 2.120e+03 4 0 QUESTION15 -1 1.071e+02 1.404e+02)
|                ( - 9.640e+02 3 0 QUESTION6 -1 9.629e+01 5.897e+01))))
|    ( QUESTION0_2_R 1 7.007e+03 4.979e+02 3.980e+02
|        ( QUESTION3 -1 3.009e+03 1.706e+02 1.961e+02
|            ( - 9.463e+02 1 0)
|            ( - 1.893e+03 3 0 QUESTION0 -1 1.260e+02 1.265e+02))
|        ( QUESTION0_0_R 1 3.500e+03 2.437e+02 2.019e+02
|            ( - 1.897e+03 5 0 QUESTION2 -1 1.130e+02 1.190e+02)
|            ( - 1.359e+03 1 0))))
s>    ( QUESTION3 1 1.923e+04 1.831e+03 1.013e+03
s>        ( SILENCE -1 1.039e+04 4.720e+02 6.148e+02
s>            ( - 5.350e+02 1 0)
s>            ( QUESTION1 -1 9.386e+03 2.756e+02 5.734e+02
s>                ( - 5.895e+03 2 0 WDBNDRY_B 0 1.208e+02 3.741e+02)
s>                ( QUESTION2_0_L -1 3.216e+03 1.320e+02 1.994e+02
s>                    ( - 2.120e+03 4 0 QUESTION15 -1 1.071e+02 1.404e+02)
s>                    ( - 9.640e+02 3 0 QUESTION6 -1 9.629e+01 5.897e+01))))
s>        ( QUESTION0_2_R 1 7.007e+03 4.979e+02 3.980e+02
s>            ( QUESTION3 -1 3.009e+03 1.706e+02 1.961e+02
s>                ( - 9.463e+02 1 0)
s>                ( - 1.893e+03 3 0 QUESTION0 -1 1.260e+02 1.265e+02))
s>            ( QUESTION0_0_R 1 3.500e+03 2.437e+02 2.019e+02
s>                ( - 1.897e+03 5 0 QUESTION2 -1 1.130e+02 1.190e+02)
s>                ( - 1.359e+03 1 0))))INFO: dtree.c(1478): Final simple tree
|( QUESTION0_3_R 1 8.617e+04 1.665e+03 4.366e+03
|    ( QUESTION2 -1 1.327e+04 3.194e+02 6.936e+02
|        ( - 3.346e+03 1 0)
|        ( QUESTION15 -1 9.604e+03 2.173e+02 5.015e+02
|            ( WDBNDRY_B 0 7.413e+03 1.629e+02 3.983e+02
|                ( - 6.931e+03 2 0)
|                ( - 3.186e+02 1 0))
|            ( - 1.974e+03 4 0 QUESTION2_0_L -1 1.375e+02 1.033e+02)))
|    ( QUESTION1 -1 7.124e+04 7.535e+02 3.672e+03
|        ( - 6.083e+04 1 0)
|        ( QUESTION4 -1 9.657e+03 2.438e+02 5.343e+02
|            ( - 4.127e+03 2 0 WDBNDRY_B 0 1.461e+02 2.303e+02)
|            ( QUESTION0 -1 5.286e+03 1.939e+02 3.040e+02
|                ( - 2.133e+03 1 0)
|                ( - 2.959e+03 1 0)))))
s>    ( QUESTION0_3_R 1 8.617e+04 1.665e+03 4.366e+03
s>        ( QUESTION2 -1 1.327e+04 3.194e+02 6.936e+02
s>            ( - 3.346e+03 1 0)
s>            ( QUESTION15 -1 9.604e+03 2.173e+02 5.015e+02
s>                ( WDBNDRY_B 0 7.413e+03 1.629e+02 3.983e+02
s>                    ( - 6.931e+03 2 0)
s>                    ( - 3.186e+02 1 0))
s>                ( - 1.974e+03 4 0 QUESTION2_0_L -1 1.375e+02 1.033e+02)))
s>        ( QUESTION1 -1 7.124e+04 7.535e+02 3.672e+03
s>            ( - 6.083e+04 1 0)
s>            ( QUESTION4 -1 9.657e+03 2.438e+02 5.343e+02
s>                ( - 4.127e+03 2 0 WDBNDRY_B 0 1.461e+02 2.303e+02)
s>                ( QUESTION0 -1 5.286e+03 1.939e+02 3.040e+02
s>                    ( - 2.133e+03 1 0)
s>                    ( - 2.959e+03 1 0)))))INFO: dtree.c(1315): Comp split 1
INFO: dtree.c(1478): Final simple tree
|( QUESTION1 -1 9.386e+03 2.756e+02 5.734e+02
|    ( WDBNDRY_B 0 5.895e+03 1.208e+02 3.741e+02
|        ( - 7.773e+02 1 0)
|        ( - 4.997e+03 1 0))
|    ( QUESTION2_0_L -1 3.216e+03 1.320e+02 1.994e+02
|        ( QUESTION15 -1 2.120e+03 1.071e+02 1.404e+02
|            ( - 1.499e+03 2 0 WDBNDRY_B 0 6.023e+01 1.046e+02)
|            ( QUESTION0 -1 5.134e+02 6.236e+01 3.583e+01
|                ( - 2.172e+02 1 0)
|                ( - 2.338e+02 1 0)))
|        ( QUESTION6 -1 9.640e+02 9.629e+01 5.897e+01
|            ( QUESTION8 -1 5.659e+02 7.860e+01 3.798e+01
|                ( - 1.951e+02 1 0)
|                ( - 2.921e+02 1 0))
|            ( - 3.019e+02 1 0))))
s>    ( QUESTION1 -1 9.386e+03 2.756e+02 5.734e+02
s>        ( WDBNDRY_B 0 5.895e+03 1.208e+02 3.741e+02
s>            ( - 7.773e+02 1 0)
s>            ( - 4.997e+03 1 0))
s>        ( QUESTION2_0_L -1 3.216e+03 1.320e+02 1.994e+02
s>            ( QUESTION15 -1 2.120e+03 1.071e+02 1.404e+02
s>                ( - 1.499e+03 2 0 WDBNDRY_B 0 6.023e+01 1.046e+02)
s>                ( QUESTION0 -1 5.134e+02 6.236e+01 3.583e+01
s>                    ( - 2.172e+02 1 0)
s>                    ( - 2.338e+02 1 0)))
s>            ( QUESTION6 -1 9.640e+02 9.629e+01 5.897e+01
s>                ( QUESTION8 -1 5.659e+02 7.860e+01 3.798e+01
s>                    ( - 1.951e+02 1 0)
s>                    ( - 2.921e+02 1 0))
s>                ( - 3.019e+02 1 0))))INFO: dtree.c(1478): Final simple tree
|( QUESTION0_2_R 1 8.012e+03 5.819e+02 4.394e+02
|    ( QUESTION3 -1 3.009e+03 1.706e+02 1.961e+02
|        ( - 9.463e+02 1 0)
|        ( QUESTION0 -1 1.893e+03 1.260e+02 1.265e+02
|            ( - 1.013e+03 2 0 QUESTION1 -1 8.284e+01 6.715e+01)
|            ( - 7.531e+02 1 0)))
|    ( SILENCE -1 4.421e+03 3.863e+02 2.433e+02
|        ( - 5.350e+02 1 0)
|        ( QUESTION0_0_R 1 3.500e+03 2.437e+02 2.019e+02
|            ( QUESTION2 -1 1.897e+03 1.130e+02 1.190e+02
|                ( - 2.890e+02 1 0)
|                ( WDBNDRY_B 0 1.495e+03 9.297e+01 9.600e+01
|                    ( - 2.339e+02 1 0)
|                    ( - 1.168e+03 3 0 QUESTION0 -1 7.543e+01 7.712e+01)))
|            ( - 1.359e+03 1 0))))
s>    ( QUESTION0_2_R 1 8.012e+03 5.819e+02 4.394e+02
s>        ( QUESTION3 -1 3.009e+03 1.706e+02 1.961e+02
s>            ( - 9.463e+02 1 0)
s>            ( QUESTION0 -1 1.893e+03 1.260e+02 1.265e+02
s>                ( - 1.013e+03 2 0 QUESTION1 -1 8.284e+01 6.715e+01)
s>                ( - 7.531e+02 1 0)))
s>        ( SILENCE -1 4.421e+03 3.863e+02 2.433e+02
s>            ( - 5.350e+02 1 0)
s>            ( QUESTION0_0_R 1 3.500e+03 2.437e+02 2.019e+02
s>                ( QUESTION2 -1 1.897e+03 1.130e+02 1.190e+02
s>                    ( - 2.890e+02 1 0)
s>                    ( WDBNDRY_B 0 1.495e+03 9.297e+01 9.600e+01
s>                        ( - 2.339e+02 1 0)
s>                        ( - 1.168e+03 3 0 QUESTION0 -1 7.543e+01 7.712e+01)))
s>                ( - 1.359e+03 1 0))))INFO: dtree.c(1315): Comp split 2
INFO: dtree.c(1439): stop. leaf nodes are specific
INFO: dtree.c(1478): Final simple tree
|( QUESTION1 -1 7.124e+04 7.535e+02 3.672e+03
|    ( - 6.083e+04 1 0)
|    ( QUESTION4 -1 9.657e+03 2.438e+02 5.343e+02
|        ( WDBNDRY_B 0 4.127e+03 1.461e+02 2.303e+02
|            ( - 1.408e+03 1 0)
|            ( - 2.572e+03 1 0))
|        ( QUESTION0 -1 5.286e+03 1.939e+02 3.040e+02
|            ( - 2.133e+03 1 0)
|            ( - 2.959e+03 1 0))))
s>    ( QUESTION1 -1 7.124e+04 7.535e+02 3.672e+03
s>        ( - 6.083e+04 1 0)
s>        ( QUESTION4 -1 9.657e+03 2.438e+02 5.343e+02
s>            ( WDBNDRY_B 0 4.127e+03 1.461e+02 2.303e+02
s>                ( - 1.408e+03 1 0)
s>                ( - 2.572e+03 1 0))
s>            ( QUESTION0 -1 5.286e+03 1.939e+02 3.040e+02
s>                ( - 2.133e+03 1 0)
s>                ( - 2.959e+03 1 0))))INFO: dtree.c(1439): stop. leaf nodes are specific
INFO: dtree.c(1478): Final simple tree
|( QUESTION2 -1 1.327e+04 3.194e+02 6.936e+02
|    ( - 3.346e+03 1 0)
|    ( QUESTION15 -1 9.604e+03 2.173e+02 5.015e+02
|        ( WDBNDRY_B 0 7.413e+03 1.629e+02 3.983e+02
|            ( - 6.931e+03 2 0)
|            ( - 3.186e+02 1 0))
|        ( QUESTION2_0_L -1 1.974e+03 1.375e+02 1.033e+02
|            ( - 9.167e+02 2 0)
|            ( QUESTION0 -1 9.198e+02 1.111e+02 5.023e+01
|                ( - 4.925e+02 1 0)
|                ( - 3.163e+02 1 0)))))
s>    ( QUESTION2 -1 1.327e+04 3.194e+02 6.936e+02
s>        ( - 3.346e+03 1 0)
s>        ( QUESTION15 -1 9.604e+03 2.173e+02 5.015e+02
s>            ( WDBNDRY_B 0 7.413e+03 1.629e+02 3.983e+02
s>                ( - 6.931e+03 2 0)
s>                ( - 3.186e+02 1 0))
s>            ( QUESTION2_0_L -1 1.974e+03 1.375e+02 1.033e+02
s>                ( - 9.167e+02 2 0)
s>                ( QUESTION0 -1 9.198e+02 1.111e+02 5.023e+01
s>                    ( - 4.925e+02 1 0)
s>                    ( - 3.163e+02 1 0)))))INFO: dtree.c(1315): Comp split 3
INFO: dtree.c(1439): stop. leaf nodes are specific
INFO: dtree.c(1478): Final simple tree
|( QUESTION4 -1 9.657e+03 2.438e+02 5.343e+02
|    ( WDBNDRY_B 0 4.127e+03 1.461e+02 2.303e+02
|        ( - 1.408e+03 1 0)
|        ( - 2.572e+03 1 0))
|    ( QUESTION0 -1 5.286e+03 1.939e+02 3.040e+02
|        ( - 2.133e+03 1 0)
|        ( - 2.959e+03 1 0)))
s>    ( QUESTION4 -1 9.657e+03 2.438e+02 5.343e+02
s>        ( WDBNDRY_B 0 4.127e+03 1.461e+02 2.303e+02
s>            ( - 1.408e+03 1 0)
s>            ( - 2.572e+03 1 0))
s>        ( QUESTION0 -1 5.286e+03 1.939e+02 3.040e+02
s>            ( - 2.133e+03 1 0)
s>            ( - 2.959e+03 1 0)))INFO: dtree.c(1315): Comp split 4
INFO: dtree.c(1439): stop. leaf nodes are specific
INFO: dtree.c(1478): Final simple tree
|( QUESTION3 -1 3.416e+03 1.988e+02 2.191e+02
|    ( WDBNDRY_B 0 1.325e+03 8.917e+01 9.266e+01
|        ( - 9.463e+02 1 0)
|        ( - 2.890e+02 1 0))
|    ( QUESTION0 -1 1.893e+03 1.260e+02 1.265e+02
|        ( QUESTION1 -1 1.013e+03 8.284e+01 6.715e+01
|            ( - 4.021e+02 1 0)
|            ( - 5.285e+02 1 0))
|        ( - 7.531e+02 1 0)))
s>    ( QUESTION3 -1 3.416e+03 1.988e+02 2.191e+02
s>        ( WDBNDRY_B 0 1.325e+03 8.917e+01 9.266e+01
s>            ( - 9.463e+02 1 0)
s>            ( - 2.890e+02 1 0))
s>        ( QUESTION0 -1 1.893e+03 1.260e+02 1.265e+02
s>            ( QUESTION1 -1 1.013e+03 8.284e+01 6.715e+01
s>                ( - 4.021e+02 1 0)
s>                ( - 5.285e+02 1 0))
s>            ( - 7.531e+02 1 0)))INFO: dtree.c(1439): stop. leaf nodes are specific
INFO: dtree.c(1478): Final simple tree
|( SILENCE -1 3.975e+03 3.683e+02 2.203e+02
|    ( - 5.350e+02 1 0)
|    ( QUESTION0_0_R 1 3.072e+03 2.181e+02 1.789e+02
|        ( WDBNDRY_B 0 1.495e+03 9.297e+01 9.600e+01
|            ( - 2.339e+02 1 0)
|            ( QUESTION0 -1 1.168e+03 7.543e+01 7.712e+01
|                ( - 7.613e+02 2 0)
|                ( - 3.311e+02 1 0)))
|        ( - 1.359e+03 1 0)))
s>    ( SILENCE -1 3.975e+03 3.683e+02 2.203e+02
s>        ( - 5.350e+02 1 0)
s>        ( QUESTION0_0_R 1 3.072e+03 2.181e+02 1.789e+02
s>            ( WDBNDRY_B 0 1.495e+03 9.297e+01 9.600e+01
s>                ( - 2.339e+02 1 0)
s>                ( QUESTION0 -1 1.168e+03 7.543e+01 7.712e+01
s>                    ( - 7.613e+02 2 0)
s>                    ( - 3.311e+02 1 0)))
s>            ( - 1.359e+03 1 0)))INFO: dtree.c(1315): Comp split 5
INFO: dtree.c(1439): stop. leaf nodes are specific
INFO: dtree.c(1478): Final simple tree
|( QUESTION0_0_R 1 3.072e+03 2.181e+02 1.789e+02
|    ( WDBNDRY_B 0 1.495e+03 9.297e+01 9.600e+01
|        ( - 2.339e+02 1 0)
|        ( QUESTION0 -1 1.168e+03 7.543e+01 7.712e+01
|            ( - 7.613e+02 2 0)
|            ( - 3.311e+02 1 0)))
|    ( - 1.359e+03 1 0))
s>    ( QUESTION0_0_R 1 3.072e+03 2.181e+02 1.789e+02
s>        ( WDBNDRY_B 0 1.495e+03 9.297e+01 9.600e+01
s>            ( - 2.339e+02 1 0)
s>            ( QUESTION0 -1 1.168e+03 7.543e+01 7.712e+01
s>                ( - 7.613e+02 2 0)
s>                ( - 3.311e+02 1 0)))
s>        ( - 1.359e+03 1 0))INFO: dtree.c(1315): Comp split 6
INFO: dtree.c(1439): stop. leaf nodes are specific
INFO: dtree.c(1478): Final simple tree
|( QUESTION15 -1 9.604e+03 2.173e+02 5.015e+02
|    ( WDBNDRY_B 0 7.413e+03 1.629e+02 3.983e+02
|        ( - 6.931e+03 2 0)
|        ( - 3.186e+02 1 0))
|    ( QUESTION2_0_L -1 1.974e+03 1.375e+02 1.033e+02
|        ( - 9.167e+02 2 0)
|        ( QUESTION0 -1 9.198e+02 1.111e+02 5.023e+01
|            ( - 4.925e+02 1 0)
|            ( - 3.163e+02 1 0))))
s>    ( QUESTION15 -1 9.604e+03 2.173e+02 5.015e+02
s>        ( WDBNDRY_B 0 7.413e+03 1.629e+02 3.983e+02
s>            ( - 6.931e+03 2 0)
s>            ( - 3.186e+02 1 0))
s>        ( QUESTION2_0_L -1 1.974e+03 1.375e+02 1.033e+02
s>            ( - 9.167e+02 2 0)
s>            ( QUESTION0 -1 9.198e+02 1.111e+02 5.023e+01
s>                ( - 4.925e+02 1 0)
s>                ( - 3.163e+02 1 0))))INFO: dtree.c(1315): Comp split 7
INFO: dtree.c(1439): stop. leaf nodes are specific
INFO: dtree.c(1478): Final simple tree
|( QUESTION2_0_L -1 3.216e+03 1.320e+02 1.994e+02
|    ( QUESTION15 -1 2.120e+03 1.071e+02 1.404e+02
|        ( WDBNDRY_B 0 1.499e+03 6.023e+01 1.046e+02
|            ( - 1.231e+03 1 0)
|            ( - 2.082e+02 1 0))
|        ( QUESTION0 -1 5.134e+02 6.236e+01 3.583e+01
|            ( - 2.172e+02 1 0)
|            ( - 2.338e+02 1 0)))
|    ( QUESTION6 -1 9.640e+02 9.629e+01 5.897e+01
|        ( QUESTION8 -1 5.659e+02 7.860e+01 3.798e+01
|            ( - 1.951e+02 1 0)
|            ( - 2.921e+02 1 0))
|        ( - 3.019e+02 1 0)))
s>    ( QUESTION2_0_L -1 3.216e+03 1.320e+02 1.994e+02
s>        ( QUESTION15 -1 2.120e+03 1.071e+02 1.404e+02
s>            ( WDBNDRY_B 0 1.499e+03 6.023e+01 1.046e+02
s>                ( - 1.231e+03 1 0)
s>                ( - 2.082e+02 1 0))
s>            ( QUESTION0 -1 5.134e+02 6.236e+01 3.583e+01
s>                ( - 2.172e+02 1 0)
s>                ( - 2.338e+02 1 0)))
s>        ( QUESTION6 -1 9.640e+02 9.629e+01 5.897e+01
s>            ( QUESTION8 -1 5.659e+02 7.860e+01 3.798e+01
s>                ( - 1.951e+02 1 0)
s>                ( - 2.921e+02 1 0))
s>            ( - 3.019e+02 1 0)))INFO: dtree.c(1439): stop. leaf nodes are specific
INFO: dtree.c(1478): Final simple tree
|( WDBNDRY_B 0 5.895e+03 1.208e+02 3.741e+02
|    ( - 7.773e+02 1 0)
|    ( - 4.997e+03 1 0))
s>    ( WDBNDRY_B 0 5.895e+03 1.208e+02 3.741e+02
s>        ( - 7.773e+02 1 0)
s>        ( - 4.997e+03 1 0))INFO: dtree.c(1315): Comp split 8
INFO: dtree.c(1439): stop. leaf nodes are specific
INFO: dtree.c(1478): Final simple tree
|( QUESTION0 -1 2.417e+03 1.543e+02 1.271e+02
|    ( QUESTION2_0_L -1 1.527e+03 1.182e+02 8.197e+01
|        ( - 9.167e+02 2 0)
|        ( - 4.925e+02 1 0))
|    ( WDBNDRY_B 0 7.351e+02 1.002e+02 4.515e+01
|        ( - 3.163e+02 1 0)
|        ( - 3.186e+02 1 0)))
s>    ( QUESTION0 -1 2.417e+03 1.543e+02 1.271e+02
s>        ( QUESTION2_0_L -1 1.527e+03 1.182e+02 8.197e+01
s>            ( - 9.167e+02 2 0)
s>            ( - 4.925e+02 1 0))
s>        ( WDBNDRY_B 0 7.351e+02 1.002e+02 4.515e+01
s>            ( - 3.163e+02 1 0)
s>            ( - 3.186e+02 1 0)))INFO: dtree.c(1315): Comp split 9
INFO: dtree.c(1439): stop. leaf nodes are specific
INFO: dtree.c(1478): Final simple tree
|( QUESTION0 -1 5.286e+03 1.939e+02 3.040e+02
|    ( - 2.133e+03 1 0)
|    ( - 2.959e+03 1 0))
s>    ( QUESTION0 -1 5.286e+03 1.939e+02 3.040e+02
s>        ( - 2.133e+03 1 0)
s>        ( - 2.959e+03 1 0))INFO: dtree.c(1439): stop. leaf nodes are specific
INFO: dtree.c(1478): Final simple tree
|( WDBNDRY_B 0 4.127e+03 1.461e+02 2.303e+02
|    ( - 1.408e+03 1 0)
|    ( - 2.572e+03 1 0))
s>    ( WDBNDRY_B 0 4.127e+03 1.461e+02 2.303e+02
s>        ( - 1.408e+03 1 0)
s>        ( - 2.572e+03 1 0))INFO: dtree.c(1315): Comp split 10
INFO: dtree.c(1439): stop. leaf nodes are specific
INFO: dtree.c(1478): Final simple tree
|( WDBNDRY_B 0 1.495e+03 9.297e+01 9.600e+01
|    ( - 2.339e+02 1 0)
|    ( QUESTION0 -1 1.168e+03 7.543e+01 7.712e+01
|        ( - 7.613e+02 2 0)
|        ( - 3.311e+02 1 0)))
s>    ( WDBNDRY_B 0 1.495e+03 9.297e+01 9.600e+01
s>        ( - 2.339e+02 1 0)
s>        ( QUESTION0 -1 1.168e+03 7.543e+01 7.712e+01
s>            ( - 7.613e+02 2 0)
s>            ( - 3.311e+02 1 0)))INFO: dtree.c(1315): Comp split 11
INFO: dtree.c(1439): stop. leaf nodes are specific
INFO: dtree.c(1478): Final simple tree
|( QUESTION0 -1 1.893e+03 1.260e+02 1.265e+02
|    ( QUESTION1 -1 1.013e+03 8.284e+01 6.715e+01
|        ( - 4.021e+02 1 0)
|        ( - 5.285e+02 1 0))
|    ( - 7.531e+02 1 0))
s>    ( QUESTION0 -1 1.893e+03 1.260e+02 1.265e+02
s>        ( QUESTION1 -1 1.013e+03 8.284e+01 6.715e+01
s>            ( - 4.021e+02 1 0)
s>            ( - 5.285e+02 1 0))
s>        ( - 7.531e+02 1 0))INFO: dtree.c(1439): stop. leaf nodes are specific
INFO: dtree.c(1478): Final simple tree
|( WDBNDRY_B 0 1.325e+03 8.917e+01 9.266e+01
|    ( - 9.463e+02 1 0)
|    ( - 2.890e+02 1 0))
s>    ( WDBNDRY_B 0 1.325e+03 8.917e+01 9.266e+01
s>        ( - 9.463e+02 1 0)
s>        ( - 2.890e+02 1 0))INFO: dtree.c(1315): Comp split 12
INFO: dtree.c(1315): Comp split 13
INFO: dtree.c(1439): stop. leaf nodes are specific
INFO: dtree.c(1478): Final simple tree
|( QUESTION7 -1 2.083e+03 8.522e+01 1.376e+02
|    ( - 1.951e+02 1 0)
|    ( QUESTION6 -1 1.802e+03 6.931e+01 1.226e+02
|        ( - 2.338e+02 1 0)
|        ( WDBNDRY_B 0 1.499e+03 6.023e+01 1.046e+02
|            ( - 1.231e+03 1 0)
|            ( - 2.082e+02 1 0))))
s>    ( QUESTION7 -1 2.083e+03 8.522e+01 1.376e+02
s>        ( - 1.951e+02 1 0)
s>        ( QUESTION6 -1 1.802e+03 6.931e+01 1.226e+02
s>            ( - 2.338e+02 1 0)
s>            ( WDBNDRY_B 0 1.499e+03 6.023e+01 1.046e+02
s>                ( - 1.231e+03 1 0)
s>                ( - 2.082e+02 1 0))))INFO: dtree.c(1439): stop. leaf nodes are specific
INFO: dtree.c(1478): Final simple tree
|( QUESTION6 -1 9.625e+02 9.049e+01 6.178e+01
|    ( - 2.921e+02 1 0)
|    ( QUESTION0 -1 5.799e+02 6.079e+01 3.880e+01
|        ( - 2.172e+02 1 0)
|        ( - 3.019e+02 1 0)))
s>    ( QUESTION6 -1 9.625e+02 9.049e+01 6.178e+01
s>        ( - 2.921e+02 1 0)
s>        ( QUESTION0 -1 5.799e+02 6.079e+01 3.880e+01
s>            ( - 2.172e+02 1 0)
s>            ( - 3.019e+02 1 0)))INFO: dtree.c(1315): Comp split 14
INFO: dtree.c(1439): stop. leaf nodes are specific
INFO: dtree.c(1478): Final simple tree
|( WDBNDRY_B 0 7.351e+02 1.002e+02 4.515e+01
|    ( - 3.163e+02 1 0)
|    ( - 3.186e+02 1 0))
s>    ( WDBNDRY_B 0 7.351e+02 1.002e+02 4.515e+01
s>        ( - 3.163e+02 1 0)
s>        ( - 3.186e+02 1 0))INFO: dtree.c(1439): stop. leaf nodes are specific
INFO: dtree.c(1478): Final simple tree
|( QUESTION2_0_L -1 1.527e+03 1.182e+02 8.197e+01
|    ( - 9.167e+02 2 0)
|    ( - 4.925e+02 1 0))
s>    ( QUESTION2_0_L -1 1.527e+03 1.182e+02 8.197e+01
s>        ( - 9.167e+02 2 0)
s>        ( - 4.925e+02 1 0))INFO: dtree.c(1315): Comp split 15
INFO: dtree.c(1315): Comp split 16
INFO: dtree.c(1439): stop. leaf nodes are specific
INFO: dtree.c(1478): Final simple tree
|( QUESTION1 -1 1.013e+03 8.284e+01 6.715e+01
|    ( - 4.021e+02 1 0)
|    ( - 5.285e+02 1 0))
s>    ( QUESTION1 -1 1.013e+03 8.284e+01 6.715e+01
s>        ( - 4.021e+02 1 0)
s>        ( - 5.285e+02 1 0))INFO: dtree.c(1315): Comp split 17
INFO: dtree.c(1315): Comp split 18
INFO: dtree.c(1315): Comp split 19
INFO: dtree.c(1315): Comp split 20
INFO: dtree.c(1439): stop. leaf nodes are specific
INFO: dtree.c(1478): Final simple tree
|( QUESTION0 -1 1.168e+03 7.543e+01 7.712e+01
|    ( - 7.613e+02 2 0)
|    ( - 3.311e+02 1 0))
s>    ( QUESTION0 -1 1.168e+03 7.543e+01 7.712e+01
s>        ( - 7.613e+02 2 0)
s>        ( - 3.311e+02 1 0))INFO: dtree.c(1315): Comp split 21
INFO: dtree.c(1439): stop. leaf nodes are specific
INFO: dtree.c(1478): Final simple tree
|( QUESTION0 -1 5.799e+02 6.079e+01 3.880e+01
|    ( - 2.172e+02 1 0)
|    ( - 3.019e+02 1 0))
s>    ( QUESTION0 -1 5.799e+02 6.079e+01 3.880e+01
s>        ( - 2.172e+02 1 0)
s>        ( - 3.019e+02 1 0))INFO: dtree.c(1315): Comp split 22
INFO: dtree.c(1315): Comp split 23
INFO: dtree.c(1439): stop. leaf nodes are specific
INFO: dtree.c(1478): Final simple tree
|( QUESTION6 -1 1.802e+03 6.931e+01 1.226e+02
|    ( - 2.338e+02 1 0)
|    ( WDBNDRY_B 0 1.499e+03 6.023e+01 1.046e+02
|        ( - 1.231e+03 1 0)
|        ( - 2.082e+02 1 0)))
s>    ( QUESTION6 -1 1.802e+03 6.931e+01 1.226e+02
s>        ( - 2.338e+02 1 0)
s>        ( WDBNDRY_B 0 1.499e+03 6.023e+01 1.046e+02
s>            ( - 1.231e+03 1 0)
s>            ( - 2.082e+02 1 0)))INFO: dtree.c(1315): Comp split 24
INFO: dtree.c(1315): Comp split 25
INFO: dtree.c(1439): stop. leaf nodes are specific
INFO: dtree.c(1478): Final simple tree
|( WDBNDRY_B 0 4.954e+02 5.334e+01 3.701e+01
|    ( - 2.338e+02 1 0)
|    ( - 2.082e+02 1 0))
s>    ( WDBNDRY_B 0 4.954e+02 5.334e+01 3.701e+01
s>        ( - 2.338e+02 1 0)
s>        ( - 2.082e+02 1 0))INFO: dtree.c(1315): Comp split 26
INFO: dtree.c(1315): Comp split 27
INFO: dtree.c(1315): Comp split 28
INFO: dtree.c(1315): Comp split 29
INFO: dtree.c(1318): stop. leaf nodes are specific
Fri Dec  3 07:39:01 2021
