Current configuration:
[NAME]		[DEFLT]	[VALUE]
-allphones	no	no
-cntthresh	0.00001	1.000000e-05
-csplitmax	100	2000
-csplitmin	1	1
-csplitthr	8e-4	0.000000e+00
-example	no	no
-fullvar	no	no
-help		no	no
-meanfn			
-mixwfn			/home/azhar/Tubes_Speech/commandreminder/model_parameters/commandreminder.cd_ptm_untied/mixture_weights
-moddeffn		/home/azhar/Tubes_Speech/commandreminder/model_architecture/commandreminder.untied.mdef
-mwfloor	1e-4	1.000000e-08
-phone			H
-psetfn			/home/azhar/Tubes_Speech/commandreminder/model_architecture/commandreminder.tree_questions
-ssplitmax	5	7
-ssplitmin	1	1
-ssplitthr	8e-4	0.000000e+00
-state			1
-stwt			1.0,0.05,0.0,
-treefn			/home/azhar/Tubes_Speech/commandreminder/trees/commandreminder.unpruned/H-1.dtree
-ts2cbfn	.semi.	.semi.
-varfloor	0.00001	1.000000e-05
-varfn			

INFO: main.c(223): Reading: /home/azhar/Tubes_Speech/commandreminder/model_architecture/commandreminder.untied.mdef
INFO: model_def_io.c(573): Model definition info:
INFO: model_def_io.c(574): 1061 total models defined (31 base, 1030 tri)
INFO: model_def_io.c(575): 4244 total states
INFO: model_def_io.c(576): 3183 total tied states
INFO: model_def_io.c(577): 93 total tied CI states
INFO: model_def_io.c(578): 31 total tied transition matrices
INFO: model_def_io.c(579): 4 max state/model
INFO: model_def_io.c(580): 4 min state/model
INFO: main.c(242): Building trees for [H A A b] through [H U N e]
INFO: main.c(269): Covering states |[1116 1190]| == 75
INFO: main.c(275): Reading: /home/azhar/Tubes_Speech/commandreminder/model_parameters/commandreminder.cd_ptm_untied/mixture_weights
INFO: s3mixw_io.c(173): Read /home/azhar/Tubes_Speech/commandreminder/model_parameters/commandreminder.cd_ptm_untied/mixture_weights [75x4x64 array]
INFO: main.c(311): 25 of 25 models have observation count greater than 0.000010
INFO: main.c(95): nrm stwt: 0.045 0.909 0.045 
INFO: main.c(411): 25-class entropy: 4.651513e+04
INFO: main.c(549): Reading: /home/azhar/Tubes_Speech/commandreminder/model_architecture/commandreminder.tree_questions
INFO: main.c(588): 174 total simple questions (166 phone; 8 word bndry)
INFO: main.c(590): 40 Left Only questions, and 42 Right Only questions
INFO: dtree.c(1478): Final simple tree
|( QUESTION0_4_R 1 5.712e+04 3.037e+03 2.629e+03
|    ( QUESTION19 -1 4.305e+04 1.541e+03 2.108e+03
|        ( WDBNDRY_B 0 8.578e+03 3.851e+02 4.615e+02
|            ( - 2.051e+03 1 0)
|            ( - 6.142e+03 1 0))
|        ( QUESTION1 -1 3.293e+04 7.971e+02 1.647e+03
|            ( - 2.229e+04 3 0 WDBNDRY_B 0 3.559e+02 1.170e+03)
|            ( QUESTION0 -1 9.846e+03 3.777e+02 4.767e+02
|                ( - 4.340e+03 2 0 WDBNDRY_B 0 2.308e+02 2.253e+02)
|                ( - 5.128e+03 5 0 QUESTION14 -1 2.373e+02 2.514e+02))))
|    ( QUESTION4 1 1.103e+04 8.077e+02 5.209e+02
|        ( - 3.186e+03 2 0 WDBNDRY_B 0 2.643e+02 1.891e+02)
|        ( QUESTION1 -1 7.038e+03 5.484e+02 3.318e+02
|            ( - 4.782e+03 6 0 QUESTION0_15_R 1 2.848e+02 2.410e+02)
|            ( - 1.707e+03 5 0 WDBNDRY_B 0 2.064e+02 9.086e+01))))
s>    ( QUESTION0_4_R 1 5.712e+04 3.037e+03 2.629e+03
s>        ( QUESTION19 -1 4.305e+04 1.541e+03 2.108e+03
s>            ( WDBNDRY_B 0 8.578e+03 3.851e+02 4.615e+02
s>                ( - 2.051e+03 1 0)
s>                ( - 6.142e+03 1 0))
s>            ( QUESTION1 -1 3.293e+04 7.971e+02 1.647e+03
s>                ( - 2.229e+04 3 0 WDBNDRY_B 0 3.559e+02 1.170e+03)
s>                ( QUESTION0 -1 9.846e+03 3.777e+02 4.767e+02
s>                    ( - 4.340e+03 2 0 WDBNDRY_B 0 2.308e+02 2.253e+02)
s>                    ( - 5.128e+03 5 0 QUESTION14 -1 2.373e+02 2.514e+02))))
s>        ( QUESTION4 1 1.103e+04 8.077e+02 5.209e+02
s>            ( - 3.186e+03 2 0 WDBNDRY_B 0 2.643e+02 1.891e+02)
s>            ( QUESTION1 -1 7.038e+03 5.484e+02 3.318e+02
s>                ( - 4.782e+03 6 0 QUESTION0_15_R 1 2.848e+02 2.410e+02)
s>                ( - 1.707e+03 5 0 WDBNDRY_B 0 2.064e+02 9.086e+01))))INFO: dtree.c(1315): Comp split 0
INFO: dtree.c(1478): Final simple tree
|( QUESTION19 -1 4.305e+04 1.541e+03 2.108e+03
|    ( WDBNDRY_B 0 8.578e+03 3.851e+02 4.615e+02
|        ( - 2.051e+03 1 0)
|        ( - 6.142e+03 1 0))
|    ( QUESTION1 -1 3.293e+04 7.971e+02 1.647e+03
|        ( WDBNDRY_B 0 2.229e+04 3.559e+02 1.170e+03
|            ( - 2.107e+04 1 0)
|            ( - 8.671e+02 2 0 WDBNDRY_E 0 1.313e+02 4.809e+01))
|        ( QUESTION0 -1 9.846e+03 3.777e+02 4.767e+02
|            ( WDBNDRY_B 0 4.340e+03 2.308e+02 2.253e+02
|                ( - 3.864e+03 1 0)
|                ( - 2.457e+02 1 0))
|            ( QUESTION14 -1 5.128e+03 2.373e+02 2.514e+02
|                ( - 2.029e+03 2 0 QUESTION2_1_L -1 1.719e+02 1.074e+02)
|                ( - 2.862e+03 3 0 QUESTION7 -1 2.058e+02 1.440e+02)))))
s>    ( QUESTION19 -1 4.305e+04 1.541e+03 2.108e+03
s>        ( WDBNDRY_B 0 8.578e+03 3.851e+02 4.615e+02
s>            ( - 2.051e+03 1 0)
s>            ( - 6.142e+03 1 0))
s>        ( QUESTION1 -1 3.293e+04 7.971e+02 1.647e+03
s>            ( WDBNDRY_B 0 2.229e+04 3.559e+02 1.170e+03
s>                ( - 2.107e+04 1 0)
s>                ( - 8.671e+02 2 0 WDBNDRY_E 0 1.313e+02 4.809e+01))
s>            ( QUESTION0 -1 9.846e+03 3.777e+02 4.767e+02
s>                ( WDBNDRY_B 0 4.340e+03 2.308e+02 2.253e+02
s>                    ( - 3.864e+03 1 0)
s>                    ( - 2.457e+02 1 0))
s>                ( QUESTION14 -1 5.128e+03 2.373e+02 2.514e+02
s>                    ( - 2.029e+03 2 0 QUESTION2_1_L -1 1.719e+02 1.074e+02)
s>                    ( - 2.862e+03 3 0 QUESTION7 -1 2.058e+02 1.440e+02)))))INFO: dtree.c(1478): Final simple tree
|( QUESTION4 1 1.103e+04 8.077e+02 5.209e+02
|    ( WDBNDRY_B 0 3.186e+03 2.643e+02 1.891e+02
|        ( - 3.268e+02 1 0)
|        ( - 2.595e+03 1 0))
|    ( QUESTION1 -1 7.038e+03 5.484e+02 3.318e+02
|        ( QUESTION0_15_R 1 4.782e+03 2.848e+02 2.410e+02
|            ( - 8.813e+02 2 0 QUESTION6 1 1.297e+02 4.972e+01)
|            ( QUESTION0_8_R 1 3.616e+03 1.749e+02 1.913e+02
|                ( QUESTION8 1 2.659e+03 1.490e+02 1.465e+02
|                    ( - 2.207e+02 1 0)
|                    ( - 2.290e+03 1 0))
|                ( - 7.815e+02 2 0 QUESTION0_7_R 1 1.173e+02 4.480e+01)))
|        ( WDBNDRY_B 0 1.707e+03 2.064e+02 9.086e+01
|            ( - 1.076e+03 3 0 QUESTION15 -1 1.297e+02 6.290e+01)
|            ( - 4.251e+02 2 0 QUESTION0_15_R 1 7.229e+01 2.796e+01))))
s>    ( QUESTION4 1 1.103e+04 8.077e+02 5.209e+02
s>        ( WDBNDRY_B 0 3.186e+03 2.643e+02 1.891e+02
s>            ( - 3.268e+02 1 0)
s>            ( - 2.595e+03 1 0))
s>        ( QUESTION1 -1 7.038e+03 5.484e+02 3.318e+02
s>            ( QUESTION0_15_R 1 4.782e+03 2.848e+02 2.410e+02
s>                ( - 8.813e+02 2 0 QUESTION6 1 1.297e+02 4.972e+01)
s>                ( QUESTION0_8_R 1 3.616e+03 1.749e+02 1.913e+02
s>                    ( QUESTION8 1 2.659e+03 1.490e+02 1.465e+02
s>                        ( - 2.207e+02 1 0)
s>                        ( - 2.290e+03 1 0))
s>                    ( - 7.815e+02 2 0 QUESTION0_7_R 1 1.173e+02 4.480e+01)))
s>            ( WDBNDRY_B 0 1.707e+03 2.064e+02 9.086e+01
s>                ( - 1.076e+03 3 0 QUESTION15 -1 1.297e+02 6.290e+01)
s>                ( - 4.251e+02 2 0 QUESTION0_15_R 1 7.229e+01 2.796e+01))))INFO: dtree.c(1315): Comp split 1
INFO: dtree.c(1439): stop. leaf nodes are specific
INFO: dtree.c(1478): Final simple tree
|( QUESTION1 -1 3.120e+04 7.906e+02 1.580e+03
|    ( - 2.107e+04 1 0)
|    ( QUESTION0 -1 9.344e+03 3.515e+02 4.583e+02
|        ( - 3.864e+03 1 0)
|        ( QUESTION14 -1 5.128e+03 2.373e+02 2.514e+02
|            ( QUESTION2_1_L -1 2.029e+03 1.719e+02 1.074e+02
|                ( - 9.304e+02 1 0)
|                ( - 9.263e+02 1 0))
|            ( QUESTION7 -1 2.862e+03 2.058e+02 1.440e+02
|                ( - 5.617e+02 1 0)
|                ( QUESTION6 -1 2.095e+03 1.559e+02 1.099e+02
|                    ( - 1.409e+03 1 0)
|                    ( - 5.295e+02 1 0))))))
s>    ( QUESTION1 -1 3.120e+04 7.906e+02 1.580e+03
s>        ( - 2.107e+04 1 0)
s>        ( QUESTION0 -1 9.344e+03 3.515e+02 4.583e+02
s>            ( - 3.864e+03 1 0)
s>            ( QUESTION14 -1 5.128e+03 2.373e+02 2.514e+02
s>                ( QUESTION2_1_L -1 2.029e+03 1.719e+02 1.074e+02
s>                    ( - 9.304e+02 1 0)
s>                    ( - 9.263e+02 1 0))
s>                ( QUESTION7 -1 2.862e+03 2.058e+02 1.440e+02
s>                    ( - 5.617e+02 1 0)
s>                    ( QUESTION6 -1 2.095e+03 1.559e+02 1.099e+02
s>                        ( - 1.409e+03 1 0)
s>                        ( - 5.295e+02 1 0))))))INFO: dtree.c(1439): stop. leaf nodes are specific
INFO: dtree.c(1478): Final simple tree
|( QUESTION2_0_L -1 1.029e+04 5.385e+02 5.281e+02
|    ( WDBNDRY_E 0 3.607e+03 2.792e+02 1.777e+02
|        ( QUESTION1 -1 6.804e+02 1.239e+02 4.070e+01
|            ( - 3.108e+02 1 0)
|            ( - 2.457e+02 1 0))
|        ( WDBNDRY_B 0 2.647e+03 1.708e+02 1.370e+02
|            ( - 2.051e+03 1 0)
|            ( - 4.249e+02 1 0)))
|    ( - 6.142e+03 1 0))
s>    ( QUESTION2_0_L -1 1.029e+04 5.385e+02 5.281e+02
s>        ( WDBNDRY_E 0 3.607e+03 2.792e+02 1.777e+02
s>            ( QUESTION1 -1 6.804e+02 1.239e+02 4.070e+01
s>                ( - 3.108e+02 1 0)
s>                ( - 2.457e+02 1 0))
s>            ( WDBNDRY_B 0 2.647e+03 1.708e+02 1.370e+02
s>                ( - 2.051e+03 1 0)
s>                ( - 4.249e+02 1 0)))
s>        ( - 6.142e+03 1 0))INFO: dtree.c(1315): Comp split 2
INFO: dtree.c(1478): Final simple tree
|( QUESTION1 -1 7.038e+03 5.484e+02 3.318e+02
|    ( QUESTION0_15_R 1 4.782e+03 2.848e+02 2.410e+02
|        ( QUESTION6 1 8.813e+02 1.297e+02 4.972e+01
|            ( - 2.270e+02 1 0)
|            ( - 5.246e+02 1 0))
|        ( QUESTION0_8_R 1 3.616e+03 1.749e+02 1.913e+02
|            ( QUESTION8 1 2.659e+03 1.490e+02 1.465e+02
|                ( - 2.207e+02 1 0)
|                ( - 2.290e+03 1 0))
|            ( - 7.815e+02 2 0 QUESTION0_7_R 1 1.173e+02 4.480e+01)))
|    ( WDBNDRY_B 0 1.707e+03 2.064e+02 9.086e+01
|        ( QUESTION15 -1 1.076e+03 1.297e+02 6.290e+01
|            ( - 2.338e+02 1 0)
|            ( - 7.123e+02 2 0 QUESTION0 -1 9.525e+01 4.597e+01))
|        ( - 4.251e+02 2 0 QUESTION0_15_R 1 7.229e+01 2.796e+01)))
s>    ( QUESTION1 -1 7.038e+03 5.484e+02 3.318e+02
s>        ( QUESTION0_15_R 1 4.782e+03 2.848e+02 2.410e+02
s>            ( QUESTION6 1 8.813e+02 1.297e+02 4.972e+01
s>                ( - 2.270e+02 1 0)
s>                ( - 5.246e+02 1 0))
s>            ( QUESTION0_8_R 1 3.616e+03 1.749e+02 1.913e+02
s>                ( QUESTION8 1 2.659e+03 1.490e+02 1.465e+02
s>                    ( - 2.207e+02 1 0)
s>                    ( - 2.290e+03 1 0))
s>                ( - 7.815e+02 2 0 QUESTION0_7_R 1 1.173e+02 4.480e+01)))
s>        ( WDBNDRY_B 0 1.707e+03 2.064e+02 9.086e+01
s>            ( QUESTION15 -1 1.076e+03 1.297e+02 6.290e+01
s>                ( - 2.338e+02 1 0)
s>                ( - 7.123e+02 2 0 QUESTION0 -1 9.525e+01 4.597e+01))
s>            ( - 4.251e+02 2 0 QUESTION0_15_R 1 7.229e+01 2.796e+01)))INFO: dtree.c(1439): stop. leaf nodes are specific
INFO: dtree.c(1478): Final simple tree
|( WDBNDRY_B 0 3.186e+03 2.643e+02 1.891e+02
|    ( - 3.268e+02 1 0)
|    ( - 2.595e+03 1 0))
s>    ( WDBNDRY_B 0 3.186e+03 2.643e+02 1.891e+02
s>        ( - 3.268e+02 1 0)
s>        ( - 2.595e+03 1 0))INFO: dtree.c(1315): Comp split 3
INFO: dtree.c(1439): stop. leaf nodes are specific
INFO: dtree.c(1478): Final simple tree
|( QUESTION0 -1 9.344e+03 3.515e+02 4.583e+02
|    ( - 3.864e+03 1 0)
|    ( QUESTION14 -1 5.128e+03 2.373e+02 2.514e+02
|        ( QUESTION2_1_L -1 2.029e+03 1.719e+02 1.074e+02
|            ( - 9.304e+02 1 0)
|            ( - 9.263e+02 1 0))
|        ( QUESTION7 -1 2.862e+03 2.058e+02 1.440e+02
|            ( - 5.617e+02 1 0)
|            ( QUESTION6 -1 2.095e+03 1.559e+02 1.099e+02
|                ( - 1.409e+03 1 0)
|                ( - 5.295e+02 1 0)))))
s>    ( QUESTION0 -1 9.344e+03 3.515e+02 4.583e+02
s>        ( - 3.864e+03 1 0)
s>        ( QUESTION14 -1 5.128e+03 2.373e+02 2.514e+02
s>            ( QUESTION2_1_L -1 2.029e+03 1.719e+02 1.074e+02
s>                ( - 9.304e+02 1 0)
s>                ( - 9.263e+02 1 0))
s>            ( QUESTION7 -1 2.862e+03 2.058e+02 1.440e+02
s>                ( - 5.617e+02 1 0)
s>                ( QUESTION6 -1 2.095e+03 1.559e+02 1.099e+02
s>                    ( - 1.409e+03 1 0)
s>                    ( - 5.295e+02 1 0)))))INFO: dtree.c(1315): Comp split 4
INFO: dtree.c(1439): stop. leaf nodes are specific
INFO: dtree.c(1478): Final simple tree
|( QUESTION0_15_R 1 4.782e+03 2.848e+02 2.410e+02
|    ( QUESTION6 1 8.813e+02 1.297e+02 4.972e+01
|        ( - 2.270e+02 1 0)
|        ( - 5.246e+02 1 0))
|    ( QUESTION0_8_R 1 3.616e+03 1.749e+02 1.913e+02
|        ( QUESTION8 1 2.659e+03 1.490e+02 1.465e+02
|            ( - 2.207e+02 1 0)
|            ( - 2.290e+03 1 0))
|        ( QUESTION0_7_R 1 7.815e+02 1.173e+02 4.480e+01
|            ( - 2.366e+02 1 0)
|            ( - 4.276e+02 1 0))))
s>    ( QUESTION0_15_R 1 4.782e+03 2.848e+02 2.410e+02
s>        ( QUESTION6 1 8.813e+02 1.297e+02 4.972e+01
s>            ( - 2.270e+02 1 0)
s>            ( - 5.246e+02 1 0))
s>        ( QUESTION0_8_R 1 3.616e+03 1.749e+02 1.913e+02
s>            ( QUESTION8 1 2.659e+03 1.490e+02 1.465e+02
s>                ( - 2.207e+02 1 0)
s>                ( - 2.290e+03 1 0))
s>            ( QUESTION0_7_R 1 7.815e+02 1.173e+02 4.480e+01
s>                ( - 2.366e+02 1 0)
s>                ( - 4.276e+02 1 0))))INFO: dtree.c(1439): stop. leaf nodes are specific
INFO: dtree.c(1478): Final simple tree
|( WDBNDRY_B 0 1.707e+03 2.064e+02 9.086e+01
|    ( QUESTION15 -1 1.076e+03 1.297e+02 6.290e+01
|        ( - 2.338e+02 1 0)
|        ( QUESTION0 -1 7.123e+02 9.525e+01 4.597e+01
|            ( - 3.411e+02 1 0)
|            ( - 2.760e+02 1 0)))
|    ( QUESTION0_15_R 1 4.251e+02 7.229e+01 2.796e+01
|        ( - 1.738e+02 1 0)
|        ( - 1.790e+02 1 0)))
s>    ( WDBNDRY_B 0 1.707e+03 2.064e+02 9.086e+01
s>        ( QUESTION15 -1 1.076e+03 1.297e+02 6.290e+01
s>            ( - 2.338e+02 1 0)
s>            ( QUESTION0 -1 7.123e+02 9.525e+01 4.597e+01
s>                ( - 3.411e+02 1 0)
s>                ( - 2.760e+02 1 0)))
s>        ( QUESTION0_15_R 1 4.251e+02 7.229e+01 2.796e+01
s>            ( - 1.738e+02 1 0)
s>            ( - 1.790e+02 1 0)))INFO: dtree.c(1315): Comp split 5
INFO: dtree.c(1439): stop. leaf nodes are specific
INFO: dtree.c(1478): Final simple tree
|( WDBNDRY_E 0 3.607e+03 2.792e+02 1.777e+02
|    ( QUESTION1 -1 6.804e+02 1.239e+02 4.070e+01
|        ( - 3.108e+02 1 0)
|        ( - 2.457e+02 1 0))
|    ( WDBNDRY_B 0 2.647e+03 1.708e+02 1.370e+02
|        ( - 2.051e+03 1 0)
|        ( - 4.249e+02 1 0)))
s>    ( WDBNDRY_E 0 3.607e+03 2.792e+02 1.777e+02
s>        ( QUESTION1 -1 6.804e+02 1.239e+02 4.070e+01
s>            ( - 3.108e+02 1 0)
s>            ( - 2.457e+02 1 0))
s>        ( WDBNDRY_B 0 2.647e+03 1.708e+02 1.370e+02
s>            ( - 2.051e+03 1 0)
s>            ( - 4.249e+02 1 0)))INFO: dtree.c(1315): Comp split 6
INFO: dtree.c(1439): stop. leaf nodes are specific
INFO: dtree.c(1478): Final simple tree
|( QUESTION10 -1 3.988e+03 2.132e+02 1.960e+02
|    ( - 1.409e+03 1 0)
|    ( QUESTION7 -1 2.366e+03 1.933e+02 1.204e+02
|        ( - 5.617e+02 1 0)
|        ( QUESTION6 -1 1.611e+03 1.550e+02 8.633e+01
|            ( - 9.263e+02 1 0)
|            ( - 5.295e+02 1 0))))
s>    ( QUESTION10 -1 3.988e+03 2.132e+02 1.960e+02
s>        ( - 1.409e+03 1 0)
s>        ( QUESTION7 -1 2.366e+03 1.933e+02 1.204e+02
s>            ( - 5.617e+02 1 0)
s>            ( QUESTION6 -1 1.611e+03 1.550e+02 8.633e+01
s>                ( - 9.263e+02 1 0)
s>                ( - 5.295e+02 1 0))))INFO: dtree.c(1439): stop. leaf nodes are specific
INFO: dtree.c(1478): Final simple tree
|( QUESTION0 -1 5.003e+03 2.083e+02 2.623e+02
|    ( - 3.864e+03 1 0)
|    ( - 9.304e+02 1 0))
s>    ( QUESTION0 -1 5.003e+03 2.083e+02 2.623e+02
s>        ( - 3.864e+03 1 0)
s>        ( - 9.304e+02 1 0))INFO: dtree.c(1315): Comp split 7
INFO: dtree.c(1439): stop. leaf nodes are specific
INFO: dtree.c(1478): Final simple tree
|( QUESTION8 1 3.229e+03 1.490e+02 1.752e+02
|    ( - 2.207e+02 1 0)
|    ( QUESTION0_7_R 1 2.859e+03 1.417e+02 1.577e+02
|        ( - 2.290e+03 1 0)
|        ( - 4.276e+02 1 0)))
s>    ( QUESTION8 1 3.229e+03 1.490e+02 1.752e+02
s>        ( - 2.207e+02 1 0)
s>        ( QUESTION0_7_R 1 2.859e+03 1.417e+02 1.577e+02
s>            ( - 2.290e+03 1 0)
s>            ( - 4.276e+02 1 0)))INFO: dtree.c(1439): stop. leaf nodes are specific
INFO: dtree.c(1478): Final simple tree
|( QUESTION19 1 1.255e+03 1.690e+02 6.579e+01
|    ( - 5.246e+02 1 0)
|    ( QUESTION0_7_R 1 5.611e+02 9.751e+01 3.221e+01
|        ( - 2.366e+02 1 0)
|        ( - 2.270e+02 1 0)))
s>    ( QUESTION19 1 1.255e+03 1.690e+02 6.579e+01
s>        ( - 5.246e+02 1 0)
s>        ( QUESTION0_7_R 1 5.611e+02 9.751e+01 3.221e+01
s>            ( - 2.366e+02 1 0)
s>            ( - 2.270e+02 1 0)))INFO: dtree.c(1315): Comp split 8
INFO: dtree.c(1439): stop. leaf nodes are specific
INFO: dtree.c(1478): Final simple tree
|( WDBNDRY_B 0 2.647e+03 1.708e+02 1.370e+02
|    ( - 2.051e+03 1 0)
|    ( - 4.249e+02 1 0))
s>    ( WDBNDRY_B 0 2.647e+03 1.708e+02 1.370e+02
s>        ( - 2.051e+03 1 0)
s>        ( - 4.249e+02 1 0))INFO: dtree.c(1439): stop. leaf nodes are specific
INFO: dtree.c(1478): Final simple tree
|( QUESTION1 -1 6.804e+02 1.239e+02 4.070e+01
|    ( - 3.108e+02 1 0)
|    ( - 2.457e+02 1 0))
s>    ( QUESTION1 -1 6.804e+02 1.239e+02 4.070e+01
s>        ( - 3.108e+02 1 0)
s>        ( - 2.457e+02 1 0))INFO: dtree.c(1315): Comp split 9
INFO: dtree.c(1315): Comp split 10
INFO: dtree.c(1439): stop. leaf nodes are specific
INFO: dtree.c(1478): Final simple tree
|( QUESTION7 -1 1.657e+03 1.687e+02 8.607e+01
|    ( - 5.617e+02 1 0)
|    ( - 9.263e+02 1 0))
s>    ( QUESTION7 -1 1.657e+03 1.687e+02 8.607e+01
s>        ( - 5.617e+02 1 0)
s>        ( - 9.263e+02 1 0))INFO: dtree.c(1439): stop. leaf nodes are specific
INFO: dtree.c(1478): Final simple tree
|( QUESTION6 -1 2.095e+03 1.559e+02 1.099e+02
|    ( - 1.409e+03 1 0)
|    ( - 5.295e+02 1 0))
s>    ( QUESTION6 -1 2.095e+03 1.559e+02 1.099e+02
s>        ( - 1.409e+03 1 0)
s>        ( - 5.295e+02 1 0))INFO: dtree.c(1315): Comp split 11
INFO: dtree.c(1439): stop. leaf nodes are specific
INFO: dtree.c(1478): Final simple tree
|( QUESTION0 -1 7.123e+02 9.525e+01 4.597e+01
|    ( - 3.411e+02 1 0)
|    ( - 2.760e+02 1 0))
s>    ( QUESTION0 -1 7.123e+02 9.525e+01 4.597e+01
s>        ( - 3.411e+02 1 0)
s>        ( - 2.760e+02 1 0))INFO: dtree.c(1439): stop. leaf nodes are specific
INFO: dtree.c(1478): Final simple tree
|( WDBNDRY_B 0 7.843e+02 1.254e+02 4.489e+01
|    ( - 2.338e+02 1 0)
|    ( QUESTION0_15_R 1 4.251e+02 7.229e+01 2.796e+01
|        ( - 1.738e+02 1 0)
|        ( - 1.790e+02 1 0)))
s>    ( WDBNDRY_B 0 7.843e+02 1.254e+02 4.489e+01
s>        ( - 2.338e+02 1 0)
s>        ( QUESTION0_15_R 1 4.251e+02 7.229e+01 2.796e+01
s>            ( - 1.738e+02 1 0)
s>            ( - 1.790e+02 1 0)))INFO: dtree.c(1315): Comp split 12
INFO: dtree.c(1315): Comp split 13
INFO: dtree.c(1439): stop. leaf nodes are specific
INFO: dtree.c(1478): Final simple tree
|( QUESTION0_7_R 1 7.606e+02 1.123e+02 4.621e+01
|    ( - 2.207e+02 1 0)
|    ( - 4.276e+02 1 0))
s>    ( QUESTION0_7_R 1 7.606e+02 1.123e+02 4.621e+01
s>        ( - 2.207e+02 1 0)
s>        ( - 4.276e+02 1 0))INFO: dtree.c(1315): Comp split 14
INFO: dtree.c(1315): Comp split 15
INFO: dtree.c(1439): stop. leaf nodes are specific
INFO: dtree.c(1478): Final simple tree
|( QUESTION0_7_R 1 5.611e+02 9.751e+01 3.221e+01
|    ( - 2.366e+02 1 0)
|    ( - 2.270e+02 1 0))
s>    ( QUESTION0_7_R 1 5.611e+02 9.751e+01 3.221e+01
s>        ( - 2.366e+02 1 0)
s>        ( - 2.270e+02 1 0))INFO: dtree.c(1315): Comp split 16
INFO: dtree.c(1315): Comp split 17
INFO: dtree.c(1315): Comp split 18
INFO: dtree.c(1439): stop. leaf nodes are specific
INFO: dtree.c(1478): Final simple tree
|( QUESTION0_15_R 1 4.251e+02 7.229e+01 2.796e+01
|    ( - 1.738e+02 1 0)
|    ( - 1.790e+02 1 0))
s>    ( QUESTION0_15_R 1 4.251e+02 7.229e+01 2.796e+01
s>        ( - 1.738e+02 1 0)
s>        ( - 1.790e+02 1 0))INFO: dtree.c(1315): Comp split 19
INFO: dtree.c(1315): Comp split 20
INFO: dtree.c(1315): Comp split 21
INFO: dtree.c(1315): Comp split 22
INFO: dtree.c(1315): Comp split 23
INFO: dtree.c(1315): Comp split 24
INFO: dtree.c(1318): stop. leaf nodes are specific
Fri Dec  3 07:39:04 2021
