Current configuration:
[NAME]		[DEFLT]	[VALUE]
-allphones	no	no
-cntthresh	0.00001	1.000000e-05
-csplitmax	100	2000
-csplitmin	1	1
-csplitthr	8e-4	0.000000e+00
-example	no	no
-fullvar	no	no
-help		no	no
-meanfn			
-mixwfn			/home/azhar/Tubes_Speech/commandreminder/model_parameters/commandreminder.cd_ptm_untied/mixture_weights
-moddeffn		/home/azhar/Tubes_Speech/commandreminder/model_architecture/commandreminder.untied.mdef
-mwfloor	1e-4	1.000000e-08
-phone			H
-psetfn			/home/azhar/Tubes_Speech/commandreminder/model_architecture/commandreminder.tree_questions
-ssplitmax	5	7
-ssplitmin	1	1
-ssplitthr	8e-4	0.000000e+00
-state			2
-stwt			1.0,0.05,0.0,
-treefn			/home/azhar/Tubes_Speech/commandreminder/trees/commandreminder.unpruned/H-2.dtree
-ts2cbfn	.semi.	.semi.
-varfloor	0.00001	1.000000e-05
-varfn			

INFO: main.c(223): Reading: /home/azhar/Tubes_Speech/commandreminder/model_architecture/commandreminder.untied.mdef
INFO: model_def_io.c(573): Model definition info:
INFO: model_def_io.c(574): 1061 total models defined (31 base, 1030 tri)
INFO: model_def_io.c(575): 4244 total states
INFO: model_def_io.c(576): 3183 total tied states
INFO: model_def_io.c(577): 93 total tied CI states
INFO: model_def_io.c(578): 31 total tied transition matrices
INFO: model_def_io.c(579): 4 max state/model
INFO: model_def_io.c(580): 4 min state/model
INFO: main.c(242): Building trees for [H A A b] through [H U N e]
INFO: main.c(269): Covering states |[1116 1190]| == 75
INFO: main.c(275): Reading: /home/azhar/Tubes_Speech/commandreminder/model_parameters/commandreminder.cd_ptm_untied/mixture_weights
INFO: s3mixw_io.c(173): Read /home/azhar/Tubes_Speech/commandreminder/model_parameters/commandreminder.cd_ptm_untied/mixture_weights [75x4x64 array]
INFO: main.c(311): 25 of 25 models have observation count greater than 0.000010
INFO: main.c(95): nrm stwt: 0.000 0.048 0.952 
INFO: main.c(411): 25-class entropy: 4.597987e+04
INFO: main.c(549): Reading: /home/azhar/Tubes_Speech/commandreminder/model_architecture/commandreminder.tree_questions
INFO: main.c(588): 174 total simple questions (166 phone; 8 word bndry)
INFO: main.c(590): 40 Left Only questions, and 42 Right Only questions
INFO: dtree.c(1478): Final simple tree
|( QUESTION0_4_R 1 5.637e+04 3.464e+03 2.570e+03
|    ( QUESTION15 -1 4.117e+04 1.254e+03 1.998e+03
|        ( WDBNDRY_B 0 7.812e+03 3.683e+02 4.397e+02
|            ( - 2.381e+03 2 0 QUESTION16 -1 1.511e+02 1.429e+02)
|            ( - 5.063e+03 1 0))
|        ( WDBNDRY_B 0 3.210e+04 4.631e+02 1.558e+03
|            ( QUESTION1 -1 3.052e+04 4.157e+02 1.496e+03
|                ( - 2.117e+04 1 0)
|                ( - 8.940e+03 5 0 QUESTION9 -1 3.072e+02 4.450e+02))
|            ( - 1.113e+03 3 0 WDBNDRY_E 0 1.551e+02 6.184e+01)))
|    ( WDBNDRY_E 0 1.174e+04 8.486e+02 5.727e+02
|        ( - 5.027e+03 8 0 QUESTION0_8_R 1 3.474e+02 2.570e+02)
|        ( QUESTION3 1 5.869e+03 5.619e+02 3.156e+02
|            ( - 1.470e+03 3 0 QUESTION15 -1 1.798e+02 8.961e+01)
|            ( - 3.836e+03 2 0 WDBNDRY_B 0 2.211e+02 2.260e+02))))
s>    ( QUESTION0_4_R 1 5.637e+04 3.464e+03 2.570e+03
s>        ( QUESTION15 -1 4.117e+04 1.254e+03 1.998e+03
s>            ( WDBNDRY_B 0 7.812e+03 3.683e+02 4.397e+02
s>                ( - 2.381e+03 2 0 QUESTION16 -1 1.511e+02 1.429e+02)
s>                ( - 5.063e+03 1 0))
s>            ( WDBNDRY_B 0 3.210e+04 4.631e+02 1.558e+03
s>                ( QUESTION1 -1 3.052e+04 4.157e+02 1.496e+03
s>                    ( - 2.117e+04 1 0)
s>                    ( - 8.940e+03 5 0 QUESTION9 -1 3.072e+02 4.450e+02))
s>                ( - 1.113e+03 3 0 WDBNDRY_E 0 1.551e+02 6.184e+01)))
s>        ( WDBNDRY_E 0 1.174e+04 8.486e+02 5.727e+02
s>            ( - 5.027e+03 8 0 QUESTION0_8_R 1 3.474e+02 2.570e+02)
s>            ( QUESTION3 1 5.869e+03 5.619e+02 3.156e+02
s>                ( - 1.470e+03 3 0 QUESTION15 -1 1.798e+02 8.961e+01)
s>                ( - 3.836e+03 2 0 WDBNDRY_B 0 2.211e+02 2.260e+02))))INFO: dtree.c(1315): Comp split 0
INFO: dtree.c(1478): Final simple tree
|( QUESTION15 -1 4.117e+04 1.254e+03 1.998e+03
|    ( WDBNDRY_B 0 7.812e+03 3.683e+02 4.397e+02
|        ( - 2.381e+03 2 0 QUESTION16 -1 1.511e+02 1.429e+02)
|        ( - 5.063e+03 1 0))
|    ( WDBNDRY_B 0 3.210e+04 4.631e+02 1.558e+03
|        ( QUESTION1 -1 3.052e+04 4.157e+02 1.496e+03
|            ( - 2.117e+04 1 0)
|            ( QUESTION9 -1 8.940e+03 3.072e+02 4.450e+02
|                ( QUESTION10 -1 4.288e+03 2.295e+02 2.159e+02
|                    ( - 2.483e+03 1 0)
|                    ( - 1.576e+03 2 0 QUESTION2_1_L -1 1.702e+02 8.546e+01))
|                ( QUESTION0 -1 4.344e+03 2.164e+02 2.291e+02
|                    ( - 3.481e+03 1 0)
|                    ( - 6.465e+02 1 0))))
|        ( - 1.113e+03 3 0 WDBNDRY_E 0 1.551e+02 6.184e+01)))
s>    ( QUESTION15 -1 4.117e+04 1.254e+03 1.998e+03
s>        ( WDBNDRY_B 0 7.812e+03 3.683e+02 4.397e+02
s>            ( - 2.381e+03 2 0 QUESTION16 -1 1.511e+02 1.429e+02)
s>            ( - 5.063e+03 1 0))
s>        ( WDBNDRY_B 0 3.210e+04 4.631e+02 1.558e+03
s>            ( QUESTION1 -1 3.052e+04 4.157e+02 1.496e+03
s>                ( - 2.117e+04 1 0)
s>                ( QUESTION9 -1 8.940e+03 3.072e+02 4.450e+02
s>                    ( QUESTION10 -1 4.288e+03 2.295e+02 2.159e+02
s>                        ( - 2.483e+03 1 0)
s>                        ( - 1.576e+03 2 0 QUESTION2_1_L -1 1.702e+02 8.546e+01))
s>                    ( QUESTION0 -1 4.344e+03 2.164e+02 2.291e+02
s>                        ( - 3.481e+03 1 0)
s>                        ( - 6.465e+02 1 0))))
s>            ( - 1.113e+03 3 0 WDBNDRY_E 0 1.551e+02 6.184e+01)))INFO: dtree.c(1478): Final simple tree
|( WDBNDRY_E 0 1.174e+04 8.486e+02 5.727e+02
|    ( QUESTION0_8_R 1 5.027e+03 3.474e+02 2.570e+02
|        ( - 2.228e+03 2 0 QUESTION8 1 1.179e+02 1.291e+02)
|        ( QUESTION19 1 2.451e+03 2.376e+02 1.280e+02
|            ( QUESTION1 -1 1.099e+03 1.543e+02 6.366e+01
|                ( - 5.200e+02 1 0)
|                ( - 4.249e+02 2 0 QUESTION0_15_R 1 7.159e+01 2.905e+01))
|            ( - 1.115e+03 3 0 QUESTION0_16_R 1 1.345e+02 6.433e+01)))
|    ( QUESTION3 1 5.869e+03 5.619e+02 3.156e+02
|        ( QUESTION15 -1 1.470e+03 1.798e+02 8.961e+01
|            ( - 5.921e+02 1 0)
|            ( - 6.984e+02 2 0 QUESTION0 -1 1.161e+02 4.707e+01))
|        ( WDBNDRY_B 0 3.836e+03 2.211e+02 2.260e+02
|            ( - 2.730e+02 1 0)
|            ( - 3.342e+03 1 0))))
s>    ( WDBNDRY_E 0 1.174e+04 8.486e+02 5.727e+02
s>        ( QUESTION0_8_R 1 5.027e+03 3.474e+02 2.570e+02
s>            ( - 2.228e+03 2 0 QUESTION8 1 1.179e+02 1.291e+02)
s>            ( QUESTION19 1 2.451e+03 2.376e+02 1.280e+02
s>                ( QUESTION1 -1 1.099e+03 1.543e+02 6.366e+01
s>                    ( - 5.200e+02 1 0)
s>                    ( - 4.249e+02 2 0 QUESTION0_15_R 1 7.159e+01 2.905e+01))
s>                ( - 1.115e+03 3 0 QUESTION0_16_R 1 1.345e+02 6.433e+01)))
s>        ( QUESTION3 1 5.869e+03 5.619e+02 3.156e+02
s>            ( QUESTION15 -1 1.470e+03 1.798e+02 8.961e+01
s>                ( - 5.921e+02 1 0)
s>                ( - 6.984e+02 2 0 QUESTION0 -1 1.161e+02 4.707e+01))
s>            ( WDBNDRY_B 0 3.836e+03 2.211e+02 2.260e+02
s>                ( - 2.730e+02 1 0)
s>                ( - 3.342e+03 1 0))))INFO: dtree.c(1315): Comp split 1
INFO: dtree.c(1439): stop. leaf nodes are specific
INFO: dtree.c(1478): Final simple tree
|( QUESTION1 -1 2.961e+04 3.829e+02 1.452e+03
|    ( - 2.117e+04 1 0)
|    ( QUESTION0 -1 8.060e+03 2.907e+02 4.005e+02
|        ( - 3.481e+03 1 0)
|        ( QUESTION10 -1 4.288e+03 2.295e+02 2.159e+02
|            ( - 2.483e+03 1 0)
|            ( QUESTION2_1_L -1 1.576e+03 1.702e+02 8.546e+01
|                ( - 5.789e+02 1 0)
|                ( - 8.272e+02 1 0)))))
s>    ( QUESTION1 -1 2.961e+04 3.829e+02 1.452e+03
s>        ( - 2.117e+04 1 0)
s>        ( QUESTION0 -1 8.060e+03 2.907e+02 4.005e+02
s>            ( - 3.481e+03 1 0)
s>            ( QUESTION10 -1 4.288e+03 2.295e+02 2.159e+02
s>                ( - 2.483e+03 1 0)
s>                ( QUESTION2_1_L -1 1.576e+03 1.702e+02 8.546e+01
s>                    ( - 5.789e+02 1 0)
s>                    ( - 8.272e+02 1 0)))))INFO: dtree.c(1439): stop. leaf nodes are specific
INFO: dtree.c(1478): Final simple tree
|( QUESTION2_11_L -1 1.017e+04 5.145e+02 5.460e+02
|    ( - 5.063e+03 1 0)
|    ( WDBNDRY_E 0 4.591e+03 3.074e+02 2.492e+02
|        ( QUESTION1 -1 5.932e+02 1.039e+02 3.543e+01
|            ( - 2.995e+02 1 0)
|            ( - 1.898e+02 1 0))
|        ( QUESTION19 -1 3.690e+03 1.929e+02 2.138e+02
|            ( - 1.748e+03 1 0)
|            ( QUESTION6 -1 1.749e+03 1.496e+02 1.037e+02
|                ( - 6.465e+02 1 0)
|                ( WDBNDRY_B 0 9.532e+02 1.063e+02 5.921e+01
|                    ( - 4.818e+02 1 0)
|                    ( - 3.651e+02 1 0))))))
s>    ( QUESTION2_11_L -1 1.017e+04 5.145e+02 5.460e+02
s>        ( - 5.063e+03 1 0)
s>        ( WDBNDRY_E 0 4.591e+03 3.074e+02 2.492e+02
s>            ( QUESTION1 -1 5.932e+02 1.039e+02 3.543e+01
s>                ( - 2.995e+02 1 0)
s>                ( - 1.898e+02 1 0))
s>            ( QUESTION19 -1 3.690e+03 1.929e+02 2.138e+02
s>                ( - 1.748e+03 1 0)
s>                ( QUESTION6 -1 1.749e+03 1.496e+02 1.037e+02
s>                    ( - 6.465e+02 1 0)
s>                    ( WDBNDRY_B 0 9.532e+02 1.063e+02 5.921e+01
s>                        ( - 4.818e+02 1 0)
s>                        ( - 3.651e+02 1 0))))))INFO: dtree.c(1315): Comp split 2
INFO: dtree.c(1439): stop. leaf nodes are specific
INFO: dtree.c(1478): Final simple tree
|( QUESTION4 1 6.535e+03 5.967e+02 3.447e+02
|    ( WDBNDRY_B 0 3.836e+03 2.211e+02 2.260e+02
|        ( - 2.730e+02 1 0)
|        ( - 3.342e+03 1 0))
|    ( QUESTION0 -1 2.102e+03 2.088e+02 1.187e+02
|        ( WDBNDRY_B 0 9.005e+02 1.538e+02 5.526e+01
|            ( - 3.218e+02 1 0)
|            ( QUESTION0_15_R 1 4.249e+02 7.159e+01 2.905e+01
|                ( - 2.009e+02 1 0)
|                ( - 1.524e+02 1 0)))
|        ( QUESTION6 -1 9.924e+02 1.398e+02 6.340e+01
|            ( - 2.605e+02 1 0)
|            ( - 5.921e+02 1 0))))
s>    ( QUESTION4 1 6.535e+03 5.967e+02 3.447e+02
s>        ( WDBNDRY_B 0 3.836e+03 2.211e+02 2.260e+02
s>            ( - 2.730e+02 1 0)
s>            ( - 3.342e+03 1 0))
s>        ( QUESTION0 -1 2.102e+03 2.088e+02 1.187e+02
s>            ( WDBNDRY_B 0 9.005e+02 1.538e+02 5.526e+01
s>                ( - 3.218e+02 1 0)
s>                ( QUESTION0_15_R 1 4.249e+02 7.159e+01 2.905e+01
s>                    ( - 2.009e+02 1 0)
s>                    ( - 1.524e+02 1 0)))
s>            ( QUESTION6 -1 9.924e+02 1.398e+02 6.340e+01
s>                ( - 2.605e+02 1 0)
s>                ( - 5.921e+02 1 0))))INFO: dtree.c(1439): stop. leaf nodes are specific
INFO: dtree.c(1478): Final simple tree
|( QUESTION0_8_R 1 4.345e+03 3.099e+02 2.280e+02
|    ( QUESTION8 1 2.228e+03 1.179e+02 1.291e+02
|        ( - 2.363e+02 1 0)
|        ( - 1.874e+03 1 0))
|    ( QUESTION6 1 1.807e+03 1.895e+02 9.894e+01
|        ( QUESTION0_15_R 1 7.952e+02 1.071e+02 4.933e+01
|            ( - 2.247e+02 1 0)
|            ( - 4.633e+02 1 0))
|        ( QUESTION0_7_R 1 8.228e+02 1.158e+02 4.961e+01
|            ( - 1.870e+02 1 0)
|            ( - 5.200e+02 1 0))))
s>    ( QUESTION0_8_R 1 4.345e+03 3.099e+02 2.280e+02
s>        ( QUESTION8 1 2.228e+03 1.179e+02 1.291e+02
s>            ( - 2.363e+02 1 0)
s>            ( - 1.874e+03 1 0))
s>        ( QUESTION6 1 1.807e+03 1.895e+02 9.894e+01
s>            ( QUESTION0_15_R 1 7.952e+02 1.071e+02 4.933e+01
s>                ( - 2.247e+02 1 0)
s>                ( - 4.633e+02 1 0))
s>            ( QUESTION0_7_R 1 8.228e+02 1.158e+02 4.961e+01
s>                ( - 1.870e+02 1 0)
s>                ( - 5.200e+02 1 0))))INFO: dtree.c(1315): Comp split 3
INFO: dtree.c(1439): stop. leaf nodes are specific
INFO: dtree.c(1478): Final simple tree
|( QUESTION0 -1 2.102e+03 2.088e+02 1.187e+02
|    ( WDBNDRY_B 0 9.005e+02 1.538e+02 5.526e+01
|        ( - 3.218e+02 1 0)
|        ( QUESTION0_15_R 1 4.249e+02 7.159e+01 2.905e+01
|            ( - 2.009e+02 1 0)
|            ( - 1.524e+02 1 0)))
|    ( QUESTION6 -1 9.924e+02 1.398e+02 6.340e+01
|        ( - 2.605e+02 1 0)
|        ( - 5.921e+02 1 0)))
s>    ( QUESTION0 -1 2.102e+03 2.088e+02 1.187e+02
s>        ( WDBNDRY_B 0 9.005e+02 1.538e+02 5.526e+01
s>            ( - 3.218e+02 1 0)
s>            ( QUESTION0_15_R 1 4.249e+02 7.159e+01 2.905e+01
s>                ( - 2.009e+02 1 0)
s>                ( - 1.524e+02 1 0)))
s>        ( QUESTION6 -1 9.924e+02 1.398e+02 6.340e+01
s>            ( - 2.605e+02 1 0)
s>            ( - 5.921e+02 1 0)))INFO: dtree.c(1439): stop. leaf nodes are specific
INFO: dtree.c(1478): Final simple tree
|( WDBNDRY_B 0 3.836e+03 2.211e+02 2.260e+02
|    ( - 2.730e+02 1 0)
|    ( - 3.342e+03 1 0))
s>    ( WDBNDRY_B 0 3.836e+03 2.211e+02 2.260e+02
s>        ( - 2.730e+02 1 0)
s>        ( - 3.342e+03 1 0))INFO: dtree.c(1315): Comp split 4
INFO: dtree.c(1439): stop. leaf nodes are specific
INFO: dtree.c(1478): Final simple tree
|( WDBNDRY_E 0 4.591e+03 3.074e+02 2.492e+02
|    ( QUESTION1 -1 5.932e+02 1.039e+02 3.543e+01
|        ( - 2.995e+02 1 0)
|        ( - 1.898e+02 1 0))
|    ( QUESTION19 -1 3.690e+03 1.929e+02 2.138e+02
|        ( - 1.748e+03 1 0)
|        ( QUESTION6 -1 1.749e+03 1.496e+02 1.037e+02
|            ( - 6.465e+02 1 0)
|            ( WDBNDRY_B 0 9.532e+02 1.063e+02 5.921e+01
|                ( - 4.818e+02 1 0)
|                ( - 3.651e+02 1 0)))))
s>    ( WDBNDRY_E 0 4.591e+03 3.074e+02 2.492e+02
s>        ( QUESTION1 -1 5.932e+02 1.039e+02 3.543e+01
s>            ( - 2.995e+02 1 0)
s>            ( - 1.898e+02 1 0))
s>        ( QUESTION19 -1 3.690e+03 1.929e+02 2.138e+02
s>            ( - 1.748e+03 1 0)
s>            ( QUESTION6 -1 1.749e+03 1.496e+02 1.037e+02
s>                ( - 6.465e+02 1 0)
s>                ( WDBNDRY_B 0 9.532e+02 1.063e+02 5.921e+01
s>                    ( - 4.818e+02 1 0)
s>                    ( - 3.651e+02 1 0)))))INFO: dtree.c(1315): Comp split 5
INFO: dtree.c(1439): stop. leaf nodes are specific
INFO: dtree.c(1478): Final simple tree
|( QUESTION0 -1 2.221e+04 2.143e+02 1.099e+03
|    ( - 2.117e+04 1 0)
|    ( - 8.272e+02 1 0))
s>    ( QUESTION0 -1 2.221e+04 2.143e+02 1.099e+03
s>        ( - 2.117e+04 1 0)
s>        ( - 8.272e+02 1 0))INFO: dtree.c(1439): stop. leaf nodes are specific
INFO: dtree.c(1478): Final simple tree
|( QUESTION10 -1 7.006e+03 2.856e+02 3.525e+02
|    ( - 2.483e+03 1 0)
|    ( QUESTION0 -1 4.238e+03 1.778e+02 2.221e+02
|        ( - 3.481e+03 1 0)
|        ( - 5.789e+02 1 0)))
s>    ( QUESTION10 -1 7.006e+03 2.856e+02 3.525e+02
s>        ( - 2.483e+03 1 0)
s>        ( QUESTION0 -1 4.238e+03 1.778e+02 2.221e+02
s>            ( - 3.481e+03 1 0)
s>            ( - 5.789e+02 1 0)))INFO: dtree.c(1315): Comp split 6
INFO: dtree.c(1439): stop. leaf nodes are specific
INFO: dtree.c(1478): Final simple tree
|( QUESTION6 1 1.807e+03 1.895e+02 9.894e+01
|    ( QUESTION0_15_R 1 7.952e+02 1.071e+02 4.933e+01
|        ( - 2.247e+02 1 0)
|        ( - 4.633e+02 1 0))
|    ( QUESTION0_7_R 1 8.228e+02 1.158e+02 4.961e+01
|        ( - 1.870e+02 1 0)
|        ( - 5.200e+02 1 0)))
s>    ( QUESTION6 1 1.807e+03 1.895e+02 9.894e+01
s>        ( QUESTION0_15_R 1 7.952e+02 1.071e+02 4.933e+01
s>            ( - 2.247e+02 1 0)
s>            ( - 4.633e+02 1 0))
s>        ( QUESTION0_7_R 1 8.228e+02 1.158e+02 4.961e+01
s>            ( - 1.870e+02 1 0)
s>            ( - 5.200e+02 1 0)))INFO: dtree.c(1439): stop. leaf nodes are specific
INFO: dtree.c(1478): Final simple tree
|( QUESTION8 1 2.228e+03 1.179e+02 1.291e+02
|    ( - 2.363e+02 1 0)
|    ( - 1.874e+03 1 0))
s>    ( QUESTION8 1 2.228e+03 1.179e+02 1.291e+02
s>        ( - 2.363e+02 1 0)
s>        ( - 1.874e+03 1 0))INFO: dtree.c(1315): Comp split 7
INFO: dtree.c(1439): stop. leaf nodes are specific
INFO: dtree.c(1478): Final simple tree
|( QUESTION19 -1 3.690e+03 1.929e+02 2.138e+02
|    ( - 1.748e+03 1 0)
|    ( QUESTION6 -1 1.749e+03 1.496e+02 1.037e+02
|        ( - 6.465e+02 1 0)
|        ( WDBNDRY_B 0 9.532e+02 1.063e+02 5.921e+01
|            ( - 4.818e+02 1 0)
|            ( - 3.651e+02 1 0))))
s>    ( QUESTION19 -1 3.690e+03 1.929e+02 2.138e+02
s>        ( - 1.748e+03 1 0)
s>        ( QUESTION6 -1 1.749e+03 1.496e+02 1.037e+02
s>            ( - 6.465e+02 1 0)
s>            ( WDBNDRY_B 0 9.532e+02 1.063e+02 5.921e+01
s>                ( - 4.818e+02 1 0)
s>                ( - 3.651e+02 1 0))))INFO: dtree.c(1439): stop. leaf nodes are specific
INFO: dtree.c(1478): Final simple tree
|( QUESTION1 -1 5.932e+02 1.039e+02 3.543e+01
|    ( - 2.995e+02 1 0)
|    ( - 1.898e+02 1 0))
s>    ( QUESTION1 -1 5.932e+02 1.039e+02 3.543e+01
s>        ( - 2.995e+02 1 0)
s>        ( - 1.898e+02 1 0))INFO: dtree.c(1315): Comp split 8
INFO: dtree.c(1439): stop. leaf nodes are specific
INFO: dtree.c(1478): Final simple tree
|( QUESTION0 -1 4.238e+03 1.778e+02 2.221e+02
|    ( - 3.481e+03 1 0)
|    ( - 5.789e+02 1 0))
s>    ( QUESTION0 -1 4.238e+03 1.778e+02 2.221e+02
s>        ( - 3.481e+03 1 0)
s>        ( - 5.789e+02 1 0))INFO: dtree.c(1315): Comp split 9
INFO: dtree.c(1439): stop. leaf nodes are specific
INFO: dtree.c(1478): Final simple tree
|( WDBNDRY_B 0 8.230e+02 1.376e+02 4.990e+01
|    ( - 2.605e+02 1 0)
|    ( QUESTION0_15_R 1 4.249e+02 7.159e+01 2.905e+01
|        ( - 2.009e+02 1 0)
|        ( - 1.524e+02 1 0)))
s>    ( WDBNDRY_B 0 8.230e+02 1.376e+02 4.990e+01
s>        ( - 2.605e+02 1 0)
s>        ( QUESTION0_15_R 1 4.249e+02 7.159e+01 2.905e+01
s>            ( - 2.009e+02 1 0)
s>            ( - 1.524e+02 1 0)))INFO: dtree.c(1439): stop. leaf nodes are specific
INFO: dtree.c(1478): Final simple tree
|( QUESTION0 -1 1.057e+03 1.434e+02 6.876e+01
|    ( - 3.218e+02 1 0)
|    ( - 5.921e+02 1 0))
s>    ( QUESTION0 -1 1.057e+03 1.434e+02 6.876e+01
s>        ( - 3.218e+02 1 0)
s>        ( - 5.921e+02 1 0))INFO: dtree.c(1315): Comp split 10
INFO: dtree.c(1315): Comp split 11
INFO: dtree.c(1315): Comp split 12
INFO: dtree.c(1439): stop. leaf nodes are specific
INFO: dtree.c(1478): Final simple tree
|( QUESTION6 -1 1.749e+03 1.496e+02 1.037e+02
|    ( - 6.465e+02 1 0)
|    ( WDBNDRY_B 0 9.532e+02 1.063e+02 5.921e+01
|        ( - 4.818e+02 1 0)
|        ( - 3.651e+02 1 0)))
s>    ( QUESTION6 -1 1.749e+03 1.496e+02 1.037e+02
s>        ( - 6.465e+02 1 0)
s>        ( WDBNDRY_B 0 9.532e+02 1.063e+02 5.921e+01
s>            ( - 4.818e+02 1 0)
s>            ( - 3.651e+02 1 0)))INFO: dtree.c(1315): Comp split 13
INFO: dtree.c(1439): stop. leaf nodes are specific
INFO: dtree.c(1478): Final simple tree
|( QUESTION0_7_R 1 8.228e+02 1.158e+02 4.961e+01
|    ( - 1.870e+02 1 0)
|    ( - 5.200e+02 1 0))
s>    ( QUESTION0_7_R 1 8.228e+02 1.158e+02 4.961e+01
s>        ( - 1.870e+02 1 0)
s>        ( - 5.200e+02 1 0))INFO: dtree.c(1439): stop. leaf nodes are specific
INFO: dtree.c(1478): Final simple tree
|( QUESTION0_15_R 1 7.952e+02 1.071e+02 4.933e+01
|    ( - 2.247e+02 1 0)
|    ( - 4.633e+02 1 0))
s>    ( QUESTION0_15_R 1 7.952e+02 1.071e+02 4.933e+01
s>        ( - 2.247e+02 1 0)
s>        ( - 4.633e+02 1 0))INFO: dtree.c(1315): Comp split 14
INFO: dtree.c(1315): Comp split 15
INFO: dtree.c(1439): stop. leaf nodes are specific
INFO: dtree.c(1478): Final simple tree
|( WDBNDRY_B 0 9.532e+02 1.063e+02 5.921e+01
|    ( - 4.818e+02 1 0)
|    ( - 3.651e+02 1 0))
s>    ( WDBNDRY_B 0 9.532e+02 1.063e+02 5.921e+01
s>        ( - 4.818e+02 1 0)
s>        ( - 3.651e+02 1 0))INFO: dtree.c(1315): Comp split 16
INFO: dtree.c(1315): Comp split 17
INFO: dtree.c(1439): stop. leaf nodes are specific
INFO: dtree.c(1478): Final simple tree
|( QUESTION0_15_R 1 4.249e+02 7.159e+01 2.905e+01
|    ( - 2.009e+02 1 0)
|    ( - 1.524e+02 1 0))
s>    ( QUESTION0_15_R 1 4.249e+02 7.159e+01 2.905e+01
s>        ( - 2.009e+02 1 0)
s>        ( - 1.524e+02 1 0))INFO: dtree.c(1315): Comp split 18
INFO: dtree.c(1315): Comp split 19
INFO: dtree.c(1315): Comp split 20
INFO: dtree.c(1315): Comp split 21
INFO: dtree.c(1315): Comp split 22
INFO: dtree.c(1315): Comp split 23
INFO: dtree.c(1315): Comp split 24
INFO: dtree.c(1318): stop. leaf nodes are specific
Fri Dec  3 07:39:05 2021
