Current configuration:
[NAME]		[DEFLT]	[VALUE]
-allphones	no	no
-cntthresh	0.00001	1.000000e-05
-csplitmax	100	2000
-csplitmin	1	1
-csplitthr	8e-4	0.000000e+00
-example	no	no
-fullvar	no	no
-help		no	no
-meanfn			
-mixwfn			/home/azhar/Tubes_Speech/commandreminder/model_parameters/commandreminder.cd_ptm_untied/mixture_weights
-moddeffn		/home/azhar/Tubes_Speech/commandreminder/model_architecture/commandreminder.untied.mdef
-mwfloor	1e-4	1.000000e-08
-phone			EE
-psetfn			/home/azhar/Tubes_Speech/commandreminder/model_architecture/commandreminder.tree_questions
-ssplitmax	5	7
-ssplitmin	1	1
-ssplitthr	8e-4	0.000000e+00
-state			0
-stwt			1.0,0.05,0.0,
-treefn			/home/azhar/Tubes_Speech/commandreminder/trees/commandreminder.unpruned/EE-0.dtree
-ts2cbfn	.semi.	.semi.
-varfloor	0.00001	1.000000e-05
-varfn			

INFO: main.c(223): Reading: /home/azhar/Tubes_Speech/commandreminder/model_architecture/commandreminder.untied.mdef
INFO: model_def_io.c(573): Model definition info:
INFO: model_def_io.c(574): 1061 total models defined (31 base, 1030 tri)
INFO: model_def_io.c(575): 4244 total states
INFO: model_def_io.c(576): 3183 total tied states
INFO: model_def_io.c(577): 93 total tied CI states
INFO: model_def_io.c(578): 31 total tied transition matrices
INFO: model_def_io.c(579): 4 max state/model
INFO: model_def_io.c(580): 4 min state/model
INFO: main.c(242): Building trees for [EE B S i] through [EE T S i]
INFO: main.c(269): Covering states |[987 1049]| == 63
INFO: main.c(275): Reading: /home/azhar/Tubes_Speech/commandreminder/model_parameters/commandreminder.cd_ptm_untied/mixture_weights
INFO: s3mixw_io.c(173): Read /home/azhar/Tubes_Speech/commandreminder/model_parameters/commandreminder.cd_ptm_untied/mixture_weights [63x4x64 array]
INFO: main.c(311): 21 of 21 models have observation count greater than 0.000010
INFO: main.c(95): nrm stwt: 0.952 0.048 0.000 
INFO: main.c(411): 21-class entropy: 2.593437e+04
INFO: main.c(549): Reading: /home/azhar/Tubes_Speech/commandreminder/model_architecture/commandreminder.tree_questions
INFO: main.c(588): 174 total simple questions (166 phone; 8 word bndry)
INFO: main.c(590): 40 Left Only questions, and 42 Right Only questions
INFO: dtree.c(1478): Final simple tree
|( QUESTION16 -1 3.341e+04 1.623e+03 1.603e+03
|    ( - 6.125e+03 4 0 QUESTION0_15_R 1 1.921e+02 3.514e+02)
|    ( QUESTION11 -1 2.566e+04 1.071e+03 1.251e+03
|        ( QUESTION12 -1 6.237e+03 3.637e+02 3.639e+02
|            ( - 4.649e+03 1 0)
|            ( - 1.224e+03 2 0 QUESTION0_7_R 1 1.411e+02 7.430e+01))
|        ( QUESTION6 -1 1.835e+04 1.077e+03 8.873e+02
|            ( QUESTION14 -1 1.287e+04 6.531e+02 6.438e+02
|                ( - 3.408e+03 5 0 QUESTION4 1 2.210e+02 1.859e+02)
|                ( QUESTION2_13_L -1 8.805e+03 4.366e+02 4.579e+02
|                    ( - 3.727e+03 3 0 QUESTION19 1 2.066e+02 2.039e+02)
|                    ( - 4.642e+03 3 0 QUESTION0_9_R 1 1.946e+02 2.540e+02)))
|            ( QUESTION0_7_R 1 4.410e+03 2.234e+02 2.434e+02
|                ( - 1.925e+03 1 0)
|                ( - 2.261e+03 2 0 QUESTION2_0_L -1 1.346e+02 1.325e+02)))))
s>    ( QUESTION16 -1 3.341e+04 1.623e+03 1.603e+03
s>        ( - 6.125e+03 4 0 QUESTION0_15_R 1 1.921e+02 3.514e+02)
s>        ( QUESTION11 -1 2.566e+04 1.071e+03 1.251e+03
s>            ( QUESTION12 -1 6.237e+03 3.637e+02 3.639e+02
s>                ( - 4.649e+03 1 0)
s>                ( - 1.224e+03 2 0 QUESTION0_7_R 1 1.411e+02 7.430e+01))
s>            ( QUESTION6 -1 1.835e+04 1.077e+03 8.873e+02
s>                ( QUESTION14 -1 1.287e+04 6.531e+02 6.438e+02
s>                    ( - 3.408e+03 5 0 QUESTION4 1 2.210e+02 1.859e+02)
s>                    ( QUESTION2_13_L -1 8.805e+03 4.366e+02 4.579e+02
s>                        ( - 3.727e+03 3 0 QUESTION19 1 2.066e+02 2.039e+02)
s>                        ( - 4.642e+03 3 0 QUESTION0_9_R 1 1.946e+02 2.540e+02)))
s>                ( QUESTION0_7_R 1 4.410e+03 2.234e+02 2.434e+02
s>                    ( - 1.925e+03 1 0)
s>                    ( - 2.261e+03 2 0 QUESTION2_0_L -1 1.346e+02 1.325e+02)))))INFO: dtree.c(1315): Comp split 0
INFO: dtree.c(1478): Final simple tree
|( QUESTION6 -1 1.586e+04 9.320e+02 8.094e+02
|    ( QUESTION2_13_L -1 8.805e+03 4.366e+02 4.579e+02
|        ( QUESTION19 1 3.727e+03 2.066e+02 2.039e+02
|            ( - 1.924e+03 1 0)
|            ( - 1.596e+03 2 0 QUESTION0_7_R 1 1.267e+02 9.197e+01))
|        ( QUESTION0_9_R 1 4.642e+03 1.946e+02 2.540e+02
|            ( - 3.196e+03 1 0)
|            ( QUESTION0_7_R 1 1.251e+03 1.488e+02 7.286e+01
|                ( - 4.687e+02 1 0)
|                ( - 6.336e+02 1 0))))
|    ( QUESTION0_15_R 1 6.125e+03 1.921e+02 3.514e+02
|        ( - 3.625e+03 1 0)
|        ( QUESTION0_9_R 1 2.308e+03 1.536e+02 1.377e+02
|            ( - 4.125e+02 1 0)
|            ( - 1.742e+03 2 0 QUESTION0_7_R 1 1.108e+02 1.075e+02))))
s>    ( QUESTION6 -1 1.586e+04 9.320e+02 8.094e+02
s>        ( QUESTION2_13_L -1 8.805e+03 4.366e+02 4.579e+02
s>            ( QUESTION19 1 3.727e+03 2.066e+02 2.039e+02
s>                ( - 1.924e+03 1 0)
s>                ( - 1.596e+03 2 0 QUESTION0_7_R 1 1.267e+02 9.197e+01))
s>            ( QUESTION0_9_R 1 4.642e+03 1.946e+02 2.540e+02
s>                ( - 3.196e+03 1 0)
s>                ( QUESTION0_7_R 1 1.251e+03 1.488e+02 7.286e+01
s>                    ( - 4.687e+02 1 0)
s>                    ( - 6.336e+02 1 0))))
s>        ( QUESTION0_15_R 1 6.125e+03 1.921e+02 3.514e+02
s>            ( - 3.625e+03 1 0)
s>            ( QUESTION0_9_R 1 2.308e+03 1.536e+02 1.377e+02
s>                ( - 4.125e+02 1 0)
s>                ( - 1.742e+03 2 0 QUESTION0_7_R 1 1.108e+02 1.075e+02))))INFO: dtree.c(1478): Final simple tree
|( QUESTION10 -1 1.576e+04 9.676e+02 7.932e+02
|    ( QUESTION12 -1 6.237e+03 3.637e+02 3.639e+02
|        ( - 4.649e+03 1 0)
|        ( QUESTION0_7_R 1 1.224e+03 1.411e+02 7.430e+01
|            ( - 7.213e+02 1 0)
|            ( - 3.620e+02 1 0)))
|    ( QUESTION6 -1 8.553e+03 7.351e+02 4.293e+02
|        ( QUESTION4 1 3.408e+03 2.210e+02 1.859e+02
|            ( - 9.345e+02 1 0)
|            ( QUESTION0_6_R 1 2.252e+03 1.658e+02 1.304e+02
|                ( - 1.298e+03 2 0 WDBNDRY_E 0 1.260e+02 8.250e+01)
|                ( - 7.888e+02 2 0 SILENCE 1 1.048e+02 4.788e+01)))
|        ( QUESTION0_7_R 1 4.410e+03 2.234e+02 2.434e+02
|            ( - 1.925e+03 1 0)
|            ( - 2.261e+03 2 0 QUESTION2_0_L -1 1.346e+02 1.325e+02))))
s>    ( QUESTION10 -1 1.576e+04 9.676e+02 7.932e+02
s>        ( QUESTION12 -1 6.237e+03 3.637e+02 3.639e+02
s>            ( - 4.649e+03 1 0)
s>            ( QUESTION0_7_R 1 1.224e+03 1.411e+02 7.430e+01
s>                ( - 7.213e+02 1 0)
s>                ( - 3.620e+02 1 0)))
s>        ( QUESTION6 -1 8.553e+03 7.351e+02 4.293e+02
s>            ( QUESTION4 1 3.408e+03 2.210e+02 1.859e+02
s>                ( - 9.345e+02 1 0)
s>                ( QUESTION0_6_R 1 2.252e+03 1.658e+02 1.304e+02
s>                    ( - 1.298e+03 2 0 WDBNDRY_E 0 1.260e+02 8.250e+01)
s>                    ( - 7.888e+02 2 0 SILENCE 1 1.048e+02 4.788e+01)))
s>            ( QUESTION0_7_R 1 4.410e+03 2.234e+02 2.434e+02
s>                ( - 1.925e+03 1 0)
s>                ( - 2.261e+03 2 0 QUESTION2_0_L -1 1.346e+02 1.325e+02))))INFO: dtree.c(1315): Comp split 1
INFO: dtree.c(1478): Final simple tree
|( QUESTION6 -1 8.553e+03 7.351e+02 4.293e+02
|    ( QUESTION4 1 3.408e+03 2.210e+02 1.859e+02
|        ( - 9.345e+02 1 0)
|        ( QUESTION0_6_R 1 2.252e+03 1.658e+02 1.304e+02
|            ( WDBNDRY_E 0 1.298e+03 1.260e+02 8.250e+01
|                ( - 8.334e+02 1 0)
|                ( - 3.381e+02 1 0))
|            ( SILENCE 1 7.888e+02 1.048e+02 4.788e+01
|                ( - 4.114e+02 1 0)
|                ( - 2.727e+02 1 0))))
|    ( QUESTION0_7_R 1 4.410e+03 2.234e+02 2.434e+02
|        ( - 1.925e+03 1 0)
|        ( QUESTION2_0_L -1 2.261e+03 1.346e+02 1.325e+02
|            ( - 1.476e+03 1 0)
|            ( - 6.510e+02 1 0))))
s>    ( QUESTION6 -1 8.553e+03 7.351e+02 4.293e+02
s>        ( QUESTION4 1 3.408e+03 2.210e+02 1.859e+02
s>            ( - 9.345e+02 1 0)
s>            ( QUESTION0_6_R 1 2.252e+03 1.658e+02 1.304e+02
s>                ( WDBNDRY_E 0 1.298e+03 1.260e+02 8.250e+01
s>                    ( - 8.334e+02 1 0)
s>                    ( - 3.381e+02 1 0))
s>                ( SILENCE 1 7.888e+02 1.048e+02 4.788e+01
s>                    ( - 4.114e+02 1 0)
s>                    ( - 2.727e+02 1 0))))
s>        ( QUESTION0_7_R 1 4.410e+03 2.234e+02 2.434e+02
s>            ( - 1.925e+03 1 0)
s>            ( QUESTION2_0_L -1 2.261e+03 1.346e+02 1.325e+02
s>                ( - 1.476e+03 1 0)
s>                ( - 6.510e+02 1 0))))INFO: dtree.c(1439): stop. leaf nodes are specific
INFO: dtree.c(1478): Final simple tree
|( QUESTION12 -1 6.237e+03 3.637e+02 3.639e+02
|    ( - 4.649e+03 1 0)
|    ( QUESTION0_7_R 1 1.224e+03 1.411e+02 7.430e+01
|        ( - 7.213e+02 1 0)
|        ( - 3.620e+02 1 0)))
s>    ( QUESTION12 -1 6.237e+03 3.637e+02 3.639e+02
s>        ( - 4.649e+03 1 0)
s>        ( QUESTION0_7_R 1 1.224e+03 1.411e+02 7.430e+01
s>            ( - 7.213e+02 1 0)
s>            ( - 3.620e+02 1 0)))INFO: dtree.c(1315): Comp split 2
INFO: dtree.c(1439): stop. leaf nodes are specific
INFO: dtree.c(1478): Final simple tree
|( QUESTION2_13_L -1 8.805e+03 4.366e+02 4.579e+02
|    ( QUESTION19 1 3.727e+03 2.066e+02 2.039e+02
|        ( - 1.924e+03 1 0)
|        ( QUESTION0_7_R 1 1.596e+03 1.267e+02 9.197e+01
|            ( - 2.445e+02 1 0)
|            ( - 1.224e+03 1 0)))
|    ( QUESTION0_9_R 1 4.642e+03 1.946e+02 2.540e+02
|        ( - 3.196e+03 1 0)
|        ( QUESTION0_7_R 1 1.251e+03 1.488e+02 7.286e+01
|            ( - 4.687e+02 1 0)
|            ( - 6.336e+02 1 0))))
s>    ( QUESTION2_13_L -1 8.805e+03 4.366e+02 4.579e+02
s>        ( QUESTION19 1 3.727e+03 2.066e+02 2.039e+02
s>            ( - 1.924e+03 1 0)
s>            ( QUESTION0_7_R 1 1.596e+03 1.267e+02 9.197e+01
s>                ( - 2.445e+02 1 0)
s>                ( - 1.224e+03 1 0)))
s>        ( QUESTION0_9_R 1 4.642e+03 1.946e+02 2.540e+02
s>            ( - 3.196e+03 1 0)
s>            ( QUESTION0_7_R 1 1.251e+03 1.488e+02 7.286e+01
s>                ( - 4.687e+02 1 0)
s>                ( - 6.336e+02 1 0))))INFO: dtree.c(1439): stop. leaf nodes are specific
INFO: dtree.c(1478): Final simple tree
|( QUESTION0_15_R 1 6.125e+03 1.921e+02 3.514e+02
|    ( - 3.625e+03 1 0)
|    ( QUESTION0_9_R 1 2.308e+03 1.536e+02 1.377e+02
|        ( - 4.125e+02 1 0)
|        ( QUESTION0_7_R 1 1.742e+03 1.108e+02 1.075e+02
|            ( - 3.351e+02 1 0)
|            ( - 1.296e+03 1 0))))
s>    ( QUESTION0_15_R 1 6.125e+03 1.921e+02 3.514e+02
s>        ( - 3.625e+03 1 0)
s>        ( QUESTION0_9_R 1 2.308e+03 1.536e+02 1.377e+02
s>            ( - 4.125e+02 1 0)
s>            ( QUESTION0_7_R 1 1.742e+03 1.108e+02 1.075e+02
s>                ( - 3.351e+02 1 0)
s>                ( - 1.296e+03 1 0))))INFO: dtree.c(1315): Comp split 3
INFO: dtree.c(1439): stop. leaf nodes are specific
INFO: dtree.c(1478): Final simple tree
|( QUESTION4 1 3.408e+03 2.210e+02 1.859e+02
|    ( - 9.345e+02 1 0)
|    ( QUESTION0_6_R 1 2.252e+03 1.658e+02 1.304e+02
|        ( WDBNDRY_E 0 1.298e+03 1.260e+02 8.250e+01
|            ( - 8.334e+02 1 0)
|            ( - 3.381e+02 1 0))
|        ( SILENCE 1 7.888e+02 1.048e+02 4.788e+01
|            ( - 4.114e+02 1 0)
|            ( - 2.727e+02 1 0))))
s>    ( QUESTION4 1 3.408e+03 2.210e+02 1.859e+02
s>        ( - 9.345e+02 1 0)
s>        ( QUESTION0_6_R 1 2.252e+03 1.658e+02 1.304e+02
s>            ( WDBNDRY_E 0 1.298e+03 1.260e+02 8.250e+01
s>                ( - 8.334e+02 1 0)
s>                ( - 3.381e+02 1 0))
s>            ( SILENCE 1 7.888e+02 1.048e+02 4.788e+01
s>                ( - 4.114e+02 1 0)
s>                ( - 2.727e+02 1 0))))INFO: dtree.c(1439): stop. leaf nodes are specific
INFO: dtree.c(1478): Final simple tree
|( QUESTION0_7_R 1 4.410e+03 2.234e+02 2.434e+02
|    ( - 1.925e+03 1 0)
|    ( QUESTION2_0_L -1 2.261e+03 1.346e+02 1.325e+02
|        ( - 1.476e+03 1 0)
|        ( - 6.510e+02 1 0)))
s>    ( QUESTION0_7_R 1 4.410e+03 2.234e+02 2.434e+02
s>        ( - 1.925e+03 1 0)
s>        ( QUESTION2_0_L -1 2.261e+03 1.346e+02 1.325e+02
s>            ( - 1.476e+03 1 0)
s>            ( - 6.510e+02 1 0)))INFO: dtree.c(1315): Comp split 4
INFO: dtree.c(1439): stop. leaf nodes are specific
INFO: dtree.c(1478): Final simple tree
|( QUESTION0_9_R 1 5.021e+03 1.985e+02 2.730e+02
|    ( QUESTION7 -1 3.571e+03 1.308e+02 2.001e+02
|        ( - 2.445e+02 1 0)
|        ( - 3.196e+03 1 0))
|    ( QUESTION0_7_R 1 1.251e+03 1.488e+02 7.286e+01
|        ( - 4.687e+02 1 0)
|        ( - 6.336e+02 1 0)))
s>    ( QUESTION0_9_R 1 5.021e+03 1.985e+02 2.730e+02
s>        ( QUESTION7 -1 3.571e+03 1.308e+02 2.001e+02
s>            ( - 2.445e+02 1 0)
s>            ( - 3.196e+03 1 0))
s>        ( QUESTION0_7_R 1 1.251e+03 1.488e+02 7.286e+01
s>            ( - 4.687e+02 1 0)
s>            ( - 6.336e+02 1 0)))INFO: dtree.c(1439): stop. leaf nodes are specific
INFO: dtree.c(1478): Final simple tree
|( QUESTION6 1 3.340e+03 1.911e+02 1.850e+02
|    ( - 1.224e+03 1 0)
|    ( - 1.924e+03 1 0))
s>    ( QUESTION6 1 3.340e+03 1.911e+02 1.850e+02
s>        ( - 1.224e+03 1 0)
s>        ( - 1.924e+03 1 0))INFO: dtree.c(1315): Comp split 5
INFO: dtree.c(1439): stop. leaf nodes are specific
INFO: dtree.c(1478): Final simple tree
|( QUESTION0_7_R 1 1.224e+03 1.411e+02 7.430e+01
|    ( - 7.213e+02 1 0)
|    ( - 3.620e+02 1 0))
s>    ( QUESTION0_7_R 1 1.224e+03 1.411e+02 7.430e+01
s>        ( - 7.213e+02 1 0)
s>        ( - 3.620e+02 1 0))INFO: dtree.c(1315): Comp split 6
INFO: dtree.c(1439): stop. leaf nodes are specific
INFO: dtree.c(1478): Final simple tree
|( WDBNDRY_E 0 1.678e+03 1.380e+02 1.024e+02
|    ( QUESTION0_0_R 1 1.202e+03 9.620e+01 7.774e+01
|        ( - 2.727e+02 1 0)
|        ( - 8.334e+02 1 0))
|    ( - 3.381e+02 1 0))
s>    ( WDBNDRY_E 0 1.678e+03 1.380e+02 1.024e+02
s>        ( QUESTION0_0_R 1 1.202e+03 9.620e+01 7.774e+01
s>            ( - 2.727e+02 1 0)
s>            ( - 8.334e+02 1 0))
s>        ( - 3.381e+02 1 0))INFO: dtree.c(1439): stop. leaf nodes are specific
INFO: dtree.c(1478): Final simple tree
|( WDBNDRY_E 0 1.504e+03 1.585e+02 8.350e+01
|    ( - 4.114e+02 1 0)
|    ( - 9.345e+02 1 0))
s>    ( WDBNDRY_E 0 1.504e+03 1.585e+02 8.350e+01
s>        ( - 4.114e+02 1 0)
s>        ( - 9.345e+02 1 0))INFO: dtree.c(1315): Comp split 7
INFO: dtree.c(1439): stop. leaf nodes are specific
INFO: dtree.c(1478): Final simple tree
|( QUESTION2_0_L -1 2.261e+03 1.346e+02 1.325e+02
|    ( - 1.476e+03 1 0)
|    ( - 6.510e+02 1 0))
s>    ( QUESTION2_0_L -1 2.261e+03 1.346e+02 1.325e+02
s>        ( - 1.476e+03 1 0)
s>        ( - 6.510e+02 1 0))INFO: dtree.c(1315): Comp split 8
INFO: dtree.c(1439): stop. leaf nodes are specific
INFO: dtree.c(1478): Final simple tree
|( QUESTION0_8_R 1 1.625e+03 1.634e+02 9.178e+01
|    ( - 4.687e+02 1 0)
|    ( QUESTION0_7_R 1 9.932e+02 1.151e+02 5.960e+01
|        ( - 2.445e+02 1 0)
|        ( - 6.336e+02 1 0)))
s>    ( QUESTION0_8_R 1 1.625e+03 1.634e+02 9.178e+01
s>        ( - 4.687e+02 1 0)
s>        ( QUESTION0_7_R 1 9.932e+02 1.151e+02 5.960e+01
s>            ( - 2.445e+02 1 0)
s>            ( - 6.336e+02 1 0)))INFO: dtree.c(1315): Comp split 9
INFO: dtree.c(1439): stop. leaf nodes are specific
INFO: dtree.c(1478): Final simple tree
|( QUESTION0_7_R 1 1.851e+03 1.428e+02 1.132e+02
|    ( - 4.125e+02 1 0)
|    ( - 1.296e+03 1 0))
s>    ( QUESTION0_7_R 1 1.851e+03 1.428e+02 1.132e+02
s>        ( - 4.125e+02 1 0)
s>        ( - 1.296e+03 1 0))INFO: dtree.c(1439): stop. leaf nodes are specific
INFO: dtree.c(1478): Final simple tree
|( QUESTION0_7_R 1 4.079e+03 1.185e+02 2.382e+02
|    ( - 3.351e+02 1 0)
|    ( - 3.625e+03 1 0))
s>    ( QUESTION0_7_R 1 4.079e+03 1.185e+02 2.382e+02
s>        ( - 3.351e+02 1 0)
s>        ( - 3.625e+03 1 0))INFO: dtree.c(1315): Comp split 10
INFO: dtree.c(1315): Comp split 11
INFO: dtree.c(1439): stop. leaf nodes are specific
INFO: dtree.c(1478): Final simple tree
|( QUESTION0_7_R 1 9.932e+02 1.151e+02 5.960e+01
|    ( - 2.445e+02 1 0)
|    ( - 6.336e+02 1 0))
s>    ( QUESTION0_7_R 1 9.932e+02 1.151e+02 5.960e+01
s>        ( - 2.445e+02 1 0)
s>        ( - 6.336e+02 1 0))INFO: dtree.c(1315): Comp split 12
INFO: dtree.c(1315): Comp split 13
INFO: dtree.c(1315): Comp split 14
INFO: dtree.c(1315): Comp split 15
INFO: dtree.c(1439): stop. leaf nodes are specific
INFO: dtree.c(1478): Final simple tree
|( QUESTION0_0_R 1 1.202e+03 9.620e+01 7.774e+01
|    ( - 2.727e+02 1 0)
|    ( - 8.334e+02 1 0))
s>    ( QUESTION0_0_R 1 1.202e+03 9.620e+01 7.774e+01
s>        ( - 2.727e+02 1 0)
s>        ( - 8.334e+02 1 0))INFO: dtree.c(1315): Comp split 16
INFO: dtree.c(1315): Comp split 17
INFO: dtree.c(1315): Comp split 18
INFO: dtree.c(1315): Comp split 19
INFO: dtree.c(1315): Comp split 20
INFO: dtree.c(1318): stop. leaf nodes are specific
Fri Dec  3 07:39:03 2021
