Current configuration:
[NAME]		[DEFLT]	[VALUE]
-allphones	no	no
-cntthresh	0.00001	1.000000e-05
-csplitmax	100	2000
-csplitmin	1	1
-csplitthr	8e-4	0.000000e+00
-example	no	no
-fullvar	no	no
-help		no	no
-meanfn			
-mixwfn			/home/azhar/Tubes_Speech/commandreminder/model_parameters/commandreminder.cd_ptm_untied/mixture_weights
-moddeffn		/home/azhar/Tubes_Speech/commandreminder/model_architecture/commandreminder.untied.mdef
-mwfloor	1e-4	1.000000e-08
-phone			P
-psetfn			/home/azhar/Tubes_Speech/commandreminder/model_architecture/commandreminder.tree_questions
-ssplitmax	5	7
-ssplitmin	1	1
-ssplitthr	8e-4	0.000000e+00
-state			0
-stwt			1.0,0.05,0.0,
-treefn			/home/azhar/Tubes_Speech/commandreminder/trees/commandreminder.unpruned/P-0.dtree
-ts2cbfn	.semi.	.semi.
-varfloor	0.00001	1.000000e-05
-varfn			

INFO: main.c(223): Reading: /home/azhar/Tubes_Speech/commandreminder/model_architecture/commandreminder.untied.mdef
INFO: model_def_io.c(573): Model definition info:
INFO: model_def_io.c(574): 1061 total models defined (31 base, 1030 tri)
INFO: model_def_io.c(575): 4244 total states
INFO: model_def_io.c(576): 3183 total tied states
INFO: model_def_io.c(577): 93 total tied CI states
INFO: model_def_io.c(578): 31 total tied transition matrices
INFO: model_def_io.c(579): 4 max state/model
INFO: model_def_io.c(580): 4 min state/model
INFO: main.c(242): Building trees for [P A A b] through [P U P i]
INFO: main.c(269): Covering states |[2337 2459]| == 123
INFO: main.c(275): Reading: /home/azhar/Tubes_Speech/commandreminder/model_parameters/commandreminder.cd_ptm_untied/mixture_weights
INFO: s3mixw_io.c(173): Read /home/azhar/Tubes_Speech/commandreminder/model_parameters/commandreminder.cd_ptm_untied/mixture_weights [123x4x64 array]
INFO: main.c(311): 41 of 41 models have observation count greater than 0.000010
INFO: main.c(95): nrm stwt: 0.952 0.048 0.000 
INFO: main.c(411): 41-class entropy: 1.691159e+05
INFO: main.c(549): Reading: /home/azhar/Tubes_Speech/commandreminder/model_architecture/commandreminder.tree_questions
INFO: main.c(588): 174 total simple questions (166 phone; 8 word bndry)
INFO: main.c(590): 40 Left Only questions, and 42 Right Only questions
INFO: dtree.c(1478): Final simple tree
|( QUESTION1 -1 1.891e+05 3.949e+03 9.258e+03
|    ( WDBNDRY_I 0 1.099e+05 1.427e+03 5.434e+03
|        ( QUESTION0_4_R 1 5.795e+04 1.029e+03 2.913e+03
|            ( - 4.536e+04 2 0)
|            ( - 1.156e+04 5 0 QUESTION0_2_R 1 3.168e+02 6.013e+02))
|        ( QUESTION0_4_R 1 5.053e+04 5.803e+02 2.520e+03
|            ( - 2.998e+04 3 0 QUESTION2_0_L -1 4.896e+02 1.517e+03)
|            ( - 1.997e+04 5 0 QUESTION0_2_R 1 3.292e+02 1.004e+03)))
|    ( QUESTION19 -1 7.526e+04 1.708e+03 3.824e+03
|        ( QUESTION0_4_R 1 3.465e+04 7.302e+02 1.842e+03
|            ( - 1.885e+04 4 0 QUESTION2_0_L -1 4.966e+02 1.031e+03)
|            ( - 1.508e+04 5 0 QUESTION2_0_L -1 4.343e+02 8.116e+02))
|        ( QUESTION14 -1 3.890e+04 9.795e+02 1.982e+03
|            ( - 1.604e+04 6 0 QUESTION2_1_L -1 4.062e+02 8.191e+02)
|            ( - 2.188e+04 11 0 QUESTION0 -1 5.545e+02 1.163e+03))))
s>    ( QUESTION1 -1 1.891e+05 3.949e+03 9.258e+03
s>        ( WDBNDRY_I 0 1.099e+05 1.427e+03 5.434e+03
s>            ( QUESTION0_4_R 1 5.795e+04 1.029e+03 2.913e+03
s>                ( - 4.536e+04 2 0)
s>                ( - 1.156e+04 5 0 QUESTION0_2_R 1 3.168e+02 6.013e+02))
s>            ( QUESTION0_4_R 1 5.053e+04 5.803e+02 2.520e+03
s>                ( - 2.998e+04 3 0 QUESTION2_0_L -1 4.896e+02 1.517e+03)
s>                ( - 1.997e+04 5 0 QUESTION0_2_R 1 3.292e+02 1.004e+03)))
s>        ( QUESTION19 -1 7.526e+04 1.708e+03 3.824e+03
s>            ( QUESTION0_4_R 1 3.465e+04 7.302e+02 1.842e+03
s>                ( - 1.885e+04 4 0 QUESTION2_0_L -1 4.966e+02 1.031e+03)
s>                ( - 1.508e+04 5 0 QUESTION2_0_L -1 4.343e+02 8.116e+02))
s>            ( QUESTION14 -1 3.890e+04 9.795e+02 1.982e+03
s>                ( - 1.604e+04 6 0 QUESTION2_1_L -1 4.062e+02 8.191e+02)
s>                ( - 2.188e+04 11 0 QUESTION0 -1 5.545e+02 1.163e+03))))INFO: dtree.c(1315): Comp split 0
INFO: dtree.c(1478): Final simple tree
|( WDBNDRY_I 0 1.266e+05 1.327e+03 6.253e+03
|    ( QUESTION0_4_R 1 5.795e+04 1.029e+03 2.913e+03
|        ( - 4.536e+04 2 0)
|        ( QUESTION0_2_R 1 1.156e+04 3.168e+02 6.013e+02
|            ( - 2.783e+03 1 0)
|            ( - 8.459e+03 4 0 QUESTION4 1 2.654e+02 4.465e+02)))
|    ( QUESTION2_2_L -1 6.733e+04 8.473e+02 3.339e+03
|        ( QUESTION0_4_R 1 4.379e+04 5.310e+02 2.189e+03
|            ( - 2.474e+04 2 0)
|            ( - 1.852e+04 4 0 QUESTION0_2_R 1 3.155e+02 9.335e+02))
|        ( QUESTION0 -1 2.269e+04 4.722e+02 1.150e+03
|            ( - 6.177e+03 2 0 QUESTION0_3_R 1 2.290e+02 3.309e+02)
|            ( QUESTION2_1_L -1 1.604e+04 4.062e+02 8.191e+02
|                ( - 1.006e+04 3 0 QUESTION0_4_R 1 2.621e+02 5.300e+02)
|                ( - 5.571e+03 3 0 QUESTION0_4_R 1 2.793e+02 2.891e+02)))))
s>    ( WDBNDRY_I 0 1.266e+05 1.327e+03 6.253e+03
s>        ( QUESTION0_4_R 1 5.795e+04 1.029e+03 2.913e+03
s>            ( - 4.536e+04 2 0)
s>            ( QUESTION0_2_R 1 1.156e+04 3.168e+02 6.013e+02
s>                ( - 2.783e+03 1 0)
s>                ( - 8.459e+03 4 0 QUESTION4 1 2.654e+02 4.465e+02)))
s>        ( QUESTION2_2_L -1 6.733e+04 8.473e+02 3.339e+03
s>            ( QUESTION0_4_R 1 4.379e+04 5.310e+02 2.189e+03
s>                ( - 2.474e+04 2 0)
s>                ( - 1.852e+04 4 0 QUESTION0_2_R 1 3.155e+02 9.335e+02))
s>            ( QUESTION0 -1 2.269e+04 4.722e+02 1.150e+03
s>                ( - 6.177e+03 2 0 QUESTION0_3_R 1 2.290e+02 3.309e+02)
s>                ( QUESTION2_1_L -1 1.604e+04 4.062e+02 8.191e+02
s>                    ( - 1.006e+04 3 0 QUESTION0_4_R 1 2.621e+02 5.300e+02)
s>                    ( - 5.571e+03 3 0 QUESTION0_4_R 1 2.793e+02 2.891e+02)))))INFO: dtree.c(1478): Final simple tree
|( QUESTION19 -1 5.799e+04 1.451e+03 3.005e+03
|    ( QUESTION0_4_R 1 3.465e+04 7.302e+02 1.842e+03
|        ( QUESTION2_0_L -1 1.885e+04 4.966e+02 1.031e+03
|            ( - 8.179e+03 1 0)
|            ( - 1.017e+04 3 0 WDBNDRY_B 0 1.771e+02 5.539e+02))
|        ( QUESTION2_0_L -1 1.508e+04 4.343e+02 8.116e+02
|            ( - 9.304e+03 3 0 QUESTION2 1 2.376e+02 5.101e+02)
|            ( - 5.338e+03 2 0 WDBNDRY_B 0 2.467e+02 3.015e+02)))
|    ( QUESTION0 -1 2.188e+04 5.545e+02 1.163e+03
|        ( QUESTION3 -1 1.253e+04 3.576e+02 6.751e+02
|            ( QUESTION0_4_R 1 9.977e+03 2.933e+02 5.489e+02
|                ( - 6.781e+03 1 0)
|                ( - 2.903e+03 2 0 WDBNDRY_B 0 1.429e+02 1.637e+02))
|            ( - 2.198e+03 3 0 QUESTION0_4_R 1 2.271e+02 1.261e+02))
|        ( - 8.794e+03 5 0 QUESTION7 -1 2.475e+02 4.877e+02)))
s>    ( QUESTION19 -1 5.799e+04 1.451e+03 3.005e+03
s>        ( QUESTION0_4_R 1 3.465e+04 7.302e+02 1.842e+03
s>            ( QUESTION2_0_L -1 1.885e+04 4.966e+02 1.031e+03
s>                ( - 8.179e+03 1 0)
s>                ( - 1.017e+04 3 0 WDBNDRY_B 0 1.771e+02 5.539e+02))
s>            ( QUESTION2_0_L -1 1.508e+04 4.343e+02 8.116e+02
s>                ( - 9.304e+03 3 0 QUESTION2 1 2.376e+02 5.101e+02)
s>                ( - 5.338e+03 2 0 WDBNDRY_B 0 2.467e+02 3.015e+02)))
s>        ( QUESTION0 -1 2.188e+04 5.545e+02 1.163e+03
s>            ( QUESTION3 -1 1.253e+04 3.576e+02 6.751e+02
s>                ( QUESTION0_4_R 1 9.977e+03 2.933e+02 5.489e+02
s>                    ( - 6.781e+03 1 0)
s>                    ( - 2.903e+03 2 0 WDBNDRY_B 0 1.429e+02 1.637e+02))
s>                ( - 2.198e+03 3 0 QUESTION0_4_R 1 2.271e+02 1.261e+02))
s>            ( - 8.794e+03 5 0 QUESTION7 -1 2.475e+02 4.877e+02)))INFO: dtree.c(1315): Comp split 1
INFO: dtree.c(1439): stop. leaf nodes are specific
INFO: dtree.c(1478): Final simple tree
|( WDBNDRY_B 0 5.616e+04 7.294e+02 2.842e+03
|    ( QUESTION0_4_R 1 1.006e+04 2.621e+02 5.300e+02
|        ( - 7.772e+03 1 0)
|        ( QUESTION0_0_R 1 2.030e+03 1.573e+02 1.089e+02
|            ( - 7.711e+02 1 0)
|            ( - 1.102e+03 1 0)))
|    ( - 4.536e+04 2 0))
s>    ( WDBNDRY_B 0 5.616e+04 7.294e+02 2.842e+03
s>        ( QUESTION0_4_R 1 1.006e+04 2.621e+02 5.300e+02
s>            ( - 7.772e+03 1 0)
s>            ( QUESTION0_0_R 1 2.030e+03 1.573e+02 1.089e+02
s>                ( - 7.711e+02 1 0)
s>                ( - 1.102e+03 1 0)))
s>        ( - 4.536e+04 2 0))INFO: dtree.c(1478): Final simple tree
|( QUESTION0_4_R 1 6.859e+04 6.435e+02 3.411e+03
|    ( QUESTION2_0_L -1 3.337e+04 4.893e+02 1.684e+03
|        ( QUESTION0 -1 2.813e+04 3.327e+02 1.423e+03
|            ( - 2.474e+04 2 0)
|            ( - 3.059e+03 1 0))
|        ( - 4.751e+03 1 0))
|    ( WDBNDRY_I 0 3.458e+04 4.958e+02 1.727e+03
|        ( QUESTION0_2_R 1 1.156e+04 3.168e+02 6.013e+02
|            ( - 2.783e+03 1 0)
|            ( - 8.459e+03 4 0 QUESTION4 1 2.654e+02 4.465e+02))
|        ( QUESTION0 -1 2.252e+04 3.166e+02 1.126e+03
|            ( QUESTION0_2_R 1 1.997e+04 3.292e+02 1.004e+03
|                ( - 1.342e+04 2 0 QUESTION2_0_L -1 2.426e+02 6.813e+02)
|                ( - 6.230e+03 3 0 WDBNDRY_B 0 2.297e+02 3.225e+02))
|            ( - 2.233e+03 2 0 QUESTION0_0_R 1 1.221e+02 1.222e+02))))
s>    ( QUESTION0_4_R 1 6.859e+04 6.435e+02 3.411e+03
s>        ( QUESTION2_0_L -1 3.337e+04 4.893e+02 1.684e+03
s>            ( QUESTION0 -1 2.813e+04 3.327e+02 1.423e+03
s>                ( - 2.474e+04 2 0)
s>                ( - 3.059e+03 1 0))
s>            ( - 4.751e+03 1 0))
s>        ( WDBNDRY_I 0 3.458e+04 4.958e+02 1.727e+03
s>            ( QUESTION0_2_R 1 1.156e+04 3.168e+02 6.013e+02
s>                ( - 2.783e+03 1 0)
s>                ( - 8.459e+03 4 0 QUESTION4 1 2.654e+02 4.465e+02))
s>            ( QUESTION0 -1 2.252e+04 3.166e+02 1.126e+03
s>                ( QUESTION0_2_R 1 1.997e+04 3.292e+02 1.004e+03
s>                    ( - 1.342e+04 2 0 QUESTION2_0_L -1 2.426e+02 6.813e+02)
s>                    ( - 6.230e+03 3 0 WDBNDRY_B 0 2.297e+02 3.225e+02))
s>                ( - 2.233e+03 2 0 QUESTION0_0_R 1 1.221e+02 1.222e+02))))INFO: dtree.c(1315): Comp split 2
INFO: dtree.c(1478): Final simple tree
|( QUESTION0 -1 3.065e+04 6.250e+02 1.640e+03
|    ( QUESTION3 -1 1.253e+04 3.576e+02 6.751e+02
|        ( QUESTION0_4_R 1 9.977e+03 2.933e+02 5.489e+02
|            ( - 6.781e+03 1 0)
|            ( - 2.903e+03 2 0 WDBNDRY_B 0 1.429e+02 1.637e+02))
|        ( QUESTION0_4_R 1 2.198e+03 2.271e+02 1.261e+02
|            ( - 9.322e+02 1 0)
|            ( - 1.039e+03 2 0 QUESTION0_0_R 1 1.470e+02 6.306e+01)))
|    ( QUESTION19 -1 1.749e+04 5.165e+02 9.646e+02
|        ( - 8.179e+03 1 0)
|        ( QUESTION7 -1 8.794e+03 2.475e+02 4.877e+02
|            ( - 4.925e+03 3 0 QUESTION0_3_R 1 1.985e+02 2.767e+02)
|            ( QUESTION6 -1 3.622e+03 2.156e+02 2.110e+02
|                ( - 1.741e+03 1 0)
|                ( - 1.665e+03 1 0)))))
s>    ( QUESTION0 -1 3.065e+04 6.250e+02 1.640e+03
s>        ( QUESTION3 -1 1.253e+04 3.576e+02 6.751e+02
s>            ( QUESTION0_4_R 1 9.977e+03 2.933e+02 5.489e+02
s>                ( - 6.781e+03 1 0)
s>                ( - 2.903e+03 2 0 WDBNDRY_B 0 1.429e+02 1.637e+02))
s>            ( QUESTION0_4_R 1 2.198e+03 2.271e+02 1.261e+02
s>                ( - 9.322e+02 1 0)
s>                ( - 1.039e+03 2 0 QUESTION0_0_R 1 1.470e+02 6.306e+01)))
s>        ( QUESTION19 -1 1.749e+04 5.165e+02 9.646e+02
s>            ( - 8.179e+03 1 0)
s>            ( QUESTION7 -1 8.794e+03 2.475e+02 4.877e+02
s>                ( - 4.925e+03 3 0 QUESTION0_3_R 1 1.985e+02 2.767e+02)
s>                ( QUESTION6 -1 3.622e+03 2.156e+02 2.110e+02
s>                    ( - 1.741e+03 1 0)
s>                    ( - 1.665e+03 1 0)))))INFO: dtree.c(1439): stop. leaf nodes are specific
INFO: dtree.c(1478): Final simple tree
|( QUESTION2_0_L -1 2.570e+04 5.277e+02 1.366e+03
|    ( QUESTION2 1 9.304e+03 2.376e+02 5.101e+02
|        ( - 8.506e+02 1 0)
|        ( QUESTION0_0_R 1 8.216e+03 1.032e+02 4.542e+02
|            ( - 7.679e+03 1 0)
|            ( - 4.337e+02 1 0)))
|    ( WDBNDRY_B 0 1.586e+04 4.349e+02 8.554e+02
|        ( QUESTION0_3_R 1 1.040e+04 1.716e+02 5.652e+02
|            ( - 1.174e+03 1 0)
|            ( - 9.058e+03 2 0))
|        ( QUESTION0_1_R 1 5.027e+03 1.723e+02 2.902e+02
|            ( - 3.918e+03 1 0)
|            ( - 9.365e+02 1 0))))
s>    ( QUESTION2_0_L -1 2.570e+04 5.277e+02 1.366e+03
s>        ( QUESTION2 1 9.304e+03 2.376e+02 5.101e+02
s>            ( - 8.506e+02 1 0)
s>            ( QUESTION0_0_R 1 8.216e+03 1.032e+02 4.542e+02
s>                ( - 7.679e+03 1 0)
s>                ( - 4.337e+02 1 0)))
s>        ( WDBNDRY_B 0 1.586e+04 4.349e+02 8.554e+02
s>            ( QUESTION0_3_R 1 1.040e+04 1.716e+02 5.652e+02
s>                ( - 1.174e+03 1 0)
s>                ( - 9.058e+03 2 0))
s>            ( QUESTION0_1_R 1 5.027e+03 1.723e+02 2.902e+02
s>                ( - 3.918e+03 1 0)
s>                ( - 9.365e+02 1 0))))INFO: dtree.c(1315): Comp split 3
INFO: dtree.c(1439): stop. leaf nodes are specific
INFO: dtree.c(1478): Final simple tree
|( WDBNDRY_B 0 4.630e+04 1.621e+02 2.358e+03
|    ( - 7.711e+02 1 0)
|    ( - 4.536e+04 2 0))
s>    ( WDBNDRY_B 0 4.630e+04 1.621e+02 2.358e+03
s>        ( - 7.711e+02 1 0)
s>        ( - 4.536e+04 2 0))INFO: dtree.c(1439): stop. leaf nodes are specific
INFO: dtree.c(1478): Final simple tree
|( QUESTION0_0_R 1 9.087e+03 2.136e+02 4.840e+02
|    ( - 7.772e+03 1 0)
|    ( - 1.102e+03 1 0))
s>    ( QUESTION0_0_R 1 9.087e+03 2.136e+02 4.840e+02
s>        ( - 7.772e+03 1 0)
s>        ( - 1.102e+03 1 0))INFO: dtree.c(1315): Comp split 4
INFO: dtree.c(1478): Final simple tree
|( WDBNDRY_I 0 2.569e+04 3.791e+02 1.281e+03
|    ( - 2.783e+03 1 0)
|    ( QUESTION0 -1 2.252e+04 3.166e+02 1.126e+03
|        ( QUESTION0_2_R 1 1.997e+04 3.292e+02 1.004e+03
|            ( QUESTION2_0_L -1 1.342e+04 2.426e+02 6.813e+02
|                ( - 1.198e+04 1 0)
|                ( - 1.197e+03 1 0))
|            ( WDBNDRY_B 0 6.230e+03 2.297e+02 3.225e+02
|                ( QUESTION0_0_R 1 4.543e+03 1.769e+02 2.387e+02
|                    ( - 3.203e+03 1 0)
|                    ( - 1.163e+03 1 0))
|                ( - 1.457e+03 1 0)))
|        ( QUESTION0_0_R 1 2.233e+03 1.221e+02 1.222e+02
|            ( - 1.187e+03 1 0)
|            ( - 9.240e+02 1 0))))
s>    ( WDBNDRY_I 0 2.569e+04 3.791e+02 1.281e+03
s>        ( - 2.783e+03 1 0)
s>        ( QUESTION0 -1 2.252e+04 3.166e+02 1.126e+03
s>            ( QUESTION0_2_R 1 1.997e+04 3.292e+02 1.004e+03
s>                ( QUESTION2_0_L -1 1.342e+04 2.426e+02 6.813e+02
s>                    ( - 1.198e+04 1 0)
s>                    ( - 1.197e+03 1 0))
s>                ( WDBNDRY_B 0 6.230e+03 2.297e+02 3.225e+02
s>                    ( QUESTION0_0_R 1 4.543e+03 1.769e+02 2.387e+02
s>                        ( - 3.203e+03 1 0)
s>                        ( - 1.163e+03 1 0))
s>                    ( - 1.457e+03 1 0)))
s>            ( QUESTION0_0_R 1 2.233e+03 1.221e+02 1.222e+02
s>                ( - 1.187e+03 1 0)
s>                ( - 9.240e+02 1 0))))INFO: dtree.c(1439): stop. leaf nodes are specific
INFO: dtree.c(1478): Final simple tree
|( QUESTION2_0_L -1 4.224e+04 5.174e+02 2.130e+03
|    ( WDBNDRY_B 0 3.697e+04 3.834e+02 1.869e+03
|        ( QUESTION0 -1 2.813e+04 3.327e+02 1.423e+03
|            ( - 2.474e+04 2 0)
|            ( - 3.059e+03 1 0))
|        ( QUESTION4 1 8.459e+03 2.654e+02 4.465e+02
|            ( - 1.022e+03 1 0)
|            ( QUESTION0_7_R 1 7.171e+03 2.259e+02 3.855e+02
|                ( - 5.959e+02 1 0)
|                ( QUESTION0_0_R 1 6.349e+03 1.559e+02 3.478e+02
|                    ( - 2.016e+03 1 0)
|                    ( - 4.178e+03 1 0)))))
|    ( - 4.751e+03 1 0))
s>    ( QUESTION2_0_L -1 4.224e+04 5.174e+02 2.130e+03
s>        ( WDBNDRY_B 0 3.697e+04 3.834e+02 1.869e+03
s>            ( QUESTION0 -1 2.813e+04 3.327e+02 1.423e+03
s>                ( - 2.474e+04 2 0)
s>                ( - 3.059e+03 1 0))
s>            ( QUESTION4 1 8.459e+03 2.654e+02 4.465e+02
s>                ( - 1.022e+03 1 0)
s>                ( QUESTION0_7_R 1 7.171e+03 2.259e+02 3.855e+02
s>                    ( - 5.959e+02 1 0)
s>                    ( QUESTION0_0_R 1 6.349e+03 1.559e+02 3.478e+02
s>                        ( - 2.016e+03 1 0)
s>                        ( - 4.178e+03 1 0)))))
s>        ( - 4.751e+03 1 0))INFO: dtree.c(1315): Comp split 5
INFO: dtree.c(1439): stop. leaf nodes are specific
INFO: dtree.c(1478): Final simple tree
|( QUESTION6 -1 1.022e+04 3.021e+02 5.913e+02
|    ( - 1.741e+03 1 0)
|    ( - 8.179e+03 1 0))
s>    ( QUESTION6 -1 1.022e+04 3.021e+02 5.913e+02
s>        ( - 1.741e+03 1 0)
s>        ( - 8.179e+03 1 0))INFO: dtree.c(1478): Final simple tree
|( QUESTION0 -1 1.979e+04 4.368e+02 1.048e+03
|    ( QUESTION3 -1 1.253e+04 3.576e+02 6.751e+02
|        ( QUESTION0_4_R 1 9.977e+03 2.933e+02 5.489e+02
|            ( - 6.781e+03 1 0)
|            ( - 2.903e+03 2 0 WDBNDRY_B 0 1.429e+02 1.637e+02))
|        ( QUESTION0_4_R 1 2.198e+03 2.271e+02 1.261e+02
|            ( - 9.322e+02 1 0)
|            ( QUESTION0_0_R 1 1.039e+03 1.470e+02 6.306e+01
|                ( - 5.033e+02 1 0)
|                ( - 3.887e+02 1 0))))
|    ( QUESTION8 -1 6.824e+03 2.506e+02 3.734e+02
|        ( QUESTION0_3_R 1 4.393e+03 1.590e+02 2.507e+02
|            ( - 4.005e+02 1 0)
|            ( - 3.834e+03 1 0))
|        ( - 2.180e+03 2 0 WDBNDRY_B 0 1.432e+02 1.227e+02)))
s>    ( QUESTION0 -1 1.979e+04 4.368e+02 1.048e+03
s>        ( QUESTION3 -1 1.253e+04 3.576e+02 6.751e+02
s>            ( QUESTION0_4_R 1 9.977e+03 2.933e+02 5.489e+02
s>                ( - 6.781e+03 1 0)
s>                ( - 2.903e+03 2 0 WDBNDRY_B 0 1.429e+02 1.637e+02))
s>            ( QUESTION0_4_R 1 2.198e+03 2.271e+02 1.261e+02
s>                ( - 9.322e+02 1 0)
s>                ( QUESTION0_0_R 1 1.039e+03 1.470e+02 6.306e+01
s>                    ( - 5.033e+02 1 0)
s>                    ( - 3.887e+02 1 0))))
s>        ( QUESTION8 -1 6.824e+03 2.506e+02 3.734e+02
s>            ( QUESTION0_3_R 1 4.393e+03 1.590e+02 2.507e+02
s>                ( - 4.005e+02 1 0)
s>                ( - 3.834e+03 1 0))
s>            ( - 2.180e+03 2 0 WDBNDRY_B 0 1.432e+02 1.227e+02)))INFO: dtree.c(1315): Comp split 6
INFO: dtree.c(1439): stop. leaf nodes are specific
INFO: dtree.c(1478): Final simple tree
|( WDBNDRY_B 0 1.367e+04 4.326e+02 7.444e+02
|    ( QUESTION0_0_R 1 8.216e+03 1.032e+02 4.542e+02
|        ( - 7.679e+03 1 0)
|        ( - 4.337e+02 1 0))
|    ( QUESTION0_1_R 1 5.027e+03 1.723e+02 2.902e+02
|        ( - 3.918e+03 1 0)
|        ( - 9.365e+02 1 0)))
s>    ( WDBNDRY_B 0 1.367e+04 4.326e+02 7.444e+02
s>        ( QUESTION0_0_R 1 8.216e+03 1.032e+02 4.542e+02
s>            ( - 7.679e+03 1 0)
s>            ( - 4.337e+02 1 0))
s>        ( QUESTION0_1_R 1 5.027e+03 1.723e+02 2.902e+02
s>            ( - 3.918e+03 1 0)
s>            ( - 9.365e+02 1 0)))INFO: dtree.c(1439): stop. leaf nodes are specific
INFO: dtree.c(1478): Final simple tree
|( QUESTION0_3_R 1 1.146e+04 2.098e+02 6.211e+02
|    ( QUESTION1 1 2.195e+03 1.702e+02 1.292e+02
|        ( - 1.174e+03 1 0)
|        ( - 8.506e+02 1 0))
|    ( - 9.058e+03 2 0))
s>    ( QUESTION0_3_R 1 1.146e+04 2.098e+02 6.211e+02
s>        ( QUESTION1 1 2.195e+03 1.702e+02 1.292e+02
s>            ( - 1.174e+03 1 0)
s>            ( - 8.506e+02 1 0))
s>        ( - 9.058e+03 2 0))INFO: dtree.c(1315): Comp split 7
INFO: dtree.c(1439): stop. leaf nodes are specific
INFO: dtree.c(1478): Final simple tree
|( WDBNDRY_B 0 3.145e+04 3.594e+02 1.604e+03
|    ( - 2.474e+04 2 0)
|    ( QUESTION0_0_R 1 6.349e+03 1.559e+02 3.478e+02
|        ( - 2.016e+03 1 0)
|        ( - 4.178e+03 1 0)))
s>    ( WDBNDRY_B 0 3.145e+04 3.594e+02 1.604e+03
s>        ( - 2.474e+04 2 0)
s>        ( QUESTION0_0_R 1 6.349e+03 1.559e+02 3.478e+02
s>            ( - 2.016e+03 1 0)
s>            ( - 4.178e+03 1 0)))INFO: dtree.c(1439): stop. leaf nodes are specific
INFO: dtree.c(1478): Final simple tree
|( QUESTION2_0_L -1 1.026e+04 4.000e+02 5.263e+02
|    ( WDBNDRY_B 0 5.108e+03 2.666e+02 2.657e+02
|        ( - 3.059e+03 1 0)
|        ( QUESTION0_0_R 1 1.782e+03 1.640e+02 9.869e+01
|            ( - 1.022e+03 1 0)
|            ( - 5.959e+02 1 0)))
|    ( - 4.751e+03 1 0))
s>    ( QUESTION2_0_L -1 1.026e+04 4.000e+02 5.263e+02
s>        ( WDBNDRY_B 0 5.108e+03 2.666e+02 2.657e+02
s>            ( - 3.059e+03 1 0)
s>            ( QUESTION0_0_R 1 1.782e+03 1.640e+02 9.869e+01
s>                ( - 1.022e+03 1 0)
s>                ( - 5.959e+02 1 0)))
s>        ( - 4.751e+03 1 0))INFO: dtree.c(1315): Comp split 8
INFO: dtree.c(1439): stop. leaf nodes are specific
INFO: dtree.c(1478): Final simple tree
|( QUESTION0_3_R 1 7.609e+03 3.073e+02 4.070e+02
|    ( QUESTION0 -1 1.575e+03 1.791e+02 8.760e+01
|        ( - 5.033e+02 1 0)
|        ( WDBNDRY_B 0 8.929e+02 1.204e+02 5.393e+01
|            ( - 4.005e+02 1 0)
|            ( - 3.720e+02 1 0)))
|    ( QUESTION6 -1 5.726e+03 2.271e+02 3.194e+02
|        ( - 3.834e+03 1 0)
|        ( - 1.665e+03 1 0)))
s>    ( QUESTION0_3_R 1 7.609e+03 3.073e+02 4.070e+02
s>        ( QUESTION0 -1 1.575e+03 1.791e+02 8.760e+01
s>            ( - 5.033e+02 1 0)
s>            ( WDBNDRY_B 0 8.929e+02 1.204e+02 5.393e+01
s>                ( - 4.005e+02 1 0)
s>                ( - 3.720e+02 1 0)))
s>        ( QUESTION6 -1 5.726e+03 2.271e+02 3.194e+02
s>            ( - 3.834e+03 1 0)
s>            ( - 1.665e+03 1 0)))INFO: dtree.c(1439): stop. leaf nodes are specific
INFO: dtree.c(1478): Final simple tree
|( QUESTION0_4_R 1 1.172e+04 3.043e+02 6.414e+02
|    ( WDBNDRY_B 0 7.945e+03 2.316e+02 4.483e+02
|        ( - 6.781e+03 1 0)
|        ( - 9.322e+02 1 0))
|    ( WDBNDRY_B 0 3.471e+03 1.971e+02 1.931e+02
|        ( - 2.256e+03 1 0)
|        ( QUESTION0_0_R 1 1.018e+03 1.253e+02 6.285e+01
|            ( - 5.040e+02 1 0)
|            ( - 3.887e+02 1 0))))
s>    ( QUESTION0_4_R 1 1.172e+04 3.043e+02 6.414e+02
s>        ( WDBNDRY_B 0 7.945e+03 2.316e+02 4.483e+02
s>            ( - 6.781e+03 1 0)
s>            ( - 9.322e+02 1 0))
s>        ( WDBNDRY_B 0 3.471e+03 1.971e+02 1.931e+02
s>            ( - 2.256e+03 1 0)
s>            ( QUESTION0_0_R 1 1.018e+03 1.253e+02 6.285e+01
s>                ( - 5.040e+02 1 0)
s>                ( - 3.887e+02 1 0))))INFO: dtree.c(1315): Comp split 9
INFO: dtree.c(1439): stop. leaf nodes are specific
INFO: dtree.c(1478): Final simple tree
|( QUESTION2_0_L -1 1.510e+04 2.447e+02 7.651e+02
|    ( WDBNDRY_B 0 1.366e+04 2.239e+02 6.948e+02
|        ( - 1.198e+04 1 0)
|        ( - 1.457e+03 1 0))
|    ( - 1.197e+03 1 0))
s>    ( QUESTION2_0_L -1 1.510e+04 2.447e+02 7.651e+02
s>        ( WDBNDRY_B 0 1.366e+04 2.239e+02 6.948e+02
s>            ( - 1.198e+04 1 0)
s>            ( - 1.457e+03 1 0))
s>        ( - 1.197e+03 1 0))INFO: dtree.c(1439): stop. leaf nodes are specific
INFO: dtree.c(1478): Final simple tree
|( WDBNDRY_B 0 1.013e+04 3.318e+02 5.156e+02
|    ( QUESTION0 -1 7.011e+03 2.359e+02 3.608e+02
|        ( QUESTION0_0_R 1 4.543e+03 1.769e+02 2.387e+02
|            ( - 3.203e+03 1 0)
|            ( - 1.163e+03 1 0))
|        ( QUESTION0_0_R 1 2.233e+03 1.221e+02 1.222e+02
|            ( - 1.187e+03 1 0)
|            ( - 9.240e+02 1 0)))
|    ( - 2.783e+03 1 0))
s>    ( WDBNDRY_B 0 1.013e+04 3.318e+02 5.156e+02
s>        ( QUESTION0 -1 7.011e+03 2.359e+02 3.608e+02
s>            ( QUESTION0_0_R 1 4.543e+03 1.769e+02 2.387e+02
s>                ( - 3.203e+03 1 0)
s>                ( - 1.163e+03 1 0))
s>            ( QUESTION0_0_R 1 2.233e+03 1.221e+02 1.222e+02
s>                ( - 1.187e+03 1 0)
s>                ( - 9.240e+02 1 0)))
s>        ( - 2.783e+03 1 0))INFO: dtree.c(1315): Comp split 10
INFO: dtree.c(1439): stop. leaf nodes are specific
INFO: dtree.c(1478): Final simple tree
|( QUESTION0_1_R 1 5.027e+03 1.723e+02 2.902e+02
|    ( - 3.918e+03 1 0)
|    ( - 9.365e+02 1 0))
s>    ( QUESTION0_1_R 1 5.027e+03 1.723e+02 2.902e+02
s>        ( - 3.918e+03 1 0)
s>        ( - 9.365e+02 1 0))INFO: dtree.c(1439): stop. leaf nodes are specific
INFO: dtree.c(1478): Final simple tree
|( QUESTION0_0_R 1 8.216e+03 1.032e+02 4.542e+02
|    ( - 7.679e+03 1 0)
|    ( - 4.337e+02 1 0))
s>    ( QUESTION0_0_R 1 8.216e+03 1.032e+02 4.542e+02
s>        ( - 7.679e+03 1 0)
s>        ( - 4.337e+02 1 0))INFO: dtree.c(1315): Comp split 11
INFO: dtree.c(1439): stop. leaf nodes are specific
INFO: dtree.c(1478): Final simple tree
|( WDBNDRY_B 0 5.108e+03 2.666e+02 2.657e+02
|    ( - 3.059e+03 1 0)
|    ( QUESTION0_0_R 1 1.782e+03 1.640e+02 9.869e+01
|        ( - 1.022e+03 1 0)
|        ( - 5.959e+02 1 0)))
s>    ( WDBNDRY_B 0 5.108e+03 2.666e+02 2.657e+02
s>        ( - 3.059e+03 1 0)
s>        ( QUESTION0_0_R 1 1.782e+03 1.640e+02 9.869e+01
s>            ( - 1.022e+03 1 0)
s>            ( - 5.959e+02 1 0)))INFO: dtree.c(1315): Comp split 12
INFO: dtree.c(1439): stop. leaf nodes are specific
INFO: dtree.c(1478): Final simple tree
|( QUESTION0_0_R 1 6.349e+03 1.559e+02 3.478e+02
|    ( - 2.016e+03 1 0)
|    ( - 4.178e+03 1 0))
s>    ( QUESTION0_0_R 1 6.349e+03 1.559e+02 3.478e+02
s>        ( - 2.016e+03 1 0)
s>        ( - 4.178e+03 1 0))INFO: dtree.c(1315): Comp split 13
INFO: dtree.c(1439): stop. leaf nodes are specific
INFO: dtree.c(1478): Final simple tree
|( QUESTION0 -1 7.011e+03 2.359e+02 3.608e+02
|    ( QUESTION0_0_R 1 4.543e+03 1.769e+02 2.387e+02
|        ( - 3.203e+03 1 0)
|        ( - 1.163e+03 1 0))
|    ( QUESTION0_0_R 1 2.233e+03 1.221e+02 1.222e+02
|        ( - 1.187e+03 1 0)
|        ( - 9.240e+02 1 0)))
s>    ( QUESTION0 -1 7.011e+03 2.359e+02 3.608e+02
s>        ( QUESTION0_0_R 1 4.543e+03 1.769e+02 2.387e+02
s>            ( - 3.203e+03 1 0)
s>            ( - 1.163e+03 1 0))
s>        ( QUESTION0_0_R 1 2.233e+03 1.221e+02 1.222e+02
s>            ( - 1.187e+03 1 0)
s>            ( - 9.240e+02 1 0)))INFO: dtree.c(1315): Comp split 14
INFO: dtree.c(1439): stop. leaf nodes are specific
INFO: dtree.c(1478): Final simple tree
|( QUESTION3 -1 4.621e+03 2.319e+02 2.562e+02
|    ( WDBNDRY_B 0 2.903e+03 1.429e+02 1.637e+02
|        ( - 2.256e+03 1 0)
|        ( - 5.040e+02 1 0))
|    ( QUESTION0_0_R 1 1.486e+03 1.653e+02 9.247e+01
|        ( - 9.322e+02 1 0)
|        ( - 3.887e+02 1 0)))
s>    ( QUESTION3 -1 4.621e+03 2.319e+02 2.562e+02
s>        ( WDBNDRY_B 0 2.903e+03 1.429e+02 1.637e+02
s>            ( - 2.256e+03 1 0)
s>            ( - 5.040e+02 1 0))
s>        ( QUESTION0_0_R 1 1.486e+03 1.653e+02 9.247e+01
s>            ( - 9.322e+02 1 0)
s>            ( - 3.887e+02 1 0)))INFO: dtree.c(1315): Comp split 15
INFO: dtree.c(1439): stop. leaf nodes are specific
INFO: dtree.c(1478): Final simple tree
|( QUESTION0 -1 1.575e+03 1.791e+02 8.760e+01
|    ( - 5.033e+02 1 0)
|    ( WDBNDRY_B 0 8.929e+02 1.204e+02 5.393e+01
|        ( - 4.005e+02 1 0)
|        ( - 3.720e+02 1 0)))
s>    ( QUESTION0 -1 1.575e+03 1.791e+02 8.760e+01
s>        ( - 5.033e+02 1 0)
s>        ( WDBNDRY_B 0 8.929e+02 1.204e+02 5.393e+01
s>            ( - 4.005e+02 1 0)
s>            ( - 3.720e+02 1 0)))INFO: dtree.c(1439): stop. leaf nodes are specific
INFO: dtree.c(1478): Final simple tree
|( QUESTION6 -1 5.726e+03 2.271e+02 3.194e+02
|    ( - 3.834e+03 1 0)
|    ( - 1.665e+03 1 0))
s>    ( QUESTION6 -1 5.726e+03 2.271e+02 3.194e+02
s>        ( - 3.834e+03 1 0)
s>        ( - 1.665e+03 1 0))INFO: dtree.c(1315): Comp split 16
INFO: dtree.c(1315): Comp split 17
INFO: dtree.c(1439): stop. leaf nodes are specific
INFO: dtree.c(1478): Final simple tree
|( QUESTION0_0_R 1 1.782e+03 1.640e+02 9.869e+01
|    ( - 1.022e+03 1 0)
|    ( - 5.959e+02 1 0))
s>    ( QUESTION0_0_R 1 1.782e+03 1.640e+02 9.869e+01
s>        ( - 1.022e+03 1 0)
s>        ( - 5.959e+02 1 0))INFO: dtree.c(1315): Comp split 18
INFO: dtree.c(1439): stop. leaf nodes are specific
INFO: dtree.c(1478): Final simple tree
|( WDBNDRY_B 0 2.870e+03 2.160e+02 1.540e+02
|    ( - 1.197e+03 1 0)
|    ( - 1.457e+03 1 0))
s>    ( WDBNDRY_B 0 2.870e+03 2.160e+02 1.540e+02
s>        ( - 1.197e+03 1 0)
s>        ( - 1.457e+03 1 0))INFO: dtree.c(1315): Comp split 19
INFO: dtree.c(1439): stop. leaf nodes are specific
INFO: dtree.c(1478): Final simple tree
|( QUESTION0_0_R 1 2.233e+03 1.221e+02 1.222e+02
|    ( - 1.187e+03 1 0)
|    ( - 9.240e+02 1 0))
s>    ( QUESTION0_0_R 1 2.233e+03 1.221e+02 1.222e+02
s>        ( - 1.187e+03 1 0)
s>        ( - 9.240e+02 1 0))INFO: dtree.c(1439): stop. leaf nodes are specific
INFO: dtree.c(1478): Final simple tree
|( QUESTION0_0_R 1 4.543e+03 1.769e+02 2.387e+02
|    ( - 3.203e+03 1 0)
|    ( - 1.163e+03 1 0))
s>    ( QUESTION0_0_R 1 4.543e+03 1.769e+02 2.387e+02
s>        ( - 3.203e+03 1 0)
s>        ( - 1.163e+03 1 0))INFO: dtree.c(1315): Comp split 20
INFO: dtree.c(1439): stop. leaf nodes are specific
INFO: dtree.c(1478): Final simple tree
|( QUESTION0_0_R 1 1.486e+03 1.653e+02 9.247e+01
|    ( - 9.322e+02 1 0)
|    ( - 3.887e+02 1 0))
s>    ( QUESTION0_0_R 1 1.486e+03 1.653e+02 9.247e+01
s>        ( - 9.322e+02 1 0)
s>        ( - 3.887e+02 1 0))INFO: dtree.c(1439): stop. leaf nodes are specific
INFO: dtree.c(1478): Final simple tree
|( WDBNDRY_B 0 2.903e+03 1.429e+02 1.637e+02
|    ( - 2.256e+03 1 0)
|    ( - 5.040e+02 1 0))
s>    ( WDBNDRY_B 0 2.903e+03 1.429e+02 1.637e+02
s>        ( - 2.256e+03 1 0)
s>        ( - 5.040e+02 1 0))INFO: dtree.c(1315): Comp split 21
INFO: dtree.c(1315): Comp split 22
INFO: dtree.c(1315): Comp split 23
INFO: dtree.c(1315): Comp split 24
INFO: dtree.c(1439): stop. leaf nodes are specific
INFO: dtree.c(1478): Final simple tree
|( QUESTION1 1 2.195e+03 1.702e+02 1.292e+02
|    ( - 1.174e+03 1 0)
|    ( - 8.506e+02 1 0))
s>    ( QUESTION1 1 2.195e+03 1.702e+02 1.292e+02
s>        ( - 1.174e+03 1 0)
s>        ( - 8.506e+02 1 0))INFO: dtree.c(1315): Comp split 25
INFO: dtree.c(1439): stop. leaf nodes are specific
INFO: dtree.c(1478): Final simple tree
|( WDBNDRY_B 0 8.929e+02 1.204e+02 5.393e+01
|    ( - 4.005e+02 1 0)
|    ( - 3.720e+02 1 0))
s>    ( WDBNDRY_B 0 8.929e+02 1.204e+02 5.393e+01
s>        ( - 4.005e+02 1 0)
s>        ( - 3.720e+02 1 0))INFO: dtree.c(1315): Comp split 26
INFO: dtree.c(1315): Comp split 27
INFO: dtree.c(1315): Comp split 28
INFO: dtree.c(1315): Comp split 29
INFO: dtree.c(1315): Comp split 30
INFO: dtree.c(1315): Comp split 31
INFO: dtree.c(1315): Comp split 32
INFO: dtree.c(1315): Comp split 33
INFO: dtree.c(1315): Comp split 34
INFO: dtree.c(1315): Comp split 35
INFO: dtree.c(1315): Comp split 36
INFO: dtree.c(1315): Comp split 37
INFO: dtree.c(1318): stop. leaf nodes are specific
Fri Dec  3 07:39:15 2021
