Current configuration:
[NAME]		[DEFLT]	[VALUE]
-allphones	no	no
-cntthresh	0.00001	1.000000e-05
-csplitmax	100	2000
-csplitmin	1	1
-csplitthr	8e-4	0.000000e+00
-example	no	no
-fullvar	no	no
-help		no	no
-meanfn			
-mixwfn			/home/azhar/Tubes_Speech/commandreminder/model_parameters/commandreminder.cd_ptm_untied/mixture_weights
-moddeffn		/home/azhar/Tubes_Speech/commandreminder/model_architecture/commandreminder.untied.mdef
-mwfloor	1e-4	1.000000e-08
-phone			R
-psetfn			/home/azhar/Tubes_Speech/commandreminder/model_architecture/commandreminder.tree_questions
-ssplitmax	5	7
-ssplitmin	1	1
-ssplitthr	8e-4	0.000000e+00
-state			1
-stwt			1.0,0.05,0.0,
-treefn			/home/azhar/Tubes_Speech/commandreminder/trees/commandreminder.unpruned/R-1.dtree
-ts2cbfn	.semi.	.semi.
-varfloor	0.00001	1.000000e-05
-varfn			

INFO: main.c(223): Reading: /home/azhar/Tubes_Speech/commandreminder/model_architecture/commandreminder.untied.mdef
INFO: model_def_io.c(573): Model definition info:
INFO: model_def_io.c(574): 1061 total models defined (31 base, 1030 tri)
INFO: model_def_io.c(575): 4244 total states
INFO: model_def_io.c(576): 3183 total tied states
INFO: model_def_io.c(577): 93 total tied CI states
INFO: model_def_io.c(578): 31 total tied transition matrices
INFO: model_def_io.c(579): 4 max state/model
INFO: model_def_io.c(580): 4 min state/model
INFO: main.c(242): Building trees for [R A A b] through [R U V i]
INFO: main.c(269): Covering states |[2460 2621]| == 162
INFO: main.c(275): Reading: /home/azhar/Tubes_Speech/commandreminder/model_parameters/commandreminder.cd_ptm_untied/mixture_weights
INFO: s3mixw_io.c(173): Read /home/azhar/Tubes_Speech/commandreminder/model_parameters/commandreminder.cd_ptm_untied/mixture_weights [162x4x64 array]
INFO: main.c(311): 54 of 54 models have observation count greater than 0.000010
INFO: main.c(95): nrm stwt: 0.045 0.909 0.045 
INFO: main.c(411): 54-class entropy: 7.825112e+04
INFO: main.c(549): Reading: /home/azhar/Tubes_Speech/commandreminder/model_architecture/commandreminder.tree_questions
INFO: main.c(588): 174 total simple questions (166 phone; 8 word bndry)
INFO: main.c(590): 40 Left Only questions, and 42 Right Only questions
INFO: dtree.c(1478): Final simple tree
|( QUESTION3 1 9.981e+04 4.239e+03 4.363e+03
|    ( QUESTION2 -1 3.330e+04 1.462e+03 1.661e+03
|        ( - 5.390e+03 1 0)
|        ( - 2.644e+04 4 0 QUESTION0 -1 4.715e+02 1.358e+03))
|    ( QUESTION1 1 6.227e+04 2.032e+03 2.703e+03
|        ( QUESTION0_4_R 1 2.225e+04 8.178e+02 1.038e+03
|            ( - 1.192e+04 8 0 QUESTION3 -1 6.330e+02 5.911e+02)
|            ( - 9.512e+03 11 0 QUESTION1 -1 4.284e+02 4.470e+02))
|        ( SILENCE 1 3.799e+04 1.295e+03 1.664e+03
|            ( - 7.874e+03 1 0)
|            ( QUESTION13 1 2.883e+04 8.743e+02 1.273e+03
|                ( - 5.960e+03 2 0)
|                ( QUESTION0_0_R 1 2.199e+04 6.456e+02 9.766e+02
|                    ( - 4.578e+03 8 0 QUESTION0 -1 3.822e+02 2.218e+02)
|                    ( - 1.677e+04 19 0 QUESTION4 -1 4.639e+02 7.548e+02))))))
s>    ( QUESTION3 1 9.981e+04 4.239e+03 4.363e+03
s>        ( QUESTION2 -1 3.330e+04 1.462e+03 1.661e+03
s>            ( - 5.390e+03 1 0)
s>            ( - 2.644e+04 4 0 QUESTION0 -1 4.715e+02 1.358e+03))
s>        ( QUESTION1 1 6.227e+04 2.032e+03 2.703e+03
s>            ( QUESTION0_4_R 1 2.225e+04 8.178e+02 1.038e+03
s>                ( - 1.192e+04 8 0 QUESTION3 -1 6.330e+02 5.911e+02)
s>                ( - 9.512e+03 11 0 QUESTION1 -1 4.284e+02 4.470e+02))
s>            ( SILENCE 1 3.799e+04 1.295e+03 1.664e+03
s>                ( - 7.874e+03 1 0)
s>                ( QUESTION13 1 2.883e+04 8.743e+02 1.273e+03
s>                    ( - 5.960e+03 2 0)
s>                    ( QUESTION0_0_R 1 2.199e+04 6.456e+02 9.766e+02
s>                        ( - 4.578e+03 8 0 QUESTION0 -1 3.822e+02 2.218e+02)
s>                        ( - 1.677e+04 19 0 QUESTION4 -1 4.639e+02 7.548e+02))))))INFO: dtree.c(1315): Comp split 0
INFO: dtree.c(1478): Final simple tree
|( QUESTION1 1 6.227e+04 2.032e+03 2.703e+03
|    ( QUESTION0_4_R 1 2.225e+04 8.178e+02 1.038e+03
|        ( QUESTION3 -1 1.192e+04 6.330e+02 5.911e+02
|            ( - 2.791e+03 1 0)
|            ( - 8.493e+03 7 0 QUESTION1 -1 3.636e+02 4.382e+02))
|        ( - 9.512e+03 11 0 QUESTION1 -1 4.284e+02 4.470e+02))
|    ( SILENCE 1 3.799e+04 1.295e+03 1.664e+03
|        ( - 7.874e+03 1 0)
|        ( QUESTION13 1 2.883e+04 8.743e+02 1.273e+03
|            ( - 5.960e+03 2 0)
|            ( QUESTION0_0_R 1 2.199e+04 6.456e+02 9.766e+02
|                ( - 4.578e+03 8 0 QUESTION0 -1 3.822e+02 2.218e+02)
|                ( QUESTION4 -1 1.677e+04 4.639e+02 7.548e+02
|                    ( - 3.241e+03 5 0 QUESTION9 1 2.441e+02 1.583e+02)
|                    ( - 1.306e+04 14 0 QUESTION0_18_R 1 4.266e+02 5.965e+02))))))
s>    ( QUESTION1 1 6.227e+04 2.032e+03 2.703e+03
s>        ( QUESTION0_4_R 1 2.225e+04 8.178e+02 1.038e+03
s>            ( QUESTION3 -1 1.192e+04 6.330e+02 5.911e+02
s>                ( - 2.791e+03 1 0)
s>                ( - 8.493e+03 7 0 QUESTION1 -1 3.636e+02 4.382e+02))
s>            ( - 9.512e+03 11 0 QUESTION1 -1 4.284e+02 4.470e+02))
s>        ( SILENCE 1 3.799e+04 1.295e+03 1.664e+03
s>            ( - 7.874e+03 1 0)
s>            ( QUESTION13 1 2.883e+04 8.743e+02 1.273e+03
s>                ( - 5.960e+03 2 0)
s>                ( QUESTION0_0_R 1 2.199e+04 6.456e+02 9.766e+02
s>                    ( - 4.578e+03 8 0 QUESTION0 -1 3.822e+02 2.218e+02)
s>                    ( QUESTION4 -1 1.677e+04 4.639e+02 7.548e+02
s>                        ( - 3.241e+03 5 0 QUESTION9 1 2.441e+02 1.583e+02)
s>                        ( - 1.306e+04 14 0 QUESTION0_18_R 1 4.266e+02 5.965e+02))))))INFO: dtree.c(1439): stop. leaf nodes are specific
INFO: dtree.c(1478): Final simple tree
|( QUESTION2 -1 3.330e+04 1.462e+03 1.661e+03
|    ( - 5.390e+03 1 0)
|    ( QUESTION0 -1 2.644e+04 4.715e+02 1.358e+03
|        ( - 2.486e+04 2 0)
|        ( QUESTION7 -1 1.117e+03 9.507e+01 6.813e+01
|            ( - 8.116e+02 1 0)
|            ( - 2.101e+02 1 0))))
s>    ( QUESTION2 -1 3.330e+04 1.462e+03 1.661e+03
s>        ( - 5.390e+03 1 0)
s>        ( QUESTION0 -1 2.644e+04 4.715e+02 1.358e+03
s>            ( - 2.486e+04 2 0)
s>            ( QUESTION7 -1 1.117e+03 9.507e+01 6.813e+01
s>                ( - 8.116e+02 1 0)
s>                ( - 2.101e+02 1 0))))INFO: dtree.c(1315): Comp split 1
INFO: dtree.c(1478): Final simple tree
|( SILENCE 1 3.799e+04 1.295e+03 1.664e+03
|    ( - 7.874e+03 1 0)
|    ( QUESTION13 1 2.883e+04 8.743e+02 1.273e+03
|        ( - 5.960e+03 2 0)
|        ( QUESTION0_0_R 1 2.199e+04 6.456e+02 9.766e+02
|            ( QUESTION0 -1 4.578e+03 3.822e+02 2.218e+02
|                ( - 2.339e+03 5 0 QUESTION4 -1 2.021e+02 1.209e+02)
|                ( - 1.858e+03 3 0 QUESTION0_1_R 1 1.923e+02 1.009e+02))
|            ( QUESTION4 -1 1.677e+04 4.639e+02 7.548e+02
|                ( - 3.241e+03 5 0 QUESTION9 1 2.441e+02 1.583e+02)
|                ( QUESTION0_18_R 1 1.306e+04 4.266e+02 5.965e+02
|                    ( - 2.987e+03 2 0 WDBNDRY_E 0 1.475e+02 1.508e+02)
|                    ( QUESTION9 1 9.648e+03 3.108e+02 4.457e+02
|                        ( - 5.638e+03 5 0 WDBNDRY_E 0 2.898e+02 2.707e+02)
|                        ( - 3.700e+03 7 0 QUESTION8 1 2.260e+02 1.750e+02)))))))
s>    ( SILENCE 1 3.799e+04 1.295e+03 1.664e+03
s>        ( - 7.874e+03 1 0)
s>        ( QUESTION13 1 2.883e+04 8.743e+02 1.273e+03
s>            ( - 5.960e+03 2 0)
s>            ( QUESTION0_0_R 1 2.199e+04 6.456e+02 9.766e+02
s>                ( QUESTION0 -1 4.578e+03 3.822e+02 2.218e+02
s>                    ( - 2.339e+03 5 0 QUESTION4 -1 2.021e+02 1.209e+02)
s>                    ( - 1.858e+03 3 0 QUESTION0_1_R 1 1.923e+02 1.009e+02))
s>                ( QUESTION4 -1 1.677e+04 4.639e+02 7.548e+02
s>                    ( - 3.241e+03 5 0 QUESTION9 1 2.441e+02 1.583e+02)
s>                    ( QUESTION0_18_R 1 1.306e+04 4.266e+02 5.965e+02
s>                        ( - 2.987e+03 2 0 WDBNDRY_E 0 1.475e+02 1.508e+02)
s>                        ( QUESTION9 1 9.648e+03 3.108e+02 4.457e+02
s>                            ( - 5.638e+03 5 0 WDBNDRY_E 0 2.898e+02 2.707e+02)
s>                            ( - 3.700e+03 7 0 QUESTION8 1 2.260e+02 1.750e+02)))))))INFO: dtree.c(1478): Final simple tree
|( QUESTION0_4_R 1 2.225e+04 8.178e+02 1.038e+03
|    ( QUESTION3 -1 1.192e+04 6.330e+02 5.911e+02
|        ( - 2.791e+03 1 0)
|        ( QUESTION1 -1 8.493e+03 3.636e+02 4.382e+02
|            ( - 6.205e+03 4 0 QUESTION2_1_L -1 1.423e+02 3.352e+02)
|            ( - 1.924e+03 3 0 WDBNDRY_B 0 1.344e+02 1.030e+02)))
|    ( QUESTION1 -1 9.512e+03 4.284e+02 4.470e+02
|        ( WDBNDRY_I 0 4.019e+03 2.359e+02 2.019e+02
|            ( - 2.875e+03 3 0)
|            ( - 9.074e+02 2 0 WDBNDRY_B 0 1.437e+02 5.003e+01))
|        ( QUESTION4 -1 5.065e+03 3.583e+02 2.451e+02
|            ( - 1.982e+03 2 0 WDBNDRY_E 0 2.070e+02 1.079e+02)
|            ( QUESTION6 -1 2.724e+03 2.641e+02 1.372e+02
|                ( - 9.355e+02 1 0)
|                ( - 1.525e+03 3 0 WDBNDRY_B 0 2.063e+02 8.327e+01)))))
s>    ( QUESTION0_4_R 1 2.225e+04 8.178e+02 1.038e+03
s>        ( QUESTION3 -1 1.192e+04 6.330e+02 5.911e+02
s>            ( - 2.791e+03 1 0)
s>            ( QUESTION1 -1 8.493e+03 3.636e+02 4.382e+02
s>                ( - 6.205e+03 4 0 QUESTION2_1_L -1 1.423e+02 3.352e+02)
s>                ( - 1.924e+03 3 0 WDBNDRY_B 0 1.344e+02 1.030e+02)))
s>        ( QUESTION1 -1 9.512e+03 4.284e+02 4.470e+02
s>            ( WDBNDRY_I 0 4.019e+03 2.359e+02 2.019e+02
s>                ( - 2.875e+03 3 0)
s>                ( - 9.074e+02 2 0 WDBNDRY_B 0 1.437e+02 5.003e+01))
s>            ( QUESTION4 -1 5.065e+03 3.583e+02 2.451e+02
s>                ( - 1.982e+03 2 0 WDBNDRY_E 0 2.070e+02 1.079e+02)
s>                ( QUESTION6 -1 2.724e+03 2.641e+02 1.372e+02
s>                    ( - 9.355e+02 1 0)
s>                    ( - 1.525e+03 3 0 WDBNDRY_B 0 2.063e+02 8.327e+01)))))INFO: dtree.c(1315): Comp split 2
INFO: dtree.c(1439): stop. leaf nodes are specific
INFO: dtree.c(1478): Final simple tree
|( QUESTION0 -1 2.644e+04 4.715e+02 1.358e+03
|    ( - 2.486e+04 2 0)
|    ( QUESTION7 -1 1.117e+03 9.507e+01 6.813e+01
|        ( - 8.116e+02 1 0)
|        ( - 2.101e+02 1 0)))
s>    ( QUESTION0 -1 2.644e+04 4.715e+02 1.358e+03
s>        ( - 2.486e+04 2 0)
s>        ( QUESTION7 -1 1.117e+03 9.507e+01 6.813e+01
s>            ( - 8.116e+02 1 0)
s>            ( - 2.101e+02 1 0)))INFO: dtree.c(1315): Comp split 3
INFO: dtree.c(1478): Final simple tree
|( QUESTION13 1 2.883e+04 8.743e+02 1.273e+03
|    ( - 5.960e+03 2 0)
|    ( QUESTION0_0_R 1 2.199e+04 6.456e+02 9.766e+02
|        ( QUESTION0 -1 4.578e+03 3.822e+02 2.218e+02
|            ( - 2.339e+03 5 0 QUESTION4 -1 2.021e+02 1.209e+02)
|            ( - 1.858e+03 3 0 QUESTION0_1_R 1 1.923e+02 1.009e+02))
|        ( QUESTION4 -1 1.677e+04 4.639e+02 7.548e+02
|            ( - 3.241e+03 5 0 QUESTION9 1 2.441e+02 1.583e+02)
|            ( QUESTION0_18_R 1 1.306e+04 4.266e+02 5.965e+02
|                ( - 2.987e+03 2 0 WDBNDRY_E 0 1.475e+02 1.508e+02)
|                ( QUESTION9 1 9.648e+03 3.108e+02 4.457e+02
|                    ( WDBNDRY_E 0 5.638e+03 2.898e+02 2.707e+02
|                        ( - 1.857e+03 3 0 QUESTION1 -1 1.765e+02 9.540e+01)
|                        ( - 3.491e+03 2 0))
|                    ( - 3.700e+03 7 0 QUESTION8 1 2.260e+02 1.750e+02))))))
s>    ( QUESTION13 1 2.883e+04 8.743e+02 1.273e+03
s>        ( - 5.960e+03 2 0)
s>        ( QUESTION0_0_R 1 2.199e+04 6.456e+02 9.766e+02
s>            ( QUESTION0 -1 4.578e+03 3.822e+02 2.218e+02
s>                ( - 2.339e+03 5 0 QUESTION4 -1 2.021e+02 1.209e+02)
s>                ( - 1.858e+03 3 0 QUESTION0_1_R 1 1.923e+02 1.009e+02))
s>            ( QUESTION4 -1 1.677e+04 4.639e+02 7.548e+02
s>                ( - 3.241e+03 5 0 QUESTION9 1 2.441e+02 1.583e+02)
s>                ( QUESTION0_18_R 1 1.306e+04 4.266e+02 5.965e+02
s>                    ( - 2.987e+03 2 0 WDBNDRY_E 0 1.475e+02 1.508e+02)
s>                    ( QUESTION9 1 9.648e+03 3.108e+02 4.457e+02
s>                        ( WDBNDRY_E 0 5.638e+03 2.898e+02 2.707e+02
s>                            ( - 1.857e+03 3 0 QUESTION1 -1 1.765e+02 9.540e+01)
s>                            ( - 3.491e+03 2 0))
s>                        ( - 3.700e+03 7 0 QUESTION8 1 2.260e+02 1.750e+02))))))INFO: dtree.c(1315): Comp split 4
INFO: dtree.c(1439): stop. leaf nodes are specific
INFO: dtree.c(1478): Final simple tree
|( QUESTION11 1 1.335e+04 5.499e+02 6.222e+02
|    ( - 5.960e+03 2 0)
|    ( QUESTION0_7_R 1 6.835e+03 3.567e+02 3.260e+02
|        ( - 3.491e+03 2 0)
|        ( WDBNDRY_E 0 2.987e+03 1.475e+02 1.508e+02
|            ( - 1.775e+02 1 0)
|            ( - 2.662e+03 1 0))))
s>    ( QUESTION11 1 1.335e+04 5.499e+02 6.222e+02
s>        ( - 5.960e+03 2 0)
s>        ( QUESTION0_7_R 1 6.835e+03 3.567e+02 3.260e+02
s>            ( - 3.491e+03 2 0)
s>            ( WDBNDRY_E 0 2.987e+03 1.475e+02 1.508e+02
s>                ( - 1.775e+02 1 0)
s>                ( - 2.662e+03 1 0))))INFO: dtree.c(1478): Final simple tree
|( QUESTION0_0_R 1 1.458e+04 5.310e+02 6.505e+02
|    ( QUESTION0 -1 4.578e+03 3.822e+02 2.218e+02
|        ( QUESTION4 -1 2.339e+03 2.021e+02 1.209e+02
|            ( - 4.785e+02 2 0 QUESTION0_1_R 1 9.014e+01 2.930e+01)
|            ( - 1.658e+03 3 0 WDBNDRY_B 0 1.588e+02 9.158e+01))
|        ( - 1.858e+03 3 0 QUESTION0_1_R 1 1.923e+02 1.009e+02))
|    ( QUESTION4 -1 9.473e+03 4.236e+02 4.287e+02
|        ( QUESTION9 1 3.241e+03 2.441e+02 1.583e+02
|            ( - 7.116e+02 2 0 WDBNDRY_E 0 1.182e+02 3.999e+01)
|            ( - 2.285e+03 3 0 WDBNDRY_E 0 1.531e+02 1.183e+02))
|        ( QUESTION9 1 5.809e+03 2.522e+02 2.704e+02
|            ( - 1.857e+03 3 0 QUESTION1 -1 1.765e+02 9.540e+01)
|            ( QUESTION8 1 3.700e+03 2.260e+02 1.750e+02
|                ( - 1.549e+03 3 0 WDBNDRY_E 0 1.622e+02 7.908e+01)
|                ( - 1.924e+03 4 0 WDBNDRY_E 0 1.643e+02 9.593e+01)))))
s>    ( QUESTION0_0_R 1 1.458e+04 5.310e+02 6.505e+02
s>        ( QUESTION0 -1 4.578e+03 3.822e+02 2.218e+02
s>            ( QUESTION4 -1 2.339e+03 2.021e+02 1.209e+02
s>                ( - 4.785e+02 2 0 QUESTION0_1_R 1 9.014e+01 2.930e+01)
s>                ( - 1.658e+03 3 0 WDBNDRY_B 0 1.588e+02 9.158e+01))
s>            ( - 1.858e+03 3 0 QUESTION0_1_R 1 1.923e+02 1.009e+02))
s>        ( QUESTION4 -1 9.473e+03 4.236e+02 4.287e+02
s>            ( QUESTION9 1 3.241e+03 2.441e+02 1.583e+02
s>                ( - 7.116e+02 2 0 WDBNDRY_E 0 1.182e+02 3.999e+01)
s>                ( - 2.285e+03 3 0 WDBNDRY_E 0 1.531e+02 1.183e+02))
s>            ( QUESTION9 1 5.809e+03 2.522e+02 2.704e+02
s>                ( - 1.857e+03 3 0 QUESTION1 -1 1.765e+02 9.540e+01)
s>                ( QUESTION8 1 3.700e+03 2.260e+02 1.750e+02
s>                    ( - 1.549e+03 3 0 WDBNDRY_E 0 1.622e+02 7.908e+01)
s>                    ( - 1.924e+03 4 0 WDBNDRY_E 0 1.643e+02 9.593e+01)))))INFO: dtree.c(1315): Comp split 5
INFO: dtree.c(1478): Final simple tree
|( QUESTION1 -1 9.512e+03 4.284e+02 4.470e+02
|    ( WDBNDRY_I 0 4.019e+03 2.359e+02 2.019e+02
|        ( - 2.875e+03 3 0)
|        ( WDBNDRY_B 0 9.074e+02 1.437e+02 5.003e+01
|            ( - 3.651e+02 1 0)
|            ( - 3.987e+02 1 0)))
|    ( QUESTION4 -1 5.065e+03 3.583e+02 2.451e+02
|        ( WDBNDRY_E 0 1.982e+03 2.070e+02 1.079e+02
|            ( - 4.213e+02 1 0)
|            ( - 1.354e+03 1 0))
|        ( QUESTION6 -1 2.724e+03 2.641e+02 1.372e+02
|            ( - 9.355e+02 1 0)
|            ( WDBNDRY_B 0 1.525e+03 2.063e+02 8.327e+01
|                ( - 7.593e+02 2 0)
|                ( - 5.589e+02 1 0)))))
s>    ( QUESTION1 -1 9.512e+03 4.284e+02 4.470e+02
s>        ( WDBNDRY_I 0 4.019e+03 2.359e+02 2.019e+02
s>            ( - 2.875e+03 3 0)
s>            ( WDBNDRY_B 0 9.074e+02 1.437e+02 5.003e+01
s>                ( - 3.651e+02 1 0)
s>                ( - 3.987e+02 1 0)))
s>        ( QUESTION4 -1 5.065e+03 3.583e+02 2.451e+02
s>            ( WDBNDRY_E 0 1.982e+03 2.070e+02 1.079e+02
s>                ( - 4.213e+02 1 0)
s>                ( - 1.354e+03 1 0))
s>            ( QUESTION6 -1 2.724e+03 2.641e+02 1.372e+02
s>                ( - 9.355e+02 1 0)
s>                ( WDBNDRY_B 0 1.525e+03 2.063e+02 8.327e+01
s>                    ( - 7.593e+02 2 0)
s>                    ( - 5.589e+02 1 0)))))INFO: dtree.c(1439): stop. leaf nodes are specific
INFO: dtree.c(1478): Final simple tree
|( QUESTION3 -1 1.192e+04 6.330e+02 5.911e+02
|    ( - 2.791e+03 1 0)
|    ( QUESTION1 -1 8.493e+03 3.636e+02 4.382e+02
|        ( QUESTION2_1_L -1 6.205e+03 1.423e+02 3.352e+02
|            ( WDBNDRY_B 0 5.720e+03 1.278e+02 3.101e+02
|                ( - 3.748e+02 1 0)
|                ( - 5.217e+03 2 0))
|            ( - 3.435e+02 1 0))
|        ( WDBNDRY_B 0 1.924e+03 1.344e+02 1.030e+02
|            ( - 2.477e+02 1 0)
|            ( - 1.542e+03 2 0))))
s>    ( QUESTION3 -1 1.192e+04 6.330e+02 5.911e+02
s>        ( - 2.791e+03 1 0)
s>        ( QUESTION1 -1 8.493e+03 3.636e+02 4.382e+02
s>            ( QUESTION2_1_L -1 6.205e+03 1.423e+02 3.352e+02
s>                ( WDBNDRY_B 0 5.720e+03 1.278e+02 3.101e+02
s>                    ( - 3.748e+02 1 0)
s>                    ( - 5.217e+03 2 0))
s>                ( - 3.435e+02 1 0))
s>            ( WDBNDRY_B 0 1.924e+03 1.344e+02 1.030e+02
s>                ( - 2.477e+02 1 0)
s>                ( - 1.542e+03 2 0))))INFO: dtree.c(1315): Comp split 6
INFO: dtree.c(1439): stop. leaf nodes are specific
INFO: dtree.c(1478): Final simple tree
|( QUESTION1 -1 8.493e+03 3.636e+02 4.382e+02
|    ( QUESTION2_1_L -1 6.205e+03 1.423e+02 3.352e+02
|        ( WDBNDRY_B 0 5.720e+03 1.278e+02 3.101e+02
|            ( - 3.748e+02 1 0)
|            ( - 5.217e+03 2 0))
|        ( - 3.435e+02 1 0))
|    ( WDBNDRY_B 0 1.924e+03 1.344e+02 1.030e+02
|        ( - 2.477e+02 1 0)
|        ( - 1.542e+03 2 0)))
s>    ( QUESTION1 -1 8.493e+03 3.636e+02 4.382e+02
s>        ( QUESTION2_1_L -1 6.205e+03 1.423e+02 3.352e+02
s>            ( WDBNDRY_B 0 5.720e+03 1.278e+02 3.101e+02
s>                ( - 3.748e+02 1 0)
s>                ( - 5.217e+03 2 0))
s>            ( - 3.435e+02 1 0))
s>        ( WDBNDRY_B 0 1.924e+03 1.344e+02 1.030e+02
s>            ( - 2.477e+02 1 0)
s>            ( - 1.542e+03 2 0)))INFO: dtree.c(1315): Comp split 7
INFO: dtree.c(1478): Final simple tree
|( QUESTION0_0_R 1 8.817e+03 3.906e+02 4.020e+02
|    ( WDBNDRY_B 0 1.658e+03 1.588e+02 9.158e+01
|        ( - 7.759e+02 2 0 QUESTION1 -1 1.049e+02 4.710e+01)
|        ( - 7.232e+02 1 0))
|    ( QUESTION1 -1 6.768e+03 2.741e+02 3.104e+02
|        ( QUESTION9 1 4.787e+03 2.421e+02 2.268e+02
|            ( - 1.157e+03 1 0)
|            ( QUESTION8 1 3.388e+03 2.286e+02 1.624e+02
|                ( WDBNDRY_E 0 1.549e+03 1.622e+02 7.908e+01
|                    ( - 7.710e+02 2 0)
|                    ( - 6.159e+02 1 0))
|                ( - 1.610e+03 3 0 WDBNDRY_E 0 1.582e+02 8.330e+01)))
|        ( QUESTION3 -1 1.708e+03 1.907e+02 8.362e+01
|            ( - 8.052e+02 3 0 QUESTION0_7_R 1 1.072e+02 4.363e+01)
|            ( - 7.116e+02 2 0 WDBNDRY_E 0 1.182e+02 3.999e+01))))
s>    ( QUESTION0_0_R 1 8.817e+03 3.906e+02 4.020e+02
s>        ( WDBNDRY_B 0 1.658e+03 1.588e+02 9.158e+01
s>            ( - 7.759e+02 2 0 QUESTION1 -1 1.049e+02 4.710e+01)
s>            ( - 7.232e+02 1 0))
s>        ( QUESTION1 -1 6.768e+03 2.741e+02 3.104e+02
s>            ( QUESTION9 1 4.787e+03 2.421e+02 2.268e+02
s>                ( - 1.157e+03 1 0)
s>                ( QUESTION8 1 3.388e+03 2.286e+02 1.624e+02
s>                    ( WDBNDRY_E 0 1.549e+03 1.622e+02 7.908e+01
s>                        ( - 7.710e+02 2 0)
s>                        ( - 6.159e+02 1 0))
s>                    ( - 1.610e+03 3 0 WDBNDRY_E 0 1.582e+02 8.330e+01)))
s>            ( QUESTION3 -1 1.708e+03 1.907e+02 8.362e+01
s>                ( - 8.052e+02 3 0 QUESTION0_7_R 1 1.072e+02 4.363e+01)
s>                ( - 7.116e+02 2 0 WDBNDRY_E 0 1.182e+02 3.999e+01))))INFO: dtree.c(1478): Final simple tree
|( QUESTION6 -1 5.187e+03 3.915e+02 2.485e+02
|    ( QUESTION0_1_R 1 1.423e+03 1.245e+02 8.094e+01
|        ( - 1.107e+03 1 0)
|        ( - 1.916e+02 1 0))
|    ( QUESTION0_0_R 1 3.372e+03 2.253e+02 1.676e+02
|        ( QUESTION0_3_R 1 8.618e+02 1.197e+02 4.930e+01
|            ( - 2.636e+02 1 0)
|            ( QUESTION0_1_R 1 4.785e+02 9.014e+01 2.930e+01
|                ( - 2.126e+02 1 0)
|                ( - 1.758e+02 1 0)))
|        ( WDBNDRY_E 0 2.285e+03 1.531e+02 1.183e+02
|            ( QUESTION8 1 1.747e+03 1.259e+02 9.304e+01
|                ( - 2.534e+02 1 0)
|                ( - 1.368e+03 1 0))
|            ( - 3.851e+02 1 0))))
s>    ( QUESTION6 -1 5.187e+03 3.915e+02 2.485e+02
s>        ( QUESTION0_1_R 1 1.423e+03 1.245e+02 8.094e+01
s>            ( - 1.107e+03 1 0)
s>            ( - 1.916e+02 1 0))
s>        ( QUESTION0_0_R 1 3.372e+03 2.253e+02 1.676e+02
s>            ( QUESTION0_3_R 1 8.618e+02 1.197e+02 4.930e+01
s>                ( - 2.636e+02 1 0)
s>                ( QUESTION0_1_R 1 4.785e+02 9.014e+01 2.930e+01
s>                    ( - 2.126e+02 1 0)
s>                    ( - 1.758e+02 1 0)))
s>            ( WDBNDRY_E 0 2.285e+03 1.531e+02 1.183e+02
s>                ( QUESTION8 1 1.747e+03 1.259e+02 9.304e+01
s>                    ( - 2.534e+02 1 0)
s>                    ( - 1.368e+03 1 0))
s>                ( - 3.851e+02 1 0))))INFO: dtree.c(1315): Comp split 8
INFO: dtree.c(1439): stop. leaf nodes are specific
INFO: dtree.c(1478): Final simple tree
|( QUESTION0_7_R 1 6.835e+03 3.567e+02 3.260e+02
|    ( - 3.491e+03 2 0)
|    ( WDBNDRY_E 0 2.987e+03 1.475e+02 1.508e+02
|        ( - 1.775e+02 1 0)
|        ( - 2.662e+03 1 0)))
s>    ( QUESTION0_7_R 1 6.835e+03 3.567e+02 3.260e+02
s>        ( - 3.491e+03 2 0)
s>        ( WDBNDRY_E 0 2.987e+03 1.475e+02 1.508e+02
s>            ( - 1.775e+02 1 0)
s>            ( - 2.662e+03 1 0)))INFO: dtree.c(1315): Comp split 9
INFO: dtree.c(1439): stop. leaf nodes are specific
INFO: dtree.c(1478): Final simple tree
|( QUESTION7 -1 1.117e+03 9.507e+01 6.813e+01
|    ( - 8.116e+02 1 0)
|    ( - 2.101e+02 1 0))
s>    ( QUESTION7 -1 1.117e+03 9.507e+01 6.813e+01
s>        ( - 8.116e+02 1 0)
s>        ( - 2.101e+02 1 0))INFO: dtree.c(1315): Comp split 10
INFO: dtree.c(1439): stop. leaf nodes are specific
INFO: dtree.c(1478): Final simple tree
|( QUESTION2 -1 3.147e+03 2.840e+02 1.585e+02
|    ( - 1.354e+03 1 0)
|    ( WDBNDRY_E 0 1.509e+03 1.748e+02 7.946e+01
|        ( - 3.987e+02 1 0)
|        ( - 9.355e+02 1 0)))
s>    ( QUESTION2 -1 3.147e+03 2.840e+02 1.585e+02
s>        ( - 1.354e+03 1 0)
s>        ( WDBNDRY_E 0 1.509e+03 1.748e+02 7.946e+01
s>            ( - 3.987e+02 1 0)
s>            ( - 9.355e+02 1 0)))INFO: dtree.c(1439): stop. leaf nodes are specific
INFO: dtree.c(1478): Final simple tree
|( QUESTION1 -1 5.902e+03 3.391e+02 2.885e+02
|    ( WDBNDRY_B 0 3.417e+03 1.770e+02 1.764e+02
|        ( - 3.651e+02 1 0)
|        ( - 2.875e+03 3 0))
|    ( WDBNDRY_I 0 2.146e+03 2.307e+02 1.121e+02
|        ( - 5.589e+02 1 0)
|        ( WDBNDRY_B 0 1.356e+03 1.757e+02 7.446e+01
|            ( - 7.593e+02 2 0)
|            ( - 4.213e+02 1 0))))
s>    ( QUESTION1 -1 5.902e+03 3.391e+02 2.885e+02
s>        ( WDBNDRY_B 0 3.417e+03 1.770e+02 1.764e+02
s>            ( - 3.651e+02 1 0)
s>            ( - 2.875e+03 3 0))
s>        ( WDBNDRY_I 0 2.146e+03 2.307e+02 1.121e+02
s>            ( - 5.589e+02 1 0)
s>            ( WDBNDRY_B 0 1.356e+03 1.757e+02 7.446e+01
s>                ( - 7.593e+02 2 0)
s>                ( - 4.213e+02 1 0))))INFO: dtree.c(1315): Comp split 11
INFO: dtree.c(1439): stop. leaf nodes are specific
INFO: dtree.c(1478): Final simple tree
|( QUESTION0_1_R 1 1.724e+03 1.580e+02 9.394e+01
|    ( - 1.107e+03 1 0)
|    ( QUESTION0_3_R 1 4.586e+02 9.125e+01 2.889e+01
|        ( - 1.916e+02 1 0)
|        ( - 1.758e+02 1 0)))
s>    ( QUESTION0_1_R 1 1.724e+03 1.580e+02 9.394e+01
s>        ( - 1.107e+03 1 0)
s>        ( QUESTION0_3_R 1 4.586e+02 9.125e+01 2.889e+01
s>            ( - 1.916e+02 1 0)
s>            ( - 1.758e+02 1 0)))INFO: dtree.c(1439): stop. leaf nodes are specific
INFO: dtree.c(1478): Final simple tree
|( WDBNDRY_E 0 3.063e+03 2.093e+02 1.546e+02
|    ( QUESTION8 1 1.747e+03 1.259e+02 9.304e+01
|        ( - 2.534e+02 1 0)
|        ( - 1.368e+03 1 0))
|    ( QUESTION0_0_R 1 1.107e+03 1.462e+02 6.157e+01
|        ( QUESTION0_1_R 1 5.754e+02 9.923e+01 3.630e+01
|            ( - 2.126e+02 1 0)
|            ( - 2.636e+02 1 0))
|        ( - 3.851e+02 1 0)))
s>    ( WDBNDRY_E 0 3.063e+03 2.093e+02 1.546e+02
s>        ( QUESTION8 1 1.747e+03 1.259e+02 9.304e+01
s>            ( - 2.534e+02 1 0)
s>            ( - 1.368e+03 1 0))
s>        ( QUESTION0_0_R 1 1.107e+03 1.462e+02 6.157e+01
s>            ( QUESTION0_1_R 1 5.754e+02 9.923e+01 3.630e+01
s>                ( - 2.126e+02 1 0)
s>                ( - 2.636e+02 1 0))
s>            ( - 3.851e+02 1 0)))INFO: dtree.c(1315): Comp split 12
INFO: dtree.c(1478): Final simple tree
|( QUESTION1 -1 6.768e+03 2.741e+02 3.104e+02
|    ( QUESTION9 1 4.787e+03 2.421e+02 2.268e+02
|        ( - 1.157e+03 1 0)
|        ( QUESTION8 1 3.388e+03 2.286e+02 1.624e+02
|            ( WDBNDRY_E 0 1.549e+03 1.622e+02 7.908e+01
|                ( - 7.710e+02 2 0)
|                ( - 6.159e+02 1 0))
|            ( WDBNDRY_E 0 1.610e+03 1.582e+02 8.330e+01
|                ( - 9.323e+02 1 0)
|                ( - 5.197e+02 2 0 QUESTION0_15_R 1 9.256e+01 3.053e+01))))
|    ( QUESTION3 -1 1.708e+03 1.907e+02 8.362e+01
|        ( - 8.052e+02 3 0 QUESTION0_7_R 1 1.072e+02 4.363e+01)
|        ( WDBNDRY_E 0 7.116e+02 1.182e+02 3.999e+01
|            ( - 3.270e+02 1 0)
|            ( - 2.664e+02 1 0))))
s>    ( QUESTION1 -1 6.768e+03 2.741e+02 3.104e+02
s>        ( QUESTION9 1 4.787e+03 2.421e+02 2.268e+02
s>            ( - 1.157e+03 1 0)
s>            ( QUESTION8 1 3.388e+03 2.286e+02 1.624e+02
s>                ( WDBNDRY_E 0 1.549e+03 1.622e+02 7.908e+01
s>                    ( - 7.710e+02 2 0)
s>                    ( - 6.159e+02 1 0))
s>                ( WDBNDRY_E 0 1.610e+03 1.582e+02 8.330e+01
s>                    ( - 9.323e+02 1 0)
s>                    ( - 5.197e+02 2 0 QUESTION0_15_R 1 9.256e+01 3.053e+01))))
s>        ( QUESTION3 -1 1.708e+03 1.907e+02 8.362e+01
s>            ( - 8.052e+02 3 0 QUESTION0_7_R 1 1.072e+02 4.363e+01)
s>            ( WDBNDRY_E 0 7.116e+02 1.182e+02 3.999e+01
s>                ( - 3.270e+02 1 0)
s>                ( - 2.664e+02 1 0))))INFO: dtree.c(1439): stop. leaf nodes are specific
INFO: dtree.c(1478): Final simple tree
|( WDBNDRY_B 0 1.658e+03 1.588e+02 9.158e+01
|    ( QUESTION1 -1 7.759e+02 1.049e+02 4.710e+01
|        ( - 4.597e+02 1 0)
|        ( - 2.112e+02 1 0))
|    ( - 7.232e+02 1 0))
s>    ( WDBNDRY_B 0 1.658e+03 1.588e+02 9.158e+01
s>        ( QUESTION1 -1 7.759e+02 1.049e+02 4.710e+01
s>            ( - 4.597e+02 1 0)
s>            ( - 2.112e+02 1 0))
s>        ( - 7.232e+02 1 0))INFO: dtree.c(1315): Comp split 13
INFO: dtree.c(1439): stop. leaf nodes are specific
INFO: dtree.c(1478): Final simple tree
|( QUESTION2_1_L -1 6.205e+03 1.423e+02 3.352e+02
|    ( WDBNDRY_B 0 5.720e+03 1.278e+02 3.101e+02
|        ( - 3.748e+02 1 0)
|        ( - 5.217e+03 2 0))
|    ( - 3.435e+02 1 0))
s>    ( QUESTION2_1_L -1 6.205e+03 1.423e+02 3.352e+02
s>        ( WDBNDRY_B 0 5.720e+03 1.278e+02 3.101e+02
s>            ( - 3.748e+02 1 0)
s>            ( - 5.217e+03 2 0))
s>        ( - 3.435e+02 1 0))INFO: dtree.c(1439): stop. leaf nodes are specific
INFO: dtree.c(1478): Final simple tree
|( WDBNDRY_B 0 1.924e+03 1.344e+02 1.030e+02
|    ( - 2.477e+02 1 0)
|    ( - 1.542e+03 2 0))
s>    ( WDBNDRY_B 0 1.924e+03 1.344e+02 1.030e+02
s>        ( - 2.477e+02 1 0)
s>        ( - 1.542e+03 2 0))INFO: dtree.c(1315): Comp split 14
INFO: dtree.c(1439): stop. leaf nodes are specific
INFO: dtree.c(1478): Final simple tree
|( WDBNDRY_E 0 2.987e+03 1.475e+02 1.508e+02
|    ( - 1.775e+02 1 0)
|    ( - 2.662e+03 1 0))
s>    ( WDBNDRY_E 0 2.987e+03 1.475e+02 1.508e+02
s>        ( - 1.775e+02 1 0)
s>        ( - 2.662e+03 1 0))INFO: dtree.c(1315): Comp split 15
INFO: dtree.c(1439): stop. leaf nodes are specific
INFO: dtree.c(1478): Final simple tree
|( WDBNDRY_I 0 2.146e+03 2.307e+02 1.121e+02
|    ( - 5.589e+02 1 0)
|    ( WDBNDRY_B 0 1.356e+03 1.757e+02 7.446e+01
|        ( - 7.593e+02 2 0)
|        ( - 4.213e+02 1 0)))
s>    ( WDBNDRY_I 0 2.146e+03 2.307e+02 1.121e+02
s>        ( - 5.589e+02 1 0)
s>        ( WDBNDRY_B 0 1.356e+03 1.757e+02 7.446e+01
s>            ( - 7.593e+02 2 0)
s>            ( - 4.213e+02 1 0)))INFO: dtree.c(1439): stop. leaf nodes are specific
INFO: dtree.c(1478): Final simple tree
|( WDBNDRY_B 0 3.417e+03 1.770e+02 1.764e+02
|    ( - 3.651e+02 1 0)
|    ( - 2.875e+03 3 0))
s>    ( WDBNDRY_B 0 3.417e+03 1.770e+02 1.764e+02
s>        ( - 3.651e+02 1 0)
s>        ( - 2.875e+03 3 0))INFO: dtree.c(1315): Comp split 16
INFO: dtree.c(1439): stop. leaf nodes are specific
INFO: dtree.c(1478): Final simple tree
|( WDBNDRY_E 0 1.509e+03 1.748e+02 7.946e+01
|    ( - 3.987e+02 1 0)
|    ( - 9.355e+02 1 0))
s>    ( WDBNDRY_E 0 1.509e+03 1.748e+02 7.946e+01
s>        ( - 3.987e+02 1 0)
s>        ( - 9.355e+02 1 0))INFO: dtree.c(1315): Comp split 17
INFO: dtree.c(1439): stop. leaf nodes are specific
INFO: dtree.c(1478): Final simple tree
|( QUESTION3 -1 1.969e+03 1.875e+02 9.516e+01
|    ( QUESTION0_7_R 1 8.052e+02 1.072e+02 4.363e+01
|        ( QUESTION7 1 4.832e+02 8.131e+01 2.763e+01
|            ( - 1.805e+02 1 0)
|            ( - 2.215e+02 1 0))
|        ( - 2.147e+02 1 0))
|    ( WDBNDRY_E 0 9.760e+02 1.293e+02 5.153e+01
|        ( - 3.270e+02 1 0)
|        ( QUESTION0_15_R 1 5.197e+02 9.256e+01 3.053e+01
|            ( - 2.183e+02 1 0)
|            ( - 2.089e+02 1 0))))
s>    ( QUESTION3 -1 1.969e+03 1.875e+02 9.516e+01
s>        ( QUESTION0_7_R 1 8.052e+02 1.072e+02 4.363e+01
s>            ( QUESTION7 1 4.832e+02 8.131e+01 2.763e+01
s>                ( - 1.805e+02 1 0)
s>                ( - 2.215e+02 1 0))
s>            ( - 2.147e+02 1 0))
s>        ( WDBNDRY_E 0 9.760e+02 1.293e+02 5.153e+01
s>            ( - 3.270e+02 1 0)
s>            ( QUESTION0_15_R 1 5.197e+02 9.256e+01 3.053e+01
s>                ( - 2.183e+02 1 0)
s>                ( - 2.089e+02 1 0))))INFO: dtree.c(1439): stop. leaf nodes are specific
INFO: dtree.c(1478): Final simple tree
|( QUESTION7 1 4.517e+03 2.448e+02 2.152e+02
|    ( QUESTION8 1 2.690e+03 2.081e+02 1.319e+02
|        ( WDBNDRY_E 0 1.549e+03 1.622e+02 7.908e+01
|            ( - 7.710e+02 2 0)
|            ( - 6.159e+02 1 0))
|        ( - 9.323e+02 1 0))
|    ( WDBNDRY_E 0 1.583e+03 1.596e+02 8.340e+01
|        ( - 1.157e+03 1 0)
|        ( - 2.664e+02 1 0)))
s>    ( QUESTION7 1 4.517e+03 2.448e+02 2.152e+02
s>        ( QUESTION8 1 2.690e+03 2.081e+02 1.319e+02
s>            ( WDBNDRY_E 0 1.549e+03 1.622e+02 7.908e+01
s>                ( - 7.710e+02 2 0)
s>                ( - 6.159e+02 1 0))
s>            ( - 9.323e+02 1 0))
s>        ( WDBNDRY_E 0 1.583e+03 1.596e+02 8.340e+01
s>            ( - 1.157e+03 1 0)
s>            ( - 2.664e+02 1 0)))INFO: dtree.c(1315): Comp split 18
INFO: dtree.c(1439): stop. leaf nodes are specific
INFO: dtree.c(1478): Final simple tree
|( WDBNDRY_E 0 1.962e+03 1.896e+02 1.014e+02
|    ( - 1.157e+03 1 0)
|    ( - 6.159e+02 1 0))
s>    ( WDBNDRY_E 0 1.962e+03 1.896e+02 1.014e+02
s>        ( - 1.157e+03 1 0)
s>        ( - 6.159e+02 1 0))INFO: dtree.c(1439): stop. leaf nodes are specific
INFO: dtree.c(1478): Final simple tree
|( QUESTION8 1 2.301e+03 1.705e+02 1.139e+02
|    ( - 7.710e+02 2 0)
|    ( WDBNDRY_E 0 1.359e+03 1.606e+02 7.176e+01
|        ( - 9.323e+02 1 0)
|        ( - 2.664e+02 1 0)))
s>    ( QUESTION8 1 2.301e+03 1.705e+02 1.139e+02
s>        ( - 7.710e+02 2 0)
s>        ( WDBNDRY_E 0 1.359e+03 1.606e+02 7.176e+01
s>            ( - 9.323e+02 1 0)
s>            ( - 2.664e+02 1 0)))INFO: dtree.c(1315): Comp split 19
INFO: dtree.c(1439): stop. leaf nodes are specific
INFO: dtree.c(1478): Final simple tree
|( WDBNDRY_B 0 1.356e+03 1.757e+02 7.446e+01
|    ( - 7.593e+02 2 0)
|    ( - 4.213e+02 1 0))
s>    ( WDBNDRY_B 0 1.356e+03 1.757e+02 7.446e+01
s>        ( - 7.593e+02 2 0)
s>        ( - 4.213e+02 1 0))INFO: dtree.c(1315): Comp split 20
INFO: dtree.c(1439): stop. leaf nodes are specific
INFO: dtree.c(1478): Final simple tree
|( WDBNDRY_E 0 1.776e+03 1.452e+02 9.624e+01
|    ( - 1.368e+03 1 0)
|    ( - 2.636e+02 1 0))
s>    ( WDBNDRY_E 0 1.776e+03 1.452e+02 9.624e+01
s>        ( - 1.368e+03 1 0)
s>        ( - 2.636e+02 1 0))INFO: dtree.c(1439): stop. leaf nodes are specific
INFO: dtree.c(1478): Final simple tree
|( QUESTION0_0_R 1 1.069e+03 1.233e+02 5.837e+01
|    ( - 2.126e+02 1 0)
|    ( WDBNDRY_E 0 7.336e+02 9.500e+01 4.207e+01
|        ( - 2.534e+02 1 0)
|        ( - 3.851e+02 1 0)))
s>    ( QUESTION0_0_R 1 1.069e+03 1.233e+02 5.837e+01
s>        ( - 2.126e+02 1 0)
s>        ( WDBNDRY_E 0 7.336e+02 9.500e+01 4.207e+01
s>            ( - 2.534e+02 1 0)
s>            ( - 3.851e+02 1 0)))INFO: dtree.c(1315): Comp split 21
INFO: dtree.c(1439): stop. leaf nodes are specific
INFO: dtree.c(1478): Final simple tree
|( WDBNDRY_E 0 1.177e+03 1.399e+02 6.112e+01
|    ( - 7.710e+02 2 0)
|    ( - 2.664e+02 1 0))
s>    ( WDBNDRY_E 0 1.177e+03 1.399e+02 6.112e+01
s>        ( - 7.710e+02 2 0)
s>        ( - 2.664e+02 1 0))INFO: dtree.c(1315): Comp split 22
INFO: dtree.c(1315): Comp split 23
INFO: dtree.c(1439): stop. leaf nodes are specific
INFO: dtree.c(1478): Final simple tree
|( WDBNDRY_E 0 8.149e+02 1.134e+02 4.315e+01
|    ( QUESTION7 1 4.832e+02 8.131e+01 2.763e+01
|        ( - 1.805e+02 1 0)
|        ( - 2.215e+02 1 0))
|    ( - 2.183e+02 1 0))
s>    ( WDBNDRY_E 0 8.149e+02 1.134e+02 4.315e+01
s>        ( QUESTION7 1 4.832e+02 8.131e+01 2.763e+01
s>            ( - 1.805e+02 1 0)
s>            ( - 2.215e+02 1 0))
s>        ( - 2.183e+02 1 0))INFO: dtree.c(1439): stop. leaf nodes are specific
INFO: dtree.c(1478): Final simple tree
|( QUESTION0_7_R 1 9.658e+02 1.250e+02 5.202e+01
|    ( - 3.270e+02 1 0)
|    ( WDBNDRY_E 0 5.138e+02 9.018e+01 3.102e+01
|        ( - 2.147e+02 1 0)
|        ( - 2.089e+02 1 0)))
s>    ( QUESTION0_7_R 1 9.658e+02 1.250e+02 5.202e+01
s>        ( - 3.270e+02 1 0)
s>        ( WDBNDRY_E 0 5.138e+02 9.018e+01 3.102e+01
s>            ( - 2.147e+02 1 0)
s>            ( - 2.089e+02 1 0)))INFO: dtree.c(1315): Comp split 24
INFO: dtree.c(1315): Comp split 25
INFO: dtree.c(1315): Comp split 26
INFO: dtree.c(1315): Comp split 27
INFO: dtree.c(1439): stop. leaf nodes are specific
INFO: dtree.c(1478): Final simple tree
|( WDBNDRY_B 0 8.158e+02 9.753e+01 5.310e+01
|    ( - 3.748e+02 1 0)
|    ( - 3.435e+02 1 0))
s>    ( WDBNDRY_B 0 8.158e+02 9.753e+01 5.310e+01
s>        ( - 3.748e+02 1 0)
s>        ( - 3.435e+02 1 0))INFO: dtree.c(1315): Comp split 28
INFO: dtree.c(1439): stop. leaf nodes are specific
INFO: dtree.c(1478): Final simple tree
|( WDBNDRY_B 0 1.031e+03 9.681e+01 6.071e+01
|    ( - 2.112e+02 1 0)
|    ( - 7.232e+02 1 0))
s>    ( WDBNDRY_B 0 1.031e+03 9.681e+01 6.071e+01
s>        ( - 2.112e+02 1 0)
s>        ( - 7.232e+02 1 0))INFO: dtree.c(1315): Comp split 29
INFO: dtree.c(1439): stop. leaf nodes are specific
INFO: dtree.c(1478): Final simple tree
|( QUESTION0_3_R 1 4.586e+02 9.125e+01 2.889e+01
|    ( - 1.916e+02 1 0)
|    ( - 1.758e+02 1 0))
s>    ( QUESTION0_3_R 1 4.586e+02 9.125e+01 2.889e+01
s>        ( - 1.916e+02 1 0)
s>        ( - 1.758e+02 1 0))INFO: dtree.c(1315): Comp split 30
INFO: dtree.c(1315): Comp split 31
INFO: dtree.c(1315): Comp split 32
INFO: dtree.c(1315): Comp split 33
INFO: dtree.c(1315): Comp split 34
INFO: dtree.c(1439): stop. leaf nodes are specific
INFO: dtree.c(1478): Final simple tree
|( WDBNDRY_E 0 5.138e+02 9.018e+01 3.102e+01
|    ( - 2.147e+02 1 0)
|    ( - 2.089e+02 1 0))
s>    ( WDBNDRY_E 0 5.138e+02 9.018e+01 3.102e+01
s>        ( - 2.147e+02 1 0)
s>        ( - 2.089e+02 1 0))INFO: dtree.c(1315): Comp split 35
INFO: dtree.c(1439): stop. leaf nodes are specific
INFO: dtree.c(1478): Final simple tree
|( WDBNDRY_E 0 7.336e+02 9.500e+01 4.207e+01
|    ( - 2.534e+02 1 0)
|    ( - 3.851e+02 1 0))
s>    ( WDBNDRY_E 0 7.336e+02 9.500e+01 4.207e+01
s>        ( - 2.534e+02 1 0)
s>        ( - 3.851e+02 1 0))INFO: dtree.c(1315): Comp split 36
INFO: dtree.c(1439): stop. leaf nodes are specific
INFO: dtree.c(1478): Final simple tree
|( QUESTION7 1 4.832e+02 8.131e+01 2.763e+01
|    ( - 1.805e+02 1 0)
|    ( - 2.215e+02 1 0))
s>    ( QUESTION7 1 4.832e+02 8.131e+01 2.763e+01
s>        ( - 1.805e+02 1 0)
s>        ( - 2.215e+02 1 0))INFO: dtree.c(1315): Comp split 37
INFO: dtree.c(1315): Comp split 38
INFO: dtree.c(1315): Comp split 39
INFO: dtree.c(1315): Comp split 40
INFO: dtree.c(1315): Comp split 41
INFO: dtree.c(1315): Comp split 42
INFO: dtree.c(1315): Comp split 43
INFO: dtree.c(1315): Comp split 44
INFO: dtree.c(1318): stop. leaf nodes are specific
Fri Dec  3 07:39:17 2021
