Current configuration:
[NAME]		[DEFLT]	[VALUE]
-allphones	no	no
-cntthresh	0.00001	1.000000e-05
-csplitmax	100	2000
-csplitmin	1	1
-csplitthr	8e-4	0.000000e+00
-example	no	no
-fullvar	no	no
-help		no	no
-meanfn			
-mixwfn			/home/azhar/Tubes_Speech/commandreminder/model_parameters/commandreminder.cd_ptm_untied/mixture_weights
-moddeffn		/home/azhar/Tubes_Speech/commandreminder/model_architecture/commandreminder.untied.mdef
-mwfloor	1e-4	1.000000e-08
-phone			NG
-psetfn			/home/azhar/Tubes_Speech/commandreminder/model_architecture/commandreminder.tree_questions
-ssplitmax	5	7
-ssplitmin	1	1
-ssplitthr	8e-4	0.000000e+00
-state			2
-stwt			1.0,0.05,0.0,
-treefn			/home/azhar/Tubes_Speech/commandreminder/trees/commandreminder.unpruned/NG-2.dtree
-ts2cbfn	.semi.	.semi.
-varfloor	0.00001	1.000000e-05
-varfn			

INFO: main.c(223): Reading: /home/azhar/Tubes_Speech/commandreminder/model_architecture/commandreminder.untied.mdef
INFO: model_def_io.c(573): Model definition info:
INFO: model_def_io.c(574): 1061 total models defined (31 base, 1030 tri)
INFO: model_def_io.c(575): 4244 total states
INFO: model_def_io.c(576): 3183 total tied states
INFO: model_def_io.c(577): 93 total tied CI states
INFO: model_def_io.c(578): 31 total tied transition matrices
INFO: model_def_io.c(579): 4 max state/model
INFO: model_def_io.c(580): 4 min state/model
INFO: main.c(242): Building trees for [NG A A i] through [NG U P e]
INFO: main.c(269): Covering states |[2205 2267]| == 63
INFO: main.c(275): Reading: /home/azhar/Tubes_Speech/commandreminder/model_parameters/commandreminder.cd_ptm_untied/mixture_weights
INFO: s3mixw_io.c(173): Read /home/azhar/Tubes_Speech/commandreminder/model_parameters/commandreminder.cd_ptm_untied/mixture_weights [63x4x64 array]
INFO: main.c(311): 21 of 21 models have observation count greater than 0.000010
INFO: main.c(95): nrm stwt: 0.000 0.048 0.952 
INFO: main.c(411): 21-class entropy: 6.323577e+04
INFO: main.c(549): Reading: /home/azhar/Tubes_Speech/commandreminder/model_architecture/commandreminder.tree_questions
INFO: main.c(588): 174 total simple questions (166 phone; 8 word bndry)
INFO: main.c(590): 40 Left Only questions, and 42 Right Only questions
INFO: dtree.c(1478): Final simple tree
|( QUESTION1 1 8.171e+04 5.114e+03 3.620e+03
|    ( QUESTION0_0_R 1 2.335e+04 1.311e+03 1.215e+03
|        ( QUESTION1 -1 1.554e+04 6.316e+02 8.379e+02
|            ( - 1.142e+04 2 0)
|            ( - 3.489e+03 1 0))
|        ( - 6.494e+03 1 0))
|    ( QUESTION3 1 5.324e+04 3.509e+03 2.405e+03
|        ( - 1.357e+04 5 0 QUESTION3 -1 5.022e+02 7.498e+02)
|        ( QUESTION0_0_R 1 3.616e+04 1.993e+03 1.655e+03
|            ( - 7.718e+03 1 0)
|            ( QUESTION11 1 2.645e+04 1.081e+03 1.220e+03
|                ( QUESTION1 -1 1.325e+04 9.315e+02 6.323e+02
|                    ( - 3.645e+03 1 0)
|                    ( - 8.670e+03 1 0))
|                ( - 1.212e+04 9 0 QUESTION0_7_R 1 5.420e+02 5.882e+02)))))
s>    ( QUESTION1 1 8.171e+04 5.114e+03 3.620e+03
s>        ( QUESTION0_0_R 1 2.335e+04 1.311e+03 1.215e+03
s>            ( QUESTION1 -1 1.554e+04 6.316e+02 8.379e+02
s>                ( - 1.142e+04 2 0)
s>                ( - 3.489e+03 1 0))
s>            ( - 6.494e+03 1 0))
s>        ( QUESTION3 1 5.324e+04 3.509e+03 2.405e+03
s>            ( - 1.357e+04 5 0 QUESTION3 -1 5.022e+02 7.498e+02)
s>            ( QUESTION0_0_R 1 3.616e+04 1.993e+03 1.655e+03
s>                ( - 7.718e+03 1 0)
s>                ( QUESTION11 1 2.645e+04 1.081e+03 1.220e+03
s>                    ( QUESTION1 -1 1.325e+04 9.315e+02 6.323e+02
s>                        ( - 3.645e+03 1 0)
s>                        ( - 8.670e+03 1 0))
s>                    ( - 1.212e+04 9 0 QUESTION0_7_R 1 5.420e+02 5.882e+02)))))INFO: dtree.c(1315): Comp split 0
INFO: dtree.c(1478): Final simple tree
|( QUESTION0_0_R 1 3.616e+04 1.993e+03 1.655e+03
|    ( - 7.718e+03 1 0)
|    ( QUESTION11 1 2.645e+04 1.081e+03 1.220e+03
|        ( QUESTION1 -1 1.325e+04 9.315e+02 6.323e+02
|            ( - 3.645e+03 1 0)
|            ( - 8.670e+03 1 0))
|        ( QUESTION0_7_R 1 1.212e+04 5.420e+02 5.882e+02
|            ( QUESTION8 1 9.573e+03 4.144e+02 4.840e+02
|                ( - 2.804e+03 2 0 WDBNDRY_E 0 2.223e+02 1.514e+02)
|                ( QUESTION1 -1 6.354e+03 3.553e+02 3.326e+02
|                    ( - 3.370e+03 2 0 QUESTION7 1 2.219e+02 1.799e+02)
|                    ( - 2.629e+03 2 0 QUESTION3 -1 1.794e+02 1.527e+02)))
|            ( QUESTION0_15_R 1 2.009e+03 2.677e+02 1.041e+02
|                ( - 6.833e+02 1 0)
|                ( - 1.058e+03 2 0 SILENCE 1 1.494e+02 6.222e+01)))))
s>    ( QUESTION0_0_R 1 3.616e+04 1.993e+03 1.655e+03
s>        ( - 7.718e+03 1 0)
s>        ( QUESTION11 1 2.645e+04 1.081e+03 1.220e+03
s>            ( QUESTION1 -1 1.325e+04 9.315e+02 6.323e+02
s>                ( - 3.645e+03 1 0)
s>                ( - 8.670e+03 1 0))
s>            ( QUESTION0_7_R 1 1.212e+04 5.420e+02 5.882e+02
s>                ( QUESTION8 1 9.573e+03 4.144e+02 4.840e+02
s>                    ( - 2.804e+03 2 0 WDBNDRY_E 0 2.223e+02 1.514e+02)
s>                    ( QUESTION1 -1 6.354e+03 3.553e+02 3.326e+02
s>                        ( - 3.370e+03 2 0 QUESTION7 1 2.219e+02 1.799e+02)
s>                        ( - 2.629e+03 2 0 QUESTION3 -1 1.794e+02 1.527e+02)))
s>                ( QUESTION0_15_R 1 2.009e+03 2.677e+02 1.041e+02
s>                    ( - 6.833e+02 1 0)
s>                    ( - 1.058e+03 2 0 SILENCE 1 1.494e+02 6.222e+01)))))INFO: dtree.c(1439): stop. leaf nodes are specific
INFO: dtree.c(1478): Final simple tree
|( QUESTION0_1_R 1 4.019e+04 3.272e+03 1.965e+03
|    ( QUESTION3 -1 1.357e+04 5.022e+02 7.498e+02
|        ( - 2.886e+03 1 0)
|        ( WDBNDRY_E 0 1.018e+04 3.491e+02 5.741e+02
|            ( - 7.113e+02 1 0)
|            ( QUESTION1 -1 9.124e+03 3.063e+02 5.281e+02
|                ( - 4.618e+03 2 0)
|                ( - 4.199e+03 1 0))))
|    ( QUESTION0_0_R 1 2.335e+04 1.311e+03 1.215e+03
|        ( QUESTION1 -1 1.554e+04 6.316e+02 8.379e+02
|            ( - 1.142e+04 2 0)
|            ( - 3.489e+03 1 0))
|        ( - 6.494e+03 1 0)))
s>    ( QUESTION0_1_R 1 4.019e+04 3.272e+03 1.965e+03
s>        ( QUESTION3 -1 1.357e+04 5.022e+02 7.498e+02
s>            ( - 2.886e+03 1 0)
s>            ( WDBNDRY_E 0 1.018e+04 3.491e+02 5.741e+02
s>                ( - 7.113e+02 1 0)
s>                ( QUESTION1 -1 9.124e+03 3.063e+02 5.281e+02
s>                    ( - 4.618e+03 2 0)
s>                    ( - 4.199e+03 1 0))))
s>        ( QUESTION0_0_R 1 2.335e+04 1.311e+03 1.215e+03
s>            ( QUESTION1 -1 1.554e+04 6.316e+02 8.379e+02
s>                ( - 1.142e+04 2 0)
s>                ( - 3.489e+03 1 0))
s>            ( - 6.494e+03 1 0)))INFO: dtree.c(1315): Comp split 1
INFO: dtree.c(1439): stop. leaf nodes are specific
INFO: dtree.c(1478): Final simple tree
|( QUESTION3 -1 1.357e+04 5.022e+02 7.498e+02
|    ( - 2.886e+03 1 0)
|    ( WDBNDRY_E 0 1.018e+04 3.491e+02 5.741e+02
|        ( - 7.113e+02 1 0)
|        ( QUESTION1 -1 9.124e+03 3.063e+02 5.281e+02
|            ( - 4.618e+03 2 0)
|            ( - 4.199e+03 1 0))))
s>    ( QUESTION3 -1 1.357e+04 5.022e+02 7.498e+02
s>        ( - 2.886e+03 1 0)
s>        ( WDBNDRY_E 0 1.018e+04 3.491e+02 5.741e+02
s>            ( - 7.113e+02 1 0)
s>            ( QUESTION1 -1 9.124e+03 3.063e+02 5.281e+02
s>                ( - 4.618e+03 2 0)
s>                ( - 4.199e+03 1 0))))INFO: dtree.c(1439): stop. leaf nodes are specific
INFO: dtree.c(1478): Final simple tree
|( QUESTION0_0_R 1 2.335e+04 1.311e+03 1.215e+03
|    ( QUESTION1 -1 1.554e+04 6.316e+02 8.379e+02
|        ( - 1.142e+04 2 0)
|        ( - 3.489e+03 1 0))
|    ( - 6.494e+03 1 0))
s>    ( QUESTION0_0_R 1 2.335e+04 1.311e+03 1.215e+03
s>        ( QUESTION1 -1 1.554e+04 6.316e+02 8.379e+02
s>            ( - 1.142e+04 2 0)
s>            ( - 3.489e+03 1 0))
s>        ( - 6.494e+03 1 0))INFO: dtree.c(1315): Comp split 2
INFO: dtree.c(1478): Final simple tree
|( QUESTION11 1 2.069e+04 1.014e+03 9.921e+02
|    ( - 8.670e+03 1 0)
|    ( QUESTION1 -1 1.101e+04 4.333e+02 5.462e+02
|        ( WDBNDRY_E 0 7.021e+03 3.908e+02 3.481e+02
|            ( QUESTION0_7_R 1 4.747e+03 3.197e+02 2.422e+02
|                ( QUESTION7 1 3.370e+03 2.219e+02 1.799e+02
|                    ( - 1.704e+03 1 0)
|                    ( - 1.444e+03 1 0))
|                ( - 1.058e+03 2 0 SILENCE 1 1.494e+02 6.222e+01))
|            ( - 1.883e+03 1 0))
|        ( QUESTION3 -1 3.554e+03 2.408e+02 1.982e+02
|            ( - 1.927e+03 1 0)
|            ( QUESTION8 1 1.387e+03 1.650e+02 8.399e+01
|                ( - 6.990e+02 1 0)
|                ( - 5.228e+02 1 0)))))
s>    ( QUESTION11 1 2.069e+04 1.014e+03 9.921e+02
s>        ( - 8.670e+03 1 0)
s>        ( QUESTION1 -1 1.101e+04 4.333e+02 5.462e+02
s>            ( WDBNDRY_E 0 7.021e+03 3.908e+02 3.481e+02
s>                ( QUESTION0_7_R 1 4.747e+03 3.197e+02 2.422e+02
s>                    ( QUESTION7 1 3.370e+03 2.219e+02 1.799e+02
s>                        ( - 1.704e+03 1 0)
s>                        ( - 1.444e+03 1 0))
s>                    ( - 1.058e+03 2 0 SILENCE 1 1.494e+02 6.222e+01))
s>                ( - 1.883e+03 1 0))
s>            ( QUESTION3 -1 3.554e+03 2.408e+02 1.982e+02
s>                ( - 1.927e+03 1 0)
s>                ( QUESTION8 1 1.387e+03 1.650e+02 8.399e+01
s>                    ( - 6.990e+02 1 0)
s>                    ( - 5.228e+02 1 0)))))INFO: dtree.c(1439): stop. leaf nodes are specific
INFO: dtree.c(1478): Final simple tree
|( QUESTION0_0_R 1 1.324e+04 8.467e+02 6.630e+02
|    ( - 7.718e+03 1 0)
|    ( WDBNDRY_E 0 4.679e+03 3.508e+02 2.284e+02
|        ( - 6.833e+02 1 0)
|        ( - 3.645e+03 1 0)))
s>    ( QUESTION0_0_R 1 1.324e+04 8.467e+02 6.630e+02
s>        ( - 7.718e+03 1 0)
s>        ( WDBNDRY_E 0 4.679e+03 3.508e+02 2.284e+02
s>            ( - 6.833e+02 1 0)
s>            ( - 3.645e+03 1 0)))INFO: dtree.c(1315): Comp split 3
INFO: dtree.c(1439): stop. leaf nodes are specific
INFO: dtree.c(1478): Final simple tree
|( QUESTION1 -1 1.554e+04 6.316e+02 8.379e+02
|    ( - 1.142e+04 2 0)
|    ( - 3.489e+03 1 0))
s>    ( QUESTION1 -1 1.554e+04 6.316e+02 8.379e+02
s>        ( - 1.142e+04 2 0)
s>        ( - 3.489e+03 1 0))INFO: dtree.c(1315): Comp split 4
INFO: dtree.c(1478): Final simple tree
|( QUESTION1 -1 1.101e+04 4.333e+02 5.462e+02
|    ( WDBNDRY_E 0 7.021e+03 3.908e+02 3.481e+02
|        ( QUESTION0_7_R 1 4.747e+03 3.197e+02 2.422e+02
|            ( QUESTION7 1 3.370e+03 2.219e+02 1.799e+02
|                ( - 1.704e+03 1 0)
|                ( - 1.444e+03 1 0))
|            ( SILENCE 1 1.058e+03 1.494e+02 6.222e+01
|                ( - 5.202e+02 1 0)
|                ( - 3.880e+02 1 0)))
|        ( - 1.883e+03 1 0))
|    ( QUESTION3 -1 3.554e+03 2.408e+02 1.982e+02
|        ( - 1.927e+03 1 0)
|        ( QUESTION8 1 1.387e+03 1.650e+02 8.399e+01
|            ( - 6.990e+02 1 0)
|            ( - 5.228e+02 1 0))))
s>    ( QUESTION1 -1 1.101e+04 4.333e+02 5.462e+02
s>        ( WDBNDRY_E 0 7.021e+03 3.908e+02 3.481e+02
s>            ( QUESTION0_7_R 1 4.747e+03 3.197e+02 2.422e+02
s>                ( QUESTION7 1 3.370e+03 2.219e+02 1.799e+02
s>                    ( - 1.704e+03 1 0)
s>                    ( - 1.444e+03 1 0))
s>                ( SILENCE 1 1.058e+03 1.494e+02 6.222e+01
s>                    ( - 5.202e+02 1 0)
s>                    ( - 3.880e+02 1 0)))
s>            ( - 1.883e+03 1 0))
s>        ( QUESTION3 -1 3.554e+03 2.408e+02 1.982e+02
s>            ( - 1.927e+03 1 0)
s>            ( QUESTION8 1 1.387e+03 1.650e+02 8.399e+01
s>                ( - 6.990e+02 1 0)
s>                ( - 5.228e+02 1 0))))INFO: dtree.c(1315): Comp split 5
INFO: dtree.c(1439): stop. leaf nodes are specific
INFO: dtree.c(1478): Final simple tree
|( WDBNDRY_E 0 4.679e+03 3.508e+02 2.284e+02
|    ( - 6.833e+02 1 0)
|    ( - 3.645e+03 1 0))
s>    ( WDBNDRY_E 0 4.679e+03 3.508e+02 2.284e+02
s>        ( - 6.833e+02 1 0)
s>        ( - 3.645e+03 1 0))INFO: dtree.c(1315): Comp split 6
INFO: dtree.c(1315): Comp split 7
INFO: dtree.c(1439): stop. leaf nodes are specific
INFO: dtree.c(1478): Final simple tree
|( QUESTION1 -1 9.124e+03 3.063e+02 5.281e+02
|    ( - 4.618e+03 2 0)
|    ( - 4.199e+03 1 0))
s>    ( QUESTION1 -1 9.124e+03 3.063e+02 5.281e+02
s>        ( - 4.618e+03 2 0)
s>        ( - 4.199e+03 1 0))INFO: dtree.c(1439): stop. leaf nodes are specific
INFO: dtree.c(1478): Final simple tree
|( WDBNDRY_E 0 3.930e+03 3.321e+02 2.217e+02
|    ( - 7.113e+02 1 0)
|    ( - 2.886e+03 1 0))
s>    ( WDBNDRY_E 0 3.930e+03 3.321e+02 2.217e+02
s>        ( - 7.113e+02 1 0)
s>        ( - 2.886e+03 1 0))INFO: dtree.c(1315): Comp split 8
INFO: dtree.c(1439): stop. leaf nodes are specific
INFO: dtree.c(1478): Final simple tree
|( WDBNDRY_E 0 4.496e+03 2.996e+02 2.337e+02
|    ( QUESTION1 -1 2.314e+03 1.701e+02 1.278e+02
|        ( - 1.444e+03 1 0)
|        ( - 6.990e+02 1 0))
|    ( - 1.883e+03 1 0))
s>    ( WDBNDRY_E 0 4.496e+03 2.996e+02 2.337e+02
s>        ( QUESTION1 -1 2.314e+03 1.701e+02 1.278e+02
s>            ( - 1.444e+03 1 0)
s>            ( - 6.990e+02 1 0))
s>        ( - 1.883e+03 1 0))INFO: dtree.c(1439): stop. leaf nodes are specific
INFO: dtree.c(1478): Final simple tree
|( QUESTION1 -1 6.032e+03 3.700e+02 3.126e+02
|    ( QUESTION0_7_R 1 3.034e+03 2.724e+02 1.599e+02
|        ( - 1.704e+03 1 0)
|        ( SILENCE 1 1.058e+03 1.494e+02 6.222e+01
|            ( - 5.202e+02 1 0)
|            ( - 3.880e+02 1 0)))
|    ( QUESTION3 -1 2.629e+03 1.794e+02 1.527e+02
|        ( - 1.927e+03 1 0)
|        ( - 5.228e+02 1 0)))
s>    ( QUESTION1 -1 6.032e+03 3.700e+02 3.126e+02
s>        ( QUESTION0_7_R 1 3.034e+03 2.724e+02 1.599e+02
s>            ( - 1.704e+03 1 0)
s>            ( SILENCE 1 1.058e+03 1.494e+02 6.222e+01
s>                ( - 5.202e+02 1 0)
s>                ( - 3.880e+02 1 0)))
s>        ( QUESTION3 -1 2.629e+03 1.794e+02 1.527e+02
s>            ( - 1.927e+03 1 0)
s>            ( - 5.228e+02 1 0)))INFO: dtree.c(1315): Comp split 9
INFO: dtree.c(1439): stop. leaf nodes are specific
INFO: dtree.c(1478): Final simple tree
|( QUESTION0_7_R 1 3.034e+03 2.724e+02 1.599e+02
|    ( - 1.704e+03 1 0)
|    ( SILENCE 1 1.058e+03 1.494e+02 6.222e+01
|        ( - 5.202e+02 1 0)
|        ( - 3.880e+02 1 0)))
s>    ( QUESTION0_7_R 1 3.034e+03 2.724e+02 1.599e+02
s>        ( - 1.704e+03 1 0)
s>        ( SILENCE 1 1.058e+03 1.494e+02 6.222e+01
s>            ( - 5.202e+02 1 0)
s>            ( - 3.880e+02 1 0)))INFO: dtree.c(1439): stop. leaf nodes are specific
INFO: dtree.c(1478): Final simple tree
|( QUESTION3 -1 2.629e+03 1.794e+02 1.527e+02
|    ( - 1.927e+03 1 0)
|    ( - 5.228e+02 1 0))
s>    ( QUESTION3 -1 2.629e+03 1.794e+02 1.527e+02
s>        ( - 1.927e+03 1 0)
s>        ( - 5.228e+02 1 0))INFO: dtree.c(1315): Comp split 10
INFO: dtree.c(1315): Comp split 11
INFO: dtree.c(1315): Comp split 12
INFO: dtree.c(1315): Comp split 13
INFO: dtree.c(1439): stop. leaf nodes are specific
INFO: dtree.c(1478): Final simple tree
|( QUESTION1 -1 2.314e+03 1.701e+02 1.278e+02
|    ( - 1.444e+03 1 0)
|    ( - 6.990e+02 1 0))
s>    ( QUESTION1 -1 2.314e+03 1.701e+02 1.278e+02
s>        ( - 1.444e+03 1 0)
s>        ( - 6.990e+02 1 0))INFO: dtree.c(1315): Comp split 14
INFO: dtree.c(1439): stop. leaf nodes are specific
INFO: dtree.c(1478): Final simple tree
|( SILENCE 1 1.058e+03 1.494e+02 6.222e+01
|    ( - 5.202e+02 1 0)
|    ( - 3.880e+02 1 0))
s>    ( SILENCE 1 1.058e+03 1.494e+02 6.222e+01
s>        ( - 5.202e+02 1 0)
s>        ( - 3.880e+02 1 0))INFO: dtree.c(1315): Comp split 15
INFO: dtree.c(1315): Comp split 16
INFO: dtree.c(1315): Comp split 17
INFO: dtree.c(1315): Comp split 18
INFO: dtree.c(1318): stop. leaf nodes are specific
Fri Dec  3 07:39:14 2021
