Current configuration:
[NAME]		[DEFLT]	[VALUE]
-allphones	no	no
-cntthresh	0.00001	1.000000e-05
-csplitmax	100	2000
-csplitmin	1	1
-csplitthr	8e-4	0.000000e+00
-example	no	no
-fullvar	no	no
-help		no	no
-meanfn			
-mixwfn			/home/azhar/Tubes_Speech/commandreminder/model_parameters/commandreminder.cd_ptm_untied/mixture_weights
-moddeffn		/home/azhar/Tubes_Speech/commandreminder/model_architecture/commandreminder.untied.mdef
-mwfloor	1e-4	1.000000e-08
-phone			B
-psetfn			/home/azhar/Tubes_Speech/commandreminder/model_architecture/commandreminder.tree_questions
-ssplitmax	5	7
-ssplitmin	1	1
-ssplitthr	8e-4	0.000000e+00
-state			0
-stwt			1.0,0.05,0.0,
-treefn			/home/azhar/Tubes_Speech/commandreminder/trees/commandreminder.unpruned/B-0.dtree
-ts2cbfn	.semi.	.semi.
-varfloor	0.00001	1.000000e-05
-varfn			

INFO: main.c(223): Reading: /home/azhar/Tubes_Speech/commandreminder/model_architecture/commandreminder.untied.mdef
INFO: model_def_io.c(573): Model definition info:
INFO: model_def_io.c(574): 1061 total models defined (31 base, 1030 tri)
INFO: model_def_io.c(575): 4244 total states
INFO: model_def_io.c(576): 3183 total tied states
INFO: model_def_io.c(577): 93 total tied CI states
INFO: model_def_io.c(578): 31 total tied transition matrices
INFO: model_def_io.c(579): 4 max state/model
INFO: model_def_io.c(580): 4 min state/model
INFO: main.c(242): Building trees for [B A E b] through [B U U i]
INFO: main.c(269): Covering states |[603 701]| == 99
INFO: main.c(275): Reading: /home/azhar/Tubes_Speech/commandreminder/model_parameters/commandreminder.cd_ptm_untied/mixture_weights
INFO: s3mixw_io.c(173): Read /home/azhar/Tubes_Speech/commandreminder/model_parameters/commandreminder.cd_ptm_untied/mixture_weights [99x4x64 array]
INFO: main.c(311): 33 of 33 models have observation count greater than 0.000010
INFO: main.c(95): nrm stwt: 0.952 0.048 0.000 
INFO: main.c(411): 33-class entropy: 5.915624e+04
INFO: main.c(549): Reading: /home/azhar/Tubes_Speech/commandreminder/model_architecture/commandreminder.tree_questions
INFO: main.c(588): 174 total simple questions (166 phone; 8 word bndry)
INFO: main.c(590): 40 Left Only questions, and 42 Right Only questions
INFO: dtree.c(1478): Final simple tree
|( QUESTION1 -1 7.540e+04 4.786e+03 3.464e+03
|    ( QUESTION0_7_R 1 3.739e+04 8.100e+02 1.904e+03
|        ( - 2.447e+03 2 0 WDBNDRY_E 0 1.558e+02 1.581e+02)
|        ( QUESTION4 1 3.413e+04 5.878e+02 1.745e+03
|            ( - 1.331e+04 3 0 WDBNDRY_B 0 5.411e+02 7.266e+02)
|            ( - 2.023e+04 7 0 QUESTION0_3_R 1 4.810e+02 1.019e+03)))
|    ( QUESTION19 -1 3.323e+04 1.924e+03 1.561e+03
|        ( QUESTION0_1_R 1 1.588e+04 7.193e+02 8.004e+02
|            ( - 4.713e+03 3 0 WDBNDRY_B 0 2.709e+02 2.583e+02)
|            ( - 1.045e+04 5 0 WDBNDRY_B 0 4.279e+02 5.420e+02))
|        ( QUESTION3 -1 1.542e+04 9.646e+02 7.605e+02
|            ( - 8.934e+03 4 0 QUESTION0_1_R 1 2.635e+02 5.002e+02)
|            ( QUESTION2_0_L -1 5.523e+03 5.433e+02 2.604e+02
|                ( - 3.270e+03 5 0 QUESTION3 1 2.588e+02 1.631e+02)
|                ( - 1.710e+03 4 0 QUESTION0_1_R 1 1.420e+02 9.723e+01)))))
s>    ( QUESTION1 -1 7.540e+04 4.786e+03 3.464e+03
s>        ( QUESTION0_7_R 1 3.739e+04 8.100e+02 1.904e+03
s>            ( - 2.447e+03 2 0 WDBNDRY_E 0 1.558e+02 1.581e+02)
s>            ( QUESTION4 1 3.413e+04 5.878e+02 1.745e+03
s>                ( - 1.331e+04 3 0 WDBNDRY_B 0 5.411e+02 7.266e+02)
s>                ( - 2.023e+04 7 0 QUESTION0_3_R 1 4.810e+02 1.019e+03)))
s>        ( QUESTION19 -1 3.323e+04 1.924e+03 1.561e+03
s>            ( QUESTION0_1_R 1 1.588e+04 7.193e+02 8.004e+02
s>                ( - 4.713e+03 3 0 WDBNDRY_B 0 2.709e+02 2.583e+02)
s>                ( - 1.045e+04 5 0 WDBNDRY_B 0 4.279e+02 5.420e+02))
s>            ( QUESTION3 -1 1.542e+04 9.646e+02 7.605e+02
s>                ( - 8.934e+03 4 0 QUESTION0_1_R 1 2.635e+02 5.002e+02)
s>                ( QUESTION2_0_L -1 5.523e+03 5.433e+02 2.604e+02
s>                    ( - 3.270e+03 5 0 QUESTION3 1 2.588e+02 1.631e+02)
s>                    ( - 1.710e+03 4 0 QUESTION0_1_R 1 1.420e+02 9.723e+01)))))INFO: dtree.c(1315): Comp split 0
INFO: dtree.c(1478): Final simple tree
|( QUESTION0_7_R 1 4.121e+04 8.151e+02 2.067e+03
|    ( - 2.447e+03 2 0 WDBNDRY_E 0 1.558e+02 1.581e+02)
|    ( QUESTION2_2_L -1 3.794e+04 5.817e+02 1.909e+03
|        ( QUESTION4 1 3.004e+04 5.844e+02 1.551e+03
|            ( WDBNDRY_B 0 1.331e+04 5.411e+02 7.266e+02
|                ( - 9.442e+03 1 0)
|                ( - 3.327e+03 2 0 QUESTION0_1_R 1 2.245e+02 1.825e+02))
|            ( QUESTION0_4_R 1 1.614e+04 4.666e+02 8.247e+02
|                ( - 2.170e+03 1 0)
|                ( QUESTION0_1_R 1 1.351e+04 3.721e+02 6.991e+02
|                    ( - 2.453e+03 1 0)
|                    ( - 1.068e+04 3 0 WDBNDRY_B 0 1.779e+02 5.580e+02))))
|        ( QUESTION4 1 7.323e+03 3.609e+02 3.573e+02
|            ( - 1.717e+03 3 0 WDBNDRY_B 0 1.704e+02 9.068e+01)
|            ( - 5.245e+03 4 0 WDBNDRY_B 0 2.877e+02 2.666e+02))))
s>    ( QUESTION0_7_R 1 4.121e+04 8.151e+02 2.067e+03
s>        ( - 2.447e+03 2 0 WDBNDRY_E 0 1.558e+02 1.581e+02)
s>        ( QUESTION2_2_L -1 3.794e+04 5.817e+02 1.909e+03
s>            ( QUESTION4 1 3.004e+04 5.844e+02 1.551e+03
s>                ( WDBNDRY_B 0 1.331e+04 5.411e+02 7.266e+02
s>                    ( - 9.442e+03 1 0)
s>                    ( - 3.327e+03 2 0 QUESTION0_1_R 1 2.245e+02 1.825e+02))
s>                ( QUESTION0_4_R 1 1.614e+04 4.666e+02 8.247e+02
s>                    ( - 2.170e+03 1 0)
s>                    ( QUESTION0_1_R 1 1.351e+04 3.721e+02 6.991e+02
s>                        ( - 2.453e+03 1 0)
s>                        ( - 1.068e+04 3 0 WDBNDRY_B 0 1.779e+02 5.580e+02))))
s>            ( QUESTION4 1 7.323e+03 3.609e+02 3.573e+02
s>                ( - 1.717e+03 3 0 WDBNDRY_B 0 1.704e+02 9.068e+01)
s>                ( - 5.245e+03 4 0 WDBNDRY_B 0 2.877e+02 2.666e+02))))INFO: dtree.c(1478): Final simple tree
|( QUESTION0 -1 2.927e+04 1.938e+03 1.398e+03
|    ( QUESTION0_1_R 1 8.934e+03 2.635e+02 5.002e+02
|        ( WDBNDRY_B 0 6.606e+03 2.098e+02 3.747e+02
|            ( - 3.609e+03 1 0)
|            ( - 2.787e+03 1 0))
|        ( - 2.065e+03 2 0 QUESTION0_3_R 1 9.636e+01 1.254e+02))
|    ( QUESTION19 -1 1.840e+04 8.096e+02 8.976e+02
|        ( QUESTION0_1_R 1 1.588e+04 7.193e+02 8.004e+02
|            ( WDBNDRY_B 0 4.713e+03 2.709e+02 2.583e+02
|                ( - 7.296e+02 2 0 QUESTION2_0_L -1 9.954e+01 4.280e+01)
|                ( - 3.712e+03 1 0))
|            ( WDBNDRY_B 0 1.045e+04 4.279e+02 5.420e+02
|                ( - 6.884e+03 3 0 QUESTION0_3_R 1 2.079e+02 3.608e+02)
|                ( - 3.137e+03 2 0 QUESTION0_3_R 1 1.180e+02 1.812e+02)))
|        ( - 1.710e+03 4 0 QUESTION0_1_R 1 1.420e+02 9.723e+01)))
s>    ( QUESTION0 -1 2.927e+04 1.938e+03 1.398e+03
s>        ( QUESTION0_1_R 1 8.934e+03 2.635e+02 5.002e+02
s>            ( WDBNDRY_B 0 6.606e+03 2.098e+02 3.747e+02
s>                ( - 3.609e+03 1 0)
s>                ( - 2.787e+03 1 0))
s>            ( - 2.065e+03 2 0 QUESTION0_3_R 1 9.636e+01 1.254e+02))
s>        ( QUESTION19 -1 1.840e+04 8.096e+02 8.976e+02
s>            ( QUESTION0_1_R 1 1.588e+04 7.193e+02 8.004e+02
s>                ( WDBNDRY_B 0 4.713e+03 2.709e+02 2.583e+02
s>                    ( - 7.296e+02 2 0 QUESTION2_0_L -1 9.954e+01 4.280e+01)
s>                    ( - 3.712e+03 1 0))
s>                ( WDBNDRY_B 0 1.045e+04 4.279e+02 5.420e+02
s>                    ( - 6.884e+03 3 0 QUESTION0_3_R 1 2.079e+02 3.608e+02)
s>                    ( - 3.137e+03 2 0 QUESTION0_3_R 1 1.180e+02 1.812e+02)))
s>            ( - 1.710e+03 4 0 QUESTION0_1_R 1 1.420e+02 9.723e+01)))INFO: dtree.c(1315): Comp split 1
INFO: dtree.c(1478): Final simple tree
|( QUESTION19 -1 1.840e+04 8.096e+02 8.976e+02
|    ( QUESTION0_1_R 1 1.588e+04 7.193e+02 8.004e+02
|        ( WDBNDRY_B 0 4.713e+03 2.709e+02 2.583e+02
|            ( - 7.296e+02 2 0 QUESTION2_0_L -1 9.954e+01 4.280e+01)
|            ( - 3.712e+03 1 0))
|        ( WDBNDRY_B 0 1.045e+04 4.279e+02 5.420e+02
|            ( QUESTION0_3_R 1 6.884e+03 2.079e+02 3.608e+02
|                ( - 5.720e+03 2 0)
|                ( - 9.560e+02 1 0))
|            ( QUESTION0_3_R 1 3.137e+03 1.180e+02 1.812e+02
|                ( - 2.606e+03 1 0)
|                ( - 4.129e+02 1 0))))
|    ( QUESTION0_1_R 1 1.710e+03 1.420e+02 9.723e+01
|        ( - 1.050e+03 2 0 QUESTION6 -1 9.609e+01 6.356e+01)
|        ( - 5.186e+02 2 0)))
s>    ( QUESTION19 -1 1.840e+04 8.096e+02 8.976e+02
s>        ( QUESTION0_1_R 1 1.588e+04 7.193e+02 8.004e+02
s>            ( WDBNDRY_B 0 4.713e+03 2.709e+02 2.583e+02
s>                ( - 7.296e+02 2 0 QUESTION2_0_L -1 9.954e+01 4.280e+01)
s>                ( - 3.712e+03 1 0))
s>            ( WDBNDRY_B 0 1.045e+04 4.279e+02 5.420e+02
s>                ( QUESTION0_3_R 1 6.884e+03 2.079e+02 3.608e+02
s>                    ( - 5.720e+03 2 0)
s>                    ( - 9.560e+02 1 0))
s>                ( QUESTION0_3_R 1 3.137e+03 1.180e+02 1.812e+02
s>                    ( - 2.606e+03 1 0)
s>                    ( - 4.129e+02 1 0))))
s>        ( QUESTION0_1_R 1 1.710e+03 1.420e+02 9.723e+01
s>            ( - 1.050e+03 2 0 QUESTION6 -1 9.609e+01 6.356e+01)
s>            ( - 5.186e+02 2 0)))INFO: dtree.c(1439): stop. leaf nodes are specific
INFO: dtree.c(1478): Final simple tree
|( QUESTION0_1_R 1 8.934e+03 2.635e+02 5.002e+02
|    ( WDBNDRY_B 0 6.606e+03 2.098e+02 3.747e+02
|        ( - 3.609e+03 1 0)
|        ( - 2.787e+03 1 0))
|    ( QUESTION0_3_R 1 2.065e+03 9.636e+01 1.254e+02
|        ( - 1.610e+03 1 0)
|        ( - 3.587e+02 1 0)))
s>    ( QUESTION0_1_R 1 8.934e+03 2.635e+02 5.002e+02
s>        ( WDBNDRY_B 0 6.606e+03 2.098e+02 3.747e+02
s>            ( - 3.609e+03 1 0)
s>            ( - 2.787e+03 1 0))
s>        ( QUESTION0_3_R 1 2.065e+03 9.636e+01 1.254e+02
s>            ( - 1.610e+03 1 0)
s>            ( - 3.587e+02 1 0)))INFO: dtree.c(1315): Comp split 2
INFO: dtree.c(1478): Final simple tree
|( QUESTION4 1 2.931e+04 6.806e+02 1.510e+03
|    ( - 9.442e+03 1 0)
|    ( QUESTION2_6_L -1 1.919e+04 4.846e+02 9.657e+02
|        ( WDBNDRY_B 0 4.414e+03 2.525e+02 2.293e+02
|            ( QUESTION0 -1 1.294e+03 1.639e+02 7.247e+01
|                ( - 5.178e+02 1 0)
|                ( - 6.120e+02 1 0))
|            ( - 2.868e+03 1 0))
|        ( QUESTION0_1_R 1 1.429e+04 3.718e+02 7.364e+02
|            ( - 2.453e+03 1 0)
|            ( WDBNDRY_B 0 1.146e+04 1.789e+02 5.953e+02
|                ( QUESTION2_0_L -1 1.045e+04 1.666e+02 5.427e+02
|                    ( - 9.669e+03 2 0)
|                    ( - 6.129e+02 1 0))
|                ( - 8.363e+02 1 0)))))
s>    ( QUESTION4 1 2.931e+04 6.806e+02 1.510e+03
s>        ( - 9.442e+03 1 0)
s>        ( QUESTION2_6_L -1 1.919e+04 4.846e+02 9.657e+02
s>            ( WDBNDRY_B 0 4.414e+03 2.525e+02 2.293e+02
s>                ( QUESTION0 -1 1.294e+03 1.639e+02 7.247e+01
s>                    ( - 5.178e+02 1 0)
s>                    ( - 6.120e+02 1 0))
s>                ( - 2.868e+03 1 0))
s>            ( QUESTION0_1_R 1 1.429e+04 3.718e+02 7.364e+02
s>                ( - 2.453e+03 1 0)
s>                ( WDBNDRY_B 0 1.146e+04 1.789e+02 5.953e+02
s>                    ( QUESTION2_0_L -1 1.045e+04 1.666e+02 5.427e+02
s>                        ( - 9.669e+03 2 0)
s>                        ( - 6.129e+02 1 0))
s>                    ( - 8.363e+02 1 0)))))INFO: dtree.c(1478): Final simple tree
|( QUESTION0_0_R 1 1.098e+04 6.940e+02 5.569e+02
|    ( QUESTION0_1_R 1 7.839e+03 3.419e+02 3.989e+02
|        ( QUESTION1 -1 3.479e+03 2.748e+02 1.823e+02
|            ( - 1.487e+03 1 0)
|            ( WDBNDRY_B 0 1.717e+03 1.704e+02 9.068e+01
|                ( QUESTION2_1_L -1 1.297e+03 1.538e+02 7.124e+01
|                    ( - 5.119e+02 1 0)
|                    ( - 6.310e+02 1 0))
|                ( - 2.502e+02 1 0)))
|        ( WDBNDRY_B 0 4.018e+03 2.324e+02 2.165e+02
|            ( - 2.170e+03 1 0)
|            ( - 1.616e+03 1 0)))
|    ( WDBNDRY_E 0 2.447e+03 1.558e+02 1.581e+02
|        ( - 3.548e+02 1 0)
|        ( - 1.937e+03 1 0)))
s>    ( QUESTION0_0_R 1 1.098e+04 6.940e+02 5.569e+02
s>        ( QUESTION0_1_R 1 7.839e+03 3.419e+02 3.989e+02
s>            ( QUESTION1 -1 3.479e+03 2.748e+02 1.823e+02
s>                ( - 1.487e+03 1 0)
s>                ( WDBNDRY_B 0 1.717e+03 1.704e+02 9.068e+01
s>                    ( QUESTION2_1_L -1 1.297e+03 1.538e+02 7.124e+01
s>                        ( - 5.119e+02 1 0)
s>                        ( - 6.310e+02 1 0))
s>                    ( - 2.502e+02 1 0)))
s>            ( WDBNDRY_B 0 4.018e+03 2.324e+02 2.165e+02
s>                ( - 2.170e+03 1 0)
s>                ( - 1.616e+03 1 0)))
s>        ( WDBNDRY_E 0 2.447e+03 1.558e+02 1.581e+02
s>            ( - 3.548e+02 1 0)
s>            ( - 1.937e+03 1 0)))INFO: dtree.c(1315): Comp split 3
INFO: dtree.c(1439): stop. leaf nodes are specific
INFO: dtree.c(1478): Final simple tree
|( WDBNDRY_B 0 1.045e+04 4.279e+02 5.420e+02
|    ( QUESTION0_3_R 1 6.884e+03 2.079e+02 3.608e+02
|        ( - 5.720e+03 2 0)
|        ( - 9.560e+02 1 0))
|    ( QUESTION0_3_R 1 3.137e+03 1.180e+02 1.812e+02
|        ( - 2.606e+03 1 0)
|        ( - 4.129e+02 1 0)))
s>    ( WDBNDRY_B 0 1.045e+04 4.279e+02 5.420e+02
s>        ( QUESTION0_3_R 1 6.884e+03 2.079e+02 3.608e+02
s>            ( - 5.720e+03 2 0)
s>            ( - 9.560e+02 1 0))
s>        ( QUESTION0_3_R 1 3.137e+03 1.180e+02 1.812e+02
s>            ( - 2.606e+03 1 0)
s>            ( - 4.129e+02 1 0)))INFO: dtree.c(1439): stop. leaf nodes are specific
INFO: dtree.c(1478): Final simple tree
|( QUESTION19 -1 7.090e+03 6.671e+02 3.556e+02
|    ( WDBNDRY_B 0 4.713e+03 2.709e+02 2.583e+02
|        ( QUESTION2_0_L -1 7.296e+02 9.954e+01 4.280e+01
|            ( - 3.283e+02 1 0)
|            ( - 3.018e+02 1 0))
|        ( - 3.712e+03 1 0))
|    ( QUESTION0_1_R 1 1.710e+03 1.420e+02 9.723e+01
|        ( QUESTION6 -1 1.050e+03 9.609e+01 6.356e+01
|            ( - 2.027e+02 1 0)
|            ( - 7.509e+02 1 0))
|        ( - 5.186e+02 2 0)))
s>    ( QUESTION19 -1 7.090e+03 6.671e+02 3.556e+02
s>        ( WDBNDRY_B 0 4.713e+03 2.709e+02 2.583e+02
s>            ( QUESTION2_0_L -1 7.296e+02 9.954e+01 4.280e+01
s>                ( - 3.283e+02 1 0)
s>                ( - 3.018e+02 1 0))
s>            ( - 3.712e+03 1 0))
s>        ( QUESTION0_1_R 1 1.710e+03 1.420e+02 9.723e+01
s>            ( QUESTION6 -1 1.050e+03 9.609e+01 6.356e+01
s>                ( - 2.027e+02 1 0)
s>                ( - 7.509e+02 1 0))
s>            ( - 5.186e+02 2 0)))INFO: dtree.c(1315): Comp split 4
INFO: dtree.c(1439): stop. leaf nodes are specific
INFO: dtree.c(1478): Final simple tree
|( QUESTION0_1_R 1 1.589e+04 3.925e+02 8.089e+02
|    ( QUESTION1 -1 4.034e+03 2.869e+02 2.136e+02
|        ( - 2.453e+03 1 0)
|        ( QUESTION0 -1 1.294e+03 1.639e+02 7.247e+01
|            ( - 5.178e+02 1 0)
|            ( - 6.120e+02 1 0)))
|    ( WDBNDRY_B 0 1.146e+04 1.789e+02 5.953e+02
|        ( QUESTION2_0_L -1 1.045e+04 1.666e+02 5.427e+02
|            ( - 9.669e+03 2 0)
|            ( - 6.129e+02 1 0))
|        ( - 8.363e+02 1 0)))
s>    ( QUESTION0_1_R 1 1.589e+04 3.925e+02 8.089e+02
s>        ( QUESTION1 -1 4.034e+03 2.869e+02 2.136e+02
s>            ( - 2.453e+03 1 0)
s>            ( QUESTION0 -1 1.294e+03 1.639e+02 7.247e+01
s>                ( - 5.178e+02 1 0)
s>                ( - 6.120e+02 1 0)))
s>        ( WDBNDRY_B 0 1.146e+04 1.789e+02 5.953e+02
s>            ( QUESTION2_0_L -1 1.045e+04 1.666e+02 5.427e+02
s>                ( - 9.669e+03 2 0)
s>                ( - 6.129e+02 1 0))
s>            ( - 8.363e+02 1 0)))INFO: dtree.c(1439): stop. leaf nodes are specific
INFO: dtree.c(1478): Final simple tree
|( WDBNDRY_B 0 1.272e+04 4.101e+02 7.009e+02
|    ( - 9.442e+03 1 0)
|    ( - 2.868e+03 1 0))
s>    ( WDBNDRY_B 0 1.272e+04 4.101e+02 7.009e+02
s>        ( - 9.442e+03 1 0)
s>        ( - 2.868e+03 1 0))INFO: dtree.c(1315): Comp split 5
INFO: dtree.c(1439): stop. leaf nodes are specific
INFO: dtree.c(1478): Final simple tree
|( QUESTION0_2_R 1 8.345e+03 3.519e+02 4.239e+02
|    ( WDBNDRY_B 0 4.018e+03 2.324e+02 2.165e+02
|        ( - 2.170e+03 1 0)
|        ( - 1.616e+03 1 0))
|    ( QUESTION1 -1 3.975e+03 3.015e+02 2.074e+02
|        ( WDBNDRY_E 0 1.956e+03 1.139e+02 1.167e+02
|            ( - 3.548e+02 1 0)
|            ( - 1.487e+03 1 0))
|        ( WDBNDRY_B 0 1.717e+03 1.704e+02 9.068e+01
|            ( QUESTION2_1_L -1 1.297e+03 1.538e+02 7.124e+01
|                ( - 5.119e+02 1 0)
|                ( - 6.310e+02 1 0))
|            ( - 2.502e+02 1 0))))
s>    ( QUESTION0_2_R 1 8.345e+03 3.519e+02 4.239e+02
s>        ( WDBNDRY_B 0 4.018e+03 2.324e+02 2.165e+02
s>            ( - 2.170e+03 1 0)
s>            ( - 1.616e+03 1 0))
s>        ( QUESTION1 -1 3.975e+03 3.015e+02 2.074e+02
s>            ( WDBNDRY_E 0 1.956e+03 1.139e+02 1.167e+02
s>                ( - 3.548e+02 1 0)
s>                ( - 1.487e+03 1 0))
s>            ( WDBNDRY_B 0 1.717e+03 1.704e+02 9.068e+01
s>                ( QUESTION2_1_L -1 1.297e+03 1.538e+02 7.124e+01
s>                    ( - 5.119e+02 1 0)
s>                    ( - 6.310e+02 1 0))
s>                ( - 2.502e+02 1 0))))INFO: dtree.c(1315): Comp split 6
INFO: dtree.c(1439): stop. leaf nodes are specific
INFO: dtree.c(1478): Final simple tree
|( QUESTION0_1_R 1 1.710e+03 1.420e+02 9.723e+01
|    ( QUESTION6 -1 1.050e+03 9.609e+01 6.356e+01
|        ( - 2.027e+02 1 0)
|        ( - 7.509e+02 1 0))
|    ( - 5.186e+02 2 0))
s>    ( QUESTION0_1_R 1 1.710e+03 1.420e+02 9.723e+01
s>        ( QUESTION6 -1 1.050e+03 9.609e+01 6.356e+01
s>            ( - 2.027e+02 1 0)
s>            ( - 7.509e+02 1 0))
s>        ( - 5.186e+02 2 0))INFO: dtree.c(1439): stop. leaf nodes are specific
INFO: dtree.c(1478): Final simple tree
|( WDBNDRY_B 0 4.713e+03 2.709e+02 2.583e+02
|    ( QUESTION2_0_L -1 7.296e+02 9.954e+01 4.280e+01
|        ( - 3.283e+02 1 0)
|        ( - 3.018e+02 1 0))
|    ( - 3.712e+03 1 0))
s>    ( WDBNDRY_B 0 4.713e+03 2.709e+02 2.583e+02
s>        ( QUESTION2_0_L -1 7.296e+02 9.954e+01 4.280e+01
s>            ( - 3.283e+02 1 0)
s>            ( - 3.018e+02 1 0))
s>        ( - 3.712e+03 1 0))INFO: dtree.c(1315): Comp split 7
INFO: dtree.c(1439): stop. leaf nodes are specific
INFO: dtree.c(1478): Final simple tree
|( WDBNDRY_B 0 4.299e+03 2.066e+02 2.381e+02
|    ( - 9.560e+02 1 0)
|    ( QUESTION0_3_R 1 3.137e+03 1.180e+02 1.812e+02
|        ( - 2.606e+03 1 0)
|        ( - 4.129e+02 1 0)))
s>    ( WDBNDRY_B 0 4.299e+03 2.066e+02 2.381e+02
s>        ( - 9.560e+02 1 0)
s>        ( QUESTION0_3_R 1 3.137e+03 1.180e+02 1.812e+02
s>            ( - 2.606e+03 1 0)
s>            ( - 4.129e+02 1 0)))INFO: dtree.c(1315): Comp split 8
INFO: dtree.c(1439): stop. leaf nodes are specific
INFO: dtree.c(1478): Final simple tree
|( QUESTION0_1_R 1 1.222e+04 2.394e+02 6.288e+02
|    ( - 5.178e+02 1 0)
|    ( WDBNDRY_B 0 1.146e+04 1.789e+02 5.953e+02
|        ( QUESTION2_0_L -1 1.045e+04 1.666e+02 5.427e+02
|            ( - 9.669e+03 2 0)
|            ( - 6.129e+02 1 0))
|        ( - 8.363e+02 1 0)))
s>    ( QUESTION0_1_R 1 1.222e+04 2.394e+02 6.288e+02
s>        ( - 5.178e+02 1 0)
s>        ( WDBNDRY_B 0 1.146e+04 1.789e+02 5.953e+02
s>            ( QUESTION2_0_L -1 1.045e+04 1.666e+02 5.427e+02
s>                ( - 9.669e+03 2 0)
s>                ( - 6.129e+02 1 0))
s>            ( - 8.363e+02 1 0)))INFO: dtree.c(1439): stop. leaf nodes are specific
INFO: dtree.c(1478): Final simple tree
|( QUESTION0 -1 3.254e+03 1.889e+02 1.801e+02
|    ( - 2.453e+03 1 0)
|    ( - 6.120e+02 1 0))
s>    ( QUESTION0 -1 3.254e+03 1.889e+02 1.801e+02
s>        ( - 2.453e+03 1 0)
s>        ( - 6.120e+02 1 0))INFO: dtree.c(1315): Comp split 9
INFO: dtree.c(1315): Comp split 10
INFO: dtree.c(1439): stop. leaf nodes are specific
INFO: dtree.c(1478): Final simple tree
|( QUESTION1 -1 3.975e+03 3.015e+02 2.074e+02
|    ( WDBNDRY_E 0 1.956e+03 1.139e+02 1.167e+02
|        ( - 3.548e+02 1 0)
|        ( - 1.487e+03 1 0))
|    ( WDBNDRY_B 0 1.717e+03 1.704e+02 9.068e+01
|        ( QUESTION2_1_L -1 1.297e+03 1.538e+02 7.124e+01
|            ( - 5.119e+02 1 0)
|            ( - 6.310e+02 1 0))
|        ( - 2.502e+02 1 0)))
s>    ( QUESTION1 -1 3.975e+03 3.015e+02 2.074e+02
s>        ( WDBNDRY_E 0 1.956e+03 1.139e+02 1.167e+02
s>            ( - 3.548e+02 1 0)
s>            ( - 1.487e+03 1 0))
s>        ( WDBNDRY_B 0 1.717e+03 1.704e+02 9.068e+01
s>            ( QUESTION2_1_L -1 1.297e+03 1.538e+02 7.124e+01
s>                ( - 5.119e+02 1 0)
s>                ( - 6.310e+02 1 0))
s>            ( - 2.502e+02 1 0)))INFO: dtree.c(1439): stop. leaf nodes are specific
INFO: dtree.c(1478): Final simple tree
|( WDBNDRY_B 0 4.018e+03 2.324e+02 2.165e+02
|    ( - 2.170e+03 1 0)
|    ( - 1.616e+03 1 0))
s>    ( WDBNDRY_B 0 4.018e+03 2.324e+02 2.165e+02
s>        ( - 2.170e+03 1 0)
s>        ( - 1.616e+03 1 0))INFO: dtree.c(1315): Comp split 11
INFO: dtree.c(1439): stop. leaf nodes are specific
INFO: dtree.c(1478): Final simple tree
|( WDBNDRY_B 0 1.717e+03 1.704e+02 9.068e+01
|    ( QUESTION2_1_L -1 1.297e+03 1.538e+02 7.124e+01
|        ( - 5.119e+02 1 0)
|        ( - 6.310e+02 1 0))
|    ( - 2.502e+02 1 0))
s>    ( WDBNDRY_B 0 1.717e+03 1.704e+02 9.068e+01
s>        ( QUESTION2_1_L -1 1.297e+03 1.538e+02 7.124e+01
s>            ( - 5.119e+02 1 0)
s>            ( - 6.310e+02 1 0))
s>        ( - 2.502e+02 1 0))INFO: dtree.c(1439): stop. leaf nodes are specific
INFO: dtree.c(1478): Final simple tree
|( WDBNDRY_E 0 1.956e+03 1.139e+02 1.167e+02
|    ( - 3.548e+02 1 0)
|    ( - 1.487e+03 1 0))
s>    ( WDBNDRY_E 0 1.956e+03 1.139e+02 1.167e+02
s>        ( - 3.548e+02 1 0)
s>        ( - 1.487e+03 1 0))INFO: dtree.c(1315): Comp split 12
INFO: dtree.c(1439): stop. leaf nodes are specific
INFO: dtree.c(1478): Final simple tree
|( QUESTION2_0_L -1 7.296e+02 9.954e+01 4.280e+01
|    ( - 3.283e+02 1 0)
|    ( - 3.018e+02 1 0))
s>    ( QUESTION2_0_L -1 7.296e+02 9.954e+01 4.280e+01
s>        ( - 3.283e+02 1 0)
s>        ( - 3.018e+02 1 0))INFO: dtree.c(1315): Comp split 13
INFO: dtree.c(1439): stop. leaf nodes are specific
INFO: dtree.c(1478): Final simple tree
|( QUESTION0_3_R 1 2.065e+03 9.636e+01 1.254e+02
|    ( - 1.610e+03 1 0)
|    ( - 3.587e+02 1 0))
s>    ( QUESTION0_3_R 1 2.065e+03 9.636e+01 1.254e+02
s>        ( - 1.610e+03 1 0)
s>        ( - 3.587e+02 1 0))INFO: dtree.c(1439): stop. leaf nodes are specific
INFO: dtree.c(1478): Final simple tree
|( WDBNDRY_B 0 6.606e+03 2.098e+02 3.747e+02
|    ( - 3.609e+03 1 0)
|    ( - 2.787e+03 1 0))
s>    ( WDBNDRY_B 0 6.606e+03 2.098e+02 3.747e+02
s>        ( - 3.609e+03 1 0)
s>        ( - 2.787e+03 1 0))INFO: dtree.c(1315): Comp split 14
INFO: dtree.c(1439): stop. leaf nodes are specific
INFO: dtree.c(1478): Final simple tree
|( WDBNDRY_B 0 1.146e+04 1.789e+02 5.953e+02
|    ( QUESTION2_0_L -1 1.045e+04 1.666e+02 5.427e+02
|        ( - 9.669e+03 2 0)
|        ( - 6.129e+02 1 0))
|    ( - 8.363e+02 1 0))
s>    ( WDBNDRY_B 0 1.146e+04 1.789e+02 5.953e+02
s>        ( QUESTION2_0_L -1 1.045e+04 1.666e+02 5.427e+02
s>            ( - 9.669e+03 2 0)
s>            ( - 6.129e+02 1 0))
s>        ( - 8.363e+02 1 0))INFO: dtree.c(1315): Comp split 15
INFO: dtree.c(1315): Comp split 16
INFO: dtree.c(1315): Comp split 17
INFO: dtree.c(1439): stop. leaf nodes are specific
INFO: dtree.c(1478): Final simple tree
|( QUESTION0_3_R 1 3.137e+03 1.180e+02 1.812e+02
|    ( - 2.606e+03 1 0)
|    ( - 4.129e+02 1 0))
s>    ( QUESTION0_3_R 1 3.137e+03 1.180e+02 1.812e+02
s>        ( - 2.606e+03 1 0)
s>        ( - 4.129e+02 1 0))INFO: dtree.c(1315): Comp split 18
INFO: dtree.c(1439): stop. leaf nodes are specific
INFO: dtree.c(1478): Final simple tree
|( WDBNDRY_B 0 1.596e+03 1.467e+02 8.996e+01
|    ( - 6.129e+02 1 0)
|    ( - 8.363e+02 1 0))
s>    ( WDBNDRY_B 0 1.596e+03 1.467e+02 8.996e+01
s>        ( - 6.129e+02 1 0)
s>        ( - 8.363e+02 1 0))INFO: dtree.c(1315): Comp split 19
INFO: dtree.c(1315): Comp split 20
INFO: dtree.c(1439): stop. leaf nodes are specific
INFO: dtree.c(1478): Final simple tree
|( WDBNDRY_B 0 9.031e+02 1.410e+02 5.169e+01
|    ( - 5.119e+02 1 0)
|    ( - 2.502e+02 1 0))
s>    ( WDBNDRY_B 0 9.031e+02 1.410e+02 5.169e+01
s>        ( - 5.119e+02 1 0)
s>        ( - 2.502e+02 1 0))INFO: dtree.c(1315): Comp split 21
INFO: dtree.c(1439): stop. leaf nodes are specific
INFO: dtree.c(1478): Final simple tree
|( QUESTION0_1_R 1 8.122e+02 9.086e+01 4.961e+01
|    ( - 2.027e+02 1 0)
|    ( - 5.186e+02 2 0))
s>    ( QUESTION0_1_R 1 8.122e+02 9.086e+01 4.961e+01
s>        ( - 2.027e+02 1 0)
s>        ( - 5.186e+02 2 0))INFO: dtree.c(1315): Comp split 22
INFO: dtree.c(1315): Comp split 23
INFO: dtree.c(1315): Comp split 24
INFO: dtree.c(1315): Comp split 25
INFO: dtree.c(1315): Comp split 26
INFO: dtree.c(1315): Comp split 27
INFO: dtree.c(1315): Comp split 28
INFO: dtree.c(1315): Comp split 29
INFO: dtree.c(1318): stop. leaf nodes are specific
Fri Dec  3 07:39:00 2021
