Current configuration:
[NAME]		[DEFLT]	[VALUE]
-allphones	no	no
-cntthresh	0.00001	1.000000e-05
-csplitmax	100	2000
-csplitmin	1	1
-csplitthr	8e-4	0.000000e+00
-example	no	no
-fullvar	no	no
-help		no	no
-meanfn			
-mixwfn			/home/azhar/Tubes_Speech/commandreminder/model_parameters/commandreminder.cd_ptm_untied/mixture_weights
-moddeffn		/home/azhar/Tubes_Speech/commandreminder/model_architecture/commandreminder.untied.mdef
-mwfloor	1e-4	1.000000e-08
-phone			K
-psetfn			/home/azhar/Tubes_Speech/commandreminder/model_architecture/commandreminder.tree_questions
-ssplitmax	5	7
-ssplitmin	1	1
-ssplitthr	8e-4	0.000000e+00
-state			1
-stwt			1.0,0.05,0.0,
-treefn			/home/azhar/Tubes_Speech/commandreminder/trees/commandreminder.unpruned/K-1.dtree
-ts2cbfn	.semi.	.semi.
-varfloor	0.00001	1.000000e-05
-varfn			

INFO: main.c(223): Reading: /home/azhar/Tubes_Speech/commandreminder/model_architecture/commandreminder.untied.mdef
INFO: model_def_io.c(573): Model definition info:
INFO: model_def_io.c(574): 1061 total models defined (31 base, 1030 tri)
INFO: model_def_io.c(575): 4244 total states
INFO: model_def_io.c(576): 3183 total tied states
INFO: model_def_io.c(577): 93 total tied CI states
INFO: model_def_io.c(578): 31 total tied transition matrices
INFO: model_def_io.c(579): 4 max state/model
INFO: model_def_io.c(580): 4 min state/model
INFO: main.c(242): Building trees for [K A A i] through [K U U i]
INFO: main.c(269): Covering states |[1593 1739]| == 147
INFO: main.c(275): Reading: /home/azhar/Tubes_Speech/commandreminder/model_parameters/commandreminder.cd_ptm_untied/mixture_weights
INFO: s3mixw_io.c(173): Read /home/azhar/Tubes_Speech/commandreminder/model_parameters/commandreminder.cd_ptm_untied/mixture_weights [147x4x64 array]
INFO: main.c(311): 49 of 49 models have observation count greater than 0.000010
INFO: main.c(95): nrm stwt: 0.045 0.909 0.045 
INFO: main.c(411): 49-class entropy: 1.227635e+05
INFO: main.c(549): Reading: /home/azhar/Tubes_Speech/commandreminder/model_architecture/commandreminder.tree_questions
INFO: main.c(588): 174 total simple questions (166 phone; 8 word bndry)
INFO: main.c(590): 40 Left Only questions, and 42 Right Only questions
INFO: dtree.c(1478): Final simple tree
|( QUESTION1 1 1.458e+05 5.321e+03 6.632e+03
|    ( QUESTION2_1_L -1 1.186e+05 3.790e+03 5.591e+03
|        ( WDBNDRY_B 0 8.005e+04 7.270e+02 3.850e+03
|            ( - 5.193e+03 4 0 QUESTION0_3_R 1 1.952e+02 2.488e+02)
|            ( - 7.413e+04 3 0 QUESTION0_3_R 1 2.826e+02 3.601e+03))
|        ( SILENCE -1 3.473e+04 1.140e+03 1.741e+03
|            ( - 7.891e+03 1 0)
|            ( QUESTION3 -1 2.569e+04 8.558e+02 1.283e+03
|                ( - 9.304e+03 3 0 QUESTION0_3_R 1 3.516e+02 5.047e+02)
|                ( - 1.553e+04 11 0 QUESTION0_4_R 1 5.406e+02 7.778e+02))))
|    ( QUESTION3 1 2.189e+04 1.438e+03 1.041e+03
|        ( - 2.650e+03 2 0 WDBNDRY_B 0 1.446e+02 1.848e+02)
|        ( QUESTION0_0_R 1 1.780e+04 1.032e+03 8.560e+02
|            ( - 9.931e+03 13 0 QUESTION1 -1 3.711e+02 5.200e+02)
|            ( - 6.836e+03 12 0 QUESTION4 -1 4.899e+02 3.361e+02))))
s>    ( QUESTION1 1 1.458e+05 5.321e+03 6.632e+03
s>        ( QUESTION2_1_L -1 1.186e+05 3.790e+03 5.591e+03
s>            ( WDBNDRY_B 0 8.005e+04 7.270e+02 3.850e+03
s>                ( - 5.193e+03 4 0 QUESTION0_3_R 1 1.952e+02 2.488e+02)
s>                ( - 7.413e+04 3 0 QUESTION0_3_R 1 2.826e+02 3.601e+03))
s>            ( SILENCE -1 3.473e+04 1.140e+03 1.741e+03
s>                ( - 7.891e+03 1 0)
s>                ( QUESTION3 -1 2.569e+04 8.558e+02 1.283e+03
s>                    ( - 9.304e+03 3 0 QUESTION0_3_R 1 3.516e+02 5.047e+02)
s>                    ( - 1.553e+04 11 0 QUESTION0_4_R 1 5.406e+02 7.778e+02))))
s>        ( QUESTION3 1 2.189e+04 1.438e+03 1.041e+03
s>            ( - 2.650e+03 2 0 WDBNDRY_B 0 1.446e+02 1.848e+02)
s>            ( QUESTION0_0_R 1 1.780e+04 1.032e+03 8.560e+02
s>                ( - 9.931e+03 13 0 QUESTION1 -1 3.711e+02 5.200e+02)
s>                ( - 6.836e+03 12 0 QUESTION4 -1 4.899e+02 3.361e+02))))INFO: dtree.c(1315): Comp split 0
INFO: dtree.c(1439): stop. leaf nodes are specific
INFO: dtree.c(1478): Final simple tree
|( QUESTION0_3_R 1 7.413e+04 2.826e+02 3.601e+03
|    ( - 4.960e+02 1 0)
|    ( - 7.335e+04 2 0))
s>    ( QUESTION0_3_R 1 7.413e+04 2.826e+02 3.601e+03
s>        ( - 4.960e+02 1 0)
s>        ( - 7.335e+04 2 0))INFO: dtree.c(1478): Final simple tree
|( QUESTION1 1 6.614e+04 3.680e+03 3.030e+03
|    ( SILENCE -1 4.057e+04 1.264e+03 1.989e+03
|        ( - 7.891e+03 1 0)
|        ( QUESTION3 -1 3.141e+04 9.574e+02 1.531e+03
|            ( - 9.304e+03 3 0 QUESTION0_3_R 1 3.516e+02 5.047e+02)
|            ( QUESTION0_4_R 1 2.115e+04 6.498e+02 1.027e+03
|                ( - 9.766e+03 7 0 QUESTION15 -1 3.524e+02 5.147e+02)
|                ( - 1.074e+04 8 0 QUESTION0 -1 3.879e+02 5.119e+02))))
|    ( QUESTION3 1 2.189e+04 1.438e+03 1.041e+03
|        ( - 2.650e+03 2 0 WDBNDRY_B 0 1.446e+02 1.848e+02)
|        ( QUESTION0_0_R 1 1.780e+04 1.032e+03 8.560e+02
|            ( - 9.931e+03 13 0 QUESTION1 -1 3.711e+02 5.200e+02)
|            ( QUESTION4 -1 6.836e+03 4.899e+02 3.361e+02
|                ( - 3.617e+03 6 0 QUESTION15 1 2.705e+02 2.015e+02)
|                ( - 2.729e+03 6 0 WDBNDRY_E 0 2.711e+02 1.346e+02)))))
s>    ( QUESTION1 1 6.614e+04 3.680e+03 3.030e+03
s>        ( SILENCE -1 4.057e+04 1.264e+03 1.989e+03
s>            ( - 7.891e+03 1 0)
s>            ( QUESTION3 -1 3.141e+04 9.574e+02 1.531e+03
s>                ( - 9.304e+03 3 0 QUESTION0_3_R 1 3.516e+02 5.047e+02)
s>                ( QUESTION0_4_R 1 2.115e+04 6.498e+02 1.027e+03
s>                    ( - 9.766e+03 7 0 QUESTION15 -1 3.524e+02 5.147e+02)
s>                    ( - 1.074e+04 8 0 QUESTION0 -1 3.879e+02 5.119e+02))))
s>        ( QUESTION3 1 2.189e+04 1.438e+03 1.041e+03
s>            ( - 2.650e+03 2 0 WDBNDRY_B 0 1.446e+02 1.848e+02)
s>            ( QUESTION0_0_R 1 1.780e+04 1.032e+03 8.560e+02
s>                ( - 9.931e+03 13 0 QUESTION1 -1 3.711e+02 5.200e+02)
s>                ( QUESTION4 -1 6.836e+03 4.899e+02 3.361e+02
s>                    ( - 3.617e+03 6 0 QUESTION15 1 2.705e+02 2.015e+02)
s>                    ( - 2.729e+03 6 0 WDBNDRY_E 0 2.711e+02 1.346e+02)))))INFO: dtree.c(1315): Comp split 1
INFO: dtree.c(1478): Final simple tree
|( QUESTION3 1 2.189e+04 1.438e+03 1.041e+03
|    ( - 2.650e+03 2 0 WDBNDRY_B 0 1.446e+02 1.848e+02)
|    ( QUESTION0_0_R 1 1.780e+04 1.032e+03 8.560e+02
|        ( QUESTION1 -1 9.931e+03 3.711e+02 5.200e+02
|            ( - 4.096e+03 5 0 WDBNDRY_B 0 2.525e+02 2.132e+02)
|            ( QUESTION3 -1 5.464e+03 2.656e+02 3.068e+02
|                ( - 1.686e+03 1 0)
|                ( - 3.513e+03 7 0 QUESTION15 -1 2.142e+02 1.989e+02)))
|        ( QUESTION4 -1 6.836e+03 4.899e+02 3.361e+02
|            ( QUESTION15 1 3.617e+03 2.705e+02 2.015e+02
|                ( - 5.455e+02 2 0 QUESTION0_7_R 1 1.041e+02 3.305e+01)
|                ( - 2.801e+03 4 0 SILENCE 1 1.992e+02 1.684e+02))
|            ( WDBNDRY_E 0 2.729e+03 2.711e+02 1.346e+02
|                ( - 1.204e+03 4 0 QUESTION0_8_R 1 1.472e+02 6.478e+01)
|                ( - 1.254e+03 2 0 WDBNDRY_B 0 1.719e+02 6.982e+01)))))
s>    ( QUESTION3 1 2.189e+04 1.438e+03 1.041e+03
s>        ( - 2.650e+03 2 0 WDBNDRY_B 0 1.446e+02 1.848e+02)
s>        ( QUESTION0_0_R 1 1.780e+04 1.032e+03 8.560e+02
s>            ( QUESTION1 -1 9.931e+03 3.711e+02 5.200e+02
s>                ( - 4.096e+03 5 0 WDBNDRY_B 0 2.525e+02 2.132e+02)
s>                ( QUESTION3 -1 5.464e+03 2.656e+02 3.068e+02
s>                    ( - 1.686e+03 1 0)
s>                    ( - 3.513e+03 7 0 QUESTION15 -1 2.142e+02 1.989e+02)))
s>            ( QUESTION4 -1 6.836e+03 4.899e+02 3.361e+02
s>                ( QUESTION15 1 3.617e+03 2.705e+02 2.015e+02
s>                    ( - 5.455e+02 2 0 QUESTION0_7_R 1 1.041e+02 3.305e+01)
s>                    ( - 2.801e+03 4 0 SILENCE 1 1.992e+02 1.684e+02))
s>                ( WDBNDRY_E 0 2.729e+03 2.711e+02 1.346e+02
s>                    ( - 1.204e+03 4 0 QUESTION0_8_R 1 1.472e+02 6.478e+01)
s>                    ( - 1.254e+03 2 0 WDBNDRY_B 0 1.719e+02 6.982e+01)))))INFO: dtree.c(1478): Final simple tree
|( SILENCE -1 4.057e+04 1.264e+03 1.989e+03
|    ( - 7.891e+03 1 0)
|    ( QUESTION3 -1 3.141e+04 9.574e+02 1.531e+03
|        ( QUESTION0_3_R 1 9.304e+03 3.516e+02 5.047e+02
|            ( - 5.458e+03 1 0)
|            ( - 3.495e+03 2 0 WDBNDRY_B 0 1.482e+02 2.005e+02))
|        ( QUESTION0_4_R 1 2.115e+04 6.498e+02 1.027e+03
|            ( QUESTION15 -1 9.766e+03 3.524e+02 5.147e+02
|                ( - 3.940e+03 3 0 WDBNDRY_B 0 1.297e+02 2.151e+02)
|                ( - 5.473e+03 4 0 QUESTION2 -1 2.521e+02 2.996e+02))
|            ( QUESTION0 -1 1.074e+04 3.879e+02 5.119e+02
|                ( QUESTION1 -1 7.089e+03 3.027e+02 3.405e+02
|                    ( - 4.201e+03 3 0 WDBNDRY_B 0 1.932e+02 2.014e+02)
|                    ( - 2.585e+03 2 0 WDBNDRY_B 0 1.974e+02 1.391e+02))
|                ( - 3.261e+03 3 0 QUESTION6 -1 2.699e+02 1.714e+02)))))
s>    ( SILENCE -1 4.057e+04 1.264e+03 1.989e+03
s>        ( - 7.891e+03 1 0)
s>        ( QUESTION3 -1 3.141e+04 9.574e+02 1.531e+03
s>            ( QUESTION0_3_R 1 9.304e+03 3.516e+02 5.047e+02
s>                ( - 5.458e+03 1 0)
s>                ( - 3.495e+03 2 0 WDBNDRY_B 0 1.482e+02 2.005e+02))
s>            ( QUESTION0_4_R 1 2.115e+04 6.498e+02 1.027e+03
s>                ( QUESTION15 -1 9.766e+03 3.524e+02 5.147e+02
s>                    ( - 3.940e+03 3 0 WDBNDRY_B 0 1.297e+02 2.151e+02)
s>                    ( - 5.473e+03 4 0 QUESTION2 -1 2.521e+02 2.996e+02))
s>                ( QUESTION0 -1 1.074e+04 3.879e+02 5.119e+02
s>                    ( QUESTION1 -1 7.089e+03 3.027e+02 3.405e+02
s>                        ( - 4.201e+03 3 0 WDBNDRY_B 0 1.932e+02 2.014e+02)
s>                        ( - 2.585e+03 2 0 WDBNDRY_B 0 1.974e+02 1.391e+02))
s>                    ( - 3.261e+03 3 0 QUESTION6 -1 2.699e+02 1.714e+02)))))INFO: dtree.c(1315): Comp split 2
INFO: dtree.c(1478): Final simple tree
|( QUESTION0_0_R 1 1.246e+04 5.321e+02 6.228e+02
|    ( QUESTION1 -1 9.931e+03 3.711e+02 5.200e+02
|        ( WDBNDRY_B 0 4.096e+03 2.525e+02 2.132e+02
|            ( - 2.012e+03 3 0 QUESTION0_1_R 1 1.808e+02 1.108e+02)
|            ( QUESTION0_1_R 1 1.832e+03 1.817e+02 1.024e+02
|                ( - 1.256e+03 1 0)
|                ( - 3.940e+02 1 0)))
|        ( QUESTION3 -1 5.464e+03 2.656e+02 3.068e+02
|            ( - 1.686e+03 1 0)
|            ( QUESTION15 -1 3.513e+03 2.142e+02 1.989e+02
|                ( - 1.113e+03 3 0 QUESTION16 -1 1.397e+02 6.810e+01)
|                ( - 2.186e+03 4 0 QUESTION0 -1 1.615e+02 1.308e+02))))
|    ( QUESTION0_7_R 1 1.995e+03 2.178e+02 1.029e+02
|        ( - 7.722e+02 2 0 WDBNDRY_E 0 1.063e+02 4.793e+01)
|        ( - 1.005e+03 2 0 WDBNDRY_B 0 1.479e+02 5.493e+01)))
s>    ( QUESTION0_0_R 1 1.246e+04 5.321e+02 6.228e+02
s>        ( QUESTION1 -1 9.931e+03 3.711e+02 5.200e+02
s>            ( WDBNDRY_B 0 4.096e+03 2.525e+02 2.132e+02
s>                ( - 2.012e+03 3 0 QUESTION0_1_R 1 1.808e+02 1.108e+02)
s>                ( QUESTION0_1_R 1 1.832e+03 1.817e+02 1.024e+02
s>                    ( - 1.256e+03 1 0)
s>                    ( - 3.940e+02 1 0)))
s>            ( QUESTION3 -1 5.464e+03 2.656e+02 3.068e+02
s>                ( - 1.686e+03 1 0)
s>                ( QUESTION15 -1 3.513e+03 2.142e+02 1.989e+02
s>                    ( - 1.113e+03 3 0 QUESTION16 -1 1.397e+02 6.810e+01)
s>                    ( - 2.186e+03 4 0 QUESTION0 -1 1.615e+02 1.308e+02))))
s>        ( QUESTION0_7_R 1 1.995e+03 2.178e+02 1.029e+02
s>            ( - 7.722e+02 2 0 WDBNDRY_E 0 1.063e+02 4.793e+01)
s>            ( - 1.005e+03 2 0 WDBNDRY_B 0 1.479e+02 5.493e+01)))INFO: dtree.c(1478): Final simple tree
|( QUESTION0_0_R 1 7.977e+03 9.896e+02 4.181e+02
|    ( WDBNDRY_B 0 2.650e+03 1.446e+02 1.848e+02
|        ( - 1.981e+03 1 0)
|        ( - 5.239e+02 1 0))
|    ( QUESTION4 -1 4.338e+03 3.332e+02 2.332e+02
|        ( SILENCE 1 2.801e+03 1.992e+02 1.684e+02
|            ( - 1.364e+03 1 0)
|            ( WDBNDRY_E 0 1.238e+03 1.075e+02 7.596e+01
|                ( - 9.213e+02 2 0)
|                ( - 2.092e+02 1 0)))
|        ( QUESTION0_8_R 1 1.204e+03 1.472e+02 6.478e+01
|            ( QUESTION8 1 6.080e+02 9.809e+01 3.583e+01
|                ( - 2.682e+02 1 0)
|                ( - 2.417e+02 1 0))
|            ( - 4.488e+02 2 0 QUESTION0_7_R 1 9.545e+01 2.895e+01))))
s>    ( QUESTION0_0_R 1 7.977e+03 9.896e+02 4.181e+02
s>        ( WDBNDRY_B 0 2.650e+03 1.446e+02 1.848e+02
s>            ( - 1.981e+03 1 0)
s>            ( - 5.239e+02 1 0))
s>        ( QUESTION4 -1 4.338e+03 3.332e+02 2.332e+02
s>            ( SILENCE 1 2.801e+03 1.992e+02 1.684e+02
s>                ( - 1.364e+03 1 0)
s>                ( WDBNDRY_E 0 1.238e+03 1.075e+02 7.596e+01
s>                    ( - 9.213e+02 2 0)
s>                    ( - 2.092e+02 1 0)))
s>            ( QUESTION0_8_R 1 1.204e+03 1.472e+02 6.478e+01
s>                ( QUESTION8 1 6.080e+02 9.809e+01 3.583e+01
s>                    ( - 2.682e+02 1 0)
s>                    ( - 2.417e+02 1 0))
s>                ( - 4.488e+02 2 0 QUESTION0_7_R 1 9.545e+01 2.895e+01))))INFO: dtree.c(1315): Comp split 3
INFO: dtree.c(1478): Final simple tree
|( QUESTION3 -1 3.141e+04 9.574e+02 1.531e+03
|    ( QUESTION0_3_R 1 9.304e+03 3.516e+02 5.047e+02
|        ( - 5.458e+03 1 0)
|        ( - 3.495e+03 2 0 WDBNDRY_B 0 1.482e+02 2.005e+02))
|    ( QUESTION0_4_R 1 2.115e+04 6.498e+02 1.027e+03
|        ( QUESTION15 -1 9.766e+03 3.524e+02 5.147e+02
|            ( - 3.940e+03 3 0 WDBNDRY_B 0 1.297e+02 2.151e+02)
|            ( - 5.473e+03 4 0 QUESTION2 -1 2.521e+02 2.996e+02))
|        ( QUESTION0 -1 1.074e+04 3.879e+02 5.119e+02
|            ( QUESTION1 -1 7.089e+03 3.027e+02 3.405e+02
|                ( - 4.201e+03 3 0 WDBNDRY_B 0 1.932e+02 2.014e+02)
|                ( - 2.585e+03 2 0 WDBNDRY_B 0 1.974e+02 1.391e+02))
|            ( QUESTION6 -1 3.261e+03 2.699e+02 1.714e+02
|                ( - 1.952e+03 2 0 QUESTION10 -1 1.269e+02 1.061e+02)
|                ( - 1.039e+03 1 0)))))
s>    ( QUESTION3 -1 3.141e+04 9.574e+02 1.531e+03
s>        ( QUESTION0_3_R 1 9.304e+03 3.516e+02 5.047e+02
s>            ( - 5.458e+03 1 0)
s>            ( - 3.495e+03 2 0 WDBNDRY_B 0 1.482e+02 2.005e+02))
s>        ( QUESTION0_4_R 1 2.115e+04 6.498e+02 1.027e+03
s>            ( QUESTION15 -1 9.766e+03 3.524e+02 5.147e+02
s>                ( - 3.940e+03 3 0 WDBNDRY_B 0 1.297e+02 2.151e+02)
s>                ( - 5.473e+03 4 0 QUESTION2 -1 2.521e+02 2.996e+02))
s>            ( QUESTION0 -1 1.074e+04 3.879e+02 5.119e+02
s>                ( QUESTION1 -1 7.089e+03 3.027e+02 3.405e+02
s>                    ( - 4.201e+03 3 0 WDBNDRY_B 0 1.932e+02 2.014e+02)
s>                    ( - 2.585e+03 2 0 WDBNDRY_B 0 1.974e+02 1.391e+02))
s>                ( QUESTION6 -1 3.261e+03 2.699e+02 1.714e+02
s>                    ( - 1.952e+03 2 0 QUESTION10 -1 1.269e+02 1.061e+02)
s>                    ( - 1.039e+03 1 0)))))INFO: dtree.c(1315): Comp split 4
INFO: dtree.c(1439): stop. leaf nodes are specific
INFO: dtree.c(1478): Final simple tree
|( QUESTION0_3_R 1 1.158e+04 3.774e+02 6.108e+02
|    ( QUESTION0 -1 7.710e+03 3.000e+02 4.103e+02
|        ( - 5.458e+03 1 0)
|        ( QUESTION10 -1 1.952e+03 1.269e+02 1.061e+02
|            ( - 1.429e+03 1 0)
|            ( - 3.965e+02 1 0)))
|    ( WDBNDRY_B 0 3.495e+03 1.482e+02 2.005e+02
|        ( - 2.061e+03 1 0)
|        ( - 1.286e+03 1 0)))
s>    ( QUESTION0_3_R 1 1.158e+04 3.774e+02 6.108e+02
s>        ( QUESTION0 -1 7.710e+03 3.000e+02 4.103e+02
s>            ( - 5.458e+03 1 0)
s>            ( QUESTION10 -1 1.952e+03 1.269e+02 1.061e+02
s>                ( - 1.429e+03 1 0)
s>                ( - 3.965e+02 1 0)))
s>        ( WDBNDRY_B 0 3.495e+03 1.482e+02 2.005e+02
s>            ( - 2.061e+03 1 0)
s>            ( - 1.286e+03 1 0)))INFO: dtree.c(1478): Final simple tree
|( QUESTION0_4_R 1 1.881e+04 6.332e+02 9.204e+02
|    ( QUESTION15 -1 9.766e+03 3.524e+02 5.147e+02
|        ( - 3.940e+03 3 0 WDBNDRY_B 0 1.297e+02 2.151e+02)
|        ( QUESTION2 -1 5.473e+03 2.521e+02 2.996e+02
|            ( - 2.526e+03 2 0)
|            ( - 2.695e+03 2 0 WDBNDRY_B 0 1.402e+02 1.515e+02)))
|    ( QUESTION1 -1 8.406e+03 3.466e+02 4.058e+02
|        ( WDBNDRY_B 0 4.201e+03 1.932e+02 2.014e+02
|            ( - 3.779e+03 2 0)
|            ( - 2.286e+02 1 0))
|        ( WDBNDRY_B 0 3.859e+03 2.395e+02 2.044e+02
|            ( QUESTION0 -1 2.551e+03 1.931e+02 1.443e+02
|                ( - 1.320e+03 1 0)
|                ( - 1.039e+03 1 0))
|            ( - 1.068e+03 1 0))))
s>    ( QUESTION0_4_R 1 1.881e+04 6.332e+02 9.204e+02
s>        ( QUESTION15 -1 9.766e+03 3.524e+02 5.147e+02
s>            ( - 3.940e+03 3 0 WDBNDRY_B 0 1.297e+02 2.151e+02)
s>            ( QUESTION2 -1 5.473e+03 2.521e+02 2.996e+02
s>                ( - 2.526e+03 2 0)
s>                ( - 2.695e+03 2 0 WDBNDRY_B 0 1.402e+02 1.515e+02)))
s>        ( QUESTION1 -1 8.406e+03 3.466e+02 4.058e+02
s>            ( WDBNDRY_B 0 4.201e+03 1.932e+02 2.014e+02
s>                ( - 3.779e+03 2 0)
s>                ( - 2.286e+02 1 0))
s>            ( WDBNDRY_B 0 3.859e+03 2.395e+02 2.044e+02
s>                ( QUESTION0 -1 2.551e+03 1.931e+02 1.443e+02
s>                    ( - 1.320e+03 1 0)
s>                    ( - 1.039e+03 1 0))
s>                ( - 1.068e+03 1 0))))INFO: dtree.c(1315): Comp split 5
INFO: dtree.c(1439): stop. leaf nodes are specific
INFO: dtree.c(1478): Final simple tree
|( QUESTION4 -1 4.338e+03 3.332e+02 2.332e+02
|    ( SILENCE 1 2.801e+03 1.992e+02 1.684e+02
|        ( - 1.364e+03 1 0)
|        ( WDBNDRY_E 0 1.238e+03 1.075e+02 7.596e+01
|            ( - 9.213e+02 2 0)
|            ( - 2.092e+02 1 0)))
|    ( QUESTION0_8_R 1 1.204e+03 1.472e+02 6.478e+01
|        ( QUESTION8 1 6.080e+02 9.809e+01 3.583e+01
|            ( - 2.682e+02 1 0)
|            ( - 2.417e+02 1 0))
|        ( QUESTION0_7_R 1 4.488e+02 9.545e+01 2.895e+01
|            ( - 1.209e+02 1 0)
|            ( - 2.324e+02 1 0))))
s>    ( QUESTION4 -1 4.338e+03 3.332e+02 2.332e+02
s>        ( SILENCE 1 2.801e+03 1.992e+02 1.684e+02
s>            ( - 1.364e+03 1 0)
s>            ( WDBNDRY_E 0 1.238e+03 1.075e+02 7.596e+01
s>                ( - 9.213e+02 2 0)
s>                ( - 2.092e+02 1 0)))
s>        ( QUESTION0_8_R 1 1.204e+03 1.472e+02 6.478e+01
s>            ( QUESTION8 1 6.080e+02 9.809e+01 3.583e+01
s>                ( - 2.682e+02 1 0)
s>                ( - 2.417e+02 1 0))
s>            ( QUESTION0_7_R 1 4.488e+02 9.545e+01 2.895e+01
s>                ( - 1.209e+02 1 0)
s>                ( - 2.324e+02 1 0))))INFO: dtree.c(1439): stop. leaf nodes are specific
INFO: dtree.c(1478): Final simple tree
|( WDBNDRY_B 0 2.650e+03 1.446e+02 1.848e+02
|    ( - 1.981e+03 1 0)
|    ( - 5.239e+02 1 0))
s>    ( WDBNDRY_B 0 2.650e+03 1.446e+02 1.848e+02
s>        ( - 1.981e+03 1 0)
s>        ( - 5.239e+02 1 0))INFO: dtree.c(1315): Comp split 6
INFO: dtree.c(1439): stop. leaf nodes are specific
INFO: dtree.c(1478): Final simple tree
|( QUESTION15 -1 1.105e+04 3.343e+02 5.800e+02
|    ( QUESTION0_3_R 1 5.247e+03 2.679e+02 2.804e+02
|        ( - 1.039e+03 1 0)
|        ( WDBNDRY_B 0 3.940e+03 1.297e+02 2.151e+02
|            ( - 4.438e+02 1 0)
|            ( - 3.367e+03 2 0)))
|    ( QUESTION2 -1 5.473e+03 2.521e+02 2.996e+02
|        ( - 2.526e+03 2 0)
|        ( WDBNDRY_B 0 2.695e+03 1.402e+02 1.515e+02
|            ( - 6.540e+02 1 0)
|            ( - 1.901e+03 1 0))))
s>    ( QUESTION15 -1 1.105e+04 3.343e+02 5.800e+02
s>        ( QUESTION0_3_R 1 5.247e+03 2.679e+02 2.804e+02
s>            ( - 1.039e+03 1 0)
s>            ( WDBNDRY_B 0 3.940e+03 1.297e+02 2.151e+02
s>                ( - 4.438e+02 1 0)
s>                ( - 3.367e+03 2 0)))
s>        ( QUESTION2 -1 5.473e+03 2.521e+02 2.996e+02
s>            ( - 2.526e+03 2 0)
s>            ( WDBNDRY_B 0 2.695e+03 1.402e+02 1.515e+02
s>                ( - 6.540e+02 1 0)
s>                ( - 1.901e+03 1 0))))INFO: dtree.c(1439): stop. leaf nodes are specific
INFO: dtree.c(1478): Final simple tree
|( QUESTION1 -1 7.089e+03 3.027e+02 3.405e+02
|    ( WDBNDRY_B 0 4.201e+03 1.932e+02 2.014e+02
|        ( - 3.779e+03 2 0)
|        ( - 2.286e+02 1 0))
|    ( WDBNDRY_B 0 2.585e+03 1.974e+02 1.391e+02
|        ( - 1.320e+03 1 0)
|        ( - 1.068e+03 1 0)))
s>    ( QUESTION1 -1 7.089e+03 3.027e+02 3.405e+02
s>        ( WDBNDRY_B 0 4.201e+03 1.932e+02 2.014e+02
s>            ( - 3.779e+03 2 0)
s>            ( - 2.286e+02 1 0))
s>        ( WDBNDRY_B 0 2.585e+03 1.974e+02 1.391e+02
s>            ( - 1.320e+03 1 0)
s>            ( - 1.068e+03 1 0)))INFO: dtree.c(1315): Comp split 7
INFO: dtree.c(1439): stop. leaf nodes are specific
INFO: dtree.c(1478): Final simple tree
|( QUESTION0_0_R 1 3.643e+03 3.917e+02 1.763e+02
|    ( - 1.256e+03 1 0)
|    ( QUESTION0_7_R 1 1.995e+03 2.178e+02 1.029e+02
|        ( WDBNDRY_E 0 7.722e+02 1.063e+02 4.793e+01
|            ( - 2.145e+02 1 0)
|            ( - 4.514e+02 1 0))
|        ( WDBNDRY_B 0 1.005e+03 1.479e+02 5.493e+01
|            ( - 6.305e+02 1 0)
|            ( - 2.269e+02 1 0))))
s>    ( QUESTION0_0_R 1 3.643e+03 3.917e+02 1.763e+02
s>        ( - 1.256e+03 1 0)
s>        ( QUESTION0_7_R 1 1.995e+03 2.178e+02 1.029e+02
s>            ( WDBNDRY_E 0 7.722e+02 1.063e+02 4.793e+01
s>                ( - 2.145e+02 1 0)
s>                ( - 4.514e+02 1 0))
s>            ( WDBNDRY_B 0 1.005e+03 1.479e+02 5.493e+01
s>                ( - 6.305e+02 1 0)
s>                ( - 2.269e+02 1 0))))INFO: dtree.c(1478): Final simple tree
|( QUESTION0_1_R 1 8.276e+03 3.067e+02 4.465e+02
|    ( QUESTION3 -1 5.639e+03 2.817e+02 3.123e+02
|        ( - 1.686e+03 1 0)
|        ( WDBNDRY_B 0 3.672e+03 2.161e+02 2.044e+02
|            ( QUESTION2_0_L -1 2.167e+03 1.824e+02 1.230e+02
|                ( - 1.203e+03 2 0 QUESTION0 -1 1.023e+02 7.386e+01)
|                ( - 7.817e+02 2 0 QUESTION0 -1 1.189e+02 4.913e+01))
|            ( QUESTION0 -1 1.288e+03 1.354e+02 8.146e+01
|                ( - 5.708e+02 1 0)
|                ( - 5.822e+02 1 0))))
|    ( WDBNDRY_B 0 2.330e+03 1.466e+02 1.342e+02
|        ( QUESTION6 -1 1.324e+03 1.323e+02 7.847e+01
|            ( - 2.984e+02 1 0)
|            ( - 8.931e+02 2 0 QUESTION0 -1 8.762e+01 5.590e+01))
|        ( - 8.600e+02 2 0 QUESTION1 -1 8.689e+01 5.568e+01)))
s>    ( QUESTION0_1_R 1 8.276e+03 3.067e+02 4.465e+02
s>        ( QUESTION3 -1 5.639e+03 2.817e+02 3.123e+02
s>            ( - 1.686e+03 1 0)
s>            ( WDBNDRY_B 0 3.672e+03 2.161e+02 2.044e+02
s>                ( QUESTION2_0_L -1 2.167e+03 1.824e+02 1.230e+02
s>                    ( - 1.203e+03 2 0 QUESTION0 -1 1.023e+02 7.386e+01)
s>                    ( - 7.817e+02 2 0 QUESTION0 -1 1.189e+02 4.913e+01))
s>                ( QUESTION0 -1 1.288e+03 1.354e+02 8.146e+01
s>                    ( - 5.708e+02 1 0)
s>                    ( - 5.822e+02 1 0))))
s>        ( WDBNDRY_B 0 2.330e+03 1.466e+02 1.342e+02
s>            ( QUESTION6 -1 1.324e+03 1.323e+02 7.847e+01
s>                ( - 2.984e+02 1 0)
s>                ( - 8.931e+02 2 0 QUESTION0 -1 8.762e+01 5.590e+01))
s>            ( - 8.600e+02 2 0 QUESTION1 -1 8.689e+01 5.568e+01)))INFO: dtree.c(1315): Comp split 8
INFO: dtree.c(1439): stop. leaf nodes are specific
INFO: dtree.c(1478): Final simple tree
|( WDBNDRY_B 0 1.597e+03 1.939e+02 8.593e+01
|    ( - 6.305e+02 1 0)
|    ( WDBNDRY_E 0 7.722e+02 1.063e+02 4.793e+01
|        ( - 2.145e+02 1 0)
|        ( - 4.514e+02 1 0)))
s>    ( WDBNDRY_B 0 1.597e+03 1.939e+02 8.593e+01
s>        ( - 6.305e+02 1 0)
s>        ( WDBNDRY_E 0 7.722e+02 1.063e+02 4.793e+01
s>            ( - 2.145e+02 1 0)
s>            ( - 4.514e+02 1 0)))INFO: dtree.c(1439): stop. leaf nodes are specific
INFO: dtree.c(1478): Final simple tree
|( WDBNDRY_E 0 1.618e+03 1.356e+02 9.040e+01
|    ( - 2.269e+02 1 0)
|    ( - 1.256e+03 1 0))
s>    ( WDBNDRY_E 0 1.618e+03 1.356e+02 9.040e+01
s>        ( - 2.269e+02 1 0)
s>        ( - 1.256e+03 1 0))INFO: dtree.c(1315): Comp split 9
INFO: dtree.c(1439): stop. leaf nodes are specific
INFO: dtree.c(1478): Final simple tree
|( QUESTION0 -1 7.710e+03 3.000e+02 4.103e+02
|    ( - 5.458e+03 1 0)
|    ( QUESTION10 -1 1.952e+03 1.269e+02 1.061e+02
|        ( - 1.429e+03 1 0)
|        ( - 3.965e+02 1 0)))
s>    ( QUESTION0 -1 7.710e+03 3.000e+02 4.103e+02
s>        ( - 5.458e+03 1 0)
s>        ( QUESTION10 -1 1.952e+03 1.269e+02 1.061e+02
s>            ( - 1.429e+03 1 0)
s>            ( - 3.965e+02 1 0)))INFO: dtree.c(1439): stop. leaf nodes are specific
INFO: dtree.c(1478): Final simple tree
|( WDBNDRY_B 0 3.495e+03 1.482e+02 2.005e+02
|    ( - 2.061e+03 1 0)
|    ( - 1.286e+03 1 0))
s>    ( WDBNDRY_B 0 3.495e+03 1.482e+02 2.005e+02
s>        ( - 2.061e+03 1 0)
s>        ( - 1.286e+03 1 0))INFO: dtree.c(1315): Comp split 10
INFO: dtree.c(1439): stop. leaf nodes are specific
INFO: dtree.c(1478): Final simple tree
|( WDBNDRY_B 0 3.940e+03 1.297e+02 2.151e+02
|    ( - 4.438e+02 1 0)
|    ( - 3.367e+03 2 0))
s>    ( WDBNDRY_B 0 3.940e+03 1.297e+02 2.151e+02
s>        ( - 4.438e+02 1 0)
s>        ( - 3.367e+03 2 0))INFO: dtree.c(1439): stop. leaf nodes are specific
INFO: dtree.c(1478): Final simple tree
|( QUESTION2 -1 6.740e+03 2.421e+02 3.649e+02
|    ( - 2.526e+03 2 0)
|    ( QUESTION0_3_R 1 3.972e+03 2.377e+02 2.169e+02
|        ( - 1.039e+03 1 0)
|        ( WDBNDRY_B 0 2.695e+03 1.402e+02 1.515e+02
|            ( - 6.540e+02 1 0)
|            ( - 1.901e+03 1 0))))
s>    ( QUESTION2 -1 6.740e+03 2.421e+02 3.649e+02
s>        ( - 2.526e+03 2 0)
s>        ( QUESTION0_3_R 1 3.972e+03 2.377e+02 2.169e+02
s>            ( - 1.039e+03 1 0)
s>            ( WDBNDRY_B 0 2.695e+03 1.402e+02 1.515e+02
s>                ( - 6.540e+02 1 0)
s>                ( - 1.901e+03 1 0))))INFO: dtree.c(1315): Comp split 11
INFO: dtree.c(1439): stop. leaf nodes are specific
INFO: dtree.c(1478): Final simple tree
|( QUESTION2 -1 3.070e+03 1.810e+02 1.721e+02
|    ( QUESTION0_1_R 1 1.049e+03 9.939e+01 6.473e+01
|        ( - 5.708e+02 1 0)
|        ( - 3.792e+02 1 0))
|    ( QUESTION0 -1 1.839e+03 1.299e+02 1.074e+02
|        ( WDBNDRY_B 0 9.795e+02 1.085e+02 5.923e+01
|            ( - 4.770e+02 1 0)
|            ( - 3.940e+02 1 0))
|        ( QUESTION6 -1 7.299e+02 1.031e+02 4.818e+01
|            ( - 2.984e+02 1 0)
|            ( - 3.285e+02 1 0))))
s>    ( QUESTION2 -1 3.070e+03 1.810e+02 1.721e+02
s>        ( QUESTION0_1_R 1 1.049e+03 9.939e+01 6.473e+01
s>            ( - 5.708e+02 1 0)
s>            ( - 3.792e+02 1 0))
s>        ( QUESTION0 -1 1.839e+03 1.299e+02 1.074e+02
s>            ( WDBNDRY_B 0 9.795e+02 1.085e+02 5.923e+01
s>                ( - 4.770e+02 1 0)
s>                ( - 3.940e+02 1 0))
s>            ( QUESTION6 -1 7.299e+02 1.031e+02 4.818e+01
s>                ( - 2.984e+02 1 0)
s>                ( - 3.285e+02 1 0))))INFO: dtree.c(1439): stop. leaf nodes are specific
INFO: dtree.c(1478): Final simple tree
|( QUESTION2_6_L -1 4.841e+03 2.603e+02 2.743e+02
|    ( WDBNDRY_B 0 2.025e+03 1.026e+02 1.280e+02
|        ( - 2.364e+02 1 0)
|        ( - 1.686e+03 1 0))
|    ( QUESTION2_0_L -1 2.556e+03 1.887e+02 1.464e+02
|        ( WDBNDRY_B 0 1.585e+03 1.391e+02 9.725e+01
|            ( - 8.642e+02 1 0)
|            ( - 5.822e+02 1 0))
|        ( QUESTION0 -1 7.817e+02 1.189e+02 4.913e+01
|            ( - 3.517e+02 1 0)
|            ( - 3.110e+02 1 0))))
s>    ( QUESTION2_6_L -1 4.841e+03 2.603e+02 2.743e+02
s>        ( WDBNDRY_B 0 2.025e+03 1.026e+02 1.280e+02
s>            ( - 2.364e+02 1 0)
s>            ( - 1.686e+03 1 0))
s>        ( QUESTION2_0_L -1 2.556e+03 1.887e+02 1.464e+02
s>            ( WDBNDRY_B 0 1.585e+03 1.391e+02 9.725e+01
s>                ( - 8.642e+02 1 0)
s>                ( - 5.822e+02 1 0))
s>            ( QUESTION0 -1 7.817e+02 1.189e+02 4.913e+01
s>                ( - 3.517e+02 1 0)
s>                ( - 3.110e+02 1 0))))INFO: dtree.c(1315): Comp split 12
INFO: dtree.c(1439): stop. leaf nodes are specific
INFO: dtree.c(1478): Final simple tree
|( QUESTION0_8_R 1 1.539e+03 1.618e+02 8.006e+01
|    ( QUESTION8 1 9.284e+02 1.173e+02 5.110e+01
|        ( - 2.682e+02 1 0)
|        ( WDBNDRY_E 0 5.428e+02 9.200e+01 3.210e+01
|            ( - 2.417e+02 1 0)
|            ( - 2.092e+02 1 0)))
|    ( QUESTION0_7_R 1 4.488e+02 9.545e+01 2.895e+01
|        ( - 1.209e+02 1 0)
|        ( - 2.324e+02 1 0)))
s>    ( QUESTION0_8_R 1 1.539e+03 1.618e+02 8.006e+01
s>        ( QUESTION8 1 9.284e+02 1.173e+02 5.110e+01
s>            ( - 2.682e+02 1 0)
s>            ( WDBNDRY_E 0 5.428e+02 9.200e+01 3.210e+01
s>                ( - 2.417e+02 1 0)
s>                ( - 2.092e+02 1 0)))
s>        ( QUESTION0_7_R 1 4.488e+02 9.545e+01 2.895e+01
s>            ( - 1.209e+02 1 0)
s>            ( - 2.324e+02 1 0)))INFO: dtree.c(1439): stop. leaf nodes are specific
INFO: dtree.c(1478): Final simple tree
|( SILENCE 1 2.461e+03 1.762e+02 1.531e+02
|    ( - 1.364e+03 1 0)
|    ( - 9.213e+02 2 0))
s>    ( SILENCE 1 2.461e+03 1.762e+02 1.531e+02
s>        ( - 1.364e+03 1 0)
s>        ( - 9.213e+02 2 0))INFO: dtree.c(1315): Comp split 13
INFO: dtree.c(1439): stop. leaf nodes are specific
INFO: dtree.c(1478): Final simple tree
|( WDBNDRY_B 0 2.585e+03 1.974e+02 1.391e+02
|    ( - 1.320e+03 1 0)
|    ( - 1.068e+03 1 0))
s>    ( WDBNDRY_B 0 2.585e+03 1.974e+02 1.391e+02
s>        ( - 1.320e+03 1 0)
s>        ( - 1.068e+03 1 0))INFO: dtree.c(1439): stop. leaf nodes are specific
INFO: dtree.c(1478): Final simple tree
|( WDBNDRY_B 0 4.201e+03 1.932e+02 2.014e+02
|    ( - 3.779e+03 2 0)
|    ( - 2.286e+02 1 0))
s>    ( WDBNDRY_B 0 4.201e+03 1.932e+02 2.014e+02
s>        ( - 3.779e+03 2 0)
s>        ( - 2.286e+02 1 0))INFO: dtree.c(1315): Comp split 14
INFO: dtree.c(1439): stop. leaf nodes are specific
INFO: dtree.c(1478): Final simple tree
|( QUESTION10 -1 1.952e+03 1.269e+02 1.061e+02
|    ( - 1.429e+03 1 0)
|    ( - 3.965e+02 1 0))
s>    ( QUESTION10 -1 1.952e+03 1.269e+02 1.061e+02
s>        ( - 1.429e+03 1 0)
s>        ( - 3.965e+02 1 0))INFO: dtree.c(1315): Comp split 15
INFO: dtree.c(1439): stop. leaf nodes are specific
INFO: dtree.c(1478): Final simple tree
|( WDBNDRY_B 0 2.695e+03 1.402e+02 1.515e+02
|    ( - 6.540e+02 1 0)
|    ( - 1.901e+03 1 0))
s>    ( WDBNDRY_B 0 2.695e+03 1.402e+02 1.515e+02
s>        ( - 6.540e+02 1 0)
s>        ( - 1.901e+03 1 0))INFO: dtree.c(1439): stop. leaf nodes are specific
INFO: dtree.c(1478): Final simple tree
|( WDBNDRY_B 0 3.760e+03 1.955e+02 2.133e+02
|    ( - 1.039e+03 1 0)
|    ( - 2.526e+03 2 0))
s>    ( WDBNDRY_B 0 3.760e+03 1.955e+02 2.133e+02
s>        ( - 1.039e+03 1 0)
s>        ( - 2.526e+03 2 0))INFO: dtree.c(1315): Comp split 16
INFO: dtree.c(1315): Comp split 17
INFO: dtree.c(1439): stop. leaf nodes are specific
INFO: dtree.c(1478): Final simple tree
|( WDBNDRY_B 0 2.151e+03 1.538e+02 1.303e+02
|    ( - 3.110e+02 1 0)
|    ( - 1.686e+03 1 0))
s>    ( WDBNDRY_B 0 2.151e+03 1.538e+02 1.303e+02
s>        ( - 3.110e+02 1 0)
s>        ( - 1.686e+03 1 0))INFO: dtree.c(1439): stop. leaf nodes are specific
INFO: dtree.c(1478): Final simple tree
|( QUESTION2_2_L -1 2.424e+03 1.731e+02 1.441e+02
|    ( - 8.642e+02 1 0)
|    ( WDBNDRY_B 0 1.387e+03 1.274e+02 9.028e+01
|        ( QUESTION0 -1 6.774e+02 8.925e+01 4.680e+01
|            ( - 3.517e+02 1 0)
|            ( - 2.364e+02 1 0))
|        ( - 5.822e+02 1 0)))
s>    ( QUESTION2_2_L -1 2.424e+03 1.731e+02 1.441e+02
s>        ( - 8.642e+02 1 0)
s>        ( WDBNDRY_B 0 1.387e+03 1.274e+02 9.028e+01
s>            ( QUESTION0 -1 6.774e+02 8.925e+01 4.680e+01
s>                ( - 3.517e+02 1 0)
s>                ( - 2.364e+02 1 0))
s>            ( - 5.822e+02 1 0)))INFO: dtree.c(1315): Comp split 18
INFO: dtree.c(1439): stop. leaf nodes are specific
INFO: dtree.c(1478): Final simple tree
|( WDBNDRY_B 0 1.416e+03 1.286e+02 8.484e+01
|    ( QUESTION0 -1 8.931e+02 8.762e+01 5.590e+01
|        ( - 4.770e+02 1 0)
|        ( - 3.285e+02 1 0))
|    ( - 3.940e+02 1 0))
s>    ( WDBNDRY_B 0 1.416e+03 1.286e+02 8.484e+01
s>        ( QUESTION0 -1 8.931e+02 8.762e+01 5.590e+01
s>            ( - 4.770e+02 1 0)
s>            ( - 3.285e+02 1 0))
s>        ( - 3.940e+02 1 0))INFO: dtree.c(1439): stop. leaf nodes are specific
INFO: dtree.c(1478): Final simple tree
|( QUESTION0_1_R 1 1.447e+03 1.211e+02 8.730e+01
|    ( - 5.708e+02 1 0)
|    ( WDBNDRY_B 0 7.552e+02 7.761e+01 4.932e+01
|        ( - 2.984e+02 1 0)
|        ( - 3.792e+02 1 0)))
s>    ( QUESTION0_1_R 1 1.447e+03 1.211e+02 8.730e+01
s>        ( - 5.708e+02 1 0)
s>        ( WDBNDRY_B 0 7.552e+02 7.761e+01 4.932e+01
s>            ( - 2.984e+02 1 0)
s>            ( - 3.792e+02 1 0)))INFO: dtree.c(1315): Comp split 19
INFO: dtree.c(1315): Comp split 20
INFO: dtree.c(1315): Comp split 21
INFO: dtree.c(1439): stop. leaf nodes are specific
INFO: dtree.c(1478): Final simple tree
|( WDBNDRY_E 0 7.722e+02 1.063e+02 4.793e+01
|    ( - 2.145e+02 1 0)
|    ( - 4.514e+02 1 0))
s>    ( WDBNDRY_E 0 7.722e+02 1.063e+02 4.793e+01
s>        ( - 2.145e+02 1 0)
s>        ( - 4.514e+02 1 0))INFO: dtree.c(1315): Comp split 22
INFO: dtree.c(1315): Comp split 23
INFO: dtree.c(1315): Comp split 24
INFO: dtree.c(1439): stop. leaf nodes are specific
INFO: dtree.c(1478): Final simple tree
|( QUESTION0_7_R 1 5.583e+02 8.421e+01 3.378e+01
|    ( - 2.417e+02 1 0)
|    ( - 2.324e+02 1 0))
s>    ( QUESTION0_7_R 1 5.583e+02 8.421e+01 3.378e+01
s>        ( - 2.417e+02 1 0)
s>        ( - 2.324e+02 1 0))INFO: dtree.c(1439): stop. leaf nodes are specific
INFO: dtree.c(1478): Final simple tree
|( QUESTION3 -1 8.054e+02 1.172e+02 4.628e+01
|    ( - 2.682e+02 1 0)
|    ( WDBNDRY_E 0 4.199e+02 8.990e+01 2.728e+01
|        ( - 1.209e+02 1 0)
|        ( - 2.092e+02 1 0)))
s>    ( QUESTION3 -1 8.054e+02 1.172e+02 4.628e+01
s>        ( - 2.682e+02 1 0)
s>        ( WDBNDRY_E 0 4.199e+02 8.990e+01 2.728e+01
s>            ( - 1.209e+02 1 0)
s>            ( - 2.092e+02 1 0)))INFO: dtree.c(1315): Comp split 25
INFO: dtree.c(1439): stop. leaf nodes are specific
INFO: dtree.c(1478): Final simple tree
|( WDBNDRY_B 0 1.387e+03 1.274e+02 9.028e+01
|    ( QUESTION0 -1 6.774e+02 8.925e+01 4.680e+01
|        ( - 3.517e+02 1 0)
|        ( - 2.364e+02 1 0))
|    ( - 5.822e+02 1 0))
s>    ( WDBNDRY_B 0 1.387e+03 1.274e+02 9.028e+01
s>        ( QUESTION0 -1 6.774e+02 8.925e+01 4.680e+01
s>            ( - 3.517e+02 1 0)
s>            ( - 2.364e+02 1 0))
s>        ( - 5.822e+02 1 0))INFO: dtree.c(1315): Comp split 26
INFO: dtree.c(1315): Comp split 27
INFO: dtree.c(1315): Comp split 28
INFO: dtree.c(1315): Comp split 29
INFO: dtree.c(1315): Comp split 30
INFO: dtree.c(1315): Comp split 31
INFO: dtree.c(1315): Comp split 32
INFO: dtree.c(1439): stop. leaf nodes are specific
INFO: dtree.c(1478): Final simple tree
|( QUESTION0 -1 8.931e+02 8.762e+01 5.590e+01
|    ( - 4.770e+02 1 0)
|    ( - 3.285e+02 1 0))
s>    ( QUESTION0 -1 8.931e+02 8.762e+01 5.590e+01
s>        ( - 4.770e+02 1 0)
s>        ( - 3.285e+02 1 0))INFO: dtree.c(1315): Comp split 33
INFO: dtree.c(1439): stop. leaf nodes are specific
INFO: dtree.c(1478): Final simple tree
|( QUESTION0 -1 6.774e+02 8.925e+01 4.680e+01
|    ( - 3.517e+02 1 0)
|    ( - 2.364e+02 1 0))
s>    ( QUESTION0 -1 6.774e+02 8.925e+01 4.680e+01
s>        ( - 3.517e+02 1 0)
s>        ( - 2.364e+02 1 0))INFO: dtree.c(1315): Comp split 34
INFO: dtree.c(1315): Comp split 35
INFO: dtree.c(1439): stop. leaf nodes are specific
INFO: dtree.c(1478): Final simple tree
|( WDBNDRY_B 0 7.552e+02 7.761e+01 4.932e+01
|    ( - 2.984e+02 1 0)
|    ( - 3.792e+02 1 0))
s>    ( WDBNDRY_B 0 7.552e+02 7.761e+01 4.932e+01
s>        ( - 2.984e+02 1 0)
s>        ( - 3.792e+02 1 0))INFO: dtree.c(1315): Comp split 36
INFO: dtree.c(1439): stop. leaf nodes are specific
INFO: dtree.c(1478): Final simple tree
|( WDBNDRY_E 0 4.199e+02 8.990e+01 2.728e+01
|    ( - 1.209e+02 1 0)
|    ( - 2.092e+02 1 0))
s>    ( WDBNDRY_E 0 4.199e+02 8.990e+01 2.728e+01
s>        ( - 1.209e+02 1 0)
s>        ( - 2.092e+02 1 0))INFO: dtree.c(1315): Comp split 37
INFO: dtree.c(1315): Comp split 38
INFO: dtree.c(1315): Comp split 39
INFO: dtree.c(1315): Comp split 40
INFO: dtree.c(1315): Comp split 41
INFO: dtree.c(1315): Comp split 42
INFO: dtree.c(1315): Comp split 43
INFO: dtree.c(1318): stop. leaf nodes are specific
Fri Dec  3 07:39:09 2021
