Current configuration:
[NAME]		[DEFLT]	[VALUE]
-allphones	no	no
-cntthresh	0.00001	1.000000e-05
-csplitmax	100	2000
-csplitmin	1	1
-csplitthr	8e-4	0.000000e+00
-example	no	no
-fullvar	no	no
-help		no	no
-meanfn			
-mixwfn			/home/azhar/Tubes_Speech/commandreminder/model_parameters/commandreminder.cd_ptm_untied/mixture_weights
-moddeffn		/home/azhar/Tubes_Speech/commandreminder/model_architecture/commandreminder.untied.mdef
-mwfloor	1e-4	1.000000e-08
-phone			S
-psetfn			/home/azhar/Tubes_Speech/commandreminder/model_architecture/commandreminder.tree_questions
-ssplitmax	5	7
-ssplitmin	1	1
-ssplitthr	8e-4	0.000000e+00
-state			0
-stwt			1.0,0.05,0.0,
-treefn			/home/azhar/Tubes_Speech/commandreminder/trees/commandreminder.unpruned/S-0.dtree
-ts2cbfn	.semi.	.semi.
-varfloor	0.00001	1.000000e-05
-varfn			

INFO: main.c(223): Reading: /home/azhar/Tubes_Speech/commandreminder/model_architecture/commandreminder.untied.mdef
INFO: model_def_io.c(573): Model definition info:
INFO: model_def_io.c(574): 1061 total models defined (31 base, 1030 tri)
INFO: model_def_io.c(575): 4244 total states
INFO: model_def_io.c(576): 3183 total tied states
INFO: model_def_io.c(577): 93 total tied CI states
INFO: model_def_io.c(578): 31 total tied transition matrices
INFO: model_def_io.c(579): 4 max state/model
INFO: model_def_io.c(580): 4 min state/model
INFO: main.c(242): Building trees for [S A A i] through [S U T i]
INFO: main.c(269): Covering states |[2622 2783]| == 162
INFO: main.c(275): Reading: /home/azhar/Tubes_Speech/commandreminder/model_parameters/commandreminder.cd_ptm_untied/mixture_weights
INFO: s3mixw_io.c(173): Read /home/azhar/Tubes_Speech/commandreminder/model_parameters/commandreminder.cd_ptm_untied/mixture_weights [162x4x64 array]
INFO: main.c(311): 54 of 54 models have observation count greater than 0.000010
INFO: main.c(95): nrm stwt: 0.952 0.048 0.000 
INFO: main.c(411): 54-class entropy: 1.833683e+05
INFO: main.c(549): Reading: /home/azhar/Tubes_Speech/commandreminder/model_architecture/commandreminder.tree_questions
INFO: main.c(588): 174 total simple questions (166 phone; 8 word bndry)
INFO: main.c(590): 40 Left Only questions, and 42 Right Only questions
INFO: dtree.c(1478): Final simple tree
|( SILENCE -1 2.185e+05 1.497e+04 9.868e+03
|    ( - 1.008e+05 1 0)
|    ( QUESTION2_1_L -1 1.027e+05 3.748e+03 4.769e+03
|        ( - 2.807e+04 14 0 QUESTION0_4_R 1 3.791e+02 1.460e+03)
|        ( QUESTION3 -1 7.085e+04 2.476e+03 3.309e+03
|            ( - 2.606e+04 11 0 QUESTION0_2_R 1 4.966e+02 1.345e+03)
|            ( QUESTION2 -1 4.232e+04 1.125e+03 1.963e+03
|                ( QUESTION0 1 1.229e+04 5.904e+02 6.190e+02
|                    ( - 6.786e+03 4 0 QUESTION0_4_R 1 2.515e+02 3.518e+02)
|                    ( - 4.914e+03 3 0 SILENCE 1 2.667e+02 2.671e+02))
|                ( QUESTION0 -1 2.890e+04 9.111e+02 1.344e+03
|                    ( - 1.191e+04 6 0 QUESTION4 1 4.683e+02 5.857e+02)
|                    ( QUESTION19 -1 1.608e+04 6.407e+02 7.586e+02
|                        ( - 7.461e+03 8 0 QUESTION4 1 4.116e+02 3.814e+02)
|                        ( - 7.982e+03 7 0 QUESTION2_9_L -1 4.622e+02 3.771e+02)))))))
s>    ( SILENCE -1 2.185e+05 1.497e+04 9.868e+03
s>        ( - 1.008e+05 1 0)
s>        ( QUESTION2_1_L -1 1.027e+05 3.748e+03 4.769e+03
s>            ( - 2.807e+04 14 0 QUESTION0_4_R 1 3.791e+02 1.460e+03)
s>            ( QUESTION3 -1 7.085e+04 2.476e+03 3.309e+03
s>                ( - 2.606e+04 11 0 QUESTION0_2_R 1 4.966e+02 1.345e+03)
s>                ( QUESTION2 -1 4.232e+04 1.125e+03 1.963e+03
s>                    ( QUESTION0 1 1.229e+04 5.904e+02 6.190e+02
s>                        ( - 6.786e+03 4 0 QUESTION0_4_R 1 2.515e+02 3.518e+02)
s>                        ( - 4.914e+03 3 0 SILENCE 1 2.667e+02 2.671e+02))
s>                    ( QUESTION0 -1 2.890e+04 9.111e+02 1.344e+03
s>                        ( - 1.191e+04 6 0 QUESTION4 1 4.683e+02 5.857e+02)
s>                        ( QUESTION19 -1 1.608e+04 6.407e+02 7.586e+02
s>                            ( - 7.461e+03 8 0 QUESTION4 1 4.116e+02 3.814e+02)
s>                            ( - 7.982e+03 7 0 QUESTION2_9_L -1 4.622e+02 3.771e+02)))))))INFO: dtree.c(1315): Comp split 0
INFO: dtree.c(1478): Final simple tree
|( QUESTION2_1_L -1 1.027e+05 3.748e+03 4.769e+03
|    ( - 2.807e+04 14 0 QUESTION0_4_R 1 3.791e+02 1.460e+03)
|    ( QUESTION3 -1 7.085e+04 2.476e+03 3.309e+03
|        ( QUESTION0_2_R 1 2.606e+04 4.966e+02 1.345e+03
|            ( - 1.848e+04 3 0 QUESTION0_3_R 1 3.037e+02 9.862e+02)
|            ( - 7.083e+03 8 0 WDBNDRY_I 0 3.330e+02 3.591e+02))
|        ( QUESTION2 -1 4.232e+04 1.125e+03 1.963e+03
|            ( QUESTION0 1 1.229e+04 5.904e+02 6.190e+02
|                ( - 6.786e+03 4 0 QUESTION0_4_R 1 2.515e+02 3.518e+02)
|                ( - 4.914e+03 3 0 SILENCE 1 2.667e+02 2.671e+02))
|            ( QUESTION0 -1 2.890e+04 9.111e+02 1.344e+03
|                ( - 1.191e+04 6 0 QUESTION4 1 4.683e+02 5.857e+02)
|                ( QUESTION19 -1 1.608e+04 6.407e+02 7.586e+02
|                    ( - 7.461e+03 8 0 QUESTION4 1 4.116e+02 3.814e+02)
|                    ( - 7.982e+03 7 0 QUESTION2_9_L -1 4.622e+02 3.771e+02))))))
s>    ( QUESTION2_1_L -1 1.027e+05 3.748e+03 4.769e+03
s>        ( - 2.807e+04 14 0 QUESTION0_4_R 1 3.791e+02 1.460e+03)
s>        ( QUESTION3 -1 7.085e+04 2.476e+03 3.309e+03
s>            ( QUESTION0_2_R 1 2.606e+04 4.966e+02 1.345e+03
s>                ( - 1.848e+04 3 0 QUESTION0_3_R 1 3.037e+02 9.862e+02)
s>                ( - 7.083e+03 8 0 WDBNDRY_I 0 3.330e+02 3.591e+02))
s>            ( QUESTION2 -1 4.232e+04 1.125e+03 1.963e+03
s>                ( QUESTION0 1 1.229e+04 5.904e+02 6.190e+02
s>                    ( - 6.786e+03 4 0 QUESTION0_4_R 1 2.515e+02 3.518e+02)
s>                    ( - 4.914e+03 3 0 SILENCE 1 2.667e+02 2.671e+02))
s>                ( QUESTION0 -1 2.890e+04 9.111e+02 1.344e+03
s>                    ( - 1.191e+04 6 0 QUESTION4 1 4.683e+02 5.857e+02)
s>                    ( QUESTION19 -1 1.608e+04 6.407e+02 7.586e+02
s>                        ( - 7.461e+03 8 0 QUESTION4 1 4.116e+02 3.814e+02)
s>                        ( - 7.982e+03 7 0 QUESTION2_9_L -1 4.622e+02 3.771e+02))))))INFO: dtree.c(1315): Comp split 1
INFO: dtree.c(1478): Final simple tree
|( QUESTION1 -1 3.893e+04 9.644e+02 1.931e+03
|    ( QUESTION4 1 1.191e+04 4.683e+02 5.857e+02
|        ( - 4.729e+03 1 0)
|        ( QUESTION0_1_R 1 6.713e+03 2.998e+02 3.355e+02
|            ( - 3.585e+03 1 0)
|            ( - 2.828e+03 4 0 WDBNDRY_B 0 1.941e+02 1.455e+02)))
|    ( QUESTION0_2_R 1 2.606e+04 4.966e+02 1.345e+03
|        ( QUESTION0_3_R 1 1.848e+04 3.037e+02 9.862e+02
|            ( - 1.138e+04 1 0)
|            ( WDBNDRY_B 0 6.793e+03 2.784e+02 3.707e+02
|                ( - 4.613e+03 1 0)
|                ( - 1.902e+03 1 0)))
|        ( WDBNDRY_I 0 7.083e+03 3.330e+02 3.591e+02
|            ( - 2.259e+03 2 0 QUESTION0_0_R 1 2.049e+02 1.222e+02)
|            ( - 4.491e+03 6 0 QUESTION0_6_R 1 2.264e+02 2.369e+02))))
s>    ( QUESTION1 -1 3.893e+04 9.644e+02 1.931e+03
s>        ( QUESTION4 1 1.191e+04 4.683e+02 5.857e+02
s>            ( - 4.729e+03 1 0)
s>            ( QUESTION0_1_R 1 6.713e+03 2.998e+02 3.355e+02
s>                ( - 3.585e+03 1 0)
s>                ( - 2.828e+03 4 0 WDBNDRY_B 0 1.941e+02 1.455e+02)))
s>        ( QUESTION0_2_R 1 2.606e+04 4.966e+02 1.345e+03
s>            ( QUESTION0_3_R 1 1.848e+04 3.037e+02 9.862e+02
s>                ( - 1.138e+04 1 0)
s>                ( WDBNDRY_B 0 6.793e+03 2.784e+02 3.707e+02
s>                    ( - 4.613e+03 1 0)
s>                    ( - 1.902e+03 1 0)))
s>            ( WDBNDRY_I 0 7.083e+03 3.330e+02 3.591e+02
s>                ( - 2.259e+03 2 0 QUESTION0_0_R 1 2.049e+02 1.222e+02)
s>                ( - 4.491e+03 6 0 QUESTION0_6_R 1 2.264e+02 2.369e+02))))INFO: dtree.c(1478): Final simple tree
|( QUESTION1 -1 5.968e+04 2.253e+03 2.838e+03
|    ( QUESTION0_4_R 1 2.807e+04 3.791e+02 1.460e+03
|        ( - 8.555e+03 2 0)
|        ( - 1.914e+04 12 0 QUESTION0_1_R 1 3.622e+02 1.019e+03))
|    ( QUESTION0 -1 2.936e+04 9.832e+02 1.378e+03
|        ( QUESTION0 1 1.229e+04 5.904e+02 6.190e+02
|            ( - 6.786e+03 4 0 QUESTION0_4_R 1 2.515e+02 3.518e+02)
|            ( - 4.914e+03 3 0 SILENCE 1 2.667e+02 2.671e+02))
|        ( QUESTION19 -1 1.608e+04 6.407e+02 7.586e+02
|            ( QUESTION4 1 7.461e+03 4.116e+02 3.814e+02
|                ( - 2.311e+03 3 0 QUESTION2_0_L -1 1.966e+02 1.333e+02)
|                ( - 4.738e+03 5 0 QUESTION0_4_R 1 2.301e+02 2.482e+02))
|            ( QUESTION2_9_L -1 7.982e+03 4.622e+02 3.771e+02
|                ( - 3.752e+03 4 0 QUESTION7 -1 2.683e+02 1.837e+02)
|                ( - 3.768e+03 3 0 QUESTION1 1 1.964e+02 1.935e+02)))))
s>    ( QUESTION1 -1 5.968e+04 2.253e+03 2.838e+03
s>        ( QUESTION0_4_R 1 2.807e+04 3.791e+02 1.460e+03
s>            ( - 8.555e+03 2 0)
s>            ( - 1.914e+04 12 0 QUESTION0_1_R 1 3.622e+02 1.019e+03))
s>        ( QUESTION0 -1 2.936e+04 9.832e+02 1.378e+03
s>            ( QUESTION0 1 1.229e+04 5.904e+02 6.190e+02
s>                ( - 6.786e+03 4 0 QUESTION0_4_R 1 2.515e+02 3.518e+02)
s>                ( - 4.914e+03 3 0 SILENCE 1 2.667e+02 2.671e+02))
s>            ( QUESTION19 -1 1.608e+04 6.407e+02 7.586e+02
s>                ( QUESTION4 1 7.461e+03 4.116e+02 3.814e+02
s>                    ( - 2.311e+03 3 0 QUESTION2_0_L -1 1.966e+02 1.333e+02)
s>                    ( - 4.738e+03 5 0 QUESTION0_4_R 1 2.301e+02 2.482e+02))
s>                ( QUESTION2_9_L -1 7.982e+03 4.622e+02 3.771e+02
s>                    ( - 3.752e+03 4 0 QUESTION7 -1 2.683e+02 1.837e+02)
s>                    ( - 3.768e+03 3 0 QUESTION1 1 1.964e+02 1.935e+02)))))INFO: dtree.c(1315): Comp split 2
INFO: dtree.c(1478): Final simple tree
|( QUESTION0 -1 2.936e+04 9.832e+02 1.378e+03
|    ( QUESTION0 1 1.229e+04 5.904e+02 6.190e+02
|        ( - 6.786e+03 4 0 QUESTION0_4_R 1 2.515e+02 3.518e+02)
|        ( SILENCE 1 4.914e+03 2.667e+02 2.671e+02
|            ( - 3.093e+03 1 0)
|            ( - 1.555e+03 2 0 WDBNDRY_E 0 1.239e+02 9.820e+01)))
|    ( QUESTION19 -1 1.608e+04 6.407e+02 7.586e+02
|        ( QUESTION4 1 7.461e+03 4.116e+02 3.814e+02
|            ( - 2.311e+03 3 0 QUESTION2_0_L -1 1.966e+02 1.333e+02)
|            ( - 4.738e+03 5 0 QUESTION0_4_R 1 2.301e+02 2.482e+02))
|        ( QUESTION2_9_L -1 7.982e+03 4.622e+02 3.771e+02
|            ( QUESTION7 -1 3.752e+03 2.683e+02 1.837e+02
|                ( - 2.467e+03 3 0 WDBNDRY_B 0 2.081e+02 1.265e+02)
|                ( - 1.017e+03 1 0))
|            ( - 3.768e+03 3 0 QUESTION1 1 1.964e+02 1.935e+02))))
s>    ( QUESTION0 -1 2.936e+04 9.832e+02 1.378e+03
s>        ( QUESTION0 1 1.229e+04 5.904e+02 6.190e+02
s>            ( - 6.786e+03 4 0 QUESTION0_4_R 1 2.515e+02 3.518e+02)
s>            ( SILENCE 1 4.914e+03 2.667e+02 2.671e+02
s>                ( - 3.093e+03 1 0)
s>                ( - 1.555e+03 2 0 WDBNDRY_E 0 1.239e+02 9.820e+01)))
s>        ( QUESTION19 -1 1.608e+04 6.407e+02 7.586e+02
s>            ( QUESTION4 1 7.461e+03 4.116e+02 3.814e+02
s>                ( - 2.311e+03 3 0 QUESTION2_0_L -1 1.966e+02 1.333e+02)
s>                ( - 4.738e+03 5 0 QUESTION0_4_R 1 2.301e+02 2.482e+02))
s>            ( QUESTION2_9_L -1 7.982e+03 4.622e+02 3.771e+02
s>                ( QUESTION7 -1 3.752e+03 2.683e+02 1.837e+02
s>                    ( - 2.467e+03 3 0 WDBNDRY_B 0 2.081e+02 1.265e+02)
s>                    ( - 1.017e+03 1 0))
s>                ( - 3.768e+03 3 0 QUESTION1 1 1.964e+02 1.935e+02))))INFO: dtree.c(1478): Final simple tree
|( QUESTION0_4_R 1 2.807e+04 3.791e+02 1.460e+03
|    ( - 8.555e+03 2 0)
|    ( QUESTION0_1_R 1 1.914e+04 3.622e+02 1.019e+03
|        ( WDBNDRY_B 0 6.573e+03 2.507e+02 3.536e+02
|            ( - 2.332e+03 2 0 QUESTION3 1 1.622e+02 1.258e+02)
|            ( - 3.990e+03 1 0))
|        ( WDBNDRY_I 0 1.220e+04 2.877e+02 6.655e+02
|            ( - 2.063e+03 1 0)
|            ( QUESTION8 1 9.852e+03 2.503e+02 5.466e+02
|                ( - 1.601e+03 2 0)
|                ( QUESTION1 1 8.001e+03 2.204e+02 4.512e+02
|                    ( - 9.067e+02 1 0)
|                    ( QUESTION6 1 6.874e+03 1.864e+02 3.948e+02
|                        ( - 3.289e+03 2 0 QUESTION0_7_R 1 1.321e+02 1.964e+02)
|                        ( - 3.399e+03 3 0 QUESTION0_14_R 1 1.561e+02 1.984e+02)))))))
s>    ( QUESTION0_4_R 1 2.807e+04 3.791e+02 1.460e+03
s>        ( - 8.555e+03 2 0)
s>        ( QUESTION0_1_R 1 1.914e+04 3.622e+02 1.019e+03
s>            ( WDBNDRY_B 0 6.573e+03 2.507e+02 3.536e+02
s>                ( - 2.332e+03 2 0 QUESTION3 1 1.622e+02 1.258e+02)
s>                ( - 3.990e+03 1 0))
s>            ( WDBNDRY_I 0 1.220e+04 2.877e+02 6.655e+02
s>                ( - 2.063e+03 1 0)
s>                ( QUESTION8 1 9.852e+03 2.503e+02 5.466e+02
s>                    ( - 1.601e+03 2 0)
s>                    ( QUESTION1 1 8.001e+03 2.204e+02 4.512e+02
s>                        ( - 9.067e+02 1 0)
s>                        ( QUESTION6 1 6.874e+03 1.864e+02 3.948e+02
s>                            ( - 3.289e+03 2 0 QUESTION0_7_R 1 1.321e+02 1.964e+02)
s>                            ( - 3.399e+03 3 0 QUESTION0_14_R 1 1.561e+02 1.984e+02)))))))INFO: dtree.c(1315): Comp split 3
INFO: dtree.c(1478): Final simple tree
|( QUESTION19 -1 1.608e+04 6.407e+02 7.586e+02
|    ( QUESTION4 1 7.461e+03 4.116e+02 3.814e+02
|        ( QUESTION2_0_L -1 2.311e+03 1.966e+02 1.333e+02
|            ( - 1.411e+03 2 0 QUESTION0_1_R 1 1.347e+02 8.469e+01)
|            ( - 7.036e+02 1 0))
|        ( QUESTION0_4_R 1 4.738e+03 2.301e+02 2.482e+02
|            ( - 1.359e+03 1 0)
|            ( - 3.149e+03 4 0 WDBNDRY_B 0 1.937e+02 1.661e+02)))
|    ( QUESTION2_9_L -1 7.982e+03 4.622e+02 3.771e+02
|        ( QUESTION7 -1 3.752e+03 2.683e+02 1.837e+02
|            ( WDBNDRY_B 0 2.467e+03 2.081e+02 1.265e+02
|                ( - 1.168e+03 2 0 QUESTION0_1_R 1 1.625e+02 6.250e+01)
|                ( - 1.091e+03 1 0))
|            ( - 1.017e+03 1 0))
|        ( - 3.768e+03 3 0 QUESTION1 1 1.964e+02 1.935e+02)))
s>    ( QUESTION19 -1 1.608e+04 6.407e+02 7.586e+02
s>        ( QUESTION4 1 7.461e+03 4.116e+02 3.814e+02
s>            ( QUESTION2_0_L -1 2.311e+03 1.966e+02 1.333e+02
s>                ( - 1.411e+03 2 0 QUESTION0_1_R 1 1.347e+02 8.469e+01)
s>                ( - 7.036e+02 1 0))
s>            ( QUESTION0_4_R 1 4.738e+03 2.301e+02 2.482e+02
s>                ( - 1.359e+03 1 0)
s>                ( - 3.149e+03 4 0 WDBNDRY_B 0 1.937e+02 1.661e+02)))
s>        ( QUESTION2_9_L -1 7.982e+03 4.622e+02 3.771e+02
s>            ( QUESTION7 -1 3.752e+03 2.683e+02 1.837e+02
s>                ( WDBNDRY_B 0 2.467e+03 2.081e+02 1.265e+02
s>                    ( - 1.168e+03 2 0 QUESTION0_1_R 1 1.625e+02 6.250e+01)
s>                    ( - 1.091e+03 1 0))
s>                ( - 1.017e+03 1 0))
s>            ( - 3.768e+03 3 0 QUESTION1 1 1.964e+02 1.935e+02)))INFO: dtree.c(1439): stop. leaf nodes are specific
INFO: dtree.c(1478): Final simple tree
|( QUESTION0 1 1.229e+04 5.904e+02 6.190e+02
|    ( QUESTION0_4_R 1 6.786e+03 2.515e+02 3.518e+02
|        ( - 1.732e+03 2 0)
|        ( WDBNDRY_E 0 4.803e+03 1.544e+02 2.560e+02
|            ( - 5.183e+02 1 0)
|            ( - 4.130e+03 1 0)))
|    ( SILENCE 1 4.914e+03 2.667e+02 2.671e+02
|        ( - 3.093e+03 1 0)
|        ( WDBNDRY_E 0 1.555e+03 1.239e+02 9.820e+01
|            ( - 4.845e+02 1 0)
|            ( - 9.462e+02 1 0))))
s>    ( QUESTION0 1 1.229e+04 5.904e+02 6.190e+02
s>        ( QUESTION0_4_R 1 6.786e+03 2.515e+02 3.518e+02
s>            ( - 1.732e+03 2 0)
s>            ( WDBNDRY_E 0 4.803e+03 1.544e+02 2.560e+02
s>                ( - 5.183e+02 1 0)
s>                ( - 4.130e+03 1 0)))
s>        ( SILENCE 1 4.914e+03 2.667e+02 2.671e+02
s>            ( - 3.093e+03 1 0)
s>            ( WDBNDRY_E 0 1.555e+03 1.239e+02 9.820e+01
s>                ( - 4.845e+02 1 0)
s>                ( - 9.462e+02 1 0))))INFO: dtree.c(1315): Comp split 4
INFO: dtree.c(1478): Final simple tree
|( QUESTION0_2_R 1 2.606e+04 4.966e+02 1.345e+03
|    ( QUESTION0_3_R 1 1.848e+04 3.037e+02 9.862e+02
|        ( - 1.138e+04 1 0)
|        ( WDBNDRY_B 0 6.793e+03 2.784e+02 3.707e+02
|            ( - 4.613e+03 1 0)
|            ( - 1.902e+03 1 0)))
|    ( WDBNDRY_I 0 7.083e+03 3.330e+02 3.591e+02
|        ( QUESTION0_0_R 1 2.259e+03 2.049e+02 1.222e+02
|            ( - 1.220e+03 1 0)
|            ( - 8.344e+02 1 0))
|        ( QUESTION0_6_R 1 4.491e+03 2.264e+02 2.369e+02
|            ( QUESTION9 1 3.036e+03 1.700e+02 1.708e+02
|                ( - 1.369e+03 2 0 QUESTION0_7_R 1 1.134e+02 8.312e+01)
|                ( - 1.498e+03 2 0 QUESTION0_7_R 1 1.301e+02 8.766e+01))
|            ( - 1.228e+03 2 0 WDBNDRY_B 0 1.483e+02 6.614e+01))))
s>    ( QUESTION0_2_R 1 2.606e+04 4.966e+02 1.345e+03
s>        ( QUESTION0_3_R 1 1.848e+04 3.037e+02 9.862e+02
s>            ( - 1.138e+04 1 0)
s>            ( WDBNDRY_B 0 6.793e+03 2.784e+02 3.707e+02
s>                ( - 4.613e+03 1 0)
s>                ( - 1.902e+03 1 0)))
s>        ( WDBNDRY_I 0 7.083e+03 3.330e+02 3.591e+02
s>            ( QUESTION0_0_R 1 2.259e+03 2.049e+02 1.222e+02
s>                ( - 1.220e+03 1 0)
s>                ( - 8.344e+02 1 0))
s>            ( QUESTION0_6_R 1 4.491e+03 2.264e+02 2.369e+02
s>                ( QUESTION9 1 3.036e+03 1.700e+02 1.708e+02
s>                    ( - 1.369e+03 2 0 QUESTION0_7_R 1 1.134e+02 8.312e+01)
s>                    ( - 1.498e+03 2 0 QUESTION0_7_R 1 1.301e+02 8.766e+01))
s>                ( - 1.228e+03 2 0 WDBNDRY_B 0 1.483e+02 6.614e+01))))INFO: dtree.c(1439): stop. leaf nodes are specific
INFO: dtree.c(1478): Final simple tree
|( QUESTION4 1 1.191e+04 4.683e+02 5.857e+02
|    ( - 4.729e+03 1 0)
|    ( QUESTION0_1_R 1 6.713e+03 2.998e+02 3.355e+02
|        ( - 3.585e+03 1 0)
|        ( WDBNDRY_B 0 2.828e+03 1.941e+02 1.455e+02
|            ( - 6.615e+02 1 0)
|            ( QUESTION0_3_R 1 1.973e+03 1.845e+02 1.043e+02
|                ( - 9.687e+02 1 0)
|                ( QUESTION0_0_R 1 8.194e+02 1.021e+02 4.775e+01
|                    ( - 3.901e+02 1 0)
|                    ( - 3.272e+02 1 0))))))
s>    ( QUESTION4 1 1.191e+04 4.683e+02 5.857e+02
s>        ( - 4.729e+03 1 0)
s>        ( QUESTION0_1_R 1 6.713e+03 2.998e+02 3.355e+02
s>            ( - 3.585e+03 1 0)
s>            ( WDBNDRY_B 0 2.828e+03 1.941e+02 1.455e+02
s>                ( - 6.615e+02 1 0)
s>                ( QUESTION0_3_R 1 1.973e+03 1.845e+02 1.043e+02
s>                    ( - 9.687e+02 1 0)
s>                    ( QUESTION0_0_R 1 8.194e+02 1.021e+02 4.775e+01
s>                        ( - 3.901e+02 1 0)
s>                        ( - 3.272e+02 1 0))))))INFO: dtree.c(1315): Comp split 5
INFO: dtree.c(1439): stop. leaf nodes are specific
INFO: dtree.c(1478): Final simple tree
|( QUESTION2_9_L -1 7.982e+03 4.622e+02 3.771e+02
|    ( QUESTION7 -1 3.752e+03 2.683e+02 1.837e+02
|        ( WDBNDRY_B 0 2.467e+03 2.081e+02 1.265e+02
|            ( QUESTION0_1_R 1 1.168e+03 1.625e+02 6.250e+01
|                ( - 6.443e+02 1 0)
|                ( - 3.610e+02 1 0))
|            ( - 1.091e+03 1 0))
|        ( - 1.017e+03 1 0))
|    ( QUESTION1 1 3.768e+03 1.964e+02 1.935e+02
|        ( QUESTION0_3_R 1 3.299e+03 1.803e+02 1.749e+02
|            ( - 1.600e+03 1 0)
|            ( - 1.519e+03 1 0))
|        ( - 2.725e+02 1 0)))
s>    ( QUESTION2_9_L -1 7.982e+03 4.622e+02 3.771e+02
s>        ( QUESTION7 -1 3.752e+03 2.683e+02 1.837e+02
s>            ( WDBNDRY_B 0 2.467e+03 2.081e+02 1.265e+02
s>                ( QUESTION0_1_R 1 1.168e+03 1.625e+02 6.250e+01
s>                    ( - 6.443e+02 1 0)
s>                    ( - 3.610e+02 1 0))
s>                ( - 1.091e+03 1 0))
s>            ( - 1.017e+03 1 0))
s>        ( QUESTION1 1 3.768e+03 1.964e+02 1.935e+02
s>            ( QUESTION0_3_R 1 3.299e+03 1.803e+02 1.749e+02
s>                ( - 1.600e+03 1 0)
s>                ( - 1.519e+03 1 0))
s>            ( - 2.725e+02 1 0)))INFO: dtree.c(1439): stop. leaf nodes are specific
INFO: dtree.c(1478): Final simple tree
|( QUESTION4 1 7.461e+03 4.116e+02 3.814e+02
|    ( QUESTION2_0_L -1 2.311e+03 1.966e+02 1.333e+02
|        ( QUESTION0_1_R 1 1.411e+03 1.347e+02 8.469e+01
|            ( - 5.889e+02 1 0)
|            ( - 6.870e+02 1 0))
|        ( - 7.036e+02 1 0))
|    ( QUESTION0_4_R 1 4.738e+03 2.301e+02 2.482e+02
|        ( - 1.359e+03 1 0)
|        ( WDBNDRY_B 0 3.149e+03 1.937e+02 1.661e+02
|            ( QUESTION0_1_R 1 2.228e+03 1.670e+02 1.200e+02
|                ( - 6.326e+02 1 0)
|                ( - 1.429e+03 2 0))
|            ( - 7.268e+02 1 0))))
s>    ( QUESTION4 1 7.461e+03 4.116e+02 3.814e+02
s>        ( QUESTION2_0_L -1 2.311e+03 1.966e+02 1.333e+02
s>            ( QUESTION0_1_R 1 1.411e+03 1.347e+02 8.469e+01
s>                ( - 5.889e+02 1 0)
s>                ( - 6.870e+02 1 0))
s>            ( - 7.036e+02 1 0))
s>        ( QUESTION0_4_R 1 4.738e+03 2.301e+02 2.482e+02
s>            ( - 1.359e+03 1 0)
s>            ( WDBNDRY_B 0 3.149e+03 1.937e+02 1.661e+02
s>                ( QUESTION0_1_R 1 2.228e+03 1.670e+02 1.200e+02
s>                    ( - 6.326e+02 1 0)
s>                    ( - 1.429e+03 2 0))
s>                ( - 7.268e+02 1 0))))INFO: dtree.c(1315): Comp split 6
INFO: dtree.c(1439): stop. leaf nodes are specific
INFO: dtree.c(1478): Final simple tree
|( SILENCE 1 4.914e+03 2.667e+02 2.671e+02
|    ( - 3.093e+03 1 0)
|    ( WDBNDRY_E 0 1.555e+03 1.239e+02 9.820e+01
|        ( - 4.845e+02 1 0)
|        ( - 9.462e+02 1 0)))
s>    ( SILENCE 1 4.914e+03 2.667e+02 2.671e+02
s>        ( - 3.093e+03 1 0)
s>        ( WDBNDRY_E 0 1.555e+03 1.239e+02 9.820e+01
s>            ( - 4.845e+02 1 0)
s>            ( - 9.462e+02 1 0)))INFO: dtree.c(1439): stop. leaf nodes are specific
INFO: dtree.c(1478): Final simple tree
|( QUESTION0_4_R 1 6.786e+03 2.515e+02 3.518e+02
|    ( - 1.732e+03 2 0)
|    ( WDBNDRY_E 0 4.803e+03 1.544e+02 2.560e+02
|        ( - 5.183e+02 1 0)
|        ( - 4.130e+03 1 0)))
s>    ( QUESTION0_4_R 1 6.786e+03 2.515e+02 3.518e+02
s>        ( - 1.732e+03 2 0)
s>        ( WDBNDRY_E 0 4.803e+03 1.544e+02 2.560e+02
s>            ( - 5.183e+02 1 0)
s>            ( - 4.130e+03 1 0)))INFO: dtree.c(1315): Comp split 7
INFO: dtree.c(1439): stop. leaf nodes are specific
INFO: dtree.c(1478): Final simple tree
|( WDBNDRY_E 0 5.631e+03 3.357e+02 2.930e+02
|    ( QUESTION9 1 3.036e+03 1.700e+02 1.708e+02
|        ( QUESTION0_7_R 1 1.369e+03 1.134e+02 8.312e+01
|            ( - 7.939e+02 1 0)
|            ( - 4.612e+02 1 0))
|        ( QUESTION0_7_R 1 1.498e+03 1.301e+02 8.766e+01
|            ( - 6.741e+02 1 0)
|            ( - 6.936e+02 1 0)))
|    ( QUESTION0_0_R 1 2.259e+03 2.049e+02 1.222e+02
|        ( - 1.220e+03 1 0)
|        ( - 8.344e+02 1 0)))
s>    ( WDBNDRY_E 0 5.631e+03 3.357e+02 2.930e+02
s>        ( QUESTION9 1 3.036e+03 1.700e+02 1.708e+02
s>            ( QUESTION0_7_R 1 1.369e+03 1.134e+02 8.312e+01
s>                ( - 7.939e+02 1 0)
s>                ( - 4.612e+02 1 0))
s>            ( QUESTION0_7_R 1 1.498e+03 1.301e+02 8.766e+01
s>                ( - 6.741e+02 1 0)
s>                ( - 6.936e+02 1 0)))
s>        ( QUESTION0_0_R 1 2.259e+03 2.049e+02 1.222e+02
s>            ( - 1.220e+03 1 0)
s>            ( - 8.344e+02 1 0)))INFO: dtree.c(1439): stop. leaf nodes are specific
INFO: dtree.c(1478): Final simple tree
|( QUESTION0_4_R 1 1.993e+04 3.137e+02 1.052e+03
|    ( WDBNDRY_B 0 6.793e+03 2.784e+02 3.707e+02
|        ( - 4.613e+03 1 0)
|        ( - 1.902e+03 1 0))
|    ( QUESTION0_2_R 1 1.282e+04 2.127e+02 6.816e+02
|        ( - 1.138e+04 1 0)
|        ( WDBNDRY_B 0 1.228e+03 1.483e+02 6.614e+01
|            ( - 4.470e+02 1 0)
|            ( - 6.325e+02 1 0))))
s>    ( QUESTION0_4_R 1 1.993e+04 3.137e+02 1.052e+03
s>        ( WDBNDRY_B 0 6.793e+03 2.784e+02 3.707e+02
s>            ( - 4.613e+03 1 0)
s>            ( - 1.902e+03 1 0))
s>        ( QUESTION0_2_R 1 1.282e+04 2.127e+02 6.816e+02
s>            ( - 1.138e+04 1 0)
s>            ( WDBNDRY_B 0 1.228e+03 1.483e+02 6.614e+01
s>                ( - 4.470e+02 1 0)
s>                ( - 6.325e+02 1 0))))INFO: dtree.c(1315): Comp split 8
INFO: dtree.c(1439): stop. leaf nodes are specific
INFO: dtree.c(1478): Final simple tree
|( QUESTION0_1_R 1 6.713e+03 2.998e+02 3.355e+02
|    ( - 3.585e+03 1 0)
|    ( WDBNDRY_B 0 2.828e+03 1.941e+02 1.455e+02
|        ( - 6.615e+02 1 0)
|        ( QUESTION0_3_R 1 1.973e+03 1.845e+02 1.043e+02
|            ( - 9.687e+02 1 0)
|            ( QUESTION0_0_R 1 8.194e+02 1.021e+02 4.775e+01
|                ( - 3.901e+02 1 0)
|                ( - 3.272e+02 1 0)))))
s>    ( QUESTION0_1_R 1 6.713e+03 2.998e+02 3.355e+02
s>        ( - 3.585e+03 1 0)
s>        ( WDBNDRY_B 0 2.828e+03 1.941e+02 1.455e+02
s>            ( - 6.615e+02 1 0)
s>            ( QUESTION0_3_R 1 1.973e+03 1.845e+02 1.043e+02
s>                ( - 9.687e+02 1 0)
s>                ( QUESTION0_0_R 1 8.194e+02 1.021e+02 4.775e+01
s>                    ( - 3.901e+02 1 0)
s>                    ( - 3.272e+02 1 0)))))INFO: dtree.c(1315): Comp split 9
INFO: dtree.c(1439): stop. leaf nodes are specific
INFO: dtree.c(1478): Final simple tree
|( WDBNDRY_I 0 1.105e+04 2.767e+02 6.090e+02
|    ( - 2.063e+03 1 0)
|    ( QUESTION8 1 8.713e+03 2.376e+02 4.901e+02
|        ( - 1.601e+03 2 0)
|        ( QUESTION6 1 6.874e+03 1.864e+02 3.948e+02
|            ( QUESTION0_7_R 1 3.289e+03 1.321e+02 1.964e+02
|                ( - 6.945e+02 1 0)
|                ( - 2.462e+03 1 0))
|            ( QUESTION0_14_R 1 3.399e+03 1.561e+02 1.984e+02
|                ( - 7.253e+02 1 0)
|                ( WDBNDRY_B 0 2.518e+03 1.150e+02 1.523e+02
|                    ( - 1.815e+03 1 0)
|                    ( - 5.880e+02 1 0))))))
s>    ( WDBNDRY_I 0 1.105e+04 2.767e+02 6.090e+02
s>        ( - 2.063e+03 1 0)
s>        ( QUESTION8 1 8.713e+03 2.376e+02 4.901e+02
s>            ( - 1.601e+03 2 0)
s>            ( QUESTION6 1 6.874e+03 1.864e+02 3.948e+02
s>                ( QUESTION0_7_R 1 3.289e+03 1.321e+02 1.964e+02
s>                    ( - 6.945e+02 1 0)
s>                    ( - 2.462e+03 1 0))
s>                ( QUESTION0_14_R 1 3.399e+03 1.561e+02 1.984e+02
s>                    ( - 7.253e+02 1 0)
s>                    ( WDBNDRY_B 0 2.518e+03 1.150e+02 1.523e+02
s>                        ( - 1.815e+03 1 0)
s>                        ( - 5.880e+02 1 0))))))INFO: dtree.c(1439): stop. leaf nodes are specific
INFO: dtree.c(1478): Final simple tree
|( QUESTION0_1_R 1 1.655e+04 3.249e+02 8.512e+02
|    ( WDBNDRY_B 0 6.573e+03 2.507e+02 3.536e+02
|        ( QUESTION3 1 2.332e+03 1.622e+02 1.258e+02
|            ( - 1.833e+03 1 0)
|            ( - 3.368e+02 1 0))
|        ( - 3.990e+03 1 0))
|    ( WDBNDRY_B 0 9.656e+03 1.943e+02 4.976e+02
|        ( - 9.067e+02 1 0)
|        ( - 8.555e+03 2 0)))
s>    ( QUESTION0_1_R 1 1.655e+04 3.249e+02 8.512e+02
s>        ( WDBNDRY_B 0 6.573e+03 2.507e+02 3.536e+02
s>            ( QUESTION3 1 2.332e+03 1.622e+02 1.258e+02
s>                ( - 1.833e+03 1 0)
s>                ( - 3.368e+02 1 0))
s>            ( - 3.990e+03 1 0))
s>        ( WDBNDRY_B 0 9.656e+03 1.943e+02 4.976e+02
s>            ( - 9.067e+02 1 0)
s>            ( - 8.555e+03 2 0)))INFO: dtree.c(1315): Comp split 10
INFO: dtree.c(1439): stop. leaf nodes are specific
INFO: dtree.c(1478): Final simple tree
|( QUESTION9 -1 4.323e+03 2.716e+02 2.158e+02
|    ( QUESTION0_3_R 1 3.299e+03 1.803e+02 1.749e+02
|        ( - 1.600e+03 1 0)
|        ( - 1.519e+03 1 0))
|    ( QUESTION0_3_R 1 7.523e+02 1.188e+02 4.099e+01
|        ( - 2.725e+02 1 0)
|        ( - 3.610e+02 1 0)))
s>    ( QUESTION9 -1 4.323e+03 2.716e+02 2.158e+02
s>        ( QUESTION0_3_R 1 3.299e+03 1.803e+02 1.749e+02
s>            ( - 1.600e+03 1 0)
s>            ( - 1.519e+03 1 0))
s>        ( QUESTION0_3_R 1 7.523e+02 1.188e+02 4.099e+01
s>            ( - 2.725e+02 1 0)
s>            ( - 3.610e+02 1 0)))INFO: dtree.c(1439): stop. leaf nodes are specific
INFO: dtree.c(1478): Final simple tree
|( QUESTION7 -1 3.194e+03 2.634e+02 1.613e+02
|    ( WDBNDRY_B 0 1.913e+03 1.778e+02 1.041e+02
|        ( - 6.443e+02 1 0)
|        ( - 1.091e+03 1 0))
|    ( - 1.017e+03 1 0))
s>    ( QUESTION7 -1 3.194e+03 2.634e+02 1.613e+02
s>        ( WDBNDRY_B 0 1.913e+03 1.778e+02 1.041e+02
s>            ( - 6.443e+02 1 0)
s>            ( - 1.091e+03 1 0))
s>        ( - 1.017e+03 1 0))INFO: dtree.c(1315): Comp split 11
INFO: dtree.c(1439): stop. leaf nodes are specific
INFO: dtree.c(1478): Final simple tree
|( QUESTION0_4_R 1 4.738e+03 2.301e+02 2.482e+02
|    ( - 1.359e+03 1 0)
|    ( WDBNDRY_B 0 3.149e+03 1.937e+02 1.661e+02
|        ( QUESTION0_1_R 1 2.228e+03 1.670e+02 1.200e+02
|            ( - 6.326e+02 1 0)
|            ( - 1.429e+03 2 0))
|        ( - 7.268e+02 1 0)))
s>    ( QUESTION0_4_R 1 4.738e+03 2.301e+02 2.482e+02
s>        ( - 1.359e+03 1 0)
s>        ( WDBNDRY_B 0 3.149e+03 1.937e+02 1.661e+02
s>            ( QUESTION0_1_R 1 2.228e+03 1.670e+02 1.200e+02
s>                ( - 6.326e+02 1 0)
s>                ( - 1.429e+03 2 0))
s>            ( - 7.268e+02 1 0)))INFO: dtree.c(1439): stop. leaf nodes are specific
INFO: dtree.c(1478): Final simple tree
|( QUESTION2_0_L -1 2.311e+03 1.966e+02 1.333e+02
|    ( QUESTION0_1_R 1 1.411e+03 1.347e+02 8.469e+01
|        ( - 5.889e+02 1 0)
|        ( - 6.870e+02 1 0))
|    ( - 7.036e+02 1 0))
s>    ( QUESTION2_0_L -1 2.311e+03 1.966e+02 1.333e+02
s>        ( QUESTION0_1_R 1 1.411e+03 1.347e+02 8.469e+01
s>            ( - 5.889e+02 1 0)
s>            ( - 6.870e+02 1 0))
s>        ( - 7.036e+02 1 0))INFO: dtree.c(1315): Comp split 12
INFO: dtree.c(1439): stop. leaf nodes are specific
INFO: dtree.c(1478): Final simple tree
|( WDBNDRY_B 0 5.423e+03 1.771e+02 2.938e+02
|    ( - 4.613e+03 1 0)
|    ( - 6.325e+02 1 0))
s>    ( WDBNDRY_B 0 5.423e+03 1.771e+02 2.938e+02
s>        ( - 4.613e+03 1 0)
s>        ( - 6.325e+02 1 0))INFO: dtree.c(1439): stop. leaf nodes are specific
INFO: dtree.c(1478): Final simple tree
|( QUESTION0_3_R 1 1.414e+04 2.483e+02 7.585e+02
|    ( - 1.138e+04 1 0)
|    ( WDBNDRY_B 0 2.506e+03 1.570e+02 1.430e+02
|        ( - 4.470e+02 1 0)
|        ( - 1.902e+03 1 0)))
s>    ( QUESTION0_3_R 1 1.414e+04 2.483e+02 7.585e+02
s>        ( - 1.138e+04 1 0)
s>        ( WDBNDRY_B 0 2.506e+03 1.570e+02 1.430e+02
s>            ( - 4.470e+02 1 0)
s>            ( - 1.902e+03 1 0)))INFO: dtree.c(1315): Comp split 13
INFO: dtree.c(1439): stop. leaf nodes are specific
INFO: dtree.c(1478): Final simple tree
|( QUESTION9 1 3.036e+03 1.700e+02 1.708e+02
|    ( QUESTION0_7_R 1 1.369e+03 1.134e+02 8.312e+01
|        ( - 7.939e+02 1 0)
|        ( - 4.612e+02 1 0))
|    ( QUESTION0_7_R 1 1.498e+03 1.301e+02 8.766e+01
|        ( - 6.741e+02 1 0)
|        ( - 6.936e+02 1 0)))
s>    ( QUESTION9 1 3.036e+03 1.700e+02 1.708e+02
s>        ( QUESTION0_7_R 1 1.369e+03 1.134e+02 8.312e+01
s>            ( - 7.939e+02 1 0)
s>            ( - 4.612e+02 1 0))
s>        ( QUESTION0_7_R 1 1.498e+03 1.301e+02 8.766e+01
s>            ( - 6.741e+02 1 0)
s>            ( - 6.936e+02 1 0)))INFO: dtree.c(1439): stop. leaf nodes are specific
INFO: dtree.c(1478): Final simple tree
|( QUESTION0_0_R 1 2.259e+03 2.049e+02 1.222e+02
|    ( - 1.220e+03 1 0)
|    ( - 8.344e+02 1 0))
s>    ( QUESTION0_0_R 1 2.259e+03 2.049e+02 1.222e+02
s>        ( - 1.220e+03 1 0)
s>        ( - 8.344e+02 1 0))INFO: dtree.c(1315): Comp split 14
INFO: dtree.c(1439): stop. leaf nodes are specific
INFO: dtree.c(1478): Final simple tree
|( WDBNDRY_B 0 6.573e+03 2.507e+02 3.536e+02
|    ( QUESTION3 1 2.332e+03 1.622e+02 1.258e+02
|        ( - 1.833e+03 1 0)
|        ( - 3.368e+02 1 0))
|    ( - 3.990e+03 1 0))
s>    ( WDBNDRY_B 0 6.573e+03 2.507e+02 3.536e+02
s>        ( QUESTION3 1 2.332e+03 1.622e+02 1.258e+02
s>            ( - 1.833e+03 1 0)
s>            ( - 3.368e+02 1 0))
s>        ( - 3.990e+03 1 0))INFO: dtree.c(1439): stop. leaf nodes are specific
INFO: dtree.c(1478): Final simple tree
|( WDBNDRY_B 0 9.656e+03 1.943e+02 4.976e+02
|    ( - 9.067e+02 1 0)
|    ( - 8.555e+03 2 0))
s>    ( WDBNDRY_B 0 9.656e+03 1.943e+02 4.976e+02
s>        ( - 9.067e+02 1 0)
s>        ( - 8.555e+03 2 0))INFO: dtree.c(1315): Comp split 15
INFO: dtree.c(1439): stop. leaf nodes are specific
INFO: dtree.c(1478): Final simple tree
|( WDBNDRY_B 0 1.633e+03 1.525e+02 8.889e+01
|    ( - 6.615e+02 1 0)
|    ( QUESTION0_0_R 1 8.194e+02 1.021e+02 4.775e+01
|        ( - 3.901e+02 1 0)
|        ( - 3.272e+02 1 0)))
s>    ( WDBNDRY_B 0 1.633e+03 1.525e+02 8.889e+01
s>        ( - 6.615e+02 1 0)
s>        ( QUESTION0_0_R 1 8.194e+02 1.021e+02 4.775e+01
s>            ( - 3.901e+02 1 0)
s>            ( - 3.272e+02 1 0)))INFO: dtree.c(1439): stop. leaf nodes are specific
INFO: dtree.c(1478): Final simple tree
|( QUESTION0_1_R 1 4.772e+03 2.181e+02 2.466e+02
|    ( - 3.585e+03 1 0)
|    ( - 9.687e+02 1 0))
s>    ( QUESTION0_1_R 1 4.772e+03 2.181e+02 2.466e+02
s>        ( - 3.585e+03 1 0)
s>        ( - 9.687e+02 1 0))INFO: dtree.c(1315): Comp split 16
INFO: dtree.c(1439): stop. leaf nodes are specific
INFO: dtree.c(1478): Final simple tree
|( QUESTION6 1 6.874e+03 1.864e+02 3.948e+02
|    ( QUESTION0_7_R 1 3.289e+03 1.321e+02 1.964e+02
|        ( - 6.945e+02 1 0)
|        ( - 2.462e+03 1 0))
|    ( QUESTION0_14_R 1 3.399e+03 1.561e+02 1.984e+02
|        ( - 7.253e+02 1 0)
|        ( WDBNDRY_B 0 2.518e+03 1.150e+02 1.523e+02
|            ( - 1.815e+03 1 0)
|            ( - 5.880e+02 1 0))))
s>    ( QUESTION6 1 6.874e+03 1.864e+02 3.948e+02
s>        ( QUESTION0_7_R 1 3.289e+03 1.321e+02 1.964e+02
s>            ( - 6.945e+02 1 0)
s>            ( - 2.462e+03 1 0))
s>        ( QUESTION0_14_R 1 3.399e+03 1.561e+02 1.984e+02
s>            ( - 7.253e+02 1 0)
s>            ( WDBNDRY_B 0 2.518e+03 1.150e+02 1.523e+02
s>                ( - 1.815e+03 1 0)
s>                ( - 5.880e+02 1 0))))INFO: dtree.c(1439): stop. leaf nodes are specific
INFO: dtree.c(1478): Final simple tree
|( WDBNDRY_E 0 3.878e+03 2.136e+02 2.143e+02
|    ( - 1.601e+03 2 0)
|    ( - 2.063e+03 1 0))
s>    ( WDBNDRY_E 0 3.878e+03 2.136e+02 2.143e+02
s>        ( - 1.601e+03 2 0)
s>        ( - 2.063e+03 1 0))INFO: dtree.c(1315): Comp split 17
INFO: dtree.c(1439): stop. leaf nodes are specific
INFO: dtree.c(1478): Final simple tree
|( QUESTION0_3_R 1 7.523e+02 1.188e+02 4.099e+01
|    ( - 2.725e+02 1 0)
|    ( - 3.610e+02 1 0))
s>    ( QUESTION0_3_R 1 7.523e+02 1.188e+02 4.099e+01
s>        ( - 2.725e+02 1 0)
s>        ( - 3.610e+02 1 0))INFO: dtree.c(1439): stop. leaf nodes are specific
INFO: dtree.c(1478): Final simple tree
|( QUESTION0_3_R 1 3.299e+03 1.803e+02 1.749e+02
|    ( - 1.600e+03 1 0)
|    ( - 1.519e+03 1 0))
s>    ( QUESTION0_3_R 1 3.299e+03 1.803e+02 1.749e+02
s>        ( - 1.600e+03 1 0)
s>        ( - 1.519e+03 1 0))INFO: dtree.c(1315): Comp split 18
INFO: dtree.c(1439): stop. leaf nodes are specific
INFO: dtree.c(1478): Final simple tree
|( WDBNDRY_E 0 1.555e+03 1.239e+02 9.820e+01
|    ( - 4.845e+02 1 0)
|    ( - 9.462e+02 1 0))
s>    ( WDBNDRY_E 0 1.555e+03 1.239e+02 9.820e+01
s>        ( - 4.845e+02 1 0)
s>        ( - 9.462e+02 1 0))INFO: dtree.c(1315): Comp split 19
INFO: dtree.c(1439): stop. leaf nodes are specific
INFO: dtree.c(1478): Final simple tree
|( WDBNDRY_B 0 1.913e+03 1.778e+02 1.041e+02
|    ( - 6.443e+02 1 0)
|    ( - 1.091e+03 1 0))
s>    ( WDBNDRY_B 0 1.913e+03 1.778e+02 1.041e+02
s>        ( - 6.443e+02 1 0)
s>        ( - 1.091e+03 1 0))INFO: dtree.c(1315): Comp split 20
INFO: dtree.c(1439): stop. leaf nodes are specific
INFO: dtree.c(1478): Final simple tree
|( WDBNDRY_E 0 4.803e+03 1.544e+02 2.560e+02
|    ( - 5.183e+02 1 0)
|    ( - 4.130e+03 1 0))
s>    ( WDBNDRY_E 0 4.803e+03 1.544e+02 2.560e+02
s>        ( - 5.183e+02 1 0)
s>        ( - 4.130e+03 1 0))INFO: dtree.c(1315): Comp split 21
INFO: dtree.c(1439): stop. leaf nodes are specific
INFO: dtree.c(1478): Final simple tree
|( QUESTION3 1 2.332e+03 1.622e+02 1.258e+02
|    ( - 1.833e+03 1 0)
|    ( - 3.368e+02 1 0))
s>    ( QUESTION3 1 2.332e+03 1.622e+02 1.258e+02
s>        ( - 1.833e+03 1 0)
s>        ( - 3.368e+02 1 0))INFO: dtree.c(1315): Comp split 22
INFO: dtree.c(1439): stop. leaf nodes are specific
INFO: dtree.c(1478): Final simple tree
|( WDBNDRY_B 0 2.506e+03 1.570e+02 1.430e+02
|    ( - 4.470e+02 1 0)
|    ( - 1.902e+03 1 0))
s>    ( WDBNDRY_B 0 2.506e+03 1.570e+02 1.430e+02
s>        ( - 4.470e+02 1 0)
s>        ( - 1.902e+03 1 0))INFO: dtree.c(1315): Comp split 23
INFO: dtree.c(1439): stop. leaf nodes are specific
INFO: dtree.c(1478): Final simple tree
|( WDBNDRY_B 0 3.149e+03 1.937e+02 1.661e+02
|    ( QUESTION0_1_R 1 2.228e+03 1.670e+02 1.200e+02
|        ( - 6.326e+02 1 0)
|        ( - 1.429e+03 2 0))
|    ( - 7.268e+02 1 0))
s>    ( WDBNDRY_B 0 3.149e+03 1.937e+02 1.661e+02
s>        ( QUESTION0_1_R 1 2.228e+03 1.670e+02 1.200e+02
s>            ( - 6.326e+02 1 0)
s>            ( - 1.429e+03 2 0))
s>        ( - 7.268e+02 1 0))INFO: dtree.c(1315): Comp split 24
INFO: dtree.c(1315): Comp split 25
INFO: dtree.c(1315): Comp split 26
INFO: dtree.c(1315): Comp split 27
INFO: dtree.c(1439): stop. leaf nodes are specific
INFO: dtree.c(1478): Final simple tree
|( QUESTION0_14_R 1 5.140e+03 1.601e+02 3.011e+02
|    ( - 2.462e+03 1 0)
|    ( WDBNDRY_B 0 2.518e+03 1.150e+02 1.523e+02
|        ( - 1.815e+03 1 0)
|        ( - 5.880e+02 1 0)))
s>    ( QUESTION0_14_R 1 5.140e+03 1.601e+02 3.011e+02
s>        ( - 2.462e+03 1 0)
s>        ( WDBNDRY_B 0 2.518e+03 1.150e+02 1.523e+02
s>            ( - 1.815e+03 1 0)
s>            ( - 5.880e+02 1 0)))INFO: dtree.c(1439): stop. leaf nodes are specific
INFO: dtree.c(1478): Final simple tree
|( QUESTION0_7_R 1 1.534e+03 1.146e+02 9.363e+01
|    ( - 6.945e+02 1 0)
|    ( - 7.253e+02 1 0))
s>    ( QUESTION0_7_R 1 1.534e+03 1.146e+02 9.363e+01
s>        ( - 6.945e+02 1 0)
s>        ( - 7.253e+02 1 0))INFO: dtree.c(1315): Comp split 28
INFO: dtree.c(1439): stop. leaf nodes are specific
INFO: dtree.c(1478): Final simple tree
|( QUESTION0_1_R 1 1.411e+03 1.347e+02 8.469e+01
|    ( - 5.889e+02 1 0)
|    ( - 6.870e+02 1 0))
s>    ( QUESTION0_1_R 1 1.411e+03 1.347e+02 8.469e+01
s>        ( - 5.889e+02 1 0)
s>        ( - 6.870e+02 1 0))INFO: dtree.c(1315): Comp split 29
INFO: dtree.c(1315): Comp split 30
INFO: dtree.c(1439): stop. leaf nodes are specific
INFO: dtree.c(1478): Final simple tree
|( QUESTION0_1_R 1 2.228e+03 1.670e+02 1.200e+02
|    ( - 6.326e+02 1 0)
|    ( - 1.429e+03 2 0))
s>    ( QUESTION0_1_R 1 2.228e+03 1.670e+02 1.200e+02
s>        ( - 6.326e+02 1 0)
s>        ( - 1.429e+03 2 0))INFO: dtree.c(1315): Comp split 31
INFO: dtree.c(1315): Comp split 32
INFO: dtree.c(1315): Comp split 33
INFO: dtree.c(1315): Comp split 34
INFO: dtree.c(1439): stop. leaf nodes are specific
INFO: dtree.c(1478): Final simple tree
|( QUESTION0_7_R 1 1.498e+03 1.301e+02 8.766e+01
|    ( - 6.741e+02 1 0)
|    ( - 6.936e+02 1 0))
s>    ( QUESTION0_7_R 1 1.498e+03 1.301e+02 8.766e+01
s>        ( - 6.741e+02 1 0)
s>        ( - 6.936e+02 1 0))INFO: dtree.c(1439): stop. leaf nodes are specific
INFO: dtree.c(1478): Final simple tree
|( QUESTION0_7_R 1 1.369e+03 1.134e+02 8.312e+01
|    ( - 7.939e+02 1 0)
|    ( - 4.612e+02 1 0))
s>    ( QUESTION0_7_R 1 1.369e+03 1.134e+02 8.312e+01
s>        ( - 7.939e+02 1 0)
s>        ( - 4.612e+02 1 0))INFO: dtree.c(1315): Comp split 35
INFO: dtree.c(1315): Comp split 36
INFO: dtree.c(1315): Comp split 37
INFO: dtree.c(1439): stop. leaf nodes are specific
INFO: dtree.c(1478): Final simple tree
|( WDBNDRY_B 0 2.518e+03 1.150e+02 1.523e+02
|    ( - 1.815e+03 1 0)
|    ( - 5.880e+02 1 0))
s>    ( WDBNDRY_B 0 2.518e+03 1.150e+02 1.523e+02
s>        ( - 1.815e+03 1 0)
s>        ( - 5.880e+02 1 0))INFO: dtree.c(1315): Comp split 38
INFO: dtree.c(1315): Comp split 39
INFO: dtree.c(1315): Comp split 40
INFO: dtree.c(1439): stop. leaf nodes are specific
INFO: dtree.c(1478): Final simple tree
|( QUESTION0_0_R 1 8.194e+02 1.021e+02 4.775e+01
|    ( - 3.901e+02 1 0)
|    ( - 3.272e+02 1 0))
s>    ( QUESTION0_0_R 1 8.194e+02 1.021e+02 4.775e+01
s>        ( - 3.901e+02 1 0)
s>        ( - 3.272e+02 1 0))INFO: dtree.c(1315): Comp split 41
INFO: dtree.c(1315): Comp split 42
INFO: dtree.c(1315): Comp split 43
INFO: dtree.c(1315): Comp split 44
INFO: dtree.c(1315): Comp split 45
INFO: dtree.c(1315): Comp split 46
INFO: dtree.c(1315): Comp split 47
INFO: dtree.c(1315): Comp split 48
INFO: dtree.c(1315): Comp split 49
INFO: dtree.c(1318): stop. leaf nodes are specific
Fri Dec  3 07:39:18 2021
