Current configuration:
[NAME]		[DEFLT]	[VALUE]
-allphones	no	no
-cntthresh	0.00001	1.000000e-05
-csplitmax	100	2000
-csplitmin	1	1
-csplitthr	8e-4	0.000000e+00
-example	no	no
-fullvar	no	no
-help		no	no
-meanfn			
-mixwfn			/home/azhar/Tubes_Speech/commandreminder/model_parameters/commandreminder.cd_ptm_untied/mixture_weights
-moddeffn		/home/azhar/Tubes_Speech/commandreminder/model_architecture/commandreminder.untied.mdef
-mwfloor	1e-4	1.000000e-08
-phone			C
-psetfn			/home/azhar/Tubes_Speech/commandreminder/model_architecture/commandreminder.tree_questions
-ssplitmax	5	7
-ssplitmin	1	1
-ssplitthr	8e-4	0.000000e+00
-state			1
-stwt			1.0,0.05,0.0,
-treefn			/home/azhar/Tubes_Speech/commandreminder/trees/commandreminder.unpruned/C-1.dtree
-ts2cbfn	.semi.	.semi.
-varfloor	0.00001	1.000000e-05
-varfn			

INFO: main.c(223): Reading: /home/azhar/Tubes_Speech/commandreminder/model_architecture/commandreminder.untied.mdef
INFO: model_def_io.c(573): Model definition info:
INFO: model_def_io.c(574): 1061 total models defined (31 base, 1030 tri)
INFO: model_def_io.c(575): 4244 total states
INFO: model_def_io.c(576): 3183 total tied states
INFO: model_def_io.c(577): 93 total tied CI states
INFO: model_def_io.c(578): 31 total tied transition matrices
INFO: model_def_io.c(579): 4 max state/model
INFO: model_def_io.c(580): 4 min state/model
INFO: main.c(242): Building trees for [C A A b] through [C N O b]
INFO: main.c(269): Covering states |[702 737]| == 36
INFO: main.c(275): Reading: /home/azhar/Tubes_Speech/commandreminder/model_parameters/commandreminder.cd_ptm_untied/mixture_weights
INFO: s3mixw_io.c(173): Read /home/azhar/Tubes_Speech/commandreminder/model_parameters/commandreminder.cd_ptm_untied/mixture_weights [36x4x64 array]
INFO: main.c(311): 12 of 12 models have observation count greater than 0.000010
INFO: main.c(95): nrm stwt: 0.045 0.909 0.045 
INFO: main.c(411): 12-class entropy: 1.863291e+04
INFO: main.c(549): Reading: /home/azhar/Tubes_Speech/commandreminder/model_architecture/commandreminder.tree_questions
INFO: main.c(588): 174 total simple questions (166 phone; 8 word bndry)
INFO: main.c(590): 40 Left Only questions, and 42 Right Only questions
INFO: dtree.c(1478): Final simple tree
|( QUESTION4 1 2.179e+04 1.145e+03 1.127e+03
|    ( QUESTION0_1_R 1 4.307e+03 2.341e+02 2.602e+02
|        ( - 2.935e+03 1 0)
|        ( - 1.138e+03 2 0 QUESTION6 -1 8.717e+01 7.459e+01))
|    ( QUESTION0_1_R 1 1.634e+04 4.514e+02 8.666e+02
|        ( QUESTION0 -1 4.081e+03 1.841e+02 2.352e+02
|            ( - 2.256e+03 2 0 QUESTION1 -1 1.354e+02 1.314e+02)
|            ( - 1.642e+03 2 0 WDBNDRY_B 0 8.686e+01 1.037e+02))
|        ( QUESTION1 -1 1.181e+04 3.820e+02 6.314e+02
|            ( WDBNDRY_B 0 6.081e+03 1.916e+02 3.245e+02
|                ( - 1.579e+03 2 0)
|                ( - 4.310e+03 1 0))
|            ( QUESTION0 -1 5.343e+03 1.671e+02 3.069e+02
|                ( - 1.591e+03 1 0)
|                ( - 3.584e+03 1 0)))))
s>    ( QUESTION4 1 2.179e+04 1.145e+03 1.127e+03
s>        ( QUESTION0_1_R 1 4.307e+03 2.341e+02 2.602e+02
s>            ( - 2.935e+03 1 0)
s>            ( - 1.138e+03 2 0 QUESTION6 -1 8.717e+01 7.459e+01))
s>        ( QUESTION0_1_R 1 1.634e+04 4.514e+02 8.666e+02
s>            ( QUESTION0 -1 4.081e+03 1.841e+02 2.352e+02
s>                ( - 2.256e+03 2 0 QUESTION1 -1 1.354e+02 1.314e+02)
s>                ( - 1.642e+03 2 0 WDBNDRY_B 0 8.686e+01 1.037e+02))
s>            ( QUESTION1 -1 1.181e+04 3.820e+02 6.314e+02
s>                ( WDBNDRY_B 0 6.081e+03 1.916e+02 3.245e+02
s>                    ( - 1.579e+03 2 0)
s>                    ( - 4.310e+03 1 0))
s>                ( QUESTION0 -1 5.343e+03 1.671e+02 3.069e+02
s>                    ( - 1.591e+03 1 0)
s>                    ( - 3.584e+03 1 0)))))INFO: dtree.c(1315): Comp split 0
INFO: dtree.c(1478): Final simple tree
|( QUESTION0_1_R 1 1.634e+04 4.514e+02 8.666e+02
|    ( QUESTION0 -1 4.081e+03 1.841e+02 2.352e+02
|        ( QUESTION1 -1 2.256e+03 1.354e+02 1.314e+02
|            ( - 1.169e+03 1 0)
|            ( - 9.510e+02 1 0))
|        ( WDBNDRY_B 0 1.642e+03 8.686e+01 1.037e+02
|            ( - 6.820e+02 1 0)
|            ( - 8.726e+02 1 0)))
|    ( QUESTION1 -1 1.181e+04 3.820e+02 6.314e+02
|        ( WDBNDRY_B 0 6.081e+03 1.916e+02 3.245e+02
|            ( - 1.579e+03 2 0)
|            ( - 4.310e+03 1 0))
|        ( QUESTION0 -1 5.343e+03 1.671e+02 3.069e+02
|            ( - 1.591e+03 1 0)
|            ( - 3.584e+03 1 0))))
s>    ( QUESTION0_1_R 1 1.634e+04 4.514e+02 8.666e+02
s>        ( QUESTION0 -1 4.081e+03 1.841e+02 2.352e+02
s>            ( QUESTION1 -1 2.256e+03 1.354e+02 1.314e+02
s>                ( - 1.169e+03 1 0)
s>                ( - 9.510e+02 1 0))
s>            ( WDBNDRY_B 0 1.642e+03 8.686e+01 1.037e+02
s>                ( - 6.820e+02 1 0)
s>                ( - 8.726e+02 1 0)))
s>        ( QUESTION1 -1 1.181e+04 3.820e+02 6.314e+02
s>            ( WDBNDRY_B 0 6.081e+03 1.916e+02 3.245e+02
s>                ( - 1.579e+03 2 0)
s>                ( - 4.310e+03 1 0))
s>            ( QUESTION0 -1 5.343e+03 1.671e+02 3.069e+02
s>                ( - 1.591e+03 1 0)
s>                ( - 3.584e+03 1 0))))INFO: dtree.c(1439): stop. leaf nodes are specific
INFO: dtree.c(1478): Final simple tree
|( QUESTION0_1_R 1 4.307e+03 2.341e+02 2.602e+02
|    ( - 2.935e+03 1 0)
|    ( QUESTION6 -1 1.138e+03 8.717e+01 7.459e+01
|        ( - 5.810e+02 1 0)
|        ( - 4.695e+02 1 0)))
s>    ( QUESTION0_1_R 1 4.307e+03 2.341e+02 2.602e+02
s>        ( - 2.935e+03 1 0)
s>        ( QUESTION6 -1 1.138e+03 8.717e+01 7.459e+01
s>            ( - 5.810e+02 1 0)
s>            ( - 4.695e+02 1 0)))INFO: dtree.c(1315): Comp split 1
INFO: dtree.c(1439): stop. leaf nodes are specific
INFO: dtree.c(1478): Final simple tree
|( QUESTION0_1_R 1 8.765e+03 3.735e+02 4.696e+02
|    ( QUESTION0 -1 4.081e+03 1.841e+02 2.352e+02
|        ( QUESTION1 -1 2.256e+03 1.354e+02 1.314e+02
|            ( - 1.169e+03 1 0)
|            ( - 9.510e+02 1 0))
|        ( WDBNDRY_B 0 1.642e+03 8.686e+01 1.037e+02
|            ( - 6.820e+02 1 0)
|            ( - 8.726e+02 1 0)))
|    ( - 4.310e+03 1 0))
s>    ( QUESTION0_1_R 1 8.765e+03 3.735e+02 4.696e+02
s>        ( QUESTION0 -1 4.081e+03 1.841e+02 2.352e+02
s>            ( QUESTION1 -1 2.256e+03 1.354e+02 1.314e+02
s>                ( - 1.169e+03 1 0)
s>                ( - 9.510e+02 1 0))
s>            ( WDBNDRY_B 0 1.642e+03 8.686e+01 1.037e+02
s>                ( - 6.820e+02 1 0)
s>                ( - 8.726e+02 1 0)))
s>        ( - 4.310e+03 1 0))INFO: dtree.c(1439): stop. leaf nodes are specific
INFO: dtree.c(1478): Final simple tree
|( QUESTION0 -1 7.121e+03 2.181e+02 3.970e+02
|    ( WDBNDRY_B 0 3.318e+03 1.475e+02 1.852e+02
|        ( - 1.579e+03 2 0)
|        ( - 1.591e+03 1 0))
|    ( - 3.584e+03 1 0))
s>    ( QUESTION0 -1 7.121e+03 2.181e+02 3.970e+02
s>        ( WDBNDRY_B 0 3.318e+03 1.475e+02 1.852e+02
s>            ( - 1.579e+03 2 0)
s>            ( - 1.591e+03 1 0))
s>        ( - 3.584e+03 1 0))INFO: dtree.c(1315): Comp split 2
INFO: dtree.c(1439): stop. leaf nodes are specific
INFO: dtree.c(1478): Final simple tree
|( QUESTION0 -1 4.081e+03 1.841e+02 2.352e+02
|    ( QUESTION1 -1 2.256e+03 1.354e+02 1.314e+02
|        ( - 1.169e+03 1 0)
|        ( - 9.510e+02 1 0))
|    ( WDBNDRY_B 0 1.642e+03 8.686e+01 1.037e+02
|        ( - 6.820e+02 1 0)
|        ( - 8.726e+02 1 0)))
s>    ( QUESTION0 -1 4.081e+03 1.841e+02 2.352e+02
s>        ( QUESTION1 -1 2.256e+03 1.354e+02 1.314e+02
s>            ( - 1.169e+03 1 0)
s>            ( - 9.510e+02 1 0))
s>        ( WDBNDRY_B 0 1.642e+03 8.686e+01 1.037e+02
s>            ( - 6.820e+02 1 0)
s>            ( - 8.726e+02 1 0)))INFO: dtree.c(1315): Comp split 3
INFO: dtree.c(1439): stop. leaf nodes are specific
INFO: dtree.c(1478): Final simple tree
|( QUESTION6 -1 1.138e+03 8.717e+01 7.459e+01
|    ( - 5.810e+02 1 0)
|    ( - 4.695e+02 1 0))
s>    ( QUESTION6 -1 1.138e+03 8.717e+01 7.459e+01
s>        ( - 5.810e+02 1 0)
s>        ( - 4.695e+02 1 0))INFO: dtree.c(1315): Comp split 4
INFO: dtree.c(1439): stop. leaf nodes are specific
INFO: dtree.c(1478): Final simple tree
|( WDBNDRY_B 0 3.318e+03 1.475e+02 1.852e+02
|    ( - 1.579e+03 2 0)
|    ( - 1.591e+03 1 0))
s>    ( WDBNDRY_B 0 3.318e+03 1.475e+02 1.852e+02
s>        ( - 1.579e+03 2 0)
s>        ( - 1.591e+03 1 0))INFO: dtree.c(1315): Comp split 5
INFO: dtree.c(1439): stop. leaf nodes are specific
INFO: dtree.c(1478): Final simple tree
|( WDBNDRY_B 0 1.642e+03 8.686e+01 1.037e+02
|    ( - 6.820e+02 1 0)
|    ( - 8.726e+02 1 0))
s>    ( WDBNDRY_B 0 1.642e+03 8.686e+01 1.037e+02
s>        ( - 6.820e+02 1 0)
s>        ( - 8.726e+02 1 0))INFO: dtree.c(1439): stop. leaf nodes are specific
INFO: dtree.c(1478): Final simple tree
|( QUESTION1 -1 2.256e+03 1.354e+02 1.314e+02
|    ( - 1.169e+03 1 0)
|    ( - 9.510e+02 1 0))
s>    ( QUESTION1 -1 2.256e+03 1.354e+02 1.314e+02
s>        ( - 1.169e+03 1 0)
s>        ( - 9.510e+02 1 0))INFO: dtree.c(1315): Comp split 6
INFO: dtree.c(1315): Comp split 7
INFO: dtree.c(1315): Comp split 8
INFO: dtree.c(1315): Comp split 9
INFO: dtree.c(1315): Comp split 10
INFO: dtree.c(1318): stop. leaf nodes are specific
Fri Dec  3 07:39:01 2021
