Current configuration:
[NAME]		[DEFLT]	[VALUE]
-allphones	no	no
-cntthresh	0.00001	1.000000e-05
-csplitmax	100	2000
-csplitmin	1	1
-csplitthr	8e-4	0.000000e+00
-example	no	no
-fullvar	no	no
-help		no	no
-meanfn			
-mixwfn			/home/azhar/Tubes_Speech/commandreminder/model_parameters/commandreminder.cd_ptm_untied/mixture_weights
-moddeffn		/home/azhar/Tubes_Speech/commandreminder/model_architecture/commandreminder.untied.mdef
-mwfloor	1e-4	1.000000e-08
-phone			R
-psetfn			/home/azhar/Tubes_Speech/commandreminder/model_architecture/commandreminder.tree_questions
-ssplitmax	5	7
-ssplitmin	1	1
-ssplitthr	8e-4	0.000000e+00
-state			0
-stwt			1.0,0.05,0.0,
-treefn			/home/azhar/Tubes_Speech/commandreminder/trees/commandreminder.unpruned/R-0.dtree
-ts2cbfn	.semi.	.semi.
-varfloor	0.00001	1.000000e-05
-varfn			

INFO: main.c(223): Reading: /home/azhar/Tubes_Speech/commandreminder/model_architecture/commandreminder.untied.mdef
INFO: model_def_io.c(573): Model definition info:
INFO: model_def_io.c(574): 1061 total models defined (31 base, 1030 tri)
INFO: model_def_io.c(575): 4244 total states
INFO: model_def_io.c(576): 3183 total tied states
INFO: model_def_io.c(577): 93 total tied CI states
INFO: model_def_io.c(578): 31 total tied transition matrices
INFO: model_def_io.c(579): 4 max state/model
INFO: model_def_io.c(580): 4 min state/model
INFO: main.c(242): Building trees for [R A A b] through [R U V i]
INFO: main.c(269): Covering states |[2460 2621]| == 162
INFO: main.c(275): Reading: /home/azhar/Tubes_Speech/commandreminder/model_parameters/commandreminder.cd_ptm_untied/mixture_weights
INFO: s3mixw_io.c(173): Read /home/azhar/Tubes_Speech/commandreminder/model_parameters/commandreminder.cd_ptm_untied/mixture_weights [162x4x64 array]
INFO: main.c(311): 54 of 54 models have observation count greater than 0.000010
INFO: main.c(95): nrm stwt: 0.952 0.048 0.000 
INFO: main.c(411): 54-class entropy: 7.686392e+04
INFO: main.c(549): Reading: /home/azhar/Tubes_Speech/commandreminder/model_architecture/commandreminder.tree_questions
INFO: main.c(588): 174 total simple questions (166 phone; 8 word bndry)
INFO: main.c(590): 40 Left Only questions, and 42 Right Only questions
INFO: dtree.c(1478): Final simple tree
|( QUESTION1 -1 9.797e+04 3.263e+03 4.419e+03
|    ( QUESTION3 1 6.380e+04 2.417e+03 3.011e+03
|        ( - 2.310e+04 2 0)
|        ( QUESTION11 1 3.828e+04 8.211e+02 1.806e+03
|            ( - 6.490e+03 2 0)
|            ( QUESTION0_2_R 1 3.097e+04 7.790e+02 1.460e+03
|                ( - 1.051e+04 8 0 QUESTION0_3_R 1 4.007e+02 5.254e+02)
|                ( - 1.968e+04 15 0 SILENCE 1 5.149e+02 9.348e+02))))
|    ( QUESTION3 -1 3.090e+04 2.161e+03 1.409e+03
|        ( QUESTION3 1 1.260e+04 7.718e+02 6.478e+02
|            ( - 6.213e+03 1 0)
|            ( - 5.620e+03 6 0 WDBNDRY_B 0 3.496e+02 2.903e+02))
|        ( QUESTION0 -1 1.614e+04 7.164e+02 7.609e+02
|            ( - 8.499e+03 11 0 QUESTION1 1 4.530e+02 4.254e+02)
|            ( - 6.922e+03 9 0 QUESTION4 1 4.605e+02 3.356e+02))))
s>    ( QUESTION1 -1 9.797e+04 3.263e+03 4.419e+03
s>        ( QUESTION3 1 6.380e+04 2.417e+03 3.011e+03
s>            ( - 2.310e+04 2 0)
s>            ( QUESTION11 1 3.828e+04 8.211e+02 1.806e+03
s>                ( - 6.490e+03 2 0)
s>                ( QUESTION0_2_R 1 3.097e+04 7.790e+02 1.460e+03
s>                    ( - 1.051e+04 8 0 QUESTION0_3_R 1 4.007e+02 5.254e+02)
s>                    ( - 1.968e+04 15 0 SILENCE 1 5.149e+02 9.348e+02))))
s>        ( QUESTION3 -1 3.090e+04 2.161e+03 1.409e+03
s>            ( QUESTION3 1 1.260e+04 7.718e+02 6.478e+02
s>                ( - 6.213e+03 1 0)
s>                ( - 5.620e+03 6 0 WDBNDRY_B 0 3.496e+02 2.903e+02))
s>            ( QUESTION0 -1 1.614e+04 7.164e+02 7.609e+02
s>                ( - 8.499e+03 11 0 QUESTION1 1 4.530e+02 4.254e+02)
s>                ( - 6.922e+03 9 0 QUESTION4 1 4.605e+02 3.356e+02))))INFO: dtree.c(1315): Comp split 0
INFO: dtree.c(1478): Final simple tree
|( QUESTION3 -1 7.143e+04 2.732e+03 3.215e+03
|    ( QUESTION3 1 1.260e+04 7.718e+02 6.478e+02
|        ( - 6.213e+03 1 0)
|        ( - 5.620e+03 6 0 WDBNDRY_B 0 3.496e+02 2.903e+02))
|    ( QUESTION1 -1 5.609e+04 1.670e+03 2.567e+03
|        ( QUESTION11 1 3.828e+04 8.211e+02 1.806e+03
|            ( - 6.490e+03 2 0)
|            ( QUESTION0_2_R 1 3.097e+04 7.790e+02 1.460e+03
|                ( - 1.051e+04 8 0 QUESTION0_3_R 1 4.007e+02 5.254e+02)
|                ( SILENCE 1 1.968e+04 5.149e+02 9.348e+02
|                    ( - 4.851e+03 1 0)
|                    ( - 1.431e+04 14 0 WDBNDRY_E 0 3.994e+02 6.923e+02))))
|        ( QUESTION0 -1 1.614e+04 7.164e+02 7.609e+02
|            ( - 8.499e+03 11 0 QUESTION1 1 4.530e+02 4.254e+02)
|            ( - 6.922e+03 9 0 QUESTION4 1 4.605e+02 3.356e+02))))
s>    ( QUESTION3 -1 7.143e+04 2.732e+03 3.215e+03
s>        ( QUESTION3 1 1.260e+04 7.718e+02 6.478e+02
s>            ( - 6.213e+03 1 0)
s>            ( - 5.620e+03 6 0 WDBNDRY_B 0 3.496e+02 2.903e+02))
s>        ( QUESTION1 -1 5.609e+04 1.670e+03 2.567e+03
s>            ( QUESTION11 1 3.828e+04 8.211e+02 1.806e+03
s>                ( - 6.490e+03 2 0)
s>                ( QUESTION0_2_R 1 3.097e+04 7.790e+02 1.460e+03
s>                    ( - 1.051e+04 8 0 QUESTION0_3_R 1 4.007e+02 5.254e+02)
s>                    ( SILENCE 1 1.968e+04 5.149e+02 9.348e+02
s>                        ( - 4.851e+03 1 0)
s>                        ( - 1.431e+04 14 0 WDBNDRY_E 0 3.994e+02 6.923e+02))))
s>            ( QUESTION0 -1 1.614e+04 7.164e+02 7.609e+02
s>                ( - 8.499e+03 11 0 QUESTION1 1 4.530e+02 4.254e+02)
s>                ( - 6.922e+03 9 0 QUESTION4 1 4.605e+02 3.356e+02))))INFO: dtree.c(1315): Comp split 1
INFO: dtree.c(1478): Final simple tree
|( QUESTION1 -1 5.609e+04 1.670e+03 2.567e+03
|    ( QUESTION11 1 3.828e+04 8.211e+02 1.806e+03
|        ( - 6.490e+03 2 0)
|        ( QUESTION0_2_R 1 3.097e+04 7.790e+02 1.460e+03
|            ( - 1.051e+04 8 0 QUESTION0_3_R 1 4.007e+02 5.254e+02)
|            ( SILENCE 1 1.968e+04 5.149e+02 9.348e+02
|                ( - 4.851e+03 1 0)
|                ( - 1.431e+04 14 0 WDBNDRY_E 0 3.994e+02 6.923e+02))))
|    ( QUESTION0 -1 1.614e+04 7.164e+02 7.609e+02
|        ( QUESTION1 1 8.499e+03 4.530e+02 4.254e+02
|            ( - 4.150e+03 4 0 QUESTION0_4_R 1 2.740e+02 2.223e+02)
|            ( - 3.897e+03 7 0 WDBNDRY_E 0 2.179e+02 2.031e+02))
|        ( QUESTION4 1 6.922e+03 4.605e+02 3.356e+02
|            ( - 2.039e+03 3 0 QUESTION0_1_R 1 2.087e+02 1.094e+02)
|            ( - 4.423e+03 6 0 WDBNDRY_B 0 3.580e+02 2.261e+02))))
s>    ( QUESTION1 -1 5.609e+04 1.670e+03 2.567e+03
s>        ( QUESTION11 1 3.828e+04 8.211e+02 1.806e+03
s>            ( - 6.490e+03 2 0)
s>            ( QUESTION0_2_R 1 3.097e+04 7.790e+02 1.460e+03
s>                ( - 1.051e+04 8 0 QUESTION0_3_R 1 4.007e+02 5.254e+02)
s>                ( SILENCE 1 1.968e+04 5.149e+02 9.348e+02
s>                    ( - 4.851e+03 1 0)
s>                    ( - 1.431e+04 14 0 WDBNDRY_E 0 3.994e+02 6.923e+02))))
s>        ( QUESTION0 -1 1.614e+04 7.164e+02 7.609e+02
s>            ( QUESTION1 1 8.499e+03 4.530e+02 4.254e+02
s>                ( - 4.150e+03 4 0 QUESTION0_4_R 1 2.740e+02 2.223e+02)
s>                ( - 3.897e+03 7 0 WDBNDRY_E 0 2.179e+02 2.031e+02))
s>            ( QUESTION4 1 6.922e+03 4.605e+02 3.356e+02
s>                ( - 2.039e+03 3 0 QUESTION0_1_R 1 2.087e+02 1.094e+02)
s>                ( - 4.423e+03 6 0 WDBNDRY_B 0 3.580e+02 2.261e+02))))INFO: dtree.c(1439): stop. leaf nodes are specific
INFO: dtree.c(1478): Final simple tree
|( QUESTION3 1 1.260e+04 7.718e+02 6.478e+02
|    ( - 6.213e+03 1 0)
|    ( WDBNDRY_B 0 5.620e+03 3.496e+02 2.903e+02
|        ( QUESTION0_1_R 1 3.593e+03 1.433e+02 2.000e+02
|            ( - 2.649e+02 1 0)
|            ( - 3.184e+03 1 0))
|        ( WDBNDRY_E 0 1.678e+03 1.626e+02 9.028e+01
|            ( QUESTION7 1 8.671e+02 1.071e+02 4.896e+01
|                ( - 2.118e+02 1 0)
|                ( QUESTION0_7_R 1 5.482e+02 9.675e+01 3.396e+01
|                    ( - 2.229e+02 1 0)
|                    ( - 2.285e+02 1 0)))
|            ( - 6.481e+02 1 0))))
s>    ( QUESTION3 1 1.260e+04 7.718e+02 6.478e+02
s>        ( - 6.213e+03 1 0)
s>        ( WDBNDRY_B 0 5.620e+03 3.496e+02 2.903e+02
s>            ( QUESTION0_1_R 1 3.593e+03 1.433e+02 2.000e+02
s>                ( - 2.649e+02 1 0)
s>                ( - 3.184e+03 1 0))
s>            ( WDBNDRY_E 0 1.678e+03 1.626e+02 9.028e+01
s>                ( QUESTION7 1 8.671e+02 1.071e+02 4.896e+01
s>                    ( - 2.118e+02 1 0)
s>                    ( QUESTION0_7_R 1 5.482e+02 9.675e+01 3.396e+01
s>                        ( - 2.229e+02 1 0)
s>                        ( - 2.285e+02 1 0)))
s>                ( - 6.481e+02 1 0))))INFO: dtree.c(1315): Comp split 2
INFO: dtree.c(1478): Final simple tree
|( QUESTION0 -1 1.614e+04 7.164e+02 7.609e+02
|    ( QUESTION1 1 8.499e+03 4.530e+02 4.254e+02
|        ( QUESTION0_4_R 1 4.150e+03 2.740e+02 2.223e+02
|            ( - 1.729e+03 2 0)
|            ( - 2.147e+03 2 0 WDBNDRY_E 0 1.573e+02 1.197e+02))
|        ( WDBNDRY_E 0 3.897e+03 2.179e+02 2.031e+02
|            ( - 2.277e+03 3 0 QUESTION8 1 1.484e+02 1.283e+02)
|            ( - 1.402e+03 4 0 QUESTION0_0_R 1 1.573e+02 7.483e+01)))
|    ( QUESTION4 1 6.922e+03 4.605e+02 3.356e+02
|        ( - 2.039e+03 3 0 QUESTION0_1_R 1 2.087e+02 1.094e+02)
|        ( WDBNDRY_B 0 4.423e+03 3.580e+02 2.261e+02
|            ( QUESTION0_3_R 1 1.716e+03 2.226e+02 8.988e+01
|                ( - 1.023e+03 2 0)
|                ( - 4.702e+02 1 0))
|            ( - 2.350e+03 3 0 QUESTION0_1_R 1 2.168e+02 1.363e+02))))
s>    ( QUESTION0 -1 1.614e+04 7.164e+02 7.609e+02
s>        ( QUESTION1 1 8.499e+03 4.530e+02 4.254e+02
s>            ( QUESTION0_4_R 1 4.150e+03 2.740e+02 2.223e+02
s>                ( - 1.729e+03 2 0)
s>                ( - 2.147e+03 2 0 WDBNDRY_E 0 1.573e+02 1.197e+02))
s>            ( WDBNDRY_E 0 3.897e+03 2.179e+02 2.031e+02
s>                ( - 2.277e+03 3 0 QUESTION8 1 1.484e+02 1.283e+02)
s>                ( - 1.402e+03 4 0 QUESTION0_0_R 1 1.573e+02 7.483e+01)))
s>        ( QUESTION4 1 6.922e+03 4.605e+02 3.356e+02
s>            ( - 2.039e+03 3 0 QUESTION0_1_R 1 2.087e+02 1.094e+02)
s>            ( WDBNDRY_B 0 4.423e+03 3.580e+02 2.261e+02
s>                ( QUESTION0_3_R 1 1.716e+03 2.226e+02 8.988e+01
s>                    ( - 1.023e+03 2 0)
s>                    ( - 4.702e+02 1 0))
s>                ( - 2.350e+03 3 0 QUESTION0_1_R 1 2.168e+02 1.363e+02))))INFO: dtree.c(1478): Final simple tree
|( QUESTION11 1 3.828e+04 8.211e+02 1.806e+03
|    ( - 6.490e+03 2 0)
|    ( QUESTION0_2_R 1 3.097e+04 7.790e+02 1.460e+03
|        ( QUESTION0_3_R 1 1.051e+04 4.007e+02 5.254e+02
|            ( - 3.496e+03 4 0 WDBNDRY_B 0 1.823e+02 1.860e+02)
|            ( - 6.618e+03 4 0 QUESTION2_1_L -1 1.868e+02 3.394e+02))
|        ( SILENCE 1 1.968e+04 5.149e+02 9.348e+02
|            ( - 4.851e+03 1 0)
|            ( WDBNDRY_E 0 1.431e+04 3.994e+02 6.923e+02
|                ( - 4.007e+03 6 0 QUESTION0_8_R 1 2.309e+02 2.096e+02)
|                ( QUESTION10 1 9.907e+03 3.438e+02 4.827e+02
|                    ( - 3.085e+03 2 0)
|                    ( QUESTION0_0_R 1 6.478e+03 3.060e+02 3.239e+02
|                        ( - 1.927e+03 2 0 WDBNDRY_B 0 2.082e+02 1.066e+02)
|                        ( - 4.246e+03 4 0 QUESTION0_18_R 1 2.130e+02 2.172e+02)))))))
s>    ( QUESTION11 1 3.828e+04 8.211e+02 1.806e+03
s>        ( - 6.490e+03 2 0)
s>        ( QUESTION0_2_R 1 3.097e+04 7.790e+02 1.460e+03
s>            ( QUESTION0_3_R 1 1.051e+04 4.007e+02 5.254e+02
s>                ( - 3.496e+03 4 0 WDBNDRY_B 0 1.823e+02 1.860e+02)
s>                ( - 6.618e+03 4 0 QUESTION2_1_L -1 1.868e+02 3.394e+02))
s>            ( SILENCE 1 1.968e+04 5.149e+02 9.348e+02
s>                ( - 4.851e+03 1 0)
s>                ( WDBNDRY_E 0 1.431e+04 3.994e+02 6.923e+02
s>                    ( - 4.007e+03 6 0 QUESTION0_8_R 1 2.309e+02 2.096e+02)
s>                    ( QUESTION10 1 9.907e+03 3.438e+02 4.827e+02
s>                        ( - 3.085e+03 2 0)
s>                        ( QUESTION0_0_R 1 6.478e+03 3.060e+02 3.239e+02
s>                            ( - 1.927e+03 2 0 WDBNDRY_B 0 2.082e+02 1.066e+02)
s>                            ( - 4.246e+03 4 0 QUESTION0_18_R 1 2.130e+02 2.172e+02)))))))INFO: dtree.c(1315): Comp split 3
INFO: dtree.c(1478): Final simple tree
|( QUESTION0_2_R 1 2.701e+04 7.114e+02 1.274e+03
|    ( - 6.618e+03 4 0 QUESTION2_1_L -1 1.868e+02 3.394e+02)
|    ( SILENCE 1 1.968e+04 5.149e+02 9.348e+02
|        ( - 4.851e+03 1 0)
|        ( WDBNDRY_E 0 1.431e+04 3.994e+02 6.923e+02
|            ( QUESTION0_8_R 1 4.007e+03 2.309e+02 2.096e+02
|                ( - 2.997e+03 4 0 QUESTION8 1 2.007e+02 1.615e+02)
|                ( - 7.786e+02 2 0 QUESTION0_7_R 1 1.158e+02 4.815e+01))
|            ( QUESTION10 1 9.907e+03 3.438e+02 4.827e+02
|                ( - 3.085e+03 2 0)
|                ( QUESTION0_0_R 1 6.478e+03 3.060e+02 3.239e+02
|                    ( - 1.927e+03 2 0 WDBNDRY_B 0 2.082e+02 1.066e+02)
|                    ( QUESTION0_18_R 1 4.246e+03 2.130e+02 2.172e+02
|                        ( - 2.660e+03 1 0)
|                        ( - 1.373e+03 3 0 QUESTION0_7_R 1 1.439e+02 7.562e+01)))))))
s>    ( QUESTION0_2_R 1 2.701e+04 7.114e+02 1.274e+03
s>        ( - 6.618e+03 4 0 QUESTION2_1_L -1 1.868e+02 3.394e+02)
s>        ( SILENCE 1 1.968e+04 5.149e+02 9.348e+02
s>            ( - 4.851e+03 1 0)
s>            ( WDBNDRY_E 0 1.431e+04 3.994e+02 6.923e+02
s>                ( QUESTION0_8_R 1 4.007e+03 2.309e+02 2.096e+02
s>                    ( - 2.997e+03 4 0 QUESTION8 1 2.007e+02 1.615e+02)
s>                    ( - 7.786e+02 2 0 QUESTION0_7_R 1 1.158e+02 4.815e+01))
s>                ( QUESTION10 1 9.907e+03 3.438e+02 4.827e+02
s>                    ( - 3.085e+03 2 0)
s>                    ( QUESTION0_0_R 1 6.478e+03 3.060e+02 3.239e+02
s>                        ( - 1.927e+03 2 0 WDBNDRY_B 0 2.082e+02 1.066e+02)
s>                        ( QUESTION0_18_R 1 4.246e+03 2.130e+02 2.172e+02
s>                            ( - 2.660e+03 1 0)
s>                            ( - 1.373e+03 3 0 QUESTION0_7_R 1 1.439e+02 7.562e+01)))))))INFO: dtree.c(1439): stop. leaf nodes are specific
INFO: dtree.c(1478): Final simple tree
|( QUESTION0_0_R 1 1.039e+04 4.068e+02 5.320e+02
|    ( WDBNDRY_B 0 3.496e+03 1.823e+02 1.860e+02
|        ( - 4.283e+02 1 0)
|        ( - 2.885e+03 3 0))
|    ( - 6.490e+03 2 0))
s>    ( QUESTION0_0_R 1 1.039e+04 4.068e+02 5.320e+02
s>        ( WDBNDRY_B 0 3.496e+03 1.823e+02 1.860e+02
s>            ( - 4.283e+02 1 0)
s>            ( - 2.885e+03 3 0))
s>        ( - 6.490e+03 2 0))INFO: dtree.c(1315): Comp split 4
INFO: dtree.c(1439): stop. leaf nodes are specific
INFO: dtree.c(1478): Final simple tree
|( WDBNDRY_B 0 5.620e+03 3.496e+02 2.903e+02
|    ( QUESTION0_1_R 1 3.593e+03 1.433e+02 2.000e+02
|        ( - 2.649e+02 1 0)
|        ( - 3.184e+03 1 0))
|    ( WDBNDRY_E 0 1.678e+03 1.626e+02 9.028e+01
|        ( QUESTION7 1 8.671e+02 1.071e+02 4.896e+01
|            ( - 2.118e+02 1 0)
|            ( QUESTION0_7_R 1 5.482e+02 9.675e+01 3.396e+01
|                ( - 2.229e+02 1 0)
|                ( - 2.285e+02 1 0)))
|        ( - 6.481e+02 1 0)))
s>    ( WDBNDRY_B 0 5.620e+03 3.496e+02 2.903e+02
s>        ( QUESTION0_1_R 1 3.593e+03 1.433e+02 2.000e+02
s>            ( - 2.649e+02 1 0)
s>            ( - 3.184e+03 1 0))
s>        ( WDBNDRY_E 0 1.678e+03 1.626e+02 9.028e+01
s>            ( QUESTION7 1 8.671e+02 1.071e+02 4.896e+01
s>                ( - 2.118e+02 1 0)
s>                ( QUESTION0_7_R 1 5.482e+02 9.675e+01 3.396e+01
s>                    ( - 2.229e+02 1 0)
s>                    ( - 2.285e+02 1 0)))
s>            ( - 6.481e+02 1 0)))INFO: dtree.c(1315): Comp split 5
INFO: dtree.c(1478): Final simple tree
|( QUESTION1 1 9.178e+03 4.394e+02 4.563e+02
|    ( QUESTION0_4_R 1 4.842e+03 2.914e+02 2.532e+02
|        ( WDBNDRY_B 0 2.404e+03 2.050e+02 1.335e+02
|            ( - 4.702e+02 1 0)
|            ( - 1.729e+03 2 0))
|        ( WDBNDRY_E 0 2.147e+03 1.573e+02 1.197e+02
|            ( - 4.059e+02 1 0)
|            ( - 1.584e+03 1 0)))
|    ( WDBNDRY_E 0 3.897e+03 2.179e+02 2.031e+02
|        ( QUESTION8 1 2.277e+03 1.484e+02 1.283e+02
|            ( - 4.247e+02 1 0)
|            ( - 1.704e+03 2 0 QUESTION7 1 1.286e+02 9.921e+01))
|        ( QUESTION0_0_R 1 1.402e+03 1.573e+02 7.483e+01
|            ( - 4.963e+02 2 0 QUESTION0_1_R 1 1.067e+02 3.000e+01)
|            ( - 7.481e+02 2 0 QUESTION0_7_R 1 1.049e+02 4.483e+01))))
s>    ( QUESTION1 1 9.178e+03 4.394e+02 4.563e+02
s>        ( QUESTION0_4_R 1 4.842e+03 2.914e+02 2.532e+02
s>            ( WDBNDRY_B 0 2.404e+03 2.050e+02 1.335e+02
s>                ( - 4.702e+02 1 0)
s>                ( - 1.729e+03 2 0))
s>            ( WDBNDRY_E 0 2.147e+03 1.573e+02 1.197e+02
s>                ( - 4.059e+02 1 0)
s>                ( - 1.584e+03 1 0)))
s>        ( WDBNDRY_E 0 3.897e+03 2.179e+02 2.031e+02
s>            ( QUESTION8 1 2.277e+03 1.484e+02 1.283e+02
s>                ( - 4.247e+02 1 0)
s>                ( - 1.704e+03 2 0 QUESTION7 1 1.286e+02 9.921e+01))
s>            ( QUESTION0_0_R 1 1.402e+03 1.573e+02 7.483e+01
s>                ( - 4.963e+02 2 0 QUESTION0_1_R 1 1.067e+02 3.000e+01)
s>                ( - 7.481e+02 2 0 QUESTION0_7_R 1 1.049e+02 4.483e+01))))INFO: dtree.c(1439): stop. leaf nodes are specific
INFO: dtree.c(1478): Final simple tree
|( QUESTION4 1 6.200e+03 4.719e+02 3.046e+02
|    ( QUESTION0_1_R 1 2.039e+03 2.087e+02 1.094e+02
|        ( - 1.260e+03 1 0)
|        ( QUESTION6 -1 5.698e+02 9.521e+01 3.724e+01
|            ( - 2.086e+02 1 0)
|            ( - 2.660e+02 1 0)))
|    ( WDBNDRY_B 0 3.689e+03 3.168e+02 1.952e+02
|        ( - 1.023e+03 2 0)
|        ( QUESTION0_1_R 1 2.350e+03 2.168e+02 1.363e+02
|            ( QUESTION7 -1 1.072e+03 9.968e+01 6.823e+01
|                ( - 7.906e+02 1 0)
|                ( - 1.819e+02 1 0))
|            ( - 1.061e+03 1 0))))
s>    ( QUESTION4 1 6.200e+03 4.719e+02 3.046e+02
s>        ( QUESTION0_1_R 1 2.039e+03 2.087e+02 1.094e+02
s>            ( - 1.260e+03 1 0)
s>            ( QUESTION6 -1 5.698e+02 9.521e+01 3.724e+01
s>                ( - 2.086e+02 1 0)
s>                ( - 2.660e+02 1 0)))
s>        ( WDBNDRY_B 0 3.689e+03 3.168e+02 1.952e+02
s>            ( - 1.023e+03 2 0)
s>            ( QUESTION0_1_R 1 2.350e+03 2.168e+02 1.363e+02
s>                ( QUESTION7 -1 1.072e+03 9.968e+01 6.823e+01
s>                    ( - 7.906e+02 1 0)
s>                    ( - 1.819e+02 1 0))
s>                ( - 1.061e+03 1 0))))INFO: dtree.c(1315): Comp split 6
INFO: dtree.c(1478): Final simple tree
|( SILENCE 1 1.968e+04 5.149e+02 9.348e+02
|    ( - 4.851e+03 1 0)
|    ( WDBNDRY_E 0 1.431e+04 3.994e+02 6.923e+02
|        ( QUESTION0_8_R 1 4.007e+03 2.309e+02 2.096e+02
|            ( - 2.997e+03 4 0 QUESTION8 1 2.007e+02 1.615e+02)
|            ( - 7.786e+02 2 0 QUESTION0_7_R 1 1.158e+02 4.815e+01))
|        ( QUESTION10 1 9.907e+03 3.438e+02 4.827e+02
|            ( - 3.085e+03 2 0)
|            ( QUESTION0_0_R 1 6.478e+03 3.060e+02 3.239e+02
|                ( WDBNDRY_B 0 1.927e+03 2.082e+02 1.066e+02
|                    ( - 5.988e+02 1 0)
|                    ( - 1.120e+03 1 0))
|                ( QUESTION0_18_R 1 4.246e+03 2.130e+02 2.172e+02
|                    ( - 2.660e+03 1 0)
|                    ( - 1.373e+03 3 0 QUESTION0_7_R 1 1.439e+02 7.562e+01))))))
s>    ( SILENCE 1 1.968e+04 5.149e+02 9.348e+02
s>        ( - 4.851e+03 1 0)
s>        ( WDBNDRY_E 0 1.431e+04 3.994e+02 6.923e+02
s>            ( QUESTION0_8_R 1 4.007e+03 2.309e+02 2.096e+02
s>                ( - 2.997e+03 4 0 QUESTION8 1 2.007e+02 1.615e+02)
s>                ( - 7.786e+02 2 0 QUESTION0_7_R 1 1.158e+02 4.815e+01))
s>            ( QUESTION10 1 9.907e+03 3.438e+02 4.827e+02
s>                ( - 3.085e+03 2 0)
s>                ( QUESTION0_0_R 1 6.478e+03 3.060e+02 3.239e+02
s>                    ( WDBNDRY_B 0 1.927e+03 2.082e+02 1.066e+02
s>                        ( - 5.988e+02 1 0)
s>                        ( - 1.120e+03 1 0))
s>                    ( QUESTION0_18_R 1 4.246e+03 2.130e+02 2.172e+02
s>                        ( - 2.660e+03 1 0)
s>                        ( - 1.373e+03 3 0 QUESTION0_7_R 1 1.439e+02 7.562e+01))))))INFO: dtree.c(1439): stop. leaf nodes are specific
INFO: dtree.c(1478): Final simple tree
|( QUESTION2_1_L -1 6.618e+03 1.868e+02 3.394e+02
|    ( WDBNDRY_B 0 6.075e+03 1.283e+02 3.144e+02
|        ( - 3.117e+02 1 0)
|        ( - 5.635e+03 2 0))
|    ( - 3.564e+02 1 0))
s>    ( QUESTION2_1_L -1 6.618e+03 1.868e+02 3.394e+02
s>        ( WDBNDRY_B 0 6.075e+03 1.283e+02 3.144e+02
s>            ( - 3.117e+02 1 0)
s>            ( - 5.635e+03 2 0))
s>        ( - 3.564e+02 1 0))INFO: dtree.c(1315): Comp split 7
INFO: dtree.c(1478): Final simple tree
|( WDBNDRY_E 0 1.431e+04 3.994e+02 6.923e+02
|    ( QUESTION0_8_R 1 4.007e+03 2.309e+02 2.096e+02
|        ( QUESTION8 1 2.997e+03 2.007e+02 1.615e+02
|            ( - 9.534e+02 2 0)
|            ( - 1.843e+03 2 0 QUESTION7 1 1.509e+02 1.041e+02))
|        ( - 7.786e+02 2 0 QUESTION0_7_R 1 1.158e+02 4.815e+01))
|    ( QUESTION10 1 9.907e+03 3.438e+02 4.827e+02
|        ( - 3.085e+03 2 0)
|        ( QUESTION0_0_R 1 6.478e+03 3.060e+02 3.239e+02
|            ( WDBNDRY_B 0 1.927e+03 2.082e+02 1.066e+02
|                ( - 5.988e+02 1 0)
|                ( - 1.120e+03 1 0))
|            ( QUESTION0_18_R 1 4.246e+03 2.130e+02 2.172e+02
|                ( - 2.660e+03 1 0)
|                ( - 1.373e+03 3 0 QUESTION0_7_R 1 1.439e+02 7.562e+01)))))
s>    ( WDBNDRY_E 0 1.431e+04 3.994e+02 6.923e+02
s>        ( QUESTION0_8_R 1 4.007e+03 2.309e+02 2.096e+02
s>            ( QUESTION8 1 2.997e+03 2.007e+02 1.615e+02
s>                ( - 9.534e+02 2 0)
s>                ( - 1.843e+03 2 0 QUESTION7 1 1.509e+02 1.041e+02))
s>            ( - 7.786e+02 2 0 QUESTION0_7_R 1 1.158e+02 4.815e+01))
s>        ( QUESTION10 1 9.907e+03 3.438e+02 4.827e+02
s>            ( - 3.085e+03 2 0)
s>            ( QUESTION0_0_R 1 6.478e+03 3.060e+02 3.239e+02
s>                ( WDBNDRY_B 0 1.927e+03 2.082e+02 1.066e+02
s>                    ( - 5.988e+02 1 0)
s>                    ( - 1.120e+03 1 0))
s>                ( QUESTION0_18_R 1 4.246e+03 2.130e+02 2.172e+02
s>                    ( - 2.660e+03 1 0)
s>                    ( - 1.373e+03 3 0 QUESTION0_7_R 1 1.439e+02 7.562e+01)))))INFO: dtree.c(1315): Comp split 8
INFO: dtree.c(1439): stop. leaf nodes are specific
INFO: dtree.c(1478): Final simple tree
|( QUESTION0_1_R 1 2.350e+03 2.168e+02 1.363e+02
|    ( QUESTION7 -1 1.072e+03 9.968e+01 6.823e+01
|        ( - 7.906e+02 1 0)
|        ( - 1.819e+02 1 0))
|    ( - 1.061e+03 1 0))
s>    ( QUESTION0_1_R 1 2.350e+03 2.168e+02 1.363e+02
s>        ( QUESTION7 -1 1.072e+03 9.968e+01 6.823e+01
s>            ( - 7.906e+02 1 0)
s>            ( - 1.819e+02 1 0))
s>        ( - 1.061e+03 1 0))INFO: dtree.c(1439): stop. leaf nodes are specific
INFO: dtree.c(1478): Final simple tree
|( QUESTION6 -1 3.369e+03 3.270e+02 1.683e+02
|    ( QUESTION0_1_R 1 1.588e+03 1.195e+02 8.919e+01
|        ( - 1.260e+03 1 0)
|        ( - 2.086e+02 1 0))
|    ( WDBNDRY_B 0 1.454e+03 1.652e+02 7.915e+01
|        ( - 1.023e+03 2 0)
|        ( - 2.660e+02 1 0)))
s>    ( QUESTION6 -1 3.369e+03 3.270e+02 1.683e+02
s>        ( QUESTION0_1_R 1 1.588e+03 1.195e+02 8.919e+01
s>            ( - 1.260e+03 1 0)
s>            ( - 2.086e+02 1 0))
s>        ( WDBNDRY_B 0 1.454e+03 1.652e+02 7.915e+01
s>            ( - 1.023e+03 2 0)
s>            ( - 2.660e+02 1 0)))INFO: dtree.c(1315): Comp split 9
INFO: dtree.c(1478): Final simple tree
|( WDBNDRY_E 0 4.576e+03 2.686e+02 2.341e+02
|    ( QUESTION8 1 2.277e+03 1.484e+02 1.283e+02
|        ( - 4.247e+02 1 0)
|        ( QUESTION7 1 1.704e+03 1.286e+02 9.921e+01
|            ( - 1.267e+03 1 0)
|            ( - 3.084e+02 1 0)))
|    ( QUESTION0_2_R 1 2.031e+03 1.904e+02 1.058e+02
|        ( WDBNDRY_B 0 7.493e+02 1.080e+02 4.395e+01
|            ( - 4.702e+02 1 0)
|            ( - 1.712e+02 1 0))
|        ( QUESTION0_7_R 1 1.091e+03 1.278e+02 6.183e+01
|            ( - 2.571e+02 1 0)
|            ( QUESTION0_0_R 1 7.062e+02 1.015e+02 4.285e+01
|                ( - 2.185e+02 1 0)
|                ( - 3.862e+02 1 0)))))
s>    ( WDBNDRY_E 0 4.576e+03 2.686e+02 2.341e+02
s>        ( QUESTION8 1 2.277e+03 1.484e+02 1.283e+02
s>            ( - 4.247e+02 1 0)
s>            ( QUESTION7 1 1.704e+03 1.286e+02 9.921e+01
s>                ( - 1.267e+03 1 0)
s>                ( - 3.084e+02 1 0)))
s>        ( QUESTION0_2_R 1 2.031e+03 1.904e+02 1.058e+02
s>            ( WDBNDRY_B 0 7.493e+02 1.080e+02 4.395e+01
s>                ( - 4.702e+02 1 0)
s>                ( - 1.712e+02 1 0))
s>            ( QUESTION0_7_R 1 1.091e+03 1.278e+02 6.183e+01
s>                ( - 2.571e+02 1 0)
s>                ( QUESTION0_0_R 1 7.062e+02 1.015e+02 4.285e+01
s>                    ( - 2.185e+02 1 0)
s>                    ( - 3.862e+02 1 0)))))INFO: dtree.c(1439): stop. leaf nodes are specific
INFO: dtree.c(1478): Final simple tree
|( QUESTION0_4_R 1 4.150e+03 2.740e+02 2.223e+02
|    ( - 1.729e+03 2 0)
|    ( WDBNDRY_E 0 2.147e+03 1.573e+02 1.197e+02
|        ( - 4.059e+02 1 0)
|        ( - 1.584e+03 1 0)))
s>    ( QUESTION0_4_R 1 4.150e+03 2.740e+02 2.223e+02
s>        ( - 1.729e+03 2 0)
s>        ( WDBNDRY_E 0 2.147e+03 1.573e+02 1.197e+02
s>            ( - 4.059e+02 1 0)
s>            ( - 1.584e+03 1 0)))INFO: dtree.c(1315): Comp split 10
INFO: dtree.c(1439): stop. leaf nodes are specific
INFO: dtree.c(1478): Final simple tree
|( QUESTION0_8_R 1 5.414e+03 3.011e+02 2.782e+02
|    ( QUESTION8 1 2.997e+03 2.007e+02 1.615e+02
|        ( - 9.534e+02 2 0)
|        ( QUESTION7 1 1.843e+03 1.509e+02 1.041e+02
|            ( - 7.367e+02 1 0)
|            ( - 9.555e+02 1 0)))
|    ( WDBNDRY_E 0 2.116e+03 2.178e+02 1.168e+02
|        ( QUESTION0_7_R 1 7.786e+02 1.158e+02 4.815e+01
|            ( - 4.403e+02 1 0)
|            ( - 2.226e+02 1 0))
|        ( - 1.120e+03 1 0)))
s>    ( QUESTION0_8_R 1 5.414e+03 3.011e+02 2.782e+02
s>        ( QUESTION8 1 2.997e+03 2.007e+02 1.615e+02
s>            ( - 9.534e+02 2 0)
s>            ( QUESTION7 1 1.843e+03 1.509e+02 1.041e+02
s>                ( - 7.367e+02 1 0)
s>                ( - 9.555e+02 1 0)))
s>        ( WDBNDRY_E 0 2.116e+03 2.178e+02 1.168e+02
s>            ( QUESTION0_7_R 1 7.786e+02 1.158e+02 4.815e+01
s>                ( - 4.403e+02 1 0)
s>                ( - 2.226e+02 1 0))
s>            ( - 1.120e+03 1 0)))INFO: dtree.c(1439): stop. leaf nodes are specific
INFO: dtree.c(1478): Final simple tree
|( QUESTION10 1 8.481e+03 3.154e+02 4.140e+02
|    ( - 3.085e+03 2 0)
|    ( QUESTION6 1 5.080e+03 2.476e+02 2.553e+02
|        ( QUESTION0_7_R 1 3.466e+03 1.641e+02 1.804e+02
|            ( - 6.418e+02 1 0)
|            ( - 2.660e+03 1 0))
|        ( WDBNDRY_B 0 1.367e+03 1.809e+02 7.487e+01
|            ( - 5.988e+02 1 0)
|            ( QUESTION0_15_R 1 5.873e+02 8.960e+01 3.683e+01
|                ( - 2.424e+02 1 0)
|                ( - 2.553e+02 1 0)))))
s>    ( QUESTION10 1 8.481e+03 3.154e+02 4.140e+02
s>        ( - 3.085e+03 2 0)
s>        ( QUESTION6 1 5.080e+03 2.476e+02 2.553e+02
s>            ( QUESTION0_7_R 1 3.466e+03 1.641e+02 1.804e+02
s>                ( - 6.418e+02 1 0)
s>                ( - 2.660e+03 1 0))
s>            ( WDBNDRY_B 0 1.367e+03 1.809e+02 7.487e+01
s>                ( - 5.988e+02 1 0)
s>                ( QUESTION0_15_R 1 5.873e+02 8.960e+01 3.683e+01
s>                    ( - 2.424e+02 1 0)
s>                    ( - 2.553e+02 1 0)))))INFO: dtree.c(1315): Comp split 11
INFO: dtree.c(1439): stop. leaf nodes are specific
INFO: dtree.c(1478): Final simple tree
|( WDBNDRY_B 0 3.496e+03 1.823e+02 1.860e+02
|    ( - 4.283e+02 1 0)
|    ( - 2.885e+03 3 0))
s>    ( WDBNDRY_B 0 3.496e+03 1.823e+02 1.860e+02
s>        ( - 4.283e+02 1 0)
s>        ( - 2.885e+03 3 0))INFO: dtree.c(1315): Comp split 12
INFO: dtree.c(1439): stop. leaf nodes are specific
INFO: dtree.c(1478): Final simple tree
|( WDBNDRY_E 0 1.678e+03 1.626e+02 9.028e+01
|    ( QUESTION7 1 8.671e+02 1.071e+02 4.896e+01
|        ( - 2.118e+02 1 0)
|        ( QUESTION0_7_R 1 5.482e+02 9.675e+01 3.396e+01
|            ( - 2.229e+02 1 0)
|            ( - 2.285e+02 1 0)))
|    ( - 6.481e+02 1 0))
s>    ( WDBNDRY_E 0 1.678e+03 1.626e+02 9.028e+01
s>        ( QUESTION7 1 8.671e+02 1.071e+02 4.896e+01
s>            ( - 2.118e+02 1 0)
s>            ( QUESTION0_7_R 1 5.482e+02 9.675e+01 3.396e+01
s>                ( - 2.229e+02 1 0)
s>                ( - 2.285e+02 1 0)))
s>        ( - 6.481e+02 1 0))INFO: dtree.c(1439): stop. leaf nodes are specific
INFO: dtree.c(1478): Final simple tree
|( QUESTION0_1_R 1 3.593e+03 1.433e+02 2.000e+02
|    ( - 2.649e+02 1 0)
|    ( - 3.184e+03 1 0))
s>    ( QUESTION0_1_R 1 3.593e+03 1.433e+02 2.000e+02
s>        ( - 2.649e+02 1 0)
s>        ( - 3.184e+03 1 0))INFO: dtree.c(1315): Comp split 13
INFO: dtree.c(1439): stop. leaf nodes are specific
INFO: dtree.c(1478): Final simple tree
|( WDBNDRY_B 0 1.454e+03 1.652e+02 7.915e+01
|    ( - 1.023e+03 2 0)
|    ( - 2.660e+02 1 0))
s>    ( WDBNDRY_B 0 1.454e+03 1.652e+02 7.915e+01
s>        ( - 1.023e+03 2 0)
s>        ( - 2.660e+02 1 0))INFO: dtree.c(1439): stop. leaf nodes are specific
INFO: dtree.c(1478): Final simple tree
|( QUESTION0_1_R 1 1.588e+03 1.195e+02 8.919e+01
|    ( - 1.260e+03 1 0)
|    ( - 2.086e+02 1 0))
s>    ( QUESTION0_1_R 1 1.588e+03 1.195e+02 8.919e+01
s>        ( - 1.260e+03 1 0)
s>        ( - 2.086e+02 1 0))INFO: dtree.c(1315): Comp split 14
INFO: dtree.c(1439): stop. leaf nodes are specific
INFO: dtree.c(1478): Final simple tree
|( QUESTION0_7_R 1 3.449e+03 1.218e+02 1.758e+02
|    ( - 3.085e+03 2 0)
|    ( - 2.424e+02 1 0))
s>    ( QUESTION0_7_R 1 3.449e+03 1.218e+02 1.758e+02
s>        ( - 3.085e+03 2 0)
s>        ( - 2.424e+02 1 0))INFO: dtree.c(1439): stop. leaf nodes are specific
INFO: dtree.c(1478): Final simple tree
|( QUESTION6 1 4.706e+03 2.485e+02 2.383e+02
|    ( QUESTION0_7_R 1 3.466e+03 1.641e+02 1.804e+02
|        ( - 6.418e+02 1 0)
|        ( - 2.660e+03 1 0))
|    ( WDBNDRY_B 0 9.913e+02 1.372e+02 5.787e+01
|        ( - 5.988e+02 1 0)
|        ( - 2.553e+02 1 0)))
s>    ( QUESTION6 1 4.706e+03 2.485e+02 2.383e+02
s>        ( QUESTION0_7_R 1 3.466e+03 1.641e+02 1.804e+02
s>            ( - 6.418e+02 1 0)
s>            ( - 2.660e+03 1 0))
s>        ( WDBNDRY_B 0 9.913e+02 1.372e+02 5.787e+01
s>            ( - 5.988e+02 1 0)
s>            ( - 2.553e+02 1 0)))INFO: dtree.c(1315): Comp split 15
INFO: dtree.c(1439): stop. leaf nodes are specific
INFO: dtree.c(1478): Final simple tree
|( QUESTION9 1 2.464e+03 1.879e+02 1.355e+02
|    ( - 9.555e+02 1 0)
|    ( QUESTION0_8_R 1 1.321e+03 1.440e+02 7.714e+01
|        ( - 7.367e+02 1 0)
|        ( - 4.403e+02 1 0)))
s>    ( QUESTION9 1 2.464e+03 1.879e+02 1.355e+02
s>        ( - 9.555e+02 1 0)
s>        ( QUESTION0_8_R 1 1.321e+03 1.440e+02 7.714e+01
s>            ( - 7.367e+02 1 0)
s>            ( - 4.403e+02 1 0)))INFO: dtree.c(1439): stop. leaf nodes are specific
INFO: dtree.c(1478): Final simple tree
|( WDBNDRY_E 0 2.637e+03 2.150e+02 1.427e+02
|    ( QUESTION0_7_R 1 1.302e+03 1.261e+02 7.411e+01
|        ( - 9.534e+02 2 0)
|        ( - 2.226e+02 1 0))
|    ( - 1.120e+03 1 0))
s>    ( WDBNDRY_E 0 2.637e+03 2.150e+02 1.427e+02
s>        ( QUESTION0_7_R 1 1.302e+03 1.261e+02 7.411e+01
s>            ( - 9.534e+02 2 0)
s>            ( - 2.226e+02 1 0))
s>        ( - 1.120e+03 1 0))INFO: dtree.c(1315): Comp split 16
INFO: dtree.c(1439): stop. leaf nodes are specific
INFO: dtree.c(1478): Final simple tree
|( WDBNDRY_E 0 3.158e+03 1.754e+02 1.711e+02
|    ( QUESTION8 1 2.277e+03 1.484e+02 1.283e+02
|        ( - 4.247e+02 1 0)
|        ( QUESTION7 1 1.704e+03 1.286e+02 9.921e+01
|            ( - 1.267e+03 1 0)
|            ( - 3.084e+02 1 0)))
|    ( QUESTION0_0_R 1 7.062e+02 1.015e+02 4.285e+01
|        ( - 2.185e+02 1 0)
|        ( - 3.862e+02 1 0)))
s>    ( WDBNDRY_E 0 3.158e+03 1.754e+02 1.711e+02
s>        ( QUESTION8 1 2.277e+03 1.484e+02 1.283e+02
s>            ( - 4.247e+02 1 0)
s>            ( QUESTION7 1 1.704e+03 1.286e+02 9.921e+01
s>                ( - 1.267e+03 1 0)
s>                ( - 3.084e+02 1 0)))
s>        ( QUESTION0_0_R 1 7.062e+02 1.015e+02 4.285e+01
s>            ( - 2.185e+02 1 0)
s>            ( - 3.862e+02 1 0)))INFO: dtree.c(1439): stop. leaf nodes are specific
INFO: dtree.c(1478): Final simple tree
|( WDBNDRY_B 0 1.129e+03 1.308e+02 6.292e+01
|    ( - 4.702e+02 1 0)
|    ( QUESTION0_0_R 1 5.285e+02 1.002e+02 3.198e+01
|        ( - 1.712e+02 1 0)
|        ( - 2.571e+02 1 0)))
s>    ( WDBNDRY_B 0 1.129e+03 1.308e+02 6.292e+01
s>        ( - 4.702e+02 1 0)
s>        ( QUESTION0_0_R 1 5.285e+02 1.002e+02 3.198e+01
s>            ( - 1.712e+02 1 0)
s>            ( - 2.571e+02 1 0)))INFO: dtree.c(1315): Comp split 17
INFO: dtree.c(1439): stop. leaf nodes are specific
INFO: dtree.c(1478): Final simple tree
|( WDBNDRY_E 0 2.147e+03 1.573e+02 1.197e+02
|    ( - 4.059e+02 1 0)
|    ( - 1.584e+03 1 0))
s>    ( WDBNDRY_E 0 2.147e+03 1.573e+02 1.197e+02
s>        ( - 4.059e+02 1 0)
s>        ( - 1.584e+03 1 0))INFO: dtree.c(1315): Comp split 18
INFO: dtree.c(1439): stop. leaf nodes are specific
INFO: dtree.c(1478): Final simple tree
|( WDBNDRY_B 0 9.913e+02 1.372e+02 5.787e+01
|    ( - 5.988e+02 1 0)
|    ( - 2.553e+02 1 0))
s>    ( WDBNDRY_B 0 9.913e+02 1.372e+02 5.787e+01
s>        ( - 5.988e+02 1 0)
s>        ( - 2.553e+02 1 0))INFO: dtree.c(1439): stop. leaf nodes are specific
INFO: dtree.c(1478): Final simple tree
|( QUESTION0_7_R 1 3.466e+03 1.641e+02 1.804e+02
|    ( - 6.418e+02 1 0)
|    ( - 2.660e+03 1 0))
s>    ( QUESTION0_7_R 1 3.466e+03 1.641e+02 1.804e+02
s>        ( - 6.418e+02 1 0)
s>        ( - 2.660e+03 1 0))INFO: dtree.c(1315): Comp split 19
INFO: dtree.c(1439): stop. leaf nodes are specific
INFO: dtree.c(1478): Final simple tree
|( WDBNDRY_B 0 7.601e+02 9.203e+01 4.805e+01
|    ( - 3.117e+02 1 0)
|    ( - 3.564e+02 1 0))
s>    ( WDBNDRY_B 0 7.601e+02 9.203e+01 4.805e+01
s>        ( - 3.117e+02 1 0)
s>        ( - 3.564e+02 1 0))INFO: dtree.c(1315): Comp split 20
INFO: dtree.c(1439): stop. leaf nodes are specific
INFO: dtree.c(1478): Final simple tree
|( QUESTION7 -1 1.072e+03 9.968e+01 6.823e+01
|    ( - 7.906e+02 1 0)
|    ( - 1.819e+02 1 0))
s>    ( QUESTION7 -1 1.072e+03 9.968e+01 6.823e+01
s>        ( - 7.906e+02 1 0)
s>        ( - 1.819e+02 1 0))INFO: dtree.c(1315): Comp split 21
INFO: dtree.c(1439): stop. leaf nodes are specific
INFO: dtree.c(1478): Final simple tree
|( QUESTION0_7_R 1 1.302e+03 1.261e+02 7.411e+01
|    ( - 9.534e+02 2 0)
|    ( - 2.226e+02 1 0))
s>    ( QUESTION0_7_R 1 1.302e+03 1.261e+02 7.411e+01
s>        ( - 9.534e+02 2 0)
s>        ( - 2.226e+02 1 0))INFO: dtree.c(1315): Comp split 22
INFO: dtree.c(1439): stop. leaf nodes are specific
INFO: dtree.c(1478): Final simple tree
|( WDBNDRY_E 0 1.773e+03 1.204e+02 1.032e+02
|    ( - 1.267e+03 1 0)
|    ( - 3.862e+02 1 0))
s>    ( WDBNDRY_E 0 1.773e+03 1.204e+02 1.032e+02
s>        ( - 1.267e+03 1 0)
s>        ( - 3.862e+02 1 0))INFO: dtree.c(1439): stop. leaf nodes are specific
INFO: dtree.c(1478): Final simple tree
|( QUESTION7 1 1.188e+03 1.350e+02 6.796e+01
|    ( - 4.247e+02 1 0)
|    ( WDBNDRY_E 0 6.280e+02 1.012e+02 3.889e+01
|        ( - 3.084e+02 1 0)
|        ( - 2.185e+02 1 0)))
s>    ( QUESTION7 1 1.188e+03 1.350e+02 6.796e+01
s>        ( - 4.247e+02 1 0)
s>        ( WDBNDRY_E 0 6.280e+02 1.012e+02 3.889e+01
s>            ( - 3.084e+02 1 0)
s>            ( - 2.185e+02 1 0)))INFO: dtree.c(1315): Comp split 23
INFO: dtree.c(1439): stop. leaf nodes are specific
INFO: dtree.c(1478): Final simple tree
|( QUESTION0_8_R 1 1.321e+03 1.440e+02 7.714e+01
|    ( - 7.367e+02 1 0)
|    ( - 4.403e+02 1 0))
s>    ( QUESTION0_8_R 1 1.321e+03 1.440e+02 7.714e+01
s>        ( - 7.367e+02 1 0)
s>        ( - 4.403e+02 1 0))INFO: dtree.c(1315): Comp split 24
INFO: dtree.c(1315): Comp split 25
INFO: dtree.c(1439): stop. leaf nodes are specific
INFO: dtree.c(1478): Final simple tree
|( WDBNDRY_E 0 9.773e+02 1.063e+02 5.732e+01
|    ( - 2.229e+02 1 0)
|    ( - 6.481e+02 1 0))
s>    ( WDBNDRY_E 0 9.773e+02 1.063e+02 5.732e+01
s>        ( - 2.229e+02 1 0)
s>        ( - 6.481e+02 1 0))INFO: dtree.c(1439): stop. leaf nodes are specific
INFO: dtree.c(1478): Final simple tree
|( QUESTION0_7_R 1 5.221e+02 8.183e+01 3.296e+01
|    ( - 2.118e+02 1 0)
|    ( - 2.285e+02 1 0))
s>    ( QUESTION0_7_R 1 5.221e+02 8.183e+01 3.296e+01
s>        ( - 2.118e+02 1 0)
s>        ( - 2.285e+02 1 0))INFO: dtree.c(1315): Comp split 26
INFO: dtree.c(1315): Comp split 27
INFO: dtree.c(1315): Comp split 28
INFO: dtree.c(1315): Comp split 29
INFO: dtree.c(1315): Comp split 30
INFO: dtree.c(1315): Comp split 31
INFO: dtree.c(1315): Comp split 32
INFO: dtree.c(1439): stop. leaf nodes are specific
INFO: dtree.c(1478): Final simple tree
|( WDBNDRY_E 0 6.280e+02 1.012e+02 3.889e+01
|    ( - 3.084e+02 1 0)
|    ( - 2.185e+02 1 0))
s>    ( WDBNDRY_E 0 6.280e+02 1.012e+02 3.889e+01
s>        ( - 3.084e+02 1 0)
s>        ( - 2.185e+02 1 0))INFO: dtree.c(1315): Comp split 33
INFO: dtree.c(1439): stop. leaf nodes are specific
INFO: dtree.c(1478): Final simple tree
|( QUESTION0_0_R 1 5.285e+02 1.002e+02 3.198e+01
|    ( - 1.712e+02 1 0)
|    ( - 2.571e+02 1 0))
s>    ( QUESTION0_0_R 1 5.285e+02 1.002e+02 3.198e+01
s>        ( - 1.712e+02 1 0)
s>        ( - 2.571e+02 1 0))INFO: dtree.c(1315): Comp split 34
INFO: dtree.c(1315): Comp split 35
INFO: dtree.c(1315): Comp split 36
INFO: dtree.c(1315): Comp split 37
INFO: dtree.c(1315): Comp split 38
INFO: dtree.c(1315): Comp split 39
INFO: dtree.c(1315): Comp split 40
INFO: dtree.c(1315): Comp split 41
INFO: dtree.c(1315): Comp split 42
INFO: dtree.c(1315): Comp split 43
INFO: dtree.c(1315): Comp split 44
INFO: dtree.c(1318): stop. leaf nodes are specific
Fri Dec  3 07:39:16 2021
