Current configuration:
[NAME]		[DEFLT]	[VALUE]
-allphones	no	no
-cntthresh	0.00001	1.000000e-05
-csplitmax	100	2000
-csplitmin	1	1
-csplitthr	8e-4	0.000000e+00
-example	no	no
-fullvar	no	no
-help		no	no
-meanfn			
-mixwfn			/home/azhar/Tubes_Speech/commandreminder/model_parameters/commandreminder.cd_ptm_untied/mixture_weights
-moddeffn		/home/azhar/Tubes_Speech/commandreminder/model_architecture/commandreminder.untied.mdef
-mwfloor	1e-4	1.000000e-08
-phone			L
-psetfn			/home/azhar/Tubes_Speech/commandreminder/model_architecture/commandreminder.tree_questions
-ssplitmax	5	7
-ssplitmin	1	1
-ssplitthr	8e-4	0.000000e+00
-state			2
-stwt			1.0,0.05,0.0,
-treefn			/home/azhar/Tubes_Speech/commandreminder/trees/commandreminder.unpruned/L-2.dtree
-ts2cbfn	.semi.	.semi.
-varfloor	0.00001	1.000000e-05
-varfn			

INFO: main.c(223): Reading: /home/azhar/Tubes_Speech/commandreminder/model_architecture/commandreminder.untied.mdef
INFO: model_def_io.c(573): Model definition info:
INFO: model_def_io.c(574): 1061 total models defined (31 base, 1030 tri)
INFO: model_def_io.c(575): 4244 total states
INFO: model_def_io.c(576): 3183 total tied states
INFO: model_def_io.c(577): 93 total tied CI states
INFO: model_def_io.c(578): 31 total tied transition matrices
INFO: model_def_io.c(579): 4 max state/model
INFO: model_def_io.c(580): 4 min state/model
INFO: main.c(242): Building trees for [L A A i] through [L U U i]
INFO: main.c(269): Covering states |[1743 1853]| == 111
INFO: main.c(275): Reading: /home/azhar/Tubes_Speech/commandreminder/model_parameters/commandreminder.cd_ptm_untied/mixture_weights
INFO: s3mixw_io.c(173): Read /home/azhar/Tubes_Speech/commandreminder/model_parameters/commandreminder.cd_ptm_untied/mixture_weights [111x4x64 array]
INFO: main.c(311): 37 of 37 models have observation count greater than 0.000010
INFO: main.c(95): nrm stwt: 0.000 0.048 0.952 
INFO: main.c(411): 37-class entropy: 5.658846e+04
INFO: main.c(549): Reading: /home/azhar/Tubes_Speech/commandreminder/model_architecture/commandreminder.tree_questions
INFO: main.c(588): 174 total simple questions (166 phone; 8 word bndry)
INFO: main.c(590): 40 Left Only questions, and 42 Right Only questions
INFO: dtree.c(1478): Final simple tree
|( QUESTION0_4_R 1 7.846e+04 7.081e+03 3.510e+03
|    ( QUESTION4 -1 2.618e+04 1.210e+03 1.420e+03
|        ( - 1.415e+04 2 0)
|        ( - 1.082e+04 4 0 QUESTION1 -1 3.844e+02 5.669e+02))
|    ( QUESTION3 1 4.520e+04 2.972e+03 2.090e+03
|        ( - 1.223e+04 8 0 QUESTION2_1_L -1 3.735e+02 6.897e+02)
|        ( SILENCE 1 2.999e+04 1.315e+03 1.400e+03
|            ( - 6.032e+03 2 0 QUESTION1 -1 2.665e+02 3.597e+02)
|            ( QUESTION2 1 2.264e+04 1.124e+03 1.040e+03
|                ( - 6.070e+03 8 0 WDBNDRY_B 0 4.294e+02 3.033e+02)
|                ( QUESTION0_8_R 1 1.545e+04 7.832e+02 7.371e+02
|                    ( - 5.413e+03 4 0 QUESTION3 -1 4.217e+02 2.969e+02)
|                    ( QUESTION15 1 9.254e+03 5.797e+02 4.402e+02
|                        ( - 2.385e+03 2 0)
|                        ( - 6.290e+03 7 0 QUESTION0_16_R 1 4.226e+02 2.977e+02)))))))
s>    ( QUESTION0_4_R 1 7.846e+04 7.081e+03 3.510e+03
s>        ( QUESTION4 -1 2.618e+04 1.210e+03 1.420e+03
s>            ( - 1.415e+04 2 0)
s>            ( - 1.082e+04 4 0 QUESTION1 -1 3.844e+02 5.669e+02))
s>        ( QUESTION3 1 4.520e+04 2.972e+03 2.090e+03
s>            ( - 1.223e+04 8 0 QUESTION2_1_L -1 3.735e+02 6.897e+02)
s>            ( SILENCE 1 2.999e+04 1.315e+03 1.400e+03
s>                ( - 6.032e+03 2 0 QUESTION1 -1 2.665e+02 3.597e+02)
s>                ( QUESTION2 1 2.264e+04 1.124e+03 1.040e+03
s>                    ( - 6.070e+03 8 0 WDBNDRY_B 0 4.294e+02 3.033e+02)
s>                    ( QUESTION0_8_R 1 1.545e+04 7.832e+02 7.371e+02
s>                        ( - 5.413e+03 4 0 QUESTION3 -1 4.217e+02 2.969e+02)
s>                        ( QUESTION15 1 9.254e+03 5.797e+02 4.402e+02
s>                            ( - 2.385e+03 2 0)
s>                            ( - 6.290e+03 7 0 QUESTION0_16_R 1 4.226e+02 2.977e+02)))))))INFO: dtree.c(1315): Comp split 0
INFO: dtree.c(1478): Final simple tree
|( QUESTION3 1 4.520e+04 2.972e+03 2.090e+03
|    ( - 1.223e+04 8 0 QUESTION2_1_L -1 3.735e+02 6.897e+02)
|    ( SILENCE 1 2.999e+04 1.315e+03 1.400e+03
|        ( - 6.032e+03 2 0 QUESTION1 -1 2.665e+02 3.597e+02)
|        ( QUESTION2 1 2.264e+04 1.124e+03 1.040e+03
|            ( WDBNDRY_B 0 6.070e+03 4.294e+02 3.033e+02
|                ( - 2.517e+03 4 0 QUESTION0 -1 2.680e+02 1.326e+02)
|                ( - 3.124e+03 4 0 QUESTION0 -1 2.253e+02 1.706e+02))
|            ( QUESTION0_8_R 1 1.545e+04 7.832e+02 7.371e+02
|                ( - 5.413e+03 4 0 QUESTION3 -1 4.217e+02 2.969e+02)
|                ( QUESTION15 1 9.254e+03 5.797e+02 4.402e+02
|                    ( - 2.385e+03 2 0)
|                    ( QUESTION0_16_R 1 6.290e+03 4.226e+02 2.977e+02
|                        ( - 2.756e+03 4 0 QUESTION0_17_R 1 2.724e+02 1.380e+02)
|                        ( - 3.111e+03 3 0 QUESTION0_7_R 1 3.047e+02 1.597e+02)))))))
s>    ( QUESTION3 1 4.520e+04 2.972e+03 2.090e+03
s>        ( - 1.223e+04 8 0 QUESTION2_1_L -1 3.735e+02 6.897e+02)
s>        ( SILENCE 1 2.999e+04 1.315e+03 1.400e+03
s>            ( - 6.032e+03 2 0 QUESTION1 -1 2.665e+02 3.597e+02)
s>            ( QUESTION2 1 2.264e+04 1.124e+03 1.040e+03
s>                ( WDBNDRY_B 0 6.070e+03 4.294e+02 3.033e+02
s>                    ( - 2.517e+03 4 0 QUESTION0 -1 2.680e+02 1.326e+02)
s>                    ( - 3.124e+03 4 0 QUESTION0 -1 2.253e+02 1.706e+02))
s>                ( QUESTION0_8_R 1 1.545e+04 7.832e+02 7.371e+02
s>                    ( - 5.413e+03 4 0 QUESTION3 -1 4.217e+02 2.969e+02)
s>                    ( QUESTION15 1 9.254e+03 5.797e+02 4.402e+02
s>                        ( - 2.385e+03 2 0)
s>                        ( QUESTION0_16_R 1 6.290e+03 4.226e+02 2.977e+02
s>                            ( - 2.756e+03 4 0 QUESTION0_17_R 1 2.724e+02 1.380e+02)
s>                            ( - 3.111e+03 3 0 QUESTION0_7_R 1 3.047e+02 1.597e+02)))))))INFO: dtree.c(1439): stop. leaf nodes are specific
INFO: dtree.c(1478): Final simple tree
|( QUESTION4 -1 2.618e+04 1.210e+03 1.420e+03
|    ( - 1.415e+04 2 0)
|    ( QUESTION1 -1 1.082e+04 3.844e+02 5.669e+02
|        ( - 8.878e+03 2 0)
|        ( WDBNDRY_B 0 1.560e+03 1.845e+02 8.774e+01
|            ( - 8.701e+02 1 0)
|            ( - 5.053e+02 1 0))))
s>    ( QUESTION4 -1 2.618e+04 1.210e+03 1.420e+03
s>        ( - 1.415e+04 2 0)
s>        ( QUESTION1 -1 1.082e+04 3.844e+02 5.669e+02
s>            ( - 8.878e+03 2 0)
s>            ( WDBNDRY_B 0 1.560e+03 1.845e+02 8.774e+01
s>                ( - 8.701e+02 1 0)
s>                ( - 5.053e+02 1 0))))INFO: dtree.c(1315): Comp split 1
INFO: dtree.c(1478): Final simple tree
|( SILENCE 1 2.999e+04 1.315e+03 1.400e+03
|    ( - 6.032e+03 2 0 QUESTION1 -1 2.665e+02 3.597e+02)
|    ( QUESTION2 1 2.264e+04 1.124e+03 1.040e+03
|        ( WDBNDRY_B 0 6.070e+03 4.294e+02 3.033e+02
|            ( - 2.517e+03 4 0 QUESTION0 -1 2.680e+02 1.326e+02)
|            ( - 3.124e+03 4 0 QUESTION0 -1 2.253e+02 1.706e+02))
|        ( QUESTION0_8_R 1 1.545e+04 7.832e+02 7.371e+02
|            ( QUESTION3 -1 5.413e+03 4.217e+02 2.969e+02
|                ( - 1.654e+03 1 0)
|                ( - 3.337e+03 3 0 WDBNDRY_E 0 1.887e+02 1.975e+02))
|            ( QUESTION15 1 9.254e+03 5.797e+02 4.402e+02
|                ( - 2.385e+03 2 0)
|                ( QUESTION0_16_R 1 6.290e+03 4.226e+02 2.977e+02
|                    ( - 2.756e+03 4 0 QUESTION0_17_R 1 2.724e+02 1.380e+02)
|                    ( - 3.111e+03 3 0 QUESTION0_7_R 1 3.047e+02 1.597e+02))))))
s>    ( SILENCE 1 2.999e+04 1.315e+03 1.400e+03
s>        ( - 6.032e+03 2 0 QUESTION1 -1 2.665e+02 3.597e+02)
s>        ( QUESTION2 1 2.264e+04 1.124e+03 1.040e+03
s>            ( WDBNDRY_B 0 6.070e+03 4.294e+02 3.033e+02
s>                ( - 2.517e+03 4 0 QUESTION0 -1 2.680e+02 1.326e+02)
s>                ( - 3.124e+03 4 0 QUESTION0 -1 2.253e+02 1.706e+02))
s>            ( QUESTION0_8_R 1 1.545e+04 7.832e+02 7.371e+02
s>                ( QUESTION3 -1 5.413e+03 4.217e+02 2.969e+02
s>                    ( - 1.654e+03 1 0)
s>                    ( - 3.337e+03 3 0 WDBNDRY_E 0 1.887e+02 1.975e+02))
s>                ( QUESTION15 1 9.254e+03 5.797e+02 4.402e+02
s>                    ( - 2.385e+03 2 0)
s>                    ( QUESTION0_16_R 1 6.290e+03 4.226e+02 2.977e+02
s>                        ( - 2.756e+03 4 0 QUESTION0_17_R 1 2.724e+02 1.380e+02)
s>                        ( - 3.111e+03 3 0 QUESTION0_7_R 1 3.047e+02 1.597e+02))))))INFO: dtree.c(1439): stop. leaf nodes are specific
INFO: dtree.c(1478): Final simple tree
|( QUESTION2_1_L -1 1.223e+04 3.735e+02 6.897e+02
|    ( WDBNDRY_B 0 6.141e+03 1.790e+02 3.648e+02
|        ( - 1.695e+03 1 0)
|        ( QUESTION0 -1 4.268e+03 1.557e+02 2.586e+02
|            ( - 2.972e+03 2 0)
|            ( - 1.140e+03 1 0)))
|    ( WDBNDRY_B 0 5.720e+03 3.059e+02 3.249e+02
|        ( - 2.041e+03 1 0)
|        ( QUESTION3 -1 3.373e+03 2.324e+02 2.033e+02
|            ( - 8.440e+02 1 0)
|            ( QUESTION0 -1 2.297e+03 1.241e+02 1.435e+02
|                ( - 1.855e+03 1 0)
|                ( - 3.176e+02 1 0)))))
s>    ( QUESTION2_1_L -1 1.223e+04 3.735e+02 6.897e+02
s>        ( WDBNDRY_B 0 6.141e+03 1.790e+02 3.648e+02
s>            ( - 1.695e+03 1 0)
s>            ( QUESTION0 -1 4.268e+03 1.557e+02 2.586e+02
s>                ( - 2.972e+03 2 0)
s>                ( - 1.140e+03 1 0)))
s>        ( WDBNDRY_B 0 5.720e+03 3.059e+02 3.249e+02
s>            ( - 2.041e+03 1 0)
s>            ( QUESTION3 -1 3.373e+03 2.324e+02 2.033e+02
s>                ( - 8.440e+02 1 0)
s>                ( QUESTION0 -1 2.297e+03 1.241e+02 1.435e+02
s>                    ( - 1.855e+03 1 0)
s>                    ( - 3.176e+02 1 0)))))INFO: dtree.c(1315): Comp split 2
INFO: dtree.c(1439): stop. leaf nodes are specific
INFO: dtree.c(1478): Final simple tree
|( SILENCE 1 9.063e+03 6.467e+02 5.021e+02
|    ( QUESTION1 -1 6.032e+03 2.665e+02 3.597e+02
|        ( - 1.537e+03 1 0)
|        ( - 4.229e+03 1 0))
|    ( - 2.385e+03 2 0))
s>    ( SILENCE 1 9.063e+03 6.467e+02 5.021e+02
s>        ( QUESTION1 -1 6.032e+03 2.665e+02 3.597e+02
s>            ( - 1.537e+03 1 0)
s>            ( - 4.229e+03 1 0))
s>        ( - 2.385e+03 2 0))INFO: dtree.c(1478): Final simple tree
|( QUESTION2 1 1.953e+04 1.042e+03 8.980e+02
|    ( WDBNDRY_B 0 6.070e+03 4.294e+02 3.033e+02
|        ( - 2.517e+03 4 0 QUESTION0 -1 2.680e+02 1.326e+02)
|        ( - 3.124e+03 4 0 QUESTION0 -1 2.253e+02 1.706e+02))
|    ( QUESTION0_8_R 1 1.242e+04 7.147e+02 5.947e+02
|        ( QUESTION3 -1 5.413e+03 4.217e+02 2.969e+02
|            ( - 1.654e+03 1 0)
|            ( - 3.337e+03 3 0 WDBNDRY_E 0 1.887e+02 1.975e+02))
|        ( QUESTION0_16_R 1 6.290e+03 4.226e+02 2.977e+02
|            ( QUESTION0_17_R 1 2.756e+03 2.724e+02 1.380e+02
|                ( - 6.906e+02 1 0)
|                ( - 1.793e+03 3 0 QUESTION0_19_R 1 2.201e+02 9.366e+01))
|            ( QUESTION0_7_R 1 3.111e+03 3.047e+02 1.597e+02
|                ( - 7.044e+02 1 0)
|                ( - 2.102e+03 2 0 QUESTION0_0_R 1 2.062e+02 1.180e+02)))))
s>    ( QUESTION2 1 1.953e+04 1.042e+03 8.980e+02
s>        ( WDBNDRY_B 0 6.070e+03 4.294e+02 3.033e+02
s>            ( - 2.517e+03 4 0 QUESTION0 -1 2.680e+02 1.326e+02)
s>            ( - 3.124e+03 4 0 QUESTION0 -1 2.253e+02 1.706e+02))
s>        ( QUESTION0_8_R 1 1.242e+04 7.147e+02 5.947e+02
s>            ( QUESTION3 -1 5.413e+03 4.217e+02 2.969e+02
s>                ( - 1.654e+03 1 0)
s>                ( - 3.337e+03 3 0 WDBNDRY_E 0 1.887e+02 1.975e+02))
s>            ( QUESTION0_16_R 1 6.290e+03 4.226e+02 2.977e+02
s>                ( QUESTION0_17_R 1 2.756e+03 2.724e+02 1.380e+02
s>                    ( - 6.906e+02 1 0)
s>                    ( - 1.793e+03 3 0 QUESTION0_19_R 1 2.201e+02 9.366e+01))
s>                ( QUESTION0_7_R 1 3.111e+03 3.047e+02 1.597e+02
s>                    ( - 7.044e+02 1 0)
s>                    ( - 2.102e+03 2 0 QUESTION0_0_R 1 2.062e+02 1.180e+02)))))INFO: dtree.c(1315): Comp split 3
INFO: dtree.c(1439): stop. leaf nodes are specific
INFO: dtree.c(1478): Final simple tree
|( QUESTION1 -1 1.082e+04 3.844e+02 5.669e+02
|    ( - 8.878e+03 2 0)
|    ( WDBNDRY_B 0 1.560e+03 1.845e+02 8.774e+01
|        ( - 8.701e+02 1 0)
|        ( - 5.053e+02 1 0)))
s>    ( QUESTION1 -1 1.082e+04 3.844e+02 5.669e+02
s>        ( - 8.878e+03 2 0)
s>        ( WDBNDRY_B 0 1.560e+03 1.845e+02 8.774e+01
s>            ( - 8.701e+02 1 0)
s>            ( - 5.053e+02 1 0)))INFO: dtree.c(1315): Comp split 4
INFO: dtree.c(1478): Final simple tree
|( WDBNDRY_E 0 8.394e+03 5.312e+02 3.969e+02
|    ( QUESTION0_19_R 1 1.793e+03 2.201e+02 9.366e+01
|        ( - 3.585e+02 1 0)
|        ( - 1.214e+03 2 0 QUESTION1 -1 1.123e+02 6.979e+01))
|    ( WDBNDRY_B 0 6.070e+03 4.294e+02 3.033e+02
|        ( QUESTION0 -1 2.517e+03 2.680e+02 1.326e+02
|            ( - 9.390e+02 2 0)
|            ( QUESTION0_1_R 1 1.309e+03 1.714e+02 7.720e+01
|                ( - 5.198e+02 1 0)
|                ( - 6.183e+02 1 0)))
|        ( QUESTION0 -1 3.124e+03 2.253e+02 1.706e+02
|            ( QUESTION1 -1 1.655e+03 1.629e+02 9.463e+01
|                ( - 8.832e+02 2 0)
|                ( - 6.088e+02 1 0))
|            ( - 1.244e+03 1 0))))
s>    ( WDBNDRY_E 0 8.394e+03 5.312e+02 3.969e+02
s>        ( QUESTION0_19_R 1 1.793e+03 2.201e+02 9.366e+01
s>            ( - 3.585e+02 1 0)
s>            ( - 1.214e+03 2 0 QUESTION1 -1 1.123e+02 6.979e+01))
s>        ( WDBNDRY_B 0 6.070e+03 4.294e+02 3.033e+02
s>            ( QUESTION0 -1 2.517e+03 2.680e+02 1.326e+02
s>                ( - 9.390e+02 2 0)
s>                ( QUESTION0_1_R 1 1.309e+03 1.714e+02 7.720e+01
s>                    ( - 5.198e+02 1 0)
s>                    ( - 6.183e+02 1 0)))
s>            ( QUESTION0 -1 3.124e+03 2.253e+02 1.706e+02
s>                ( QUESTION1 -1 1.655e+03 1.629e+02 9.463e+01
s>                    ( - 8.832e+02 2 0)
s>                    ( - 6.088e+02 1 0))
s>                ( - 1.244e+03 1 0))))INFO: dtree.c(1478): Final simple tree
|( QUESTION0_8_R 1 1.008e+04 5.832e+02 5.010e+02
|    ( QUESTION3 -1 5.413e+03 4.217e+02 2.969e+02
|        ( - 1.654e+03 1 0)
|        ( WDBNDRY_E 0 3.337e+03 1.887e+02 1.975e+02
|            ( QUESTION7 1 2.208e+03 1.387e+02 1.324e+02
|                ( - 1.752e+03 1 0)
|                ( - 3.169e+02 1 0))
|            ( - 9.407e+02 1 0)))
|    ( QUESTION0_14_R 1 4.079e+03 3.248e+02 2.041e+02
|        ( QUESTION0_15_R 1 2.293e+03 2.378e+02 1.243e+02
|            ( - 1.365e+03 1 0)
|            ( - 6.906e+02 1 0))
|        ( QUESTION0_0_R 1 1.462e+03 2.259e+02 7.981e+01
|            ( - 5.313e+02 1 0)
|            ( - 7.044e+02 1 0))))
s>    ( QUESTION0_8_R 1 1.008e+04 5.832e+02 5.010e+02
s>        ( QUESTION3 -1 5.413e+03 4.217e+02 2.969e+02
s>            ( - 1.654e+03 1 0)
s>            ( WDBNDRY_E 0 3.337e+03 1.887e+02 1.975e+02
s>                ( QUESTION7 1 2.208e+03 1.387e+02 1.324e+02
s>                    ( - 1.752e+03 1 0)
s>                    ( - 3.169e+02 1 0))
s>                ( - 9.407e+02 1 0)))
s>        ( QUESTION0_14_R 1 4.079e+03 3.248e+02 2.041e+02
s>            ( QUESTION0_15_R 1 2.293e+03 2.378e+02 1.243e+02
s>                ( - 1.365e+03 1 0)
s>                ( - 6.906e+02 1 0))
s>            ( QUESTION0_0_R 1 1.462e+03 2.259e+02 7.981e+01
s>                ( - 5.313e+02 1 0)
s>                ( - 7.044e+02 1 0))))INFO: dtree.c(1315): Comp split 5
INFO: dtree.c(1439): stop. leaf nodes are specific
INFO: dtree.c(1478): Final simple tree
|( QUESTION1 -1 6.032e+03 2.665e+02 3.597e+02
|    ( - 1.537e+03 1 0)
|    ( - 4.229e+03 1 0))
s>    ( QUESTION1 -1 6.032e+03 2.665e+02 3.597e+02
s>        ( - 1.537e+03 1 0)
s>        ( - 4.229e+03 1 0))INFO: dtree.c(1315): Comp split 6
INFO: dtree.c(1439): stop. leaf nodes are specific
INFO: dtree.c(1478): Final simple tree
|( QUESTION1 -1 4.294e+03 2.603e+02 2.261e+02
|    ( WDBNDRY_B 0 2.002e+03 1.802e+02 1.096e+02
|        ( - 9.390e+02 2 0)
|        ( - 8.832e+02 2 0))
|    ( QUESTION0 -1 2.031e+03 1.782e+02 1.165e+02
|        ( - 6.088e+02 1 0)
|        ( - 1.244e+03 1 0)))
s>    ( QUESTION1 -1 4.294e+03 2.603e+02 2.261e+02
s>        ( WDBNDRY_B 0 2.002e+03 1.802e+02 1.096e+02
s>            ( - 9.390e+02 2 0)
s>            ( - 8.832e+02 2 0))
s>        ( QUESTION0 -1 2.031e+03 1.782e+02 1.165e+02
s>            ( - 6.088e+02 1 0)
s>            ( - 1.244e+03 1 0)))INFO: dtree.c(1439): stop. leaf nodes are specific
INFO: dtree.c(1478): Final simple tree
|( WDBNDRY_B 0 3.508e+03 4.059e+02 1.709e+02
|    ( QUESTION0_1_R 1 1.309e+03 1.714e+02 7.720e+01
|        ( - 5.198e+02 1 0)
|        ( - 6.183e+02 1 0))
|    ( QUESTION0_19_R 1 1.793e+03 2.201e+02 9.366e+01
|        ( - 3.585e+02 1 0)
|        ( QUESTION1 -1 1.214e+03 1.123e+02 6.979e+01
|            ( - 9.254e+02 1 0)
|            ( - 1.765e+02 1 0))))
s>    ( WDBNDRY_B 0 3.508e+03 4.059e+02 1.709e+02
s>        ( QUESTION0_1_R 1 1.309e+03 1.714e+02 7.720e+01
s>            ( - 5.198e+02 1 0)
s>            ( - 6.183e+02 1 0))
s>        ( QUESTION0_19_R 1 1.793e+03 2.201e+02 9.366e+01
s>            ( - 3.585e+02 1 0)
s>            ( QUESTION1 -1 1.214e+03 1.123e+02 6.979e+01
s>                ( - 9.254e+02 1 0)
s>                ( - 1.765e+02 1 0))))INFO: dtree.c(1315): Comp split 7
INFO: dtree.c(1439): stop. leaf nodes are specific
INFO: dtree.c(1478): Final simple tree
|( QUESTION3 -1 6.373e+03 4.523e+02 3.413e+02
|    ( - 1.654e+03 1 0)
|    ( QUESTION7 1 4.267e+03 2.500e+02 2.419e+02
|        ( WDBNDRY_E 0 2.861e+03 1.681e+02 1.725e+02
|            ( - 1.752e+03 1 0)
|            ( - 9.407e+02 1 0))
|        ( QUESTION0_7_R 1 1.156e+03 1.484e+02 6.935e+01
|            ( - 3.169e+02 1 0)
|            ( - 6.906e+02 1 0))))
s>    ( QUESTION3 -1 6.373e+03 4.523e+02 3.413e+02
s>        ( - 1.654e+03 1 0)
s>        ( QUESTION7 1 4.267e+03 2.500e+02 2.419e+02
s>            ( WDBNDRY_E 0 2.861e+03 1.681e+02 1.725e+02
s>                ( - 1.752e+03 1 0)
s>                ( - 9.407e+02 1 0))
s>            ( QUESTION0_7_R 1 1.156e+03 1.484e+02 6.935e+01
s>                ( - 3.169e+02 1 0)
s>                ( - 6.906e+02 1 0))))INFO: dtree.c(1439): stop. leaf nodes are specific
INFO: dtree.c(1478): Final simple tree
|( QUESTION0_7_R 1 3.111e+03 3.047e+02 1.597e+02
|    ( - 7.044e+02 1 0)
|    ( QUESTION0_0_R 1 2.102e+03 2.062e+02 1.180e+02
|        ( - 5.313e+02 1 0)
|        ( - 1.365e+03 1 0)))
s>    ( QUESTION0_7_R 1 3.111e+03 3.047e+02 1.597e+02
s>        ( - 7.044e+02 1 0)
s>        ( QUESTION0_0_R 1 2.102e+03 2.062e+02 1.180e+02
s>            ( - 5.313e+02 1 0)
s>            ( - 1.365e+03 1 0)))INFO: dtree.c(1315): Comp split 8
INFO: dtree.c(1439): stop. leaf nodes are specific
INFO: dtree.c(1478): Final simple tree
|( QUESTION0_7_R 1 3.786e+03 2.346e+02 2.169e+02
|    ( WDBNDRY_E 0 2.861e+03 1.681e+02 1.725e+02
|        ( - 1.752e+03 1 0)
|        ( - 9.407e+02 1 0))
|    ( - 6.906e+02 1 0))
s>    ( QUESTION0_7_R 1 3.786e+03 2.346e+02 2.169e+02
s>        ( WDBNDRY_E 0 2.861e+03 1.681e+02 1.725e+02
s>            ( - 1.752e+03 1 0)
s>            ( - 9.407e+02 1 0))
s>        ( - 6.906e+02 1 0))INFO: dtree.c(1439): stop. leaf nodes are specific
INFO: dtree.c(1478): Final simple tree
|( QUESTION1 -1 2.123e+03 1.517e+02 1.244e+02
|    ( - 3.169e+02 1 0)
|    ( - 1.654e+03 1 0))
s>    ( QUESTION1 -1 2.123e+03 1.517e+02 1.244e+02
s>        ( - 3.169e+02 1 0)
s>        ( - 1.654e+03 1 0))INFO: dtree.c(1315): Comp split 9
INFO: dtree.c(1439): stop. leaf nodes are specific
INFO: dtree.c(1478): Final simple tree
|( QUESTION1 -1 1.214e+03 1.123e+02 6.979e+01
|    ( - 9.254e+02 1 0)
|    ( - 1.765e+02 1 0))
s>    ( QUESTION1 -1 1.214e+03 1.123e+02 6.979e+01
s>        ( - 9.254e+02 1 0)
s>        ( - 1.765e+02 1 0))INFO: dtree.c(1439): stop. leaf nodes are specific
INFO: dtree.c(1478): Final simple tree
|( QUESTION0_1_R 1 1.862e+03 2.120e+02 1.011e+02
|    ( - 5.198e+02 1 0)
|    ( WDBNDRY_B 0 1.130e+03 1.537e+02 6.387e+01
|        ( - 6.183e+02 1 0)
|        ( - 3.585e+02 1 0)))
s>    ( QUESTION0_1_R 1 1.862e+03 2.120e+02 1.011e+02
s>        ( - 5.198e+02 1 0)
s>        ( WDBNDRY_B 0 1.130e+03 1.537e+02 6.387e+01
s>            ( - 6.183e+02 1 0)
s>            ( - 3.585e+02 1 0)))INFO: dtree.c(1315): Comp split 10
INFO: dtree.c(1439): stop. leaf nodes are specific
INFO: dtree.c(1478): Final simple tree
|( QUESTION1 -1 8.712e+03 2.778e+02 5.083e+02
|    ( WDBNDRY_B 0 4.845e+03 1.784e+02 2.896e+02
|        ( - 1.695e+03 1 0)
|        ( - 2.972e+03 2 0))
|    ( QUESTION0 -1 3.588e+03 1.615e+02 2.186e+02
|        ( - 1.855e+03 1 0)
|        ( QUESTION7 -1 1.572e+03 1.147e+02 1.002e+02
|            ( - 3.176e+02 1 0)
|            ( - 1.140e+03 1 0))))
s>    ( QUESTION1 -1 8.712e+03 2.778e+02 5.083e+02
s>        ( WDBNDRY_B 0 4.845e+03 1.784e+02 2.896e+02
s>            ( - 1.695e+03 1 0)
s>            ( - 2.972e+03 2 0))
s>        ( QUESTION0 -1 3.588e+03 1.615e+02 2.186e+02
s>            ( - 1.855e+03 1 0)
s>            ( QUESTION7 -1 1.572e+03 1.147e+02 1.002e+02
s>                ( - 3.176e+02 1 0)
s>                ( - 1.140e+03 1 0))))INFO: dtree.c(1439): stop. leaf nodes are specific
INFO: dtree.c(1478): Final simple tree
|( WDBNDRY_B 0 3.098e+03 2.130e+02 1.814e+02
|    ( - 2.041e+03 1 0)
|    ( - 8.440e+02 1 0))
s>    ( WDBNDRY_B 0 3.098e+03 2.130e+02 1.814e+02
s>        ( - 2.041e+03 1 0)
s>        ( - 8.440e+02 1 0))INFO: dtree.c(1315): Comp split 11
INFO: dtree.c(1439): stop. leaf nodes are specific
INFO: dtree.c(1478): Final simple tree
|( WDBNDRY_B 0 1.560e+03 1.845e+02 8.774e+01
|    ( - 8.701e+02 1 0)
|    ( - 5.053e+02 1 0))
s>    ( WDBNDRY_B 0 1.560e+03 1.845e+02 8.774e+01
s>        ( - 8.701e+02 1 0)
s>        ( - 5.053e+02 1 0))INFO: dtree.c(1315): Comp split 12
INFO: dtree.c(1439): stop. leaf nodes are specific
INFO: dtree.c(1478): Final simple tree
|( QUESTION0_0_R 1 2.102e+03 2.062e+02 1.180e+02
|    ( - 5.313e+02 1 0)
|    ( - 1.365e+03 1 0))
s>    ( QUESTION0_0_R 1 2.102e+03 2.062e+02 1.180e+02
s>        ( - 5.313e+02 1 0)
s>        ( - 1.365e+03 1 0))INFO: dtree.c(1315): Comp split 13
INFO: dtree.c(1439): stop. leaf nodes are specific
INFO: dtree.c(1478): Final simple tree
|( QUESTION0 -1 3.588e+03 1.615e+02 2.186e+02
|    ( - 1.855e+03 1 0)
|    ( QUESTION7 -1 1.572e+03 1.147e+02 1.002e+02
|        ( - 3.176e+02 1 0)
|        ( - 1.140e+03 1 0)))
s>    ( QUESTION0 -1 3.588e+03 1.615e+02 2.186e+02
s>        ( - 1.855e+03 1 0)
s>        ( QUESTION7 -1 1.572e+03 1.147e+02 1.002e+02
s>            ( - 3.176e+02 1 0)
s>            ( - 1.140e+03 1 0)))INFO: dtree.c(1439): stop. leaf nodes are specific
INFO: dtree.c(1478): Final simple tree
|( WDBNDRY_B 0 4.845e+03 1.784e+02 2.896e+02
|    ( - 1.695e+03 1 0)
|    ( - 2.972e+03 2 0))
s>    ( WDBNDRY_B 0 4.845e+03 1.784e+02 2.896e+02
s>        ( - 1.695e+03 1 0)
s>        ( - 2.972e+03 2 0))INFO: dtree.c(1315): Comp split 14
INFO: dtree.c(1315): Comp split 15
INFO: dtree.c(1439): stop. leaf nodes are specific
INFO: dtree.c(1478): Final simple tree
|( QUESTION0 -1 2.031e+03 1.782e+02 1.165e+02
|    ( - 6.088e+02 1 0)
|    ( - 1.244e+03 1 0))
s>    ( QUESTION0 -1 2.031e+03 1.782e+02 1.165e+02
s>        ( - 6.088e+02 1 0)
s>        ( - 1.244e+03 1 0))INFO: dtree.c(1439): stop. leaf nodes are specific
INFO: dtree.c(1478): Final simple tree
|( WDBNDRY_B 0 2.002e+03 1.802e+02 1.096e+02
|    ( - 9.390e+02 2 0)
|    ( - 8.832e+02 2 0))
s>    ( WDBNDRY_B 0 2.002e+03 1.802e+02 1.096e+02
s>        ( - 9.390e+02 2 0)
s>        ( - 8.832e+02 2 0))INFO: dtree.c(1315): Comp split 16
INFO: dtree.c(1439): stop. leaf nodes are specific
INFO: dtree.c(1478): Final simple tree
|( WDBNDRY_E 0 2.861e+03 1.681e+02 1.725e+02
|    ( - 1.752e+03 1 0)
|    ( - 9.407e+02 1 0))
s>    ( WDBNDRY_E 0 2.861e+03 1.681e+02 1.725e+02
s>        ( - 1.752e+03 1 0)
s>        ( - 9.407e+02 1 0))INFO: dtree.c(1315): Comp split 17
INFO: dtree.c(1315): Comp split 18
INFO: dtree.c(1439): stop. leaf nodes are specific
INFO: dtree.c(1478): Final simple tree
|( WDBNDRY_B 0 1.130e+03 1.537e+02 6.387e+01
|    ( - 6.183e+02 1 0)
|    ( - 3.585e+02 1 0))
s>    ( WDBNDRY_B 0 1.130e+03 1.537e+02 6.387e+01
s>        ( - 6.183e+02 1 0)
s>        ( - 3.585e+02 1 0))INFO: dtree.c(1315): Comp split 19
INFO: dtree.c(1315): Comp split 20
INFO: dtree.c(1315): Comp split 21
INFO: dtree.c(1315): Comp split 22
INFO: dtree.c(1315): Comp split 23
INFO: dtree.c(1315): Comp split 24
INFO: dtree.c(1315): Comp split 25
INFO: dtree.c(1439): stop. leaf nodes are specific
INFO: dtree.c(1478): Final simple tree
|( QUESTION7 -1 1.572e+03 1.147e+02 1.002e+02
|    ( - 3.176e+02 1 0)
|    ( - 1.140e+03 1 0))
s>    ( QUESTION7 -1 1.572e+03 1.147e+02 1.002e+02
s>        ( - 3.176e+02 1 0)
s>        ( - 1.140e+03 1 0))INFO: dtree.c(1315): Comp split 26
INFO: dtree.c(1315): Comp split 27
INFO: dtree.c(1315): Comp split 28
INFO: dtree.c(1315): Comp split 29
INFO: dtree.c(1315): Comp split 30
INFO: dtree.c(1318): stop. leaf nodes are specific
Fri Dec  3 07:39:11 2021
