Current configuration:
[NAME]		[DEFLT]	[VALUE]
-allphones	no	no
-cntthresh	0.00001	1.000000e-05
-csplitmax	100	2000
-csplitmin	1	1
-csplitthr	8e-4	0.000000e+00
-example	no	no
-fullvar	no	no
-help		no	no
-meanfn			
-mixwfn			/home/azhar/Tubes_Speech/commandreminder/model_parameters/commandreminder.cd_ptm_untied/mixture_weights
-moddeffn		/home/azhar/Tubes_Speech/commandreminder/model_architecture/commandreminder.untied.mdef
-mwfloor	1e-4	1.000000e-08
-phone			G
-psetfn			/home/azhar/Tubes_Speech/commandreminder/model_architecture/commandreminder.tree_questions
-ssplitmax	5	7
-ssplitmin	1	1
-ssplitthr	8e-4	0.000000e+00
-state			1
-stwt			1.0,0.05,0.0,
-treefn			/home/azhar/Tubes_Speech/commandreminder/trees/commandreminder.unpruned/G-1.dtree
-ts2cbfn	.semi.	.semi.
-varfloor	0.00001	1.000000e-05
-varfn			

INFO: main.c(223): Reading: /home/azhar/Tubes_Speech/commandreminder/model_architecture/commandreminder.untied.mdef
INFO: model_def_io.c(573): Model definition info:
INFO: model_def_io.c(574): 1061 total models defined (31 base, 1030 tri)
INFO: model_def_io.c(575): 4244 total states
INFO: model_def_io.c(576): 3183 total tied states
INFO: model_def_io.c(577): 93 total tied CI states
INFO: model_def_io.c(578): 31 total tied transition matrices
INFO: model_def_io.c(579): 4 max state/model
INFO: model_def_io.c(580): 4 min state/model
INFO: main.c(242): Building trees for [G A I i] through [G U A i]
INFO: main.c(269): Covering states |[1089 1115]| == 27
INFO: main.c(275): Reading: /home/azhar/Tubes_Speech/commandreminder/model_parameters/commandreminder.cd_ptm_untied/mixture_weights
INFO: s3mixw_io.c(173): Read /home/azhar/Tubes_Speech/commandreminder/model_parameters/commandreminder.cd_ptm_untied/mixture_weights [27x4x64 array]
INFO: main.c(311): 9 of 9 models have observation count greater than 0.000010
INFO: main.c(95): nrm stwt: 0.045 0.909 0.045 
INFO: main.c(411): 9-class entropy: 2.547123e+04
INFO: main.c(549): Reading: /home/azhar/Tubes_Speech/commandreminder/model_architecture/commandreminder.tree_questions
INFO: main.c(588): 174 total simple questions (166 phone; 8 word bndry)
INFO: main.c(590): 40 Left Only questions, and 42 Right Only questions
INFO: dtree.c(1478): Final simple tree
|( QUESTION0_1_R 1 3.110e+04 2.154e+03 1.403e+03
|    ( QUESTION3 1 1.932e+04 1.510e+03 9.162e+02
|        ( QUESTION0 -1 1.214e+04 3.918e+02 6.123e+02
|            ( - 4.144e+03 2 0)
|            ( - 7.606e+03 1 0))
|        ( QUESTION0 -1 5.673e+03 2.635e+02 3.039e+02
|            ( - 8.473e+02 1 0)
|            ( - 4.562e+03 1 0)))
|    ( QUESTION15 -1 9.618e+03 6.562e+02 4.867e+02
|        ( - 4.375e+03 1 0)
|        ( QUESTION4 -1 4.587e+03 3.122e+02 2.361e+02
|            ( - 1.427e+03 1 0)
|            ( QUESTION0 -1 2.847e+03 2.102e+02 1.489e+02
|                ( - 1.400e+03 1 0)
|                ( - 1.237e+03 1 0)))))
s>    ( QUESTION0_1_R 1 3.110e+04 2.154e+03 1.403e+03
s>        ( QUESTION3 1 1.932e+04 1.510e+03 9.162e+02
s>            ( QUESTION0 -1 1.214e+04 3.918e+02 6.123e+02
s>                ( - 4.144e+03 2 0)
s>                ( - 7.606e+03 1 0))
s>            ( QUESTION0 -1 5.673e+03 2.635e+02 3.039e+02
s>                ( - 8.473e+02 1 0)
s>                ( - 4.562e+03 1 0)))
s>        ( QUESTION15 -1 9.618e+03 6.562e+02 4.867e+02
s>            ( - 4.375e+03 1 0)
s>            ( QUESTION4 -1 4.587e+03 3.122e+02 2.361e+02
s>                ( - 1.427e+03 1 0)
s>                ( QUESTION0 -1 2.847e+03 2.102e+02 1.489e+02
s>                    ( - 1.400e+03 1 0)
s>                    ( - 1.237e+03 1 0)))))INFO: dtree.c(1315): Comp split 0
INFO: dtree.c(1439): stop. leaf nodes are specific
INFO: dtree.c(1478): Final simple tree
|( QUESTION15 -1 9.618e+03 6.562e+02 4.867e+02
|    ( - 4.375e+03 1 0)
|    ( QUESTION4 -1 4.587e+03 3.122e+02 2.361e+02
|        ( - 1.427e+03 1 0)
|        ( QUESTION0 -1 2.847e+03 2.102e+02 1.489e+02
|            ( - 1.400e+03 1 0)
|            ( - 1.237e+03 1 0))))
s>    ( QUESTION15 -1 9.618e+03 6.562e+02 4.867e+02
s>        ( - 4.375e+03 1 0)
s>        ( QUESTION4 -1 4.587e+03 3.122e+02 2.361e+02
s>            ( - 1.427e+03 1 0)
s>            ( QUESTION0 -1 2.847e+03 2.102e+02 1.489e+02
s>                ( - 1.400e+03 1 0)
s>                ( - 1.237e+03 1 0))))INFO: dtree.c(1439): stop. leaf nodes are specific
INFO: dtree.c(1478): Final simple tree
|( QUESTION3 1 1.932e+04 1.510e+03 9.162e+02
|    ( QUESTION0 -1 1.214e+04 3.918e+02 6.123e+02
|        ( - 4.144e+03 2 0)
|        ( - 7.606e+03 1 0))
|    ( QUESTION0 -1 5.673e+03 2.635e+02 3.039e+02
|        ( - 8.473e+02 1 0)
|        ( - 4.562e+03 1 0)))
s>    ( QUESTION3 1 1.932e+04 1.510e+03 9.162e+02
s>        ( QUESTION0 -1 1.214e+04 3.918e+02 6.123e+02
s>            ( - 4.144e+03 2 0)
s>            ( - 7.606e+03 1 0))
s>        ( QUESTION0 -1 5.673e+03 2.635e+02 3.039e+02
s>            ( - 8.473e+02 1 0)
s>            ( - 4.562e+03 1 0)))INFO: dtree.c(1315): Comp split 1
INFO: dtree.c(1439): stop. leaf nodes are specific
INFO: dtree.c(1478): Final simple tree
|( QUESTION0 -1 5.673e+03 2.635e+02 3.039e+02
|    ( - 8.473e+02 1 0)
|    ( - 4.562e+03 1 0))
s>    ( QUESTION0 -1 5.673e+03 2.635e+02 3.039e+02
s>        ( - 8.473e+02 1 0)
s>        ( - 4.562e+03 1 0))INFO: dtree.c(1439): stop. leaf nodes are specific
INFO: dtree.c(1478): Final simple tree
|( QUESTION0 -1 1.214e+04 3.918e+02 6.123e+02
|    ( - 4.144e+03 2 0)
|    ( - 7.606e+03 1 0))
s>    ( QUESTION0 -1 1.214e+04 3.918e+02 6.123e+02
s>        ( - 4.144e+03 2 0)
s>        ( - 7.606e+03 1 0))INFO: dtree.c(1315): Comp split 2
INFO: dtree.c(1439): stop. leaf nodes are specific
INFO: dtree.c(1478): Final simple tree
|( QUESTION4 -1 4.587e+03 3.122e+02 2.361e+02
|    ( - 1.427e+03 1 0)
|    ( QUESTION0 -1 2.847e+03 2.102e+02 1.489e+02
|        ( - 1.400e+03 1 0)
|        ( - 1.237e+03 1 0)))
s>    ( QUESTION4 -1 4.587e+03 3.122e+02 2.361e+02
s>        ( - 1.427e+03 1 0)
s>        ( QUESTION0 -1 2.847e+03 2.102e+02 1.489e+02
s>            ( - 1.400e+03 1 0)
s>            ( - 1.237e+03 1 0)))INFO: dtree.c(1315): Comp split 3
INFO: dtree.c(1315): Comp split 4
INFO: dtree.c(1439): stop. leaf nodes are specific
INFO: dtree.c(1478): Final simple tree
|( QUESTION0 -1 2.847e+03 2.102e+02 1.489e+02
|    ( - 1.400e+03 1 0)
|    ( - 1.237e+03 1 0))
s>    ( QUESTION0 -1 2.847e+03 2.102e+02 1.489e+02
s>        ( - 1.400e+03 1 0)
s>        ( - 1.237e+03 1 0))INFO: dtree.c(1315): Comp split 5
INFO: dtree.c(1315): Comp split 6
INFO: dtree.c(1315): Comp split 7
INFO: dtree.c(1318): stop. leaf nodes are specific
Fri Dec  3 07:39:04 2021
