Current configuration:
[NAME]		[DEFLT]	[VALUE]
-allphones	no	no
-cntthresh	0.00001	1.000000e-05
-csplitmax	100	2000
-csplitmin	1	1
-csplitthr	8e-4	0.000000e+00
-example	no	no
-fullvar	no	no
-help		no	no
-meanfn			
-mixwfn			/home/azhar/Tubes_Speech/commandreminder/model_parameters/commandreminder.cd_ptm_untied/mixture_weights
-moddeffn		/home/azhar/Tubes_Speech/commandreminder/model_architecture/commandreminder.untied.mdef
-mwfloor	1e-4	1.000000e-08
-phone			K
-psetfn			/home/azhar/Tubes_Speech/commandreminder/model_architecture/commandreminder.tree_questions
-ssplitmax	5	7
-ssplitmin	1	1
-ssplitthr	8e-4	0.000000e+00
-state			0
-stwt			1.0,0.05,0.0,
-treefn			/home/azhar/Tubes_Speech/commandreminder/trees/commandreminder.unpruned/K-0.dtree
-ts2cbfn	.semi.	.semi.
-varfloor	0.00001	1.000000e-05
-varfn			

INFO: main.c(223): Reading: /home/azhar/Tubes_Speech/commandreminder/model_architecture/commandreminder.untied.mdef
INFO: model_def_io.c(573): Model definition info:
INFO: model_def_io.c(574): 1061 total models defined (31 base, 1030 tri)
INFO: model_def_io.c(575): 4244 total states
INFO: model_def_io.c(576): 3183 total tied states
INFO: model_def_io.c(577): 93 total tied CI states
INFO: model_def_io.c(578): 31 total tied transition matrices
INFO: model_def_io.c(579): 4 max state/model
INFO: model_def_io.c(580): 4 min state/model
INFO: main.c(242): Building trees for [K A A i] through [K U U i]
INFO: main.c(269): Covering states |[1593 1739]| == 147
INFO: main.c(275): Reading: /home/azhar/Tubes_Speech/commandreminder/model_parameters/commandreminder.cd_ptm_untied/mixture_weights
INFO: s3mixw_io.c(173): Read /home/azhar/Tubes_Speech/commandreminder/model_parameters/commandreminder.cd_ptm_untied/mixture_weights [147x4x64 array]
INFO: main.c(311): 49 of 49 models have observation count greater than 0.000010
INFO: main.c(95): nrm stwt: 0.952 0.048 0.000 
INFO: main.c(411): 49-class entropy: 2.244512e+05
INFO: main.c(549): Reading: /home/azhar/Tubes_Speech/commandreminder/model_architecture/commandreminder.tree_questions
INFO: main.c(588): 174 total simple questions (166 phone; 8 word bndry)
INFO: main.c(590): 40 Left Only questions, and 42 Right Only questions
INFO: dtree.c(1478): Final simple tree
|( QUESTION2_2_L -1 2.539e+05 1.026e+04 1.184e+04
|    ( WDBNDRY_B 0 1.735e+05 1.553e+03 8.478e+03
|        ( - 1.501e+04 6 0 QUESTION2 1 3.251e+02 7.615e+02)
|        ( - 1.570e+05 5 0 QUESTION0_4_R 1 5.630e+02 7.716e+03))
|    ( SILENCE -1 7.005e+04 2.535e+03 3.363e+03
|        ( QUESTION0_1_R 1 1.074e+04 6.189e+02 5.892e+02
|            ( - 2.052e+03 1 0)
|            ( - 8.070e+03 1 0))
|        ( QUESTION3 -1 5.678e+04 1.923e+03 2.774e+03
|            ( - 1.800e+04 8 0 QUESTION0_2_R 1 5.624e+02 9.765e+02)
|            ( QUESTION1 1 3.686e+04 1.019e+03 1.798e+03
|                ( QUESTION10 -1 2.166e+04 5.811e+02 1.069e+03
|                    ( - 2.855e+03 1 0)
|                    ( - 1.822e+04 11 0 QUESTION0 -1 5.364e+02 9.155e+02))
|                ( - 1.418e+04 16 0 QUESTION2 -1 5.400e+02 7.290e+02)))))
s>    ( QUESTION2_2_L -1 2.539e+05 1.026e+04 1.184e+04
s>        ( WDBNDRY_B 0 1.735e+05 1.553e+03 8.478e+03
s>            ( - 1.501e+04 6 0 QUESTION2 1 3.251e+02 7.615e+02)
s>            ( - 1.570e+05 5 0 QUESTION0_4_R 1 5.630e+02 7.716e+03))
s>        ( SILENCE -1 7.005e+04 2.535e+03 3.363e+03
s>            ( QUESTION0_1_R 1 1.074e+04 6.189e+02 5.892e+02
s>                ( - 2.052e+03 1 0)
s>                ( - 8.070e+03 1 0))
s>            ( QUESTION3 -1 5.678e+04 1.923e+03 2.774e+03
s>                ( - 1.800e+04 8 0 QUESTION0_2_R 1 5.624e+02 9.765e+02)
s>                ( QUESTION1 1 3.686e+04 1.019e+03 1.798e+03
s>                    ( QUESTION10 -1 2.166e+04 5.811e+02 1.069e+03
s>                        ( - 2.855e+03 1 0)
s>                        ( - 1.822e+04 11 0 QUESTION0 -1 5.364e+02 9.155e+02))
s>                    ( - 1.418e+04 16 0 QUESTION2 -1 5.400e+02 7.290e+02)))))INFO: dtree.c(1315): Comp split 0
INFO: dtree.c(1478): Final simple tree
|( SILENCE -1 7.005e+04 2.535e+03 3.363e+03
|    ( QUESTION0_1_R 1 1.074e+04 6.189e+02 5.892e+02
|        ( - 2.052e+03 1 0)
|        ( - 8.070e+03 1 0))
|    ( QUESTION3 -1 5.678e+04 1.923e+03 2.774e+03
|        ( QUESTION0_2_R 1 1.800e+04 5.624e+02 9.765e+02
|            ( - 1.259e+04 3 0 QUESTION0_3_R 1 2.907e+02 7.085e+02)
|            ( - 4.851e+03 5 0 QUESTION4 1 3.200e+02 2.680e+02))
|        ( QUESTION1 1 3.686e+04 1.019e+03 1.798e+03
|            ( QUESTION10 -1 2.166e+04 5.811e+02 1.069e+03
|                ( - 2.855e+03 1 0)
|                ( - 1.822e+04 11 0 QUESTION0 -1 5.364e+02 9.155e+02))
|            ( QUESTION2 -1 1.418e+04 5.400e+02 7.290e+02
|                ( - 7.707e+03 8 0 QUESTION0_6_R 1 3.155e+02 4.287e+02)
|                ( - 5.936e+03 8 0 QUESTION0 -1 3.674e+02 3.003e+02)))))
s>    ( SILENCE -1 7.005e+04 2.535e+03 3.363e+03
s>        ( QUESTION0_1_R 1 1.074e+04 6.189e+02 5.892e+02
s>            ( - 2.052e+03 1 0)
s>            ( - 8.070e+03 1 0))
s>        ( QUESTION3 -1 5.678e+04 1.923e+03 2.774e+03
s>            ( QUESTION0_2_R 1 1.800e+04 5.624e+02 9.765e+02
s>                ( - 1.259e+04 3 0 QUESTION0_3_R 1 2.907e+02 7.085e+02)
s>                ( - 4.851e+03 5 0 QUESTION4 1 3.200e+02 2.680e+02))
s>            ( QUESTION1 1 3.686e+04 1.019e+03 1.798e+03
s>                ( QUESTION10 -1 2.166e+04 5.811e+02 1.069e+03
s>                    ( - 2.855e+03 1 0)
s>                    ( - 1.822e+04 11 0 QUESTION0 -1 5.364e+02 9.155e+02))
s>                ( QUESTION2 -1 1.418e+04 5.400e+02 7.290e+02
s>                    ( - 7.707e+03 8 0 QUESTION0_6_R 1 3.155e+02 4.287e+02)
s>                    ( - 5.936e+03 8 0 QUESTION0 -1 3.674e+02 3.003e+02)))))INFO: dtree.c(1478): Final simple tree
|( WDBNDRY_B 0 1.735e+05 1.553e+03 8.478e+03
|    ( QUESTION2 1 1.501e+04 3.251e+02 7.615e+02
|        ( QUESTION0_1_R 1 4.310e+03 2.319e+02 2.316e+02
|            ( - 2.821e+03 1 0)
|            ( - 1.258e+03 1 0))
|        ( QUESTION0_3_R 1 1.037e+04 2.449e+02 5.299e+02
|            ( - 7.904e+03 2 0)
|            ( - 2.225e+03 2 0 QUESTION0_0_R 1 1.688e+02 1.220e+02)))
|    ( QUESTION0_4_R 1 1.570e+05 5.630e+02 7.716e+03
|        ( - 1.513e+05 2 0)
|        ( QUESTION0_1_R 1 5.096e+03 3.463e+02 2.655e+02
|            ( - 2.392e+03 1 0)
|            ( QUESTION1 1 2.358e+03 2.207e+02 1.279e+02
|                ( - 1.477e+03 1 0)
|                ( - 6.595e+02 1 0)))))
s>    ( WDBNDRY_B 0 1.735e+05 1.553e+03 8.478e+03
s>        ( QUESTION2 1 1.501e+04 3.251e+02 7.615e+02
s>            ( QUESTION0_1_R 1 4.310e+03 2.319e+02 2.316e+02
s>                ( - 2.821e+03 1 0)
s>                ( - 1.258e+03 1 0))
s>            ( QUESTION0_3_R 1 1.037e+04 2.449e+02 5.299e+02
s>                ( - 7.904e+03 2 0)
s>                ( - 2.225e+03 2 0 QUESTION0_0_R 1 1.688e+02 1.220e+02)))
s>        ( QUESTION0_4_R 1 1.570e+05 5.630e+02 7.716e+03
s>            ( - 1.513e+05 2 0)
s>            ( QUESTION0_1_R 1 5.096e+03 3.463e+02 2.655e+02
s>                ( - 2.392e+03 1 0)
s>                ( QUESTION1 1 2.358e+03 2.207e+02 1.279e+02
s>                    ( - 1.477e+03 1 0)
s>                    ( - 6.595e+02 1 0)))))INFO: dtree.c(1315): Comp split 1
INFO: dtree.c(1478): Final simple tree
|( QUESTION3 -1 5.678e+04 1.923e+03 2.774e+03
|    ( QUESTION0_2_R 1 1.800e+04 5.624e+02 9.765e+02
|        ( - 1.259e+04 3 0 QUESTION0_3_R 1 2.907e+02 7.085e+02)
|        ( - 4.851e+03 5 0 QUESTION4 1 3.200e+02 2.680e+02))
|    ( QUESTION1 1 3.686e+04 1.019e+03 1.798e+03
|        ( QUESTION10 -1 2.166e+04 5.811e+02 1.069e+03
|            ( - 2.855e+03 1 0)
|            ( QUESTION0 -1 1.822e+04 5.364e+02 9.155e+02
|                ( - 7.824e+03 5 0 QUESTION0_4_R 1 3.159e+02 4.132e+02)
|                ( QUESTION2_6_L -1 9.858e+03 4.039e+02 5.023e+02
|                    ( - 2.367e+03 1 0)
|                    ( - 7.088e+03 5 0 WDBNDRY_B 0 2.557e+02 3.643e+02))))
|        ( QUESTION2 -1 1.418e+04 5.400e+02 7.290e+02
|            ( - 7.707e+03 8 0 QUESTION0_6_R 1 3.155e+02 4.287e+02)
|            ( - 5.936e+03 8 0 QUESTION0 -1 3.674e+02 3.003e+02))))
s>    ( QUESTION3 -1 5.678e+04 1.923e+03 2.774e+03
s>        ( QUESTION0_2_R 1 1.800e+04 5.624e+02 9.765e+02
s>            ( - 1.259e+04 3 0 QUESTION0_3_R 1 2.907e+02 7.085e+02)
s>            ( - 4.851e+03 5 0 QUESTION4 1 3.200e+02 2.680e+02))
s>        ( QUESTION1 1 3.686e+04 1.019e+03 1.798e+03
s>            ( QUESTION10 -1 2.166e+04 5.811e+02 1.069e+03
s>                ( - 2.855e+03 1 0)
s>                ( QUESTION0 -1 1.822e+04 5.364e+02 9.155e+02
s>                    ( - 7.824e+03 5 0 QUESTION0_4_R 1 3.159e+02 4.132e+02)
s>                    ( QUESTION2_6_L -1 9.858e+03 4.039e+02 5.023e+02
s>                        ( - 2.367e+03 1 0)
s>                        ( - 7.088e+03 5 0 WDBNDRY_B 0 2.557e+02 3.643e+02))))
s>            ( QUESTION2 -1 1.418e+04 5.400e+02 7.290e+02
s>                ( - 7.707e+03 8 0 QUESTION0_6_R 1 3.155e+02 4.287e+02)
s>                ( - 5.936e+03 8 0 QUESTION0 -1 3.674e+02 3.003e+02))))INFO: dtree.c(1439): stop. leaf nodes are specific
INFO: dtree.c(1478): Final simple tree
|( QUESTION0_1_R 1 1.074e+04 6.189e+02 5.892e+02
|    ( - 2.052e+03 1 0)
|    ( - 8.070e+03 1 0))
s>    ( QUESTION0_1_R 1 1.074e+04 6.189e+02 5.892e+02
s>        ( - 2.052e+03 1 0)
s>        ( - 8.070e+03 1 0))INFO: dtree.c(1315): Comp split 2
INFO: dtree.c(1478): Final simple tree
|( QUESTION1 1 3.686e+04 1.019e+03 1.798e+03
|    ( QUESTION10 -1 2.166e+04 5.811e+02 1.069e+03
|        ( - 2.855e+03 1 0)
|        ( QUESTION0 -1 1.822e+04 5.364e+02 9.155e+02
|            ( QUESTION0_4_R 1 7.824e+03 3.159e+02 4.132e+02
|                ( - 2.456e+03 2 0)
|                ( - 5.052e+03 3 0 WDBNDRY_B 0 2.850e+02 2.706e+02))
|            ( QUESTION2_6_L -1 9.858e+03 4.039e+02 5.023e+02
|                ( - 2.367e+03 1 0)
|                ( - 7.088e+03 5 0 WDBNDRY_B 0 2.557e+02 3.643e+02))))
|    ( QUESTION2 -1 1.418e+04 5.400e+02 7.290e+02
|        ( - 7.707e+03 8 0 QUESTION0_6_R 1 3.155e+02 4.287e+02)
|        ( QUESTION0 -1 5.936e+03 3.674e+02 3.003e+02
|            ( - 1.853e+03 3 0 WDBNDRY_B 0 2.388e+02 1.035e+02)
|            ( - 3.715e+03 5 0 QUESTION6 -1 2.710e+02 1.968e+02))))
s>    ( QUESTION1 1 3.686e+04 1.019e+03 1.798e+03
s>        ( QUESTION10 -1 2.166e+04 5.811e+02 1.069e+03
s>            ( - 2.855e+03 1 0)
s>            ( QUESTION0 -1 1.822e+04 5.364e+02 9.155e+02
s>                ( QUESTION0_4_R 1 7.824e+03 3.159e+02 4.132e+02
s>                    ( - 2.456e+03 2 0)
s>                    ( - 5.052e+03 3 0 WDBNDRY_B 0 2.850e+02 2.706e+02))
s>                ( QUESTION2_6_L -1 9.858e+03 4.039e+02 5.023e+02
s>                    ( - 2.367e+03 1 0)
s>                    ( - 7.088e+03 5 0 WDBNDRY_B 0 2.557e+02 3.643e+02))))
s>        ( QUESTION2 -1 1.418e+04 5.400e+02 7.290e+02
s>            ( - 7.707e+03 8 0 QUESTION0_6_R 1 3.155e+02 4.287e+02)
s>            ( QUESTION0 -1 5.936e+03 3.674e+02 3.003e+02
s>                ( - 1.853e+03 3 0 WDBNDRY_B 0 2.388e+02 1.035e+02)
s>                ( - 3.715e+03 5 0 QUESTION6 -1 2.710e+02 1.968e+02))))INFO: dtree.c(1478): Final simple tree
|( QUESTION0_2_R 1 1.800e+04 5.624e+02 9.765e+02
|    ( QUESTION0_3_R 1 1.259e+04 2.907e+02 7.085e+02
|        ( - 8.894e+03 1 0)
|        ( WDBNDRY_B 0 3.401e+03 1.757e+02 1.971e+02
|            ( - 1.713e+03 1 0)
|            ( - 1.513e+03 1 0)))
|    ( QUESTION4 1 4.851e+03 3.200e+02 2.680e+02
|        ( - 2.418e+03 1 0)
|        ( QUESTION0_9_R 1 2.113e+03 1.796e+02 1.193e+02
|            ( - 6.488e+02 1 0)
|            ( QUESTION8 1 1.285e+03 1.324e+02 7.440e+01
|                ( - 3.087e+02 1 0)
|                ( WDBNDRY_E 0 8.437e+02 7.808e+01 5.242e+01
|                    ( - 2.455e+02 1 0)
|                    ( - 5.202e+02 1 0))))))
s>    ( QUESTION0_2_R 1 1.800e+04 5.624e+02 9.765e+02
s>        ( QUESTION0_3_R 1 1.259e+04 2.907e+02 7.085e+02
s>            ( - 8.894e+03 1 0)
s>            ( WDBNDRY_B 0 3.401e+03 1.757e+02 1.971e+02
s>                ( - 1.713e+03 1 0)
s>                ( - 1.513e+03 1 0)))
s>        ( QUESTION4 1 4.851e+03 3.200e+02 2.680e+02
s>            ( - 2.418e+03 1 0)
s>            ( QUESTION0_9_R 1 2.113e+03 1.796e+02 1.193e+02
s>                ( - 6.488e+02 1 0)
s>                ( QUESTION8 1 1.285e+03 1.324e+02 7.440e+01
s>                    ( - 3.087e+02 1 0)
s>                    ( WDBNDRY_E 0 8.437e+02 7.808e+01 5.242e+01
s>                        ( - 2.455e+02 1 0)
s>                        ( - 5.202e+02 1 0))))))INFO: dtree.c(1315): Comp split 3
INFO: dtree.c(1439): stop. leaf nodes are specific
INFO: dtree.c(1478): Final simple tree
|( QUESTION2 1 1.597e+04 3.661e+02 8.052e+02
|    ( QUESTION0_1_R 1 5.228e+03 2.697e+02 2.753e+02
|        ( - 2.821e+03 1 0)
|        ( WDBNDRY_B 0 2.138e+03 2.207e+02 1.154e+02
|            ( - 1.258e+03 1 0)
|            ( - 6.595e+02 1 0)))
|    ( QUESTION0_3_R 1 1.037e+04 2.449e+02 5.299e+02
|        ( - 7.904e+03 2 0)
|        ( QUESTION0_0_R 1 2.225e+03 1.688e+02 1.220e+02
|            ( - 8.769e+02 1 0)
|            ( - 1.180e+03 1 0))))
s>    ( QUESTION2 1 1.597e+04 3.661e+02 8.052e+02
s>        ( QUESTION0_1_R 1 5.228e+03 2.697e+02 2.753e+02
s>            ( - 2.821e+03 1 0)
s>            ( WDBNDRY_B 0 2.138e+03 2.207e+02 1.154e+02
s>                ( - 1.258e+03 1 0)
s>                ( - 6.595e+02 1 0)))
s>        ( QUESTION0_3_R 1 1.037e+04 2.449e+02 5.299e+02
s>            ( - 7.904e+03 2 0)
s>            ( QUESTION0_0_R 1 2.225e+03 1.688e+02 1.220e+02
s>                ( - 8.769e+02 1 0)
s>                ( - 1.180e+03 1 0))))INFO: dtree.c(1439): stop. leaf nodes are specific
INFO: dtree.c(1478): Final simple tree
|( QUESTION0_1_R 1 1.559e+05 4.662e+02 7.672e+03
|    ( - 2.392e+03 1 0)
|    ( QUESTION0_3_R 1 1.531e+05 2.727e+02 7.535e+03
|        ( - 1.477e+03 1 0)
|        ( - 1.513e+05 2 0)))
s>    ( QUESTION0_1_R 1 1.559e+05 4.662e+02 7.672e+03
s>        ( - 2.392e+03 1 0)
s>        ( QUESTION0_3_R 1 1.531e+05 2.727e+02 7.535e+03
s>            ( - 1.477e+03 1 0)
s>            ( - 1.513e+05 2 0)))INFO: dtree.c(1315): Comp split 4
INFO: dtree.c(1478): Final simple tree
|( QUESTION10 -1 2.166e+04 5.811e+02 1.069e+03
|    ( - 2.855e+03 1 0)
|    ( QUESTION0 -1 1.822e+04 5.364e+02 9.155e+02
|        ( QUESTION0_4_R 1 7.824e+03 3.159e+02 4.132e+02
|            ( - 2.456e+03 2 0)
|            ( WDBNDRY_B 0 5.052e+03 2.850e+02 2.706e+02
|                ( - 1.969e+03 1 0)
|                ( WDBNDRY_E 0 2.799e+03 2.216e+02 1.562e+02
|                    ( - 6.438e+02 1 0)
|                    ( - 1.933e+03 1 0))))
|        ( QUESTION2_6_L -1 9.858e+03 4.039e+02 5.023e+02
|            ( - 2.367e+03 1 0)
|            ( WDBNDRY_B 0 7.088e+03 2.557e+02 3.643e+02
|                ( - 3.245e+03 3 0 QUESTION6 -1 2.146e+02 1.773e+02)
|                ( - 3.587e+03 2 0)))))
s>    ( QUESTION10 -1 2.166e+04 5.811e+02 1.069e+03
s>        ( - 2.855e+03 1 0)
s>        ( QUESTION0 -1 1.822e+04 5.364e+02 9.155e+02
s>            ( QUESTION0_4_R 1 7.824e+03 3.159e+02 4.132e+02
s>                ( - 2.456e+03 2 0)
s>                ( WDBNDRY_B 0 5.052e+03 2.850e+02 2.706e+02
s>                    ( - 1.969e+03 1 0)
s>                    ( WDBNDRY_E 0 2.799e+03 2.216e+02 1.562e+02
s>                        ( - 6.438e+02 1 0)
s>                        ( - 1.933e+03 1 0))))
s>            ( QUESTION2_6_L -1 9.858e+03 4.039e+02 5.023e+02
s>                ( - 2.367e+03 1 0)
s>                ( WDBNDRY_B 0 7.088e+03 2.557e+02 3.643e+02
s>                    ( - 3.245e+03 3 0 QUESTION6 -1 2.146e+02 1.773e+02)
s>                    ( - 3.587e+03 2 0)))))INFO: dtree.c(1478): Final simple tree
|( QUESTION2 -1 1.418e+04 5.400e+02 7.290e+02
|    ( QUESTION0_6_R 1 7.707e+03 3.155e+02 4.287e+02
|        ( - 2.820e+03 5 0 QUESTION7 1 1.805e+02 1.626e+02)
|        ( WDBNDRY_E 0 4.572e+03 2.454e+02 2.661e+02
|            ( - 2.523e+03 1 0)
|            ( - 1.803e+03 2 0 QUESTION0_1_R 1 1.624e+02 1.100e+02)))
|    ( QUESTION0 -1 5.936e+03 3.674e+02 3.003e+02
|        ( WDBNDRY_B 0 1.853e+03 2.388e+02 1.035e+02
|            ( - 8.250e+02 1 0)
|            ( - 7.895e+02 2 0 QUESTION0_7_R 1 1.219e+02 5.005e+01))
|        ( QUESTION6 -1 3.715e+03 2.710e+02 1.968e+02
|            ( - 1.987e+03 2 0 WDBNDRY_B 0 1.395e+02 1.122e+02)
|            ( QUESTION16 -1 1.457e+03 2.017e+02 8.463e+01
|                ( - 4.342e+02 1 0)
|                ( - 8.215e+02 2 0 QUESTION0_1_R 1 1.061e+02 5.336e+01)))))
s>    ( QUESTION2 -1 1.418e+04 5.400e+02 7.290e+02
s>        ( QUESTION0_6_R 1 7.707e+03 3.155e+02 4.287e+02
s>            ( - 2.820e+03 5 0 QUESTION7 1 1.805e+02 1.626e+02)
s>            ( WDBNDRY_E 0 4.572e+03 2.454e+02 2.661e+02
s>                ( - 2.523e+03 1 0)
s>                ( - 1.803e+03 2 0 QUESTION0_1_R 1 1.624e+02 1.100e+02)))
s>        ( QUESTION0 -1 5.936e+03 3.674e+02 3.003e+02
s>            ( WDBNDRY_B 0 1.853e+03 2.388e+02 1.035e+02
s>                ( - 8.250e+02 1 0)
s>                ( - 7.895e+02 2 0 QUESTION0_7_R 1 1.219e+02 5.005e+01))
s>            ( QUESTION6 -1 3.715e+03 2.710e+02 1.968e+02
s>                ( - 1.987e+03 2 0 WDBNDRY_B 0 1.395e+02 1.122e+02)
s>                ( QUESTION16 -1 1.457e+03 2.017e+02 8.463e+01
s>                    ( - 4.342e+02 1 0)
s>                    ( - 8.215e+02 2 0 QUESTION0_1_R 1 1.061e+02 5.336e+01)))))INFO: dtree.c(1315): Comp split 5
INFO: dtree.c(1439): stop. leaf nodes are specific
INFO: dtree.c(1478): Final simple tree
|( WDBNDRY_B 0 6.087e+03 4.329e+02 3.094e+02
|    ( - 2.855e+03 1 0)
|    ( WDBNDRY_E 0 2.799e+03 2.216e+02 1.562e+02
|        ( - 6.438e+02 1 0)
|        ( - 1.933e+03 1 0)))
s>    ( WDBNDRY_B 0 6.087e+03 4.329e+02 3.094e+02
s>        ( - 2.855e+03 1 0)
s>        ( WDBNDRY_E 0 2.799e+03 2.216e+02 1.562e+02
s>            ( - 6.438e+02 1 0)
s>            ( - 1.933e+03 1 0)))INFO: dtree.c(1439): stop. leaf nodes are specific
INFO: dtree.c(1478): Final simple tree
|( QUESTION2_6_L -1 1.493e+04 4.337e+02 7.593e+02
|    ( QUESTION0 -1 7.404e+03 4.007e+02 3.949e+02
|        ( WDBNDRY_B 0 4.637e+03 2.122e+02 2.570e+02
|            ( - 1.969e+03 1 0)
|            ( - 2.456e+03 2 0))
|        ( - 2.367e+03 1 0))
|    ( WDBNDRY_B 0 7.088e+03 2.557e+02 3.643e+02
|        ( QUESTION6 -1 3.245e+03 2.146e+02 1.773e+02
|            ( - 9.184e+02 1 0)
|            ( QUESTION0_3_R 1 2.112e+03 1.339e+02 1.213e+02
|                ( - 1.430e+03 1 0)
|                ( - 5.487e+02 1 0)))
|        ( - 3.587e+03 2 0)))
s>    ( QUESTION2_6_L -1 1.493e+04 4.337e+02 7.593e+02
s>        ( QUESTION0 -1 7.404e+03 4.007e+02 3.949e+02
s>            ( WDBNDRY_B 0 4.637e+03 2.122e+02 2.570e+02
s>                ( - 1.969e+03 1 0)
s>                ( - 2.456e+03 2 0))
s>            ( - 2.367e+03 1 0))
s>        ( WDBNDRY_B 0 7.088e+03 2.557e+02 3.643e+02
s>            ( QUESTION6 -1 3.245e+03 2.146e+02 1.773e+02
s>                ( - 9.184e+02 1 0)
s>                ( QUESTION0_3_R 1 2.112e+03 1.339e+02 1.213e+02
s>                    ( - 1.430e+03 1 0)
s>                    ( - 5.487e+02 1 0)))
s>            ( - 3.587e+03 2 0)))INFO: dtree.c(1315): Comp split 6
INFO: dtree.c(1315): Comp split 7
INFO: dtree.c(1439): stop. leaf nodes are specific
INFO: dtree.c(1478): Final simple tree
|( QUESTION0_3_R 1 1.369e+04 3.203e+02 7.610e+02
|    ( - 8.894e+03 1 0)
|    ( QUESTION0_2_R 1 4.475e+03 2.300e+02 2.495e+02
|        ( WDBNDRY_B 0 3.401e+03 1.757e+02 1.971e+02
|            ( - 1.713e+03 1 0)
|            ( - 1.513e+03 1 0))
|        ( WDBNDRY_E 0 8.437e+02 7.808e+01 5.242e+01
|            ( - 2.455e+02 1 0)
|            ( - 5.202e+02 1 0))))
s>    ( QUESTION0_3_R 1 1.369e+04 3.203e+02 7.610e+02
s>        ( - 8.894e+03 1 0)
s>        ( QUESTION0_2_R 1 4.475e+03 2.300e+02 2.495e+02
s>            ( WDBNDRY_B 0 3.401e+03 1.757e+02 1.971e+02
s>                ( - 1.713e+03 1 0)
s>                ( - 1.513e+03 1 0))
s>            ( WDBNDRY_E 0 8.437e+02 7.808e+01 5.242e+01
s>                ( - 2.455e+02 1 0)
s>                ( - 5.202e+02 1 0))))INFO: dtree.c(1439): stop. leaf nodes are specific
INFO: dtree.c(1478): Final simple tree
|( QUESTION0_0_R 1 3.739e+03 2.393e+02 2.155e+02
|    ( - 2.418e+03 1 0)
|    ( WDBNDRY_E 0 1.082e+03 1.246e+02 6.691e+01
|        ( - 3.087e+02 1 0)
|        ( - 6.488e+02 1 0)))
s>    ( QUESTION0_0_R 1 3.739e+03 2.393e+02 2.155e+02
s>        ( - 2.418e+03 1 0)
s>        ( WDBNDRY_E 0 1.082e+03 1.246e+02 6.691e+01
s>            ( - 3.087e+02 1 0)
s>            ( - 6.488e+02 1 0)))INFO: dtree.c(1315): Comp split 8
INFO: dtree.c(1439): stop. leaf nodes are specific
INFO: dtree.c(1478): Final simple tree
|( QUESTION2_0_L -1 4.806e+03 3.125e+02 2.503e+02
|    ( QUESTION6 -1 3.031e+03 2.223e+02 1.656e+02
|        ( WDBNDRY_B 0 1.987e+03 1.395e+02 1.122e+02
|            ( - 5.805e+02 1 0)
|            ( - 1.267e+03 1 0))
|        ( QUESTION0_1_R 1 8.215e+02 1.061e+02 5.336e+01
|            ( - 3.875e+02 1 0)
|            ( - 3.279e+02 1 0)))
|    ( QUESTION0 -1 1.462e+03 2.032e+02 8.470e+01
|        ( - 8.250e+02 1 0)
|        ( - 4.342e+02 1 0)))
s>    ( QUESTION2_0_L -1 4.806e+03 3.125e+02 2.503e+02
s>        ( QUESTION6 -1 3.031e+03 2.223e+02 1.656e+02
s>            ( WDBNDRY_B 0 1.987e+03 1.395e+02 1.122e+02
s>                ( - 5.805e+02 1 0)
s>                ( - 1.267e+03 1 0))
s>            ( QUESTION0_1_R 1 8.215e+02 1.061e+02 5.336e+01
s>                ( - 3.875e+02 1 0)
s>                ( - 3.279e+02 1 0)))
s>        ( QUESTION0 -1 1.462e+03 2.032e+02 8.470e+01
s>            ( - 8.250e+02 1 0)
s>            ( - 4.342e+02 1 0)))INFO: dtree.c(1478): Final simple tree
|( QUESTION0_6_R 1 8.824e+03 3.653e+02 4.787e+02
|    ( QUESTION1 -1 3.887e+03 2.777e+02 2.126e+02
|        ( QUESTION0_7_R 1 7.895e+02 1.219e+02 5.005e+01
|            ( - 1.258e+02 1 0)
|            ( - 5.418e+02 1 0))
|        ( QUESTION7 1 2.820e+03 1.805e+02 1.626e+02
|            ( - 1.345e+03 2 0)
|            ( QUESTION0_7_R 1 1.294e+03 1.399e+02 7.780e+01
|                ( - 7.633e+02 2 0 WDBNDRY_E 0 9.012e+01 4.877e+01)
|                ( - 3.912e+02 1 0))))
|    ( WDBNDRY_E 0 4.572e+03 2.454e+02 2.661e+02
|        ( - 2.523e+03 1 0)
|        ( QUESTION0_1_R 1 1.803e+03 1.624e+02 1.100e+02
|            ( - 1.041e+03 1 0)
|            ( - 5.995e+02 1 0))))
s>    ( QUESTION0_6_R 1 8.824e+03 3.653e+02 4.787e+02
s>        ( QUESTION1 -1 3.887e+03 2.777e+02 2.126e+02
s>            ( QUESTION0_7_R 1 7.895e+02 1.219e+02 5.005e+01
s>                ( - 1.258e+02 1 0)
s>                ( - 5.418e+02 1 0))
s>            ( QUESTION7 1 2.820e+03 1.805e+02 1.626e+02
s>                ( - 1.345e+03 2 0)
s>                ( QUESTION0_7_R 1 1.294e+03 1.399e+02 7.780e+01
s>                    ( - 7.633e+02 2 0 WDBNDRY_E 0 9.012e+01 4.877e+01)
s>                    ( - 3.912e+02 1 0))))
s>        ( WDBNDRY_E 0 4.572e+03 2.454e+02 2.661e+02
s>            ( - 2.523e+03 1 0)
s>            ( QUESTION0_1_R 1 1.803e+03 1.624e+02 1.100e+02
s>                ( - 1.041e+03 1 0)
s>                ( - 5.995e+02 1 0))))INFO: dtree.c(1315): Comp split 9
INFO: dtree.c(1439): stop. leaf nodes are specific
INFO: dtree.c(1478): Final simple tree
|( QUESTION0 -1 7.001e+03 2.513e+02 3.783e+02
|    ( WDBNDRY_B 0 4.637e+03 2.122e+02 2.570e+02
|        ( - 1.969e+03 1 0)
|        ( - 2.456e+03 2 0))
|    ( QUESTION0_3_R 1 2.112e+03 1.339e+02 1.213e+02
|        ( - 1.430e+03 1 0)
|        ( - 5.487e+02 1 0)))
s>    ( QUESTION0 -1 7.001e+03 2.513e+02 3.783e+02
s>        ( WDBNDRY_B 0 4.637e+03 2.122e+02 2.570e+02
s>            ( - 1.969e+03 1 0)
s>            ( - 2.456e+03 2 0))
s>        ( QUESTION0_3_R 1 2.112e+03 1.339e+02 1.213e+02
s>            ( - 1.430e+03 1 0)
s>            ( - 5.487e+02 1 0)))INFO: dtree.c(1439): stop. leaf nodes are specific
INFO: dtree.c(1478): Final simple tree
|( QUESTION2_6_L -1 7.458e+03 3.611e+02 3.810e+02
|    ( - 2.367e+03 1 0)
|    ( WDBNDRY_B 0 4.731e+03 2.258e+02 2.430e+02
|        ( - 9.184e+02 1 0)
|        ( - 3.587e+03 2 0)))
s>    ( QUESTION2_6_L -1 7.458e+03 3.611e+02 3.810e+02
s>        ( - 2.367e+03 1 0)
s>        ( WDBNDRY_B 0 4.731e+03 2.258e+02 2.430e+02
s>            ( - 9.184e+02 1 0)
s>            ( - 3.587e+03 2 0)))INFO: dtree.c(1315): Comp split 10
INFO: dtree.c(1439): stop. leaf nodes are specific
INFO: dtree.c(1478): Final simple tree
|( QUESTION0_3_R 1 1.531e+05 2.727e+02 7.535e+03
|    ( - 1.477e+03 1 0)
|    ( - 1.513e+05 2 0))
s>    ( QUESTION0_3_R 1 1.531e+05 2.727e+02 7.535e+03
s>        ( - 1.477e+03 1 0)
s>        ( - 1.513e+05 2 0))INFO: dtree.c(1315): Comp split 11
INFO: dtree.c(1439): stop. leaf nodes are specific
INFO: dtree.c(1478): Final simple tree
|( WDBNDRY_E 0 2.799e+03 2.216e+02 1.562e+02
|    ( - 6.438e+02 1 0)
|    ( - 1.933e+03 1 0))
s>    ( WDBNDRY_E 0 2.799e+03 2.216e+02 1.562e+02
s>        ( - 6.438e+02 1 0)
s>        ( - 1.933e+03 1 0))INFO: dtree.c(1315): Comp split 12
INFO: dtree.c(1439): stop. leaf nodes are specific
INFO: dtree.c(1478): Final simple tree
|( QUESTION0_3_R 1 1.037e+04 2.449e+02 5.299e+02
|    ( - 7.904e+03 2 0)
|    ( QUESTION0_0_R 1 2.225e+03 1.688e+02 1.220e+02
|        ( - 8.769e+02 1 0)
|        ( - 1.180e+03 1 0)))
s>    ( QUESTION0_3_R 1 1.037e+04 2.449e+02 5.299e+02
s>        ( - 7.904e+03 2 0)
s>        ( QUESTION0_0_R 1 2.225e+03 1.688e+02 1.220e+02
s>            ( - 8.769e+02 1 0)
s>            ( - 1.180e+03 1 0)))INFO: dtree.c(1439): stop. leaf nodes are specific
INFO: dtree.c(1478): Final simple tree
|( QUESTION0_1_R 1 5.228e+03 2.697e+02 2.753e+02
|    ( - 2.821e+03 1 0)
|    ( WDBNDRY_B 0 2.138e+03 2.207e+02 1.154e+02
|        ( - 1.258e+03 1 0)
|        ( - 6.595e+02 1 0)))
s>    ( QUESTION0_1_R 1 5.228e+03 2.697e+02 2.753e+02
s>        ( - 2.821e+03 1 0)
s>        ( WDBNDRY_B 0 2.138e+03 2.207e+02 1.154e+02
s>            ( - 1.258e+03 1 0)
s>            ( - 6.595e+02 1 0)))INFO: dtree.c(1315): Comp split 13
INFO: dtree.c(1439): stop. leaf nodes are specific
INFO: dtree.c(1478): Final simple tree
|( QUESTION1 -1 3.887e+03 2.777e+02 2.126e+02
|    ( QUESTION0_7_R 1 7.895e+02 1.219e+02 5.005e+01
|        ( - 1.258e+02 1 0)
|        ( - 5.418e+02 1 0))
|    ( QUESTION7 1 2.820e+03 1.805e+02 1.626e+02
|        ( - 1.345e+03 2 0)
|        ( QUESTION0_7_R 1 1.294e+03 1.399e+02 7.780e+01
|            ( WDBNDRY_E 0 7.633e+02 9.012e+01 4.877e+01
|                ( - 2.958e+02 1 0)
|                ( - 3.774e+02 1 0))
|            ( - 3.912e+02 1 0))))
s>    ( QUESTION1 -1 3.887e+03 2.777e+02 2.126e+02
s>        ( QUESTION0_7_R 1 7.895e+02 1.219e+02 5.005e+01
s>            ( - 1.258e+02 1 0)
s>            ( - 5.418e+02 1 0))
s>        ( QUESTION7 1 2.820e+03 1.805e+02 1.626e+02
s>            ( - 1.345e+03 2 0)
s>            ( QUESTION0_7_R 1 1.294e+03 1.399e+02 7.780e+01
s>                ( WDBNDRY_E 0 7.633e+02 9.012e+01 4.877e+01
s>                    ( - 2.958e+02 1 0)
s>                    ( - 3.774e+02 1 0))
s>                ( - 3.912e+02 1 0))))INFO: dtree.c(1439): stop. leaf nodes are specific
INFO: dtree.c(1478): Final simple tree
|( WDBNDRY_E 0 4.572e+03 2.454e+02 2.661e+02
|    ( - 2.523e+03 1 0)
|    ( QUESTION0_1_R 1 1.803e+03 1.624e+02 1.100e+02
|        ( - 1.041e+03 1 0)
|        ( - 5.995e+02 1 0)))
s>    ( WDBNDRY_E 0 4.572e+03 2.454e+02 2.661e+02
s>        ( - 2.523e+03 1 0)
s>        ( QUESTION0_1_R 1 1.803e+03 1.624e+02 1.100e+02
s>            ( - 1.041e+03 1 0)
s>            ( - 5.995e+02 1 0)))INFO: dtree.c(1315): Comp split 14
INFO: dtree.c(1439): stop. leaf nodes are specific
INFO: dtree.c(1478): Final simple tree
|( WDBNDRY_B 0 4.731e+03 2.258e+02 2.430e+02
|    ( - 9.184e+02 1 0)
|    ( - 3.587e+03 2 0))
s>    ( WDBNDRY_B 0 4.731e+03 2.258e+02 2.430e+02
s>        ( - 9.184e+02 1 0)
s>        ( - 3.587e+03 2 0))INFO: dtree.c(1315): Comp split 15
INFO: dtree.c(1439): stop. leaf nodes are specific
INFO: dtree.c(1478): Final simple tree
|( QUESTION0_2_R 1 4.475e+03 2.300e+02 2.495e+02
|    ( WDBNDRY_B 0 3.401e+03 1.757e+02 1.971e+02
|        ( - 1.713e+03 1 0)
|        ( - 1.513e+03 1 0))
|    ( WDBNDRY_E 0 8.437e+02 7.808e+01 5.242e+01
|        ( - 2.455e+02 1 0)
|        ( - 5.202e+02 1 0)))
s>    ( QUESTION0_2_R 1 4.475e+03 2.300e+02 2.495e+02
s>        ( WDBNDRY_B 0 3.401e+03 1.757e+02 1.971e+02
s>            ( - 1.713e+03 1 0)
s>            ( - 1.513e+03 1 0))
s>        ( WDBNDRY_E 0 8.437e+02 7.808e+01 5.242e+01
s>            ( - 2.455e+02 1 0)
s>            ( - 5.202e+02 1 0)))INFO: dtree.c(1315): Comp split 16
INFO: dtree.c(1439): stop. leaf nodes are specific
INFO: dtree.c(1478): Final simple tree
|( QUESTION6 -1 3.031e+03 2.223e+02 1.656e+02
|    ( WDBNDRY_B 0 1.987e+03 1.395e+02 1.122e+02
|        ( - 5.805e+02 1 0)
|        ( - 1.267e+03 1 0))
|    ( QUESTION0_1_R 1 8.215e+02 1.061e+02 5.336e+01
|        ( - 3.875e+02 1 0)
|        ( - 3.279e+02 1 0)))
s>    ( QUESTION6 -1 3.031e+03 2.223e+02 1.656e+02
s>        ( WDBNDRY_B 0 1.987e+03 1.395e+02 1.122e+02
s>            ( - 5.805e+02 1 0)
s>            ( - 1.267e+03 1 0))
s>        ( QUESTION0_1_R 1 8.215e+02 1.061e+02 5.336e+01
s>            ( - 3.875e+02 1 0)
s>            ( - 3.279e+02 1 0)))INFO: dtree.c(1439): stop. leaf nodes are specific
INFO: dtree.c(1478): Final simple tree
|( QUESTION0 -1 1.462e+03 2.032e+02 8.470e+01
|    ( - 8.250e+02 1 0)
|    ( - 4.342e+02 1 0))
s>    ( QUESTION0 -1 1.462e+03 2.032e+02 8.470e+01
s>        ( - 8.250e+02 1 0)
s>        ( - 4.342e+02 1 0))INFO: dtree.c(1315): Comp split 17
INFO: dtree.c(1439): stop. leaf nodes are specific
INFO: dtree.c(1478): Final simple tree
|( QUESTION7 1 2.820e+03 1.805e+02 1.626e+02
|    ( - 1.345e+03 2 0)
|    ( QUESTION0_7_R 1 1.294e+03 1.399e+02 7.780e+01
|        ( WDBNDRY_E 0 7.633e+02 9.012e+01 4.877e+01
|            ( - 2.958e+02 1 0)
|            ( - 3.774e+02 1 0))
|        ( - 3.912e+02 1 0)))
s>    ( QUESTION7 1 2.820e+03 1.805e+02 1.626e+02
s>        ( - 1.345e+03 2 0)
s>        ( QUESTION0_7_R 1 1.294e+03 1.399e+02 7.780e+01
s>            ( WDBNDRY_E 0 7.633e+02 9.012e+01 4.877e+01
s>                ( - 2.958e+02 1 0)
s>                ( - 3.774e+02 1 0))
s>            ( - 3.912e+02 1 0)))INFO: dtree.c(1439): stop. leaf nodes are specific
INFO: dtree.c(1478): Final simple tree
|( QUESTION0_7_R 1 7.895e+02 1.219e+02 5.005e+01
|    ( - 1.258e+02 1 0)
|    ( - 5.418e+02 1 0))
s>    ( QUESTION0_7_R 1 7.895e+02 1.219e+02 5.005e+01
s>        ( - 1.258e+02 1 0)
s>        ( - 5.418e+02 1 0))INFO: dtree.c(1315): Comp split 18
INFO: dtree.c(1315): Comp split 19
INFO: dtree.c(1439): stop. leaf nodes are specific
INFO: dtree.c(1478): Final simple tree
|( WDBNDRY_B 0 2.138e+03 2.207e+02 1.154e+02
|    ( - 1.258e+03 1 0)
|    ( - 6.595e+02 1 0))
s>    ( WDBNDRY_B 0 2.138e+03 2.207e+02 1.154e+02
s>        ( - 1.258e+03 1 0)
s>        ( - 6.595e+02 1 0))INFO: dtree.c(1315): Comp split 20
INFO: dtree.c(1439): stop. leaf nodes are specific
INFO: dtree.c(1478): Final simple tree
|( QUESTION0_3_R 1 2.112e+03 1.339e+02 1.213e+02
|    ( - 1.430e+03 1 0)
|    ( - 5.487e+02 1 0))
s>    ( QUESTION0_3_R 1 2.112e+03 1.339e+02 1.213e+02
s>        ( - 1.430e+03 1 0)
s>        ( - 5.487e+02 1 0))INFO: dtree.c(1439): stop. leaf nodes are specific
INFO: dtree.c(1478): Final simple tree
|( WDBNDRY_B 0 4.637e+03 2.122e+02 2.570e+02
|    ( - 1.969e+03 1 0)
|    ( - 2.456e+03 2 0))
s>    ( WDBNDRY_B 0 4.637e+03 2.122e+02 2.570e+02
s>        ( - 1.969e+03 1 0)
s>        ( - 2.456e+03 2 0))INFO: dtree.c(1315): Comp split 21
INFO: dtree.c(1439): stop. leaf nodes are specific
INFO: dtree.c(1478): Final simple tree
|( QUESTION0_1_R 1 1.803e+03 1.624e+02 1.100e+02
|    ( - 1.041e+03 1 0)
|    ( - 5.995e+02 1 0))
s>    ( QUESTION0_1_R 1 1.803e+03 1.624e+02 1.100e+02
s>        ( - 1.041e+03 1 0)
s>        ( - 5.995e+02 1 0))INFO: dtree.c(1315): Comp split 22
INFO: dtree.c(1439): stop. leaf nodes are specific
INFO: dtree.c(1478): Final simple tree
|( QUESTION0_0_R 1 2.225e+03 1.688e+02 1.220e+02
|    ( - 8.769e+02 1 0)
|    ( - 1.180e+03 1 0))
s>    ( QUESTION0_0_R 1 2.225e+03 1.688e+02 1.220e+02
s>        ( - 8.769e+02 1 0)
s>        ( - 1.180e+03 1 0))INFO: dtree.c(1315): Comp split 23
INFO: dtree.c(1439): stop. leaf nodes are specific
INFO: dtree.c(1478): Final simple tree
|( WDBNDRY_E 0 1.082e+03 1.246e+02 6.691e+01
|    ( - 3.087e+02 1 0)
|    ( - 6.488e+02 1 0))
s>    ( WDBNDRY_E 0 1.082e+03 1.246e+02 6.691e+01
s>        ( - 3.087e+02 1 0)
s>        ( - 6.488e+02 1 0))INFO: dtree.c(1315): Comp split 24
INFO: dtree.c(1439): stop. leaf nodes are specific
INFO: dtree.c(1478): Final simple tree
|( WDBNDRY_E 0 8.437e+02 7.808e+01 5.242e+01
|    ( - 2.455e+02 1 0)
|    ( - 5.202e+02 1 0))
s>    ( WDBNDRY_E 0 8.437e+02 7.808e+01 5.242e+01
s>        ( - 2.455e+02 1 0)
s>        ( - 5.202e+02 1 0))INFO: dtree.c(1439): stop. leaf nodes are specific
INFO: dtree.c(1478): Final simple tree
|( WDBNDRY_B 0 3.401e+03 1.757e+02 1.971e+02
|    ( - 1.713e+03 1 0)
|    ( - 1.513e+03 1 0))
s>    ( WDBNDRY_B 0 3.401e+03 1.757e+02 1.971e+02
s>        ( - 1.713e+03 1 0)
s>        ( - 1.513e+03 1 0))INFO: dtree.c(1315): Comp split 25
INFO: dtree.c(1315): Comp split 26
INFO: dtree.c(1439): stop. leaf nodes are specific
INFO: dtree.c(1478): Final simple tree
|( QUESTION0_1_R 1 8.215e+02 1.061e+02 5.336e+01
|    ( - 3.875e+02 1 0)
|    ( - 3.279e+02 1 0))
s>    ( QUESTION0_1_R 1 8.215e+02 1.061e+02 5.336e+01
s>        ( - 3.875e+02 1 0)
s>        ( - 3.279e+02 1 0))INFO: dtree.c(1439): stop. leaf nodes are specific
INFO: dtree.c(1478): Final simple tree
|( WDBNDRY_B 0 1.987e+03 1.395e+02 1.122e+02
|    ( - 5.805e+02 1 0)
|    ( - 1.267e+03 1 0))
s>    ( WDBNDRY_B 0 1.987e+03 1.395e+02 1.122e+02
s>        ( - 5.805e+02 1 0)
s>        ( - 1.267e+03 1 0))INFO: dtree.c(1315): Comp split 27
INFO: dtree.c(1315): Comp split 28
INFO: dtree.c(1315): Comp split 29
INFO: dtree.c(1315): Comp split 30
INFO: dtree.c(1315): Comp split 31
INFO: dtree.c(1439): stop. leaf nodes are specific
INFO: dtree.c(1478): Final simple tree
|( WDBNDRY_E 0 7.633e+02 9.012e+01 4.877e+01
|    ( - 2.958e+02 1 0)
|    ( - 3.774e+02 1 0))
s>    ( WDBNDRY_E 0 7.633e+02 9.012e+01 4.877e+01
s>        ( - 2.958e+02 1 0)
s>        ( - 3.774e+02 1 0))INFO: dtree.c(1439): stop. leaf nodes are specific
INFO: dtree.c(1478): Final simple tree
|( QUESTION0_7_R 1 1.873e+03 1.371e+02 1.138e+02
|    ( - 1.345e+03 2 0)
|    ( - 3.912e+02 1 0))
s>    ( QUESTION0_7_R 1 1.873e+03 1.371e+02 1.138e+02
s>        ( - 1.345e+03 2 0)
s>        ( - 3.912e+02 1 0))INFO: dtree.c(1315): Comp split 32
INFO: dtree.c(1315): Comp split 33
INFO: dtree.c(1315): Comp split 34
INFO: dtree.c(1315): Comp split 35
INFO: dtree.c(1315): Comp split 36
INFO: dtree.c(1315): Comp split 37
INFO: dtree.c(1315): Comp split 38
INFO: dtree.c(1315): Comp split 39
INFO: dtree.c(1315): Comp split 40
INFO: dtree.c(1315): Comp split 41
INFO: dtree.c(1315): Comp split 42
INFO: dtree.c(1315): Comp split 43
INFO: dtree.c(1318): stop. leaf nodes are specific
Fri Dec  3 07:39:09 2021
