Current configuration:
[NAME]		[DEFLT]	[VALUE]
-allphones	no	no
-cntthresh	0.00001	1.000000e-05
-csplitmax	100	2000
-csplitmin	1	1
-csplitthr	8e-4	0.000000e+00
-example	no	no
-fullvar	no	no
-help		no	no
-meanfn			
-mixwfn			/home/azhar/Tubes_Speech/commandreminder/model_parameters/commandreminder.cd_ptm_untied/mixture_weights
-moddeffn		/home/azhar/Tubes_Speech/commandreminder/model_architecture/commandreminder.untied.mdef
-mwfloor	1e-4	1.000000e-08
-phone			F
-psetfn			/home/azhar/Tubes_Speech/commandreminder/model_architecture/commandreminder.tree_questions
-ssplitmax	5	7
-ssplitmin	1	1
-ssplitthr	8e-4	0.000000e+00
-state			0
-stwt			1.0,0.05,0.0,
-treefn			/home/azhar/Tubes_Speech/commandreminder/trees/commandreminder.unpruned/F-0.dtree
-ts2cbfn	.semi.	.semi.
-varfloor	0.00001	1.000000e-05
-varfn			

INFO: main.c(223): Reading: /home/azhar/Tubes_Speech/commandreminder/model_architecture/commandreminder.untied.mdef
INFO: model_def_io.c(573): Model definition info:
INFO: model_def_io.c(574): 1061 total models defined (31 base, 1030 tri)
INFO: model_def_io.c(575): 4244 total states
INFO: model_def_io.c(576): 3183 total tied states
INFO: model_def_io.c(577): 93 total tied CI states
INFO: model_def_io.c(578): 31 total tied transition matrices
INFO: model_def_io.c(579): 4 max state/model
INFO: model_def_io.c(580): 4 min state/model
INFO: main.c(242): Building trees for [F A EE b] through [F U EE b]
INFO: main.c(269): Covering states |[1053 1088]| == 36
INFO: main.c(275): Reading: /home/azhar/Tubes_Speech/commandreminder/model_parameters/commandreminder.cd_ptm_untied/mixture_weights
INFO: s3mixw_io.c(173): Read /home/azhar/Tubes_Speech/commandreminder/model_parameters/commandreminder.cd_ptm_untied/mixture_weights [36x4x64 array]
INFO: main.c(311): 12 of 12 models have observation count greater than 0.000010
INFO: main.c(95): nrm stwt: 0.952 0.048 0.000 
INFO: main.c(411): 12-class entropy: 2.141156e+04
INFO: main.c(549): Reading: /home/azhar/Tubes_Speech/commandreminder/model_architecture/commandreminder.tree_questions
INFO: main.c(588): 174 total simple questions (166 phone; 8 word bndry)
INFO: main.c(590): 40 Left Only questions, and 42 Right Only questions
INFO: dtree.c(1478): Final simple tree
|( QUESTION3 -1 2.499e+04 9.418e+02 1.254e+03
|    ( - 4.458e+03 3 0 WDBNDRY_B 0 1.919e+02 2.495e+02)
|    ( QUESTION2 -1 1.959e+04 5.876e+02 1.005e+03
|        ( WDBNDRY_B 0 8.621e+03 2.482e+02 4.724e+02
|            ( - 1.245e+03 1 0)
|            ( - 7.128e+03 1 0))
|        ( QUESTION15 -1 1.038e+04 4.129e+02 5.325e+02
|            ( QUESTION2_0_L -1 4.077e+03 1.999e+02 2.178e+02
|                ( - 2.597e+03 2 0 WDBNDRY_B 0 1.718e+02 1.412e+02)
|                ( - 1.280e+03 1 0))
|            ( QUESTION0 -1 5.889e+03 2.899e+02 3.147e+02
|                ( - 3.064e+03 2 0 QUESTION0_1_R 1 1.646e+02 1.728e+02)
|                ( QUESTION3 1 2.536e+03 2.021e+02 1.420e+02
|                    ( - 6.181e+02 1 0)
|                    ( - 1.715e+03 1 0))))))
s>    ( QUESTION3 -1 2.499e+04 9.418e+02 1.254e+03
s>        ( - 4.458e+03 3 0 WDBNDRY_B 0 1.919e+02 2.495e+02)
s>        ( QUESTION2 -1 1.959e+04 5.876e+02 1.005e+03
s>            ( WDBNDRY_B 0 8.621e+03 2.482e+02 4.724e+02
s>                ( - 1.245e+03 1 0)
s>                ( - 7.128e+03 1 0))
s>            ( QUESTION15 -1 1.038e+04 4.129e+02 5.325e+02
s>                ( QUESTION2_0_L -1 4.077e+03 1.999e+02 2.178e+02
s>                    ( - 2.597e+03 2 0 WDBNDRY_B 0 1.718e+02 1.412e+02)
s>                    ( - 1.280e+03 1 0))
s>                ( QUESTION0 -1 5.889e+03 2.899e+02 3.147e+02
s>                    ( - 3.064e+03 2 0 QUESTION0_1_R 1 1.646e+02 1.728e+02)
s>                    ( QUESTION3 1 2.536e+03 2.021e+02 1.420e+02
s>                        ( - 6.181e+02 1 0)
s>                        ( - 1.715e+03 1 0))))))INFO: dtree.c(1315): Comp split 0
INFO: dtree.c(1478): Final simple tree
|( QUESTION2 -1 1.959e+04 5.876e+02 1.005e+03
|    ( WDBNDRY_B 0 8.621e+03 2.482e+02 4.724e+02
|        ( - 1.245e+03 1 0)
|        ( - 7.128e+03 1 0))
|    ( QUESTION15 -1 1.038e+04 4.129e+02 5.325e+02
|        ( QUESTION2_0_L -1 4.077e+03 1.999e+02 2.178e+02
|            ( WDBNDRY_B 0 2.597e+03 1.718e+02 1.412e+02
|                ( - 9.813e+02 1 0)
|                ( - 1.444e+03 1 0))
|            ( - 1.280e+03 1 0))
|        ( QUESTION0 -1 5.889e+03 2.899e+02 3.147e+02
|            ( - 3.064e+03 2 0 QUESTION0_1_R 1 1.646e+02 1.728e+02)
|            ( QUESTION3 1 2.536e+03 2.021e+02 1.420e+02
|                ( - 6.181e+02 1 0)
|                ( - 1.715e+03 1 0)))))
s>    ( QUESTION2 -1 1.959e+04 5.876e+02 1.005e+03
s>        ( WDBNDRY_B 0 8.621e+03 2.482e+02 4.724e+02
s>            ( - 1.245e+03 1 0)
s>            ( - 7.128e+03 1 0))
s>        ( QUESTION15 -1 1.038e+04 4.129e+02 5.325e+02
s>            ( QUESTION2_0_L -1 4.077e+03 1.999e+02 2.178e+02
s>                ( WDBNDRY_B 0 2.597e+03 1.718e+02 1.412e+02
s>                    ( - 9.813e+02 1 0)
s>                    ( - 1.444e+03 1 0))
s>                ( - 1.280e+03 1 0))
s>            ( QUESTION0 -1 5.889e+03 2.899e+02 3.147e+02
s>                ( - 3.064e+03 2 0 QUESTION0_1_R 1 1.646e+02 1.728e+02)
s>                ( QUESTION3 1 2.536e+03 2.021e+02 1.420e+02
s>                    ( - 6.181e+02 1 0)
s>                    ( - 1.715e+03 1 0)))))INFO: dtree.c(1439): stop. leaf nodes are specific
INFO: dtree.c(1478): Final simple tree
|( WDBNDRY_B 0 4.458e+03 1.919e+02 2.495e+02
|    ( QUESTION1 1 2.992e+03 1.656e+02 1.701e+02
|        ( - 1.119e+03 1 0)
|        ( - 1.708e+03 1 0))
|    ( - 1.274e+03 1 0))
s>    ( WDBNDRY_B 0 4.458e+03 1.919e+02 2.495e+02
s>        ( QUESTION1 1 2.992e+03 1.656e+02 1.701e+02
s>            ( - 1.119e+03 1 0)
s>            ( - 1.708e+03 1 0))
s>        ( - 1.274e+03 1 0))INFO: dtree.c(1315): Comp split 1
INFO: dtree.c(1439): stop. leaf nodes are specific
INFO: dtree.c(1478): Final simple tree
|( QUESTION15 -1 1.038e+04 4.129e+02 5.325e+02
|    ( QUESTION2_0_L -1 4.077e+03 1.999e+02 2.178e+02
|        ( WDBNDRY_B 0 2.597e+03 1.718e+02 1.412e+02
|            ( - 9.813e+02 1 0)
|            ( - 1.444e+03 1 0))
|        ( - 1.280e+03 1 0))
|    ( QUESTION0 -1 5.889e+03 2.899e+02 3.147e+02
|        ( QUESTION0_1_R 1 3.064e+03 1.646e+02 1.728e+02
|            ( - 1.341e+03 1 0)
|            ( - 1.559e+03 1 0))
|        ( QUESTION3 1 2.536e+03 2.021e+02 1.420e+02
|            ( - 6.181e+02 1 0)
|            ( - 1.715e+03 1 0))))
s>    ( QUESTION15 -1 1.038e+04 4.129e+02 5.325e+02
s>        ( QUESTION2_0_L -1 4.077e+03 1.999e+02 2.178e+02
s>            ( WDBNDRY_B 0 2.597e+03 1.718e+02 1.412e+02
s>                ( - 9.813e+02 1 0)
s>                ( - 1.444e+03 1 0))
s>            ( - 1.280e+03 1 0))
s>        ( QUESTION0 -1 5.889e+03 2.899e+02 3.147e+02
s>            ( QUESTION0_1_R 1 3.064e+03 1.646e+02 1.728e+02
s>                ( - 1.341e+03 1 0)
s>                ( - 1.559e+03 1 0))
s>            ( QUESTION3 1 2.536e+03 2.021e+02 1.420e+02
s>                ( - 6.181e+02 1 0)
s>                ( - 1.715e+03 1 0))))INFO: dtree.c(1439): stop. leaf nodes are specific
INFO: dtree.c(1478): Final simple tree
|( WDBNDRY_B 0 8.621e+03 2.482e+02 4.724e+02
|    ( - 1.245e+03 1 0)
|    ( - 7.128e+03 1 0))
s>    ( WDBNDRY_B 0 8.621e+03 2.482e+02 4.724e+02
s>        ( - 1.245e+03 1 0)
s>        ( - 7.128e+03 1 0))INFO: dtree.c(1315): Comp split 2
INFO: dtree.c(1439): stop. leaf nodes are specific
INFO: dtree.c(1478): Final simple tree
|( QUESTION0 -1 5.889e+03 2.899e+02 3.147e+02
|    ( QUESTION0_1_R 1 3.064e+03 1.646e+02 1.728e+02
|        ( - 1.341e+03 1 0)
|        ( - 1.559e+03 1 0))
|    ( QUESTION3 1 2.536e+03 2.021e+02 1.420e+02
|        ( - 6.181e+02 1 0)
|        ( - 1.715e+03 1 0)))
s>    ( QUESTION0 -1 5.889e+03 2.899e+02 3.147e+02
s>        ( QUESTION0_1_R 1 3.064e+03 1.646e+02 1.728e+02
s>            ( - 1.341e+03 1 0)
s>            ( - 1.559e+03 1 0))
s>        ( QUESTION3 1 2.536e+03 2.021e+02 1.420e+02
s>            ( - 6.181e+02 1 0)
s>            ( - 1.715e+03 1 0)))INFO: dtree.c(1439): stop. leaf nodes are specific
INFO: dtree.c(1478): Final simple tree
|( QUESTION2_0_L -1 4.077e+03 1.999e+02 2.178e+02
|    ( WDBNDRY_B 0 2.597e+03 1.718e+02 1.412e+02
|        ( - 9.813e+02 1 0)
|        ( - 1.444e+03 1 0))
|    ( - 1.280e+03 1 0))
s>    ( QUESTION2_0_L -1 4.077e+03 1.999e+02 2.178e+02
s>        ( WDBNDRY_B 0 2.597e+03 1.718e+02 1.412e+02
s>            ( - 9.813e+02 1 0)
s>            ( - 1.444e+03 1 0))
s>        ( - 1.280e+03 1 0))INFO: dtree.c(1315): Comp split 3
INFO: dtree.c(1439): stop. leaf nodes are specific
INFO: dtree.c(1478): Final simple tree
|( QUESTION3 1 2.536e+03 2.021e+02 1.420e+02
|    ( - 6.181e+02 1 0)
|    ( - 1.715e+03 1 0))
s>    ( QUESTION3 1 2.536e+03 2.021e+02 1.420e+02
s>        ( - 6.181e+02 1 0)
s>        ( - 1.715e+03 1 0))INFO: dtree.c(1439): stop. leaf nodes are specific
INFO: dtree.c(1478): Final simple tree
|( QUESTION0_1_R 1 3.064e+03 1.646e+02 1.728e+02
|    ( - 1.341e+03 1 0)
|    ( - 1.559e+03 1 0))
s>    ( QUESTION0_1_R 1 3.064e+03 1.646e+02 1.728e+02
s>        ( - 1.341e+03 1 0)
s>        ( - 1.559e+03 1 0))INFO: dtree.c(1315): Comp split 4
INFO: dtree.c(1315): Comp split 5
INFO: dtree.c(1315): Comp split 6
INFO: dtree.c(1439): stop. leaf nodes are specific
INFO: dtree.c(1478): Final simple tree
|( WDBNDRY_B 0 2.894e+03 1.705e+02 1.577e+02
|    ( - 1.280e+03 1 0)
|    ( - 1.444e+03 1 0))
s>    ( WDBNDRY_B 0 2.894e+03 1.705e+02 1.577e+02
s>        ( - 1.280e+03 1 0)
s>        ( - 1.444e+03 1 0))INFO: dtree.c(1315): Comp split 7
INFO: dtree.c(1439): stop. leaf nodes are specific
INFO: dtree.c(1478): Final simple tree
|( QUESTION1 1 2.992e+03 1.656e+02 1.701e+02
|    ( - 1.119e+03 1 0)
|    ( - 1.708e+03 1 0))
s>    ( QUESTION1 1 2.992e+03 1.656e+02 1.701e+02
s>        ( - 1.119e+03 1 0)
s>        ( - 1.708e+03 1 0))INFO: dtree.c(1315): Comp split 8
INFO: dtree.c(1315): Comp split 9
INFO: dtree.c(1315): Comp split 10
INFO: dtree.c(1315): Comp split 11
INFO: dtree.c(1318): stop. leaf nodes are specific
Fri Dec  3 07:39:03 2021
