Current configuration:
[NAME]		[DEFLT]	[VALUE]
-allphones	no	no
-cntthresh	0.00001	1.000000e-05
-csplitmax	100	2000
-csplitmin	1	1
-csplitthr	8e-4	0.000000e+00
-example	no	no
-fullvar	no	no
-help		no	no
-meanfn			
-mixwfn			/home/azhar/Tubes_Speech/commandreminder/model_parameters/commandreminder.cd_ptm_untied/mixture_weights
-moddeffn		/home/azhar/Tubes_Speech/commandreminder/model_architecture/commandreminder.untied.mdef
-mwfloor	1e-4	1.000000e-08
-phone			S
-psetfn			/home/azhar/Tubes_Speech/commandreminder/model_architecture/commandreminder.tree_questions
-ssplitmax	5	7
-ssplitmin	1	1
-ssplitthr	8e-4	0.000000e+00
-state			1
-stwt			1.0,0.05,0.0,
-treefn			/home/azhar/Tubes_Speech/commandreminder/trees/commandreminder.unpruned/S-1.dtree
-ts2cbfn	.semi.	.semi.
-varfloor	0.00001	1.000000e-05
-varfn			

INFO: main.c(223): Reading: /home/azhar/Tubes_Speech/commandreminder/model_architecture/commandreminder.untied.mdef
INFO: model_def_io.c(573): Model definition info:
INFO: model_def_io.c(574): 1061 total models defined (31 base, 1030 tri)
INFO: model_def_io.c(575): 4244 total states
INFO: model_def_io.c(576): 3183 total tied states
INFO: model_def_io.c(577): 93 total tied CI states
INFO: model_def_io.c(578): 31 total tied transition matrices
INFO: model_def_io.c(579): 4 max state/model
INFO: model_def_io.c(580): 4 min state/model
INFO: main.c(242): Building trees for [S A A i] through [S U T i]
INFO: main.c(269): Covering states |[2622 2783]| == 162
INFO: main.c(275): Reading: /home/azhar/Tubes_Speech/commandreminder/model_parameters/commandreminder.cd_ptm_untied/mixture_weights
INFO: s3mixw_io.c(173): Read /home/azhar/Tubes_Speech/commandreminder/model_parameters/commandreminder.cd_ptm_untied/mixture_weights [162x4x64 array]
INFO: main.c(311): 54 of 54 models have observation count greater than 0.000010
INFO: main.c(95): nrm stwt: 0.045 0.909 0.045 
INFO: main.c(411): 54-class entropy: 2.117223e+05
INFO: main.c(549): Reading: /home/azhar/Tubes_Speech/commandreminder/model_architecture/commandreminder.tree_questions
INFO: main.c(588): 174 total simple questions (166 phone; 8 word bndry)
INFO: main.c(590): 40 Left Only questions, and 42 Right Only questions
INFO: dtree.c(1478): Final simple tree
|( SILENCE -1 2.404e+05 8.030e+03 1.181e+04
|    ( - 9.503e+04 1 0)
|    ( SILENCE 1 1.373e+05 2.415e+03 6.774e+03
|        ( - 1.047e+04 2 0 QUESTION3 -1 4.992e+02 6.689e+02)
|        ( QUESTION0_2_R 1 1.244e+05 1.763e+03 6.105e+03
|            ( QUESTION3 -1 7.734e+04 1.428e+03 3.850e+03
|                ( - 2.507e+04 3 0 QUESTION0_3_R 1 4.789e+02 1.310e+03)
|                ( QUESTION1 1 5.084e+04 6.668e+02 2.541e+03
|                    ( - 4.059e+04 17 0 QUESTION2 -1 7.196e+02 2.024e+03)
|                    ( - 9.584e+03 4 0 WDBNDRY_B 0 4.133e+02 5.167e+02)))
|            ( QUESTION3 1 4.532e+04 1.476e+03 2.255e+03
|                ( - 1.823e+04 8 0 QUESTION2_6_L -1 4.073e+02 9.725e+02)
|                ( QUESTION0_0_R 1 2.561e+04 6.765e+02 1.282e+03
|                    ( - 3.695e+03 4 0 QUESTION0 -1 2.765e+02 1.994e+02)
|                    ( - 2.124e+04 15 0 QUESTION3 -1 5.535e+02 1.083e+03))))))
s>    ( SILENCE -1 2.404e+05 8.030e+03 1.181e+04
s>        ( - 9.503e+04 1 0)
s>        ( SILENCE 1 1.373e+05 2.415e+03 6.774e+03
s>            ( - 1.047e+04 2 0 QUESTION3 -1 4.992e+02 6.689e+02)
s>            ( QUESTION0_2_R 1 1.244e+05 1.763e+03 6.105e+03
s>                ( QUESTION3 -1 7.734e+04 1.428e+03 3.850e+03
s>                    ( - 2.507e+04 3 0 QUESTION0_3_R 1 4.789e+02 1.310e+03)
s>                    ( QUESTION1 1 5.084e+04 6.668e+02 2.541e+03
s>                        ( - 4.059e+04 17 0 QUESTION2 -1 7.196e+02 2.024e+03)
s>                        ( - 9.584e+03 4 0 WDBNDRY_B 0 4.133e+02 5.167e+02)))
s>                ( QUESTION3 1 4.532e+04 1.476e+03 2.255e+03
s>                    ( - 1.823e+04 8 0 QUESTION2_6_L -1 4.073e+02 9.725e+02)
s>                    ( QUESTION0_0_R 1 2.561e+04 6.765e+02 1.282e+03
s>                        ( - 3.695e+03 4 0 QUESTION0 -1 2.765e+02 1.994e+02)
s>                        ( - 2.124e+04 15 0 QUESTION3 -1 5.535e+02 1.083e+03))))))INFO: dtree.c(1315): Comp split 0
INFO: dtree.c(1478): Final simple tree
|( SILENCE 1 1.373e+05 2.415e+03 6.774e+03
|    ( - 1.047e+04 2 0 QUESTION3 -1 4.992e+02 6.689e+02)
|    ( QUESTION0_2_R 1 1.244e+05 1.763e+03 6.105e+03
|        ( QUESTION3 -1 7.734e+04 1.428e+03 3.850e+03
|            ( - 2.507e+04 3 0 QUESTION0_3_R 1 4.789e+02 1.310e+03)
|            ( QUESTION1 1 5.084e+04 6.668e+02 2.541e+03
|                ( QUESTION2 -1 4.059e+04 7.196e+02 2.024e+03
|                    ( - 8.363e+03 3 0 QUESTION0_3_R 1 2.963e+02 4.420e+02)
|                    ( - 3.151e+04 14 0 QUESTION2_1_L -1 4.308e+02 1.582e+03))
|                ( - 9.584e+03 4 0 WDBNDRY_B 0 4.133e+02 5.167e+02)))
|        ( QUESTION3 1 4.532e+04 1.476e+03 2.255e+03
|            ( - 1.823e+04 8 0 QUESTION2_6_L -1 4.073e+02 9.725e+02)
|            ( QUESTION0_0_R 1 2.561e+04 6.765e+02 1.282e+03
|                ( - 3.695e+03 4 0 QUESTION0 -1 2.765e+02 1.994e+02)
|                ( - 2.124e+04 15 0 QUESTION3 -1 5.535e+02 1.083e+03)))))
s>    ( SILENCE 1 1.373e+05 2.415e+03 6.774e+03
s>        ( - 1.047e+04 2 0 QUESTION3 -1 4.992e+02 6.689e+02)
s>        ( QUESTION0_2_R 1 1.244e+05 1.763e+03 6.105e+03
s>            ( QUESTION3 -1 7.734e+04 1.428e+03 3.850e+03
s>                ( - 2.507e+04 3 0 QUESTION0_3_R 1 4.789e+02 1.310e+03)
s>                ( QUESTION1 1 5.084e+04 6.668e+02 2.541e+03
s>                    ( QUESTION2 -1 4.059e+04 7.196e+02 2.024e+03
s>                        ( - 8.363e+03 3 0 QUESTION0_3_R 1 2.963e+02 4.420e+02)
s>                        ( - 3.151e+04 14 0 QUESTION2_1_L -1 4.308e+02 1.582e+03))
s>                    ( - 9.584e+03 4 0 WDBNDRY_B 0 4.133e+02 5.167e+02)))
s>            ( QUESTION3 1 4.532e+04 1.476e+03 2.255e+03
s>                ( - 1.823e+04 8 0 QUESTION2_6_L -1 4.073e+02 9.725e+02)
s>                ( QUESTION0_0_R 1 2.561e+04 6.765e+02 1.282e+03
s>                    ( - 3.695e+03 4 0 QUESTION0 -1 2.765e+02 1.994e+02)
s>                    ( - 2.124e+04 15 0 QUESTION3 -1 5.535e+02 1.083e+03)))))INFO: dtree.c(1315): Comp split 1
INFO: dtree.c(1478): Final simple tree
|( QUESTION0_1_R 1 7.749e+04 1.500e+03 3.864e+03
|    ( QUESTION2_6_L -1 1.823e+04 4.073e+02 9.725e+02
|        ( - 7.426e+03 4 0 QUESTION0 -1 2.618e+02 4.083e+02)
|        ( - 1.040e+04 4 0 WDBNDRY_B 0 2.768e+02 5.642e+02))
|    ( QUESTION2 -1 5.776e+04 1.181e+03 2.892e+03
|        ( QUESTION0_3_R 1 2.507e+04 4.789e+02 1.310e+03
|            ( - 1.542e+04 1 0)
|            ( - 9.174e+03 2 0 WDBNDRY_B 0 2.419e+02 4.889e+02))
|        ( QUESTION2_1_L -1 3.151e+04 4.308e+02 1.582e+03
|            ( QUESTION0_3_R 1 1.654e+04 3.413e+02 8.515e+02
|                ( - 3.687e+03 2 0 WDBNDRY_B 0 2.220e+02 1.993e+02)
|                ( - 1.251e+04 2 0))
|            ( QUESTION15 -1 1.454e+04 3.319e+02 7.304e+02
|                ( - 3.286e+03 3 0 QUESTION0_3_R 1 2.316e+02 1.734e+02)
|                ( - 1.092e+04 7 0 WDBNDRY_B 0 2.925e+02 5.569e+02)))))
s>    ( QUESTION0_1_R 1 7.749e+04 1.500e+03 3.864e+03
s>        ( QUESTION2_6_L -1 1.823e+04 4.073e+02 9.725e+02
s>            ( - 7.426e+03 4 0 QUESTION0 -1 2.618e+02 4.083e+02)
s>            ( - 1.040e+04 4 0 WDBNDRY_B 0 2.768e+02 5.642e+02))
s>        ( QUESTION2 -1 5.776e+04 1.181e+03 2.892e+03
s>            ( QUESTION0_3_R 1 2.507e+04 4.789e+02 1.310e+03
s>                ( - 1.542e+04 1 0)
s>                ( - 9.174e+03 2 0 WDBNDRY_B 0 2.419e+02 4.889e+02))
s>            ( QUESTION2_1_L -1 3.151e+04 4.308e+02 1.582e+03
s>                ( QUESTION0_3_R 1 1.654e+04 3.413e+02 8.515e+02
s>                    ( - 3.687e+03 2 0 WDBNDRY_B 0 2.220e+02 1.993e+02)
s>                    ( - 1.251e+04 2 0))
s>                ( QUESTION15 -1 1.454e+04 3.319e+02 7.304e+02
s>                    ( - 3.286e+03 3 0 QUESTION0_3_R 1 2.316e+02 1.734e+02)
s>                    ( - 1.092e+04 7 0 WDBNDRY_B 0 2.925e+02 5.569e+02)))))INFO: dtree.c(1478): Final simple tree
|( SILENCE 1 5.711e+04 1.781e+03 2.910e+03
|    ( QUESTION3 -1 1.047e+04 4.992e+02 6.689e+02
|        ( - 2.909e+03 1 0)
|        ( - 7.059e+03 1 0))
|    ( QUESTION0 1 4.486e+04 8.912e+02 2.241e+03
|        ( QUESTION0_1_R 1 2.443e+04 6.439e+02 1.245e+03
|            ( - 3.695e+03 4 0 QUESTION0 -1 2.765e+02 1.994e+02)
|            ( QUESTION1 1 2.010e+04 4.906e+02 1.046e+03
|                ( - 1.002e+04 4 0 QUESTION0_3_R 1 3.349e+02 5.290e+02)
|                ( - 9.584e+03 4 0 WDBNDRY_B 0 4.133e+02 5.167e+02)))
|        ( QUESTION3 -1 1.953e+04 5.411e+02 9.957e+02
|            ( - 7.331e+03 5 0 QUESTION0_7_R 1 2.742e+02 3.882e+02)
|            ( QUESTION1 -1 1.166e+04 4.706e+02 6.075e+02
|                ( - 9.046e+03 7 0 QUESTION0_8_R 1 2.626e+02 4.782e+02)
|                ( - 2.144e+03 2 0 WDBNDRY_E 0 1.810e+02 1.293e+02)))))
s>    ( SILENCE 1 5.711e+04 1.781e+03 2.910e+03
s>        ( QUESTION3 -1 1.047e+04 4.992e+02 6.689e+02
s>            ( - 2.909e+03 1 0)
s>            ( - 7.059e+03 1 0))
s>        ( QUESTION0 1 4.486e+04 8.912e+02 2.241e+03
s>            ( QUESTION0_1_R 1 2.443e+04 6.439e+02 1.245e+03
s>                ( - 3.695e+03 4 0 QUESTION0 -1 2.765e+02 1.994e+02)
s>                ( QUESTION1 1 2.010e+04 4.906e+02 1.046e+03
s>                    ( - 1.002e+04 4 0 QUESTION0_3_R 1 3.349e+02 5.290e+02)
s>                    ( - 9.584e+03 4 0 WDBNDRY_B 0 4.133e+02 5.167e+02)))
s>            ( QUESTION3 -1 1.953e+04 5.411e+02 9.957e+02
s>                ( - 7.331e+03 5 0 QUESTION0_7_R 1 2.742e+02 3.882e+02)
s>                ( QUESTION1 -1 1.166e+04 4.706e+02 6.075e+02
s>                    ( - 9.046e+03 7 0 QUESTION0_8_R 1 2.626e+02 4.782e+02)
s>                    ( - 2.144e+03 2 0 WDBNDRY_E 0 1.810e+02 1.293e+02)))))INFO: dtree.c(1315): Comp split 2
INFO: dtree.c(1478): Final simple tree
|( QUESTION0 1 4.486e+04 8.912e+02 2.241e+03
|    ( QUESTION0_1_R 1 2.443e+04 6.439e+02 1.245e+03
|        ( - 3.695e+03 4 0 QUESTION0 -1 2.765e+02 1.994e+02)
|        ( QUESTION1 1 2.010e+04 4.906e+02 1.046e+03
|            ( QUESTION0_3_R 1 1.002e+04 3.349e+02 5.290e+02
|                ( - 5.121e+03 1 0)
|                ( - 4.565e+03 3 0 WDBNDRY_E 0 2.252e+02 2.506e+02))
|            ( WDBNDRY_B 0 9.584e+03 4.133e+02 5.167e+02
|                ( - 3.073e+03 3 0 QUESTION0 -1 2.097e+02 1.734e+02)
|                ( - 6.097e+03 1 0))))
|    ( QUESTION3 -1 1.953e+04 5.411e+02 9.957e+02
|        ( - 7.331e+03 5 0 QUESTION0_7_R 1 2.742e+02 3.882e+02)
|        ( QUESTION1 -1 1.166e+04 4.706e+02 6.075e+02
|            ( - 9.046e+03 7 0 QUESTION0_8_R 1 2.626e+02 4.782e+02)
|            ( - 2.144e+03 2 0 WDBNDRY_E 0 1.810e+02 1.293e+02))))
s>    ( QUESTION0 1 4.486e+04 8.912e+02 2.241e+03
s>        ( QUESTION0_1_R 1 2.443e+04 6.439e+02 1.245e+03
s>            ( - 3.695e+03 4 0 QUESTION0 -1 2.765e+02 1.994e+02)
s>            ( QUESTION1 1 2.010e+04 4.906e+02 1.046e+03
s>                ( QUESTION0_3_R 1 1.002e+04 3.349e+02 5.290e+02
s>                    ( - 5.121e+03 1 0)
s>                    ( - 4.565e+03 3 0 WDBNDRY_E 0 2.252e+02 2.506e+02))
s>                ( WDBNDRY_B 0 9.584e+03 4.133e+02 5.167e+02
s>                    ( - 3.073e+03 3 0 QUESTION0 -1 2.097e+02 1.734e+02)
s>                    ( - 6.097e+03 1 0))))
s>        ( QUESTION3 -1 1.953e+04 5.411e+02 9.957e+02
s>            ( - 7.331e+03 5 0 QUESTION0_7_R 1 2.742e+02 3.882e+02)
s>            ( QUESTION1 -1 1.166e+04 4.706e+02 6.075e+02
s>                ( - 9.046e+03 7 0 QUESTION0_8_R 1 2.626e+02 4.782e+02)
s>                ( - 2.144e+03 2 0 WDBNDRY_E 0 1.810e+02 1.293e+02))))INFO: dtree.c(1439): stop. leaf nodes are specific
INFO: dtree.c(1478): Final simple tree
|( QUESTION3 -1 1.047e+04 4.992e+02 6.689e+02
|    ( - 2.909e+03 1 0)
|    ( - 7.059e+03 1 0))
s>    ( QUESTION3 -1 1.047e+04 4.992e+02 6.689e+02
s>        ( - 2.909e+03 1 0)
s>        ( - 7.059e+03 1 0))INFO: dtree.c(1315): Comp split 3
INFO: dtree.c(1439): stop. leaf nodes are specific
INFO: dtree.c(1478): Final simple tree
|( QUESTION0_3_R 1 2.507e+04 4.789e+02 1.310e+03
|    ( - 1.542e+04 1 0)
|    ( WDBNDRY_B 0 9.174e+03 2.419e+02 4.889e+02
|        ( - 6.268e+03 1 0)
|        ( - 2.663e+03 1 0)))
s>    ( QUESTION0_3_R 1 2.507e+04 4.789e+02 1.310e+03
s>        ( - 1.542e+04 1 0)
s>        ( WDBNDRY_B 0 9.174e+03 2.419e+02 4.889e+02
s>            ( - 6.268e+03 1 0)
s>            ( - 2.663e+03 1 0)))INFO: dtree.c(1478): Final simple tree
|( QUESTION0_1_R 1 5.088e+04 1.138e+03 2.554e+03
|    ( QUESTION2_6_L -1 1.823e+04 4.073e+02 9.725e+02
|        ( - 7.426e+03 4 0 QUESTION0 -1 2.618e+02 4.083e+02)
|        ( WDBNDRY_B 0 1.040e+04 2.768e+02 5.642e+02
|            ( - 4.933e+03 3 0 QUESTION7 -1 2.361e+02 2.705e+02)
|            ( - 5.189e+03 1 0)))
|    ( QUESTION2_1_L -1 3.151e+04 4.308e+02 1.582e+03
|        ( QUESTION0_3_R 1 1.654e+04 3.413e+02 8.515e+02
|            ( - 3.687e+03 2 0 WDBNDRY_B 0 2.220e+02 1.993e+02)
|            ( - 1.251e+04 2 0))
|        ( QUESTION15 -1 1.454e+04 3.319e+02 7.304e+02
|            ( - 3.286e+03 3 0 QUESTION0_3_R 1 2.316e+02 1.734e+02)
|            ( WDBNDRY_B 0 1.092e+04 2.925e+02 5.569e+02
|                ( - 6.291e+03 4 0 QUESTION9 -1 1.856e+02 3.284e+02)
|                ( - 4.338e+03 3 0 QUESTION0 -1 2.185e+02 2.286e+02)))))
s>    ( QUESTION0_1_R 1 5.088e+04 1.138e+03 2.554e+03
s>        ( QUESTION2_6_L -1 1.823e+04 4.073e+02 9.725e+02
s>            ( - 7.426e+03 4 0 QUESTION0 -1 2.618e+02 4.083e+02)
s>            ( WDBNDRY_B 0 1.040e+04 2.768e+02 5.642e+02
s>                ( - 4.933e+03 3 0 QUESTION7 -1 2.361e+02 2.705e+02)
s>                ( - 5.189e+03 1 0)))
s>        ( QUESTION2_1_L -1 3.151e+04 4.308e+02 1.582e+03
s>            ( QUESTION0_3_R 1 1.654e+04 3.413e+02 8.515e+02
s>                ( - 3.687e+03 2 0 WDBNDRY_B 0 2.220e+02 1.993e+02)
s>                ( - 1.251e+04 2 0))
s>            ( QUESTION15 -1 1.454e+04 3.319e+02 7.304e+02
s>                ( - 3.286e+03 3 0 QUESTION0_3_R 1 2.316e+02 1.734e+02)
s>                ( WDBNDRY_B 0 1.092e+04 2.925e+02 5.569e+02
s>                    ( - 6.291e+03 4 0 QUESTION9 -1 1.856e+02 3.284e+02)
s>                    ( - 4.338e+03 3 0 QUESTION0 -1 2.185e+02 2.286e+02)))))INFO: dtree.c(1315): Comp split 4
INFO: dtree.c(1478): Final simple tree
|( QUESTION2_1_L -1 3.151e+04 4.308e+02 1.582e+03
|    ( QUESTION0_3_R 1 1.654e+04 3.413e+02 8.515e+02
|        ( WDBNDRY_B 0 3.687e+03 2.220e+02 1.993e+02
|            ( - 1.157e+03 1 0)
|            ( - 2.308e+03 1 0))
|        ( - 1.251e+04 2 0))
|    ( QUESTION15 -1 1.454e+04 3.319e+02 7.304e+02
|        ( QUESTION0_3_R 1 3.286e+03 2.316e+02 1.734e+02
|            ( - 1.579e+03 2 0)
|            ( - 1.475e+03 1 0))
|        ( WDBNDRY_B 0 1.092e+04 2.925e+02 5.569e+02
|            ( - 6.291e+03 4 0 QUESTION9 -1 1.856e+02 3.284e+02)
|            ( QUESTION0 -1 4.338e+03 2.185e+02 2.286e+02
|                ( - 2.231e+03 2 0 QUESTION0_3_R 1 1.664e+02 1.222e+02)
|                ( - 1.888e+03 1 0)))))
s>    ( QUESTION2_1_L -1 3.151e+04 4.308e+02 1.582e+03
s>        ( QUESTION0_3_R 1 1.654e+04 3.413e+02 8.515e+02
s>            ( WDBNDRY_B 0 3.687e+03 2.220e+02 1.993e+02
s>                ( - 1.157e+03 1 0)
s>                ( - 2.308e+03 1 0))
s>            ( - 1.251e+04 2 0))
s>        ( QUESTION15 -1 1.454e+04 3.319e+02 7.304e+02
s>            ( QUESTION0_3_R 1 3.286e+03 2.316e+02 1.734e+02
s>                ( - 1.579e+03 2 0)
s>                ( - 1.475e+03 1 0))
s>            ( WDBNDRY_B 0 1.092e+04 2.925e+02 5.569e+02
s>                ( - 6.291e+03 4 0 QUESTION9 -1 1.856e+02 3.284e+02)
s>                ( QUESTION0 -1 4.338e+03 2.185e+02 2.286e+02
s>                    ( - 2.231e+03 2 0 QUESTION0_3_R 1 1.664e+02 1.222e+02)
s>                    ( - 1.888e+03 1 0)))))INFO: dtree.c(1478): Final simple tree
|( QUESTION2_6_L -1 1.823e+04 4.073e+02 9.725e+02
|    ( QUESTION0 -1 7.426e+03 2.618e+02 4.083e+02
|        ( WDBNDRY_B 0 5.204e+03 1.800e+02 2.918e+02
|            ( - 8.149e+02 1 0)
|            ( - 4.209e+03 1 0))
|        ( WDBNDRY_B 0 1.961e+03 1.425e+02 1.165e+02
|            ( - 7.497e+02 1 0)
|            ( - 1.068e+03 1 0)))
|    ( WDBNDRY_B 0 1.040e+04 2.768e+02 5.642e+02
|        ( QUESTION7 -1 4.933e+03 2.361e+02 2.705e+02
|            ( - 9.439e+02 1 0)
|            ( QUESTION0 -1 3.753e+03 1.932e+02 2.123e+02
|                ( - 2.516e+03 1 0)
|                ( - 1.043e+03 1 0)))
|        ( - 5.189e+03 1 0)))
s>    ( QUESTION2_6_L -1 1.823e+04 4.073e+02 9.725e+02
s>        ( QUESTION0 -1 7.426e+03 2.618e+02 4.083e+02
s>            ( WDBNDRY_B 0 5.204e+03 1.800e+02 2.918e+02
s>                ( - 8.149e+02 1 0)
s>                ( - 4.209e+03 1 0))
s>            ( WDBNDRY_B 0 1.961e+03 1.425e+02 1.165e+02
s>                ( - 7.497e+02 1 0)
s>                ( - 1.068e+03 1 0)))
s>        ( WDBNDRY_B 0 1.040e+04 2.768e+02 5.642e+02
s>            ( QUESTION7 -1 4.933e+03 2.361e+02 2.705e+02
s>                ( - 9.439e+02 1 0)
s>                ( QUESTION0 -1 3.753e+03 1.932e+02 2.123e+02
s>                    ( - 2.516e+03 1 0)
s>                    ( - 1.043e+03 1 0)))
s>            ( - 5.189e+03 1 0)))INFO: dtree.c(1315): Comp split 5
INFO: dtree.c(1478): Final simple tree
|( QUESTION0_2_R 1 2.706e+04 6.795e+02 1.374e+03
|    ( QUESTION1 1 1.843e+04 4.863e+02 9.587e+02
|        ( QUESTION0_3_R 1 8.363e+03 2.963e+02 4.420e+02
|            ( - 5.121e+03 1 0)
|            ( - 2.946e+03 2 0))
|        ( WDBNDRY_B 0 9.584e+03 4.133e+02 5.167e+02
|            ( - 3.073e+03 3 0 QUESTION0 -1 2.097e+02 1.734e+02)
|            ( - 6.097e+03 1 0)))
|    ( QUESTION0_0_R 1 7.947e+03 4.328e+02 4.157e+02
|        ( QUESTION0 -1 3.695e+03 2.765e+02 1.994e+02
|            ( - 1.970e+03 2 0 WDBNDRY_B 0 1.702e+02 1.080e+02)
|            ( - 1.449e+03 2 0 QUESTION2_0_L -1 1.429e+02 9.145e+01))
|        ( WDBNDRY_E 0 3.819e+03 2.847e+02 2.163e+02
|            ( - 2.387e+03 2 0 QUESTION0_7_R 1 1.769e+02 1.421e+02)
|            ( - 1.147e+03 1 0))))
s>    ( QUESTION0_2_R 1 2.706e+04 6.795e+02 1.374e+03
s>        ( QUESTION1 1 1.843e+04 4.863e+02 9.587e+02
s>            ( QUESTION0_3_R 1 8.363e+03 2.963e+02 4.420e+02
s>                ( - 5.121e+03 1 0)
s>                ( - 2.946e+03 2 0))
s>            ( WDBNDRY_B 0 9.584e+03 4.133e+02 5.167e+02
s>                ( - 3.073e+03 3 0 QUESTION0 -1 2.097e+02 1.734e+02)
s>                ( - 6.097e+03 1 0)))
s>        ( QUESTION0_0_R 1 7.947e+03 4.328e+02 4.157e+02
s>            ( QUESTION0 -1 3.695e+03 2.765e+02 1.994e+02
s>                ( - 1.970e+03 2 0 WDBNDRY_B 0 1.702e+02 1.080e+02)
s>                ( - 1.449e+03 2 0 QUESTION2_0_L -1 1.429e+02 9.145e+01))
s>            ( WDBNDRY_E 0 3.819e+03 2.847e+02 2.163e+02
s>                ( - 2.387e+03 2 0 QUESTION0_7_R 1 1.769e+02 1.421e+02)
s>                ( - 1.147e+03 1 0))))INFO: dtree.c(1478): Final simple tree
|( QUESTION2_1_L -1 1.687e+04 5.077e+02 8.664e+02
|    ( QUESTION0_8_R 1 8.363e+03 2.545e+02 4.439e+02
|        ( QUESTION8 1 3.430e+03 2.011e+02 1.896e+02
|            ( - 2.013e+03 2 0)
|            ( - 1.216e+03 1 0))
|        ( QUESTION6 1 4.678e+03 1.782e+02 2.544e+02
|            ( - 2.813e+03 1 0)
|            ( - 1.687e+03 2 0 QUESTION0_7_R 1 1.291e+02 9.723e+01)))
|    ( QUESTION0_7_R 1 8.004e+03 3.067e+02 4.224e+02
|        ( QUESTION7 1 3.127e+03 1.930e+02 1.768e+02
|            ( - 1.063e+03 1 0)
|            ( - 1.872e+03 2 0 WDBNDRY_E 0 1.217e+02 1.137e+02))
|        ( WDBNDRY_E 0 4.570e+03 2.071e+02 2.456e+02
|            ( - 2.652e+03 2 0 QUESTION6 1 1.631e+02 1.489e+02)
|            ( - 1.710e+03 1 0))))
s>    ( QUESTION2_1_L -1 1.687e+04 5.077e+02 8.664e+02
s>        ( QUESTION0_8_R 1 8.363e+03 2.545e+02 4.439e+02
s>            ( QUESTION8 1 3.430e+03 2.011e+02 1.896e+02
s>                ( - 2.013e+03 2 0)
s>                ( - 1.216e+03 1 0))
s>            ( QUESTION6 1 4.678e+03 1.782e+02 2.544e+02
s>                ( - 2.813e+03 1 0)
s>                ( - 1.687e+03 2 0 QUESTION0_7_R 1 1.291e+02 9.723e+01)))
s>        ( QUESTION0_7_R 1 8.004e+03 3.067e+02 4.224e+02
s>            ( QUESTION7 1 3.127e+03 1.930e+02 1.768e+02
s>                ( - 1.063e+03 1 0)
s>                ( - 1.872e+03 2 0 WDBNDRY_E 0 1.217e+02 1.137e+02))
s>            ( WDBNDRY_E 0 4.570e+03 2.071e+02 2.456e+02
s>                ( - 2.652e+03 2 0 QUESTION6 1 1.631e+02 1.489e+02)
s>                ( - 1.710e+03 1 0))))INFO: dtree.c(1315): Comp split 6
INFO: dtree.c(1478): Final simple tree
|( QUESTION2 -1 2.118e+04 5.135e+02 1.101e+03
|    ( QUESTION0_3_R 1 1.109e+04 3.837e+02 5.841e+02
|        ( - 5.121e+03 1 0)
|        ( WDBNDRY_E 0 5.582e+03 2.483e+02 3.058e+02
|            ( QUESTION0_7_R 1 2.387e+03 1.769e+02 1.421e+02
|                ( - 1.394e+03 1 0)
|                ( - 8.162e+02 1 0))
|            ( - 2.946e+03 2 0)))
|    ( WDBNDRY_B 0 9.584e+03 4.133e+02 5.167e+02
|        ( QUESTION0 -1 3.073e+03 2.097e+02 1.734e+02
|            ( - 1.413e+03 1 0)
|            ( QUESTION16 -1 1.451e+03 1.625e+02 8.804e+01
|                ( - 5.491e+02 1 0)
|                ( - 7.390e+02 1 0)))
|        ( - 6.097e+03 1 0)))
s>    ( QUESTION2 -1 2.118e+04 5.135e+02 1.101e+03
s>        ( QUESTION0_3_R 1 1.109e+04 3.837e+02 5.841e+02
s>            ( - 5.121e+03 1 0)
s>            ( WDBNDRY_E 0 5.582e+03 2.483e+02 3.058e+02
s>                ( QUESTION0_7_R 1 2.387e+03 1.769e+02 1.421e+02
s>                    ( - 1.394e+03 1 0)
s>                    ( - 8.162e+02 1 0))
s>                ( - 2.946e+03 2 0)))
s>        ( WDBNDRY_B 0 9.584e+03 4.133e+02 5.167e+02
s>            ( QUESTION0 -1 3.073e+03 2.097e+02 1.734e+02
s>                ( - 1.413e+03 1 0)
s>                ( QUESTION16 -1 1.451e+03 1.625e+02 8.804e+01
s>                    ( - 5.491e+02 1 0)
s>                    ( - 7.390e+02 1 0)))
s>            ( - 6.097e+03 1 0)))INFO: dtree.c(1439): stop. leaf nodes are specific
INFO: dtree.c(1478): Final simple tree
|( QUESTION3 -1 5.162e+03 3.242e+02 2.736e+02
|    ( - 1.601e+03 1 0)
|    ( QUESTION0 -1 3.237e+03 2.898e+02 1.795e+02
|        ( WDBNDRY_B 0 1.499e+03 1.525e+02 8.810e+01
|            ( - 1.990e+02 1 0)
|            ( - 1.147e+03 1 0))
|        ( QUESTION2_0_L -1 1.449e+03 1.429e+02 9.145e+01
|            ( - 5.727e+02 1 0)
|            ( - 7.331e+02 1 0))))
s>    ( QUESTION3 -1 5.162e+03 3.242e+02 2.736e+02
s>        ( - 1.601e+03 1 0)
s>        ( QUESTION0 -1 3.237e+03 2.898e+02 1.795e+02
s>            ( WDBNDRY_B 0 1.499e+03 1.525e+02 8.810e+01
s>                ( - 1.990e+02 1 0)
s>                ( - 1.147e+03 1 0))
s>            ( QUESTION2_0_L -1 1.449e+03 1.429e+02 9.145e+01
s>                ( - 5.727e+02 1 0)
s>                ( - 7.331e+02 1 0))))INFO: dtree.c(1315): Comp split 7
INFO: dtree.c(1439): stop. leaf nodes are specific
INFO: dtree.c(1478): Final simple tree
|( WDBNDRY_B 0 9.584e+03 4.133e+02 5.167e+02
|    ( QUESTION0 -1 3.073e+03 2.097e+02 1.734e+02
|        ( - 1.413e+03 1 0)
|        ( QUESTION16 -1 1.451e+03 1.625e+02 8.804e+01
|            ( - 5.491e+02 1 0)
|            ( - 7.390e+02 1 0)))
|    ( - 6.097e+03 1 0))
s>    ( WDBNDRY_B 0 9.584e+03 4.133e+02 5.167e+02
s>        ( QUESTION0 -1 3.073e+03 2.097e+02 1.734e+02
s>            ( - 1.413e+03 1 0)
s>            ( QUESTION16 -1 1.451e+03 1.625e+02 8.804e+01
s>                ( - 5.491e+02 1 0)
s>                ( - 7.390e+02 1 0)))
s>        ( - 6.097e+03 1 0))INFO: dtree.c(1439): stop. leaf nodes are specific
INFO: dtree.c(1478): Final simple tree
|( QUESTION0_3_R 1 1.109e+04 3.837e+02 5.841e+02
|    ( - 5.121e+03 1 0)
|    ( WDBNDRY_E 0 5.582e+03 2.483e+02 3.058e+02
|        ( QUESTION0_7_R 1 2.387e+03 1.769e+02 1.421e+02
|            ( - 1.394e+03 1 0)
|            ( - 8.162e+02 1 0))
|        ( - 2.946e+03 2 0)))
s>    ( QUESTION0_3_R 1 1.109e+04 3.837e+02 5.841e+02
s>        ( - 5.121e+03 1 0)
s>        ( WDBNDRY_E 0 5.582e+03 2.483e+02 3.058e+02
s>            ( QUESTION0_7_R 1 2.387e+03 1.769e+02 1.421e+02
s>                ( - 1.394e+03 1 0)
s>                ( - 8.162e+02 1 0))
s>            ( - 2.946e+03 2 0)))INFO: dtree.c(1315): Comp split 8
INFO: dtree.c(1439): stop. leaf nodes are specific
INFO: dtree.c(1478): Final simple tree
|( QUESTION0_7_R 1 8.004e+03 3.067e+02 4.224e+02
|    ( QUESTION7 1 3.127e+03 1.930e+02 1.768e+02
|        ( - 1.063e+03 1 0)
|        ( WDBNDRY_E 0 1.872e+03 1.217e+02 1.137e+02
|            ( - 1.251e+03 1 0)
|            ( - 4.987e+02 1 0)))
|    ( WDBNDRY_E 0 4.570e+03 2.071e+02 2.456e+02
|        ( QUESTION6 1 2.652e+03 1.631e+02 1.489e+02
|            ( - 1.245e+03 1 0)
|            ( - 1.244e+03 1 0))
|        ( - 1.710e+03 1 0)))
s>    ( QUESTION0_7_R 1 8.004e+03 3.067e+02 4.224e+02
s>        ( QUESTION7 1 3.127e+03 1.930e+02 1.768e+02
s>            ( - 1.063e+03 1 0)
s>            ( WDBNDRY_E 0 1.872e+03 1.217e+02 1.137e+02
s>                ( - 1.251e+03 1 0)
s>                ( - 4.987e+02 1 0)))
s>        ( WDBNDRY_E 0 4.570e+03 2.071e+02 2.456e+02
s>            ( QUESTION6 1 2.652e+03 1.631e+02 1.489e+02
s>                ( - 1.245e+03 1 0)
s>                ( - 1.244e+03 1 0))
s>            ( - 1.710e+03 1 0)))INFO: dtree.c(1439): stop. leaf nodes are specific
INFO: dtree.c(1478): Final simple tree
|( QUESTION0_8_R 1 8.363e+03 2.545e+02 4.439e+02
|    ( QUESTION8 1 3.430e+03 2.011e+02 1.896e+02
|        ( - 2.013e+03 2 0)
|        ( - 1.216e+03 1 0))
|    ( QUESTION6 1 4.678e+03 1.782e+02 2.544e+02
|        ( - 2.813e+03 1 0)
|        ( QUESTION0_7_R 1 1.687e+03 1.291e+02 9.723e+01
|            ( - 5.032e+02 1 0)
|            ( - 1.055e+03 1 0))))
s>    ( QUESTION0_8_R 1 8.363e+03 2.545e+02 4.439e+02
s>        ( QUESTION8 1 3.430e+03 2.011e+02 1.896e+02
s>            ( - 2.013e+03 2 0)
s>            ( - 1.216e+03 1 0))
s>        ( QUESTION6 1 4.678e+03 1.782e+02 2.544e+02
s>            ( - 2.813e+03 1 0)
s>            ( QUESTION0_7_R 1 1.687e+03 1.291e+02 9.723e+01
s>                ( - 5.032e+02 1 0)
s>                ( - 1.055e+03 1 0))))INFO: dtree.c(1315): Comp split 9
INFO: dtree.c(1315): Comp split 10
INFO: dtree.c(1478): Final simple tree
|( WDBNDRY_B 0 1.851e+04 3.632e+02 9.296e+02
|    ( QUESTION15 -1 1.122e+04 3.080e+02 5.707e+02
|        ( QUESTION0_3_R 1 3.286e+03 2.316e+02 1.734e+02
|            ( - 1.579e+03 2 0)
|            ( - 1.475e+03 1 0))
|        ( QUESTION0 -1 7.627e+03 2.135e+02 3.972e+02
|            ( - 2.505e+03 2 0 QUESTION2_0_L -1 1.371e+02 1.387e+02)
|            ( QUESTION0_3_R 1 4.908e+03 1.806e+02 2.585e+02
|                ( - 1.906e+03 1 0)
|                ( - 2.821e+03 2 0 QUESTION7 -1 1.661e+02 1.518e+02))))
|    ( QUESTION2_1_L -1 6.928e+03 2.824e+02 3.590e+02
|        ( - 2.308e+03 1 0)
|        ( QUESTION0 -1 4.338e+03 2.185e+02 2.286e+02
|            ( - 2.231e+03 2 0 QUESTION0_3_R 1 1.664e+02 1.222e+02)
|            ( - 1.888e+03 1 0))))
s>    ( WDBNDRY_B 0 1.851e+04 3.632e+02 9.296e+02
s>        ( QUESTION15 -1 1.122e+04 3.080e+02 5.707e+02
s>            ( QUESTION0_3_R 1 3.286e+03 2.316e+02 1.734e+02
s>                ( - 1.579e+03 2 0)
s>                ( - 1.475e+03 1 0))
s>            ( QUESTION0 -1 7.627e+03 2.135e+02 3.972e+02
s>                ( - 2.505e+03 2 0 QUESTION2_0_L -1 1.371e+02 1.387e+02)
s>                ( QUESTION0_3_R 1 4.908e+03 1.806e+02 2.585e+02
s>                    ( - 1.906e+03 1 0)
s>                    ( - 2.821e+03 2 0 QUESTION7 -1 1.661e+02 1.518e+02))))
s>        ( QUESTION2_1_L -1 6.928e+03 2.824e+02 3.590e+02
s>            ( - 2.308e+03 1 0)
s>            ( QUESTION0 -1 4.338e+03 2.185e+02 2.286e+02
s>                ( - 2.231e+03 2 0 QUESTION0_3_R 1 1.664e+02 1.222e+02)
s>                ( - 1.888e+03 1 0))))INFO: dtree.c(1315): Comp split 11
INFO: dtree.c(1439): stop. leaf nodes are specific
INFO: dtree.c(1478): Final simple tree
|( WDBNDRY_B 0 9.174e+03 2.419e+02 4.889e+02
|    ( - 6.268e+03 1 0)
|    ( - 2.663e+03 1 0))
s>    ( WDBNDRY_B 0 9.174e+03 2.419e+02 4.889e+02
s>        ( - 6.268e+03 1 0)
s>        ( - 2.663e+03 1 0))INFO: dtree.c(1315): Comp split 12
INFO: dtree.c(1439): stop. leaf nodes are specific
INFO: dtree.c(1478): Final simple tree
|( QUESTION0 -1 3.073e+03 2.097e+02 1.734e+02
|    ( - 1.413e+03 1 0)
|    ( QUESTION16 -1 1.451e+03 1.625e+02 8.804e+01
|        ( - 5.491e+02 1 0)
|        ( - 7.390e+02 1 0)))
s>    ( QUESTION0 -1 3.073e+03 2.097e+02 1.734e+02
s>        ( - 1.413e+03 1 0)
s>        ( QUESTION16 -1 1.451e+03 1.625e+02 8.804e+01
s>            ( - 5.491e+02 1 0)
s>            ( - 7.390e+02 1 0)))INFO: dtree.c(1315): Comp split 13
INFO: dtree.c(1439): stop. leaf nodes are specific
INFO: dtree.c(1478): Final simple tree
|( QUESTION0 -1 8.731e+03 3.078e+02 4.758e+02
|    ( WDBNDRY_B 0 5.204e+03 1.800e+02 2.918e+02
|        ( - 8.149e+02 1 0)
|        ( - 4.209e+03 1 0))
|    ( QUESTION6 -1 3.220e+03 2.158e+02 1.839e+02
|        ( - 1.043e+03 1 0)
|        ( WDBNDRY_B 0 1.961e+03 1.425e+02 1.165e+02
|            ( - 7.497e+02 1 0)
|            ( - 1.068e+03 1 0))))
s>    ( QUESTION0 -1 8.731e+03 3.078e+02 4.758e+02
s>        ( WDBNDRY_B 0 5.204e+03 1.800e+02 2.918e+02
s>            ( - 8.149e+02 1 0)
s>            ( - 4.209e+03 1 0))
s>        ( QUESTION6 -1 3.220e+03 2.158e+02 1.839e+02
s>            ( - 1.043e+03 1 0)
s>            ( WDBNDRY_B 0 1.961e+03 1.425e+02 1.165e+02
s>                ( - 7.497e+02 1 0)
s>                ( - 1.068e+03 1 0))))INFO: dtree.c(1439): stop. leaf nodes are specific
INFO: dtree.c(1478): Final simple tree
|( WDBNDRY_B 0 9.094e+03 2.295e+02 4.967e+02
|    ( QUESTION0 -1 3.675e+03 2.144e+02 2.030e+02
|        ( - 2.516e+03 1 0)
|        ( - 9.439e+02 1 0))
|    ( - 5.189e+03 1 0))
s>    ( WDBNDRY_B 0 9.094e+03 2.295e+02 4.967e+02
s>        ( QUESTION0 -1 3.675e+03 2.144e+02 2.030e+02
s>            ( - 2.516e+03 1 0)
s>            ( - 9.439e+02 1 0))
s>        ( - 5.189e+03 1 0))INFO: dtree.c(1315): Comp split 14
INFO: dtree.c(1439): stop. leaf nodes are specific
INFO: dtree.c(1478): Final simple tree
|( WDBNDRY_E 0 5.582e+03 2.483e+02 3.058e+02
|    ( QUESTION0_7_R 1 2.387e+03 1.769e+02 1.421e+02
|        ( - 1.394e+03 1 0)
|        ( - 8.162e+02 1 0))
|    ( - 2.946e+03 2 0))
s>    ( WDBNDRY_E 0 5.582e+03 2.483e+02 3.058e+02
s>        ( QUESTION0_7_R 1 2.387e+03 1.769e+02 1.421e+02
s>            ( - 1.394e+03 1 0)
s>            ( - 8.162e+02 1 0))
s>        ( - 2.946e+03 2 0))INFO: dtree.c(1315): Comp split 15
INFO: dtree.c(1439): stop. leaf nodes are specific
INFO: dtree.c(1478): Final simple tree
|( QUESTION15 -1 1.122e+04 3.080e+02 5.707e+02
|    ( QUESTION0_3_R 1 3.286e+03 2.316e+02 1.734e+02
|        ( - 1.579e+03 2 0)
|        ( - 1.475e+03 1 0))
|    ( QUESTION0 -1 7.627e+03 2.135e+02 3.972e+02
|        ( QUESTION2_0_L -1 2.505e+03 1.371e+02 1.387e+02
|            ( - 1.157e+03 1 0)
|            ( - 1.211e+03 1 0))
|        ( QUESTION0_3_R 1 4.908e+03 1.806e+02 2.585e+02
|            ( - 1.906e+03 1 0)
|            ( QUESTION7 -1 2.821e+03 1.661e+02 1.518e+02
|                ( - 6.152e+02 1 0)
|                ( - 2.040e+03 1 0)))))
s>    ( QUESTION15 -1 1.122e+04 3.080e+02 5.707e+02
s>        ( QUESTION0_3_R 1 3.286e+03 2.316e+02 1.734e+02
s>            ( - 1.579e+03 2 0)
s>            ( - 1.475e+03 1 0))
s>        ( QUESTION0 -1 7.627e+03 2.135e+02 3.972e+02
s>            ( QUESTION2_0_L -1 2.505e+03 1.371e+02 1.387e+02
s>                ( - 1.157e+03 1 0)
s>                ( - 1.211e+03 1 0))
s>            ( QUESTION0_3_R 1 4.908e+03 1.806e+02 2.585e+02
s>                ( - 1.906e+03 1 0)
s>                ( QUESTION7 -1 2.821e+03 1.661e+02 1.518e+02
s>                    ( - 6.152e+02 1 0)
s>                    ( - 2.040e+03 1 0)))))INFO: dtree.c(1439): stop. leaf nodes are specific
INFO: dtree.c(1478): Final simple tree
|( QUESTION2_1_L -1 6.928e+03 2.824e+02 3.590e+02
|    ( - 2.308e+03 1 0)
|    ( QUESTION0 -1 4.338e+03 2.185e+02 2.286e+02
|        ( QUESTION0_3_R 1 2.231e+03 1.664e+02 1.222e+02
|            ( - 1.496e+03 1 0)
|            ( - 5.688e+02 1 0))
|        ( - 1.888e+03 1 0)))
s>    ( QUESTION2_1_L -1 6.928e+03 2.824e+02 3.590e+02
s>        ( - 2.308e+03 1 0)
s>        ( QUESTION0 -1 4.338e+03 2.185e+02 2.286e+02
s>            ( QUESTION0_3_R 1 2.231e+03 1.664e+02 1.222e+02
s>                ( - 1.496e+03 1 0)
s>                ( - 5.688e+02 1 0))
s>            ( - 1.888e+03 1 0)))INFO: dtree.c(1315): Comp split 16
INFO: dtree.c(1439): stop. leaf nodes are specific
INFO: dtree.c(1478): Final simple tree
|( WDBNDRY_B 0 1.499e+03 1.525e+02 8.810e+01
|    ( - 1.990e+02 1 0)
|    ( - 1.147e+03 1 0))
s>    ( WDBNDRY_B 0 1.499e+03 1.525e+02 8.810e+01
s>        ( - 1.990e+02 1 0)
s>        ( - 1.147e+03 1 0))INFO: dtree.c(1439): stop. leaf nodes are specific
INFO: dtree.c(1478): Final simple tree
|( WDBNDRY_B 0 3.304e+03 2.550e+02 1.855e+02
|    ( QUESTION2_0_L -1 1.449e+03 1.429e+02 9.145e+01
|        ( - 5.727e+02 1 0)
|        ( - 7.331e+02 1 0))
|    ( - 1.601e+03 1 0))
s>    ( WDBNDRY_B 0 3.304e+03 2.550e+02 1.855e+02
s>        ( QUESTION2_0_L -1 1.449e+03 1.429e+02 9.145e+01
s>            ( - 5.727e+02 1 0)
s>            ( - 7.331e+02 1 0))
s>        ( - 1.601e+03 1 0))INFO: dtree.c(1315): Comp split 17
INFO: dtree.c(1439): stop. leaf nodes are specific
INFO: dtree.c(1478): Final simple tree
|( WDBNDRY_E 0 1.872e+03 1.217e+02 1.137e+02
|    ( - 1.251e+03 1 0)
|    ( - 4.987e+02 1 0))
s>    ( WDBNDRY_E 0 1.872e+03 1.217e+02 1.137e+02
s>        ( - 1.251e+03 1 0)
s>        ( - 4.987e+02 1 0))INFO: dtree.c(1439): stop. leaf nodes are specific
INFO: dtree.c(1478): Final simple tree
|( WDBNDRY_E 0 5.806e+03 2.153e+02 3.088e+02
|    ( QUESTION6 1 3.880e+03 1.689e+02 2.121e+02
|        ( QUESTION0_7_R 1 2.468e+03 1.592e+02 1.392e+02
|            ( - 1.063e+03 1 0)
|            ( - 1.245e+03 1 0))
|        ( - 1.244e+03 1 0))
|    ( - 1.710e+03 1 0))
s>    ( WDBNDRY_E 0 5.806e+03 2.153e+02 3.088e+02
s>        ( QUESTION6 1 3.880e+03 1.689e+02 2.121e+02
s>            ( QUESTION0_7_R 1 2.468e+03 1.592e+02 1.392e+02
s>                ( - 1.063e+03 1 0)
s>                ( - 1.245e+03 1 0))
s>            ( - 1.244e+03 1 0))
s>        ( - 1.710e+03 1 0))INFO: dtree.c(1315): Comp split 18
INFO: dtree.c(1439): stop. leaf nodes are specific
INFO: dtree.c(1478): Final simple tree
|( QUESTION0_3_R 1 4.070e+03 2.303e+02 2.125e+02
|    ( - 1.579e+03 2 0)
|    ( QUESTION6 -1 2.261e+03 1.706e+02 1.242e+02
|        ( - 6.152e+02 1 0)
|        ( - 1.475e+03 1 0)))
s>    ( QUESTION0_3_R 1 4.070e+03 2.303e+02 2.125e+02
s>        ( - 1.579e+03 2 0)
s>        ( QUESTION6 -1 2.261e+03 1.706e+02 1.242e+02
s>            ( - 6.152e+02 1 0)
s>            ( - 1.475e+03 1 0)))INFO: dtree.c(1439): stop. leaf nodes are specific
INFO: dtree.c(1478): Final simple tree
|( QUESTION0 -1 6.840e+03 2.065e+02 3.581e+02
|    ( QUESTION2_0_L -1 2.505e+03 1.371e+02 1.387e+02
|        ( - 1.157e+03 1 0)
|        ( - 1.211e+03 1 0))
|    ( QUESTION0_3_R 1 4.129e+03 1.824e+02 2.194e+02
|        ( - 1.906e+03 1 0)
|        ( - 2.040e+03 1 0)))
s>    ( QUESTION0 -1 6.840e+03 2.065e+02 3.581e+02
s>        ( QUESTION2_0_L -1 2.505e+03 1.371e+02 1.387e+02
s>            ( - 1.157e+03 1 0)
s>            ( - 1.211e+03 1 0))
s>        ( QUESTION0_3_R 1 4.129e+03 1.824e+02 2.194e+02
s>            ( - 1.906e+03 1 0)
s>            ( - 2.040e+03 1 0)))INFO: dtree.c(1315): Comp split 19
INFO: dtree.c(1439): stop. leaf nodes are specific
INFO: dtree.c(1478): Final simple tree
|( QUESTION6 -1 3.220e+03 2.158e+02 1.839e+02
|    ( - 1.043e+03 1 0)
|    ( WDBNDRY_B 0 1.961e+03 1.425e+02 1.165e+02
|        ( - 7.497e+02 1 0)
|        ( - 1.068e+03 1 0)))
s>    ( QUESTION6 -1 3.220e+03 2.158e+02 1.839e+02
s>        ( - 1.043e+03 1 0)
s>        ( WDBNDRY_B 0 1.961e+03 1.425e+02 1.165e+02
s>            ( - 7.497e+02 1 0)
s>            ( - 1.068e+03 1 0)))INFO: dtree.c(1439): stop. leaf nodes are specific
INFO: dtree.c(1478): Final simple tree
|( WDBNDRY_B 0 5.204e+03 1.800e+02 2.918e+02
|    ( - 8.149e+02 1 0)
|    ( - 4.209e+03 1 0))
s>    ( WDBNDRY_B 0 5.204e+03 1.800e+02 2.918e+02
s>        ( - 8.149e+02 1 0)
s>        ( - 4.209e+03 1 0))INFO: dtree.c(1315): Comp split 20
INFO: dtree.c(1439): stop. leaf nodes are specific
INFO: dtree.c(1478): Final simple tree
|( QUESTION0 -1 4.338e+03 2.185e+02 2.286e+02
|    ( QUESTION0_3_R 1 2.231e+03 1.664e+02 1.222e+02
|        ( - 1.496e+03 1 0)
|        ( - 5.688e+02 1 0))
|    ( - 1.888e+03 1 0))
s>    ( QUESTION0 -1 4.338e+03 2.185e+02 2.286e+02
s>        ( QUESTION0_3_R 1 2.231e+03 1.664e+02 1.222e+02
s>            ( - 1.496e+03 1 0)
s>            ( - 5.688e+02 1 0))
s>        ( - 1.888e+03 1 0))INFO: dtree.c(1315): Comp split 21
INFO: dtree.c(1439): stop. leaf nodes are specific
INFO: dtree.c(1478): Final simple tree
|( QUESTION2_0_L -1 1.449e+03 1.429e+02 9.145e+01
|    ( - 5.727e+02 1 0)
|    ( - 7.331e+02 1 0))
s>    ( QUESTION2_0_L -1 1.449e+03 1.429e+02 9.145e+01
s>        ( - 5.727e+02 1 0)
s>        ( - 7.331e+02 1 0))INFO: dtree.c(1315): Comp split 22
INFO: dtree.c(1439): stop. leaf nodes are specific
INFO: dtree.c(1478): Final simple tree
|( QUESTION6 1 4.678e+03 1.782e+02 2.544e+02
|    ( - 2.813e+03 1 0)
|    ( QUESTION0_7_R 1 1.687e+03 1.291e+02 9.723e+01
|        ( - 5.032e+02 1 0)
|        ( - 1.055e+03 1 0)))
s>    ( QUESTION6 1 4.678e+03 1.782e+02 2.544e+02
s>        ( - 2.813e+03 1 0)
s>        ( QUESTION0_7_R 1 1.687e+03 1.291e+02 9.723e+01
s>            ( - 5.032e+02 1 0)
s>            ( - 1.055e+03 1 0)))INFO: dtree.c(1439): stop. leaf nodes are specific
INFO: dtree.c(1478): Final simple tree
|( QUESTION8 1 3.430e+03 2.011e+02 1.896e+02
|    ( - 2.013e+03 2 0)
|    ( - 1.216e+03 1 0))
s>    ( QUESTION8 1 3.430e+03 2.011e+02 1.896e+02
s>        ( - 2.013e+03 2 0)
s>        ( - 1.216e+03 1 0))INFO: dtree.c(1315): Comp split 23
INFO: dtree.c(1439): stop. leaf nodes are specific
INFO: dtree.c(1478): Final simple tree
|( QUESTION0_7_R 1 2.387e+03 1.769e+02 1.421e+02
|    ( - 1.394e+03 1 0)
|    ( - 8.162e+02 1 0))
s>    ( QUESTION0_7_R 1 2.387e+03 1.769e+02 1.421e+02
s>        ( - 1.394e+03 1 0)
s>        ( - 8.162e+02 1 0))INFO: dtree.c(1315): Comp split 24
INFO: dtree.c(1315): Comp split 25
INFO: dtree.c(1439): stop. leaf nodes are specific
INFO: dtree.c(1478): Final simple tree
|( WDBNDRY_B 0 6.339e+03 2.061e+02 3.518e+02
|    ( - 9.439e+02 1 0)
|    ( - 5.189e+03 1 0))
s>    ( WDBNDRY_B 0 6.339e+03 2.061e+02 3.518e+02
s>        ( - 9.439e+02 1 0)
s>        ( - 5.189e+03 1 0))INFO: dtree.c(1315): Comp split 26
INFO: dtree.c(1439): stop. leaf nodes are specific
INFO: dtree.c(1478): Final simple tree
|( QUESTION6 -1 2.261e+03 1.706e+02 1.242e+02
|    ( - 6.152e+02 1 0)
|    ( - 1.475e+03 1 0))
s>    ( QUESTION6 -1 2.261e+03 1.706e+02 1.242e+02
s>        ( - 6.152e+02 1 0)
s>        ( - 1.475e+03 1 0))INFO: dtree.c(1315): Comp split 27
INFO: dtree.c(1439): stop. leaf nodes are specific
INFO: dtree.c(1478): Final simple tree
|( QUESTION0_3_R 1 2.231e+03 1.664e+02 1.222e+02
|    ( - 1.496e+03 1 0)
|    ( - 5.688e+02 1 0))
s>    ( QUESTION0_3_R 1 2.231e+03 1.664e+02 1.222e+02
s>        ( - 1.496e+03 1 0)
s>        ( - 5.688e+02 1 0))INFO: dtree.c(1315): Comp split 28
INFO: dtree.c(1439): stop. leaf nodes are specific
INFO: dtree.c(1478): Final simple tree
|( WDBNDRY_B 0 1.961e+03 1.425e+02 1.165e+02
|    ( - 7.497e+02 1 0)
|    ( - 1.068e+03 1 0))
s>    ( WDBNDRY_B 0 1.961e+03 1.425e+02 1.165e+02
s>        ( - 7.497e+02 1 0)
s>        ( - 1.068e+03 1 0))INFO: dtree.c(1315): Comp split 29
INFO: dtree.c(1439): stop. leaf nodes are specific
INFO: dtree.c(1478): Final simple tree
|( QUESTION6 1 3.880e+03 1.689e+02 2.121e+02
|    ( QUESTION0_7_R 1 2.468e+03 1.592e+02 1.392e+02
|        ( - 1.063e+03 1 0)
|        ( - 1.245e+03 1 0))
|    ( - 1.244e+03 1 0))
s>    ( QUESTION6 1 3.880e+03 1.689e+02 2.121e+02
s>        ( QUESTION0_7_R 1 2.468e+03 1.592e+02 1.392e+02
s>            ( - 1.063e+03 1 0)
s>            ( - 1.245e+03 1 0))
s>        ( - 1.244e+03 1 0))INFO: dtree.c(1315): Comp split 30
INFO: dtree.c(1439): stop. leaf nodes are specific
INFO: dtree.c(1478): Final simple tree
|( QUESTION0_3_R 1 4.725e+03 1.792e+02 2.514e+02
|    ( QUESTION2_0_L -1 2.505e+03 1.371e+02 1.387e+02
|        ( - 1.157e+03 1 0)
|        ( - 1.211e+03 1 0))
|    ( - 2.040e+03 1 0))
s>    ( QUESTION0_3_R 1 4.725e+03 1.792e+02 2.514e+02
s>        ( QUESTION2_0_L -1 2.505e+03 1.371e+02 1.387e+02
s>            ( - 1.157e+03 1 0)
s>            ( - 1.211e+03 1 0))
s>        ( - 2.040e+03 1 0))INFO: dtree.c(1315): Comp split 31
INFO: dtree.c(1439): stop. leaf nodes are specific
INFO: dtree.c(1478): Final simple tree
|( QUESTION16 -1 1.451e+03 1.625e+02 8.804e+01
|    ( - 5.491e+02 1 0)
|    ( - 7.390e+02 1 0))
s>    ( QUESTION16 -1 1.451e+03 1.625e+02 8.804e+01
s>        ( - 5.491e+02 1 0)
s>        ( - 7.390e+02 1 0))INFO: dtree.c(1315): Comp split 32
INFO: dtree.c(1315): Comp split 33
INFO: dtree.c(1315): Comp split 34
INFO: dtree.c(1315): Comp split 35
INFO: dtree.c(1439): stop. leaf nodes are specific
INFO: dtree.c(1478): Final simple tree
|( QUESTION2_0_L -1 2.505e+03 1.371e+02 1.387e+02
|    ( - 1.157e+03 1 0)
|    ( - 1.211e+03 1 0))
s>    ( QUESTION2_0_L -1 2.505e+03 1.371e+02 1.387e+02
s>        ( - 1.157e+03 1 0)
s>        ( - 1.211e+03 1 0))INFO: dtree.c(1315): Comp split 36
INFO: dtree.c(1439): stop. leaf nodes are specific
INFO: dtree.c(1478): Final simple tree
|( QUESTION0_7_R 1 1.687e+03 1.291e+02 9.723e+01
|    ( - 5.032e+02 1 0)
|    ( - 1.055e+03 1 0))
s>    ( QUESTION0_7_R 1 1.687e+03 1.291e+02 9.723e+01
s>        ( - 5.032e+02 1 0)
s>        ( - 1.055e+03 1 0))INFO: dtree.c(1315): Comp split 37
INFO: dtree.c(1315): Comp split 38
INFO: dtree.c(1315): Comp split 39
INFO: dtree.c(1439): stop. leaf nodes are specific
INFO: dtree.c(1478): Final simple tree
|( QUESTION0_7_R 1 2.468e+03 1.592e+02 1.392e+02
|    ( - 1.063e+03 1 0)
|    ( - 1.245e+03 1 0))
s>    ( QUESTION0_7_R 1 2.468e+03 1.592e+02 1.392e+02
s>        ( - 1.063e+03 1 0)
s>        ( - 1.245e+03 1 0))INFO: dtree.c(1315): Comp split 40
INFO: dtree.c(1315): Comp split 41
INFO: dtree.c(1315): Comp split 42
INFO: dtree.c(1315): Comp split 43
INFO: dtree.c(1315): Comp split 44
INFO: dtree.c(1315): Comp split 45
INFO: dtree.c(1315): Comp split 46
INFO: dtree.c(1315): Comp split 47
INFO: dtree.c(1315): Comp split 48
INFO: dtree.c(1315): Comp split 49
INFO: dtree.c(1318): stop. leaf nodes are specific
Fri Dec  3 07:39:18 2021
