Current configuration:
[NAME]		[DEFLT]	[VALUE]
-allphones	no	no
-cntthresh	0.00001	1.000000e-05
-csplitmax	100	2000
-csplitmin	1	1
-csplitthr	8e-4	0.000000e+00
-example	no	no
-fullvar	no	no
-help		no	no
-meanfn			
-mixwfn			/home/azhar/Tubes_Speech/commandreminder/model_parameters/commandreminder.cd_ptm_untied/mixture_weights
-moddeffn		/home/azhar/Tubes_Speech/commandreminder/model_architecture/commandreminder.untied.mdef
-mwfloor	1e-4	1.000000e-08
-phone			I
-psetfn			/home/azhar/Tubes_Speech/commandreminder/model_architecture/commandreminder.tree_questions
-ssplitmax	5	7
-ssplitmin	1	1
-ssplitthr	8e-4	0.000000e+00
-state			0
-stwt			1.0,0.05,0.0,
-treefn			/home/azhar/Tubes_Speech/commandreminder/trees/commandreminder.unpruned/I-0.dtree
-ts2cbfn	.semi.	.semi.
-varfloor	0.00001	1.000000e-05
-varfn			

INFO: main.c(223): Reading: /home/azhar/Tubes_Speech/commandreminder/model_architecture/commandreminder.untied.mdef
INFO: model_def_io.c(573): Model definition info:
INFO: model_def_io.c(574): 1061 total models defined (31 base, 1030 tri)
INFO: model_def_io.c(575): 4244 total states
INFO: model_def_io.c(576): 3183 total tied states
INFO: model_def_io.c(577): 93 total tied CI states
INFO: model_def_io.c(578): 31 total tied transition matrices
INFO: model_def_io.c(579): 4 max state/model
INFO: model_def_io.c(580): 4 min state/model
INFO: main.c(242): Building trees for [I A N i] through [I Z A i]
INFO: main.c(269): Covering states |[1191 1550]| == 360
INFO: main.c(275): Reading: /home/azhar/Tubes_Speech/commandreminder/model_parameters/commandreminder.cd_ptm_untied/mixture_weights
INFO: s3mixw_io.c(173): Read /home/azhar/Tubes_Speech/commandreminder/model_parameters/commandreminder.cd_ptm_untied/mixture_weights [360x4x64 array]
INFO: main.c(311): 120 of 120 models have observation count greater than 0.000010
INFO: main.c(95): nrm stwt: 0.952 0.048 0.000 
INFO: main.c(411): 120-class entropy: 1.716158e+05
INFO: main.c(549): Reading: /home/azhar/Tubes_Speech/commandreminder/model_architecture/commandreminder.tree_questions
INFO: main.c(588): 174 total simple questions (166 phone; 8 word bndry)
INFO: main.c(590): 40 Left Only questions, and 42 Right Only questions
INFO: dtree.c(1478): Final simple tree
|( QUESTION19 -1 2.188e+05 6.745e+03 1.003e+04
|    ( QUESTION2_0_L -1 6.044e+04 1.091e+03 3.073e+03
|        ( - 2.072e+04 7 0 SILENCE 1 6.015e+02 1.089e+03)
|        ( - 3.864e+04 20 0 QUESTION0_4_R 1 8.633e+02 1.984e+03))
|    ( QUESTION2_0_L -1 1.516e+05 3.349e+03 6.954e+03
|        ( QUESTION2_5_L -1 6.338e+04 1.556e+03 2.920e+03
|            ( - 3.112e+04 17 0 SILENCE 1 6.313e+02 1.501e+03)
|            ( WDBNDRY_B 0 3.070e+04 1.305e+03 1.419e+03
|                ( - 8.759e+03 4 0 QUESTION0_15_R 1 5.538e+02 4.380e+02)
|                ( - 2.063e+04 13 0 QUESTION5 1 4.937e+02 9.809e+02)))
|        ( QUESTION11 -1 8.486e+04 1.706e+03 4.034e+03
|            ( QUESTION13 -1 4.013e+04 1.345e+03 1.929e+03
|                ( - 1.324e+04 7 0 QUESTION0_6_R 1 3.762e+02 6.717e+02)
|                ( - 2.554e+04 15 0 QUESTION12 -1 8.073e+02 1.258e+03))
|            ( - 4.303e+04 37 0 QUESTION0 -1 1.085e+03 2.105e+03))))
s>    ( QUESTION19 -1 2.188e+05 6.745e+03 1.003e+04
s>        ( QUESTION2_0_L -1 6.044e+04 1.091e+03 3.073e+03
s>            ( - 2.072e+04 7 0 SILENCE 1 6.015e+02 1.089e+03)
s>            ( - 3.864e+04 20 0 QUESTION0_4_R 1 8.633e+02 1.984e+03))
s>        ( QUESTION2_0_L -1 1.516e+05 3.349e+03 6.954e+03
s>            ( QUESTION2_5_L -1 6.338e+04 1.556e+03 2.920e+03
s>                ( - 3.112e+04 17 0 SILENCE 1 6.313e+02 1.501e+03)
s>                ( WDBNDRY_B 0 3.070e+04 1.305e+03 1.419e+03
s>                    ( - 8.759e+03 4 0 QUESTION0_15_R 1 5.538e+02 4.380e+02)
s>                    ( - 2.063e+04 13 0 QUESTION5 1 4.937e+02 9.809e+02)))
s>            ( QUESTION11 -1 8.486e+04 1.706e+03 4.034e+03
s>                ( QUESTION13 -1 4.013e+04 1.345e+03 1.929e+03
s>                    ( - 1.324e+04 7 0 QUESTION0_6_R 1 3.762e+02 6.717e+02)
s>                    ( - 2.554e+04 15 0 QUESTION12 -1 8.073e+02 1.258e+03))
s>                ( - 4.303e+04 37 0 QUESTION0 -1 1.085e+03 2.105e+03))))INFO: dtree.c(1315): Comp split 0
INFO: dtree.c(1478): Final simple tree
|( QUESTION2_0_L -1 1.516e+05 3.349e+03 6.954e+03
|    ( QUESTION2_5_L -1 6.338e+04 1.556e+03 2.920e+03
|        ( - 3.112e+04 17 0 SILENCE 1 6.313e+02 1.501e+03)
|        ( WDBNDRY_B 0 3.070e+04 1.305e+03 1.419e+03
|            ( - 8.759e+03 4 0 QUESTION0_15_R 1 5.538e+02 4.380e+02)
|            ( - 2.063e+04 13 0 QUESTION5 1 4.937e+02 9.809e+02)))
|    ( QUESTION11 -1 8.486e+04 1.706e+03 4.034e+03
|        ( QUESTION13 -1 4.013e+04 1.345e+03 1.929e+03
|            ( - 1.324e+04 7 0 QUESTION0_6_R 1 3.762e+02 6.717e+02)
|            ( - 2.554e+04 15 0 QUESTION12 -1 8.073e+02 1.258e+03))
|        ( QUESTION0 -1 4.303e+04 1.085e+03 2.105e+03
|            ( - 6.223e+03 3 0 QUESTION0_17_R 1 7.071e+02 3.022e+02)
|            ( QUESTION2_8_L -1 3.572e+04 9.565e+02 1.803e+03
|                ( - 1.003e+04 7 0 QUESTION0_7_R 1 2.727e+02 5.632e+02)
|                ( - 2.474e+04 27 0 QUESTION8 -1 7.054e+02 1.239e+03)))))
s>    ( QUESTION2_0_L -1 1.516e+05 3.349e+03 6.954e+03
s>        ( QUESTION2_5_L -1 6.338e+04 1.556e+03 2.920e+03
s>            ( - 3.112e+04 17 0 SILENCE 1 6.313e+02 1.501e+03)
s>            ( WDBNDRY_B 0 3.070e+04 1.305e+03 1.419e+03
s>                ( - 8.759e+03 4 0 QUESTION0_15_R 1 5.538e+02 4.380e+02)
s>                ( - 2.063e+04 13 0 QUESTION5 1 4.937e+02 9.809e+02)))
s>        ( QUESTION11 -1 8.486e+04 1.706e+03 4.034e+03
s>            ( QUESTION13 -1 4.013e+04 1.345e+03 1.929e+03
s>                ( - 1.324e+04 7 0 QUESTION0_6_R 1 3.762e+02 6.717e+02)
s>                ( - 2.554e+04 15 0 QUESTION12 -1 8.073e+02 1.258e+03))
s>            ( QUESTION0 -1 4.303e+04 1.085e+03 2.105e+03
s>                ( - 6.223e+03 3 0 QUESTION0_17_R 1 7.071e+02 3.022e+02)
s>                ( QUESTION2_8_L -1 3.572e+04 9.565e+02 1.803e+03
s>                    ( - 1.003e+04 7 0 QUESTION0_7_R 1 2.727e+02 5.632e+02)
s>                    ( - 2.474e+04 27 0 QUESTION8 -1 7.054e+02 1.239e+03)))))INFO: dtree.c(1478): Final simple tree
|( QUESTION2_0_L -1 6.044e+04 1.091e+03 3.073e+03
|    ( SILENCE 1 2.072e+04 6.015e+02 1.089e+03
|        ( - 8.435e+03 1 0)
|        ( WDBNDRY_B 0 1.168e+04 3.737e+02 6.257e+02
|            ( - 1.264e+03 1 0)
|            ( - 1.004e+04 5 0 QUESTION0_7_R 1 2.951e+02 5.552e+02)))
|    ( QUESTION0_4_R 1 3.864e+04 8.633e+02 1.984e+03
|        ( - 4.969e+03 1 0)
|        ( QUESTION0_17_R 1 3.280e+04 6.611e+02 1.697e+03
|            ( - 8.124e+03 2 0 WDBNDRY_E 0 2.882e+02 4.484e+02)
|            ( WDBNDRY_B 0 2.402e+04 6.714e+02 1.248e+03
|                ( - 3.341e+03 2 0)
|                ( WDBNDRY_E 0 2.001e+04 4.276e+02 1.077e+03
|                    ( - 7.373e+03 8 0 QUESTION7 1 2.615e+02 4.100e+02)
|                    ( - 1.221e+04 7 0 QUESTION7 1 3.342e+02 6.666e+02))))))
s>    ( QUESTION2_0_L -1 6.044e+04 1.091e+03 3.073e+03
s>        ( SILENCE 1 2.072e+04 6.015e+02 1.089e+03
s>            ( - 8.435e+03 1 0)
s>            ( WDBNDRY_B 0 1.168e+04 3.737e+02 6.257e+02
s>                ( - 1.264e+03 1 0)
s>                ( - 1.004e+04 5 0 QUESTION0_7_R 1 2.951e+02 5.552e+02)))
s>        ( QUESTION0_4_R 1 3.864e+04 8.633e+02 1.984e+03
s>            ( - 4.969e+03 1 0)
s>            ( QUESTION0_17_R 1 3.280e+04 6.611e+02 1.697e+03
s>                ( - 8.124e+03 2 0 WDBNDRY_E 0 2.882e+02 4.484e+02)
s>                ( WDBNDRY_B 0 2.402e+04 6.714e+02 1.248e+03
s>                    ( - 3.341e+03 2 0)
s>                    ( WDBNDRY_E 0 2.001e+04 4.276e+02 1.077e+03
s>                        ( - 7.373e+03 8 0 QUESTION7 1 2.615e+02 4.100e+02)
s>                        ( - 1.221e+04 7 0 QUESTION7 1 3.342e+02 6.666e+02))))))INFO: dtree.c(1315): Comp split 1
INFO: dtree.c(1478): Final simple tree
|( QUESTION11 -1 7.762e+04 1.772e+03 3.732e+03
|    ( QUESTION13 -1 4.013e+04 1.345e+03 1.929e+03
|        ( - 1.324e+04 7 0 QUESTION0_6_R 1 3.762e+02 6.717e+02)
|        ( QUESTION12 -1 2.554e+04 8.073e+02 1.258e+03
|            ( - 8.453e+03 5 0 QUESTION0_18_R 1 3.953e+02 4.501e+02)
|            ( QUESTION0_18_R 1 1.628e+04 5.646e+02 8.077e+02
|                ( - 6.768e+03 1 0)
|                ( QUESTION0_12_R 1 8.952e+03 4.519e+02 4.420e+02
|                    ( - 6.002e+02 1 0)
|                    ( - 7.900e+03 8 0 QUESTION0_7_R 1 2.515e+02 3.986e+02)))))
|    ( QUESTION2_8_L -1 3.572e+04 9.565e+02 1.803e+03
|        ( - 1.003e+04 7 0 QUESTION0_7_R 1 2.727e+02 5.632e+02)
|        ( QUESTION8 -1 2.474e+04 7.054e+02 1.239e+03
|            ( - 7.092e+03 8 0 QUESTION2_12_L -1 4.038e+02 3.720e+02)
|            ( - 1.694e+04 19 0 QUESTION6 -1 4.435e+02 8.674e+02))))
s>    ( QUESTION11 -1 7.762e+04 1.772e+03 3.732e+03
s>        ( QUESTION13 -1 4.013e+04 1.345e+03 1.929e+03
s>            ( - 1.324e+04 7 0 QUESTION0_6_R 1 3.762e+02 6.717e+02)
s>            ( QUESTION12 -1 2.554e+04 8.073e+02 1.258e+03
s>                ( - 8.453e+03 5 0 QUESTION0_18_R 1 3.953e+02 4.501e+02)
s>                ( QUESTION0_18_R 1 1.628e+04 5.646e+02 8.077e+02
s>                    ( - 6.768e+03 1 0)
s>                    ( QUESTION0_12_R 1 8.952e+03 4.519e+02 4.420e+02
s>                        ( - 6.002e+02 1 0)
s>                        ( - 7.900e+03 8 0 QUESTION0_7_R 1 2.515e+02 3.986e+02)))))
s>        ( QUESTION2_8_L -1 3.572e+04 9.565e+02 1.803e+03
s>            ( - 1.003e+04 7 0 QUESTION0_7_R 1 2.727e+02 5.632e+02)
s>            ( QUESTION8 -1 2.474e+04 7.054e+02 1.239e+03
s>                ( - 7.092e+03 8 0 QUESTION2_12_L -1 4.038e+02 3.720e+02)
s>                ( - 1.694e+04 19 0 QUESTION6 -1 4.435e+02 8.674e+02))))INFO: dtree.c(1478): Final simple tree
|( QUESTION2_5_L -1 7.054e+04 1.631e+03 3.222e+03
|    ( SILENCE 1 3.112e+04 6.313e+02 1.501e+03
|        ( - 5.208e+03 1 0)
|        ( - 2.529e+04 16 0 QUESTION0_9_R 1 4.446e+02 1.237e+03))
|    ( QUESTION1 -1 3.779e+04 1.442e+03 1.721e+03
|        ( QUESTION2_0_L -1 1.082e+04 6.914e+02 5.355e+02
|            ( - 7.238e+03 3 0 QUESTION0_15_R 1 4.070e+02 3.789e+02)
|            ( - 2.895e+03 1 0))
|        ( QUESTION16 1 2.552e+04 7.468e+02 1.186e+03
|            ( - 2.211e+03 1 0)
|            ( WDBNDRY_B 0 2.256e+04 5.812e+02 1.058e+03
|                ( - 2.216e+03 2 0 QUESTION0_15_R 1 2.161e+02 1.138e+02)
|                ( QUESTION0 1 1.976e+04 4.710e+02 9.441e+02
|                    ( - 6.075e+03 2 0 WDBNDRY_E 0 2.541e+02 3.091e+02)
|                    ( - 1.322e+04 11 0 QUESTION0_18_R 1 4.349e+02 6.350e+02))))))
s>    ( QUESTION2_5_L -1 7.054e+04 1.631e+03 3.222e+03
s>        ( SILENCE 1 3.112e+04 6.313e+02 1.501e+03
s>            ( - 5.208e+03 1 0)
s>            ( - 2.529e+04 16 0 QUESTION0_9_R 1 4.446e+02 1.237e+03))
s>        ( QUESTION1 -1 3.779e+04 1.442e+03 1.721e+03
s>            ( QUESTION2_0_L -1 1.082e+04 6.914e+02 5.355e+02
s>                ( - 7.238e+03 3 0 QUESTION0_15_R 1 4.070e+02 3.789e+02)
s>                ( - 2.895e+03 1 0))
s>            ( QUESTION16 1 2.552e+04 7.468e+02 1.186e+03
s>                ( - 2.211e+03 1 0)
s>                ( WDBNDRY_B 0 2.256e+04 5.812e+02 1.058e+03
s>                    ( - 2.216e+03 2 0 QUESTION0_15_R 1 2.161e+02 1.138e+02)
s>                    ( QUESTION0 1 1.976e+04 4.710e+02 9.441e+02
s>                        ( - 6.075e+03 2 0 WDBNDRY_E 0 2.541e+02 3.091e+02)
s>                        ( - 1.322e+04 11 0 QUESTION0_18_R 1 4.349e+02 6.350e+02))))))INFO: dtree.c(1315): Comp split 2
INFO: dtree.c(1439): stop. leaf nodes are specific
INFO: dtree.c(1478): Final simple tree
|( QUESTION2_1_L -1 1.348e+04 6.908e+02 6.493e+02
|    ( WDBNDRY_B 0 6.847e+03 3.416e+02 3.633e+02
|        ( QUESTION1 -1 5.679e+03 1.591e+02 3.086e+02
|            ( - 5.163e+03 1 0)
|            ( - 3.563e+02 1 0))
|        ( - 8.271e+02 1 0))
|    ( WDBNDRY_B 0 5.946e+03 5.246e+02 2.859e+02
|        ( QUESTION1 -1 2.526e+03 2.672e+02 1.294e+02
|            ( - 6.156e+02 1 0)
|            ( - 1.643e+03 1 0))
|        ( - 2.895e+03 1 0)))
s>    ( QUESTION2_1_L -1 1.348e+04 6.908e+02 6.493e+02
s>        ( WDBNDRY_B 0 6.847e+03 3.416e+02 3.633e+02
s>            ( QUESTION1 -1 5.679e+03 1.591e+02 3.086e+02
s>                ( - 5.163e+03 1 0)
s>                ( - 3.563e+02 1 0))
s>            ( - 8.271e+02 1 0))
s>        ( WDBNDRY_B 0 5.946e+03 5.246e+02 2.859e+02
s>            ( QUESTION1 -1 2.526e+03 2.672e+02 1.294e+02
s>                ( - 6.156e+02 1 0)
s>                ( - 1.643e+03 1 0))
s>            ( - 2.895e+03 1 0)))INFO: dtree.c(1478): Final simple tree
|( QUESTION2_1_L -1 5.525e+04 1.420e+03 2.573e+03
|    ( SILENCE 1 3.112e+04 6.313e+02 1.501e+03
|        ( - 5.208e+03 1 0)
|        ( QUESTION0_9_R 1 2.529e+04 4.446e+02 1.237e+03
|            ( - 1.046e+04 1 0)
|            ( WDBNDRY_E 0 1.438e+04 5.060e+02 7.093e+02
|                ( - 1.203e+04 12 0 QUESTION0_17_R 1 3.419e+02 5.983e+02)
|                ( - 1.853e+03 3 0 QUESTION0_7_R 1 2.158e+02 1.110e+02))))
|    ( QUESTION16 1 2.271e+04 7.298e+02 1.072e+03
|        ( - 2.211e+03 1 0)
|        ( QUESTION0 1 1.976e+04 4.710e+02 9.441e+02
|            ( - 6.075e+03 2 0 WDBNDRY_E 0 2.541e+02 3.091e+02)
|            ( QUESTION0_18_R 1 1.322e+04 4.349e+02 6.350e+02
|                ( - 1.180e+03 2 0 QUESTION0_19_R 1 1.542e+02 6.204e+01)
|                ( - 1.160e+04 9 0 WDBNDRY_E 0 3.146e+02 5.729e+02)))))
s>    ( QUESTION2_1_L -1 5.525e+04 1.420e+03 2.573e+03
s>        ( SILENCE 1 3.112e+04 6.313e+02 1.501e+03
s>            ( - 5.208e+03 1 0)
s>            ( QUESTION0_9_R 1 2.529e+04 4.446e+02 1.237e+03
s>                ( - 1.046e+04 1 0)
s>                ( WDBNDRY_E 0 1.438e+04 5.060e+02 7.093e+02
s>                    ( - 1.203e+04 12 0 QUESTION0_17_R 1 3.419e+02 5.983e+02)
s>                    ( - 1.853e+03 3 0 QUESTION0_7_R 1 2.158e+02 1.110e+02))))
s>        ( QUESTION16 1 2.271e+04 7.298e+02 1.072e+03
s>            ( - 2.211e+03 1 0)
s>            ( QUESTION0 1 1.976e+04 4.710e+02 9.441e+02
s>                ( - 6.075e+03 2 0 WDBNDRY_E 0 2.541e+02 3.091e+02)
s>                ( QUESTION0_18_R 1 1.322e+04 4.349e+02 6.350e+02
s>                    ( - 1.180e+03 2 0 QUESTION0_19_R 1 1.542e+02 6.204e+01)
s>                    ( - 1.160e+04 9 0 WDBNDRY_E 0 3.146e+02 5.729e+02)))))INFO: dtree.c(1315): Comp split 3
INFO: dtree.c(1478): Final simple tree
|( QUESTION11 -1 4.243e+04 1.136e+03 2.082e+03
|    ( QUESTION12 -1 2.436e+04 7.494e+02 1.214e+03
|        ( QUESTION0_18_R 1 8.453e+03 3.953e+02 4.501e+02
|            ( - 9.930e+02 1 0)
|            ( - 7.064e+03 4 0 QUESTION0_16_R 1 2.164e+02 3.790e+02))
|        ( QUESTION0_18_R 1 1.515e+04 4.863e+02 7.643e+02
|            ( - 6.768e+03 1 0)
|            ( - 7.900e+03 8 0 QUESTION0_7_R 1 2.515e+02 3.986e+02)))
|    ( QUESTION6 -1 1.694e+04 4.435e+02 8.674e+02
|        ( WDBNDRY_E 0 1.575e+04 3.825e+02 8.204e+02
|            ( - 7.187e+03 8 0 SILENCE 1 2.271e+02 3.841e+02)
|            ( QUESTION0_15_R 1 8.176e+03 2.910e+02 4.362e+02
|                ( - 2.629e+03 3 0 WDBNDRY_B 0 2.011e+02 1.404e+02)
|                ( - 5.256e+03 7 0 QUESTION7 -1 2.190e+02 2.958e+02)))
|        ( - 7.481e+02 1 0)))
s>    ( QUESTION11 -1 4.243e+04 1.136e+03 2.082e+03
s>        ( QUESTION12 -1 2.436e+04 7.494e+02 1.214e+03
s>            ( QUESTION0_18_R 1 8.453e+03 3.953e+02 4.501e+02
s>                ( - 9.930e+02 1 0)
s>                ( - 7.064e+03 4 0 QUESTION0_16_R 1 2.164e+02 3.790e+02))
s>            ( QUESTION0_18_R 1 1.515e+04 4.863e+02 7.643e+02
s>                ( - 6.768e+03 1 0)
s>                ( - 7.900e+03 8 0 QUESTION0_7_R 1 2.515e+02 3.986e+02)))
s>        ( QUESTION6 -1 1.694e+04 4.435e+02 8.674e+02
s>            ( WDBNDRY_E 0 1.575e+04 3.825e+02 8.204e+02
s>                ( - 7.187e+03 8 0 SILENCE 1 2.271e+02 3.841e+02)
s>                ( QUESTION0_15_R 1 8.176e+03 2.910e+02 4.362e+02
s>                    ( - 2.629e+03 3 0 WDBNDRY_B 0 2.011e+02 1.404e+02)
s>                    ( - 5.256e+03 7 0 QUESTION7 -1 2.190e+02 2.958e+02)))
s>            ( - 7.481e+02 1 0)))INFO: dtree.c(1478): Final simple tree
|( QUESTION2_12_L -1 3.339e+04 1.290e+03 1.650e+03
|    ( QUESTION12 -1 1.792e+04 6.460e+02 8.747e+02
|        ( QUESTION0_6_R 1 1.324e+04 3.762e+02 6.717e+02
|            ( QUESTION0_8_R 1 9.361e+03 2.964e+02 4.839e+02
|                ( - 6.796e+03 1 0)
|                ( - 2.269e+03 3 0 QUESTION0_17_R 1 1.574e+02 1.269e+02))
|            ( - 3.501e+03 3 0 SILENCE 1 2.359e+02 1.878e+02))
|        ( QUESTION0_7_R 1 4.037e+03 4.312e+02 2.030e+02
|            ( - 6.002e+02 1 0)
|            ( WDBNDRY_E 0 3.006e+03 2.808e+02 1.597e+02
|                ( - 1.486e+03 2 0 QUESTION0_0_R 1 1.249e+02 8.555e+01)
|                ( - 1.239e+03 2 0 QUESTION0_15_R 1 1.703e+02 7.415e+01))))
|    ( QUESTION6 -1 1.418e+04 4.689e+02 7.755e+02
|        ( - 3.682e+03 4 0 QUESTION2_10_L -1 2.136e+02 2.123e+02)
|        ( - 1.003e+04 7 0 QUESTION0_7_R 1 2.727e+02 5.632e+02)))
s>    ( QUESTION2_12_L -1 3.339e+04 1.290e+03 1.650e+03
s>        ( QUESTION12 -1 1.792e+04 6.460e+02 8.747e+02
s>            ( QUESTION0_6_R 1 1.324e+04 3.762e+02 6.717e+02
s>                ( QUESTION0_8_R 1 9.361e+03 2.964e+02 4.839e+02
s>                    ( - 6.796e+03 1 0)
s>                    ( - 2.269e+03 3 0 QUESTION0_17_R 1 1.574e+02 1.269e+02))
s>                ( - 3.501e+03 3 0 SILENCE 1 2.359e+02 1.878e+02))
s>            ( QUESTION0_7_R 1 4.037e+03 4.312e+02 2.030e+02
s>                ( - 6.002e+02 1 0)
s>                ( WDBNDRY_E 0 3.006e+03 2.808e+02 1.597e+02
s>                    ( - 1.486e+03 2 0 QUESTION0_0_R 1 1.249e+02 8.555e+01)
s>                    ( - 1.239e+03 2 0 QUESTION0_15_R 1 1.703e+02 7.415e+01))))
s>        ( QUESTION6 -1 1.418e+04 4.689e+02 7.755e+02
s>            ( - 3.682e+03 4 0 QUESTION2_10_L -1 2.136e+02 2.123e+02)
s>            ( - 1.003e+04 7 0 QUESTION0_7_R 1 2.727e+02 5.632e+02)))INFO: dtree.c(1315): Comp split 4
INFO: dtree.c(1478): Final simple tree
|( QUESTION16 1 2.271e+04 7.298e+02 1.072e+03
|    ( - 2.211e+03 1 0)
|    ( QUESTION0 1 1.976e+04 4.710e+02 9.441e+02
|        ( WDBNDRY_E 0 6.075e+03 2.541e+02 3.091e+02
|            ( - 2.491e+03 1 0)
|            ( - 3.330e+03 1 0))
|        ( QUESTION0_18_R 1 1.322e+04 4.349e+02 6.350e+02
|            ( - 1.180e+03 2 0 QUESTION0_19_R 1 1.542e+02 6.204e+01)
|            ( WDBNDRY_E 0 1.160e+04 3.146e+02 5.729e+02
|                ( - 2.210e+03 3 0 QUESTION0_16_R 1 1.897e+02 1.173e+02)
|                ( QUESTION6 1 9.079e+03 2.654e+02 4.556e+02
|                    ( QUESTION7 1 4.561e+03 2.000e+02 2.390e+02
|                        ( - 9.808e+02 2 0 QUESTION8 1 9.839e+01 5.836e+01)
|                        ( - 3.381e+03 2 0 QUESTION0_7_R 1 1.103e+02 1.807e+02))
|                    ( - 4.252e+03 2 0 QUESTION0_15_R 1 1.664e+02 2.166e+02))))))
s>    ( QUESTION16 1 2.271e+04 7.298e+02 1.072e+03
s>        ( - 2.211e+03 1 0)
s>        ( QUESTION0 1 1.976e+04 4.710e+02 9.441e+02
s>            ( WDBNDRY_E 0 6.075e+03 2.541e+02 3.091e+02
s>                ( - 2.491e+03 1 0)
s>                ( - 3.330e+03 1 0))
s>            ( QUESTION0_18_R 1 1.322e+04 4.349e+02 6.350e+02
s>                ( - 1.180e+03 2 0 QUESTION0_19_R 1 1.542e+02 6.204e+01)
s>                ( WDBNDRY_E 0 1.160e+04 3.146e+02 5.729e+02
s>                    ( - 2.210e+03 3 0 QUESTION0_16_R 1 1.897e+02 1.173e+02)
s>                    ( QUESTION6 1 9.079e+03 2.654e+02 4.556e+02
s>                        ( QUESTION7 1 4.561e+03 2.000e+02 2.390e+02
s>                            ( - 9.808e+02 2 0 QUESTION8 1 9.839e+01 5.836e+01)
s>                            ( - 3.381e+03 2 0 QUESTION0_7_R 1 1.103e+02 1.807e+02))
s>                        ( - 4.252e+03 2 0 QUESTION0_15_R 1 1.664e+02 2.166e+02))))))INFO: dtree.c(1478): Final simple tree
|( SILENCE 1 3.112e+04 6.313e+02 1.501e+03
|    ( - 5.208e+03 1 0)
|    ( QUESTION0_9_R 1 2.529e+04 4.446e+02 1.237e+03
|        ( - 1.046e+04 1 0)
|        ( WDBNDRY_E 0 1.438e+04 5.060e+02 7.093e+02
|            ( QUESTION0_17_R 1 1.203e+04 3.419e+02 5.983e+02
|                ( - 1.915e+03 1 0)
|                ( QUESTION0_7_R 1 9.768e+03 2.826e+02 4.874e+02
|                    ( - 3.710e+03 5 0 QUESTION8 1 1.812e+02 1.932e+02)
|                    ( QUESTION6 1 5.776e+03 2.274e+02 2.942e+02
|                        ( - 1.821e+03 1 0)
|                        ( - 3.728e+03 5 0 QUESTION4 1 2.114e+02 1.924e+02))))
|            ( QUESTION0_7_R 1 1.853e+03 2.158e+02 1.110e+02
|                ( - 6.975e+02 1 0)
|                ( - 9.400e+02 2 0 QUESTION0_17_R 1 1.014e+02 6.065e+01)))))
s>    ( SILENCE 1 3.112e+04 6.313e+02 1.501e+03
s>        ( - 5.208e+03 1 0)
s>        ( QUESTION0_9_R 1 2.529e+04 4.446e+02 1.237e+03
s>            ( - 1.046e+04 1 0)
s>            ( WDBNDRY_E 0 1.438e+04 5.060e+02 7.093e+02
s>                ( QUESTION0_17_R 1 1.203e+04 3.419e+02 5.983e+02
s>                    ( - 1.915e+03 1 0)
s>                    ( QUESTION0_7_R 1 9.768e+03 2.826e+02 4.874e+02
s>                        ( - 3.710e+03 5 0 QUESTION8 1 1.812e+02 1.932e+02)
s>                        ( QUESTION6 1 5.776e+03 2.274e+02 2.942e+02
s>                            ( - 1.821e+03 1 0)
s>                            ( - 3.728e+03 5 0 QUESTION4 1 2.114e+02 1.924e+02))))
s>                ( QUESTION0_7_R 1 1.853e+03 2.158e+02 1.110e+02
s>                    ( - 6.975e+02 1 0)
s>                    ( - 9.400e+02 2 0 QUESTION0_17_R 1 1.014e+02 6.065e+01)))))INFO: dtree.c(1315): Comp split 5
INFO: dtree.c(1478): Final simple tree
|( QUESTION6 -1 1.574e+04 5.261e+02 8.497e+02
|    ( QUESTION2_10_L -1 5.182e+03 3.163e+02 2.865e+02
|        ( - 2.682e+03 2 0 WDBNDRY_E 0 1.381e+02 1.632e+02)
|        ( QUESTION0_16_R 1 2.183e+03 1.869e+02 1.233e+02
|            ( - 8.449e+02 2 0 QUESTION0_19_R 1 1.192e+02 5.309e+01)
|            ( - 1.151e+03 2 0 QUESTION0_7_R 1 1.254e+02 7.021e+01)))
|    ( QUESTION0_7_R 1 1.003e+04 2.727e+02 5.632e+02
|        ( WDBNDRY_E 0 4.870e+03 1.871e+02 2.838e+02
|            ( QUESTION8 1 2.546e+03 1.624e+02 1.524e+02
|                ( - 6.241e+02 1 0)
|                ( - 1.759e+03 2 0 QUESTION7 1 9.941e+01 1.100e+02))
|            ( - 2.137e+03 1 0))
|        ( QUESTION0_0_R 1 4.887e+03 2.032e+02 2.794e+02
|            ( - 2.161e+03 1 0)
|            ( - 2.523e+03 2 0 WDBNDRY_E 0 1.478e+02 1.496e+02))))
s>    ( QUESTION6 -1 1.574e+04 5.261e+02 8.497e+02
s>        ( QUESTION2_10_L -1 5.182e+03 3.163e+02 2.865e+02
s>            ( - 2.682e+03 2 0 WDBNDRY_E 0 1.381e+02 1.632e+02)
s>            ( QUESTION0_16_R 1 2.183e+03 1.869e+02 1.233e+02
s>                ( - 8.449e+02 2 0 QUESTION0_19_R 1 1.192e+02 5.309e+01)
s>                ( - 1.151e+03 2 0 QUESTION0_7_R 1 1.254e+02 7.021e+01)))
s>        ( QUESTION0_7_R 1 1.003e+04 2.727e+02 5.632e+02
s>            ( WDBNDRY_E 0 4.870e+03 1.871e+02 2.838e+02
s>                ( QUESTION8 1 2.546e+03 1.624e+02 1.524e+02
s>                    ( - 6.241e+02 1 0)
s>                    ( - 1.759e+03 2 0 QUESTION7 1 9.941e+01 1.100e+02))
s>                ( - 2.137e+03 1 0))
s>            ( QUESTION0_0_R 1 4.887e+03 2.032e+02 2.794e+02
s>                ( - 2.161e+03 1 0)
s>                ( - 2.523e+03 2 0 WDBNDRY_E 0 1.478e+02 1.496e+02))))INFO: dtree.c(1478): Final simple tree
|( QUESTION12 -1 1.627e+04 5.775e+02 8.005e+02
|    ( QUESTION0_6_R 1 1.324e+04 3.762e+02 6.717e+02
|        ( QUESTION0_8_R 1 9.361e+03 2.964e+02 4.839e+02
|            ( - 6.796e+03 1 0)
|            ( QUESTION0_17_R 1 2.269e+03 1.574e+02 1.269e+02
|                ( - 9.779e+02 1 0)
|                ( - 1.133e+03 2 0 QUESTION0_7_R 1 1.077e+02 6.695e+01)))
|        ( SILENCE 1 3.501e+03 2.359e+02 1.878e+02
|            ( - 1.007e+03 1 0)
|            ( WDBNDRY_E 0 2.259e+03 1.951e+02 1.250e+02
|                ( - 1.551e+03 1 0)
|                ( - 5.128e+02 1 0))))
|    ( WDBNDRY_E 0 2.451e+03 3.642e+02 1.289e+02
|        ( - 1.486e+03 2 0 QUESTION0_0_R 1 1.249e+02 8.555e+01)
|        ( - 6.002e+02 1 0)))
s>    ( QUESTION12 -1 1.627e+04 5.775e+02 8.005e+02
s>        ( QUESTION0_6_R 1 1.324e+04 3.762e+02 6.717e+02
s>            ( QUESTION0_8_R 1 9.361e+03 2.964e+02 4.839e+02
s>                ( - 6.796e+03 1 0)
s>                ( QUESTION0_17_R 1 2.269e+03 1.574e+02 1.269e+02
s>                    ( - 9.779e+02 1 0)
s>                    ( - 1.133e+03 2 0 QUESTION0_7_R 1 1.077e+02 6.695e+01)))
s>            ( SILENCE 1 3.501e+03 2.359e+02 1.878e+02
s>                ( - 1.007e+03 1 0)
s>                ( WDBNDRY_E 0 2.259e+03 1.951e+02 1.250e+02
s>                    ( - 1.551e+03 1 0)
s>                    ( - 5.128e+02 1 0))))
s>        ( WDBNDRY_E 0 2.451e+03 3.642e+02 1.289e+02
s>            ( - 1.486e+03 2 0 QUESTION0_0_R 1 1.249e+02 8.555e+01)
s>            ( - 6.002e+02 1 0)))INFO: dtree.c(1315): Comp split 6
INFO: dtree.c(1478): Final simple tree
|( QUESTION0_4_R 1 2.575e+04 7.697e+02 1.364e+03
|    ( - 4.969e+03 1 0)
|    ( WDBNDRY_E 0 2.001e+04 4.276e+02 1.077e+03
|        ( QUESTION7 1 7.373e+03 2.615e+02 4.100e+02
|            ( QUESTION8 1 2.517e+03 1.574e+02 1.446e+02
|                ( - 2.080e+03 3 0)
|                ( - 2.793e+02 1 0))
|            ( QUESTION0_20_R 1 4.595e+03 2.021e+02 2.654e+02
|                ( - 1.964e+03 1 0)
|                ( - 2.429e+03 3 0 QUESTION0_7_R 1 1.545e+02 1.423e+02)))
|        ( QUESTION7 1 1.221e+04 3.342e+02 6.666e+02
|            ( - 3.253e+03 1 0)
|            ( QUESTION0_7_R 1 8.618e+03 2.075e+02 4.761e+02
|                ( - 1.650e+03 2 0 QUESTION0_8_R 1 1.259e+02 9.789e+01)
|                ( - 6.760e+03 4 0 QUESTION0_15_R 1 1.396e+02 3.782e+02)))))
s>    ( QUESTION0_4_R 1 2.575e+04 7.697e+02 1.364e+03
s>        ( - 4.969e+03 1 0)
s>        ( WDBNDRY_E 0 2.001e+04 4.276e+02 1.077e+03
s>            ( QUESTION7 1 7.373e+03 2.615e+02 4.100e+02
s>                ( QUESTION8 1 2.517e+03 1.574e+02 1.446e+02
s>                    ( - 2.080e+03 3 0)
s>                    ( - 2.793e+02 1 0))
s>                ( QUESTION0_20_R 1 4.595e+03 2.021e+02 2.654e+02
s>                    ( - 1.964e+03 1 0)
s>                    ( - 2.429e+03 3 0 QUESTION0_7_R 1 1.545e+02 1.423e+02)))
s>            ( QUESTION7 1 1.221e+04 3.342e+02 6.666e+02
s>                ( - 3.253e+03 1 0)
s>                ( QUESTION0_7_R 1 8.618e+03 2.075e+02 4.761e+02
s>                    ( - 1.650e+03 2 0 QUESTION0_8_R 1 1.259e+02 9.789e+01)
s>                    ( - 6.760e+03 4 0 QUESTION0_15_R 1 1.396e+02 3.782e+02)))))INFO: dtree.c(1478): Final simple tree
|( WDBNDRY_B 0 3.336e+04 7.878e+02 1.709e+03
|    ( QUESTION2_0_L -1 4.822e+03 2.171e+02 2.423e+02
|        ( - 1.264e+03 1 0)
|        ( - 3.341e+03 2 0))
|    ( SILENCE 1 2.775e+04 6.974e+02 1.467e+03
|        ( - 8.435e+03 1 0)
|        ( QUESTION0_16_R 1 1.862e+04 4.523e+02 1.004e+03
|            ( WDBNDRY_E 0 8.124e+03 2.882e+02 4.484e+02
|                ( - 7.091e+02 1 0)
|                ( - 7.127e+03 1 0))
|            ( QUESTION0_7_R 1 1.004e+04 2.951e+02 5.552e+02
|                ( WDBNDRY_E 0 4.466e+03 2.228e+02 2.477e+02
|                    ( - 2.384e+03 2 0 QUESTION0_8_R 1 1.229e+02 1.356e+02)
|                    ( - 1.859e+03 2 0 QUESTION7 1 1.188e+02 1.121e+02))
|                ( - 5.280e+03 1 0)))))
s>    ( WDBNDRY_B 0 3.336e+04 7.878e+02 1.709e+03
s>        ( QUESTION2_0_L -1 4.822e+03 2.171e+02 2.423e+02
s>            ( - 1.264e+03 1 0)
s>            ( - 3.341e+03 2 0))
s>        ( SILENCE 1 2.775e+04 6.974e+02 1.467e+03
s>            ( - 8.435e+03 1 0)
s>            ( QUESTION0_16_R 1 1.862e+04 4.523e+02 1.004e+03
s>                ( WDBNDRY_E 0 8.124e+03 2.882e+02 4.484e+02
s>                    ( - 7.091e+02 1 0)
s>                    ( - 7.127e+03 1 0))
s>                ( QUESTION0_7_R 1 1.004e+04 2.951e+02 5.552e+02
s>                    ( WDBNDRY_E 0 4.466e+03 2.228e+02 2.477e+02
s>                        ( - 2.384e+03 2 0 QUESTION0_8_R 1 1.229e+02 1.356e+02)
s>                        ( - 1.859e+03 2 0 QUESTION7 1 1.188e+02 1.121e+02))
s>                    ( - 5.280e+03 1 0)))))INFO: dtree.c(1315): Comp split 7
INFO: dtree.c(1478): Final simple tree
|( QUESTION6 -1 1.694e+04 4.435e+02 8.674e+02
|    ( WDBNDRY_E 0 1.575e+04 3.825e+02 8.204e+02
|        ( SILENCE 1 7.187e+03 2.271e+02 3.841e+02
|            ( - 1.620e+03 1 0)
|            ( - 5.341e+03 7 0 QUESTION0_18_R 1 1.673e+02 2.909e+02))
|        ( QUESTION0_15_R 1 8.176e+03 2.910e+02 4.362e+02
|            ( WDBNDRY_B 0 2.629e+03 2.011e+02 1.404e+02
|                ( - 9.894e+02 1 0)
|                ( - 1.439e+03 2 0 QUESTION6 1 1.579e+02 8.444e+01))
|            ( QUESTION7 -1 5.256e+03 2.190e+02 2.958e+02
|                ( - 4.661e+02 1 0)
|                ( QUESTION0_14_R 1 4.571e+03 2.216e+02 2.601e+02
|                    ( - 1.423e+03 2 0)
|                    ( - 2.927e+03 4 0 QUESTION9 1 1.627e+02 1.706e+02)))))
|    ( - 7.481e+02 1 0))
s>    ( QUESTION6 -1 1.694e+04 4.435e+02 8.674e+02
s>        ( WDBNDRY_E 0 1.575e+04 3.825e+02 8.204e+02
s>            ( SILENCE 1 7.187e+03 2.271e+02 3.841e+02
s>                ( - 1.620e+03 1 0)
s>                ( - 5.341e+03 7 0 QUESTION0_18_R 1 1.673e+02 2.909e+02))
s>            ( QUESTION0_15_R 1 8.176e+03 2.910e+02 4.362e+02
s>                ( WDBNDRY_B 0 2.629e+03 2.011e+02 1.404e+02
s>                    ( - 9.894e+02 1 0)
s>                    ( - 1.439e+03 2 0 QUESTION6 1 1.579e+02 8.444e+01))
s>                ( QUESTION7 -1 5.256e+03 2.190e+02 2.958e+02
s>                    ( - 4.661e+02 1 0)
s>                    ( QUESTION0_14_R 1 4.571e+03 2.216e+02 2.601e+02
s>                        ( - 1.423e+03 2 0)
s>                        ( - 2.927e+03 4 0 QUESTION9 1 1.627e+02 1.706e+02)))))
s>        ( - 7.481e+02 1 0))INFO: dtree.c(1478): Final simple tree
|( QUESTION12 -1 2.436e+04 7.494e+02 1.214e+03
|    ( QUESTION0_18_R 1 8.453e+03 3.953e+02 4.501e+02
|        ( - 9.930e+02 1 0)
|        ( QUESTION0_16_R 1 7.064e+03 2.164e+02 3.790e+02
|            ( - 5.617e+03 2 0)
|            ( - 1.231e+03 2 0 QUESTION0_7_R 1 1.344e+02 7.610e+01)))
|    ( QUESTION0_18_R 1 1.515e+04 4.863e+02 7.643e+02
|        ( - 6.768e+03 1 0)
|        ( QUESTION0_7_R 1 7.900e+03 2.515e+02 3.986e+02
|            ( QUESTION7 1 4.509e+03 2.058e+02 2.330e+02
|                ( - 1.726e+03 2 0 QUESTION8 1 1.373e+02 9.274e+01)
|                ( - 2.578e+03 3 0 QUESTION0_10_R 1 1.650e+02 1.402e+02))
|            ( QUESTION0_16_R 1 3.139e+03 1.891e+02 1.657e+02
|                ( - 1.807e+03 1 0)
|                ( - 1.143e+03 2 0 QUESTION0_0_R 1 1.219e+02 6.410e+01)))))
s>    ( QUESTION12 -1 2.436e+04 7.494e+02 1.214e+03
s>        ( QUESTION0_18_R 1 8.453e+03 3.953e+02 4.501e+02
s>            ( - 9.930e+02 1 0)
s>            ( QUESTION0_16_R 1 7.064e+03 2.164e+02 3.790e+02
s>                ( - 5.617e+03 2 0)
s>                ( - 1.231e+03 2 0 QUESTION0_7_R 1 1.344e+02 7.610e+01)))
s>        ( QUESTION0_18_R 1 1.515e+04 4.863e+02 7.643e+02
s>            ( - 6.768e+03 1 0)
s>            ( QUESTION0_7_R 1 7.900e+03 2.515e+02 3.986e+02
s>                ( QUESTION7 1 4.509e+03 2.058e+02 2.330e+02
s>                    ( - 1.726e+03 2 0 QUESTION8 1 1.373e+02 9.274e+01)
s>                    ( - 2.578e+03 3 0 QUESTION0_10_R 1 1.650e+02 1.402e+02))
s>                ( QUESTION0_16_R 1 3.139e+03 1.891e+02 1.657e+02
s>                    ( - 1.807e+03 1 0)
s>                    ( - 1.143e+03 2 0 QUESTION0_0_R 1 1.219e+02 6.410e+01)))))INFO: dtree.c(1315): Comp split 8
INFO: dtree.c(1439): stop. leaf nodes are specific
INFO: dtree.c(1478): Final simple tree
|( QUESTION0_0_R 1 5.364e+03 1.154e+02 3.088e+02
|    ( - 4.969e+03 1 0)
|    ( - 2.793e+02 1 0))
s>    ( QUESTION0_0_R 1 5.364e+03 1.154e+02 3.088e+02
s>        ( - 4.969e+03 1 0)
s>        ( - 2.793e+02 1 0))INFO: dtree.c(1478): Final simple tree
|( WDBNDRY_E 0 1.956e+04 4.402e+02 1.055e+03
|    ( QUESTION7 1 6.912e+03 2.371e+02 3.887e+02
|        ( - 2.080e+03 3 0)
|        ( QUESTION0_20_R 1 4.595e+03 2.021e+02 2.654e+02
|            ( - 1.964e+03 1 0)
|            ( QUESTION0_7_R 1 2.429e+03 1.545e+02 1.423e+02
|                ( - 7.298e+02 1 0)
|                ( - 1.545e+03 2 0 QUESTION0_0_R 1 1.112e+02 9.584e+01))))
|    ( QUESTION7 1 1.221e+04 3.342e+02 6.666e+02
|        ( - 3.253e+03 1 0)
|        ( QUESTION0_7_R 1 8.618e+03 2.075e+02 4.761e+02
|            ( - 1.650e+03 2 0 QUESTION0_8_R 1 1.259e+02 9.789e+01)
|            ( QUESTION0_15_R 1 6.760e+03 1.396e+02 3.782e+02
|                ( - 5.557e+03 2 0)
|                ( - 1.063e+03 2 0 QUESTION0_19_R 1 1.245e+02 6.914e+01)))))
s>    ( WDBNDRY_E 0 1.956e+04 4.402e+02 1.055e+03
s>        ( QUESTION7 1 6.912e+03 2.371e+02 3.887e+02
s>            ( - 2.080e+03 3 0)
s>            ( QUESTION0_20_R 1 4.595e+03 2.021e+02 2.654e+02
s>                ( - 1.964e+03 1 0)
s>                ( QUESTION0_7_R 1 2.429e+03 1.545e+02 1.423e+02
s>                    ( - 7.298e+02 1 0)
s>                    ( - 1.545e+03 2 0 QUESTION0_0_R 1 1.112e+02 9.584e+01))))
s>        ( QUESTION7 1 1.221e+04 3.342e+02 6.666e+02
s>            ( - 3.253e+03 1 0)
s>            ( QUESTION0_7_R 1 8.618e+03 2.075e+02 4.761e+02
s>                ( - 1.650e+03 2 0 QUESTION0_8_R 1 1.259e+02 9.789e+01)
s>                ( QUESTION0_15_R 1 6.760e+03 1.396e+02 3.782e+02
s>                    ( - 5.557e+03 2 0)
s>                    ( - 1.063e+03 2 0 QUESTION0_19_R 1 1.245e+02 6.914e+01)))))INFO: dtree.c(1315): Comp split 9
INFO: dtree.c(1478): Final simple tree
|( QUESTION0 1 1.813e+04 4.480e+02 8.820e+02
|    ( WDBNDRY_E 0 6.075e+03 2.541e+02 3.091e+02
|        ( - 2.491e+03 1 0)
|        ( - 3.330e+03 1 0))
|    ( WDBNDRY_E 0 1.160e+04 3.146e+02 5.729e+02
|        ( QUESTION0_16_R 1 2.210e+03 1.897e+02 1.173e+02
|            ( - 8.458e+02 1 0)
|            ( - 1.175e+03 2 0 SILENCE 1 1.532e+02 6.863e+01))
|        ( QUESTION6 1 9.079e+03 2.654e+02 4.556e+02
|            ( QUESTION7 1 4.561e+03 2.000e+02 2.390e+02
|                ( - 9.808e+02 2 0 QUESTION8 1 9.839e+01 5.836e+01)
|                ( - 3.381e+03 2 0 QUESTION0_7_R 1 1.103e+02 1.807e+02))
|            ( QUESTION0_15_R 1 4.252e+03 1.664e+02 2.166e+02
|                ( - 5.478e+02 1 0)
|                ( - 3.538e+03 1 0)))))
s>    ( QUESTION0 1 1.813e+04 4.480e+02 8.820e+02
s>        ( WDBNDRY_E 0 6.075e+03 2.541e+02 3.091e+02
s>            ( - 2.491e+03 1 0)
s>            ( - 3.330e+03 1 0))
s>        ( WDBNDRY_E 0 1.160e+04 3.146e+02 5.729e+02
s>            ( QUESTION0_16_R 1 2.210e+03 1.897e+02 1.173e+02
s>                ( - 8.458e+02 1 0)
s>                ( - 1.175e+03 2 0 SILENCE 1 1.532e+02 6.863e+01))
s>            ( QUESTION6 1 9.079e+03 2.654e+02 4.556e+02
s>                ( QUESTION7 1 4.561e+03 2.000e+02 2.390e+02
s>                    ( - 9.808e+02 2 0 QUESTION8 1 9.839e+01 5.836e+01)
s>                    ( - 3.381e+03 2 0 QUESTION0_7_R 1 1.103e+02 1.807e+02))
s>                ( QUESTION0_15_R 1 4.252e+03 1.664e+02 2.166e+02
s>                    ( - 5.478e+02 1 0)
s>                    ( - 3.538e+03 1 0)))))INFO: dtree.c(1439): stop. leaf nodes are specific
INFO: dtree.c(1478): Final simple tree
|( QUESTION0_7_R 1 3.759e+03 3.678e+02 1.899e+02
|    ( - 2.211e+03 1 0)
|    ( QUESTION0_19_R 1 1.180e+03 1.542e+02 6.204e+01
|        ( - 7.945e+02 1 0)
|        ( - 2.317e+02 1 0)))
s>    ( QUESTION0_7_R 1 3.759e+03 3.678e+02 1.899e+02
s>        ( - 2.211e+03 1 0)
s>        ( QUESTION0_19_R 1 1.180e+03 1.542e+02 6.204e+01
s>            ( - 7.945e+02 1 0)
s>            ( - 2.317e+02 1 0)))INFO: dtree.c(1315): Comp split 10
INFO: dtree.c(1478): Final simple tree
|( SILENCE 1 2.775e+04 6.974e+02 1.467e+03
|    ( - 8.435e+03 1 0)
|    ( QUESTION0_16_R 1 1.862e+04 4.523e+02 1.004e+03
|        ( WDBNDRY_E 0 8.124e+03 2.882e+02 4.484e+02
|            ( - 7.091e+02 1 0)
|            ( - 7.127e+03 1 0))
|        ( QUESTION0_7_R 1 1.004e+04 2.951e+02 5.552e+02
|            ( WDBNDRY_E 0 4.466e+03 2.228e+02 2.477e+02
|                ( QUESTION0_8_R 1 2.384e+03 1.229e+02 1.356e+02
|                    ( - 1.676e+03 1 0)
|                    ( - 5.852e+02 1 0))
|                ( QUESTION7 1 1.859e+03 1.188e+02 1.121e+02
|                    ( - 1.258e+03 1 0)
|                    ( - 4.827e+02 1 0)))
|            ( - 5.280e+03 1 0))))
s>    ( SILENCE 1 2.775e+04 6.974e+02 1.467e+03
s>        ( - 8.435e+03 1 0)
s>        ( QUESTION0_16_R 1 1.862e+04 4.523e+02 1.004e+03
s>            ( WDBNDRY_E 0 8.124e+03 2.882e+02 4.484e+02
s>                ( - 7.091e+02 1 0)
s>                ( - 7.127e+03 1 0))
s>            ( QUESTION0_7_R 1 1.004e+04 2.951e+02 5.552e+02
s>                ( WDBNDRY_E 0 4.466e+03 2.228e+02 2.477e+02
s>                    ( QUESTION0_8_R 1 2.384e+03 1.229e+02 1.356e+02
s>                        ( - 1.676e+03 1 0)
s>                        ( - 5.852e+02 1 0))
s>                    ( QUESTION7 1 1.859e+03 1.188e+02 1.121e+02
s>                        ( - 1.258e+03 1 0)
s>                        ( - 4.827e+02 1 0)))
s>                ( - 5.280e+03 1 0))))INFO: dtree.c(1439): stop. leaf nodes are specific
INFO: dtree.c(1478): Final simple tree
|( QUESTION2_0_L -1 4.822e+03 2.171e+02 2.423e+02
|    ( - 1.264e+03 1 0)
|    ( - 3.341e+03 2 0))
s>    ( QUESTION2_0_L -1 4.822e+03 2.171e+02 2.423e+02
s>        ( - 1.264e+03 1 0)
s>        ( - 3.341e+03 2 0))INFO: dtree.c(1315): Comp split 11
INFO: dtree.c(1439): stop. leaf nodes are specific
INFO: dtree.c(1478): Final simple tree
|( QUESTION0_15_R 1 7.760e+03 4.142e+02 4.036e+02
|    ( WDBNDRY_B 0 1.667e+03 2.246e+02 9.500e+01
|        ( - 6.156e+02 1 0)
|        ( - 8.271e+02 1 0))
|    ( QUESTION1 -1 5.679e+03 1.591e+02 3.086e+02
|        ( - 5.163e+03 1 0)
|        ( - 3.563e+02 1 0)))
s>    ( QUESTION0_15_R 1 7.760e+03 4.142e+02 4.036e+02
s>        ( WDBNDRY_B 0 1.667e+03 2.246e+02 9.500e+01
s>            ( - 6.156e+02 1 0)
s>            ( - 8.271e+02 1 0))
s>        ( QUESTION1 -1 5.679e+03 1.591e+02 3.086e+02
s>            ( - 5.163e+03 1 0)
s>            ( - 3.563e+02 1 0)))INFO: dtree.c(1439): stop. leaf nodes are specific
INFO: dtree.c(1478): Final simple tree
|( WDBNDRY_B 0 4.956e+03 4.169e+02 2.457e+02
|    ( - 1.643e+03 1 0)
|    ( - 2.895e+03 1 0))
s>    ( WDBNDRY_B 0 4.956e+03 4.169e+02 2.457e+02
s>        ( - 1.643e+03 1 0)
s>        ( - 2.895e+03 1 0))INFO: dtree.c(1315): Comp split 12
INFO: dtree.c(1478): Final simple tree
|( QUESTION0_18_R 1 1.515e+04 4.863e+02 7.643e+02
|    ( - 6.768e+03 1 0)
|    ( QUESTION0_7_R 1 7.900e+03 2.515e+02 3.986e+02
|        ( QUESTION7 1 4.509e+03 2.058e+02 2.330e+02
|            ( QUESTION8 1 1.726e+03 1.373e+02 9.274e+01
|                ( - 1.008e+03 1 0)
|                ( - 5.801e+02 1 0))
|            ( QUESTION0_10_R 1 2.578e+03 1.650e+02 1.402e+02
|                ( - 1.206e+03 1 0)
|                ( - 1.207e+03 2 0 WDBNDRY_E 0 1.029e+02 6.978e+01)))
|        ( QUESTION0_16_R 1 3.139e+03 1.891e+02 1.657e+02
|            ( - 1.807e+03 1 0)
|            ( QUESTION0_0_R 1 1.143e+03 1.219e+02 6.410e+01
|                ( - 6.089e+02 1 0)
|                ( - 4.127e+02 1 0)))))
s>    ( QUESTION0_18_R 1 1.515e+04 4.863e+02 7.643e+02
s>        ( - 6.768e+03 1 0)
s>        ( QUESTION0_7_R 1 7.900e+03 2.515e+02 3.986e+02
s>            ( QUESTION7 1 4.509e+03 2.058e+02 2.330e+02
s>                ( QUESTION8 1 1.726e+03 1.373e+02 9.274e+01
s>                    ( - 1.008e+03 1 0)
s>                    ( - 5.801e+02 1 0))
s>                ( QUESTION0_10_R 1 2.578e+03 1.650e+02 1.402e+02
s>                    ( - 1.206e+03 1 0)
s>                    ( - 1.207e+03 2 0 WDBNDRY_E 0 1.029e+02 6.978e+01)))
s>            ( QUESTION0_16_R 1 3.139e+03 1.891e+02 1.657e+02
s>                ( - 1.807e+03 1 0)
s>                ( QUESTION0_0_R 1 1.143e+03 1.219e+02 6.410e+01
s>                    ( - 6.089e+02 1 0)
s>                    ( - 4.127e+02 1 0)))))INFO: dtree.c(1439): stop. leaf nodes are specific
INFO: dtree.c(1478): Final simple tree
|( QUESTION0_18_R 1 8.453e+03 3.953e+02 4.501e+02
|    ( - 9.930e+02 1 0)
|    ( QUESTION0_16_R 1 7.064e+03 2.164e+02 3.790e+02
|        ( - 5.617e+03 2 0)
|        ( QUESTION0_7_R 1 1.231e+03 1.344e+02 7.610e+01
|            ( - 6.014e+02 1 0)
|            ( - 4.951e+02 1 0))))
s>    ( QUESTION0_18_R 1 8.453e+03 3.953e+02 4.501e+02
s>        ( - 9.930e+02 1 0)
s>        ( QUESTION0_16_R 1 7.064e+03 2.164e+02 3.790e+02
s>            ( - 5.617e+03 2 0)
s>            ( QUESTION0_7_R 1 1.231e+03 1.344e+02 7.610e+01
s>                ( - 6.014e+02 1 0)
s>                ( - 4.951e+02 1 0))))INFO: dtree.c(1315): Comp split 13
INFO: dtree.c(1478): Final simple tree
|( SILENCE 1 1.554e+04 5.620e+02 7.517e+02
|    ( - 5.208e+03 1 0)
|    ( QUESTION0_7_R 1 9.768e+03 2.826e+02 4.874e+02
|        ( QUESTION8 1 3.710e+03 1.812e+02 1.932e+02
|            ( - 2.501e+03 3 0)
|            ( - 1.027e+03 2 0 QUESTION7 1 1.233e+02 5.537e+01))
|        ( QUESTION6 1 5.776e+03 2.274e+02 2.942e+02
|            ( - 1.821e+03 1 0)
|            ( QUESTION4 1 3.728e+03 2.114e+02 1.924e+02
|                ( QUESTION0_0_R 1 1.957e+03 1.304e+02 1.096e+02
|                    ( - 1.309e+03 1 0)
|                    ( - 5.173e+02 1 0))
|                ( QUESTION0_2_R 1 1.559e+03 1.739e+02 8.285e+01
|                    ( - 5.882e+02 1 0)
|                    ( - 7.973e+02 2 0 QUESTION0_0_R 1 9.579e+01 4.623e+01))))))
s>    ( SILENCE 1 1.554e+04 5.620e+02 7.517e+02
s>        ( - 5.208e+03 1 0)
s>        ( QUESTION0_7_R 1 9.768e+03 2.826e+02 4.874e+02
s>            ( QUESTION8 1 3.710e+03 1.812e+02 1.932e+02
s>                ( - 2.501e+03 3 0)
s>                ( - 1.027e+03 2 0 QUESTION7 1 1.233e+02 5.537e+01))
s>            ( QUESTION6 1 5.776e+03 2.274e+02 2.942e+02
s>                ( - 1.821e+03 1 0)
s>                ( QUESTION4 1 3.728e+03 2.114e+02 1.924e+02
s>                    ( QUESTION0_0_R 1 1.957e+03 1.304e+02 1.096e+02
s>                        ( - 1.309e+03 1 0)
s>                        ( - 5.173e+02 1 0))
s>                    ( QUESTION0_2_R 1 1.559e+03 1.739e+02 8.285e+01
s>                        ( - 5.882e+02 1 0)
s>                        ( - 7.973e+02 2 0 QUESTION0_0_R 1 9.579e+01 4.623e+01))))))INFO: dtree.c(1439): stop. leaf nodes are specific
INFO: dtree.c(1478): Final simple tree
|( QUESTION0_9_R 1 1.489e+04 3.669e+02 7.495e+02
|    ( - 1.046e+04 1 0)
|    ( WDBNDRY_E 0 4.063e+03 2.947e+02 2.219e+02
|        ( - 1.915e+03 1 0)
|        ( QUESTION0_7_R 1 1.853e+03 2.158e+02 1.110e+02
|            ( - 6.975e+02 1 0)
|            ( QUESTION0_17_R 1 9.400e+02 1.014e+02 6.065e+01
|                ( - 2.154e+02 1 0)
|                ( - 6.232e+02 1 0)))))
s>    ( QUESTION0_9_R 1 1.489e+04 3.669e+02 7.495e+02
s>        ( - 1.046e+04 1 0)
s>        ( WDBNDRY_E 0 4.063e+03 2.947e+02 2.219e+02
s>            ( - 1.915e+03 1 0)
s>            ( QUESTION0_7_R 1 1.853e+03 2.158e+02 1.110e+02
s>                ( - 6.975e+02 1 0)
s>                ( QUESTION0_17_R 1 9.400e+02 1.014e+02 6.065e+01
s>                    ( - 2.154e+02 1 0)
s>                    ( - 6.232e+02 1 0)))))INFO: dtree.c(1315): Comp split 14
INFO: dtree.c(1439): stop. leaf nodes are specific
INFO: dtree.c(1478): Final simple tree
|( QUESTION0_16_R 1 1.862e+04 4.523e+02 1.004e+03
|    ( WDBNDRY_E 0 8.124e+03 2.882e+02 4.484e+02
|        ( - 7.091e+02 1 0)
|        ( - 7.127e+03 1 0))
|    ( QUESTION0_7_R 1 1.004e+04 2.951e+02 5.552e+02
|        ( WDBNDRY_E 0 4.466e+03 2.228e+02 2.477e+02
|            ( QUESTION0_8_R 1 2.384e+03 1.229e+02 1.356e+02
|                ( - 1.676e+03 1 0)
|                ( - 5.852e+02 1 0))
|            ( QUESTION7 1 1.859e+03 1.188e+02 1.121e+02
|                ( - 1.258e+03 1 0)
|                ( - 4.827e+02 1 0)))
|        ( - 5.280e+03 1 0)))
s>    ( QUESTION0_16_R 1 1.862e+04 4.523e+02 1.004e+03
s>        ( WDBNDRY_E 0 8.124e+03 2.882e+02 4.484e+02
s>            ( - 7.091e+02 1 0)
s>            ( - 7.127e+03 1 0))
s>        ( QUESTION0_7_R 1 1.004e+04 2.951e+02 5.552e+02
s>            ( WDBNDRY_E 0 4.466e+03 2.228e+02 2.477e+02
s>                ( QUESTION0_8_R 1 2.384e+03 1.229e+02 1.356e+02
s>                    ( - 1.676e+03 1 0)
s>                    ( - 5.852e+02 1 0))
s>                ( QUESTION7 1 1.859e+03 1.188e+02 1.121e+02
s>                    ( - 1.258e+03 1 0)
s>                    ( - 4.827e+02 1 0)))
s>            ( - 5.280e+03 1 0)))INFO: dtree.c(1315): Comp split 15
INFO: dtree.c(1439): stop. leaf nodes are specific
INFO: dtree.c(1478): Final simple tree
|( QUESTION0_8_R 1 1.191e+04 3.107e+02 6.089e+02
|    ( - 6.796e+03 1 0)
|    ( QUESTION0_1_R 1 4.804e+03 3.155e+02 2.518e+02
|        ( - 1.551e+03 1 0)
|        ( QUESTION0_14_R 1 2.938e+03 1.898e+02 1.633e+02
|            ( QUESTION0_17_R 1 1.605e+03 1.216e+02 9.368e+01
|                ( - 9.779e+02 1 0)
|                ( - 5.059e+02 1 0))
|            ( WDBNDRY_E 0 1.143e+03 1.106e+02 6.967e+01
|                ( - 5.197e+02 1 0)
|                ( - 5.128e+02 1 0)))))
s>    ( QUESTION0_8_R 1 1.191e+04 3.107e+02 6.089e+02
s>        ( - 6.796e+03 1 0)
s>        ( QUESTION0_1_R 1 4.804e+03 3.155e+02 2.518e+02
s>            ( - 1.551e+03 1 0)
s>            ( QUESTION0_14_R 1 2.938e+03 1.898e+02 1.633e+02
s>                ( QUESTION0_17_R 1 1.605e+03 1.216e+02 9.368e+01
s>                    ( - 9.779e+02 1 0)
s>                    ( - 5.059e+02 1 0))
s>                ( WDBNDRY_E 0 1.143e+03 1.106e+02 6.967e+01
s>                    ( - 5.197e+02 1 0)
s>                    ( - 5.128e+02 1 0)))))INFO: dtree.c(1439): stop. leaf nodes are specific
INFO: dtree.c(1478): Final simple tree
|( WDBNDRY_E 0 3.755e+03 3.929e+02 1.917e+02
|    ( SILENCE 1 2.762e+03 2.687e+02 1.484e+02
|        ( - 1.007e+03 1 0)
|        ( QUESTION0_0_R 1 1.486e+03 1.249e+02 8.555e+01
|            ( - 9.345e+02 1 0)
|            ( - 4.269e+02 1 0)))
|    ( - 6.002e+02 1 0))
s>    ( WDBNDRY_E 0 3.755e+03 3.929e+02 1.917e+02
s>        ( SILENCE 1 2.762e+03 2.687e+02 1.484e+02
s>            ( - 1.007e+03 1 0)
s>            ( QUESTION0_0_R 1 1.486e+03 1.249e+02 8.555e+01
s>                ( - 9.345e+02 1 0)
s>                ( - 4.269e+02 1 0)))
s>        ( - 6.002e+02 1 0))INFO: dtree.c(1315): Comp split 16
INFO: dtree.c(1478): Final simple tree
|( QUESTION0_7_R 1 9.768e+03 2.826e+02 4.874e+02
|    ( QUESTION8 1 3.710e+03 1.812e+02 1.932e+02
|        ( - 2.501e+03 3 0)
|        ( QUESTION7 1 1.027e+03 1.233e+02 5.537e+01
|            ( - 5.178e+02 1 0)
|            ( - 3.858e+02 1 0)))
|    ( QUESTION6 1 5.776e+03 2.274e+02 2.942e+02
|        ( - 1.821e+03 1 0)
|        ( QUESTION4 1 3.728e+03 2.114e+02 1.924e+02
|            ( QUESTION0_0_R 1 1.957e+03 1.304e+02 1.096e+02
|                ( - 1.309e+03 1 0)
|                ( - 5.173e+02 1 0))
|            ( QUESTION0_2_R 1 1.559e+03 1.739e+02 8.285e+01
|                ( - 5.882e+02 1 0)
|                ( - 7.973e+02 2 0 QUESTION0_0_R 1 9.579e+01 4.623e+01)))))
s>    ( QUESTION0_7_R 1 9.768e+03 2.826e+02 4.874e+02
s>        ( QUESTION8 1 3.710e+03 1.812e+02 1.932e+02
s>            ( - 2.501e+03 3 0)
s>            ( QUESTION7 1 1.027e+03 1.233e+02 5.537e+01
s>                ( - 5.178e+02 1 0)
s>                ( - 3.858e+02 1 0)))
s>        ( QUESTION6 1 5.776e+03 2.274e+02 2.942e+02
s>            ( - 1.821e+03 1 0)
s>            ( QUESTION4 1 3.728e+03 2.114e+02 1.924e+02
s>                ( QUESTION0_0_R 1 1.957e+03 1.304e+02 1.096e+02
s>                    ( - 1.309e+03 1 0)
s>                    ( - 5.173e+02 1 0))
s>                ( QUESTION0_2_R 1 1.559e+03 1.739e+02 8.285e+01
s>                    ( - 5.882e+02 1 0)
s>                    ( - 7.973e+02 2 0 QUESTION0_0_R 1 9.579e+01 4.623e+01)))))INFO: dtree.c(1315): Comp split 17
INFO: dtree.c(1439): stop. leaf nodes are specific
INFO: dtree.c(1478): Final simple tree
|( QUESTION0_7_R 1 1.003e+04 2.727e+02 5.632e+02
|    ( WDBNDRY_E 0 4.870e+03 1.871e+02 2.838e+02
|        ( QUESTION8 1 2.546e+03 1.624e+02 1.524e+02
|            ( - 6.241e+02 1 0)
|            ( QUESTION7 1 1.759e+03 9.941e+01 1.100e+02
|                ( - 1.181e+03 1 0)
|                ( - 4.791e+02 1 0)))
|        ( - 2.137e+03 1 0))
|    ( QUESTION0_0_R 1 4.887e+03 2.032e+02 2.794e+02
|        ( - 2.161e+03 1 0)
|        ( WDBNDRY_E 0 2.523e+03 1.478e+02 1.496e+02
|            ( - 5.685e+02 1 0)
|            ( - 1.807e+03 1 0))))
s>    ( QUESTION0_7_R 1 1.003e+04 2.727e+02 5.632e+02
s>        ( WDBNDRY_E 0 4.870e+03 1.871e+02 2.838e+02
s>            ( QUESTION8 1 2.546e+03 1.624e+02 1.524e+02
s>                ( - 6.241e+02 1 0)
s>                ( QUESTION7 1 1.759e+03 9.941e+01 1.100e+02
s>                    ( - 1.181e+03 1 0)
s>                    ( - 4.791e+02 1 0)))
s>            ( - 2.137e+03 1 0))
s>        ( QUESTION0_0_R 1 4.887e+03 2.032e+02 2.794e+02
s>            ( - 2.161e+03 1 0)
s>            ( WDBNDRY_E 0 2.523e+03 1.478e+02 1.496e+02
s>                ( - 5.685e+02 1 0)
s>                ( - 1.807e+03 1 0))))INFO: dtree.c(1439): stop. leaf nodes are specific
INFO: dtree.c(1478): Final simple tree
|( QUESTION2_10_L -1 5.182e+03 3.163e+02 2.865e+02
|    ( WDBNDRY_E 0 2.682e+03 1.381e+02 1.632e+02
|        ( - 5.678e+02 1 0)
|        ( - 1.977e+03 1 0))
|    ( QUESTION0_16_R 1 2.183e+03 1.869e+02 1.233e+02
|        ( QUESTION0_19_R 1 8.449e+02 1.192e+02 5.309e+01
|            ( - 3.229e+02 1 0)
|            ( - 4.029e+02 1 0))
|        ( QUESTION0_7_R 1 1.151e+03 1.254e+02 7.021e+01
|            ( - 2.803e+02 1 0)
|            ( - 7.457e+02 1 0))))
s>    ( QUESTION2_10_L -1 5.182e+03 3.163e+02 2.865e+02
s>        ( WDBNDRY_E 0 2.682e+03 1.381e+02 1.632e+02
s>            ( - 5.678e+02 1 0)
s>            ( - 1.977e+03 1 0))
s>        ( QUESTION0_16_R 1 2.183e+03 1.869e+02 1.233e+02
s>            ( QUESTION0_19_R 1 8.449e+02 1.192e+02 5.309e+01
s>                ( - 3.229e+02 1 0)
s>                ( - 4.029e+02 1 0))
s>            ( QUESTION0_7_R 1 1.151e+03 1.254e+02 7.021e+01
s>                ( - 2.803e+02 1 0)
s>                ( - 7.457e+02 1 0))))INFO: dtree.c(1315): Comp split 18
INFO: dtree.c(1478): Final simple tree
|( WDBNDRY_E 0 1.373e+04 3.154e+02 7.286e+02
|    ( SILENCE 1 7.187e+03 2.271e+02 3.841e+02
|        ( - 1.620e+03 1 0)
|        ( QUESTION0_18_R 1 5.341e+03 1.673e+02 2.909e+02
|            ( - 1.162e+03 2 0 QUESTION0_20_R 1 1.014e+02 7.139e+01)
|            ( QUESTION0_9_R 1 4.011e+03 1.351e+02 2.195e+02
|                ( - 1.107e+03 1 0)
|                ( - 2.769e+03 4 0 QUESTION8 1 1.118e+02 1.541e+02))))
|    ( QUESTION0_14_R 1 6.232e+03 2.521e+02 3.445e+02
|        ( QUESTION7 -1 3.053e+03 2.176e+02 1.739e+02
|            ( - 7.627e+02 1 0)
|            ( - 2.073e+03 3 0 QUESTION0_15_R 1 1.317e+02 1.234e+02))
|        ( QUESTION9 1 2.927e+03 1.627e+02 1.706e+02
|            ( - 1.384e+03 1 0)
|            ( - 1.380e+03 3 0 QUESTION0_0_R 1 1.201e+02 8.327e+01))))
s>    ( WDBNDRY_E 0 1.373e+04 3.154e+02 7.286e+02
s>        ( SILENCE 1 7.187e+03 2.271e+02 3.841e+02
s>            ( - 1.620e+03 1 0)
s>            ( QUESTION0_18_R 1 5.341e+03 1.673e+02 2.909e+02
s>                ( - 1.162e+03 2 0 QUESTION0_20_R 1 1.014e+02 7.139e+01)
s>                ( QUESTION0_9_R 1 4.011e+03 1.351e+02 2.195e+02
s>                    ( - 1.107e+03 1 0)
s>                    ( - 2.769e+03 4 0 QUESTION8 1 1.118e+02 1.541e+02))))
s>        ( QUESTION0_14_R 1 6.232e+03 2.521e+02 3.445e+02
s>            ( QUESTION7 -1 3.053e+03 2.176e+02 1.739e+02
s>                ( - 7.627e+02 1 0)
s>                ( - 2.073e+03 3 0 QUESTION0_15_R 1 1.317e+02 1.234e+02))
s>            ( QUESTION9 1 2.927e+03 1.627e+02 1.706e+02
s>                ( - 1.384e+03 1 0)
s>                ( - 1.380e+03 3 0 QUESTION0_0_R 1 1.201e+02 8.327e+01))))INFO: dtree.c(1439): stop. leaf nodes are specific
INFO: dtree.c(1478): Final simple tree
|( QUESTION0_0_R 1 2.690e+03 3.198e+02 1.387e+02
|    ( - 7.481e+02 1 0)
|    ( WDBNDRY_B 0 1.622e+03 1.664e+02 9.171e+01
|        ( - 9.894e+02 1 0)
|        ( - 4.661e+02 1 0)))
s>    ( QUESTION0_0_R 1 2.690e+03 3.198e+02 1.387e+02
s>        ( - 7.481e+02 1 0)
s>        ( WDBNDRY_B 0 1.622e+03 1.664e+02 9.171e+01
s>            ( - 9.894e+02 1 0)
s>            ( - 4.661e+02 1 0)))INFO: dtree.c(1315): Comp split 19
INFO: dtree.c(1439): stop. leaf nodes are specific
INFO: dtree.c(1478): Final simple tree
|( WDBNDRY_E 0 7.323e+03 1.424e+02 3.928e+02
|    ( - 4.127e+02 1 0)
|    ( - 6.768e+03 1 0))
s>    ( WDBNDRY_E 0 7.323e+03 1.424e+02 3.928e+02
s>        ( - 4.127e+02 1 0)
s>        ( - 6.768e+03 1 0))INFO: dtree.c(1439): stop. leaf nodes are specific
INFO: dtree.c(1478): Final simple tree
|( QUESTION0_7_R 1 7.335e+03 2.523e+02 3.716e+02
|    ( QUESTION7 1 4.509e+03 2.058e+02 2.330e+02
|        ( QUESTION8 1 1.726e+03 1.373e+02 9.274e+01
|            ( - 1.008e+03 1 0)
|            ( - 5.801e+02 1 0))
|        ( QUESTION0_10_R 1 2.578e+03 1.650e+02 1.402e+02
|            ( - 1.206e+03 1 0)
|            ( WDBNDRY_E 0 1.207e+03 1.029e+02 6.978e+01
|                ( - 8.695e+02 1 0)
|                ( - 2.349e+02 1 0))))
|    ( QUESTION0_0_R 1 2.573e+03 1.577e+02 1.386e+02
|        ( - 6.089e+02 1 0)
|        ( - 1.807e+03 1 0)))
s>    ( QUESTION0_7_R 1 7.335e+03 2.523e+02 3.716e+02
s>        ( QUESTION7 1 4.509e+03 2.058e+02 2.330e+02
s>            ( QUESTION8 1 1.726e+03 1.373e+02 9.274e+01
s>                ( - 1.008e+03 1 0)
s>                ( - 5.801e+02 1 0))
s>            ( QUESTION0_10_R 1 2.578e+03 1.650e+02 1.402e+02
s>                ( - 1.206e+03 1 0)
s>                ( WDBNDRY_E 0 1.207e+03 1.029e+02 6.978e+01
s>                    ( - 8.695e+02 1 0)
s>                    ( - 2.349e+02 1 0))))
s>        ( QUESTION0_0_R 1 2.573e+03 1.577e+02 1.386e+02
s>            ( - 6.089e+02 1 0)
s>            ( - 1.807e+03 1 0)))INFO: dtree.c(1315): Comp split 20
INFO: dtree.c(1478): Final simple tree
|( QUESTION15 1 1.051e+04 2.905e+02 5.242e+02
|    ( QUESTION0_15_R 1 4.252e+03 1.664e+02 2.166e+02
|        ( - 5.478e+02 1 0)
|        ( - 3.538e+03 1 0))
|    ( WDBNDRY_E 0 5.966e+03 2.296e+02 3.077e+02
|        ( SILENCE 1 1.175e+03 1.532e+02 6.863e+01
|            ( - 4.259e+02 1 0)
|            ( - 5.955e+02 1 0))
|        ( QUESTION7 1 4.561e+03 2.000e+02 2.390e+02
|            ( QUESTION8 1 9.808e+02 9.839e+01 5.836e+01
|                ( - 5.072e+02 1 0)
|                ( - 3.753e+02 1 0))
|            ( QUESTION0_7_R 1 3.381e+03 1.103e+02 1.807e+02
|                ( - 2.906e+02 1 0)
|                ( - 2.980e+03 1 0)))))
s>    ( QUESTION15 1 1.051e+04 2.905e+02 5.242e+02
s>        ( QUESTION0_15_R 1 4.252e+03 1.664e+02 2.166e+02
s>            ( - 5.478e+02 1 0)
s>            ( - 3.538e+03 1 0))
s>        ( WDBNDRY_E 0 5.966e+03 2.296e+02 3.077e+02
s>            ( SILENCE 1 1.175e+03 1.532e+02 6.863e+01
s>                ( - 4.259e+02 1 0)
s>                ( - 5.955e+02 1 0))
s>            ( QUESTION7 1 4.561e+03 2.000e+02 2.390e+02
s>                ( QUESTION8 1 9.808e+02 9.839e+01 5.836e+01
s>                    ( - 5.072e+02 1 0)
s>                    ( - 3.753e+02 1 0))
s>                ( QUESTION0_7_R 1 3.381e+03 1.103e+02 1.807e+02
s>                    ( - 2.906e+02 1 0)
s>                    ( - 2.980e+03 1 0)))))INFO: dtree.c(1439): stop. leaf nodes are specific
INFO: dtree.c(1478): Final simple tree
|( QUESTION0_7_R 1 7.125e+03 2.575e+02 3.578e+02
|    ( - 2.491e+03 1 0)
|    ( WDBNDRY_E 0 4.377e+03 2.012e+02 2.264e+02
|        ( - 8.458e+02 1 0)
|        ( - 3.330e+03 1 0)))
s>    ( QUESTION0_7_R 1 7.125e+03 2.575e+02 3.578e+02
s>        ( - 2.491e+03 1 0)
s>        ( WDBNDRY_E 0 4.377e+03 2.012e+02 2.264e+02
s>            ( - 8.458e+02 1 0)
s>            ( - 3.330e+03 1 0)))INFO: dtree.c(1315): Comp split 21
INFO: dtree.c(1439): stop. leaf nodes are specific
INFO: dtree.c(1478): Final simple tree
|( WDBNDRY_E 0 1.100e+04 3.332e+02 6.031e+02
|    ( QUESTION0_7_R 1 3.282e+03 1.885e+02 1.835e+02
|        ( QUESTION0_8_R 1 2.384e+03 1.229e+02 1.356e+02
|            ( - 1.676e+03 1 0)
|            ( - 5.852e+02 1 0))
|        ( - 7.091e+02 1 0))
|    ( QUESTION0_7_R 1 7.389e+03 2.500e+02 4.196e+02
|        ( QUESTION7 1 1.859e+03 1.188e+02 1.121e+02
|            ( - 1.258e+03 1 0)
|            ( - 4.827e+02 1 0))
|        ( - 5.280e+03 1 0)))
s>    ( WDBNDRY_E 0 1.100e+04 3.332e+02 6.031e+02
s>        ( QUESTION0_7_R 1 3.282e+03 1.885e+02 1.835e+02
s>            ( QUESTION0_8_R 1 2.384e+03 1.229e+02 1.356e+02
s>                ( - 1.676e+03 1 0)
s>                ( - 5.852e+02 1 0))
s>            ( - 7.091e+02 1 0))
s>        ( QUESTION0_7_R 1 7.389e+03 2.500e+02 4.196e+02
s>            ( QUESTION7 1 1.859e+03 1.188e+02 1.121e+02
s>                ( - 1.258e+03 1 0)
s>                ( - 4.827e+02 1 0))
s>            ( - 5.280e+03 1 0)))INFO: dtree.c(1315): Comp split 22
INFO: dtree.c(1439): stop. leaf nodes are specific
INFO: dtree.c(1478): Final simple tree
|( QUESTION7 1 1.221e+04 3.342e+02 6.666e+02
|    ( - 3.253e+03 1 0)
|    ( QUESTION0_7_R 1 8.618e+03 2.075e+02 4.761e+02
|        ( QUESTION0_8_R 1 1.650e+03 1.259e+02 9.789e+01
|            ( - 1.153e+03 1 0)
|            ( - 3.711e+02 1 0))
|        ( QUESTION0_15_R 1 6.760e+03 1.396e+02 3.782e+02
|            ( - 5.557e+03 2 0)
|            ( QUESTION0_19_R 1 1.063e+03 1.245e+02 6.914e+01
|                ( - 5.043e+02 1 0)
|                ( - 4.343e+02 1 0)))))
s>    ( QUESTION7 1 1.221e+04 3.342e+02 6.666e+02
s>        ( - 3.253e+03 1 0)
s>        ( QUESTION0_7_R 1 8.618e+03 2.075e+02 4.761e+02
s>            ( QUESTION0_8_R 1 1.650e+03 1.259e+02 9.789e+01
s>                ( - 1.153e+03 1 0)
s>                ( - 3.711e+02 1 0))
s>            ( QUESTION0_15_R 1 6.760e+03 1.396e+02 3.782e+02
s>                ( - 5.557e+03 2 0)
s>                ( QUESTION0_19_R 1 1.063e+03 1.245e+02 6.914e+01
s>                    ( - 5.043e+02 1 0)
s>                    ( - 4.343e+02 1 0)))))INFO: dtree.c(1439): stop. leaf nodes are specific
INFO: dtree.c(1478): Final simple tree
|( QUESTION7 1 6.912e+03 2.371e+02 3.887e+02
|    ( - 2.080e+03 3 0)
|    ( QUESTION0_20_R 1 4.595e+03 2.021e+02 2.654e+02
|        ( - 1.964e+03 1 0)
|        ( QUESTION0_7_R 1 2.429e+03 1.545e+02 1.423e+02
|            ( - 7.298e+02 1 0)
|            ( QUESTION0_0_R 1 1.545e+03 1.112e+02 9.584e+01
|                ( - 7.673e+02 1 0)
|                ( - 6.665e+02 1 0)))))
s>    ( QUESTION7 1 6.912e+03 2.371e+02 3.887e+02
s>        ( - 2.080e+03 3 0)
s>        ( QUESTION0_20_R 1 4.595e+03 2.021e+02 2.654e+02
s>            ( - 1.964e+03 1 0)
s>            ( QUESTION0_7_R 1 2.429e+03 1.545e+02 1.423e+02
s>                ( - 7.298e+02 1 0)
s>                ( QUESTION0_0_R 1 1.545e+03 1.112e+02 9.584e+01
s>                    ( - 7.673e+02 1 0)
s>                    ( - 6.665e+02 1 0)))))INFO: dtree.c(1315): Comp split 23
INFO: dtree.c(1315): Comp split 24
INFO: dtree.c(1439): stop. leaf nodes are specific
INFO: dtree.c(1478): Final simple tree
|( QUESTION1 -1 5.679e+03 1.591e+02 3.086e+02
|    ( - 5.163e+03 1 0)
|    ( - 3.563e+02 1 0))
s>    ( QUESTION1 -1 5.679e+03 1.591e+02 3.086e+02
s>        ( - 5.163e+03 1 0)
s>        ( - 3.563e+02 1 0))INFO: dtree.c(1439): stop. leaf nodes are specific
INFO: dtree.c(1478): Final simple tree
|( WDBNDRY_B 0 1.667e+03 2.246e+02 9.500e+01
|    ( - 6.156e+02 1 0)
|    ( - 8.271e+02 1 0))
s>    ( WDBNDRY_B 0 1.667e+03 2.246e+02 9.500e+01
s>        ( - 6.156e+02 1 0)
s>        ( - 8.271e+02 1 0))INFO: dtree.c(1315): Comp split 25
INFO: dtree.c(1439): stop. leaf nodes are specific
INFO: dtree.c(1478): Final simple tree
|( QUESTION0_16_R 1 7.064e+03 2.164e+02 3.790e+02
|    ( - 5.617e+03 2 0)
|    ( QUESTION0_7_R 1 1.231e+03 1.344e+02 7.610e+01
|        ( - 6.014e+02 1 0)
|        ( - 4.951e+02 1 0)))
s>    ( QUESTION0_16_R 1 7.064e+03 2.164e+02 3.790e+02
s>        ( - 5.617e+03 2 0)
s>        ( QUESTION0_7_R 1 1.231e+03 1.344e+02 7.610e+01
s>            ( - 6.014e+02 1 0)
s>            ( - 4.951e+02 1 0)))INFO: dtree.c(1315): Comp split 26
INFO: dtree.c(1439): stop. leaf nodes are specific
INFO: dtree.c(1478): Final simple tree
|( SILENCE 1 2.762e+03 2.687e+02 1.484e+02
|    ( - 1.007e+03 1 0)
|    ( QUESTION0_0_R 1 1.486e+03 1.249e+02 8.555e+01
|        ( - 9.345e+02 1 0)
|        ( - 4.269e+02 1 0)))
s>    ( SILENCE 1 2.762e+03 2.687e+02 1.484e+02
s>        ( - 1.007e+03 1 0)
s>        ( QUESTION0_0_R 1 1.486e+03 1.249e+02 8.555e+01
s>            ( - 9.345e+02 1 0)
s>            ( - 4.269e+02 1 0)))INFO: dtree.c(1315): Comp split 27
INFO: dtree.c(1439): stop. leaf nodes are specific
INFO: dtree.c(1478): Final simple tree
|( QUESTION0_19_R 1 1.180e+03 1.542e+02 6.204e+01
|    ( - 7.945e+02 1 0)
|    ( - 2.317e+02 1 0))
s>    ( QUESTION0_19_R 1 1.180e+03 1.542e+02 6.204e+01
s>        ( - 7.945e+02 1 0)
s>        ( - 2.317e+02 1 0))INFO: dtree.c(1315): Comp split 28
INFO: dtree.c(1439): stop. leaf nodes are specific
INFO: dtree.c(1478): Final simple tree
|( WDBNDRY_E 0 4.063e+03 2.947e+02 2.219e+02
|    ( - 1.915e+03 1 0)
|    ( QUESTION0_7_R 1 1.853e+03 2.158e+02 1.110e+02
|        ( - 6.975e+02 1 0)
|        ( QUESTION0_17_R 1 9.400e+02 1.014e+02 6.065e+01
|            ( - 2.154e+02 1 0)
|            ( - 6.232e+02 1 0))))
s>    ( WDBNDRY_E 0 4.063e+03 2.947e+02 2.219e+02
s>        ( - 1.915e+03 1 0)
s>        ( QUESTION0_7_R 1 1.853e+03 2.158e+02 1.110e+02
s>            ( - 6.975e+02 1 0)
s>            ( QUESTION0_17_R 1 9.400e+02 1.014e+02 6.065e+01
s>                ( - 2.154e+02 1 0)
s>                ( - 6.232e+02 1 0))))INFO: dtree.c(1315): Comp split 29
INFO: dtree.c(1439): stop. leaf nodes are specific
INFO: dtree.c(1478): Final simple tree
|( QUESTION0_14_R 1 2.938e+03 1.898e+02 1.633e+02
|    ( QUESTION0_17_R 1 1.605e+03 1.216e+02 9.368e+01
|        ( - 9.779e+02 1 0)
|        ( - 5.059e+02 1 0))
|    ( WDBNDRY_E 0 1.143e+03 1.106e+02 6.967e+01
|        ( - 5.197e+02 1 0)
|        ( - 5.128e+02 1 0)))
s>    ( QUESTION0_14_R 1 2.938e+03 1.898e+02 1.633e+02
s>        ( QUESTION0_17_R 1 1.605e+03 1.216e+02 9.368e+01
s>            ( - 9.779e+02 1 0)
s>            ( - 5.059e+02 1 0))
s>        ( WDBNDRY_E 0 1.143e+03 1.106e+02 6.967e+01
s>            ( - 5.197e+02 1 0)
s>            ( - 5.128e+02 1 0)))INFO: dtree.c(1439): stop. leaf nodes are specific
INFO: dtree.c(1478): Final simple tree
|( QUESTION0_0_R 1 8.624e+03 2.778e+02 4.455e+02
|    ( - 1.551e+03 1 0)
|    ( - 6.796e+03 1 0))
s>    ( QUESTION0_0_R 1 8.624e+03 2.778e+02 4.455e+02
s>        ( - 1.551e+03 1 0)
s>        ( - 6.796e+03 1 0))INFO: dtree.c(1315): Comp split 30
INFO: dtree.c(1478): Final simple tree
|( WDBNDRY_E 0 7.646e+03 2.324e+02 4.143e+02
|    ( QUESTION0_18_R 1 5.341e+03 1.673e+02 2.909e+02
|        ( QUESTION0_20_R 1 1.162e+03 1.014e+02 7.139e+01
|            ( - 5.014e+02 1 0)
|            ( - 5.594e+02 1 0))
|        ( QUESTION0_9_R 1 4.011e+03 1.351e+02 2.195e+02
|            ( - 1.107e+03 1 0)
|            ( QUESTION8 1 2.769e+03 1.118e+02 1.541e+02
|                ( - 1.018e+03 2 0)
|                ( QUESTION0_7_R 1 1.639e+03 9.702e+01 9.355e+01
|                    ( - 4.340e+02 1 0)
|                    ( - 1.108e+03 1 0)))))
|    ( QUESTION0_15_R 1 2.073e+03 1.317e+02 1.234e+02
|        ( - 5.183e+02 1 0)
|        ( - 1.423e+03 2 0)))
s>    ( WDBNDRY_E 0 7.646e+03 2.324e+02 4.143e+02
s>        ( QUESTION0_18_R 1 5.341e+03 1.673e+02 2.909e+02
s>            ( QUESTION0_20_R 1 1.162e+03 1.014e+02 7.139e+01
s>                ( - 5.014e+02 1 0)
s>                ( - 5.594e+02 1 0))
s>            ( QUESTION0_9_R 1 4.011e+03 1.351e+02 2.195e+02
s>                ( - 1.107e+03 1 0)
s>                ( QUESTION8 1 2.769e+03 1.118e+02 1.541e+02
s>                    ( - 1.018e+03 2 0)
s>                    ( QUESTION0_7_R 1 1.639e+03 9.702e+01 9.355e+01
s>                        ( - 4.340e+02 1 0)
s>                        ( - 1.108e+03 1 0)))))
s>        ( QUESTION0_15_R 1 2.073e+03 1.317e+02 1.234e+02
s>            ( - 5.183e+02 1 0)
s>            ( - 1.423e+03 2 0)))INFO: dtree.c(1439): stop. leaf nodes are specific
INFO: dtree.c(1478): Final simple tree
|( QUESTION0_6_R 1 5.750e+03 2.652e+02 3.143e+02
|    ( QUESTION0_7_R 1 3.254e+03 2.058e+02 1.884e+02
|        ( QUESTION7 1 2.286e+03 1.241e+02 1.379e+02
|            ( - 7.776e+02 2 0)
|            ( - 1.384e+03 1 0))
|        ( - 7.627e+02 1 0))
|    ( WDBNDRY_E 0 2.231e+03 1.292e+02 1.259e+02
|        ( - 1.620e+03 1 0)
|        ( - 4.821e+02 1 0)))
s>    ( QUESTION0_6_R 1 5.750e+03 2.652e+02 3.143e+02
s>        ( QUESTION0_7_R 1 3.254e+03 2.058e+02 1.884e+02
s>            ( QUESTION7 1 2.286e+03 1.241e+02 1.379e+02
s>                ( - 7.776e+02 2 0)
s>                ( - 1.384e+03 1 0))
s>            ( - 7.627e+02 1 0))
s>        ( WDBNDRY_E 0 2.231e+03 1.292e+02 1.259e+02
s>            ( - 1.620e+03 1 0)
s>            ( - 4.821e+02 1 0)))INFO: dtree.c(1315): Comp split 31
INFO: dtree.c(1439): stop. leaf nodes are specific
INFO: dtree.c(1478): Final simple tree
|( QUESTION0_7_R 1 8.618e+03 2.075e+02 4.761e+02
|    ( QUESTION0_8_R 1 1.650e+03 1.259e+02 9.789e+01
|        ( - 1.153e+03 1 0)
|        ( - 3.711e+02 1 0))
|    ( QUESTION0_15_R 1 6.760e+03 1.396e+02 3.782e+02
|        ( - 5.557e+03 2 0)
|        ( QUESTION0_19_R 1 1.063e+03 1.245e+02 6.914e+01
|            ( - 5.043e+02 1 0)
|            ( - 4.343e+02 1 0))))
s>    ( QUESTION0_7_R 1 8.618e+03 2.075e+02 4.761e+02
s>        ( QUESTION0_8_R 1 1.650e+03 1.259e+02 9.789e+01
s>            ( - 1.153e+03 1 0)
s>            ( - 3.711e+02 1 0))
s>        ( QUESTION0_15_R 1 6.760e+03 1.396e+02 3.782e+02
s>            ( - 5.557e+03 2 0)
s>            ( QUESTION0_19_R 1 1.063e+03 1.245e+02 6.914e+01
s>                ( - 5.043e+02 1 0)
s>                ( - 4.343e+02 1 0))))INFO: dtree.c(1315): Comp split 32
INFO: dtree.c(1439): stop. leaf nodes are specific
INFO: dtree.c(1478): Final simple tree
|( QUESTION0_8_R 1 8.112e+03 2.478e+02 4.580e+02
|    ( QUESTION7 1 1.859e+03 1.188e+02 1.121e+02
|        ( - 1.258e+03 1 0)
|        ( - 4.827e+02 1 0))
|    ( WDBNDRY_E 0 6.006e+03 1.401e+02 3.459e+02
|        ( - 5.852e+02 1 0)
|        ( - 5.280e+03 1 0)))
s>    ( QUESTION0_8_R 1 8.112e+03 2.478e+02 4.580e+02
s>        ( QUESTION7 1 1.859e+03 1.188e+02 1.121e+02
s>            ( - 1.258e+03 1 0)
s>            ( - 4.827e+02 1 0))
s>        ( WDBNDRY_E 0 6.006e+03 1.401e+02 3.459e+02
s>            ( - 5.852e+02 1 0)
s>            ( - 5.280e+03 1 0)))INFO: dtree.c(1439): stop. leaf nodes are specific
INFO: dtree.c(1478): Final simple tree
|( QUESTION0_7_R 1 2.558e+03 1.734e+02 1.451e+02
|    ( - 1.676e+03 1 0)
|    ( - 7.091e+02 1 0))
s>    ( QUESTION0_7_R 1 2.558e+03 1.734e+02 1.451e+02
s>        ( - 1.676e+03 1 0)
s>        ( - 7.091e+02 1 0))INFO: dtree.c(1315): Comp split 33
INFO: dtree.c(1439): stop. leaf nodes are specific
INFO: dtree.c(1478): Final simple tree
|( QUESTION0_14_R 1 3.860e+03 2.064e+02 2.014e+02
|    ( - 1.821e+03 1 0)
|    ( QUESTION0_0_R 1 1.832e+03 1.374e+02 9.964e+01
|        ( - 1.309e+03 1 0)
|        ( - 3.858e+02 1 0)))
s>    ( QUESTION0_14_R 1 3.860e+03 2.064e+02 2.014e+02
s>        ( - 1.821e+03 1 0)
s>        ( QUESTION0_0_R 1 1.832e+03 1.374e+02 9.964e+01
s>            ( - 1.309e+03 1 0)
s>            ( - 3.858e+02 1 0)))INFO: dtree.c(1439): stop. leaf nodes are specific
INFO: dtree.c(1478): Final simple tree
|( QUESTION8 1 5.581e+03 2.174e+02 2.860e+02
|    ( - 2.501e+03 3 0)
|    ( QUESTION0_2_R 1 2.862e+03 1.853e+02 1.482e+02
|        ( - 5.882e+02 1 0)
|        ( QUESTION0_14_R 1 2.088e+03 1.353e+02 1.115e+02
|            ( QUESTION0_15_R 1 9.648e+02 1.087e+02 5.756e+01
|                ( - 3.388e+02 1 0)
|                ( - 5.173e+02 1 0))
|            ( QUESTION0_0_R 1 9.881e+02 1.077e+02 5.398e+01
|                ( - 3.626e+02 1 0)
|                ( - 5.178e+02 1 0)))))
s>    ( QUESTION8 1 5.581e+03 2.174e+02 2.860e+02
s>        ( - 2.501e+03 3 0)
s>        ( QUESTION0_2_R 1 2.862e+03 1.853e+02 1.482e+02
s>            ( - 5.882e+02 1 0)
s>            ( QUESTION0_14_R 1 2.088e+03 1.353e+02 1.115e+02
s>                ( QUESTION0_15_R 1 9.648e+02 1.087e+02 5.756e+01
s>                    ( - 3.388e+02 1 0)
s>                    ( - 5.173e+02 1 0))
s>                ( QUESTION0_0_R 1 9.881e+02 1.077e+02 5.398e+01
s>                    ( - 3.626e+02 1 0)
s>                    ( - 5.178e+02 1 0)))))INFO: dtree.c(1315): Comp split 34
INFO: dtree.c(1439): stop. leaf nodes are specific
INFO: dtree.c(1478): Final simple tree
|( WDBNDRY_B 0 1.622e+03 1.664e+02 9.171e+01
|    ( - 9.894e+02 1 0)
|    ( - 4.661e+02 1 0))
s>    ( WDBNDRY_B 0 1.622e+03 1.664e+02 9.171e+01
s>        ( - 9.894e+02 1 0)
s>        ( - 4.661e+02 1 0))INFO: dtree.c(1315): Comp split 35
INFO: dtree.c(1439): stop. leaf nodes are specific
INFO: dtree.c(1478): Final simple tree
|( QUESTION0_16_R 1 2.183e+03 1.869e+02 1.233e+02
|    ( QUESTION0_19_R 1 8.449e+02 1.192e+02 5.309e+01
|        ( - 3.229e+02 1 0)
|        ( - 4.029e+02 1 0))
|    ( QUESTION0_7_R 1 1.151e+03 1.254e+02 7.021e+01
|        ( - 2.803e+02 1 0)
|        ( - 7.457e+02 1 0)))
s>    ( QUESTION0_16_R 1 2.183e+03 1.869e+02 1.233e+02
s>        ( QUESTION0_19_R 1 8.449e+02 1.192e+02 5.309e+01
s>            ( - 3.229e+02 1 0)
s>            ( - 4.029e+02 1 0))
s>        ( QUESTION0_7_R 1 1.151e+03 1.254e+02 7.021e+01
s>            ( - 2.803e+02 1 0)
s>            ( - 7.457e+02 1 0)))INFO: dtree.c(1439): stop. leaf nodes are specific
INFO: dtree.c(1478): Final simple tree
|( WDBNDRY_E 0 2.682e+03 1.381e+02 1.632e+02
|    ( - 5.678e+02 1 0)
|    ( - 1.977e+03 1 0))
s>    ( WDBNDRY_E 0 2.682e+03 1.381e+02 1.632e+02
s>        ( - 5.678e+02 1 0)
s>        ( - 1.977e+03 1 0))INFO: dtree.c(1315): Comp split 36
INFO: dtree.c(1439): stop. leaf nodes are specific
INFO: dtree.c(1478): Final simple tree
|( QUESTION0_7_R 1 1.853e+03 2.158e+02 1.110e+02
|    ( - 6.975e+02 1 0)
|    ( QUESTION0_17_R 1 9.400e+02 1.014e+02 6.065e+01
|        ( - 2.154e+02 1 0)
|        ( - 6.232e+02 1 0)))
s>    ( QUESTION0_7_R 1 1.853e+03 2.158e+02 1.110e+02
s>        ( - 6.975e+02 1 0)
s>        ( QUESTION0_17_R 1 9.400e+02 1.014e+02 6.065e+01
s>            ( - 2.154e+02 1 0)
s>            ( - 6.232e+02 1 0)))INFO: dtree.c(1315): Comp split 37
INFO: dtree.c(1439): stop. leaf nodes are specific
INFO: dtree.c(1478): Final simple tree
|( WDBNDRY_E 0 4.146e+03 1.828e+02 2.114e+02
|    ( - 4.259e+02 1 0)
|    ( - 3.538e+03 1 0))
s>    ( WDBNDRY_E 0 4.146e+03 1.828e+02 2.114e+02
s>        ( - 4.259e+02 1 0)
s>        ( - 3.538e+03 1 0))INFO: dtree.c(1439): stop. leaf nodes are specific
INFO: dtree.c(1478): Final simple tree
|( QUESTION0_15_R 1 6.070e+03 2.109e+02 3.129e+02
|    ( WDBNDRY_E 0 1.298e+03 1.545e+02 7.384e+01
|        ( - 5.955e+02 1 0)
|        ( - 5.478e+02 1 0))
|    ( QUESTION7 1 4.561e+03 2.000e+02 2.390e+02
|        ( QUESTION8 1 9.808e+02 9.839e+01 5.836e+01
|            ( - 5.072e+02 1 0)
|            ( - 3.753e+02 1 0))
|        ( QUESTION0_7_R 1 3.381e+03 1.103e+02 1.807e+02
|            ( - 2.906e+02 1 0)
|            ( - 2.980e+03 1 0))))
s>    ( QUESTION0_15_R 1 6.070e+03 2.109e+02 3.129e+02
s>        ( WDBNDRY_E 0 1.298e+03 1.545e+02 7.384e+01
s>            ( - 5.955e+02 1 0)
s>            ( - 5.478e+02 1 0))
s>        ( QUESTION7 1 4.561e+03 2.000e+02 2.390e+02
s>            ( QUESTION8 1 9.808e+02 9.839e+01 5.836e+01
s>                ( - 5.072e+02 1 0)
s>                ( - 3.753e+02 1 0))
s>            ( QUESTION0_7_R 1 3.381e+03 1.103e+02 1.807e+02
s>                ( - 2.906e+02 1 0)
s>                ( - 2.980e+03 1 0))))INFO: dtree.c(1315): Comp split 38
INFO: dtree.c(1439): stop. leaf nodes are specific
INFO: dtree.c(1478): Final simple tree
|( QUESTION0_0_R 1 5.663e+03 2.164e+02 3.218e+02
|    ( - 2.161e+03 1 0)
|    ( WDBNDRY_E 0 3.286e+03 1.583e+02 1.921e+02
|        ( QUESTION0_7_R 1 1.321e+03 1.285e+02 8.036e+01
|            ( - 6.241e+02 1 0)
|            ( - 5.685e+02 1 0))
|        ( - 1.807e+03 1 0)))
s>    ( QUESTION0_0_R 1 5.663e+03 2.164e+02 3.218e+02
s>        ( - 2.161e+03 1 0)
s>        ( WDBNDRY_E 0 3.286e+03 1.583e+02 1.921e+02
s>            ( QUESTION0_7_R 1 1.321e+03 1.285e+02 8.036e+01
s>                ( - 6.241e+02 1 0)
s>                ( - 5.685e+02 1 0))
s>            ( - 1.807e+03 1 0)))INFO: dtree.c(1439): stop. leaf nodes are specific
INFO: dtree.c(1478): Final simple tree
|( WDBNDRY_E 0 4.081e+03 1.846e+02 2.414e+02
|    ( QUESTION7 1 1.759e+03 9.941e+01 1.100e+02
|        ( - 1.181e+03 1 0)
|        ( - 4.791e+02 1 0))
|    ( - 2.137e+03 1 0))
s>    ( WDBNDRY_E 0 4.081e+03 1.846e+02 2.414e+02
s>        ( QUESTION7 1 1.759e+03 9.941e+01 1.100e+02
s>            ( - 1.181e+03 1 0)
s>            ( - 4.791e+02 1 0))
s>        ( - 2.137e+03 1 0))INFO: dtree.c(1315): Comp split 39
INFO: dtree.c(1315): Comp split 40
INFO: dtree.c(1439): stop. leaf nodes are specific
INFO: dtree.c(1478): Final simple tree
|( WDBNDRY_E 0 3.151e+03 1.521e+02 1.765e+02
|    ( - 1.620e+03 1 0)
|    ( QUESTION0_0_R 1 1.380e+03 1.201e+02 8.327e+01
|        ( - 4.821e+02 1 0)
|        ( - 7.776e+02 2 0)))
s>    ( WDBNDRY_E 0 3.151e+03 1.521e+02 1.765e+02
s>        ( - 1.620e+03 1 0)
s>        ( QUESTION0_0_R 1 1.380e+03 1.201e+02 8.327e+01
s>            ( - 4.821e+02 1 0)
s>            ( - 7.776e+02 2 0)))INFO: dtree.c(1439): stop. leaf nodes are specific
INFO: dtree.c(1478): Final simple tree
|( QUESTION0_7_R 1 2.330e+03 1.832e+02 1.379e+02
|    ( - 1.384e+03 1 0)
|    ( - 7.627e+02 1 0))
s>    ( QUESTION0_7_R 1 2.330e+03 1.832e+02 1.379e+02
s>        ( - 1.384e+03 1 0)
s>        ( - 7.627e+02 1 0))INFO: dtree.c(1315): Comp split 41
INFO: dtree.c(1439): stop. leaf nodes are specific
INFO: dtree.c(1478): Final simple tree
|( QUESTION0_0_R 1 1.486e+03 1.249e+02 8.555e+01
|    ( - 9.345e+02 1 0)
|    ( - 4.269e+02 1 0))
s>    ( QUESTION0_0_R 1 1.486e+03 1.249e+02 8.555e+01
s>        ( - 9.345e+02 1 0)
s>        ( - 4.269e+02 1 0))INFO: dtree.c(1315): Comp split 42
INFO: dtree.c(1439): stop. leaf nodes are specific
INFO: dtree.c(1478): Final simple tree
|( QUESTION7 1 3.783e+03 1.971e+02 1.999e+02
|    ( - 1.008e+03 1 0)
|    ( QUESTION0_10_R 1 2.578e+03 1.650e+02 1.402e+02
|        ( - 1.206e+03 1 0)
|        ( WDBNDRY_E 0 1.207e+03 1.029e+02 6.978e+01
|            ( - 8.695e+02 1 0)
|            ( - 2.349e+02 1 0))))
s>    ( QUESTION7 1 3.783e+03 1.971e+02 1.999e+02
s>        ( - 1.008e+03 1 0)
s>        ( QUESTION0_10_R 1 2.578e+03 1.650e+02 1.402e+02
s>            ( - 1.206e+03 1 0)
s>            ( WDBNDRY_E 0 1.207e+03 1.029e+02 6.978e+01
s>                ( - 8.695e+02 1 0)
s>                ( - 2.349e+02 1 0))))INFO: dtree.c(1439): stop. leaf nodes are specific
INFO: dtree.c(1478): Final simple tree
|( QUESTION0_14_R 1 3.293e+03 1.773e+02 1.717e+02
|    ( - 1.807e+03 1 0)
|    ( QUESTION0_0_R 1 1.309e+03 1.202e+02 7.015e+01
|        ( - 6.089e+02 1 0)
|        ( - 5.801e+02 1 0)))
s>    ( QUESTION0_14_R 1 3.293e+03 1.773e+02 1.717e+02
s>        ( - 1.807e+03 1 0)
s>        ( QUESTION0_0_R 1 1.309e+03 1.202e+02 7.015e+01
s>            ( - 6.089e+02 1 0)
s>            ( - 5.801e+02 1 0)))INFO: dtree.c(1315): Comp split 43
INFO: dtree.c(1439): stop. leaf nodes are specific
INFO: dtree.c(1478): Final simple tree
|( WDBNDRY_E 0 4.377e+03 2.012e+02 2.264e+02
|    ( - 8.458e+02 1 0)
|    ( - 3.330e+03 1 0))
s>    ( WDBNDRY_E 0 4.377e+03 2.012e+02 2.264e+02
s>        ( - 8.458e+02 1 0)
s>        ( - 3.330e+03 1 0))INFO: dtree.c(1315): Comp split 44
INFO: dtree.c(1439): stop. leaf nodes are specific
INFO: dtree.c(1478): Final simple tree
|( QUESTION0_15_R 1 4.080e+03 1.514e+02 2.146e+02
|    ( - 5.478e+02 1 0)
|    ( QUESTION0_7_R 1 3.381e+03 1.103e+02 1.807e+02
|        ( - 2.906e+02 1 0)
|        ( - 2.980e+03 1 0)))
s>    ( QUESTION0_15_R 1 4.080e+03 1.514e+02 2.146e+02
s>        ( - 5.478e+02 1 0)
s>        ( QUESTION0_7_R 1 3.381e+03 1.103e+02 1.807e+02
s>            ( - 2.906e+02 1 0)
s>            ( - 2.980e+03 1 0)))INFO: dtree.c(1439): stop. leaf nodes are specific
INFO: dtree.c(1478): Final simple tree
|( WDBNDRY_E 0 1.739e+03 1.631e+02 9.824e+01
|    ( - 5.955e+02 1 0)
|    ( QUESTION8 1 9.808e+02 9.839e+01 5.836e+01
|        ( - 5.072e+02 1 0)
|        ( - 3.753e+02 1 0)))
s>    ( WDBNDRY_E 0 1.739e+03 1.631e+02 9.824e+01
s>        ( - 5.955e+02 1 0)
s>        ( QUESTION8 1 9.808e+02 9.839e+01 5.836e+01
s>            ( - 5.072e+02 1 0)
s>            ( - 3.753e+02 1 0)))INFO: dtree.c(1315): Comp split 45
INFO: dtree.c(1439): stop. leaf nodes are specific
INFO: dtree.c(1478): Final simple tree
|( WDBNDRY_E 0 6.006e+03 1.401e+02 3.459e+02
|    ( - 5.852e+02 1 0)
|    ( - 5.280e+03 1 0))
s>    ( WDBNDRY_E 0 6.006e+03 1.401e+02 3.459e+02
s>        ( - 5.852e+02 1 0)
s>        ( - 5.280e+03 1 0))INFO: dtree.c(1439): stop. leaf nodes are specific
INFO: dtree.c(1478): Final simple tree
|( QUESTION7 1 1.859e+03 1.188e+02 1.121e+02
|    ( - 1.258e+03 1 0)
|    ( - 4.827e+02 1 0))
s>    ( QUESTION7 1 1.859e+03 1.188e+02 1.121e+02
s>        ( - 1.258e+03 1 0)
s>        ( - 4.827e+02 1 0))INFO: dtree.c(1315): Comp split 46
INFO: dtree.c(1439): stop. leaf nodes are specific
INFO: dtree.c(1478): Final simple tree
|( QUESTION0_0_R 1 3.001e+03 1.541e+02 1.753e+02
|    ( - 7.673e+02 1 0)
|    ( - 2.080e+03 3 0))
s>    ( QUESTION0_0_R 1 3.001e+03 1.541e+02 1.753e+02
s>        ( - 7.673e+02 1 0)
s>        ( - 2.080e+03 3 0))INFO: dtree.c(1439): stop. leaf nodes are specific
INFO: dtree.c(1478): Final simple tree
|( QUESTION0_20_R 1 3.668e+03 1.848e+02 2.134e+02
|    ( - 1.964e+03 1 0)
|    ( QUESTION0_7_R 1 1.520e+03 1.234e+02 9.032e+01
|        ( - 7.298e+02 1 0)
|        ( - 6.665e+02 1 0)))
s>    ( QUESTION0_20_R 1 3.668e+03 1.848e+02 2.134e+02
s>        ( - 1.964e+03 1 0)
s>        ( QUESTION0_7_R 1 1.520e+03 1.234e+02 9.032e+01
s>            ( - 7.298e+02 1 0)
s>            ( - 6.665e+02 1 0)))INFO: dtree.c(1315): Comp split 47
INFO: dtree.c(1439): stop. leaf nodes are specific
INFO: dtree.c(1478): Final simple tree
|( QUESTION0_8_R 1 2.205e+03 1.550e+02 1.308e+02
|    ( - 1.153e+03 1 0)
|    ( QUESTION0_7_R 1 8.966e+02 9.124e+01 5.923e+01
|        ( - 3.711e+02 1 0)
|        ( - 4.343e+02 1 0)))
s>    ( QUESTION0_8_R 1 2.205e+03 1.550e+02 1.308e+02
s>        ( - 1.153e+03 1 0)
s>        ( QUESTION0_7_R 1 8.966e+02 9.124e+01 5.923e+01
s>            ( - 3.711e+02 1 0)
s>            ( - 4.343e+02 1 0)))INFO: dtree.c(1439): stop. leaf nodes are specific
INFO: dtree.c(1478): Final simple tree
|( QUESTION0_15_R 1 6.178e+03 1.161e+02 3.452e+02
|    ( - 5.557e+03 2 0)
|    ( - 5.043e+02 1 0))
s>    ( QUESTION0_15_R 1 6.178e+03 1.161e+02 3.452e+02
s>        ( - 5.557e+03 2 0)
s>        ( - 5.043e+02 1 0))INFO: dtree.c(1315): Comp split 48
INFO: dtree.c(1439): stop. leaf nodes are specific
INFO: dtree.c(1478): Final simple tree
|( QUESTION0_18_R 1 5.341e+03 1.673e+02 2.909e+02
|    ( QUESTION0_20_R 1 1.162e+03 1.014e+02 7.139e+01
|        ( - 5.014e+02 1 0)
|        ( - 5.594e+02 1 0))
|    ( QUESTION0_9_R 1 4.011e+03 1.351e+02 2.195e+02
|        ( - 1.107e+03 1 0)
|        ( QUESTION8 1 2.769e+03 1.118e+02 1.541e+02
|            ( - 1.018e+03 2 0)
|            ( QUESTION0_7_R 1 1.639e+03 9.702e+01 9.355e+01
|                ( - 4.340e+02 1 0)
|                ( - 1.108e+03 1 0)))))
s>    ( QUESTION0_18_R 1 5.341e+03 1.673e+02 2.909e+02
s>        ( QUESTION0_20_R 1 1.162e+03 1.014e+02 7.139e+01
s>            ( - 5.014e+02 1 0)
s>            ( - 5.594e+02 1 0))
s>        ( QUESTION0_9_R 1 4.011e+03 1.351e+02 2.195e+02
s>            ( - 1.107e+03 1 0)
s>            ( QUESTION8 1 2.769e+03 1.118e+02 1.541e+02
s>                ( - 1.018e+03 2 0)
s>                ( QUESTION0_7_R 1 1.639e+03 9.702e+01 9.355e+01
s>                    ( - 4.340e+02 1 0)
s>                    ( - 1.108e+03 1 0)))))INFO: dtree.c(1439): stop. leaf nodes are specific
INFO: dtree.c(1478): Final simple tree
|( QUESTION0_15_R 1 2.073e+03 1.317e+02 1.234e+02
|    ( - 5.183e+02 1 0)
|    ( - 1.423e+03 2 0))
s>    ( QUESTION0_15_R 1 2.073e+03 1.317e+02 1.234e+02
s>        ( - 5.183e+02 1 0)
s>        ( - 1.423e+03 2 0))INFO: dtree.c(1315): Comp split 49
INFO: dtree.c(1439): stop. leaf nodes are specific
INFO: dtree.c(1478): Final simple tree
|( QUESTION0_0_R 1 1.877e+03 1.553e+02 1.019e+02
|    ( - 5.882e+02 1 0)
|    ( QUESTION0_7_R 1 1.134e+03 9.860e+01 6.531e+01
|        ( - 5.178e+02 1 0)
|        ( - 5.173e+02 1 0)))
s>    ( QUESTION0_0_R 1 1.877e+03 1.553e+02 1.019e+02
s>        ( - 5.882e+02 1 0)
s>        ( QUESTION0_7_R 1 1.134e+03 9.860e+01 6.531e+01
s>            ( - 5.178e+02 1 0)
s>            ( - 5.173e+02 1 0)))INFO: dtree.c(1439): stop. leaf nodes are specific
INFO: dtree.c(1478): Final simple tree
|( QUESTION0_7_R 1 3.476e+03 1.768e+02 1.840e+02
|    ( - 2.501e+03 3 0)
|    ( QUESTION0_0_R 1 7.973e+02 9.579e+01 4.623e+01
|        ( - 3.626e+02 1 0)
|        ( - 3.388e+02 1 0)))
s>    ( QUESTION0_7_R 1 3.476e+03 1.768e+02 1.840e+02
s>        ( - 2.501e+03 3 0)
s>        ( QUESTION0_0_R 1 7.973e+02 9.579e+01 4.623e+01
s>            ( - 3.626e+02 1 0)
s>            ( - 3.388e+02 1 0)))INFO: dtree.c(1315): Comp split 50
INFO: dtree.c(1315): Comp split 51
INFO: dtree.c(1315): Comp split 52
INFO: dtree.c(1439): stop. leaf nodes are specific
INFO: dtree.c(1478): Final simple tree
|( QUESTION0_7_R 1 1.231e+03 1.344e+02 7.610e+01
|    ( - 6.014e+02 1 0)
|    ( - 4.951e+02 1 0))
s>    ( QUESTION0_7_R 1 1.231e+03 1.344e+02 7.610e+01
s>        ( - 6.014e+02 1 0)
s>        ( - 4.951e+02 1 0))INFO: dtree.c(1315): Comp split 53
INFO: dtree.c(1439): stop. leaf nodes are specific
INFO: dtree.c(1478): Final simple tree
|( WDBNDRY_E 0 3.286e+03 1.583e+02 1.921e+02
|    ( QUESTION0_7_R 1 1.321e+03 1.285e+02 8.036e+01
|        ( - 6.241e+02 1 0)
|        ( - 5.685e+02 1 0))
|    ( - 1.807e+03 1 0))
s>    ( WDBNDRY_E 0 3.286e+03 1.583e+02 1.921e+02
s>        ( QUESTION0_7_R 1 1.321e+03 1.285e+02 8.036e+01
s>            ( - 6.241e+02 1 0)
s>            ( - 5.685e+02 1 0))
s>        ( - 1.807e+03 1 0))INFO: dtree.c(1315): Comp split 54
INFO: dtree.c(1439): stop. leaf nodes are specific
INFO: dtree.c(1478): Final simple tree
|( QUESTION0_17_R 1 9.400e+02 1.014e+02 6.065e+01
|    ( - 2.154e+02 1 0)
|    ( - 6.232e+02 1 0))
s>    ( QUESTION0_17_R 1 9.400e+02 1.014e+02 6.065e+01
s>        ( - 2.154e+02 1 0)
s>        ( - 6.232e+02 1 0))INFO: dtree.c(1315): Comp split 55
INFO: dtree.c(1439): stop. leaf nodes are specific
INFO: dtree.c(1478): Final simple tree
|( QUESTION0_8_R 1 2.224e+03 1.489e+02 1.230e+02
|    ( - 8.695e+02 1 0)
|    ( - 1.206e+03 1 0))
s>    ( QUESTION0_8_R 1 2.224e+03 1.489e+02 1.230e+02
s>        ( - 8.695e+02 1 0)
s>        ( - 1.206e+03 1 0))INFO: dtree.c(1439): stop. leaf nodes are specific
INFO: dtree.c(1478): Final simple tree
|( WDBNDRY_E 0 1.352e+03 1.085e+02 7.684e+01
|    ( - 1.008e+03 1 0)
|    ( - 2.349e+02 1 0))
s>    ( WDBNDRY_E 0 1.352e+03 1.085e+02 7.684e+01
s>        ( - 1.008e+03 1 0)
s>        ( - 2.349e+02 1 0))INFO: dtree.c(1315): Comp split 56
INFO: dtree.c(1439): stop. leaf nodes are specific
INFO: dtree.c(1478): Final simple tree
|( QUESTION0_0_R 1 1.832e+03 1.374e+02 9.964e+01
|    ( - 1.309e+03 1 0)
|    ( - 3.858e+02 1 0))
s>    ( QUESTION0_0_R 1 1.832e+03 1.374e+02 9.964e+01
s>        ( - 1.309e+03 1 0)
s>        ( - 3.858e+02 1 0))INFO: dtree.c(1315): Comp split 57
INFO: dtree.c(1315): Comp split 58
INFO: dtree.c(1439): stop. leaf nodes are specific
INFO: dtree.c(1478): Final simple tree
|( QUESTION0_15_R 1 1.265e+03 1.168e+02 7.705e+01
|    ( - 7.457e+02 1 0)
|    ( - 4.029e+02 1 0))
s>    ( QUESTION0_15_R 1 1.265e+03 1.168e+02 7.705e+01
s>        ( - 7.457e+02 1 0)
s>        ( - 4.029e+02 1 0))INFO: dtree.c(1439): stop. leaf nodes are specific
INFO: dtree.c(1478): Final simple tree
|( QUESTION0_7_R 1 7.216e+02 1.183e+02 4.625e+01
|    ( - 2.803e+02 1 0)
|    ( - 3.229e+02 1 0))
s>    ( QUESTION0_7_R 1 7.216e+02 1.183e+02 4.625e+01
s>        ( - 2.803e+02 1 0)
s>        ( - 3.229e+02 1 0))INFO: dtree.c(1315): Comp split 59
INFO: dtree.c(1439): stop. leaf nodes are specific
INFO: dtree.c(1478): Final simple tree
|( WDBNDRY_E 0 1.143e+03 1.106e+02 6.967e+01
|    ( - 5.197e+02 1 0)
|    ( - 5.128e+02 1 0))
s>    ( WDBNDRY_E 0 1.143e+03 1.106e+02 6.967e+01
s>        ( - 5.197e+02 1 0)
s>        ( - 5.128e+02 1 0))INFO: dtree.c(1439): stop. leaf nodes are specific
INFO: dtree.c(1478): Final simple tree
|( QUESTION0_17_R 1 1.605e+03 1.216e+02 9.368e+01
|    ( - 9.779e+02 1 0)
|    ( - 5.059e+02 1 0))
s>    ( QUESTION0_17_R 1 1.605e+03 1.216e+02 9.368e+01
s>        ( - 9.779e+02 1 0)
s>        ( - 5.059e+02 1 0))INFO: dtree.c(1315): Comp split 60
INFO: dtree.c(1439): stop. leaf nodes are specific
INFO: dtree.c(1478): Final simple tree
|( QUESTION0_7_R 1 1.520e+03 1.234e+02 9.032e+01
|    ( - 7.298e+02 1 0)
|    ( - 6.665e+02 1 0))
s>    ( QUESTION0_7_R 1 1.520e+03 1.234e+02 9.032e+01
s>        ( - 7.298e+02 1 0)
s>        ( - 6.665e+02 1 0))INFO: dtree.c(1315): Comp split 61
INFO: dtree.c(1439): stop. leaf nodes are specific
INFO: dtree.c(1478): Final simple tree
|( QUESTION7 1 1.759e+03 9.941e+01 1.100e+02
|    ( - 1.181e+03 1 0)
|    ( - 4.791e+02 1 0))
s>    ( QUESTION7 1 1.759e+03 9.941e+01 1.100e+02
s>        ( - 1.181e+03 1 0)
s>        ( - 4.791e+02 1 0))INFO: dtree.c(1315): Comp split 62
INFO: dtree.c(1315): Comp split 63
INFO: dtree.c(1315): Comp split 64
INFO: dtree.c(1439): stop. leaf nodes are specific
INFO: dtree.c(1478): Final simple tree
|( QUESTION0_0_R 1 1.309e+03 1.202e+02 7.015e+01
|    ( - 6.089e+02 1 0)
|    ( - 5.801e+02 1 0))
s>    ( QUESTION0_0_R 1 1.309e+03 1.202e+02 7.015e+01
s>        ( - 6.089e+02 1 0)
s>        ( - 5.801e+02 1 0))INFO: dtree.c(1315): Comp split 65
INFO: dtree.c(1439): stop. leaf nodes are specific
INFO: dtree.c(1478): Final simple tree
|( QUESTION0_0_R 1 7.973e+02 9.579e+01 4.623e+01
|    ( - 3.626e+02 1 0)
|    ( - 3.388e+02 1 0))
s>    ( QUESTION0_0_R 1 7.973e+02 9.579e+01 4.623e+01
s>        ( - 3.626e+02 1 0)
s>        ( - 3.388e+02 1 0))INFO: dtree.c(1315): Comp split 66
INFO: dtree.c(1315): Comp split 67
INFO: dtree.c(1439): stop. leaf nodes are specific
INFO: dtree.c(1478): Final simple tree
|( QUESTION9 1 1.704e+03 1.307e+02 1.003e+02
|    ( - 5.594e+02 1 0)
|    ( QUESTION0_7_R 1 1.014e+03 7.863e+01 6.297e+01
|        ( - 4.340e+02 1 0)
|        ( - 5.014e+02 1 0)))
s>    ( QUESTION9 1 1.704e+03 1.307e+02 1.003e+02
s>        ( - 5.594e+02 1 0)
s>        ( QUESTION0_7_R 1 1.014e+03 7.863e+01 6.297e+01
s>            ( - 4.340e+02 1 0)
s>            ( - 5.014e+02 1 0)))INFO: dtree.c(1439): stop. leaf nodes are specific
INFO: dtree.c(1478): Final simple tree
|( QUESTION0_9_R 1 3.466e+03 1.266e+02 1.906e+02
|    ( - 1.107e+03 1 0)
|    ( QUESTION0_7_R 1 2.232e+03 1.060e+02 1.252e+02
|        ( - 1.018e+03 2 0)
|        ( - 1.108e+03 1 0)))
s>    ( QUESTION0_9_R 1 3.466e+03 1.266e+02 1.906e+02
s>        ( - 1.107e+03 1 0)
s>        ( QUESTION0_7_R 1 2.232e+03 1.060e+02 1.252e+02
s>            ( - 1.018e+03 2 0)
s>            ( - 1.108e+03 1 0)))INFO: dtree.c(1315): Comp split 68
INFO: dtree.c(1315): Comp split 69
INFO: dtree.c(1439): stop. leaf nodes are specific
INFO: dtree.c(1478): Final simple tree
|( QUESTION8 1 9.808e+02 9.839e+01 5.836e+01
|    ( - 5.072e+02 1 0)
|    ( - 3.753e+02 1 0))
s>    ( QUESTION8 1 9.808e+02 9.839e+01 5.836e+01
s>        ( - 5.072e+02 1 0)
s>        ( - 3.753e+02 1 0))INFO: dtree.c(1315): Comp split 70
INFO: dtree.c(1315): Comp split 71
INFO: dtree.c(1439): stop. leaf nodes are specific
INFO: dtree.c(1478): Final simple tree
|( QUESTION0_7_R 1 1.321e+03 1.285e+02 8.036e+01
|    ( - 6.241e+02 1 0)
|    ( - 5.685e+02 1 0))
s>    ( QUESTION0_7_R 1 1.321e+03 1.285e+02 8.036e+01
s>        ( - 6.241e+02 1 0)
s>        ( - 5.685e+02 1 0))INFO: dtree.c(1315): Comp split 72
INFO: dtree.c(1439): stop. leaf nodes are specific
INFO: dtree.c(1478): Final simple tree
|( QUESTION0_7_R 1 1.134e+03 9.860e+01 6.531e+01
|    ( - 5.178e+02 1 0)
|    ( - 5.173e+02 1 0))
s>    ( QUESTION0_7_R 1 1.134e+03 9.860e+01 6.531e+01
s>        ( - 5.178e+02 1 0)
s>        ( - 5.173e+02 1 0))INFO: dtree.c(1315): Comp split 73
INFO: dtree.c(1439): stop. leaf nodes are specific
INFO: dtree.c(1478): Final simple tree
|( QUESTION0_7_R 1 8.966e+02 9.124e+01 5.923e+01
|    ( - 3.711e+02 1 0)
|    ( - 4.343e+02 1 0))
s>    ( QUESTION0_7_R 1 8.966e+02 9.124e+01 5.923e+01
s>        ( - 3.711e+02 1 0)
s>        ( - 4.343e+02 1 0))INFO: dtree.c(1315): Comp split 74
INFO: dtree.c(1315): Comp split 75
INFO: dtree.c(1315): Comp split 76
INFO: dtree.c(1439): stop. leaf nodes are specific
INFO: dtree.c(1478): Final simple tree
|( QUESTION0_0_R 1 1.380e+03 1.201e+02 8.327e+01
|    ( - 4.821e+02 1 0)
|    ( - 7.776e+02 2 0))
s>    ( QUESTION0_0_R 1 1.380e+03 1.201e+02 8.327e+01
s>        ( - 4.821e+02 1 0)
s>        ( - 7.776e+02 2 0))INFO: dtree.c(1315): Comp split 77
INFO: dtree.c(1439): stop. leaf nodes are specific
INFO: dtree.c(1478): Final simple tree
|( QUESTION0_7_R 1 3.381e+03 1.103e+02 1.807e+02
|    ( - 2.906e+02 1 0)
|    ( - 2.980e+03 1 0))
s>    ( QUESTION0_7_R 1 3.381e+03 1.103e+02 1.807e+02
s>        ( - 2.906e+02 1 0)
s>        ( - 2.980e+03 1 0))INFO: dtree.c(1315): Comp split 78
INFO: dtree.c(1315): Comp split 79
INFO: dtree.c(1315): Comp split 80
INFO: dtree.c(1315): Comp split 81
INFO: dtree.c(1315): Comp split 82
INFO: dtree.c(1315): Comp split 83
INFO: dtree.c(1315): Comp split 84
INFO: dtree.c(1315): Comp split 85
INFO: dtree.c(1439): stop. leaf nodes are specific
INFO: dtree.c(1478): Final simple tree
|( QUESTION0_7_R 1 1.014e+03 7.863e+01 6.297e+01
|    ( - 4.340e+02 1 0)
|    ( - 5.014e+02 1 0))
s>    ( QUESTION0_7_R 1 1.014e+03 7.863e+01 6.297e+01
s>        ( - 4.340e+02 1 0)
s>        ( - 5.014e+02 1 0))INFO: dtree.c(1315): Comp split 86
INFO: dtree.c(1315): Comp split 87
INFO: dtree.c(1439): stop. leaf nodes are specific
INFO: dtree.c(1478): Final simple tree
|( QUESTION0_7_R 1 2.232e+03 1.060e+02 1.252e+02
|    ( - 1.018e+03 2 0)
|    ( - 1.108e+03 1 0))
s>    ( QUESTION0_7_R 1 2.232e+03 1.060e+02 1.252e+02
s>        ( - 1.018e+03 2 0)
s>        ( - 1.108e+03 1 0))INFO: dtree.c(1315): Comp split 88
INFO: dtree.c(1315): Comp split 89
INFO: dtree.c(1315): Comp split 90
INFO: dtree.c(1315): Comp split 91
INFO: dtree.c(1315): Comp split 92
INFO: dtree.c(1315): Comp split 93
INFO: dtree.c(1315): Comp split 94
INFO: dtree.c(1315): Comp split 95
INFO: dtree.c(1315): Comp split 96
INFO: dtree.c(1315): Comp split 97
INFO: dtree.c(1315): Comp split 98
INFO: dtree.c(1315): Comp split 99
INFO: dtree.c(1315): Comp split 100
INFO: dtree.c(1315): Comp split 101
INFO: dtree.c(1315): Comp split 102
INFO: dtree.c(1315): Comp split 103
INFO: dtree.c(1315): Comp split 104
INFO: dtree.c(1315): Comp split 105
INFO: dtree.c(1315): Comp split 106
INFO: dtree.c(1315): Comp split 107
INFO: dtree.c(1315): Comp split 108
INFO: dtree.c(1315): Comp split 109
INFO: dtree.c(1318): stop. leaf nodes are specific
Fri Dec  3 07:39:06 2021
