Current configuration:
[NAME]		[DEFLT]	[VALUE]
-allphones	no	no
-cntthresh	0.00001	1.000000e-05
-csplitmax	100	2000
-csplitmin	1	1
-csplitthr	8e-4	0.000000e+00
-example	no	no
-fullvar	no	no
-help		no	no
-meanfn			
-mixwfn			/home/azhar/Tubes_Speech/commandreminder/model_parameters/commandreminder.cd_ptm_untied/mixture_weights
-moddeffn		/home/azhar/Tubes_Speech/commandreminder/model_architecture/commandreminder.untied.mdef
-mwfloor	1e-4	1.000000e-08
-phone			C
-psetfn			/home/azhar/Tubes_Speech/commandreminder/model_architecture/commandreminder.tree_questions
-ssplitmax	5	7
-ssplitmin	1	1
-ssplitthr	8e-4	0.000000e+00
-state			2
-stwt			1.0,0.05,0.0,
-treefn			/home/azhar/Tubes_Speech/commandreminder/trees/commandreminder.unpruned/C-2.dtree
-ts2cbfn	.semi.	.semi.
-varfloor	0.00001	1.000000e-05
-varfn			

INFO: main.c(223): Reading: /home/azhar/Tubes_Speech/commandreminder/model_architecture/commandreminder.untied.mdef
INFO: model_def_io.c(573): Model definition info:
INFO: model_def_io.c(574): 1061 total models defined (31 base, 1030 tri)
INFO: model_def_io.c(575): 4244 total states
INFO: model_def_io.c(576): 3183 total tied states
INFO: model_def_io.c(577): 93 total tied CI states
INFO: model_def_io.c(578): 31 total tied transition matrices
INFO: model_def_io.c(579): 4 max state/model
INFO: model_def_io.c(580): 4 min state/model
INFO: main.c(242): Building trees for [C A A b] through [C N O b]
INFO: main.c(269): Covering states |[702 737]| == 36
INFO: main.c(275): Reading: /home/azhar/Tubes_Speech/commandreminder/model_parameters/commandreminder.cd_ptm_untied/mixture_weights
INFO: s3mixw_io.c(173): Read /home/azhar/Tubes_Speech/commandreminder/model_parameters/commandreminder.cd_ptm_untied/mixture_weights [36x4x64 array]
INFO: main.c(311): 12 of 12 models have observation count greater than 0.000010
INFO: main.c(95): nrm stwt: 0.000 0.048 0.952 
INFO: main.c(411): 12-class entropy: 1.546350e+04
INFO: main.c(549): Reading: /home/azhar/Tubes_Speech/commandreminder/model_architecture/commandreminder.tree_questions
INFO: main.c(588): 174 total simple questions (166 phone; 8 word bndry)
INFO: main.c(590): 40 Left Only questions, and 42 Right Only questions
INFO: dtree.c(1478): Final simple tree
|( QUESTION0_4_R 1 1.922e+04 1.638e+03 9.825e+02
|    ( QUESTION1 -1 1.065e+04 2.390e+02 6.126e+02
|        ( WDBNDRY_B 0 5.046e+03 1.689e+02 2.940e+02
|            ( - 1.314e+03 2 0)
|            ( - 3.563e+03 1 0))
|        ( QUESTION0 -1 5.366e+03 1.333e+02 3.186e+02
|            ( - 1.587e+03 1 0)
|            ( - 3.645e+03 1 0)))
|    ( QUESTION3 1 6.934e+03 7.622e+02 3.699e+02
|        ( QUESTION2 -1 2.446e+03 1.858e+02 1.429e+02
|            ( - 7.056e+02 1 0)
|            ( - 1.554e+03 3 0 QUESTION0 -1 1.216e+02 9.785e+01))
|        ( QUESTION0_1_R 1 3.726e+03 2.869e+02 2.270e+02
|            ( - 2.597e+03 1 0)
|            ( - 8.412e+02 2 0 QUESTION6 -1 7.968e+01 5.516e+01))))
s>    ( QUESTION0_4_R 1 1.922e+04 1.638e+03 9.825e+02
s>        ( QUESTION1 -1 1.065e+04 2.390e+02 6.126e+02
s>            ( WDBNDRY_B 0 5.046e+03 1.689e+02 2.940e+02
s>                ( - 1.314e+03 2 0)
s>                ( - 3.563e+03 1 0))
s>            ( QUESTION0 -1 5.366e+03 1.333e+02 3.186e+02
s>                ( - 1.587e+03 1 0)
s>                ( - 3.645e+03 1 0)))
s>        ( QUESTION3 1 6.934e+03 7.622e+02 3.699e+02
s>            ( QUESTION2 -1 2.446e+03 1.858e+02 1.429e+02
s>                ( - 7.056e+02 1 0)
s>                ( - 1.554e+03 3 0 QUESTION0 -1 1.216e+02 9.785e+01))
s>            ( QUESTION0_1_R 1 3.726e+03 2.869e+02 2.270e+02
s>                ( - 2.597e+03 1 0)
s>                ( - 8.412e+02 2 0 QUESTION6 -1 7.968e+01 5.516e+01))))INFO: dtree.c(1315): Comp split 0
INFO: dtree.c(1439): stop. leaf nodes are specific
INFO: dtree.c(1478): Final simple tree
|( QUESTION0_1_R 1 1.163e+04 2.693e+02 6.576e+02
|    ( - 7.056e+02 1 0)
|    ( QUESTION1 -1 1.065e+04 2.390e+02 6.126e+02
|        ( WDBNDRY_B 0 5.046e+03 1.689e+02 2.940e+02
|            ( - 1.314e+03 2 0)
|            ( - 3.563e+03 1 0))
|        ( QUESTION0 -1 5.366e+03 1.333e+02 3.186e+02
|            ( - 1.587e+03 1 0)
|            ( - 3.645e+03 1 0))))
s>    ( QUESTION0_1_R 1 1.163e+04 2.693e+02 6.576e+02
s>        ( - 7.056e+02 1 0)
s>        ( QUESTION1 -1 1.065e+04 2.390e+02 6.126e+02
s>            ( WDBNDRY_B 0 5.046e+03 1.689e+02 2.940e+02
s>                ( - 1.314e+03 2 0)
s>                ( - 3.563e+03 1 0))
s>            ( QUESTION0 -1 5.366e+03 1.333e+02 3.186e+02
s>                ( - 1.587e+03 1 0)
s>                ( - 3.645e+03 1 0))))INFO: dtree.c(1439): stop. leaf nodes are specific
INFO: dtree.c(1478): Final simple tree
|( QUESTION3 1 5.948e+03 6.677e+02 3.249e+02
|    ( QUESTION0 -1 1.554e+03 1.216e+02 9.785e+01
|        ( - 5.249e+02 1 0)
|        ( WDBNDRY_B 0 9.080e+02 6.960e+01 6.086e+01
|            ( - 3.528e+02 1 0)
|            ( - 4.856e+02 1 0)))
|    ( QUESTION0_1_R 1 3.726e+03 2.869e+02 2.270e+02
|        ( - 2.597e+03 1 0)
|        ( QUESTION6 -1 8.412e+02 7.968e+01 5.516e+01
|            ( - 3.483e+02 1 0)
|            ( - 4.133e+02 1 0))))
s>    ( QUESTION3 1 5.948e+03 6.677e+02 3.249e+02
s>        ( QUESTION0 -1 1.554e+03 1.216e+02 9.785e+01
s>            ( - 5.249e+02 1 0)
s>            ( WDBNDRY_B 0 9.080e+02 6.960e+01 6.086e+01
s>                ( - 3.528e+02 1 0)
s>                ( - 4.856e+02 1 0)))
s>        ( QUESTION0_1_R 1 3.726e+03 2.869e+02 2.270e+02
s>            ( - 2.597e+03 1 0)
s>            ( QUESTION6 -1 8.412e+02 7.968e+01 5.516e+01
s>                ( - 3.483e+02 1 0)
s>                ( - 4.133e+02 1 0))))INFO: dtree.c(1315): Comp split 1
INFO: dtree.c(1439): stop. leaf nodes are specific
INFO: dtree.c(1478): Final simple tree
|( QUESTION0_1_R 1 3.726e+03 2.869e+02 2.270e+02
|    ( - 2.597e+03 1 0)
|    ( QUESTION6 -1 8.412e+02 7.968e+01 5.516e+01
|        ( - 3.483e+02 1 0)
|        ( - 4.133e+02 1 0)))
s>    ( QUESTION0_1_R 1 3.726e+03 2.869e+02 2.270e+02
s>        ( - 2.597e+03 1 0)
s>        ( QUESTION6 -1 8.412e+02 7.968e+01 5.516e+01
s>            ( - 3.483e+02 1 0)
s>            ( - 4.133e+02 1 0)))INFO: dtree.c(1439): stop. leaf nodes are specific
INFO: dtree.c(1478): Final simple tree
|( QUESTION0 -1 1.554e+03 1.216e+02 9.785e+01
|    ( - 5.249e+02 1 0)
|    ( WDBNDRY_B 0 9.080e+02 6.960e+01 6.086e+01
|        ( - 3.528e+02 1 0)
|        ( - 4.856e+02 1 0)))
s>    ( QUESTION0 -1 1.554e+03 1.216e+02 9.785e+01
s>        ( - 5.249e+02 1 0)
s>        ( WDBNDRY_B 0 9.080e+02 6.960e+01 6.086e+01
s>            ( - 3.528e+02 1 0)
s>            ( - 4.856e+02 1 0)))INFO: dtree.c(1315): Comp split 2
INFO: dtree.c(1439): stop. leaf nodes are specific
INFO: dtree.c(1478): Final simple tree
|( QUESTION6 -1 8.412e+02 7.968e+01 5.516e+01
|    ( - 3.483e+02 1 0)
|    ( - 4.133e+02 1 0))
s>    ( QUESTION6 -1 8.412e+02 7.968e+01 5.516e+01
s>        ( - 3.483e+02 1 0)
s>        ( - 4.133e+02 1 0))INFO: dtree.c(1315): Comp split 3
INFO: dtree.c(1439): stop. leaf nodes are specific
INFO: dtree.c(1478): Final simple tree
|( QUESTION1 -1 1.065e+04 2.390e+02 6.126e+02
|    ( WDBNDRY_B 0 5.046e+03 1.689e+02 2.940e+02
|        ( - 1.314e+03 2 0)
|        ( - 3.563e+03 1 0))
|    ( QUESTION0 -1 5.366e+03 1.333e+02 3.186e+02
|        ( - 1.587e+03 1 0)
|        ( - 3.645e+03 1 0)))
s>    ( QUESTION1 -1 1.065e+04 2.390e+02 6.126e+02
s>        ( WDBNDRY_B 0 5.046e+03 1.689e+02 2.940e+02
s>            ( - 1.314e+03 2 0)
s>            ( - 3.563e+03 1 0))
s>        ( QUESTION0 -1 5.366e+03 1.333e+02 3.186e+02
s>            ( - 1.587e+03 1 0)
s>            ( - 3.645e+03 1 0)))INFO: dtree.c(1315): Comp split 4
INFO: dtree.c(1439): stop. leaf nodes are specific
INFO: dtree.c(1478): Final simple tree
|( QUESTION0 -1 5.366e+03 1.333e+02 3.186e+02
|    ( - 1.587e+03 1 0)
|    ( - 3.645e+03 1 0))
s>    ( QUESTION0 -1 5.366e+03 1.333e+02 3.186e+02
s>        ( - 1.587e+03 1 0)
s>        ( - 3.645e+03 1 0))INFO: dtree.c(1439): stop. leaf nodes are specific
INFO: dtree.c(1478): Final simple tree
|( WDBNDRY_B 0 5.046e+03 1.689e+02 2.940e+02
|    ( - 1.314e+03 2 0)
|    ( - 3.563e+03 1 0))
s>    ( WDBNDRY_B 0 5.046e+03 1.689e+02 2.940e+02
s>        ( - 1.314e+03 2 0)
s>        ( - 3.563e+03 1 0))INFO: dtree.c(1315): Comp split 5
INFO: dtree.c(1315): Comp split 6
INFO: dtree.c(1315): Comp split 7
INFO: dtree.c(1439): stop. leaf nodes are specific
INFO: dtree.c(1478): Final simple tree
|( WDBNDRY_B 0 9.080e+02 6.960e+01 6.086e+01
|    ( - 3.528e+02 1 0)
|    ( - 4.856e+02 1 0))
s>    ( WDBNDRY_B 0 9.080e+02 6.960e+01 6.086e+01
s>        ( - 3.528e+02 1 0)
s>        ( - 4.856e+02 1 0))INFO: dtree.c(1315): Comp split 8
INFO: dtree.c(1315): Comp split 9
INFO: dtree.c(1315): Comp split 10
INFO: dtree.c(1318): stop. leaf nodes are specific
Fri Dec  3 07:39:01 2021
