Current configuration:
[NAME]		[DEFLT]	[VALUE]
-allphones	no	no
-cntthresh	0.00001	1.000000e-05
-csplitmax	100	2000
-csplitmin	1	1
-csplitthr	8e-4	0.000000e+00
-example	no	no
-fullvar	no	no
-help		no	no
-meanfn			
-mixwfn			/home/azhar/Tubes_Speech/commandreminder/model_parameters/commandreminder.cd_ptm_untied/mixture_weights
-moddeffn		/home/azhar/Tubes_Speech/commandreminder/model_architecture/commandreminder.untied.mdef
-mwfloor	1e-4	1.000000e-08
-phone			J
-psetfn			/home/azhar/Tubes_Speech/commandreminder/model_architecture/commandreminder.tree_questions
-ssplitmax	5	7
-ssplitmin	1	1
-ssplitthr	8e-4	0.000000e+00
-state			2
-stwt			1.0,0.05,0.0,
-treefn			/home/azhar/Tubes_Speech/commandreminder/trees/commandreminder.unpruned/J-2.dtree
-ts2cbfn	.semi.	.semi.
-varfloor	0.00001	1.000000e-05
-varfn			

INFO: main.c(223): Reading: /home/azhar/Tubes_Speech/commandreminder/model_architecture/commandreminder.untied.mdef
INFO: model_def_io.c(573): Model definition info:
INFO: model_def_io.c(574): 1061 total models defined (31 base, 1030 tri)
INFO: model_def_io.c(575): 4244 total states
INFO: model_def_io.c(576): 3183 total tied states
INFO: model_def_io.c(577): 93 total tied CI states
INFO: model_def_io.c(578): 31 total tied transition matrices
INFO: model_def_io.c(579): 4 max state/model
INFO: model_def_io.c(580): 4 min state/model
INFO: main.c(242): Building trees for [J A A b] through [J U U i]
INFO: main.c(269): Covering states |[1551 1592]| == 42
INFO: main.c(275): Reading: /home/azhar/Tubes_Speech/commandreminder/model_parameters/commandreminder.cd_ptm_untied/mixture_weights
INFO: s3mixw_io.c(173): Read /home/azhar/Tubes_Speech/commandreminder/model_parameters/commandreminder.cd_ptm_untied/mixture_weights [42x4x64 array]
INFO: main.c(311): 14 of 14 models have observation count greater than 0.000010
INFO: main.c(95): nrm stwt: 0.000 0.048 0.952 
INFO: main.c(411): 14-class entropy: 2.379928e+04
INFO: main.c(549): Reading: /home/azhar/Tubes_Speech/commandreminder/model_architecture/commandreminder.tree_questions
INFO: main.c(588): 174 total simple questions (166 phone; 8 word bndry)
INFO: main.c(590): 40 Left Only questions, and 42 Right Only questions
INFO: dtree.c(1478): Final simple tree
|( QUESTION4 1 2.964e+04 3.588e+03 1.549e+03
|    ( QUESTION0 -1 1.500e+04 3.301e+02 8.749e+02
|        ( WDBNDRY_B 0 4.242e+03 1.268e+02 2.524e+02
|            ( - 3.464e+03 1 0)
|            ( - 6.515e+02 1 0))
|        ( WDBNDRY_B 0 1.043e+04 3.060e+02 6.225e+02
|            ( - 2.467e+03 1 0)
|            ( - 7.653e+03 1 0)))
|    ( QUESTION0_1_R 1 1.106e+04 6.311e+02 6.741e+02
|        ( - 1.318e+03 1 0)
|        ( QUESTION0 -1 9.108e+03 1.832e+02 5.888e+02
|            ( QUESTION0_3_R 1 6.400e+03 1.434e+02 4.195e+02
|                ( - 3.298e+02 1 0)
|                ( - 5.927e+03 4 0 QUESTION1 -1 1.181e+02 3.965e+02))
|            ( - 2.525e+03 4 0 QUESTION19 -1 1.133e+02 1.693e+02))))
s>    ( QUESTION4 1 2.964e+04 3.588e+03 1.549e+03
s>        ( QUESTION0 -1 1.500e+04 3.301e+02 8.749e+02
s>            ( WDBNDRY_B 0 4.242e+03 1.268e+02 2.524e+02
s>                ( - 3.464e+03 1 0)
s>                ( - 6.515e+02 1 0))
s>            ( WDBNDRY_B 0 1.043e+04 3.060e+02 6.225e+02
s>                ( - 2.467e+03 1 0)
s>                ( - 7.653e+03 1 0)))
s>        ( QUESTION0_1_R 1 1.106e+04 6.311e+02 6.741e+02
s>            ( - 1.318e+03 1 0)
s>            ( QUESTION0 -1 9.108e+03 1.832e+02 5.888e+02
s>                ( QUESTION0_3_R 1 6.400e+03 1.434e+02 4.195e+02
s>                    ( - 3.298e+02 1 0)
s>                    ( - 5.927e+03 4 0 QUESTION1 -1 1.181e+02 3.965e+02))
s>                ( - 2.525e+03 4 0 QUESTION19 -1 1.133e+02 1.693e+02))))INFO: dtree.c(1315): Comp split 0
INFO: dtree.c(1478): Final simple tree
|( QUESTION0_1_R 1 1.106e+04 6.311e+02 6.741e+02
|    ( - 1.318e+03 1 0)
|    ( QUESTION0 -1 9.108e+03 1.832e+02 5.888e+02
|        ( QUESTION0_3_R 1 6.400e+03 1.434e+02 4.195e+02
|            ( - 3.298e+02 1 0)
|            ( QUESTION1 -1 5.927e+03 1.181e+02 3.965e+02
|                ( WDBNDRY_B 0 4.841e+03 7.101e+01 3.244e+02
|                    ( - 4.309e+03 2 0)
|                    ( - 4.615e+02 1 0))
|                ( - 9.674e+02 1 0)))
|        ( QUESTION19 -1 2.525e+03 1.133e+02 1.693e+02
|            ( WDBNDRY_B 0 1.448e+03 7.956e+01 1.026e+02
|                ( - 4.318e+02 1 0)
|                ( - 9.364e+02 1 0))
|            ( - 9.638e+02 2 0 QUESTION6 -1 6.922e+01 6.668e+01))))
s>    ( QUESTION0_1_R 1 1.106e+04 6.311e+02 6.741e+02
s>        ( - 1.318e+03 1 0)
s>        ( QUESTION0 -1 9.108e+03 1.832e+02 5.888e+02
s>            ( QUESTION0_3_R 1 6.400e+03 1.434e+02 4.195e+02
s>                ( - 3.298e+02 1 0)
s>                ( QUESTION1 -1 5.927e+03 1.181e+02 3.965e+02
s>                    ( WDBNDRY_B 0 4.841e+03 7.101e+01 3.244e+02
s>                        ( - 4.309e+03 2 0)
s>                        ( - 4.615e+02 1 0))
s>                    ( - 9.674e+02 1 0)))
s>            ( QUESTION19 -1 2.525e+03 1.133e+02 1.693e+02
s>                ( WDBNDRY_B 0 1.448e+03 7.956e+01 1.026e+02
s>                    ( - 4.318e+02 1 0)
s>                    ( - 9.364e+02 1 0))
s>                ( - 9.638e+02 2 0 QUESTION6 -1 6.922e+01 6.668e+01))))INFO: dtree.c(1439): stop. leaf nodes are specific
INFO: dtree.c(1478): Final simple tree
|( QUESTION0 -1 1.500e+04 3.301e+02 8.749e+02
|    ( WDBNDRY_B 0 4.242e+03 1.268e+02 2.524e+02
|        ( - 3.464e+03 1 0)
|        ( - 6.515e+02 1 0))
|    ( WDBNDRY_B 0 1.043e+04 3.060e+02 6.225e+02
|        ( - 2.467e+03 1 0)
|        ( - 7.653e+03 1 0)))
s>    ( QUESTION0 -1 1.500e+04 3.301e+02 8.749e+02
s>        ( WDBNDRY_B 0 4.242e+03 1.268e+02 2.524e+02
s>            ( - 3.464e+03 1 0)
s>            ( - 6.515e+02 1 0))
s>        ( WDBNDRY_B 0 1.043e+04 3.060e+02 6.225e+02
s>            ( - 2.467e+03 1 0)
s>            ( - 7.653e+03 1 0)))INFO: dtree.c(1315): Comp split 1
INFO: dtree.c(1478): Final simple tree
|( QUESTION0 -1 9.108e+03 1.832e+02 5.888e+02
|    ( QUESTION0_3_R 1 6.400e+03 1.434e+02 4.195e+02
|        ( - 3.298e+02 1 0)
|        ( QUESTION1 -1 5.927e+03 1.181e+02 3.965e+02
|            ( WDBNDRY_B 0 4.841e+03 7.101e+01 3.244e+02
|                ( - 4.309e+03 2 0)
|                ( - 4.615e+02 1 0))
|            ( - 9.674e+02 1 0)))
|    ( QUESTION19 -1 2.525e+03 1.133e+02 1.693e+02
|        ( WDBNDRY_B 0 1.448e+03 7.956e+01 1.026e+02
|            ( - 4.318e+02 1 0)
|            ( - 9.364e+02 1 0))
|        ( QUESTION6 -1 9.638e+02 6.922e+01 6.668e+01
|            ( - 4.301e+02 1 0)
|            ( - 4.645e+02 1 0))))
s>    ( QUESTION0 -1 9.108e+03 1.832e+02 5.888e+02
s>        ( QUESTION0_3_R 1 6.400e+03 1.434e+02 4.195e+02
s>            ( - 3.298e+02 1 0)
s>            ( QUESTION1 -1 5.927e+03 1.181e+02 3.965e+02
s>                ( WDBNDRY_B 0 4.841e+03 7.101e+01 3.244e+02
s>                    ( - 4.309e+03 2 0)
s>                    ( - 4.615e+02 1 0))
s>                ( - 9.674e+02 1 0)))
s>        ( QUESTION19 -1 2.525e+03 1.133e+02 1.693e+02
s>            ( WDBNDRY_B 0 1.448e+03 7.956e+01 1.026e+02
s>                ( - 4.318e+02 1 0)
s>                ( - 9.364e+02 1 0))
s>            ( QUESTION6 -1 9.638e+02 6.922e+01 6.668e+01
s>                ( - 4.301e+02 1 0)
s>                ( - 4.645e+02 1 0))))INFO: dtree.c(1315): Comp split 2
INFO: dtree.c(1439): stop. leaf nodes are specific
INFO: dtree.c(1478): Final simple tree
|( QUESTION0 -1 6.988e+03 2.786e+02 4.024e+02
|    ( WDBNDRY_B 0 4.242e+03 1.268e+02 2.524e+02
|        ( - 3.464e+03 1 0)
|        ( - 6.515e+02 1 0))
|    ( - 2.467e+03 1 0))
s>    ( QUESTION0 -1 6.988e+03 2.786e+02 4.024e+02
s>        ( WDBNDRY_B 0 4.242e+03 1.268e+02 2.524e+02
s>            ( - 3.464e+03 1 0)
s>            ( - 6.515e+02 1 0))
s>        ( - 2.467e+03 1 0))INFO: dtree.c(1315): Comp split 3
INFO: dtree.c(1439): stop. leaf nodes are specific
INFO: dtree.c(1478): Final simple tree
|( WDBNDRY_B 0 4.242e+03 1.268e+02 2.524e+02
|    ( - 3.464e+03 1 0)
|    ( - 6.515e+02 1 0))
s>    ( WDBNDRY_B 0 4.242e+03 1.268e+02 2.524e+02
s>        ( - 3.464e+03 1 0)
s>        ( - 6.515e+02 1 0))INFO: dtree.c(1315): Comp split 4
INFO: dtree.c(1439): stop. leaf nodes are specific
INFO: dtree.c(1478): Final simple tree
|( QUESTION1 -1 5.927e+03 1.181e+02 3.965e+02
|    ( WDBNDRY_B 0 4.841e+03 7.101e+01 3.244e+02
|        ( - 4.309e+03 2 0)
|        ( - 4.615e+02 1 0))
|    ( - 9.674e+02 1 0))
s>    ( QUESTION1 -1 5.927e+03 1.181e+02 3.965e+02
s>        ( WDBNDRY_B 0 4.841e+03 7.101e+01 3.244e+02
s>            ( - 4.309e+03 2 0)
s>            ( - 4.615e+02 1 0))
s>        ( - 9.674e+02 1 0))INFO: dtree.c(1439): stop. leaf nodes are specific
INFO: dtree.c(1478): Final simple tree
|( QUESTION19 -1 2.988e+03 1.369e+02 1.923e+02
|    ( WDBNDRY_B 0 1.448e+03 7.956e+01 1.026e+02
|        ( - 4.318e+02 1 0)
|        ( - 9.364e+02 1 0))
|    ( QUESTION0_3_R 1 1.404e+03 1.099e+02 8.973e+01
|        ( - 3.298e+02 1 0)
|        ( QUESTION6 -1 9.638e+02 6.922e+01 6.668e+01
|            ( - 4.301e+02 1 0)
|            ( - 4.645e+02 1 0))))
s>    ( QUESTION19 -1 2.988e+03 1.369e+02 1.923e+02
s>        ( WDBNDRY_B 0 1.448e+03 7.956e+01 1.026e+02
s>            ( - 4.318e+02 1 0)
s>            ( - 9.364e+02 1 0))
s>        ( QUESTION0_3_R 1 1.404e+03 1.099e+02 8.973e+01
s>            ( - 3.298e+02 1 0)
s>            ( QUESTION6 -1 9.638e+02 6.922e+01 6.668e+01
s>                ( - 4.301e+02 1 0)
s>                ( - 4.645e+02 1 0))))INFO: dtree.c(1315): Comp split 5
INFO: dtree.c(1439): stop. leaf nodes are specific
INFO: dtree.c(1478): Final simple tree
|( WDBNDRY_B 0 1.966e+03 8.854e+01 1.358e+02
|    ( QUESTION6 -1 9.413e+02 7.939e+01 6.551e+01
|        ( - 4.301e+02 1 0)
|        ( - 4.318e+02 1 0))
|    ( - 9.364e+02 1 0))
s>    ( WDBNDRY_B 0 1.966e+03 8.854e+01 1.358e+02
s>        ( QUESTION6 -1 9.413e+02 7.939e+01 6.551e+01
s>            ( - 4.301e+02 1 0)
s>            ( - 4.318e+02 1 0))
s>        ( - 9.364e+02 1 0))INFO: dtree.c(1439): stop. leaf nodes are specific
INFO: dtree.c(1478): Final simple tree
|( QUESTION0_3_R 1 8.817e+02 8.739e+01 5.655e+01
|    ( - 3.298e+02 1 0)
|    ( - 4.645e+02 1 0))
s>    ( QUESTION0_3_R 1 8.817e+02 8.739e+01 5.655e+01
s>        ( - 3.298e+02 1 0)
s>        ( - 4.645e+02 1 0))INFO: dtree.c(1315): Comp split 6
INFO: dtree.c(1315): Comp split 7
INFO: dtree.c(1439): stop. leaf nodes are specific
INFO: dtree.c(1478): Final simple tree
|( WDBNDRY_B 0 4.841e+03 7.101e+01 3.244e+02
|    ( - 4.309e+03 2 0)
|    ( - 4.615e+02 1 0))
s>    ( WDBNDRY_B 0 4.841e+03 7.101e+01 3.244e+02
s>        ( - 4.309e+03 2 0)
s>        ( - 4.615e+02 1 0))INFO: dtree.c(1315): Comp split 8
INFO: dtree.c(1439): stop. leaf nodes are specific
INFO: dtree.c(1478): Final simple tree
|( WDBNDRY_B 0 1.445e+03 7.823e+01 1.034e+02
|    ( - 4.301e+02 1 0)
|    ( - 9.364e+02 1 0))
s>    ( WDBNDRY_B 0 1.445e+03 7.823e+01 1.034e+02
s>        ( - 4.301e+02 1 0)
s>        ( - 9.364e+02 1 0))INFO: dtree.c(1315): Comp split 9
INFO: dtree.c(1315): Comp split 10
INFO: dtree.c(1315): Comp split 11
INFO: dtree.c(1315): Comp split 12
INFO: dtree.c(1318): stop. leaf nodes are specific
Fri Dec  3 07:39:08 2021
