Current configuration:
[NAME]		[DEFLT]	[VALUE]
-allphones	no	no
-cntthresh	0.00001	1.000000e-05
-csplitmax	100	2000
-csplitmin	1	1
-csplitthr	8e-4	0.000000e+00
-example	no	no
-fullvar	no	no
-help		no	no
-meanfn			
-mixwfn			/home/azhar/Tubes_Speech/commandreminder/model_parameters/commandreminder.cd_ptm_untied/mixture_weights
-moddeffn		/home/azhar/Tubes_Speech/commandreminder/model_architecture/commandreminder.untied.mdef
-mwfloor	1e-4	1.000000e-08
-phone			O
-psetfn			/home/azhar/Tubes_Speech/commandreminder/model_architecture/commandreminder.tree_questions
-ssplitmax	5	7
-ssplitmin	1	1
-ssplitthr	8e-4	0.000000e+00
-state			1
-stwt			1.0,0.05,0.0,
-treefn			/home/azhar/Tubes_Speech/commandreminder/trees/commandreminder.unpruned/O-1.dtree
-ts2cbfn	.semi.	.semi.
-varfloor	0.00001	1.000000e-05
-varfn			

INFO: main.c(223): Reading: /home/azhar/Tubes_Speech/commandreminder/model_architecture/commandreminder.untied.mdef
INFO: model_def_io.c(573): Model definition info:
INFO: model_def_io.c(574): 1061 total models defined (31 base, 1030 tri)
INFO: model_def_io.c(575): 4244 total states
INFO: model_def_io.c(576): 3183 total tied states
INFO: model_def_io.c(577): 93 total tied CI states
INFO: model_def_io.c(578): 31 total tied transition matrices
INFO: model_def_io.c(579): 4 max state/model
INFO: model_def_io.c(580): 4 min state/model
INFO: main.c(242): Building trees for [O B N i] through [O T K i]
INFO: main.c(269): Covering states |[2268 2336]| == 69
INFO: main.c(275): Reading: /home/azhar/Tubes_Speech/commandreminder/model_parameters/commandreminder.cd_ptm_untied/mixture_weights
INFO: s3mixw_io.c(173): Read /home/azhar/Tubes_Speech/commandreminder/model_parameters/commandreminder.cd_ptm_untied/mixture_weights [69x4x64 array]
INFO: main.c(311): 23 of 23 models have observation count greater than 0.000010
INFO: main.c(95): nrm stwt: 0.045 0.909 0.045 
INFO: main.c(411): 23-class entropy: 3.428033e+04
INFO: main.c(549): Reading: /home/azhar/Tubes_Speech/commandreminder/model_architecture/commandreminder.tree_questions
INFO: main.c(588): 174 total simple questions (166 phone; 8 word bndry)
INFO: main.c(590): 40 Left Only questions, and 42 Right Only questions
INFO: dtree.c(1478): Final simple tree
|( QUESTION7 1 4.401e+04 2.332e+03 2.178e+03
|    ( QUESTION2_0_L -1 1.465e+04 6.634e+02 7.569e+02
|        ( - 5.040e+03 3 0 QUESTION6 -1 3.843e+02 2.714e+02)
|        ( - 8.943e+03 4 0 QUESTION6 -1 3.046e+02 4.855e+02))
|    ( QUESTION2_12_L -1 2.703e+04 1.122e+03 1.421e+03
|        ( - 3.533e+03 1 0)
|        ( QUESTION15 -1 2.237e+04 8.510e+02 1.202e+03
|            ( QUESTION0_19_R 1 6.824e+03 4.793e+02 4.241e+02
|                ( - 4.408e+03 1 0)
|                ( - 1.937e+03 1 0))
|            ( QUESTION0_7_R 1 1.470e+04 4.855e+02 7.779e+02
|                ( - 2.743e+03 4 0 QUESTION0_8_R 1 2.462e+02 1.510e+02)
|                ( QUESTION8 -1 1.147e+04 4.888e+02 6.269e+02
|                    ( - 4.126e+03 5 0 QUESTION0_18_R 1 3.602e+02 2.369e+02)
|                    ( - 6.857e+03 4 0 WDBNDRY_B 0 3.536e+02 3.900e+02))))))
s>    ( QUESTION7 1 4.401e+04 2.332e+03 2.178e+03
s>        ( QUESTION2_0_L -1 1.465e+04 6.634e+02 7.569e+02
s>            ( - 5.040e+03 3 0 QUESTION6 -1 3.843e+02 2.714e+02)
s>            ( - 8.943e+03 4 0 QUESTION6 -1 3.046e+02 4.855e+02))
s>        ( QUESTION2_12_L -1 2.703e+04 1.122e+03 1.421e+03
s>            ( - 3.533e+03 1 0)
s>            ( QUESTION15 -1 2.237e+04 8.510e+02 1.202e+03
s>                ( QUESTION0_19_R 1 6.824e+03 4.793e+02 4.241e+02
s>                    ( - 4.408e+03 1 0)
s>                    ( - 1.937e+03 1 0))
s>                ( QUESTION0_7_R 1 1.470e+04 4.855e+02 7.779e+02
s>                    ( - 2.743e+03 4 0 QUESTION0_8_R 1 2.462e+02 1.510e+02)
s>                    ( QUESTION8 -1 1.147e+04 4.888e+02 6.269e+02
s>                        ( - 4.126e+03 5 0 QUESTION0_18_R 1 3.602e+02 2.369e+02)
s>                        ( - 6.857e+03 4 0 WDBNDRY_B 0 3.536e+02 3.900e+02))))))INFO: dtree.c(1315): Comp split 0
INFO: dtree.c(1478): Final simple tree
|( QUESTION2_12_L -1 2.703e+04 1.122e+03 1.421e+03
|    ( - 3.533e+03 1 0)
|    ( QUESTION15 -1 2.237e+04 8.510e+02 1.202e+03
|        ( QUESTION0_19_R 1 6.824e+03 4.793e+02 4.241e+02
|            ( - 4.408e+03 1 0)
|            ( - 1.937e+03 1 0))
|        ( QUESTION0_7_R 1 1.470e+04 4.855e+02 7.779e+02
|            ( - 2.743e+03 4 0 QUESTION0_8_R 1 2.462e+02 1.510e+02)
|            ( QUESTION8 -1 1.147e+04 4.888e+02 6.269e+02
|                ( QUESTION0_18_R 1 4.126e+03 3.602e+02 2.369e+02
|                    ( - 2.409e+03 2 0 QUESTION0_19_R 1 2.140e+02 1.615e+02)
|                    ( - 1.357e+03 3 0 WDBNDRY_E 0 1.430e+02 7.547e+01))
|                ( WDBNDRY_B 0 6.857e+03 3.536e+02 3.900e+02
|                    ( - 1.025e+03 1 0)
|                    ( - 5.478e+03 3 0 QUESTION7 -1 2.665e+02 3.249e+02))))))
s>    ( QUESTION2_12_L -1 2.703e+04 1.122e+03 1.421e+03
s>        ( - 3.533e+03 1 0)
s>        ( QUESTION15 -1 2.237e+04 8.510e+02 1.202e+03
s>            ( QUESTION0_19_R 1 6.824e+03 4.793e+02 4.241e+02
s>                ( - 4.408e+03 1 0)
s>                ( - 1.937e+03 1 0))
s>            ( QUESTION0_7_R 1 1.470e+04 4.855e+02 7.779e+02
s>                ( - 2.743e+03 4 0 QUESTION0_8_R 1 2.462e+02 1.510e+02)
s>                ( QUESTION8 -1 1.147e+04 4.888e+02 6.269e+02
s>                    ( QUESTION0_18_R 1 4.126e+03 3.602e+02 2.369e+02
s>                        ( - 2.409e+03 2 0 QUESTION0_19_R 1 2.140e+02 1.615e+02)
s>                        ( - 1.357e+03 3 0 WDBNDRY_E 0 1.430e+02 7.547e+01))
s>                    ( WDBNDRY_B 0 6.857e+03 3.536e+02 3.900e+02
s>                        ( - 1.025e+03 1 0)
s>                        ( - 5.478e+03 3 0 QUESTION7 -1 2.665e+02 3.249e+02))))))INFO: dtree.c(1439): stop. leaf nodes are specific
INFO: dtree.c(1478): Final simple tree
|( QUESTION2_0_L -1 1.465e+04 6.634e+02 7.569e+02
|    ( QUESTION6 -1 5.040e+03 3.843e+02 2.714e+02
|        ( QUESTION8 1 1.510e+03 1.934e+02 8.668e+01
|            ( - 9.328e+02 1 0)
|            ( - 3.840e+02 1 0))
|        ( - 3.146e+03 1 0))
|    ( QUESTION6 -1 8.943e+03 3.046e+02 4.855e+02
|        ( QUESTION7 -1 2.352e+03 1.783e+02 1.389e+02
|            ( - 1.195e+03 1 0)
|            ( QUESTION11 -1 9.779e+02 1.036e+02 6.260e+01
|                ( - 4.543e+02 1 0)
|                ( - 4.201e+02 1 0)))
|        ( - 6.287e+03 1 0)))
s>    ( QUESTION2_0_L -1 1.465e+04 6.634e+02 7.569e+02
s>        ( QUESTION6 -1 5.040e+03 3.843e+02 2.714e+02
s>            ( QUESTION8 1 1.510e+03 1.934e+02 8.668e+01
s>                ( - 9.328e+02 1 0)
s>                ( - 3.840e+02 1 0))
s>            ( - 3.146e+03 1 0))
s>        ( QUESTION6 -1 8.943e+03 3.046e+02 4.855e+02
s>            ( QUESTION7 -1 2.352e+03 1.783e+02 1.389e+02
s>                ( - 1.195e+03 1 0)
s>                ( QUESTION11 -1 9.779e+02 1.036e+02 6.260e+01
s>                    ( - 4.543e+02 1 0)
s>                    ( - 4.201e+02 1 0)))
s>            ( - 6.287e+03 1 0)))INFO: dtree.c(1315): Comp split 1
INFO: dtree.c(1478): Final simple tree
|( QUESTION15 -1 2.237e+04 8.510e+02 1.202e+03
|    ( QUESTION0_19_R 1 6.824e+03 4.793e+02 4.241e+02
|        ( - 4.408e+03 1 0)
|        ( - 1.937e+03 1 0))
|    ( QUESTION0_7_R 1 1.470e+04 4.855e+02 7.779e+02
|        ( - 2.743e+03 4 0 QUESTION0_8_R 1 2.462e+02 1.510e+02)
|        ( QUESTION8 -1 1.147e+04 4.888e+02 6.269e+02
|            ( QUESTION0_18_R 1 4.126e+03 3.602e+02 2.369e+02
|                ( - 2.409e+03 2 0 QUESTION0_19_R 1 2.140e+02 1.615e+02)
|                ( - 1.357e+03 3 0 WDBNDRY_E 0 1.430e+02 7.547e+01))
|            ( WDBNDRY_B 0 6.857e+03 3.536e+02 3.900e+02
|                ( - 1.025e+03 1 0)
|                ( QUESTION7 -1 5.478e+03 2.665e+02 3.249e+02
|                    ( - 3.307e+03 2 0 QUESTION0_15_R 1 1.718e+02 1.960e+02)
|                    ( - 1.904e+03 1 0))))))
s>    ( QUESTION15 -1 2.237e+04 8.510e+02 1.202e+03
s>        ( QUESTION0_19_R 1 6.824e+03 4.793e+02 4.241e+02
s>            ( - 4.408e+03 1 0)
s>            ( - 1.937e+03 1 0))
s>        ( QUESTION0_7_R 1 1.470e+04 4.855e+02 7.779e+02
s>            ( - 2.743e+03 4 0 QUESTION0_8_R 1 2.462e+02 1.510e+02)
s>            ( QUESTION8 -1 1.147e+04 4.888e+02 6.269e+02
s>                ( QUESTION0_18_R 1 4.126e+03 3.602e+02 2.369e+02
s>                    ( - 2.409e+03 2 0 QUESTION0_19_R 1 2.140e+02 1.615e+02)
s>                    ( - 1.357e+03 3 0 WDBNDRY_E 0 1.430e+02 7.547e+01))
s>                ( WDBNDRY_B 0 6.857e+03 3.536e+02 3.900e+02
s>                    ( - 1.025e+03 1 0)
s>                    ( QUESTION7 -1 5.478e+03 2.665e+02 3.249e+02
s>                        ( - 3.307e+03 2 0 QUESTION0_15_R 1 1.718e+02 1.960e+02)
s>                        ( - 1.904e+03 1 0))))))INFO: dtree.c(1315): Comp split 2
INFO: dtree.c(1439): stop. leaf nodes are specific
INFO: dtree.c(1478): Final simple tree
|( QUESTION0_19_R 1 9.612e+03 5.380e+02 5.856e+02
|    ( QUESTION6 -1 5.979e+03 3.169e+02 3.732e+02
|        ( - 1.254e+03 1 0)
|        ( - 4.408e+03 1 0))
|    ( QUESTION6 -1 3.095e+03 2.177e+02 2.124e+02
|        ( - 9.410e+02 1 0)
|        ( - 1.937e+03 1 0)))
s>    ( QUESTION0_19_R 1 9.612e+03 5.380e+02 5.856e+02
s>        ( QUESTION6 -1 5.979e+03 3.169e+02 3.732e+02
s>            ( - 1.254e+03 1 0)
s>            ( - 4.408e+03 1 0))
s>        ( QUESTION6 -1 3.095e+03 2.177e+02 2.124e+02
s>            ( - 9.410e+02 1 0)
s>            ( - 1.937e+03 1 0)))INFO: dtree.c(1478): Final simple tree
|( QUESTION0_7_R 1 1.183e+04 4.407e+02 6.165e+02
|    ( QUESTION0_8_R 1 2.743e+03 2.462e+02 1.510e+02
|        ( - 1.302e+03 2 0 QUESTION0 -1 1.236e+02 7.791e+01)
|        ( QUESTION7 -1 1.195e+03 1.556e+02 7.311e+01
|            ( - 6.374e+02 1 0)
|            ( - 4.022e+02 1 0)))
|    ( QUESTION8 -1 8.647e+03 4.326e+02 4.655e+02
|        ( - 1.357e+03 3 0 WDBNDRY_E 0 1.430e+02 7.547e+01)
|        ( WDBNDRY_B 0 6.857e+03 3.536e+02 3.900e+02
|            ( - 1.025e+03 1 0)
|            ( QUESTION7 -1 5.478e+03 2.665e+02 3.249e+02
|                ( QUESTION0_15_R 1 3.307e+03 1.718e+02 1.960e+02
|                    ( - 5.845e+02 1 0)
|                    ( - 2.551e+03 1 0))
|                ( - 1.904e+03 1 0)))))
s>    ( QUESTION0_7_R 1 1.183e+04 4.407e+02 6.165e+02
s>        ( QUESTION0_8_R 1 2.743e+03 2.462e+02 1.510e+02
s>            ( - 1.302e+03 2 0 QUESTION0 -1 1.236e+02 7.791e+01)
s>            ( QUESTION7 -1 1.195e+03 1.556e+02 7.311e+01
s>                ( - 6.374e+02 1 0)
s>                ( - 4.022e+02 1 0)))
s>        ( QUESTION8 -1 8.647e+03 4.326e+02 4.655e+02
s>            ( - 1.357e+03 3 0 WDBNDRY_E 0 1.430e+02 7.547e+01)
s>            ( WDBNDRY_B 0 6.857e+03 3.536e+02 3.900e+02
s>                ( - 1.025e+03 1 0)
s>                ( QUESTION7 -1 5.478e+03 2.665e+02 3.249e+02
s>                    ( QUESTION0_15_R 1 3.307e+03 1.718e+02 1.960e+02
s>                        ( - 5.845e+02 1 0)
s>                        ( - 2.551e+03 1 0))
s>                    ( - 1.904e+03 1 0)))))INFO: dtree.c(1315): Comp split 3
INFO: dtree.c(1439): stop. leaf nodes are specific
INFO: dtree.c(1478): Final simple tree
|( QUESTION6 -1 8.943e+03 3.046e+02 4.855e+02
|    ( QUESTION7 -1 2.352e+03 1.783e+02 1.389e+02
|        ( - 1.195e+03 1 0)
|        ( QUESTION11 -1 9.779e+02 1.036e+02 6.260e+01
|            ( - 4.543e+02 1 0)
|            ( - 4.201e+02 1 0)))
|    ( - 6.287e+03 1 0))
s>    ( QUESTION6 -1 8.943e+03 3.046e+02 4.855e+02
s>        ( QUESTION7 -1 2.352e+03 1.783e+02 1.389e+02
s>            ( - 1.195e+03 1 0)
s>            ( QUESTION11 -1 9.779e+02 1.036e+02 6.260e+01
s>                ( - 4.543e+02 1 0)
s>                ( - 4.201e+02 1 0)))
s>        ( - 6.287e+03 1 0))INFO: dtree.c(1439): stop. leaf nodes are specific
INFO: dtree.c(1478): Final simple tree
|( QUESTION6 -1 5.040e+03 3.843e+02 2.714e+02
|    ( QUESTION8 1 1.510e+03 1.934e+02 8.668e+01
|        ( - 9.328e+02 1 0)
|        ( - 3.840e+02 1 0))
|    ( - 3.146e+03 1 0))
s>    ( QUESTION6 -1 5.040e+03 3.843e+02 2.714e+02
s>        ( QUESTION8 1 1.510e+03 1.934e+02 8.668e+01
s>            ( - 9.328e+02 1 0)
s>            ( - 3.840e+02 1 0))
s>        ( - 3.146e+03 1 0))INFO: dtree.c(1315): Comp split 4
INFO: dtree.c(1439): stop. leaf nodes are specific
INFO: dtree.c(1478): Final simple tree
|( QUESTION7 -1 5.478e+03 2.665e+02 3.249e+02
|    ( QUESTION0_15_R 1 3.307e+03 1.718e+02 1.960e+02
|        ( - 5.845e+02 1 0)
|        ( - 2.551e+03 1 0))
|    ( - 1.904e+03 1 0))
s>    ( QUESTION7 -1 5.478e+03 2.665e+02 3.249e+02
s>        ( QUESTION0_15_R 1 3.307e+03 1.718e+02 1.960e+02
s>            ( - 5.845e+02 1 0)
s>            ( - 2.551e+03 1 0))
s>        ( - 1.904e+03 1 0))INFO: dtree.c(1478): Final simple tree
|( WDBNDRY_B 0 5.772e+03 3.531e+02 2.915e+02
|    ( - 1.025e+03 1 0)
|    ( QUESTION0_9_R 1 4.395e+03 3.183e+02 2.265e+02
|        ( QUESTION7 -1 1.195e+03 1.556e+02 7.311e+01
|            ( - 6.374e+02 1 0)
|            ( - 4.022e+02 1 0))
|        ( QUESTION0_7_R 1 2.881e+03 2.222e+02 1.534e+02
|            ( QUESTION0 -1 1.302e+03 1.236e+02 7.791e+01
|                ( - 6.372e+02 1 0)
|                ( - 5.407e+02 1 0))
|            ( WDBNDRY_E 0 1.357e+03 1.430e+02 7.547e+01
|                ( - 4.503e+02 1 0)
|                ( QUESTION0_15_R 1 7.640e+02 1.076e+02 4.544e+01
|                    ( - 2.363e+02 1 0)
|                    ( - 4.201e+02 1 0))))))
s>    ( WDBNDRY_B 0 5.772e+03 3.531e+02 2.915e+02
s>        ( - 1.025e+03 1 0)
s>        ( QUESTION0_9_R 1 4.395e+03 3.183e+02 2.265e+02
s>            ( QUESTION7 -1 1.195e+03 1.556e+02 7.311e+01
s>                ( - 6.374e+02 1 0)
s>                ( - 4.022e+02 1 0))
s>            ( QUESTION0_7_R 1 2.881e+03 2.222e+02 1.534e+02
s>                ( QUESTION0 -1 1.302e+03 1.236e+02 7.791e+01
s>                    ( - 6.372e+02 1 0)
s>                    ( - 5.407e+02 1 0))
s>                ( WDBNDRY_E 0 1.357e+03 1.430e+02 7.547e+01
s>                    ( - 4.503e+02 1 0)
s>                    ( QUESTION0_15_R 1 7.640e+02 1.076e+02 4.544e+01
s>                        ( - 2.363e+02 1 0)
s>                        ( - 4.201e+02 1 0))))))INFO: dtree.c(1315): Comp split 5
INFO: dtree.c(1439): stop. leaf nodes are specific
INFO: dtree.c(1478): Final simple tree
|( QUESTION6 -1 3.095e+03 2.177e+02 2.124e+02
|    ( - 9.410e+02 1 0)
|    ( - 1.937e+03 1 0))
s>    ( QUESTION6 -1 3.095e+03 2.177e+02 2.124e+02
s>        ( - 9.410e+02 1 0)
s>        ( - 1.937e+03 1 0))INFO: dtree.c(1439): stop. leaf nodes are specific
INFO: dtree.c(1478): Final simple tree
|( QUESTION6 -1 5.979e+03 3.169e+02 3.732e+02
|    ( - 1.254e+03 1 0)
|    ( - 4.408e+03 1 0))
s>    ( QUESTION6 -1 5.979e+03 3.169e+02 3.732e+02
s>        ( - 1.254e+03 1 0)
s>        ( - 4.408e+03 1 0))INFO: dtree.c(1315): Comp split 6
INFO: dtree.c(1439): stop. leaf nodes are specific
INFO: dtree.c(1478): Final simple tree
|( QUESTION8 1 1.510e+03 1.934e+02 8.668e+01
|    ( - 9.328e+02 1 0)
|    ( - 3.840e+02 1 0))
s>    ( QUESTION8 1 1.510e+03 1.934e+02 8.668e+01
s>        ( - 9.328e+02 1 0)
s>        ( - 3.840e+02 1 0))INFO: dtree.c(1315): Comp split 7
INFO: dtree.c(1439): stop. leaf nodes are specific
INFO: dtree.c(1478): Final simple tree
|( QUESTION0_7_R 1 2.881e+03 2.222e+02 1.534e+02
|    ( QUESTION0 -1 1.302e+03 1.236e+02 7.791e+01
|        ( - 6.372e+02 1 0)
|        ( - 5.407e+02 1 0))
|    ( WDBNDRY_E 0 1.357e+03 1.430e+02 7.547e+01
|        ( - 4.503e+02 1 0)
|        ( QUESTION0_15_R 1 7.640e+02 1.076e+02 4.544e+01
|            ( - 2.363e+02 1 0)
|            ( - 4.201e+02 1 0))))
s>    ( QUESTION0_7_R 1 2.881e+03 2.222e+02 1.534e+02
s>        ( QUESTION0 -1 1.302e+03 1.236e+02 7.791e+01
s>            ( - 6.372e+02 1 0)
s>            ( - 5.407e+02 1 0))
s>        ( WDBNDRY_E 0 1.357e+03 1.430e+02 7.547e+01
s>            ( - 4.503e+02 1 0)
s>            ( QUESTION0_15_R 1 7.640e+02 1.076e+02 4.544e+01
s>                ( - 2.363e+02 1 0)
s>                ( - 4.201e+02 1 0))))INFO: dtree.c(1439): stop. leaf nodes are specific
INFO: dtree.c(1478): Final simple tree
|( WDBNDRY_B 0 2.528e+03 3.080e+02 1.381e+02
|    ( - 1.025e+03 1 0)
|    ( QUESTION7 -1 1.195e+03 1.556e+02 7.311e+01
|        ( - 6.374e+02 1 0)
|        ( - 4.022e+02 1 0)))
s>    ( WDBNDRY_B 0 2.528e+03 3.080e+02 1.381e+02
s>        ( - 1.025e+03 1 0)
s>        ( QUESTION7 -1 1.195e+03 1.556e+02 7.311e+01
s>            ( - 6.374e+02 1 0)
s>            ( - 4.022e+02 1 0)))INFO: dtree.c(1315): Comp split 8
INFO: dtree.c(1315): Comp split 9
INFO: dtree.c(1439): stop. leaf nodes are specific
INFO: dtree.c(1478): Final simple tree
|( QUESTION7 -1 1.195e+03 1.556e+02 7.311e+01
|    ( - 6.374e+02 1 0)
|    ( - 4.022e+02 1 0))
s>    ( QUESTION7 -1 1.195e+03 1.556e+02 7.311e+01
s>        ( - 6.374e+02 1 0)
s>        ( - 4.022e+02 1 0))INFO: dtree.c(1315): Comp split 10
INFO: dtree.c(1439): stop. leaf nodes are specific
INFO: dtree.c(1478): Final simple tree
|( QUESTION7 -1 2.352e+03 1.783e+02 1.389e+02
|    ( - 1.195e+03 1 0)
|    ( QUESTION11 -1 9.779e+02 1.036e+02 6.260e+01
|        ( - 4.543e+02 1 0)
|        ( - 4.201e+02 1 0)))
s>    ( QUESTION7 -1 2.352e+03 1.783e+02 1.389e+02
s>        ( - 1.195e+03 1 0)
s>        ( QUESTION11 -1 9.779e+02 1.036e+02 6.260e+01
s>            ( - 4.543e+02 1 0)
s>            ( - 4.201e+02 1 0)))INFO: dtree.c(1315): Comp split 11
INFO: dtree.c(1439): stop. leaf nodes are specific
INFO: dtree.c(1478): Final simple tree
|( QUESTION0_15_R 1 3.307e+03 1.718e+02 1.960e+02
|    ( - 5.845e+02 1 0)
|    ( - 2.551e+03 1 0))
s>    ( QUESTION0_15_R 1 3.307e+03 1.718e+02 1.960e+02
s>        ( - 5.845e+02 1 0)
s>        ( - 2.551e+03 1 0))INFO: dtree.c(1315): Comp split 12
INFO: dtree.c(1439): stop. leaf nodes are specific
INFO: dtree.c(1478): Final simple tree
|( WDBNDRY_E 0 1.357e+03 1.430e+02 7.547e+01
|    ( - 4.503e+02 1 0)
|    ( QUESTION0_15_R 1 7.640e+02 1.076e+02 4.544e+01
|        ( - 2.363e+02 1 0)
|        ( - 4.201e+02 1 0)))
s>    ( WDBNDRY_E 0 1.357e+03 1.430e+02 7.547e+01
s>        ( - 4.503e+02 1 0)
s>        ( QUESTION0_15_R 1 7.640e+02 1.076e+02 4.544e+01
s>            ( - 2.363e+02 1 0)
s>            ( - 4.201e+02 1 0)))INFO: dtree.c(1439): stop. leaf nodes are specific
INFO: dtree.c(1478): Final simple tree
|( QUESTION0 -1 1.302e+03 1.236e+02 7.791e+01
|    ( - 6.372e+02 1 0)
|    ( - 5.407e+02 1 0))
s>    ( QUESTION0 -1 1.302e+03 1.236e+02 7.791e+01
s>        ( - 6.372e+02 1 0)
s>        ( - 5.407e+02 1 0))INFO: dtree.c(1315): Comp split 13
INFO: dtree.c(1315): Comp split 14
INFO: dtree.c(1315): Comp split 15
INFO: dtree.c(1439): stop. leaf nodes are specific
INFO: dtree.c(1478): Final simple tree
|( QUESTION11 -1 9.779e+02 1.036e+02 6.260e+01
|    ( - 4.543e+02 1 0)
|    ( - 4.201e+02 1 0))
s>    ( QUESTION11 -1 9.779e+02 1.036e+02 6.260e+01
s>        ( - 4.543e+02 1 0)
s>        ( - 4.201e+02 1 0))INFO: dtree.c(1315): Comp split 16
INFO: dtree.c(1315): Comp split 17
INFO: dtree.c(1315): Comp split 18
INFO: dtree.c(1439): stop. leaf nodes are specific
INFO: dtree.c(1478): Final simple tree
|( QUESTION0_15_R 1 7.640e+02 1.076e+02 4.544e+01
|    ( - 2.363e+02 1 0)
|    ( - 4.201e+02 1 0))
s>    ( QUESTION0_15_R 1 7.640e+02 1.076e+02 4.544e+01
s>        ( - 2.363e+02 1 0)
s>        ( - 4.201e+02 1 0))INFO: dtree.c(1315): Comp split 19
INFO: dtree.c(1315): Comp split 20
INFO: dtree.c(1315): Comp split 21
INFO: dtree.c(1315): Comp split 22
INFO: dtree.c(1318): stop. leaf nodes are specific
Fri Dec  3 07:39:15 2021
