Current configuration:
[NAME]		[DEFLT]	[VALUE]
-allphones	no	no
-cntthresh	0.00001	1.000000e-05
-csplitmax	100	2000
-csplitmin	1	1
-csplitthr	8e-4	0.000000e+00
-example	no	no
-fullvar	no	no
-help		no	no
-meanfn			
-mixwfn			/home/azhar/Tubes_Speech/commandreminder/model_parameters/commandreminder.cd_ptm_untied/mixture_weights
-moddeffn		/home/azhar/Tubes_Speech/commandreminder/model_architecture/commandreminder.untied.mdef
-mwfloor	1e-4	1.000000e-08
-phone			NG
-psetfn			/home/azhar/Tubes_Speech/commandreminder/model_architecture/commandreminder.tree_questions
-ssplitmax	5	7
-ssplitmin	1	1
-ssplitthr	8e-4	0.000000e+00
-state			1
-stwt			1.0,0.05,0.0,
-treefn			/home/azhar/Tubes_Speech/commandreminder/trees/commandreminder.unpruned/NG-1.dtree
-ts2cbfn	.semi.	.semi.
-varfloor	0.00001	1.000000e-05
-varfn			

INFO: main.c(223): Reading: /home/azhar/Tubes_Speech/commandreminder/model_architecture/commandreminder.untied.mdef
INFO: model_def_io.c(573): Model definition info:
INFO: model_def_io.c(574): 1061 total models defined (31 base, 1030 tri)
INFO: model_def_io.c(575): 4244 total states
INFO: model_def_io.c(576): 3183 total tied states
INFO: model_def_io.c(577): 93 total tied CI states
INFO: model_def_io.c(578): 31 total tied transition matrices
INFO: model_def_io.c(579): 4 max state/model
INFO: model_def_io.c(580): 4 min state/model
INFO: main.c(242): Building trees for [NG A A i] through [NG U P e]
INFO: main.c(269): Covering states |[2205 2267]| == 63
INFO: main.c(275): Reading: /home/azhar/Tubes_Speech/commandreminder/model_parameters/commandreminder.cd_ptm_untied/mixture_weights
INFO: s3mixw_io.c(173): Read /home/azhar/Tubes_Speech/commandreminder/model_parameters/commandreminder.cd_ptm_untied/mixture_weights [63x4x64 array]
INFO: main.c(311): 21 of 21 models have observation count greater than 0.000010
INFO: main.c(95): nrm stwt: 0.045 0.909 0.045 
INFO: main.c(411): 21-class entropy: 6.681654e+04
INFO: main.c(549): Reading: /home/azhar/Tubes_Speech/commandreminder/model_architecture/commandreminder.tree_questions
INFO: main.c(588): 174 total simple questions (166 phone; 8 word bndry)
INFO: main.c(590): 40 Left Only questions, and 42 Right Only questions
INFO: dtree.c(1478): Final simple tree
|( QUESTION1 1 8.180e+04 3.036e+03 3.801e+03
|    ( QUESTION0_0_R 1 1.831e+04 1.092e+03 8.749e+02
|        ( - 1.152e+04 3 0 QUESTION1 -1 6.714e+02 5.705e+02)
|        ( - 5.691e+03 1 0))
|    ( QUESTION1 -1 6.046e+04 2.176e+03 2.926e+03
|        ( QUESTION0_0_R 1 3.547e+04 1.319e+03 1.747e+03
|            ( QUESTION3 1 1.394e+04 1.007e+03 7.180e+02
|                ( - 5.782e+03 3 0 WDBNDRY_E 0 1.954e+02 2.875e+02)
|                ( - 7.147e+03 1 0))
|            ( - 2.021e+04 7 0 QUESTION11 1 6.539e+02 1.029e+03))
|        ( QUESTION0_0_R 1 2.282e+04 9.114e+02 1.179e+03
|            ( - 8.045e+03 2 0 QUESTION3 -1 6.199e+02 4.357e+02)
|            ( WDBNDRY_E 0 1.387e+04 7.428e+02 7.437e+02
|                ( - 4.568e+03 3 0 QUESTION3 -1 2.969e+02 2.416e+02)
|                ( - 8.555e+03 1 0)))))
s>    ( QUESTION1 1 8.180e+04 3.036e+03 3.801e+03
s>        ( QUESTION0_0_R 1 1.831e+04 1.092e+03 8.749e+02
s>            ( - 1.152e+04 3 0 QUESTION1 -1 6.714e+02 5.705e+02)
s>            ( - 5.691e+03 1 0))
s>        ( QUESTION1 -1 6.046e+04 2.176e+03 2.926e+03
s>            ( QUESTION0_0_R 1 3.547e+04 1.319e+03 1.747e+03
s>                ( QUESTION3 1 1.394e+04 1.007e+03 7.180e+02
s>                    ( - 5.782e+03 3 0 WDBNDRY_E 0 1.954e+02 2.875e+02)
s>                    ( - 7.147e+03 1 0))
s>                ( - 2.021e+04 7 0 QUESTION11 1 6.539e+02 1.029e+03))
s>            ( QUESTION0_0_R 1 2.282e+04 9.114e+02 1.179e+03
s>                ( - 8.045e+03 2 0 QUESTION3 -1 6.199e+02 4.357e+02)
s>                ( WDBNDRY_E 0 1.387e+04 7.428e+02 7.437e+02
s>                    ( - 4.568e+03 3 0 QUESTION3 -1 2.969e+02 2.416e+02)
s>                    ( - 8.555e+03 1 0)))))INFO: dtree.c(1315): Comp split 0
INFO: dtree.c(1478): Final simple tree
|( QUESTION1 -1 6.046e+04 2.176e+03 2.926e+03
|    ( QUESTION0_0_R 1 3.547e+04 1.319e+03 1.747e+03
|        ( QUESTION3 1 1.394e+04 1.007e+03 7.180e+02
|            ( - 5.782e+03 3 0 WDBNDRY_E 0 1.954e+02 2.875e+02)
|            ( - 7.147e+03 1 0))
|        ( QUESTION11 1 2.021e+04 6.539e+02 1.029e+03
|            ( - 7.497e+03 1 0)
|            ( - 1.206e+04 6 0 QUESTION0_14_R 1 4.257e+02 6.069e+02)))
|    ( QUESTION0_0_R 1 2.282e+04 9.114e+02 1.179e+03
|        ( QUESTION3 -1 8.045e+03 6.199e+02 4.357e+02
|            ( - 2.800e+03 1 0)
|            ( - 4.625e+03 1 0))
|        ( WDBNDRY_E 0 1.387e+04 7.428e+02 7.437e+02
|            ( - 4.568e+03 3 0 QUESTION3 -1 2.969e+02 2.416e+02)
|            ( - 8.555e+03 1 0))))
s>    ( QUESTION1 -1 6.046e+04 2.176e+03 2.926e+03
s>        ( QUESTION0_0_R 1 3.547e+04 1.319e+03 1.747e+03
s>            ( QUESTION3 1 1.394e+04 1.007e+03 7.180e+02
s>                ( - 5.782e+03 3 0 WDBNDRY_E 0 1.954e+02 2.875e+02)
s>                ( - 7.147e+03 1 0))
s>            ( QUESTION11 1 2.021e+04 6.539e+02 1.029e+03
s>                ( - 7.497e+03 1 0)
s>                ( - 1.206e+04 6 0 QUESTION0_14_R 1 4.257e+02 6.069e+02)))
s>        ( QUESTION0_0_R 1 2.282e+04 9.114e+02 1.179e+03
s>            ( QUESTION3 -1 8.045e+03 6.199e+02 4.357e+02
s>                ( - 2.800e+03 1 0)
s>                ( - 4.625e+03 1 0))
s>            ( WDBNDRY_E 0 1.387e+04 7.428e+02 7.437e+02
s>                ( - 4.568e+03 3 0 QUESTION3 -1 2.969e+02 2.416e+02)
s>                ( - 8.555e+03 1 0))))INFO: dtree.c(1439): stop. leaf nodes are specific
INFO: dtree.c(1478): Final simple tree
|( QUESTION0_0_R 1 1.831e+04 1.092e+03 8.749e+02
|    ( QUESTION1 -1 1.152e+04 6.714e+02 5.705e+02
|        ( - 8.974e+03 2 0)
|        ( - 1.877e+03 1 0))
|    ( - 5.691e+03 1 0))
s>    ( QUESTION0_0_R 1 1.831e+04 1.092e+03 8.749e+02
s>        ( QUESTION1 -1 1.152e+04 6.714e+02 5.705e+02
s>            ( - 8.974e+03 2 0)
s>            ( - 1.877e+03 1 0))
s>        ( - 5.691e+03 1 0))INFO: dtree.c(1315): Comp split 1
INFO: dtree.c(1478): Final simple tree
|( QUESTION0_0_R 1 4.079e+04 1.355e+03 1.989e+03
|    ( QUESTION3 1 1.394e+04 1.007e+03 7.180e+02
|        ( - 5.782e+03 3 0 WDBNDRY_E 0 1.954e+02 2.875e+02)
|        ( - 7.147e+03 1 0))
|    ( QUESTION11 1 2.550e+04 7.581e+02 1.270e+03
|        ( - 7.497e+03 1 0)
|        ( QUESTION1 -1 1.724e+04 6.140e+02 8.484e+02
|            ( QUESTION0_14_R 1 1.206e+04 4.257e+02 6.069e+02
|                ( - 2.092e+03 2 0 QUESTION0_15_R 1 1.944e+02 1.251e+02)
|                ( WDBNDRY_E 0 9.542e+03 3.791e+02 4.818e+02
|                    ( QUESTION7 1 6.645e+03 3.773e+02 3.426e+02
|                        ( - 2.957e+03 1 0)
|                        ( - 3.311e+03 2 0 SILENCE 1 2.155e+02 1.772e+02))
|                    ( - 2.518e+03 1 0)))
|            ( - 4.568e+03 3 0 QUESTION3 -1 2.969e+02 2.416e+02))))
s>    ( QUESTION0_0_R 1 4.079e+04 1.355e+03 1.989e+03
s>        ( QUESTION3 1 1.394e+04 1.007e+03 7.180e+02
s>            ( - 5.782e+03 3 0 WDBNDRY_E 0 1.954e+02 2.875e+02)
s>            ( - 7.147e+03 1 0))
s>        ( QUESTION11 1 2.550e+04 7.581e+02 1.270e+03
s>            ( - 7.497e+03 1 0)
s>            ( QUESTION1 -1 1.724e+04 6.140e+02 8.484e+02
s>                ( QUESTION0_14_R 1 1.206e+04 4.257e+02 6.069e+02
s>                    ( - 2.092e+03 2 0 QUESTION0_15_R 1 1.944e+02 1.251e+02)
s>                    ( WDBNDRY_E 0 9.542e+03 3.791e+02 4.818e+02
s>                        ( QUESTION7 1 6.645e+03 3.773e+02 3.426e+02
s>                            ( - 2.957e+03 1 0)
s>                            ( - 3.311e+03 2 0 SILENCE 1 2.155e+02 1.772e+02))
s>                        ( - 2.518e+03 1 0)))
s>                ( - 4.568e+03 3 0 QUESTION3 -1 2.969e+02 2.416e+02))))INFO: dtree.c(1439): stop. leaf nodes are specific
INFO: dtree.c(1478): Final simple tree
|( QUESTION0_0_R 1 1.745e+04 8.525e+02 9.378e+02
|    ( QUESTION3 -1 8.045e+03 6.199e+02 4.357e+02
|        ( - 2.800e+03 1 0)
|        ( - 4.625e+03 1 0))
|    ( - 8.555e+03 1 0))
s>    ( QUESTION0_0_R 1 1.745e+04 8.525e+02 9.378e+02
s>        ( QUESTION3 -1 8.045e+03 6.199e+02 4.357e+02
s>            ( - 2.800e+03 1 0)
s>            ( - 4.625e+03 1 0))
s>        ( - 8.555e+03 1 0))INFO: dtree.c(1315): Comp split 2
INFO: dtree.c(1478): Final simple tree
|( QUESTION11 1 2.550e+04 7.581e+02 1.270e+03
|    ( - 7.497e+03 1 0)
|    ( QUESTION1 -1 1.724e+04 6.140e+02 8.484e+02
|        ( QUESTION0_14_R 1 1.206e+04 4.257e+02 6.069e+02
|            ( - 2.092e+03 2 0 QUESTION0_15_R 1 1.944e+02 1.251e+02)
|            ( WDBNDRY_E 0 9.542e+03 3.791e+02 4.818e+02
|                ( QUESTION7 1 6.645e+03 3.773e+02 3.426e+02
|                    ( - 2.957e+03 1 0)
|                    ( SILENCE 1 3.311e+03 2.155e+02 1.772e+02
|                        ( - 5.778e+02 1 0)
|                        ( - 2.517e+03 1 0)))
|                ( - 2.518e+03 1 0)))
|        ( QUESTION3 -1 4.568e+03 2.969e+02 2.416e+02
|            ( - 2.286e+03 1 0)
|            ( - 1.985e+03 2 0 QUESTION8 1 1.609e+02 1.119e+02))))
s>    ( QUESTION11 1 2.550e+04 7.581e+02 1.270e+03
s>        ( - 7.497e+03 1 0)
s>        ( QUESTION1 -1 1.724e+04 6.140e+02 8.484e+02
s>            ( QUESTION0_14_R 1 1.206e+04 4.257e+02 6.069e+02
s>                ( - 2.092e+03 2 0 QUESTION0_15_R 1 1.944e+02 1.251e+02)
s>                ( WDBNDRY_E 0 9.542e+03 3.791e+02 4.818e+02
s>                    ( QUESTION7 1 6.645e+03 3.773e+02 3.426e+02
s>                        ( - 2.957e+03 1 0)
s>                        ( SILENCE 1 3.311e+03 2.155e+02 1.772e+02
s>                            ( - 5.778e+02 1 0)
s>                            ( - 2.517e+03 1 0)))
s>                    ( - 2.518e+03 1 0)))
s>            ( QUESTION3 -1 4.568e+03 2.969e+02 2.416e+02
s>                ( - 2.286e+03 1 0)
s>                ( - 1.985e+03 2 0 QUESTION8 1 1.609e+02 1.119e+02))))INFO: dtree.c(1439): stop. leaf nodes are specific
INFO: dtree.c(1478): Final simple tree
|( QUESTION3 1 1.394e+04 1.007e+03 7.180e+02
|    ( WDBNDRY_E 0 5.782e+03 1.954e+02 2.875e+02
|        ( - 4.207e+02 1 0)
|        ( - 5.166e+03 2 0))
|    ( - 7.147e+03 1 0))
s>    ( QUESTION3 1 1.394e+04 1.007e+03 7.180e+02
s>        ( WDBNDRY_E 0 5.782e+03 1.954e+02 2.875e+02
s>            ( - 4.207e+02 1 0)
s>            ( - 5.166e+03 2 0))
s>        ( - 7.147e+03 1 0))INFO: dtree.c(1315): Comp split 3
INFO: dtree.c(1439): stop. leaf nodes are specific
INFO: dtree.c(1478): Final simple tree
|( QUESTION1 -1 1.152e+04 6.714e+02 5.705e+02
|    ( - 8.974e+03 2 0)
|    ( - 1.877e+03 1 0))
s>    ( QUESTION1 -1 1.152e+04 6.714e+02 5.705e+02
s>        ( - 8.974e+03 2 0)
s>        ( - 1.877e+03 1 0))INFO: dtree.c(1315): Comp split 4
INFO: dtree.c(1439): stop. leaf nodes are specific
INFO: dtree.c(1478): Final simple tree
|( WDBNDRY_E 0 5.782e+03 1.954e+02 2.875e+02
|    ( - 4.207e+02 1 0)
|    ( - 5.166e+03 2 0))
s>    ( WDBNDRY_E 0 5.782e+03 1.954e+02 2.875e+02
s>        ( - 4.207e+02 1 0)
s>        ( - 5.166e+03 2 0))INFO: dtree.c(1315): Comp split 5
INFO: dtree.c(1439): stop. leaf nodes are specific
INFO: dtree.c(1478): Final simple tree
|( QUESTION3 -1 8.045e+03 6.199e+02 4.357e+02
|    ( - 2.800e+03 1 0)
|    ( - 4.625e+03 1 0))
s>    ( QUESTION3 -1 8.045e+03 6.199e+02 4.357e+02
s>        ( - 2.800e+03 1 0)
s>        ( - 4.625e+03 1 0))INFO: dtree.c(1315): Comp split 6
INFO: dtree.c(1439): stop. leaf nodes are specific
INFO: dtree.c(1478): Final simple tree
|( QUESTION0_14_R 1 1.082e+04 4.184e+02 5.882e+02
|    ( QUESTION0_15_R 1 2.092e+03 1.944e+02 1.251e+02
|        ( - 8.857e+02 1 0)
|        ( - 1.012e+03 1 0))
|    ( WDBNDRY_E 0 8.305e+03 2.306e+02 4.631e+02
|        ( - 5.778e+02 1 0)
|        ( - 7.497e+03 1 0)))
s>    ( QUESTION0_14_R 1 1.082e+04 4.184e+02 5.882e+02
s>        ( QUESTION0_15_R 1 2.092e+03 1.944e+02 1.251e+02
s>            ( - 8.857e+02 1 0)
s>            ( - 1.012e+03 1 0))
s>        ( WDBNDRY_E 0 8.305e+03 2.306e+02 4.631e+02
s>            ( - 5.778e+02 1 0)
s>            ( - 7.497e+03 1 0)))INFO: dtree.c(1439): stop. leaf nodes are specific
INFO: dtree.c(1478): Final simple tree
|( QUESTION1 -1 1.385e+04 5.806e+02 6.823e+02
|    ( WDBNDRY_E 0 8.706e+03 3.811e+02 4.407e+02
|        ( QUESTION7 1 5.806e+03 3.321e+02 3.015e+02
|            ( - 2.957e+03 1 0)
|            ( - 2.517e+03 1 0))
|        ( - 2.518e+03 1 0))
|    ( QUESTION3 -1 4.568e+03 2.969e+02 2.416e+02
|        ( - 2.286e+03 1 0)
|        ( QUESTION8 1 1.985e+03 1.609e+02 1.119e+02
|            ( - 1.304e+03 1 0)
|            ( - 5.206e+02 1 0))))
s>    ( QUESTION1 -1 1.385e+04 5.806e+02 6.823e+02
s>        ( WDBNDRY_E 0 8.706e+03 3.811e+02 4.407e+02
s>            ( QUESTION7 1 5.806e+03 3.321e+02 3.015e+02
s>                ( - 2.957e+03 1 0)
s>                ( - 2.517e+03 1 0))
s>            ( - 2.518e+03 1 0))
s>        ( QUESTION3 -1 4.568e+03 2.969e+02 2.416e+02
s>            ( - 2.286e+03 1 0)
s>            ( QUESTION8 1 1.985e+03 1.609e+02 1.119e+02
s>                ( - 1.304e+03 1 0)
s>                ( - 5.206e+02 1 0))))INFO: dtree.c(1315): Comp split 7
INFO: dtree.c(1315): Comp split 8
INFO: dtree.c(1315): Comp split 9
INFO: dtree.c(1439): stop. leaf nodes are specific
INFO: dtree.c(1478): Final simple tree
|( QUESTION3 -1 4.568e+03 2.969e+02 2.416e+02
|    ( - 2.286e+03 1 0)
|    ( QUESTION8 1 1.985e+03 1.609e+02 1.119e+02
|        ( - 1.304e+03 1 0)
|        ( - 5.206e+02 1 0)))
s>    ( QUESTION3 -1 4.568e+03 2.969e+02 2.416e+02
s>        ( - 2.286e+03 1 0)
s>        ( QUESTION8 1 1.985e+03 1.609e+02 1.119e+02
s>            ( - 1.304e+03 1 0)
s>            ( - 5.206e+02 1 0)))INFO: dtree.c(1439): stop. leaf nodes are specific
INFO: dtree.c(1478): Final simple tree
|( WDBNDRY_E 0 8.706e+03 3.811e+02 4.407e+02
|    ( QUESTION7 1 5.806e+03 3.321e+02 3.015e+02
|        ( - 2.957e+03 1 0)
|        ( - 2.517e+03 1 0))
|    ( - 2.518e+03 1 0))
s>    ( WDBNDRY_E 0 8.706e+03 3.811e+02 4.407e+02
s>        ( QUESTION7 1 5.806e+03 3.321e+02 3.015e+02
s>            ( - 2.957e+03 1 0)
s>            ( - 2.517e+03 1 0))
s>        ( - 2.518e+03 1 0))INFO: dtree.c(1315): Comp split 10
INFO: dtree.c(1439): stop. leaf nodes are specific
INFO: dtree.c(1478): Final simple tree
|( WDBNDRY_E 0 8.305e+03 2.306e+02 4.631e+02
|    ( - 5.778e+02 1 0)
|    ( - 7.497e+03 1 0))
s>    ( WDBNDRY_E 0 8.305e+03 2.306e+02 4.631e+02
s>        ( - 5.778e+02 1 0)
s>        ( - 7.497e+03 1 0))INFO: dtree.c(1439): stop. leaf nodes are specific
INFO: dtree.c(1478): Final simple tree
|( QUESTION0_15_R 1 2.092e+03 1.944e+02 1.251e+02
|    ( - 8.857e+02 1 0)
|    ( - 1.012e+03 1 0))
s>    ( QUESTION0_15_R 1 2.092e+03 1.944e+02 1.251e+02
s>        ( - 8.857e+02 1 0)
s>        ( - 1.012e+03 1 0))INFO: dtree.c(1315): Comp split 11
INFO: dtree.c(1439): stop. leaf nodes are specific
INFO: dtree.c(1478): Final simple tree
|( WDBNDRY_E 0 5.348e+03 3.124e+02 2.753e+02
|    ( - 2.517e+03 1 0)
|    ( - 2.518e+03 1 0))
s>    ( WDBNDRY_E 0 5.348e+03 3.124e+02 2.753e+02
s>        ( - 2.517e+03 1 0)
s>        ( - 2.518e+03 1 0))INFO: dtree.c(1315): Comp split 12
INFO: dtree.c(1315): Comp split 13
INFO: dtree.c(1439): stop. leaf nodes are specific
INFO: dtree.c(1478): Final simple tree
|( QUESTION8 1 1.985e+03 1.609e+02 1.119e+02
|    ( - 1.304e+03 1 0)
|    ( - 5.206e+02 1 0))
s>    ( QUESTION8 1 1.985e+03 1.609e+02 1.119e+02
s>        ( - 1.304e+03 1 0)
s>        ( - 5.206e+02 1 0))INFO: dtree.c(1315): Comp split 14
INFO: dtree.c(1315): Comp split 15
INFO: dtree.c(1315): Comp split 16
INFO: dtree.c(1315): Comp split 17
INFO: dtree.c(1315): Comp split 18
INFO: dtree.c(1318): stop. leaf nodes are specific
Fri Dec  3 07:39:14 2021
