Current configuration:
[NAME]		[DEFLT]	[VALUE]
-allphones	no	no
-cntthresh	0.00001	1.000000e-05
-csplitmax	100	2000
-csplitmin	1	1
-csplitthr	8e-4	0.000000e+00
-example	no	no
-fullvar	no	no
-help		no	no
-meanfn			
-mixwfn			/home/azhar/Tubes_Speech/commandreminder/model_parameters/commandreminder.cd_ptm_untied/mixture_weights
-moddeffn		/home/azhar/Tubes_Speech/commandreminder/model_architecture/commandreminder.untied.mdef
-mwfloor	1e-4	1.000000e-08
-phone			P
-psetfn			/home/azhar/Tubes_Speech/commandreminder/model_architecture/commandreminder.tree_questions
-ssplitmax	5	7
-ssplitmin	1	1
-ssplitthr	8e-4	0.000000e+00
-state			1
-stwt			1.0,0.05,0.0,
-treefn			/home/azhar/Tubes_Speech/commandreminder/trees/commandreminder.unpruned/P-1.dtree
-ts2cbfn	.semi.	.semi.
-varfloor	0.00001	1.000000e-05
-varfn			

INFO: main.c(223): Reading: /home/azhar/Tubes_Speech/commandreminder/model_architecture/commandreminder.untied.mdef
INFO: model_def_io.c(573): Model definition info:
INFO: model_def_io.c(574): 1061 total models defined (31 base, 1030 tri)
INFO: model_def_io.c(575): 4244 total states
INFO: model_def_io.c(576): 3183 total tied states
INFO: model_def_io.c(577): 93 total tied CI states
INFO: model_def_io.c(578): 31 total tied transition matrices
INFO: model_def_io.c(579): 4 max state/model
INFO: model_def_io.c(580): 4 min state/model
INFO: main.c(242): Building trees for [P A A b] through [P U P i]
INFO: main.c(269): Covering states |[2337 2459]| == 123
INFO: main.c(275): Reading: /home/azhar/Tubes_Speech/commandreminder/model_parameters/commandreminder.cd_ptm_untied/mixture_weights
INFO: s3mixw_io.c(173): Read /home/azhar/Tubes_Speech/commandreminder/model_parameters/commandreminder.cd_ptm_untied/mixture_weights [123x4x64 array]
INFO: main.c(311): 41 of 41 models have observation count greater than 0.000010
INFO: main.c(95): nrm stwt: 0.045 0.909 0.045 
INFO: main.c(411): 41-class entropy: 8.602051e+04
INFO: main.c(549): Reading: /home/azhar/Tubes_Speech/commandreminder/model_architecture/commandreminder.tree_questions
INFO: main.c(588): 174 total simple questions (166 phone; 8 word bndry)
INFO: main.c(590): 40 Left Only questions, and 42 Right Only questions
INFO: dtree.c(1478): Final simple tree
|( QUESTION0_4_R 1 9.842e+04 2.090e+03 4.591e+03
|    ( QUESTION19 -1 6.573e+04 8.805e+02 3.137e+03
|        ( - 1.191e+04 4 0 QUESTION2_0_L -1 2.505e+02 6.047e+02)
|        ( WDBNDRY_B 0 5.294e+04 6.440e+02 2.533e+03
|            ( QUESTION2_2_L -1 2.972e+04 4.414e+02 1.418e+03
|                ( - 1.070e+04 2 0)
|                ( - 1.858e+04 7 0 QUESTION2 -1 3.026e+02 9.088e+02))
|            ( - 2.257e+04 3 0 QUESTION1 -1 1.646e+02 1.115e+03)))
|    ( QUESTION1 1 3.061e+04 8.802e+02 1.453e+03
|        ( QUESTION15 -1 1.613e+04 5.825e+02 8.120e+02
|            ( - 7.085e+03 2 0 QUESTION2_0_L -1 1.614e+02 3.964e+02)
|            ( - 8.463e+03 6 0 QUESTION2_1_L -1 2.790e+02 4.156e+02))
|        ( QUESTION4 1 1.360e+04 5.187e+02 6.413e+02
|            ( - 6.637e+03 7 0 QUESTION0 -1 3.883e+02 3.384e+02)
|            ( - 6.441e+03 10 0 QUESTION0_16_R 1 3.779e+02 3.029e+02))))
s>    ( QUESTION0_4_R 1 9.842e+04 2.090e+03 4.591e+03
s>        ( QUESTION19 -1 6.573e+04 8.805e+02 3.137e+03
s>            ( - 1.191e+04 4 0 QUESTION2_0_L -1 2.505e+02 6.047e+02)
s>            ( WDBNDRY_B 0 5.294e+04 6.440e+02 2.533e+03
s>                ( QUESTION2_2_L -1 2.972e+04 4.414e+02 1.418e+03
s>                    ( - 1.070e+04 2 0)
s>                    ( - 1.858e+04 7 0 QUESTION2 -1 3.026e+02 9.088e+02))
s>                ( - 2.257e+04 3 0 QUESTION1 -1 1.646e+02 1.115e+03)))
s>        ( QUESTION1 1 3.061e+04 8.802e+02 1.453e+03
s>            ( QUESTION15 -1 1.613e+04 5.825e+02 8.120e+02
s>                ( - 7.085e+03 2 0 QUESTION2_0_L -1 1.614e+02 3.964e+02)
s>                ( - 8.463e+03 6 0 QUESTION2_1_L -1 2.790e+02 4.156e+02))
s>            ( QUESTION4 1 1.360e+04 5.187e+02 6.413e+02
s>                ( - 6.637e+03 7 0 QUESTION0 -1 3.883e+02 3.384e+02)
s>                ( - 6.441e+03 10 0 QUESTION0_16_R 1 3.779e+02 3.029e+02))))INFO: dtree.c(1315): Comp split 0
INFO: dtree.c(1478): Final simple tree
|( QUESTION1 1 3.061e+04 8.802e+02 1.453e+03
|    ( QUESTION15 -1 1.613e+04 5.825e+02 8.120e+02
|        ( - 7.085e+03 2 0 QUESTION2_0_L -1 1.614e+02 3.964e+02)
|        ( QUESTION2_1_L -1 8.463e+03 2.790e+02 4.156e+02
|            ( - 5.143e+03 2 0 QUESTION0 -1 1.611e+02 2.576e+02)
|            ( - 3.041e+03 4 0 QUESTION0 -1 1.862e+02 1.580e+02)))
|    ( QUESTION4 1 1.360e+04 5.187e+02 6.413e+02
|        ( QUESTION0 -1 6.637e+03 3.883e+02 3.384e+02
|            ( - 2.846e+03 4 0 QUESTION0_1_R 1 2.259e+02 1.538e+02)
|            ( - 3.403e+03 3 0 QUESTION0_1_R 1 1.993e+02 1.846e+02))
|        ( QUESTION0_16_R 1 6.441e+03 3.779e+02 3.029e+02
|            ( - 3.892e+03 5 0 WDBNDRY_B 0 2.177e+02 1.939e+02)
|            ( QUESTION0_0_R 1 2.171e+03 2.594e+02 1.091e+02
|                ( - 7.825e+02 2 0 QUESTION1 -1 9.891e+01 4.796e+01)
|                ( - 1.129e+03 3 0 WDBNDRY_E 0 1.623e+02 6.114e+01)))))
s>    ( QUESTION1 1 3.061e+04 8.802e+02 1.453e+03
s>        ( QUESTION15 -1 1.613e+04 5.825e+02 8.120e+02
s>            ( - 7.085e+03 2 0 QUESTION2_0_L -1 1.614e+02 3.964e+02)
s>            ( QUESTION2_1_L -1 8.463e+03 2.790e+02 4.156e+02
s>                ( - 5.143e+03 2 0 QUESTION0 -1 1.611e+02 2.576e+02)
s>                ( - 3.041e+03 4 0 QUESTION0 -1 1.862e+02 1.580e+02)))
s>        ( QUESTION4 1 1.360e+04 5.187e+02 6.413e+02
s>            ( QUESTION0 -1 6.637e+03 3.883e+02 3.384e+02
s>                ( - 2.846e+03 4 0 QUESTION0_1_R 1 2.259e+02 1.538e+02)
s>                ( - 3.403e+03 3 0 QUESTION0_1_R 1 1.993e+02 1.846e+02))
s>            ( QUESTION0_16_R 1 6.441e+03 3.779e+02 3.029e+02
s>                ( - 3.892e+03 5 0 WDBNDRY_B 0 2.177e+02 1.939e+02)
s>                ( QUESTION0_0_R 1 2.171e+03 2.594e+02 1.091e+02
s>                    ( - 7.825e+02 2 0 QUESTION1 -1 9.891e+01 4.796e+01)
s>                    ( - 1.129e+03 3 0 WDBNDRY_E 0 1.623e+02 6.114e+01)))))INFO: dtree.c(1478): Final simple tree
|( QUESTION19 -1 6.573e+04 8.805e+02 3.137e+03
|    ( QUESTION2_0_L -1 1.191e+04 2.505e+02 6.047e+02
|        ( - 5.500e+03 1 0)
|        ( - 6.159e+03 3 0 WDBNDRY_B 0 1.300e+02 3.185e+02))
|    ( WDBNDRY_B 0 5.294e+04 6.440e+02 2.533e+03
|        ( QUESTION2_2_L -1 2.972e+04 4.414e+02 1.418e+03
|            ( - 1.070e+04 2 0)
|            ( QUESTION2 -1 1.858e+04 3.026e+02 9.088e+02
|                ( - 4.759e+03 1 0)
|                ( QUESTION7 -1 1.352e+04 2.412e+02 6.582e+02
|                    ( - 2.942e+03 1 0)
|                    ( QUESTION14 -1 1.034e+04 2.125e+02 5.006e+02
|                        ( - 4.913e+03 2 0 QUESTION2_1_L -1 1.654e+02 2.371e+02)
|                        ( - 5.214e+03 3 0 QUESTION0 -1 1.768e+02 2.635e+02)))))
|        ( - 2.257e+04 3 0 QUESTION1 -1 1.646e+02 1.115e+03)))
s>    ( QUESTION19 -1 6.573e+04 8.805e+02 3.137e+03
s>        ( QUESTION2_0_L -1 1.191e+04 2.505e+02 6.047e+02
s>            ( - 5.500e+03 1 0)
s>            ( - 6.159e+03 3 0 WDBNDRY_B 0 1.300e+02 3.185e+02))
s>        ( WDBNDRY_B 0 5.294e+04 6.440e+02 2.533e+03
s>            ( QUESTION2_2_L -1 2.972e+04 4.414e+02 1.418e+03
s>                ( - 1.070e+04 2 0)
s>                ( QUESTION2 -1 1.858e+04 3.026e+02 9.088e+02
s>                    ( - 4.759e+03 1 0)
s>                    ( QUESTION7 -1 1.352e+04 2.412e+02 6.582e+02
s>                        ( - 2.942e+03 1 0)
s>                        ( QUESTION14 -1 1.034e+04 2.125e+02 5.006e+02
s>                            ( - 4.913e+03 2 0 QUESTION2_1_L -1 1.654e+02 2.371e+02)
s>                            ( - 5.214e+03 3 0 QUESTION0 -1 1.768e+02 2.635e+02)))))
s>            ( - 2.257e+04 3 0 QUESTION1 -1 1.646e+02 1.115e+03)))INFO: dtree.c(1315): Comp split 1
INFO: dtree.c(1478): Final simple tree
|( QUESTION0 -1 9.239e+03 4.368e+02 4.475e+02
|    ( QUESTION4 1 5.399e+03 3.822e+02 2.629e+02
|        ( QUESTION0_1_R 1 2.846e+03 2.259e+02 1.538e+02
|            ( - 1.332e+03 2 0 WDBNDRY_B 0 9.864e+01 7.630e+01)
|            ( - 1.288e+03 2 0 QUESTION1 -1 9.842e+01 7.752e+01))
|        ( QUESTION0_0_R 1 2.171e+03 2.594e+02 1.091e+02
|            ( QUESTION1 -1 7.825e+02 9.891e+01 4.796e+01
|                ( - 4.365e+02 1 0)
|                ( - 2.470e+02 1 0))
|            ( WDBNDRY_E 0 1.129e+03 1.623e+02 6.114e+01
|                ( - 4.310e+02 1 0)
|                ( - 5.361e+02 2 0 QUESTION1 -1 9.320e+01 3.305e+01))))
|    ( QUESTION0_1_R 1 3.403e+03 1.993e+02 1.846e+02
|        ( - 2.379e+03 1 0)
|        ( - 8.245e+02 2 0 WDBNDRY_B 0 8.056e+01 5.126e+01)))
s>    ( QUESTION0 -1 9.239e+03 4.368e+02 4.475e+02
s>        ( QUESTION4 1 5.399e+03 3.822e+02 2.629e+02
s>            ( QUESTION0_1_R 1 2.846e+03 2.259e+02 1.538e+02
s>                ( - 1.332e+03 2 0 WDBNDRY_B 0 9.864e+01 7.630e+01)
s>                ( - 1.288e+03 2 0 QUESTION1 -1 9.842e+01 7.752e+01))
s>            ( QUESTION0_0_R 1 2.171e+03 2.594e+02 1.091e+02
s>                ( QUESTION1 -1 7.825e+02 9.891e+01 4.796e+01
s>                    ( - 4.365e+02 1 0)
s>                    ( - 2.470e+02 1 0))
s>                ( WDBNDRY_E 0 1.129e+03 1.623e+02 6.114e+01
s>                    ( - 4.310e+02 1 0)
s>                    ( - 5.361e+02 2 0 QUESTION1 -1 9.320e+01 3.305e+01))))
s>        ( QUESTION0_1_R 1 3.403e+03 1.993e+02 1.846e+02
s>            ( - 2.379e+03 1 0)
s>            ( - 8.245e+02 2 0 WDBNDRY_B 0 8.056e+01 5.126e+01)))INFO: dtree.c(1478): Final simple tree
|( QUESTION15 -1 2.040e+04 7.122e+02 1.006e+03
|    ( QUESTION2_0_L -1 7.669e+03 1.653e+02 4.270e+02
|        ( - 6.983e+03 2 0 QUESTION0_0_R 1 1.259e+02 3.936e+02)
|        ( - 5.213e+02 1 0))
|    ( QUESTION2_2_L -1 1.202e+04 3.049e+02 5.789e+02
|        ( WDBNDRY_B 0 6.752e+03 2.675e+02 3.302e+02
|            ( - 5.127e+03 2 0 QUESTION0_0_R 1 1.337e+02 2.566e+02)
|            ( - 1.357e+03 1 0))
|        ( QUESTION9 -1 4.960e+03 2.436e+02 2.487e+02
|            ( QUESTION2_1_L -1 2.270e+03 1.774e+02 1.167e+02
|                ( - 1.125e+03 2 0 QUESTION0_0_R 1 1.273e+02 6.355e+01)
|                ( - 9.671e+02 2 0 QUESTION0_0_R 1 1.014e+02 5.316e+01))
|            ( QUESTION2 -1 2.447e+03 1.602e+02 1.320e+02
|                ( - 1.167e+03 1 0)
|                ( - 1.121e+03 2 0 QUESTION0 -1 1.316e+02 6.636e+01)))))
s>    ( QUESTION15 -1 2.040e+04 7.122e+02 1.006e+03
s>        ( QUESTION2_0_L -1 7.669e+03 1.653e+02 4.270e+02
s>            ( - 6.983e+03 2 0 QUESTION0_0_R 1 1.259e+02 3.936e+02)
s>            ( - 5.213e+02 1 0))
s>        ( QUESTION2_2_L -1 1.202e+04 3.049e+02 5.789e+02
s>            ( WDBNDRY_B 0 6.752e+03 2.675e+02 3.302e+02
s>                ( - 5.127e+03 2 0 QUESTION0_0_R 1 1.337e+02 2.566e+02)
s>                ( - 1.357e+03 1 0))
s>            ( QUESTION9 -1 4.960e+03 2.436e+02 2.487e+02
s>                ( QUESTION2_1_L -1 2.270e+03 1.774e+02 1.167e+02
s>                    ( - 1.125e+03 2 0 QUESTION0_0_R 1 1.273e+02 6.355e+01)
s>                    ( - 9.671e+02 2 0 QUESTION0_0_R 1 1.014e+02 5.316e+01))
s>                ( QUESTION2 -1 2.447e+03 1.602e+02 1.320e+02
s>                    ( - 1.167e+03 1 0)
s>                    ( - 1.121e+03 2 0 QUESTION0 -1 1.316e+02 6.636e+01)))))INFO: dtree.c(1315): Comp split 2
INFO: dtree.c(1439): stop. leaf nodes are specific
INFO: dtree.c(1478): Final simple tree
|( QUESTION0 -1 1.700e+04 3.290e+02 8.553e+02
|    ( - 4.759e+03 1 0)
|    ( QUESTION2_0_L -1 1.191e+04 2.505e+02 6.047e+02
|        ( - 5.500e+03 1 0)
|        ( WDBNDRY_B 0 6.159e+03 1.300e+02 3.185e+02
|            ( - 5.479e+03 2 0)
|            ( - 5.496e+02 1 0))))
s>    ( QUESTION0 -1 1.700e+04 3.290e+02 8.553e+02
s>        ( - 4.759e+03 1 0)
s>        ( QUESTION2_0_L -1 1.191e+04 2.505e+02 6.047e+02
s>            ( - 5.500e+03 1 0)
s>            ( WDBNDRY_B 0 6.159e+03 1.300e+02 3.185e+02
s>                ( - 5.479e+03 2 0)
s>                ( - 5.496e+02 1 0))))INFO: dtree.c(1478): Final simple tree
|( WDBNDRY_B 0 4.778e+04 6.493e+02 2.282e+03
|    ( QUESTION2_2_L -1 2.456e+04 3.397e+02 1.167e+03
|        ( - 1.070e+04 2 0)
|        ( QUESTION7 -1 1.352e+04 2.412e+02 6.582e+02
|            ( - 2.942e+03 1 0)
|            ( QUESTION14 -1 1.034e+04 2.125e+02 5.006e+02
|                ( QUESTION2_1_L -1 4.913e+03 1.654e+02 2.371e+02
|                    ( - 3.381e+03 1 0)
|                    ( - 1.367e+03 1 0))
|                ( QUESTION0 -1 5.214e+03 1.768e+02 2.635e+02
|                    ( - 2.255e+03 1 0)
|                    ( - 2.782e+03 2 0 QUESTION6 -1 1.462e+02 1.470e+02)))))
|    ( QUESTION1 -1 2.257e+04 1.646e+02 1.115e+03
|        ( - 2.175e+04 2 0)
|        ( - 6.596e+02 1 0)))
s>    ( WDBNDRY_B 0 4.778e+04 6.493e+02 2.282e+03
s>        ( QUESTION2_2_L -1 2.456e+04 3.397e+02 1.167e+03
s>            ( - 1.070e+04 2 0)
s>            ( QUESTION7 -1 1.352e+04 2.412e+02 6.582e+02
s>                ( - 2.942e+03 1 0)
s>                ( QUESTION14 -1 1.034e+04 2.125e+02 5.006e+02
s>                    ( QUESTION2_1_L -1 4.913e+03 1.654e+02 2.371e+02
s>                        ( - 3.381e+03 1 0)
s>                        ( - 1.367e+03 1 0))
s>                    ( QUESTION0 -1 5.214e+03 1.768e+02 2.635e+02
s>                        ( - 2.255e+03 1 0)
s>                        ( - 2.782e+03 2 0 QUESTION6 -1 1.462e+02 1.470e+02)))))
s>        ( QUESTION1 -1 2.257e+04 1.646e+02 1.115e+03
s>            ( - 2.175e+04 2 0)
s>            ( - 6.596e+02 1 0)))INFO: dtree.c(1315): Comp split 3
INFO: dtree.c(1478): Final simple tree
|( QUESTION2_2_L -1 1.202e+04 3.049e+02 5.789e+02
|    ( WDBNDRY_B 0 6.752e+03 2.675e+02 3.302e+02
|        ( QUESTION0_0_R 1 5.127e+03 1.337e+02 2.566e+02
|            ( - 4.539e+03 1 0)
|            ( - 4.539e+02 1 0))
|        ( - 1.357e+03 1 0))
|    ( QUESTION9 -1 4.960e+03 2.436e+02 2.487e+02
|        ( QUESTION2_1_L -1 2.270e+03 1.774e+02 1.167e+02
|            ( - 1.125e+03 2 0 QUESTION0_0_R 1 1.273e+02 6.355e+01)
|            ( - 9.671e+02 2 0 QUESTION0_0_R 1 1.014e+02 5.316e+01))
|        ( QUESTION2 -1 2.447e+03 1.602e+02 1.320e+02
|            ( - 1.167e+03 1 0)
|            ( QUESTION0 -1 1.121e+03 1.316e+02 6.636e+01
|                ( - 5.115e+02 1 0)
|                ( - 4.775e+02 1 0)))))
s>    ( QUESTION2_2_L -1 1.202e+04 3.049e+02 5.789e+02
s>        ( WDBNDRY_B 0 6.752e+03 2.675e+02 3.302e+02
s>            ( QUESTION0_0_R 1 5.127e+03 1.337e+02 2.566e+02
s>                ( - 4.539e+03 1 0)
s>                ( - 4.539e+02 1 0))
s>            ( - 1.357e+03 1 0))
s>        ( QUESTION9 -1 4.960e+03 2.436e+02 2.487e+02
s>            ( QUESTION2_1_L -1 2.270e+03 1.774e+02 1.167e+02
s>                ( - 1.125e+03 2 0 QUESTION0_0_R 1 1.273e+02 6.355e+01)
s>                ( - 9.671e+02 2 0 QUESTION0_0_R 1 1.014e+02 5.316e+01))
s>            ( QUESTION2 -1 2.447e+03 1.602e+02 1.320e+02
s>                ( - 1.167e+03 1 0)
s>                ( QUESTION0 -1 1.121e+03 1.316e+02 6.636e+01
s>                    ( - 5.115e+02 1 0)
s>                    ( - 4.775e+02 1 0)))))INFO: dtree.c(1439): stop. leaf nodes are specific
INFO: dtree.c(1478): Final simple tree
|( QUESTION2_0_L -1 7.669e+03 1.653e+02 4.270e+02
|    ( QUESTION0_0_R 1 6.983e+03 1.259e+02 3.936e+02
|        ( - 6.403e+03 1 0)
|        ( - 4.541e+02 1 0))
|    ( - 5.213e+02 1 0))
s>    ( QUESTION2_0_L -1 7.669e+03 1.653e+02 4.270e+02
s>        ( QUESTION0_0_R 1 6.983e+03 1.259e+02 3.936e+02
s>            ( - 6.403e+03 1 0)
s>            ( - 4.541e+02 1 0))
s>        ( - 5.213e+02 1 0))INFO: dtree.c(1315): Comp split 4
INFO: dtree.c(1439): stop. leaf nodes are specific
INFO: dtree.c(1478): Final simple tree
|( QUESTION2_2_L -1 2.456e+04 3.397e+02 1.167e+03
|    ( - 1.070e+04 2 0)
|    ( QUESTION7 -1 1.352e+04 2.412e+02 6.582e+02
|        ( - 2.942e+03 1 0)
|        ( QUESTION14 -1 1.034e+04 2.125e+02 5.006e+02
|            ( QUESTION2_1_L -1 4.913e+03 1.654e+02 2.371e+02
|                ( - 3.381e+03 1 0)
|                ( - 1.367e+03 1 0))
|            ( QUESTION0 -1 5.214e+03 1.768e+02 2.635e+02
|                ( - 2.255e+03 1 0)
|                ( QUESTION6 -1 2.782e+03 1.462e+02 1.470e+02
|                    ( - 1.299e+03 1 0)
|                    ( - 1.337e+03 1 0))))))
s>    ( QUESTION2_2_L -1 2.456e+04 3.397e+02 1.167e+03
s>        ( - 1.070e+04 2 0)
s>        ( QUESTION7 -1 1.352e+04 2.412e+02 6.582e+02
s>            ( - 2.942e+03 1 0)
s>            ( QUESTION14 -1 1.034e+04 2.125e+02 5.006e+02
s>                ( QUESTION2_1_L -1 4.913e+03 1.654e+02 2.371e+02
s>                    ( - 3.381e+03 1 0)
s>                    ( - 1.367e+03 1 0))
s>                ( QUESTION0 -1 5.214e+03 1.768e+02 2.635e+02
s>                    ( - 2.255e+03 1 0)
s>                    ( QUESTION6 -1 2.782e+03 1.462e+02 1.470e+02
s>                        ( - 1.299e+03 1 0)
s>                        ( - 1.337e+03 1 0))))))INFO: dtree.c(1439): stop. leaf nodes are specific
INFO: dtree.c(1478): Final simple tree
|( QUESTION1 -1 2.257e+04 1.646e+02 1.115e+03
|    ( - 2.175e+04 2 0)
|    ( - 6.596e+02 1 0))
s>    ( QUESTION1 -1 2.257e+04 1.646e+02 1.115e+03
s>        ( - 2.175e+04 2 0)
s>        ( - 6.596e+02 1 0))INFO: dtree.c(1315): Comp split 5
INFO: dtree.c(1439): stop. leaf nodes are specific
INFO: dtree.c(1478): Final simple tree
|( QUESTION3 1 3.802e+03 3.052e+02 1.854e+02
|    ( QUESTION1 -1 7.825e+02 9.891e+01 4.796e+01
|        ( - 4.365e+02 1 0)
|        ( - 2.470e+02 1 0))
|    ( QUESTION0_0_R 1 2.714e+03 2.527e+02 1.374e+02
|        ( WDBNDRY_B 0 1.332e+03 9.864e+01 7.630e+01
|            ( - 9.356e+02 1 0)
|            ( - 2.976e+02 1 0))
|        ( WDBNDRY_E 0 1.129e+03 1.623e+02 6.114e+01
|            ( - 4.310e+02 1 0)
|            ( QUESTION1 -1 5.361e+02 9.320e+01 3.305e+01
|                ( - 2.321e+02 1 0)
|                ( - 2.108e+02 1 0)))))
s>    ( QUESTION3 1 3.802e+03 3.052e+02 1.854e+02
s>        ( QUESTION1 -1 7.825e+02 9.891e+01 4.796e+01
s>            ( - 4.365e+02 1 0)
s>            ( - 2.470e+02 1 0))
s>        ( QUESTION0_0_R 1 2.714e+03 2.527e+02 1.374e+02
s>            ( WDBNDRY_B 0 1.332e+03 9.864e+01 7.630e+01
s>                ( - 9.356e+02 1 0)
s>                ( - 2.976e+02 1 0))
s>            ( WDBNDRY_E 0 1.129e+03 1.623e+02 6.114e+01
s>                ( - 4.310e+02 1 0)
s>                ( QUESTION1 -1 5.361e+02 9.320e+01 3.305e+01
s>                    ( - 2.321e+02 1 0)
s>                    ( - 2.108e+02 1 0)))))INFO: dtree.c(1439): stop. leaf nodes are specific
INFO: dtree.c(1478): Final simple tree
|( QUESTION0_1_R 1 4.982e+03 2.954e+02 2.621e+02
|    ( - 2.379e+03 1 0)
|    ( QUESTION0 -1 2.307e+03 1.948e+02 1.288e+02
|        ( QUESTION1 -1 1.288e+03 9.842e+01 7.752e+01
|            ( - 9.667e+02 1 0)
|            ( - 2.227e+02 1 0))
|        ( WDBNDRY_B 0 8.245e+02 8.056e+01 5.126e+01
|            ( - 4.558e+02 1 0)
|            ( - 2.881e+02 1 0))))
s>    ( QUESTION0_1_R 1 4.982e+03 2.954e+02 2.621e+02
s>        ( - 2.379e+03 1 0)
s>        ( QUESTION0 -1 2.307e+03 1.948e+02 1.288e+02
s>            ( QUESTION1 -1 1.288e+03 9.842e+01 7.752e+01
s>                ( - 9.667e+02 1 0)
s>                ( - 2.227e+02 1 0))
s>            ( WDBNDRY_B 0 8.245e+02 8.056e+01 5.126e+01
s>                ( - 4.558e+02 1 0)
s>                ( - 2.881e+02 1 0))))INFO: dtree.c(1315): Comp split 6
INFO: dtree.c(1439): stop. leaf nodes are specific
INFO: dtree.c(1478): Final simple tree
|( QUESTION0 -1 1.223e+04 1.662e+02 5.811e+02
|    ( - 1.070e+04 2 0)
|    ( - 1.367e+03 1 0))
s>    ( QUESTION0 -1 1.223e+04 1.662e+02 5.811e+02
s>        ( - 1.070e+04 2 0)
s>        ( - 1.367e+03 1 0))INFO: dtree.c(1439): stop. leaf nodes are specific
INFO: dtree.c(1478): Final simple tree
|( QUESTION7 -1 1.197e+04 2.376e+02 5.863e+02
|    ( - 2.942e+03 1 0)
|    ( QUESTION15 -1 8.787e+03 1.941e+02 4.287e+02
|        ( - 1.337e+03 1 0)
|        ( QUESTION0 -1 7.256e+03 1.738e+02 3.532e+02
|            ( - 2.255e+03 1 0)
|            ( QUESTION10 -1 4.827e+03 1.471e+02 2.368e+02
|                ( - 1.299e+03 1 0)
|                ( - 3.381e+03 1 0)))))
s>    ( QUESTION7 -1 1.197e+04 2.376e+02 5.863e+02
s>        ( - 2.942e+03 1 0)
s>        ( QUESTION15 -1 8.787e+03 1.941e+02 4.287e+02
s>            ( - 1.337e+03 1 0)
s>            ( QUESTION0 -1 7.256e+03 1.738e+02 3.532e+02
s>                ( - 2.255e+03 1 0)
s>                ( QUESTION10 -1 4.827e+03 1.471e+02 2.368e+02
s>                    ( - 1.299e+03 1 0)
s>                    ( - 3.381e+03 1 0)))))INFO: dtree.c(1315): Comp split 7
INFO: dtree.c(1439): stop. leaf nodes are specific
INFO: dtree.c(1478): Final simple tree
|( QUESTION0_0_R 1 2.090e+03 2.225e+02 1.093e+02
|    ( WDBNDRY_B 0 1.332e+03 9.864e+01 7.630e+01
|        ( - 9.356e+02 1 0)
|        ( - 2.976e+02 1 0))
|    ( QUESTION1 -1 5.361e+02 9.320e+01 3.305e+01
|        ( - 2.321e+02 1 0)
|        ( - 2.108e+02 1 0)))
s>    ( QUESTION0_0_R 1 2.090e+03 2.225e+02 1.093e+02
s>        ( WDBNDRY_B 0 1.332e+03 9.864e+01 7.630e+01
s>            ( - 9.356e+02 1 0)
s>            ( - 2.976e+02 1 0))
s>        ( QUESTION1 -1 5.361e+02 9.320e+01 3.305e+01
s>            ( - 2.321e+02 1 0)
s>            ( - 2.108e+02 1 0)))INFO: dtree.c(1439): stop. leaf nodes are specific
INFO: dtree.c(1478): Final simple tree
|( WDBNDRY_E 0 1.380e+03 1.667e+02 7.604e+01
|    ( - 4.310e+02 1 0)
|    ( QUESTION1 -1 7.825e+02 9.891e+01 4.796e+01
|        ( - 4.365e+02 1 0)
|        ( - 2.470e+02 1 0)))
s>    ( WDBNDRY_E 0 1.380e+03 1.667e+02 7.604e+01
s>        ( - 4.310e+02 1 0)
s>        ( QUESTION1 -1 7.825e+02 9.891e+01 4.796e+01
s>            ( - 4.365e+02 1 0)
s>            ( - 2.470e+02 1 0)))INFO: dtree.c(1315): Comp split 8
INFO: dtree.c(1439): stop. leaf nodes are specific
INFO: dtree.c(1478): Final simple tree
|( QUESTION2_0_L -1 1.191e+04 2.505e+02 6.047e+02
|    ( - 5.500e+03 1 0)
|    ( WDBNDRY_B 0 6.159e+03 1.300e+02 3.185e+02
|        ( - 5.479e+03 2 0)
|        ( - 5.496e+02 1 0)))
s>    ( QUESTION2_0_L -1 1.191e+04 2.505e+02 6.047e+02
s>        ( - 5.500e+03 1 0)
s>        ( WDBNDRY_B 0 6.159e+03 1.300e+02 3.185e+02
s>            ( - 5.479e+03 2 0)
s>            ( - 5.496e+02 1 0)))INFO: dtree.c(1315): Comp split 9
INFO: dtree.c(1439): stop. leaf nodes are specific
INFO: dtree.c(1478): Final simple tree
|( QUESTION2 -1 3.784e+03 2.210e+02 1.956e+02
|    ( - 1.167e+03 1 0)
|    ( QUESTION7 -1 2.396e+03 1.540e+02 1.299e+02
|        ( - 4.775e+02 1 0)
|        ( QUESTION0_0_R 1 1.765e+03 1.482e+02 9.690e+01
|            ( QUESTION0 -1 1.062e+03 1.073e+02 6.235e+01
|                ( - 5.115e+02 1 0)
|                ( - 4.427e+02 1 0))
|            ( - 5.550e+02 1 0))))
s>    ( QUESTION2 -1 3.784e+03 2.210e+02 1.956e+02
s>        ( - 1.167e+03 1 0)
s>        ( QUESTION7 -1 2.396e+03 1.540e+02 1.299e+02
s>            ( - 4.775e+02 1 0)
s>            ( QUESTION0_0_R 1 1.765e+03 1.482e+02 9.690e+01
s>                ( QUESTION0 -1 1.062e+03 1.073e+02 6.235e+01
s>                    ( - 5.115e+02 1 0)
s>                    ( - 4.427e+02 1 0))
s>                ( - 5.550e+02 1 0))))INFO: dtree.c(1439): stop. leaf nodes are specific
INFO: dtree.c(1478): Final simple tree
|( WDBNDRY_B 0 7.907e+03 2.657e+02 3.833e+02
|    ( QUESTION0 -1 6.284e+03 1.899e+02 3.097e+02
|        ( QUESTION0_0_R 1 5.127e+03 1.337e+02 2.566e+02
|            ( - 4.539e+03 1 0)
|            ( - 4.539e+02 1 0))
|        ( QUESTION0_0_R 1 9.671e+02 1.014e+02 5.316e+01
|            ( - 4.290e+02 1 0)
|            ( - 4.366e+02 1 0)))
|    ( - 1.357e+03 1 0))
s>    ( WDBNDRY_B 0 7.907e+03 2.657e+02 3.833e+02
s>        ( QUESTION0 -1 6.284e+03 1.899e+02 3.097e+02
s>            ( QUESTION0_0_R 1 5.127e+03 1.337e+02 2.566e+02
s>                ( - 4.539e+03 1 0)
s>                ( - 4.539e+02 1 0))
s>            ( QUESTION0_0_R 1 9.671e+02 1.014e+02 5.316e+01
s>                ( - 4.290e+02 1 0)
s>                ( - 4.366e+02 1 0)))
s>        ( - 1.357e+03 1 0))INFO: dtree.c(1315): Comp split 10
INFO: dtree.c(1439): stop. leaf nodes are specific
INFO: dtree.c(1478): Final simple tree
|( QUESTION0 -1 2.307e+03 1.948e+02 1.288e+02
|    ( QUESTION1 -1 1.288e+03 9.842e+01 7.752e+01
|        ( - 9.667e+02 1 0)
|        ( - 2.227e+02 1 0))
|    ( WDBNDRY_B 0 8.245e+02 8.056e+01 5.126e+01
|        ( - 4.558e+02 1 0)
|        ( - 2.881e+02 1 0)))
s>    ( QUESTION0 -1 2.307e+03 1.948e+02 1.288e+02
s>        ( QUESTION1 -1 1.288e+03 9.842e+01 7.752e+01
s>            ( - 9.667e+02 1 0)
s>            ( - 2.227e+02 1 0))
s>        ( WDBNDRY_B 0 8.245e+02 8.056e+01 5.126e+01
s>            ( - 4.558e+02 1 0)
s>            ( - 2.881e+02 1 0)))INFO: dtree.c(1315): Comp split 11
INFO: dtree.c(1439): stop. leaf nodes are specific
INFO: dtree.c(1478): Final simple tree
|( QUESTION0_0_R 1 5.704e+03 1.812e+02 2.837e+02
|    ( - 4.539e+03 1 0)
|    ( QUESTION0 -1 9.837e+02 9.320e+01 5.515e+01
|        ( - 4.539e+02 1 0)
|        ( - 4.366e+02 1 0)))
s>    ( QUESTION0_0_R 1 5.704e+03 1.812e+02 2.837e+02
s>        ( - 4.539e+03 1 0)
s>        ( QUESTION0 -1 9.837e+02 9.320e+01 5.515e+01
s>            ( - 4.539e+02 1 0)
s>            ( - 4.366e+02 1 0)))INFO: dtree.c(1439): stop. leaf nodes are specific
INFO: dtree.c(1478): Final simple tree
|( WDBNDRY_B 0 1.929e+03 1.424e+02 9.961e+01
|    ( - 4.290e+02 1 0)
|    ( - 1.357e+03 1 0))
s>    ( WDBNDRY_B 0 1.929e+03 1.424e+02 9.961e+01
s>        ( - 4.290e+02 1 0)
s>        ( - 1.357e+03 1 0))INFO: dtree.c(1315): Comp split 12
INFO: dtree.c(1439): stop. leaf nodes are specific
INFO: dtree.c(1478): Final simple tree
|( WDBNDRY_B 0 6.159e+03 1.300e+02 3.185e+02
|    ( - 5.479e+03 2 0)
|    ( - 5.496e+02 1 0))
s>    ( WDBNDRY_B 0 6.159e+03 1.300e+02 3.185e+02
s>        ( - 5.479e+03 2 0)
s>        ( - 5.496e+02 1 0))INFO: dtree.c(1315): Comp split 13
INFO: dtree.c(1439): stop. leaf nodes are specific
INFO: dtree.c(1478): Final simple tree
|( QUESTION0_0_R 1 1.765e+03 1.482e+02 9.690e+01
|    ( QUESTION0 -1 1.062e+03 1.073e+02 6.235e+01
|        ( - 5.115e+02 1 0)
|        ( - 4.427e+02 1 0))
|    ( - 5.550e+02 1 0))
s>    ( QUESTION0_0_R 1 1.765e+03 1.482e+02 9.690e+01
s>        ( QUESTION0 -1 1.062e+03 1.073e+02 6.235e+01
s>            ( - 5.115e+02 1 0)
s>            ( - 4.427e+02 1 0))
s>        ( - 5.550e+02 1 0))INFO: dtree.c(1439): stop. leaf nodes are specific
INFO: dtree.c(1478): Final simple tree
|( QUESTION0 -1 1.776e+03 1.316e+02 9.865e+01
|    ( - 1.167e+03 1 0)
|    ( - 4.775e+02 1 0))
s>    ( QUESTION0 -1 1.776e+03 1.316e+02 9.865e+01
s>        ( - 1.167e+03 1 0)
s>        ( - 4.775e+02 1 0))INFO: dtree.c(1315): Comp split 14
INFO: dtree.c(1439): stop. leaf nodes are specific
INFO: dtree.c(1478): Final simple tree
|( QUESTION15 -1 8.787e+03 1.941e+02 4.287e+02
|    ( - 1.337e+03 1 0)
|    ( QUESTION0 -1 7.256e+03 1.738e+02 3.532e+02
|        ( - 2.255e+03 1 0)
|        ( QUESTION10 -1 4.827e+03 1.471e+02 2.368e+02
|            ( - 1.299e+03 1 0)
|            ( - 3.381e+03 1 0))))
s>    ( QUESTION15 -1 8.787e+03 1.941e+02 4.287e+02
s>        ( - 1.337e+03 1 0)
s>        ( QUESTION0 -1 7.256e+03 1.738e+02 3.532e+02
s>            ( - 2.255e+03 1 0)
s>            ( QUESTION10 -1 4.827e+03 1.471e+02 2.368e+02
s>                ( - 1.299e+03 1 0)
s>                ( - 3.381e+03 1 0))))INFO: dtree.c(1315): Comp split 15
INFO: dtree.c(1439): stop. leaf nodes are specific
INFO: dtree.c(1478): Final simple tree
|( QUESTION1 -1 5.361e+02 9.320e+01 3.305e+01
|    ( - 2.321e+02 1 0)
|    ( - 2.108e+02 1 0))
s>    ( QUESTION1 -1 5.361e+02 9.320e+01 3.305e+01
s>        ( - 2.321e+02 1 0)
s>        ( - 2.108e+02 1 0))INFO: dtree.c(1439): stop. leaf nodes are specific
INFO: dtree.c(1478): Final simple tree
|( WDBNDRY_B 0 1.332e+03 9.864e+01 7.630e+01
|    ( - 9.356e+02 1 0)
|    ( - 2.976e+02 1 0))
s>    ( WDBNDRY_B 0 1.332e+03 9.864e+01 7.630e+01
s>        ( - 9.356e+02 1 0)
s>        ( - 2.976e+02 1 0))INFO: dtree.c(1315): Comp split 16
INFO: dtree.c(1439): stop. leaf nodes are specific
INFO: dtree.c(1478): Final simple tree
|( QUESTION0 -1 5.806e+03 1.697e+02 2.817e+02
|    ( - 2.255e+03 1 0)
|    ( - 3.381e+03 1 0))
s>    ( QUESTION0 -1 5.806e+03 1.697e+02 2.817e+02
s>        ( - 2.255e+03 1 0)
s>        ( - 3.381e+03 1 0))INFO: dtree.c(1439): stop. leaf nodes are specific
INFO: dtree.c(1478): Final simple tree
|( QUESTION6 -1 2.782e+03 1.462e+02 1.470e+02
|    ( - 1.299e+03 1 0)
|    ( - 1.337e+03 1 0))
s>    ( QUESTION6 -1 2.782e+03 1.462e+02 1.470e+02
s>        ( - 1.299e+03 1 0)
s>        ( - 1.337e+03 1 0))INFO: dtree.c(1315): Comp split 17
INFO: dtree.c(1439): stop. leaf nodes are specific
INFO: dtree.c(1478): Final simple tree
|( WDBNDRY_B 0 8.245e+02 8.056e+01 5.126e+01
|    ( - 4.558e+02 1 0)
|    ( - 2.881e+02 1 0))
s>    ( WDBNDRY_B 0 8.245e+02 8.056e+01 5.126e+01
s>        ( - 4.558e+02 1 0)
s>        ( - 2.881e+02 1 0))INFO: dtree.c(1439): stop. leaf nodes are specific
INFO: dtree.c(1478): Final simple tree
|( QUESTION1 -1 1.288e+03 9.842e+01 7.752e+01
|    ( - 9.667e+02 1 0)
|    ( - 2.227e+02 1 0))
s>    ( QUESTION1 -1 1.288e+03 9.842e+01 7.752e+01
s>        ( - 9.667e+02 1 0)
s>        ( - 2.227e+02 1 0))INFO: dtree.c(1315): Comp split 18
INFO: dtree.c(1439): stop. leaf nodes are specific
INFO: dtree.c(1478): Final simple tree
|( QUESTION0 -1 9.837e+02 9.320e+01 5.515e+01
|    ( - 4.539e+02 1 0)
|    ( - 4.366e+02 1 0))
s>    ( QUESTION0 -1 9.837e+02 9.320e+01 5.515e+01
s>        ( - 4.539e+02 1 0)
s>        ( - 4.366e+02 1 0))INFO: dtree.c(1315): Comp split 19
INFO: dtree.c(1315): Comp split 20
INFO: dtree.c(1439): stop. leaf nodes are specific
INFO: dtree.c(1478): Final simple tree
|( QUESTION1 -1 7.825e+02 9.891e+01 4.796e+01
|    ( - 4.365e+02 1 0)
|    ( - 2.470e+02 1 0))
s>    ( QUESTION1 -1 7.825e+02 9.891e+01 4.796e+01
s>        ( - 4.365e+02 1 0)
s>        ( - 2.470e+02 1 0))INFO: dtree.c(1315): Comp split 21
INFO: dtree.c(1315): Comp split 22
INFO: dtree.c(1439): stop. leaf nodes are specific
INFO: dtree.c(1478): Final simple tree
|( QUESTION0_0_R 1 6.983e+03 1.259e+02 3.936e+02
|    ( - 6.403e+03 1 0)
|    ( - 4.541e+02 1 0))
s>    ( QUESTION0_0_R 1 6.983e+03 1.259e+02 3.936e+02
s>        ( - 6.403e+03 1 0)
s>        ( - 4.541e+02 1 0))INFO: dtree.c(1315): Comp split 23
INFO: dtree.c(1315): Comp split 24
INFO: dtree.c(1439): stop. leaf nodes are specific
INFO: dtree.c(1478): Final simple tree
|( QUESTION0 -1 1.062e+03 1.073e+02 6.235e+01
|    ( - 5.115e+02 1 0)
|    ( - 4.427e+02 1 0))
s>    ( QUESTION0 -1 1.062e+03 1.073e+02 6.235e+01
s>        ( - 5.115e+02 1 0)
s>        ( - 4.427e+02 1 0))INFO: dtree.c(1315): Comp split 25
INFO: dtree.c(1315): Comp split 26
INFO: dtree.c(1315): Comp split 27
INFO: dtree.c(1315): Comp split 28
INFO: dtree.c(1315): Comp split 29
INFO: dtree.c(1315): Comp split 30
INFO: dtree.c(1315): Comp split 31
INFO: dtree.c(1315): Comp split 32
INFO: dtree.c(1315): Comp split 33
INFO: dtree.c(1315): Comp split 34
INFO: dtree.c(1315): Comp split 35
INFO: dtree.c(1315): Comp split 36
INFO: dtree.c(1315): Comp split 37
INFO: dtree.c(1318): stop. leaf nodes are specific
Fri Dec  3 07:39:16 2021
