Current configuration:
[NAME]		[DEFLT]	[VALUE]
-allphones	no	no
-cntthresh	0.00001	1.000000e-05
-csplitmax	100	2000
-csplitmin	1	1
-csplitthr	8e-4	0.000000e+00
-example	no	no
-fullvar	no	no
-help		no	no
-meanfn			
-mixwfn			/home/azhar/Tubes_Speech/commandreminder/model_parameters/commandreminder.cd_ptm_untied/mixture_weights
-moddeffn		/home/azhar/Tubes_Speech/commandreminder/model_architecture/commandreminder.untied.mdef
-mwfloor	1e-4	1.000000e-08
-phone			S
-psetfn			/home/azhar/Tubes_Speech/commandreminder/model_architecture/commandreminder.tree_questions
-ssplitmax	5	7
-ssplitmin	1	1
-ssplitthr	8e-4	0.000000e+00
-state			2
-stwt			1.0,0.05,0.0,
-treefn			/home/azhar/Tubes_Speech/commandreminder/trees/commandreminder.unpruned/S-2.dtree
-ts2cbfn	.semi.	.semi.
-varfloor	0.00001	1.000000e-05
-varfn			

INFO: main.c(223): Reading: /home/azhar/Tubes_Speech/commandreminder/model_architecture/commandreminder.untied.mdef
INFO: model_def_io.c(573): Model definition info:
INFO: model_def_io.c(574): 1061 total models defined (31 base, 1030 tri)
INFO: model_def_io.c(575): 4244 total states
INFO: model_def_io.c(576): 3183 total tied states
INFO: model_def_io.c(577): 93 total tied CI states
INFO: model_def_io.c(578): 31 total tied transition matrices
INFO: model_def_io.c(579): 4 max state/model
INFO: model_def_io.c(580): 4 min state/model
INFO: main.c(242): Building trees for [S A A i] through [S U T i]
INFO: main.c(269): Covering states |[2622 2783]| == 162
INFO: main.c(275): Reading: /home/azhar/Tubes_Speech/commandreminder/model_parameters/commandreminder.cd_ptm_untied/mixture_weights
INFO: s3mixw_io.c(173): Read /home/azhar/Tubes_Speech/commandreminder/model_parameters/commandreminder.cd_ptm_untied/mixture_weights [162x4x64 array]
INFO: main.c(311): 54 of 54 models have observation count greater than 0.000010
INFO: main.c(95): nrm stwt: 0.000 0.048 0.952 
INFO: main.c(411): 54-class entropy: 1.571344e+05
INFO: main.c(549): Reading: /home/azhar/Tubes_Speech/commandreminder/model_architecture/commandreminder.tree_questions
INFO: main.c(588): 174 total simple questions (166 phone; 8 word bndry)
INFO: main.c(590): 40 Left Only questions, and 42 Right Only questions
INFO: dtree.c(1478): Final simple tree
|( QUESTION0_4_R 1 1.877e+05 8.663e+03 8.581e+03
|    ( SILENCE -1 9.971e+04 1.982e+03 4.985e+03
|        ( - 6.754e+04 1 0)
|        ( - 3.019e+04 11 0 QUESTION3 -1 4.310e+02 1.543e+03))
|    ( QUESTION0_0_R 1 7.930e+04 4.045e+03 3.596e+03
|        ( QUESTION3 1 5.000e+04 2.358e+03 2.338e+03
|            ( - 1.096e+04 8 0 WDBNDRY_B 0 2.986e+02 6.003e+02)
|            ( QUESTION1 1 3.668e+04 1.101e+03 1.738e+03
|                ( - 2.517e+04 9 0 WDBNDRY_B 0 5.983e+02 1.194e+03)
|                ( QUESTION0_1_R 1 1.041e+04 6.699e+02 5.436e+02
|                    ( - 3.220e+03 4 0 WDBNDRY_B 0 1.999e+02 1.962e+02)
|                    ( - 6.520e+03 4 0 WDBNDRY_B 0 3.342e+02 3.475e+02))))
|        ( SILENCE 1 2.526e+04 1.129e+03 1.258e+03
|            ( - 6.487e+03 2 0 QUESTION3 -1 3.482e+02 3.711e+02)
|            ( - 1.765e+04 15 0 QUESTION0_7_R 1 6.005e+02 8.867e+02))))
s>    ( QUESTION0_4_R 1 1.877e+05 8.663e+03 8.581e+03
s>        ( SILENCE -1 9.971e+04 1.982e+03 4.985e+03
s>            ( - 6.754e+04 1 0)
s>            ( - 3.019e+04 11 0 QUESTION3 -1 4.310e+02 1.543e+03))
s>        ( QUESTION0_0_R 1 7.930e+04 4.045e+03 3.596e+03
s>            ( QUESTION3 1 5.000e+04 2.358e+03 2.338e+03
s>                ( - 1.096e+04 8 0 WDBNDRY_B 0 2.986e+02 6.003e+02)
s>                ( QUESTION1 1 3.668e+04 1.101e+03 1.738e+03
s>                    ( - 2.517e+04 9 0 WDBNDRY_B 0 5.983e+02 1.194e+03)
s>                    ( QUESTION0_1_R 1 1.041e+04 6.699e+02 5.436e+02
s>                        ( - 3.220e+03 4 0 WDBNDRY_B 0 1.999e+02 1.962e+02)
s>                        ( - 6.520e+03 4 0 WDBNDRY_B 0 3.342e+02 3.475e+02))))
s>            ( SILENCE 1 2.526e+04 1.129e+03 1.258e+03
s>                ( - 6.487e+03 2 0 QUESTION3 -1 3.482e+02 3.711e+02)
s>                ( - 1.765e+04 15 0 QUESTION0_7_R 1 6.005e+02 8.867e+02))))INFO: dtree.c(1315): Comp split 0
INFO: dtree.c(1478): Final simple tree
|( SILENCE -1 1.272e+05 2.893e+03 6.179e+03
|    ( - 6.754e+04 1 0)
|    ( QUESTION0_3_R 1 5.679e+04 1.428e+03 2.738e+03
|        ( WDBNDRY_B 0 2.517e+04 5.983e+02 1.194e+03
|            ( QUESTION0 -1 1.797e+04 2.770e+02 8.569e+02
|                ( - 1.504e+04 3 0 QUESTION1 -1 2.028e+02 7.254e+02)
|                ( - 2.659e+03 3 0 QUESTION6 -1 2.186e+02 1.315e+02))
|            ( QUESTION2_1_L -1 6.600e+03 2.919e+02 3.373e+02
|                ( - 1.831e+03 1 0)
|                ( - 4.476e+03 2 0 QUESTION1 -1 1.860e+02 2.314e+02)))
|        ( QUESTION3 -1 3.019e+04 4.310e+02 1.543e+03
|            ( - 9.519e+03 2 0 WDBNDRY_B 0 2.239e+02 5.231e+02)
|            ( QUESTION2_1_L -1 2.024e+04 3.140e+02 1.020e+03
|                ( - 9.297e+03 2 0)
|                ( - 1.063e+04 7 0 QUESTION15 -1 2.508e+02 5.552e+02)))))
s>    ( SILENCE -1 1.272e+05 2.893e+03 6.179e+03
s>        ( - 6.754e+04 1 0)
s>        ( QUESTION0_3_R 1 5.679e+04 1.428e+03 2.738e+03
s>            ( WDBNDRY_B 0 2.517e+04 5.983e+02 1.194e+03
s>                ( QUESTION0 -1 1.797e+04 2.770e+02 8.569e+02
s>                    ( - 1.504e+04 3 0 QUESTION1 -1 2.028e+02 7.254e+02)
s>                    ( - 2.659e+03 3 0 QUESTION6 -1 2.186e+02 1.315e+02))
s>                ( QUESTION2_1_L -1 6.600e+03 2.919e+02 3.373e+02
s>                    ( - 1.831e+03 1 0)
s>                    ( - 4.476e+03 2 0 QUESTION1 -1 1.860e+02 2.314e+02)))
s>            ( QUESTION3 -1 3.019e+04 4.310e+02 1.543e+03
s>                ( - 9.519e+03 2 0 WDBNDRY_B 0 2.239e+02 5.231e+02)
s>                ( QUESTION2_1_L -1 2.024e+04 3.140e+02 1.020e+03
s>                    ( - 9.297e+03 2 0)
s>                    ( - 1.063e+04 7 0 QUESTION15 -1 2.508e+02 5.552e+02)))))INFO: dtree.c(1478): Final simple tree
|( QUESTION0_0_R 1 5.174e+04 3.154e+03 2.402e+03
|    ( QUESTION3 1 2.333e+04 1.959e+03 1.144e+03
|        ( - 1.096e+04 8 0 WDBNDRY_B 0 2.986e+02 6.003e+02)
|        ( QUESTION0_1_R 1 1.041e+04 6.699e+02 5.436e+02
|            ( - 3.220e+03 4 0 WDBNDRY_B 0 1.999e+02 1.962e+02)
|            ( - 6.520e+03 4 0 WDBNDRY_B 0 3.342e+02 3.475e+02)))
|    ( SILENCE 1 2.526e+04 1.129e+03 1.258e+03
|        ( QUESTION3 -1 6.487e+03 3.482e+02 3.711e+02
|            ( - 1.264e+03 1 0)
|            ( - 4.874e+03 1 0))
|        ( QUESTION0_7_R 1 1.765e+04 6.005e+02 8.867e+02
|            ( QUESTION0_8_R 1 8.652e+03 4.043e+02 4.445e+02
|                ( - 6.536e+03 7 0 QUESTION7 1 3.243e+02 3.549e+02)
|                ( - 1.712e+03 2 0 QUESTION0_10_R 1 1.375e+02 8.955e+01))
|            ( - 8.394e+03 6 0 QUESTION1 -1 2.862e+02 4.422e+02))))
s>    ( QUESTION0_0_R 1 5.174e+04 3.154e+03 2.402e+03
s>        ( QUESTION3 1 2.333e+04 1.959e+03 1.144e+03
s>            ( - 1.096e+04 8 0 WDBNDRY_B 0 2.986e+02 6.003e+02)
s>            ( QUESTION0_1_R 1 1.041e+04 6.699e+02 5.436e+02
s>                ( - 3.220e+03 4 0 WDBNDRY_B 0 1.999e+02 1.962e+02)
s>                ( - 6.520e+03 4 0 WDBNDRY_B 0 3.342e+02 3.475e+02)))
s>        ( SILENCE 1 2.526e+04 1.129e+03 1.258e+03
s>            ( QUESTION3 -1 6.487e+03 3.482e+02 3.711e+02
s>                ( - 1.264e+03 1 0)
s>                ( - 4.874e+03 1 0))
s>            ( QUESTION0_7_R 1 1.765e+04 6.005e+02 8.867e+02
s>                ( QUESTION0_8_R 1 8.652e+03 4.043e+02 4.445e+02
s>                    ( - 6.536e+03 7 0 QUESTION7 1 3.243e+02 3.549e+02)
s>                    ( - 1.712e+03 2 0 QUESTION0_10_R 1 1.375e+02 8.955e+01))
s>                ( - 8.394e+03 6 0 QUESTION1 -1 2.862e+02 4.422e+02))))INFO: dtree.c(1315): Comp split 1
INFO: dtree.c(1478): Final simple tree
|( SILENCE 1 2.526e+04 1.129e+03 1.258e+03
|    ( QUESTION3 -1 6.487e+03 3.482e+02 3.711e+02
|        ( - 1.264e+03 1 0)
|        ( - 4.874e+03 1 0))
|    ( QUESTION0_7_R 1 1.765e+04 6.005e+02 8.867e+02
|        ( QUESTION0_8_R 1 8.652e+03 4.043e+02 4.445e+02
|            ( QUESTION7 1 6.536e+03 3.243e+02 3.549e+02
|                ( - 3.462e+03 4 0 QUESTION8 1 2.442e+02 1.881e+02)
|                ( QUESTION4 -1 2.750e+03 2.599e+02 1.668e+02
|                    ( - 1.100e+03 1 0)
|                    ( - 1.390e+03 2 0 WDBNDRY_E 0 1.115e+02 8.809e+01)))
|            ( - 1.712e+03 2 0 QUESTION0_10_R 1 1.375e+02 8.955e+01))
|        ( QUESTION1 -1 8.394e+03 2.862e+02 4.422e+02
|            ( - 3.508e+03 2 0 QUESTION6 1 1.635e+02 1.979e+02)
|            ( - 4.600e+03 4 0 QUESTION0_17_R 1 2.301e+02 2.443e+02))))
s>    ( SILENCE 1 2.526e+04 1.129e+03 1.258e+03
s>        ( QUESTION3 -1 6.487e+03 3.482e+02 3.711e+02
s>            ( - 1.264e+03 1 0)
s>            ( - 4.874e+03 1 0))
s>        ( QUESTION0_7_R 1 1.765e+04 6.005e+02 8.867e+02
s>            ( QUESTION0_8_R 1 8.652e+03 4.043e+02 4.445e+02
s>                ( QUESTION7 1 6.536e+03 3.243e+02 3.549e+02
s>                    ( - 3.462e+03 4 0 QUESTION8 1 2.442e+02 1.881e+02)
s>                    ( QUESTION4 -1 2.750e+03 2.599e+02 1.668e+02
s>                        ( - 1.100e+03 1 0)
s>                        ( - 1.390e+03 2 0 WDBNDRY_E 0 1.115e+02 8.809e+01)))
s>                ( - 1.712e+03 2 0 QUESTION0_10_R 1 1.375e+02 8.955e+01))
s>            ( QUESTION1 -1 8.394e+03 2.862e+02 4.422e+02
s>                ( - 3.508e+03 2 0 QUESTION6 1 1.635e+02 1.979e+02)
s>                ( - 4.600e+03 4 0 QUESTION0_17_R 1 2.301e+02 2.443e+02))))INFO: dtree.c(1478): Final simple tree
|( QUESTION3 1 2.333e+04 1.959e+03 1.144e+03
|    ( WDBNDRY_B 0 1.096e+04 2.986e+02 6.003e+02
|        ( - 4.070e+03 5 0 QUESTION0 -1 1.659e+02 2.279e+02)
|        ( QUESTION2_1_L -1 6.590e+03 2.323e+02 3.724e+02
|            ( - 2.797e+03 1 0)
|            ( - 3.561e+03 2 0 QUESTION0 -1 1.402e+02 2.076e+02)))
|    ( QUESTION0_1_R 1 1.041e+04 6.699e+02 5.436e+02
|        ( WDBNDRY_B 0 3.220e+03 1.999e+02 1.962e+02
|            ( QUESTION0 -1 1.338e+03 1.675e+02 8.433e+01
|                ( - 2.456e+02 1 0)
|                ( - 9.253e+02 2 0 QUESTION2_0_L -1 9.761e+01 6.733e+01))
|            ( - 1.681e+03 1 0))
|        ( WDBNDRY_B 0 6.520e+03 3.342e+02 3.475e+02
|            ( - 2.098e+03 3 0 QUESTION0 -1 1.207e+02 1.173e+02)
|            ( - 4.088e+03 1 0))))
s>    ( QUESTION3 1 2.333e+04 1.959e+03 1.144e+03
s>        ( WDBNDRY_B 0 1.096e+04 2.986e+02 6.003e+02
s>            ( - 4.070e+03 5 0 QUESTION0 -1 1.659e+02 2.279e+02)
s>            ( QUESTION2_1_L -1 6.590e+03 2.323e+02 3.724e+02
s>                ( - 2.797e+03 1 0)
s>                ( - 3.561e+03 2 0 QUESTION0 -1 1.402e+02 2.076e+02)))
s>        ( QUESTION0_1_R 1 1.041e+04 6.699e+02 5.436e+02
s>            ( WDBNDRY_B 0 3.220e+03 1.999e+02 1.962e+02
s>                ( QUESTION0 -1 1.338e+03 1.675e+02 8.433e+01
s>                    ( - 2.456e+02 1 0)
s>                    ( - 9.253e+02 2 0 QUESTION2_0_L -1 9.761e+01 6.733e+01))
s>                ( - 1.681e+03 1 0))
s>            ( WDBNDRY_B 0 6.520e+03 3.342e+02 3.475e+02
s>                ( - 2.098e+03 3 0 QUESTION0 -1 1.207e+02 1.173e+02)
s>                ( - 4.088e+03 1 0))))INFO: dtree.c(1315): Comp split 2
INFO: dtree.c(1478): Final simple tree
|( QUESTION0_3_R 1 5.679e+04 1.428e+03 2.738e+03
|    ( WDBNDRY_B 0 2.517e+04 5.983e+02 1.194e+03
|        ( QUESTION0 -1 1.797e+04 2.770e+02 8.569e+02
|            ( - 1.504e+04 3 0 QUESTION1 -1 2.028e+02 7.254e+02)
|            ( - 2.659e+03 3 0 QUESTION6 -1 2.186e+02 1.315e+02))
|        ( QUESTION2_1_L -1 6.600e+03 2.919e+02 3.373e+02
|            ( - 1.831e+03 1 0)
|            ( - 4.476e+03 2 0 QUESTION1 -1 1.860e+02 2.314e+02)))
|    ( QUESTION3 -1 3.019e+04 4.310e+02 1.543e+03
|        ( - 9.519e+03 2 0 WDBNDRY_B 0 2.239e+02 5.231e+02)
|        ( QUESTION2_1_L -1 2.024e+04 3.140e+02 1.020e+03
|            ( - 9.297e+03 2 0)
|            ( QUESTION15 -1 1.063e+04 2.508e+02 5.552e+02
|                ( - 1.878e+03 1 0)
|                ( - 8.499e+03 6 0 QUESTION2 -1 2.132e+02 4.485e+02)))))
s>    ( QUESTION0_3_R 1 5.679e+04 1.428e+03 2.738e+03
s>        ( WDBNDRY_B 0 2.517e+04 5.983e+02 1.194e+03
s>            ( QUESTION0 -1 1.797e+04 2.770e+02 8.569e+02
s>                ( - 1.504e+04 3 0 QUESTION1 -1 2.028e+02 7.254e+02)
s>                ( - 2.659e+03 3 0 QUESTION6 -1 2.186e+02 1.315e+02))
s>            ( QUESTION2_1_L -1 6.600e+03 2.919e+02 3.373e+02
s>                ( - 1.831e+03 1 0)
s>                ( - 4.476e+03 2 0 QUESTION1 -1 1.860e+02 2.314e+02)))
s>        ( QUESTION3 -1 3.019e+04 4.310e+02 1.543e+03
s>            ( - 9.519e+03 2 0 WDBNDRY_B 0 2.239e+02 5.231e+02)
s>            ( QUESTION2_1_L -1 2.024e+04 3.140e+02 1.020e+03
s>                ( - 9.297e+03 2 0)
s>                ( QUESTION15 -1 1.063e+04 2.508e+02 5.552e+02
s>                    ( - 1.878e+03 1 0)
s>                    ( - 8.499e+03 6 0 QUESTION2 -1 2.132e+02 4.485e+02)))))INFO: dtree.c(1315): Comp split 3
INFO: dtree.c(1478): Final simple tree
|( QUESTION0_1_R 1 1.041e+04 6.699e+02 5.436e+02
|    ( WDBNDRY_B 0 3.220e+03 1.999e+02 1.962e+02
|        ( QUESTION0 -1 1.338e+03 1.675e+02 8.433e+01
|            ( - 2.456e+02 1 0)
|            ( QUESTION2_0_L -1 9.253e+02 9.761e+01 6.733e+01
|                ( - 4.206e+02 1 0)
|                ( - 4.071e+02 1 0)))
|        ( - 1.681e+03 1 0))
|    ( WDBNDRY_B 0 6.520e+03 3.342e+02 3.475e+02
|        ( QUESTION0 -1 2.098e+03 1.207e+02 1.173e+02
|            ( - 1.094e+03 1 0)
|            ( QUESTION16 -1 8.831e+02 1.035e+02 5.275e+01
|                ( - 3.632e+02 1 0)
|                ( - 4.163e+02 1 0)))
|        ( - 4.088e+03 1 0)))
s>    ( QUESTION0_1_R 1 1.041e+04 6.699e+02 5.436e+02
s>        ( WDBNDRY_B 0 3.220e+03 1.999e+02 1.962e+02
s>            ( QUESTION0 -1 1.338e+03 1.675e+02 8.433e+01
s>                ( - 2.456e+02 1 0)
s>                ( QUESTION2_0_L -1 9.253e+02 9.761e+01 6.733e+01
s>                    ( - 4.206e+02 1 0)
s>                    ( - 4.071e+02 1 0)))
s>            ( - 1.681e+03 1 0))
s>        ( WDBNDRY_B 0 6.520e+03 3.342e+02 3.475e+02
s>            ( QUESTION0 -1 2.098e+03 1.207e+02 1.173e+02
s>                ( - 1.094e+03 1 0)
s>                ( QUESTION16 -1 8.831e+02 1.035e+02 5.275e+01
s>                    ( - 3.632e+02 1 0)
s>                    ( - 4.163e+02 1 0)))
s>            ( - 4.088e+03 1 0)))INFO: dtree.c(1478): Final simple tree
|( WDBNDRY_B 0 1.096e+04 2.986e+02 6.003e+02
|    ( QUESTION0 -1 4.070e+03 1.659e+02 2.279e+02
|        ( QUESTION1 -1 2.044e+03 1.122e+02 1.193e+02
|            ( - 1.435e+03 1 0)
|            ( - 4.969e+02 1 0))
|        ( QUESTION7 -1 1.860e+03 1.526e+02 1.085e+02
|            ( - 4.848e+02 1 0)
|            ( QUESTION6 -1 1.223e+03 1.021e+02 7.489e+01
|                ( - 7.129e+02 1 0)
|                ( - 4.077e+02 1 0))))
|    ( QUESTION2_1_L -1 6.590e+03 2.323e+02 3.724e+02
|        ( - 2.797e+03 1 0)
|        ( QUESTION0 -1 3.561e+03 1.402e+02 2.076e+02
|            ( - 2.967e+03 1 0)
|            ( - 4.539e+02 1 0))))
s>    ( WDBNDRY_B 0 1.096e+04 2.986e+02 6.003e+02
s>        ( QUESTION0 -1 4.070e+03 1.659e+02 2.279e+02
s>            ( QUESTION1 -1 2.044e+03 1.122e+02 1.193e+02
s>                ( - 1.435e+03 1 0)
s>                ( - 4.969e+02 1 0))
s>            ( QUESTION7 -1 1.860e+03 1.526e+02 1.085e+02
s>                ( - 4.848e+02 1 0)
s>                ( QUESTION6 -1 1.223e+03 1.021e+02 7.489e+01
s>                    ( - 7.129e+02 1 0)
s>                    ( - 4.077e+02 1 0))))
s>        ( QUESTION2_1_L -1 6.590e+03 2.323e+02 3.724e+02
s>            ( - 2.797e+03 1 0)
s>            ( QUESTION0 -1 3.561e+03 1.402e+02 2.076e+02
s>                ( - 2.967e+03 1 0)
s>                ( - 4.539e+02 1 0))))INFO: dtree.c(1315): Comp split 4
INFO: dtree.c(1478): Final simple tree
|( QUESTION3 -1 3.019e+04 4.310e+02 1.543e+03
|    ( WDBNDRY_B 0 9.519e+03 2.239e+02 5.231e+02
|        ( - 6.222e+03 1 0)
|        ( - 3.073e+03 1 0))
|    ( QUESTION2_1_L -1 2.024e+04 3.140e+02 1.020e+03
|        ( - 9.297e+03 2 0)
|        ( QUESTION15 -1 1.063e+04 2.508e+02 5.552e+02
|            ( - 1.878e+03 1 0)
|            ( QUESTION2 -1 8.499e+03 2.132e+02 4.485e+02
|                ( - 2.899e+03 2 0)
|                ( QUESTION7 -1 5.386e+03 1.873e+02 2.907e+02
|                    ( - 2.573e+03 2 0 WDBNDRY_B 0 1.229e+02 1.448e+02)
|                    ( WDBNDRY_B 0 2.626e+03 1.560e+02 1.459e+02
|                        ( - 1.691e+03 1 0)
|                        ( - 7.792e+02 1 0)))))))
s>    ( QUESTION3 -1 3.019e+04 4.310e+02 1.543e+03
s>        ( WDBNDRY_B 0 9.519e+03 2.239e+02 5.231e+02
s>            ( - 6.222e+03 1 0)
s>            ( - 3.073e+03 1 0))
s>        ( QUESTION2_1_L -1 2.024e+04 3.140e+02 1.020e+03
s>            ( - 9.297e+03 2 0)
s>            ( QUESTION15 -1 1.063e+04 2.508e+02 5.552e+02
s>                ( - 1.878e+03 1 0)
s>                ( QUESTION2 -1 8.499e+03 2.132e+02 4.485e+02
s>                    ( - 2.899e+03 2 0)
s>                    ( QUESTION7 -1 5.386e+03 1.873e+02 2.907e+02
s>                        ( - 2.573e+03 2 0 WDBNDRY_B 0 1.229e+02 1.448e+02)
s>                        ( WDBNDRY_B 0 2.626e+03 1.560e+02 1.459e+02
s>                            ( - 1.691e+03 1 0)
s>                            ( - 7.792e+02 1 0)))))))INFO: dtree.c(1478): Final simple tree
|( WDBNDRY_B 0 2.517e+04 5.983e+02 1.194e+03
|    ( QUESTION0 -1 1.797e+04 2.770e+02 8.569e+02
|        ( QUESTION1 -1 1.504e+04 2.028e+02 7.254e+02
|            ( QUESTION2_0_L -1 1.415e+03 1.336e+02 7.627e+01
|                ( - 6.349e+02 1 0)
|                ( - 6.467e+02 1 0))
|            ( - 1.342e+04 1 0))
|        ( QUESTION6 -1 2.659e+03 2.186e+02 1.315e+02
|            ( - 1.300e+03 1 0)
|            ( - 1.140e+03 2 0)))
|    ( QUESTION2_1_L -1 6.600e+03 2.919e+02 3.373e+02
|        ( - 1.831e+03 1 0)
|        ( QUESTION1 -1 4.476e+03 1.860e+02 2.314e+02
|            ( - 7.959e+02 1 0)
|            ( - 3.495e+03 1 0))))
s>    ( WDBNDRY_B 0 2.517e+04 5.983e+02 1.194e+03
s>        ( QUESTION0 -1 1.797e+04 2.770e+02 8.569e+02
s>            ( QUESTION1 -1 1.504e+04 2.028e+02 7.254e+02
s>                ( QUESTION2_0_L -1 1.415e+03 1.336e+02 7.627e+01
s>                    ( - 6.349e+02 1 0)
s>                    ( - 6.467e+02 1 0))
s>                ( - 1.342e+04 1 0))
s>            ( QUESTION6 -1 2.659e+03 2.186e+02 1.315e+02
s>                ( - 1.300e+03 1 0)
s>                ( - 1.140e+03 2 0)))
s>        ( QUESTION2_1_L -1 6.600e+03 2.919e+02 3.373e+02
s>            ( - 1.831e+03 1 0)
s>            ( QUESTION1 -1 4.476e+03 1.860e+02 2.314e+02
s>                ( - 7.959e+02 1 0)
s>                ( - 3.495e+03 1 0))))INFO: dtree.c(1315): Comp split 5
INFO: dtree.c(1439): stop. leaf nodes are specific
INFO: dtree.c(1478): Final simple tree
|( WDBNDRY_E 0 7.948e+03 3.611e+02 4.498e+02
|    ( QUESTION3 -1 6.487e+03 3.482e+02 3.711e+02
|        ( - 1.264e+03 1 0)
|        ( - 4.874e+03 1 0))
|    ( - 1.100e+03 1 0))
s>    ( WDBNDRY_E 0 7.948e+03 3.611e+02 4.498e+02
s>        ( QUESTION3 -1 6.487e+03 3.482e+02 3.711e+02
s>            ( - 1.264e+03 1 0)
s>            ( - 4.874e+03 1 0))
s>        ( - 1.100e+03 1 0))INFO: dtree.c(1478): Final simple tree
|( QUESTION0_7_R 1 1.616e+04 5.395e+02 8.080e+02
|    ( QUESTION0_8_R 1 7.228e+03 3.675e+02 3.658e+02
|        ( QUESTION2_1_L -1 5.149e+03 3.028e+02 2.762e+02
|            ( QUESTION8 1 2.667e+03 2.007e+02 1.453e+02
|                ( - 1.553e+03 2 0)
|                ( - 9.135e+02 1 0))
|            ( QUESTION7 1 2.179e+03 1.949e+02 1.309e+02
|                ( - 5.934e+02 1 0)
|                ( - 1.390e+03 2 0 WDBNDRY_E 0 1.115e+02 8.809e+01)))
|        ( - 1.712e+03 2 0 QUESTION0_10_R 1 1.375e+02 8.955e+01))
|    ( QUESTION1 -1 8.394e+03 2.862e+02 4.422e+02
|        ( - 3.508e+03 2 0 QUESTION6 1 1.635e+02 1.979e+02)
|        ( QUESTION0_17_R 1 4.600e+03 2.301e+02 2.443e+02
|            ( - 3.551e+03 3 0 WDBNDRY_E 0 1.903e+02 1.912e+02)
|            ( - 8.186e+02 1 0))))
s>    ( QUESTION0_7_R 1 1.616e+04 5.395e+02 8.080e+02
s>        ( QUESTION0_8_R 1 7.228e+03 3.675e+02 3.658e+02
s>            ( QUESTION2_1_L -1 5.149e+03 3.028e+02 2.762e+02
s>                ( QUESTION8 1 2.667e+03 2.007e+02 1.453e+02
s>                    ( - 1.553e+03 2 0)
s>                    ( - 9.135e+02 1 0))
s>                ( QUESTION7 1 2.179e+03 1.949e+02 1.309e+02
s>                    ( - 5.934e+02 1 0)
s>                    ( - 1.390e+03 2 0 WDBNDRY_E 0 1.115e+02 8.809e+01)))
s>            ( - 1.712e+03 2 0 QUESTION0_10_R 1 1.375e+02 8.955e+01))
s>        ( QUESTION1 -1 8.394e+03 2.862e+02 4.422e+02
s>            ( - 3.508e+03 2 0 QUESTION6 1 1.635e+02 1.979e+02)
s>            ( QUESTION0_17_R 1 4.600e+03 2.301e+02 2.443e+02
s>                ( - 3.551e+03 3 0 WDBNDRY_E 0 1.903e+02 1.912e+02)
s>                ( - 8.186e+02 1 0))))INFO: dtree.c(1315): Comp split 6
INFO: dtree.c(1439): stop. leaf nodes are specific
INFO: dtree.c(1478): Final simple tree
|( WDBNDRY_B 0 6.520e+03 3.342e+02 3.475e+02
|    ( QUESTION0 -1 2.098e+03 1.207e+02 1.173e+02
|        ( - 1.094e+03 1 0)
|        ( QUESTION16 -1 8.831e+02 1.035e+02 5.275e+01
|            ( - 3.632e+02 1 0)
|            ( - 4.163e+02 1 0)))
|    ( - 4.088e+03 1 0))
s>    ( WDBNDRY_B 0 6.520e+03 3.342e+02 3.475e+02
s>        ( QUESTION0 -1 2.098e+03 1.207e+02 1.173e+02
s>            ( - 1.094e+03 1 0)
s>            ( QUESTION16 -1 8.831e+02 1.035e+02 5.275e+01
s>                ( - 3.632e+02 1 0)
s>                ( - 4.163e+02 1 0)))
s>        ( - 4.088e+03 1 0))INFO: dtree.c(1439): stop. leaf nodes are specific
INFO: dtree.c(1478): Final simple tree
|( WDBNDRY_B 0 3.220e+03 1.999e+02 1.962e+02
|    ( QUESTION0 -1 1.338e+03 1.675e+02 8.433e+01
|        ( - 2.456e+02 1 0)
|        ( QUESTION2_0_L -1 9.253e+02 9.761e+01 6.733e+01
|            ( - 4.206e+02 1 0)
|            ( - 4.071e+02 1 0)))
|    ( - 1.681e+03 1 0))
s>    ( WDBNDRY_B 0 3.220e+03 1.999e+02 1.962e+02
s>        ( QUESTION0 -1 1.338e+03 1.675e+02 8.433e+01
s>            ( - 2.456e+02 1 0)
s>            ( QUESTION2_0_L -1 9.253e+02 9.761e+01 6.733e+01
s>                ( - 4.206e+02 1 0)
s>                ( - 4.071e+02 1 0)))
s>        ( - 1.681e+03 1 0))INFO: dtree.c(1315): Comp split 7
INFO: dtree.c(1439): stop. leaf nodes are specific
INFO: dtree.c(1478): Final simple tree
|( QUESTION2_1_L -1 7.945e+03 2.915e+02 3.996e+02
|    ( - 1.831e+03 1 0)
|    ( QUESTION2 -1 5.822e+03 2.259e+02 2.937e+02
|        ( - 3.495e+03 1 0)
|        ( WDBNDRY_B 0 2.102e+03 1.658e+02 1.101e+02
|            ( - 1.140e+03 2 0)
|            ( - 7.959e+02 1 0))))
s>    ( QUESTION2_1_L -1 7.945e+03 2.915e+02 3.996e+02
s>        ( - 1.831e+03 1 0)
s>        ( QUESTION2 -1 5.822e+03 2.259e+02 2.937e+02
s>            ( - 3.495e+03 1 0)
s>            ( WDBNDRY_B 0 2.102e+03 1.658e+02 1.101e+02
s>                ( - 1.140e+03 2 0)
s>                ( - 7.959e+02 1 0))))INFO: dtree.c(1439): stop. leaf nodes are specific
INFO: dtree.c(1478): Final simple tree
|( QUESTION0 -1 1.660e+04 2.593e+02 7.946e+02
|    ( QUESTION1 -1 1.504e+04 2.028e+02 7.254e+02
|        ( QUESTION2_0_L -1 1.415e+03 1.336e+02 7.627e+01
|            ( - 6.349e+02 1 0)
|            ( - 6.467e+02 1 0))
|        ( - 1.342e+04 1 0))
|    ( - 1.300e+03 1 0))
s>    ( QUESTION0 -1 1.660e+04 2.593e+02 7.946e+02
s>        ( QUESTION1 -1 1.504e+04 2.028e+02 7.254e+02
s>            ( QUESTION2_0_L -1 1.415e+03 1.336e+02 7.627e+01
s>                ( - 6.349e+02 1 0)
s>                ( - 6.467e+02 1 0))
s>            ( - 1.342e+04 1 0))
s>        ( - 1.300e+03 1 0))INFO: dtree.c(1315): Comp split 8
INFO: dtree.c(1478): Final simple tree
|( QUESTION1 -1 1.105e+04 3.033e+02 5.720e+02
|    ( QUESTION0_7_R 1 5.328e+03 2.667e+02 2.849e+02
|        ( - 1.553e+03 2 0)
|        ( QUESTION6 1 3.508e+03 1.635e+02 1.979e+02
|            ( - 2.363e+03 1 0)
|            ( - 9.819e+02 1 0)))
|    ( QUESTION0_18_R 1 5.415e+03 2.512e+02 2.871e+02
|        ( - 8.186e+02 1 0)
|        ( WDBNDRY_E 0 4.345e+03 2.266e+02 2.340e+02
|            ( QUESTION6 1 2.572e+03 1.775e+02 1.429e+02
|                ( QUESTION0_7_R 1 1.342e+03 1.465e+02 8.115e+01
|                    ( - 5.934e+02 1 0)
|                    ( - 6.016e+02 1 0))
|                ( - 1.053e+03 1 0))
|            ( - 1.546e+03 1 0))))
s>    ( QUESTION1 -1 1.105e+04 3.033e+02 5.720e+02
s>        ( QUESTION0_7_R 1 5.328e+03 2.667e+02 2.849e+02
s>            ( - 1.553e+03 2 0)
s>            ( QUESTION6 1 3.508e+03 1.635e+02 1.979e+02
s>                ( - 2.363e+03 1 0)
s>                ( - 9.819e+02 1 0)))
s>        ( QUESTION0_18_R 1 5.415e+03 2.512e+02 2.871e+02
s>            ( - 8.186e+02 1 0)
s>            ( WDBNDRY_E 0 4.345e+03 2.266e+02 2.340e+02
s>                ( QUESTION6 1 2.572e+03 1.775e+02 1.429e+02
s>                    ( QUESTION0_7_R 1 1.342e+03 1.465e+02 8.115e+01
s>                        ( - 5.934e+02 1 0)
s>                        ( - 6.016e+02 1 0))
s>                    ( - 1.053e+03 1 0))
s>                ( - 1.546e+03 1 0))))INFO: dtree.c(1439): stop. leaf nodes are specific
INFO: dtree.c(1478): Final simple tree
|( QUESTION0_8_R 1 4.568e+03 3.369e+02 2.360e+02
|    ( QUESTION7 1 2.519e+03 2.157e+02 1.464e+02
|        ( - 9.135e+02 1 0)
|        ( WDBNDRY_E 0 1.390e+03 1.115e+02 8.809e+01
|            ( - 1.006e+03 1 0)
|            ( - 2.727e+02 1 0)))
|    ( QUESTION0_10_R 1 1.712e+03 1.375e+02 8.955e+01
|        ( - 1.383e+03 1 0)
|        ( - 1.918e+02 1 0)))
s>    ( QUESTION0_8_R 1 4.568e+03 3.369e+02 2.360e+02
s>        ( QUESTION7 1 2.519e+03 2.157e+02 1.464e+02
s>            ( - 9.135e+02 1 0)
s>            ( WDBNDRY_E 0 1.390e+03 1.115e+02 8.809e+01
s>                ( - 1.006e+03 1 0)
s>                ( - 2.727e+02 1 0)))
s>        ( QUESTION0_10_R 1 1.712e+03 1.375e+02 8.955e+01
s>            ( - 1.383e+03 1 0)
s>            ( - 1.918e+02 1 0)))INFO: dtree.c(1315): Comp split 9
INFO: dtree.c(1439): stop. leaf nodes are specific
INFO: dtree.c(1478): Final simple tree
|( WDBNDRY_B 0 1.513e+04 2.571e+02 8.138e+02
|    ( QUESTION9 -1 9.006e+03 1.967e+02 4.867e+02
|        ( - 1.691e+03 1 0)
|        ( QUESTION0 -1 7.118e+03 1.371e+02 3.887e+02
|            ( - 6.222e+03 1 0)
|            ( - 7.589e+02 1 0)))
|    ( QUESTION2 -1 5.868e+03 1.787e+02 3.271e+02
|        ( - 3.073e+03 1 0)
|        ( QUESTION0 -1 2.616e+03 1.454e+02 1.461e+02
|            ( - 7.792e+02 1 0)
|            ( - 1.691e+03 1 0))))
s>    ( WDBNDRY_B 0 1.513e+04 2.571e+02 8.138e+02
s>        ( QUESTION9 -1 9.006e+03 1.967e+02 4.867e+02
s>            ( - 1.691e+03 1 0)
s>            ( QUESTION0 -1 7.118e+03 1.371e+02 3.887e+02
s>                ( - 6.222e+03 1 0)
s>                ( - 7.589e+02 1 0)))
s>        ( QUESTION2 -1 5.868e+03 1.787e+02 3.271e+02
s>            ( - 3.073e+03 1 0)
s>            ( QUESTION0 -1 2.616e+03 1.454e+02 1.461e+02
s>                ( - 7.792e+02 1 0)
s>                ( - 1.691e+03 1 0))))INFO: dtree.c(1439): stop. leaf nodes are specific
INFO: dtree.c(1478): Final simple tree
|( QUESTION1 -1 1.455e+04 2.509e+02 7.295e+02
|    ( - 9.297e+03 2 0)
|    ( WDBNDRY_B 0 5.005e+03 2.287e+02 2.645e+02
|        ( - 1.878e+03 1 0)
|        ( - 2.899e+03 2 0)))
s>    ( QUESTION1 -1 1.455e+04 2.509e+02 7.295e+02
s>        ( - 9.297e+03 2 0)
s>        ( WDBNDRY_B 0 5.005e+03 2.287e+02 2.645e+02
s>            ( - 1.878e+03 1 0)
s>            ( - 2.899e+03 2 0)))INFO: dtree.c(1315): Comp split 10
INFO: dtree.c(1439): stop. leaf nodes are specific
INFO: dtree.c(1478): Final simple tree
|( WDBNDRY_E 0 2.684e+03 3.196e+02 1.539e+02
|    ( - 1.264e+03 1 0)
|    ( - 1.100e+03 1 0))
s>    ( WDBNDRY_E 0 2.684e+03 3.196e+02 1.539e+02
s>        ( - 1.264e+03 1 0)
s>        ( - 1.100e+03 1 0))INFO: dtree.c(1315): Comp split 11
INFO: dtree.c(1439): stop. leaf nodes are specific
INFO: dtree.c(1478): Final simple tree
|( QUESTION8 1 8.118e+03 2.707e+02 4.277e+02
|    ( - 1.553e+03 2 0)
|    ( QUESTION1 -1 6.294e+03 2.138e+02 3.407e+02
|        ( QUESTION6 1 3.508e+03 1.635e+02 1.979e+02
|            ( - 2.363e+03 1 0)
|            ( - 9.819e+02 1 0))
|        ( QUESTION6 1 2.572e+03 1.775e+02 1.429e+02
|            ( QUESTION0_7_R 1 1.342e+03 1.465e+02 8.115e+01
|                ( - 5.934e+02 1 0)
|                ( - 6.016e+02 1 0))
|            ( - 1.053e+03 1 0))))
s>    ( QUESTION8 1 8.118e+03 2.707e+02 4.277e+02
s>        ( - 1.553e+03 2 0)
s>        ( QUESTION1 -1 6.294e+03 2.138e+02 3.407e+02
s>            ( QUESTION6 1 3.508e+03 1.635e+02 1.979e+02
s>                ( - 2.363e+03 1 0)
s>                ( - 9.819e+02 1 0))
s>            ( QUESTION6 1 2.572e+03 1.775e+02 1.429e+02
s>                ( QUESTION0_7_R 1 1.342e+03 1.465e+02 8.115e+01
s>                    ( - 5.934e+02 1 0)
s>                    ( - 6.016e+02 1 0))
s>                ( - 1.053e+03 1 0))))INFO: dtree.c(1439): stop. leaf nodes are specific
INFO: dtree.c(1478): Final simple tree
|( WDBNDRY_E 0 2.550e+03 1.859e+02 1.443e+02
|    ( - 8.186e+02 1 0)
|    ( - 1.546e+03 1 0))
s>    ( WDBNDRY_E 0 2.550e+03 1.859e+02 1.443e+02
s>        ( - 8.186e+02 1 0)
s>        ( - 1.546e+03 1 0))INFO: dtree.c(1315): Comp split 12
INFO: dtree.c(1439): stop. leaf nodes are specific
INFO: dtree.c(1478): Final simple tree
|( QUESTION7 1 2.519e+03 2.157e+02 1.464e+02
|    ( - 9.135e+02 1 0)
|    ( WDBNDRY_E 0 1.390e+03 1.115e+02 8.809e+01
|        ( - 1.006e+03 1 0)
|        ( - 2.727e+02 1 0)))
s>    ( QUESTION7 1 2.519e+03 2.157e+02 1.464e+02
s>        ( - 9.135e+02 1 0)
s>        ( WDBNDRY_E 0 1.390e+03 1.115e+02 8.809e+01
s>            ( - 1.006e+03 1 0)
s>            ( - 2.727e+02 1 0)))INFO: dtree.c(1439): stop. leaf nodes are specific
INFO: dtree.c(1478): Final simple tree
|( QUESTION0_10_R 1 1.712e+03 1.375e+02 8.955e+01
|    ( - 1.383e+03 1 0)
|    ( - 1.918e+02 1 0))
s>    ( QUESTION0_10_R 1 1.712e+03 1.375e+02 8.955e+01
s>        ( - 1.383e+03 1 0)
s>        ( - 1.918e+02 1 0))INFO: dtree.c(1315): Comp split 13
INFO: dtree.c(1439): stop. leaf nodes are specific
INFO: dtree.c(1478): Final simple tree
|( QUESTION0 -1 2.098e+03 1.207e+02 1.173e+02
|    ( - 1.094e+03 1 0)
|    ( QUESTION16 -1 8.831e+02 1.035e+02 5.275e+01
|        ( - 3.632e+02 1 0)
|        ( - 4.163e+02 1 0)))
s>    ( QUESTION0 -1 2.098e+03 1.207e+02 1.173e+02
s>        ( - 1.094e+03 1 0)
s>        ( QUESTION16 -1 8.831e+02 1.035e+02 5.275e+01
s>            ( - 3.632e+02 1 0)
s>            ( - 4.163e+02 1 0)))INFO: dtree.c(1315): Comp split 14
INFO: dtree.c(1315): Comp split 15
INFO: dtree.c(1439): stop. leaf nodes are specific
INFO: dtree.c(1478): Final simple tree
|( QUESTION2_6_L -1 7.224e+03 2.384e+02 4.061e+02
|    ( QUESTION0 -1 3.561e+03 1.402e+02 2.076e+02
|        ( - 2.967e+03 1 0)
|        ( - 4.539e+02 1 0))
|    ( WDBNDRY_B 0 3.425e+03 1.432e+02 1.984e+02
|        ( - 4.848e+02 1 0)
|        ( - 2.797e+03 1 0)))
s>    ( QUESTION2_6_L -1 7.224e+03 2.384e+02 4.061e+02
s>        ( QUESTION0 -1 3.561e+03 1.402e+02 2.076e+02
s>            ( - 2.967e+03 1 0)
s>            ( - 4.539e+02 1 0))
s>        ( WDBNDRY_B 0 3.425e+03 1.432e+02 1.984e+02
s>            ( - 4.848e+02 1 0)
s>            ( - 2.797e+03 1 0)))INFO: dtree.c(1439): stop. leaf nodes are specific
INFO: dtree.c(1478): Final simple tree
|( QUESTION0 -1 3.423e+03 1.559e+02 1.942e+02
|    ( QUESTION1 -1 2.044e+03 1.122e+02 1.193e+02
|        ( - 1.435e+03 1 0)
|        ( - 4.969e+02 1 0))
|    ( QUESTION6 -1 1.223e+03 1.021e+02 7.489e+01
|        ( - 7.129e+02 1 0)
|        ( - 4.077e+02 1 0)))
s>    ( QUESTION0 -1 3.423e+03 1.559e+02 1.942e+02
s>        ( QUESTION1 -1 2.044e+03 1.122e+02 1.193e+02
s>            ( - 1.435e+03 1 0)
s>            ( - 4.969e+02 1 0))
s>        ( QUESTION6 -1 1.223e+03 1.021e+02 7.489e+01
s>            ( - 7.129e+02 1 0)
s>            ( - 4.077e+02 1 0)))INFO: dtree.c(1315): Comp split 16
INFO: dtree.c(1439): stop. leaf nodes are specific
INFO: dtree.c(1478): Final simple tree
|( QUESTION2 -1 5.822e+03 2.259e+02 2.937e+02
|    ( - 3.495e+03 1 0)
|    ( WDBNDRY_B 0 2.102e+03 1.658e+02 1.101e+02
|        ( - 1.140e+03 2 0)
|        ( - 7.959e+02 1 0)))
s>    ( QUESTION2 -1 5.822e+03 2.259e+02 2.937e+02
s>        ( - 3.495e+03 1 0)
s>        ( WDBNDRY_B 0 2.102e+03 1.658e+02 1.101e+02
s>            ( - 1.140e+03 2 0)
s>            ( - 7.959e+02 1 0)))INFO: dtree.c(1315): Comp split 17
INFO: dtree.c(1439): stop. leaf nodes are specific
INFO: dtree.c(1478): Final simple tree
|( QUESTION6 1 4.258e+03 1.673e+02 2.362e+02
|    ( QUESTION1 -1 3.108e+03 1.439e+02 1.759e+02
|        ( - 2.363e+03 1 0)
|        ( - 6.016e+02 1 0))
|    ( - 9.819e+02 1 0))
s>    ( QUESTION6 1 4.258e+03 1.673e+02 2.362e+02
s>        ( QUESTION1 -1 3.108e+03 1.439e+02 1.759e+02
s>            ( - 2.363e+03 1 0)
s>            ( - 6.016e+02 1 0))
s>        ( - 9.819e+02 1 0))INFO: dtree.c(1439): stop. leaf nodes are specific
INFO: dtree.c(1478): Final simple tree
|( QUESTION1 -1 3.587e+03 2.292e+02 1.915e+02
|    ( - 1.553e+03 2 0)
|    ( QUESTION0_7_R 1 1.805e+03 1.583e+02 1.045e+02
|        ( - 5.934e+02 1 0)
|        ( - 1.053e+03 1 0)))
s>    ( QUESTION1 -1 3.587e+03 2.292e+02 1.915e+02
s>        ( - 1.553e+03 2 0)
s>        ( QUESTION0_7_R 1 1.805e+03 1.583e+02 1.045e+02
s>            ( - 5.934e+02 1 0)
s>            ( - 1.053e+03 1 0)))INFO: dtree.c(1315): Comp split 18
INFO: dtree.c(1439): stop. leaf nodes are specific
INFO: dtree.c(1478): Final simple tree
|( QUESTION0 -1 3.998e+03 1.571e+02 2.294e+02
|    ( - 2.797e+03 1 0)
|    ( WDBNDRY_B 0 1.044e+03 1.053e+02 6.460e+01
|        ( - 4.848e+02 1 0)
|        ( - 4.539e+02 1 0)))
s>    ( QUESTION0 -1 3.998e+03 1.571e+02 2.294e+02
s>        ( - 2.797e+03 1 0)
s>        ( WDBNDRY_B 0 1.044e+03 1.053e+02 6.460e+01
s>            ( - 4.848e+02 1 0)
s>            ( - 4.539e+02 1 0)))INFO: dtree.c(1315): Comp split 19
INFO: dtree.c(1439): stop. leaf nodes are specific
INFO: dtree.c(1478): Final simple tree
|( QUESTION1 -1 1.504e+04 2.028e+02 7.254e+02
|    ( QUESTION2_0_L -1 1.415e+03 1.336e+02 7.627e+01
|        ( - 6.349e+02 1 0)
|        ( - 6.467e+02 1 0))
|    ( - 1.342e+04 1 0))
s>    ( QUESTION1 -1 1.504e+04 2.028e+02 7.254e+02
s>        ( QUESTION2_0_L -1 1.415e+03 1.336e+02 7.627e+01
s>            ( - 6.349e+02 1 0)
s>            ( - 6.467e+02 1 0))
s>        ( - 1.342e+04 1 0))INFO: dtree.c(1315): Comp split 20
INFO: dtree.c(1439): stop. leaf nodes are specific
INFO: dtree.c(1478): Final simple tree
|( QUESTION2 -1 5.868e+03 1.787e+02 3.271e+02
|    ( - 3.073e+03 1 0)
|    ( QUESTION0 -1 2.616e+03 1.454e+02 1.461e+02
|        ( - 7.792e+02 1 0)
|        ( - 1.691e+03 1 0)))
s>    ( QUESTION2 -1 5.868e+03 1.787e+02 3.271e+02
s>        ( - 3.073e+03 1 0)
s>        ( QUESTION0 -1 2.616e+03 1.454e+02 1.461e+02
s>            ( - 7.792e+02 1 0)
s>            ( - 1.691e+03 1 0)))INFO: dtree.c(1439): stop. leaf nodes are specific
INFO: dtree.c(1478): Final simple tree
|( QUESTION9 -1 9.006e+03 1.967e+02 4.867e+02
|    ( - 1.691e+03 1 0)
|    ( QUESTION0 -1 7.118e+03 1.371e+02 3.887e+02
|        ( - 6.222e+03 1 0)
|        ( - 7.589e+02 1 0)))
s>    ( QUESTION9 -1 9.006e+03 1.967e+02 4.867e+02
s>        ( - 1.691e+03 1 0)
s>        ( QUESTION0 -1 7.118e+03 1.371e+02 3.887e+02
s>            ( - 6.222e+03 1 0)
s>            ( - 7.589e+02 1 0)))INFO: dtree.c(1315): Comp split 21
INFO: dtree.c(1439): stop. leaf nodes are specific
INFO: dtree.c(1478): Final simple tree
|( WDBNDRY_B 0 5.005e+03 2.287e+02 2.645e+02
|    ( - 1.878e+03 1 0)
|    ( - 2.899e+03 2 0))
s>    ( WDBNDRY_B 0 5.005e+03 2.287e+02 2.645e+02
s>        ( - 1.878e+03 1 0)
s>        ( - 2.899e+03 2 0))INFO: dtree.c(1315): Comp split 22
INFO: dtree.c(1439): stop. leaf nodes are specific
INFO: dtree.c(1478): Final simple tree
|( QUESTION0_7_R 1 1.805e+03 1.583e+02 1.045e+02
|    ( - 5.934e+02 1 0)
|    ( - 1.053e+03 1 0))
s>    ( QUESTION0_7_R 1 1.805e+03 1.583e+02 1.045e+02
s>        ( - 5.934e+02 1 0)
s>        ( - 1.053e+03 1 0))INFO: dtree.c(1315): Comp split 23
INFO: dtree.c(1315): Comp split 24
INFO: dtree.c(1439): stop. leaf nodes are specific
INFO: dtree.c(1478): Final simple tree
|( WDBNDRY_B 0 2.102e+03 1.658e+02 1.101e+02
|    ( - 1.140e+03 2 0)
|    ( - 7.959e+02 1 0))
s>    ( WDBNDRY_B 0 2.102e+03 1.658e+02 1.101e+02
s>        ( - 1.140e+03 2 0)
s>        ( - 7.959e+02 1 0))INFO: dtree.c(1315): Comp split 25
INFO: dtree.c(1439): stop. leaf nodes are specific
INFO: dtree.c(1478): Final simple tree
|( WDBNDRY_E 0 1.390e+03 1.115e+02 8.809e+01
|    ( - 1.006e+03 1 0)
|    ( - 2.727e+02 1 0))
s>    ( WDBNDRY_E 0 1.390e+03 1.115e+02 8.809e+01
s>        ( - 1.006e+03 1 0)
s>        ( - 2.727e+02 1 0))INFO: dtree.c(1315): Comp split 26
INFO: dtree.c(1439): stop. leaf nodes are specific
INFO: dtree.c(1478): Final simple tree
|( QUESTION2_0_L -1 1.415e+03 1.336e+02 7.627e+01
|    ( - 6.349e+02 1 0)
|    ( - 6.467e+02 1 0))
s>    ( QUESTION2_0_L -1 1.415e+03 1.336e+02 7.627e+01
s>        ( - 6.349e+02 1 0)
s>        ( - 6.467e+02 1 0))INFO: dtree.c(1315): Comp split 27
INFO: dtree.c(1439): stop. leaf nodes are specific
INFO: dtree.c(1478): Final simple tree
|( QUESTION0 -1 1.338e+03 1.675e+02 8.433e+01
|    ( - 2.456e+02 1 0)
|    ( QUESTION2_0_L -1 9.253e+02 9.761e+01 6.733e+01
|        ( - 4.206e+02 1 0)
|        ( - 4.071e+02 1 0)))
s>    ( QUESTION0 -1 1.338e+03 1.675e+02 8.433e+01
s>        ( - 2.456e+02 1 0)
s>        ( QUESTION2_0_L -1 9.253e+02 9.761e+01 6.733e+01
s>            ( - 4.206e+02 1 0)
s>            ( - 4.071e+02 1 0)))INFO: dtree.c(1315): Comp split 28
INFO: dtree.c(1439): stop. leaf nodes are specific
INFO: dtree.c(1478): Final simple tree
|( QUESTION0 -1 7.118e+03 1.371e+02 3.887e+02
|    ( - 6.222e+03 1 0)
|    ( - 7.589e+02 1 0))
s>    ( QUESTION0 -1 7.118e+03 1.371e+02 3.887e+02
s>        ( - 6.222e+03 1 0)
s>        ( - 7.589e+02 1 0))INFO: dtree.c(1315): Comp split 29
INFO: dtree.c(1315): Comp split 30
INFO: dtree.c(1439): stop. leaf nodes are specific
INFO: dtree.c(1478): Final simple tree
|( QUESTION0 -1 2.616e+03 1.454e+02 1.461e+02
|    ( - 7.792e+02 1 0)
|    ( - 1.691e+03 1 0))
s>    ( QUESTION0 -1 2.616e+03 1.454e+02 1.461e+02
s>        ( - 7.792e+02 1 0)
s>        ( - 1.691e+03 1 0))INFO: dtree.c(1315): Comp split 31
INFO: dtree.c(1439): stop. leaf nodes are specific
INFO: dtree.c(1478): Final simple tree
|( QUESTION2_0_L -1 9.253e+02 9.761e+01 6.733e+01
|    ( - 4.206e+02 1 0)
|    ( - 4.071e+02 1 0))
s>    ( QUESTION2_0_L -1 9.253e+02 9.761e+01 6.733e+01
s>        ( - 4.206e+02 1 0)
s>        ( - 4.071e+02 1 0))INFO: dtree.c(1315): Comp split 32
INFO: dtree.c(1439): stop. leaf nodes are specific
INFO: dtree.c(1478): Final simple tree
|( QUESTION1 -1 1.727e+03 1.439e+02 9.871e+01
|    ( - 9.819e+02 1 0)
|    ( - 6.016e+02 1 0))
s>    ( QUESTION1 -1 1.727e+03 1.439e+02 9.871e+01
s>        ( - 9.819e+02 1 0)
s>        ( - 6.016e+02 1 0))INFO: dtree.c(1315): Comp split 33
INFO: dtree.c(1315): Comp split 34
INFO: dtree.c(1315): Comp split 35
INFO: dtree.c(1439): stop. leaf nodes are specific
INFO: dtree.c(1478): Final simple tree
|( WDBNDRY_B 0 1.044e+03 1.053e+02 6.460e+01
|    ( - 4.848e+02 1 0)
|    ( - 4.539e+02 1 0))
s>    ( WDBNDRY_B 0 1.044e+03 1.053e+02 6.460e+01
s>        ( - 4.848e+02 1 0)
s>        ( - 4.539e+02 1 0))INFO: dtree.c(1315): Comp split 36
INFO: dtree.c(1439): stop. leaf nodes are specific
INFO: dtree.c(1478): Final simple tree
|( QUESTION6 -1 1.223e+03 1.021e+02 7.489e+01
|    ( - 7.129e+02 1 0)
|    ( - 4.077e+02 1 0))
s>    ( QUESTION6 -1 1.223e+03 1.021e+02 7.489e+01
s>        ( - 7.129e+02 1 0)
s>        ( - 4.077e+02 1 0))INFO: dtree.c(1439): stop. leaf nodes are specific
INFO: dtree.c(1478): Final simple tree
|( QUESTION1 -1 2.044e+03 1.122e+02 1.193e+02
|    ( - 1.435e+03 1 0)
|    ( - 4.969e+02 1 0))
s>    ( QUESTION1 -1 2.044e+03 1.122e+02 1.193e+02
s>        ( - 1.435e+03 1 0)
s>        ( - 4.969e+02 1 0))INFO: dtree.c(1315): Comp split 37
INFO: dtree.c(1315): Comp split 38
INFO: dtree.c(1315): Comp split 39
INFO: dtree.c(1315): Comp split 40
INFO: dtree.c(1315): Comp split 41
INFO: dtree.c(1315): Comp split 42
INFO: dtree.c(1439): stop. leaf nodes are specific
INFO: dtree.c(1478): Final simple tree
|( QUESTION16 -1 8.831e+02 1.035e+02 5.275e+01
|    ( - 3.632e+02 1 0)
|    ( - 4.163e+02 1 0))
s>    ( QUESTION16 -1 8.831e+02 1.035e+02 5.275e+01
s>        ( - 3.632e+02 1 0)
s>        ( - 4.163e+02 1 0))INFO: dtree.c(1315): Comp split 43
INFO: dtree.c(1315): Comp split 44
INFO: dtree.c(1315): Comp split 45
INFO: dtree.c(1315): Comp split 46
INFO: dtree.c(1315): Comp split 47
INFO: dtree.c(1315): Comp split 48
INFO: dtree.c(1315): Comp split 49
INFO: dtree.c(1318): stop. leaf nodes are specific
Fri Dec  3 07:39:19 2021
