Current configuration:
[NAME]		[DEFLT]	[VALUE]
-allphones	no	no
-cntthresh	0.00001	1.000000e-05
-csplitmax	100	2000
-csplitmin	1	1
-csplitthr	8e-4	0.000000e+00
-example	no	no
-fullvar	no	no
-help		no	no
-meanfn			
-mixwfn			/home/azhar/Tubes_Speech/commandreminder/model_parameters/commandreminder.cd_ptm_untied/mixture_weights
-moddeffn		/home/azhar/Tubes_Speech/commandreminder/model_architecture/commandreminder.untied.mdef
-mwfloor	1e-4	1.000000e-08
-phone			O
-psetfn			/home/azhar/Tubes_Speech/commandreminder/model_architecture/commandreminder.tree_questions
-ssplitmax	5	7
-ssplitmin	1	1
-ssplitthr	8e-4	0.000000e+00
-state			2
-stwt			1.0,0.05,0.0,
-treefn			/home/azhar/Tubes_Speech/commandreminder/trees/commandreminder.unpruned/O-2.dtree
-ts2cbfn	.semi.	.semi.
-varfloor	0.00001	1.000000e-05
-varfn			

INFO: main.c(223): Reading: /home/azhar/Tubes_Speech/commandreminder/model_architecture/commandreminder.untied.mdef
INFO: model_def_io.c(573): Model definition info:
INFO: model_def_io.c(574): 1061 total models defined (31 base, 1030 tri)
INFO: model_def_io.c(575): 4244 total states
INFO: model_def_io.c(576): 3183 total tied states
INFO: model_def_io.c(577): 93 total tied CI states
INFO: model_def_io.c(578): 31 total tied transition matrices
INFO: model_def_io.c(579): 4 max state/model
INFO: model_def_io.c(580): 4 min state/model
INFO: main.c(242): Building trees for [O B N i] through [O T K i]
INFO: main.c(269): Covering states |[2268 2336]| == 69
INFO: main.c(275): Reading: /home/azhar/Tubes_Speech/commandreminder/model_parameters/commandreminder.cd_ptm_untied/mixture_weights
INFO: s3mixw_io.c(173): Read /home/azhar/Tubes_Speech/commandreminder/model_parameters/commandreminder.cd_ptm_untied/mixture_weights [69x4x64 array]
INFO: main.c(311): 23 of 23 models have observation count greater than 0.000010
INFO: main.c(95): nrm stwt: 0.000 0.048 0.952 
INFO: main.c(411): 23-class entropy: 3.134947e+04
INFO: main.c(549): Reading: /home/azhar/Tubes_Speech/commandreminder/model_architecture/commandreminder.tree_questions
INFO: main.c(588): 174 total simple questions (166 phone; 8 word bndry)
INFO: main.c(590): 40 Left Only questions, and 42 Right Only questions
INFO: dtree.c(1478): Final simple tree
|( QUESTION7 1 4.093e+04 2.880e+03 1.892e+03
|    ( QUESTION2_6_L -1 1.659e+04 6.068e+02 8.867e+02
|        ( - 3.595e+03 2 0 QUESTION6 -1 2.078e+02 2.048e+02)
|        ( QUESTION9 -1 1.238e+04 3.419e+02 6.819e+02
|            ( - 2.430e+03 3 0 QUESTION8 1 1.921e+02 1.391e+02)
|            ( - 9.612e+03 2 0 QUESTION6 -1 1.993e+02 5.428e+02)))
|    ( QUESTION0_9_R 1 2.146e+04 1.343e+03 1.006e+03
|        ( - 5.206e+03 3 0 QUESTION10 -1 2.692e+02 2.974e+02)
|        ( QUESTION0_18_R 1 1.491e+04 6.657e+02 7.082e+02
|            ( QUESTION2_9_L -1 7.852e+03 4.126e+02 3.781e+02
|                ( - 3.746e+03 4 0 QUESTION0_19_R 1 3.181e+02 1.829e+02)
|                ( - 3.693e+03 2 0 WDBNDRY_B 0 2.130e+02 1.953e+02))
|            ( QUESTION0_15_R 1 6.395e+03 5.013e+02 3.301e+02
|                ( - 2.923e+03 3 0 QUESTION7 -1 1.688e+02 1.719e+02)
|                ( - 2.971e+03 4 0 QUESTION0_7_R 1 2.588e+02 1.582e+02)))))
s>    ( QUESTION7 1 4.093e+04 2.880e+03 1.892e+03
s>        ( QUESTION2_6_L -1 1.659e+04 6.068e+02 8.867e+02
s>            ( - 3.595e+03 2 0 QUESTION6 -1 2.078e+02 2.048e+02)
s>            ( QUESTION9 -1 1.238e+04 3.419e+02 6.819e+02
s>                ( - 2.430e+03 3 0 QUESTION8 1 1.921e+02 1.391e+02)
s>                ( - 9.612e+03 2 0 QUESTION6 -1 1.993e+02 5.428e+02)))
s>        ( QUESTION0_9_R 1 2.146e+04 1.343e+03 1.006e+03
s>            ( - 5.206e+03 3 0 QUESTION10 -1 2.692e+02 2.974e+02)
s>            ( QUESTION0_18_R 1 1.491e+04 6.657e+02 7.082e+02
s>                ( QUESTION2_9_L -1 7.852e+03 4.126e+02 3.781e+02
s>                    ( - 3.746e+03 4 0 QUESTION0_19_R 1 3.181e+02 1.829e+02)
s>                    ( - 3.693e+03 2 0 WDBNDRY_B 0 2.130e+02 1.953e+02))
s>                ( QUESTION0_15_R 1 6.395e+03 5.013e+02 3.301e+02
s>                    ( - 2.923e+03 3 0 QUESTION7 -1 1.688e+02 1.719e+02)
s>                    ( - 2.971e+03 4 0 QUESTION0_7_R 1 2.588e+02 1.582e+02)))))INFO: dtree.c(1315): Comp split 0
INFO: dtree.c(1478): Final simple tree
|( QUESTION0_9_R 1 2.146e+04 1.343e+03 1.006e+03
|    ( QUESTION10 -1 5.206e+03 2.692e+02 2.974e+02
|        ( - 3.572e+03 1 0)
|        ( - 1.365e+03 2 0 QUESTION7 -1 1.278e+02 8.515e+01))
|    ( QUESTION0_18_R 1 1.491e+04 6.657e+02 7.082e+02
|        ( QUESTION2_9_L -1 7.852e+03 4.126e+02 3.781e+02
|            ( QUESTION0_19_R 1 3.746e+03 3.181e+02 1.829e+02
|                ( - 2.071e+03 2 0 QUESTION8 -1 2.083e+02 1.072e+02)
|                ( - 1.357e+03 2 0 QUESTION6 -1 1.526e+02 7.571e+01))
|            ( - 3.693e+03 2 0 WDBNDRY_B 0 2.130e+02 1.953e+02))
|        ( QUESTION0_15_R 1 6.395e+03 5.013e+02 3.301e+02
|            ( - 2.923e+03 3 0 QUESTION7 -1 1.688e+02 1.719e+02)
|            ( QUESTION0_7_R 1 2.971e+03 2.588e+02 1.582e+02
|                ( - 1.611e+03 2 0 QUESTION0 -1 1.297e+02 9.231e+01)
|                ( - 1.101e+03 2 0 WDBNDRY_E 0 1.418e+02 6.585e+01)))))
s>    ( QUESTION0_9_R 1 2.146e+04 1.343e+03 1.006e+03
s>        ( QUESTION10 -1 5.206e+03 2.692e+02 2.974e+02
s>            ( - 3.572e+03 1 0)
s>            ( - 1.365e+03 2 0 QUESTION7 -1 1.278e+02 8.515e+01))
s>        ( QUESTION0_18_R 1 1.491e+04 6.657e+02 7.082e+02
s>            ( QUESTION2_9_L -1 7.852e+03 4.126e+02 3.781e+02
s>                ( QUESTION0_19_R 1 3.746e+03 3.181e+02 1.829e+02
s>                    ( - 2.071e+03 2 0 QUESTION8 -1 2.083e+02 1.072e+02)
s>                    ( - 1.357e+03 2 0 QUESTION6 -1 1.526e+02 7.571e+01))
s>                ( - 3.693e+03 2 0 WDBNDRY_B 0 2.130e+02 1.953e+02))
s>            ( QUESTION0_15_R 1 6.395e+03 5.013e+02 3.301e+02
s>                ( - 2.923e+03 3 0 QUESTION7 -1 1.688e+02 1.719e+02)
s>                ( QUESTION0_7_R 1 2.971e+03 2.588e+02 1.582e+02
s>                    ( - 1.611e+03 2 0 QUESTION0 -1 1.297e+02 9.231e+01)
s>                    ( - 1.101e+03 2 0 WDBNDRY_E 0 1.418e+02 6.585e+01)))))INFO: dtree.c(1439): stop. leaf nodes are specific
INFO: dtree.c(1478): Final simple tree
|( QUESTION2_6_L -1 1.659e+04 6.068e+02 8.867e+02
|    ( QUESTION6 -1 3.595e+03 2.078e+02 2.048e+02
|        ( - 7.739e+02 1 0)
|        ( - 2.614e+03 1 0))
|    ( QUESTION9 -1 1.238e+04 3.419e+02 6.819e+02
|        ( QUESTION8 1 2.430e+03 1.921e+02 1.391e+02
|            ( QUESTION11 -1 1.712e+03 1.399e+02 1.008e+02
|                ( - 8.226e+02 1 0)
|                ( - 7.493e+02 1 0))
|            ( - 5.265e+02 1 0))
|        ( QUESTION6 -1 9.612e+03 1.993e+02 5.428e+02
|            ( - 1.530e+03 1 0)
|            ( - 7.882e+03 1 0))))
s>    ( QUESTION2_6_L -1 1.659e+04 6.068e+02 8.867e+02
s>        ( QUESTION6 -1 3.595e+03 2.078e+02 2.048e+02
s>            ( - 7.739e+02 1 0)
s>            ( - 2.614e+03 1 0))
s>        ( QUESTION9 -1 1.238e+04 3.419e+02 6.819e+02
s>            ( QUESTION8 1 2.430e+03 1.921e+02 1.391e+02
s>                ( QUESTION11 -1 1.712e+03 1.399e+02 1.008e+02
s>                    ( - 8.226e+02 1 0)
s>                    ( - 7.493e+02 1 0))
s>                ( - 5.265e+02 1 0))
s>            ( QUESTION6 -1 9.612e+03 1.993e+02 5.428e+02
s>                ( - 1.530e+03 1 0)
s>                ( - 7.882e+03 1 0))))INFO: dtree.c(1315): Comp split 1
INFO: dtree.c(1478): Final simple tree
|( QUESTION0_18_R 1 1.491e+04 6.657e+02 7.082e+02
|    ( QUESTION2_9_L -1 7.852e+03 4.126e+02 3.781e+02
|        ( QUESTION0_19_R 1 3.746e+03 3.181e+02 1.829e+02
|            ( QUESTION8 -1 2.071e+03 2.083e+02 1.072e+02
|                ( - 4.145e+02 1 0)
|                ( - 1.448e+03 1 0))
|            ( - 1.357e+03 2 0 QUESTION6 -1 1.526e+02 7.571e+01))
|        ( WDBNDRY_B 0 3.693e+03 2.130e+02 1.953e+02
|            ( - 5.461e+02 1 0)
|            ( - 2.934e+03 1 0)))
|    ( QUESTION0_15_R 1 6.395e+03 5.013e+02 3.301e+02
|        ( - 2.923e+03 3 0 QUESTION7 -1 1.688e+02 1.719e+02)
|        ( QUESTION0_7_R 1 2.971e+03 2.588e+02 1.582e+02
|            ( - 1.611e+03 2 0 QUESTION0 -1 1.297e+02 9.231e+01)
|            ( - 1.101e+03 2 0 WDBNDRY_E 0 1.418e+02 6.585e+01))))
s>    ( QUESTION0_18_R 1 1.491e+04 6.657e+02 7.082e+02
s>        ( QUESTION2_9_L -1 7.852e+03 4.126e+02 3.781e+02
s>            ( QUESTION0_19_R 1 3.746e+03 3.181e+02 1.829e+02
s>                ( QUESTION8 -1 2.071e+03 2.083e+02 1.072e+02
s>                    ( - 4.145e+02 1 0)
s>                    ( - 1.448e+03 1 0))
s>                ( - 1.357e+03 2 0 QUESTION6 -1 1.526e+02 7.571e+01))
s>            ( WDBNDRY_B 0 3.693e+03 2.130e+02 1.953e+02
s>                ( - 5.461e+02 1 0)
s>                ( - 2.934e+03 1 0)))
s>        ( QUESTION0_15_R 1 6.395e+03 5.013e+02 3.301e+02
s>            ( - 2.923e+03 3 0 QUESTION7 -1 1.688e+02 1.719e+02)
s>            ( QUESTION0_7_R 1 2.971e+03 2.588e+02 1.582e+02
s>                ( - 1.611e+03 2 0 QUESTION0 -1 1.297e+02 9.231e+01)
s>                ( - 1.101e+03 2 0 WDBNDRY_E 0 1.418e+02 6.585e+01))))INFO: dtree.c(1439): stop. leaf nodes are specific
INFO: dtree.c(1478): Final simple tree
|( QUESTION10 -1 5.206e+03 2.692e+02 2.974e+02
|    ( - 3.572e+03 1 0)
|    ( QUESTION7 -1 1.365e+03 1.278e+02 8.515e+01
|        ( - 7.437e+02 1 0)
|        ( - 4.933e+02 1 0)))
s>    ( QUESTION10 -1 5.206e+03 2.692e+02 2.974e+02
s>        ( - 3.572e+03 1 0)
s>        ( QUESTION7 -1 1.365e+03 1.278e+02 8.515e+01
s>            ( - 7.437e+02 1 0)
s>            ( - 4.933e+02 1 0)))INFO: dtree.c(1315): Comp split 2
INFO: dtree.c(1478): Final simple tree
|( QUESTION0_15_R 1 7.024e+03 5.129e+02 3.551e+02
|    ( QUESTION7 -1 2.923e+03 1.688e+02 1.719e+02
|        ( QUESTION8 -1 8.867e+02 1.002e+02 5.957e+01
|            ( - 3.808e+02 1 0)
|            ( - 4.057e+02 1 0))
|        ( - 1.867e+03 1 0))
|    ( QUESTION0_7_R 1 3.589e+03 2.948e+02 1.832e+02
|        ( QUESTION0 -1 1.611e+03 1.297e+02 9.231e+01
|            ( - 6.088e+02 1 0)
|            ( - 8.723e+02 1 0))
|        ( QUESTION0_17_R 1 1.683e+03 1.676e+02 9.086e+01
|            ( WDBNDRY_E 0 1.101e+03 1.418e+02 6.585e+01
|                ( - 5.502e+02 1 0)
|                ( - 4.091e+02 1 0))
|            ( - 4.145e+02 1 0))))
s>    ( QUESTION0_15_R 1 7.024e+03 5.129e+02 3.551e+02
s>        ( QUESTION7 -1 2.923e+03 1.688e+02 1.719e+02
s>            ( QUESTION8 -1 8.867e+02 1.002e+02 5.957e+01
s>                ( - 3.808e+02 1 0)
s>                ( - 4.057e+02 1 0))
s>            ( - 1.867e+03 1 0))
s>        ( QUESTION0_7_R 1 3.589e+03 2.948e+02 1.832e+02
s>            ( QUESTION0 -1 1.611e+03 1.297e+02 9.231e+01
s>                ( - 6.088e+02 1 0)
s>                ( - 8.723e+02 1 0))
s>            ( QUESTION0_17_R 1 1.683e+03 1.676e+02 9.086e+01
s>                ( WDBNDRY_E 0 1.101e+03 1.418e+02 6.585e+01
s>                    ( - 5.502e+02 1 0)
s>                    ( - 4.091e+02 1 0))
s>                ( - 4.145e+02 1 0))))INFO: dtree.c(1439): stop. leaf nodes are specific
INFO: dtree.c(1478): Final simple tree
|( QUESTION0_19_R 1 7.199e+03 4.200e+02 3.531e+02
|    ( QUESTION15 -1 5.422e+03 3.134e+02 2.774e+02
|        ( - 2.934e+03 1 0)
|        ( WDBNDRY_B 0 2.175e+03 1.804e+02 1.161e+02
|            ( - 5.461e+02 1 0)
|            ( - 1.448e+03 1 0)))
|    ( QUESTION6 -1 1.357e+03 1.526e+02 7.571e+01
|        ( - 5.180e+02 1 0)
|        ( - 6.868e+02 1 0)))
s>    ( QUESTION0_19_R 1 7.199e+03 4.200e+02 3.531e+02
s>        ( QUESTION15 -1 5.422e+03 3.134e+02 2.774e+02
s>            ( - 2.934e+03 1 0)
s>            ( WDBNDRY_B 0 2.175e+03 1.804e+02 1.161e+02
s>                ( - 5.461e+02 1 0)
s>                ( - 1.448e+03 1 0)))
s>        ( QUESTION6 -1 1.357e+03 1.526e+02 7.571e+01
s>            ( - 5.180e+02 1 0)
s>            ( - 6.868e+02 1 0)))INFO: dtree.c(1315): Comp split 3
INFO: dtree.c(1439): stop. leaf nodes are specific
INFO: dtree.c(1478): Final simple tree
|( QUESTION9 -1 1.238e+04 3.419e+02 6.819e+02
|    ( QUESTION8 1 2.430e+03 1.921e+02 1.391e+02
|        ( QUESTION11 -1 1.712e+03 1.399e+02 1.008e+02
|            ( - 8.226e+02 1 0)
|            ( - 7.493e+02 1 0))
|        ( - 5.265e+02 1 0))
|    ( QUESTION6 -1 9.612e+03 1.993e+02 5.428e+02
|        ( - 1.530e+03 1 0)
|        ( - 7.882e+03 1 0)))
s>    ( QUESTION9 -1 1.238e+04 3.419e+02 6.819e+02
s>        ( QUESTION8 1 2.430e+03 1.921e+02 1.391e+02
s>            ( QUESTION11 -1 1.712e+03 1.399e+02 1.008e+02
s>                ( - 8.226e+02 1 0)
s>                ( - 7.493e+02 1 0))
s>            ( - 5.265e+02 1 0))
s>        ( QUESTION6 -1 9.612e+03 1.993e+02 5.428e+02
s>            ( - 1.530e+03 1 0)
s>            ( - 7.882e+03 1 0)))INFO: dtree.c(1439): stop. leaf nodes are specific
INFO: dtree.c(1478): Final simple tree
|( QUESTION6 -1 3.595e+03 2.078e+02 2.048e+02
|    ( - 7.739e+02 1 0)
|    ( - 2.614e+03 1 0))
s>    ( QUESTION6 -1 3.595e+03 2.078e+02 2.048e+02
s>        ( - 7.739e+02 1 0)
s>        ( - 2.614e+03 1 0))INFO: dtree.c(1315): Comp split 4
INFO: dtree.c(1439): stop. leaf nodes are specific
INFO: dtree.c(1478): Final simple tree
|( QUESTION0_7_R 1 3.589e+03 2.948e+02 1.832e+02
|    ( QUESTION0 -1 1.611e+03 1.297e+02 9.231e+01
|        ( - 6.088e+02 1 0)
|        ( - 8.723e+02 1 0))
|    ( QUESTION0_17_R 1 1.683e+03 1.676e+02 9.086e+01
|        ( WDBNDRY_E 0 1.101e+03 1.418e+02 6.585e+01
|            ( - 5.502e+02 1 0)
|            ( - 4.091e+02 1 0))
|        ( - 4.145e+02 1 0)))
s>    ( QUESTION0_7_R 1 3.589e+03 2.948e+02 1.832e+02
s>        ( QUESTION0 -1 1.611e+03 1.297e+02 9.231e+01
s>            ( - 6.088e+02 1 0)
s>            ( - 8.723e+02 1 0))
s>        ( QUESTION0_17_R 1 1.683e+03 1.676e+02 9.086e+01
s>            ( WDBNDRY_E 0 1.101e+03 1.418e+02 6.585e+01
s>                ( - 5.502e+02 1 0)
s>                ( - 4.091e+02 1 0))
s>            ( - 4.145e+02 1 0)))INFO: dtree.c(1439): stop. leaf nodes are specific
INFO: dtree.c(1478): Final simple tree
|( QUESTION7 -1 2.923e+03 1.688e+02 1.719e+02
|    ( QUESTION8 -1 8.867e+02 1.002e+02 5.957e+01
|        ( - 3.808e+02 1 0)
|        ( - 4.057e+02 1 0))
|    ( - 1.867e+03 1 0))
s>    ( QUESTION7 -1 2.923e+03 1.688e+02 1.719e+02
s>        ( QUESTION8 -1 8.867e+02 1.002e+02 5.957e+01
s>            ( - 3.808e+02 1 0)
s>            ( - 4.057e+02 1 0))
s>        ( - 1.867e+03 1 0))INFO: dtree.c(1315): Comp split 5
INFO: dtree.c(1439): stop. leaf nodes are specific
INFO: dtree.c(1478): Final simple tree
|( QUESTION15 -1 5.422e+03 3.134e+02 2.774e+02
|    ( - 2.934e+03 1 0)
|    ( WDBNDRY_B 0 2.175e+03 1.804e+02 1.161e+02
|        ( - 5.461e+02 1 0)
|        ( - 1.448e+03 1 0)))
s>    ( QUESTION15 -1 5.422e+03 3.134e+02 2.774e+02
s>        ( - 2.934e+03 1 0)
s>        ( WDBNDRY_B 0 2.175e+03 1.804e+02 1.161e+02
s>            ( - 5.461e+02 1 0)
s>            ( - 1.448e+03 1 0)))INFO: dtree.c(1439): stop. leaf nodes are specific
INFO: dtree.c(1478): Final simple tree
|( QUESTION6 -1 1.357e+03 1.526e+02 7.571e+01
|    ( - 5.180e+02 1 0)
|    ( - 6.868e+02 1 0))
s>    ( QUESTION6 -1 1.357e+03 1.526e+02 7.571e+01
s>        ( - 5.180e+02 1 0)
s>        ( - 6.868e+02 1 0))INFO: dtree.c(1315): Comp split 6
INFO: dtree.c(1439): stop. leaf nodes are specific
INFO: dtree.c(1478): Final simple tree
|( QUESTION8 1 2.430e+03 1.921e+02 1.391e+02
|    ( QUESTION11 -1 1.712e+03 1.399e+02 1.008e+02
|        ( - 8.226e+02 1 0)
|        ( - 7.493e+02 1 0))
|    ( - 5.265e+02 1 0))
s>    ( QUESTION8 1 2.430e+03 1.921e+02 1.391e+02
s>        ( QUESTION11 -1 1.712e+03 1.399e+02 1.008e+02
s>            ( - 8.226e+02 1 0)
s>            ( - 7.493e+02 1 0))
s>        ( - 5.265e+02 1 0))INFO: dtree.c(1439): stop. leaf nodes are specific
INFO: dtree.c(1478): Final simple tree
|( QUESTION6 -1 9.612e+03 1.993e+02 5.428e+02
|    ( - 1.530e+03 1 0)
|    ( - 7.882e+03 1 0))
s>    ( QUESTION6 -1 9.612e+03 1.993e+02 5.428e+02
s>        ( - 1.530e+03 1 0)
s>        ( - 7.882e+03 1 0))INFO: dtree.c(1315): Comp split 7
INFO: dtree.c(1439): stop. leaf nodes are specific
INFO: dtree.c(1478): Final simple tree
|( WDBNDRY_B 0 2.175e+03 1.804e+02 1.161e+02
|    ( - 5.461e+02 1 0)
|    ( - 1.448e+03 1 0))
s>    ( WDBNDRY_B 0 2.175e+03 1.804e+02 1.161e+02
s>        ( - 5.461e+02 1 0)
s>        ( - 1.448e+03 1 0))INFO: dtree.c(1315): Comp split 8
INFO: dtree.c(1439): stop. leaf nodes are specific
INFO: dtree.c(1478): Final simple tree
|( QUESTION0_17_R 1 1.683e+03 1.676e+02 9.086e+01
|    ( WDBNDRY_E 0 1.101e+03 1.418e+02 6.585e+01
|        ( - 5.502e+02 1 0)
|        ( - 4.091e+02 1 0))
|    ( - 4.145e+02 1 0))
s>    ( QUESTION0_17_R 1 1.683e+03 1.676e+02 9.086e+01
s>        ( WDBNDRY_E 0 1.101e+03 1.418e+02 6.585e+01
s>            ( - 5.502e+02 1 0)
s>            ( - 4.091e+02 1 0))
s>        ( - 4.145e+02 1 0))INFO: dtree.c(1439): stop. leaf nodes are specific
INFO: dtree.c(1478): Final simple tree
|( QUESTION0 -1 1.611e+03 1.297e+02 9.231e+01
|    ( - 6.088e+02 1 0)
|    ( - 8.723e+02 1 0))
s>    ( QUESTION0 -1 1.611e+03 1.297e+02 9.231e+01
s>        ( - 6.088e+02 1 0)
s>        ( - 8.723e+02 1 0))INFO: dtree.c(1315): Comp split 9
INFO: dtree.c(1439): stop. leaf nodes are specific
INFO: dtree.c(1478): Final simple tree
|( QUESTION7 -1 1.365e+03 1.278e+02 8.515e+01
|    ( - 7.437e+02 1 0)
|    ( - 4.933e+02 1 0))
s>    ( QUESTION7 -1 1.365e+03 1.278e+02 8.515e+01
s>        ( - 7.437e+02 1 0)
s>        ( - 4.933e+02 1 0))INFO: dtree.c(1315): Comp split 10
INFO: dtree.c(1315): Comp split 11
INFO: dtree.c(1315): Comp split 12
INFO: dtree.c(1439): stop. leaf nodes are specific
INFO: dtree.c(1478): Final simple tree
|( QUESTION11 -1 1.712e+03 1.399e+02 1.008e+02
|    ( - 8.226e+02 1 0)
|    ( - 7.493e+02 1 0))
s>    ( QUESTION11 -1 1.712e+03 1.399e+02 1.008e+02
s>        ( - 8.226e+02 1 0)
s>        ( - 7.493e+02 1 0))INFO: dtree.c(1315): Comp split 13
INFO: dtree.c(1315): Comp split 14
INFO: dtree.c(1439): stop. leaf nodes are specific
INFO: dtree.c(1478): Final simple tree
|( QUESTION8 -1 8.867e+02 1.002e+02 5.957e+01
|    ( - 3.808e+02 1 0)
|    ( - 4.057e+02 1 0))
s>    ( QUESTION8 -1 8.867e+02 1.002e+02 5.957e+01
s>        ( - 3.808e+02 1 0)
s>        ( - 4.057e+02 1 0))INFO: dtree.c(1315): Comp split 15
INFO: dtree.c(1439): stop. leaf nodes are specific
INFO: dtree.c(1478): Final simple tree
|( WDBNDRY_E 0 1.101e+03 1.418e+02 6.585e+01
|    ( - 5.502e+02 1 0)
|    ( - 4.091e+02 1 0))
s>    ( WDBNDRY_E 0 1.101e+03 1.418e+02 6.585e+01
s>        ( - 5.502e+02 1 0)
s>        ( - 4.091e+02 1 0))INFO: dtree.c(1315): Comp split 16
INFO: dtree.c(1315): Comp split 17
INFO: dtree.c(1315): Comp split 18
INFO: dtree.c(1315): Comp split 19
INFO: dtree.c(1315): Comp split 20
INFO: dtree.c(1315): Comp split 21
INFO: dtree.c(1315): Comp split 22
INFO: dtree.c(1318): stop. leaf nodes are specific
Fri Dec  3 07:39:15 2021
