Current configuration:
[NAME]		[DEFLT]	[VALUE]
-allphones	no	no
-cntthresh	0.00001	1.000000e-05
-csplitmax	100	2000
-csplitmin	1	1
-csplitthr	8e-4	0.000000e+00
-example	no	no
-fullvar	no	no
-help		no	no
-meanfn			
-mixwfn			/home/azhar/Tubes_Speech/commandreminder/model_parameters/commandreminder.cd_ptm_untied/mixture_weights
-moddeffn		/home/azhar/Tubes_Speech/commandreminder/model_architecture/commandreminder.untied.mdef
-mwfloor	1e-4	1.000000e-08
-phone			U
-psetfn			/home/azhar/Tubes_Speech/commandreminder/model_architecture/commandreminder.tree_questions
-ssplitmax	5	7
-ssplitmin	1	1
-ssplitthr	8e-4	0.000000e+00
-state			2
-stwt			1.0,0.05,0.0,
-treefn			/home/azhar/Tubes_Speech/commandreminder/trees/commandreminder.unpruned/U-2.dtree
-ts2cbfn	.semi.	.semi.
-varfloor	0.00001	1.000000e-05
-varfn			

INFO: main.c(223): Reading: /home/azhar/Tubes_Speech/commandreminder/model_architecture/commandreminder.untied.mdef
INFO: model_def_io.c(573): Model definition info:
INFO: model_def_io.c(574): 1061 total models defined (31 base, 1030 tri)
INFO: model_def_io.c(575): 4244 total states
INFO: model_def_io.c(576): 3183 total tied states
INFO: model_def_io.c(577): 93 total tied CI states
INFO: model_def_io.c(578): 31 total tied transition matrices
INFO: model_def_io.c(579): 4 max state/model
INFO: model_def_io.c(580): 4 min state/model
INFO: main.c(242): Building trees for [U A L b] through [U Z M i]
INFO: main.c(269): Covering states |[2955 3146]| == 192
INFO: main.c(275): Reading: /home/azhar/Tubes_Speech/commandreminder/model_parameters/commandreminder.cd_ptm_untied/mixture_weights
INFO: s3mixw_io.c(173): Read /home/azhar/Tubes_Speech/commandreminder/model_parameters/commandreminder.cd_ptm_untied/mixture_weights [192x4x64 array]
INFO: main.c(311): 64 of 64 models have observation count greater than 0.000010
INFO: main.c(95): nrm stwt: 0.000 0.048 0.952 
INFO: main.c(411): 64-class entropy: 1.226637e+05
INFO: main.c(549): Reading: /home/azhar/Tubes_Speech/commandreminder/model_architecture/commandreminder.tree_questions
INFO: main.c(588): 174 total simple questions (166 phone; 8 word bndry)
INFO: main.c(590): 40 Left Only questions, and 42 Right Only questions
INFO: dtree.c(1478): Final simple tree
|( SILENCE 1 1.691e+05 8.841e+03 7.611e+03
|    ( - 3.281e+04 4 0 QUESTION11 -1 5.061e+02 1.844e+03)
|    ( QUESTION0_18_R 1 1.275e+05 4.527e+03 5.766e+03
|        ( QUESTION0_19_R 1 2.341e+04 1.351e+03 1.226e+03
|            ( - 7.443e+03 5 0 QUESTION12 -1 3.978e+02 3.801e+02)
|            ( - 1.462e+04 5 0 QUESTION7 -1 6.930e+02 8.459e+02))
|        ( QUESTION0_2_R 1 9.953e+04 5.057e+03 4.540e+03
|            ( - 1.059e+04 7 0 QUESTION6 -1 6.277e+02 6.625e+02)
|            ( QUESTION0_15_R 1 8.388e+04 3.463e+03 3.878e+03
|                ( - 2.726e+04 12 0 QUESTION6 1 1.109e+03 1.408e+03)
|                ( QUESTION16 1 5.316e+04 2.627e+03 2.470e+03
|                    ( - 7.127e+03 4 0 QUESTION7 -1 3.123e+02 4.370e+02)
|                    ( QUESTION0_8_R 1 4.341e+04 1.610e+03 2.033e+03
|                        ( - 2.185e+04 15 0 QUESTION7 1 1.275e+03 1.078e+03)
|                        ( - 1.994e+04 12 0 QUESTION7 -1 6.482e+02 9.552e+02)))))))
s>    ( SILENCE 1 1.691e+05 8.841e+03 7.611e+03
s>        ( - 3.281e+04 4 0 QUESTION11 -1 5.061e+02 1.844e+03)
s>        ( QUESTION0_18_R 1 1.275e+05 4.527e+03 5.766e+03
s>            ( QUESTION0_19_R 1 2.341e+04 1.351e+03 1.226e+03
s>                ( - 7.443e+03 5 0 QUESTION12 -1 3.978e+02 3.801e+02)
s>                ( - 1.462e+04 5 0 QUESTION7 -1 6.930e+02 8.459e+02))
s>            ( QUESTION0_2_R 1 9.953e+04 5.057e+03 4.540e+03
s>                ( - 1.059e+04 7 0 QUESTION6 -1 6.277e+02 6.625e+02)
s>                ( QUESTION0_15_R 1 8.388e+04 3.463e+03 3.878e+03
s>                    ( - 2.726e+04 12 0 QUESTION6 1 1.109e+03 1.408e+03)
s>                    ( QUESTION16 1 5.316e+04 2.627e+03 2.470e+03
s>                        ( - 7.127e+03 4 0 QUESTION7 -1 3.123e+02 4.370e+02)
s>                        ( QUESTION0_8_R 1 4.341e+04 1.610e+03 2.033e+03
s>                            ( - 2.185e+04 15 0 QUESTION7 1 1.275e+03 1.078e+03)
s>                            ( - 1.994e+04 12 0 QUESTION7 -1 6.482e+02 9.552e+02)))))))INFO: dtree.c(1315): Comp split 0
INFO: dtree.c(1478): Final simple tree
|( SILENCE 1 8.015e+04 3.924e+03 3.877e+03
|    ( QUESTION11 -1 3.281e+04 5.061e+02 1.844e+03
|        ( - 1.445e+04 2 0 QUESTION13 -1 2.721e+02 8.304e+02)
|        ( - 1.786e+04 2 0 QUESTION10 -1 2.680e+02 1.014e+03))
|    ( QUESTION0_8_R 1 4.341e+04 1.610e+03 2.033e+03
|        ( QUESTION7 1 2.185e+04 1.275e+03 1.078e+03
|            ( - 1.090e+04 11 0 QUESTION9 -1 4.146e+02 5.675e+02)
|            ( QUESTION9 -1 9.680e+03 7.082e+02 5.104e+02
|                ( - 1.670e+03 1 0)
|                ( - 7.302e+03 3 0 QUESTION2_12_L -1 4.429e+02 4.140e+02)))
|        ( QUESTION7 -1 1.994e+04 6.482e+02 9.552e+02
|            ( - 8.631e+03 4 0 QUESTION15 1 4.567e+02 4.318e+02)
|            ( QUESTION0_14_R 1 1.067e+04 5.630e+02 5.234e+02
|                ( - 7.742e+03 6 0 QUESTION2_1_L -1 3.597e+02 4.000e+02)
|                ( - 2.361e+03 2 0 QUESTION0_0_R 1 2.729e+02 1.234e+02)))))
s>    ( SILENCE 1 8.015e+04 3.924e+03 3.877e+03
s>        ( QUESTION11 -1 3.281e+04 5.061e+02 1.844e+03
s>            ( - 1.445e+04 2 0 QUESTION13 -1 2.721e+02 8.304e+02)
s>            ( - 1.786e+04 2 0 QUESTION10 -1 2.680e+02 1.014e+03))
s>        ( QUESTION0_8_R 1 4.341e+04 1.610e+03 2.033e+03
s>            ( QUESTION7 1 2.185e+04 1.275e+03 1.078e+03
s>                ( - 1.090e+04 11 0 QUESTION9 -1 4.146e+02 5.675e+02)
s>                ( QUESTION9 -1 9.680e+03 7.082e+02 5.104e+02
s>                    ( - 1.670e+03 1 0)
s>                    ( - 7.302e+03 3 0 QUESTION2_12_L -1 4.429e+02 4.140e+02)))
s>            ( QUESTION7 -1 1.994e+04 6.482e+02 9.552e+02
s>                ( - 8.631e+03 4 0 QUESTION15 1 4.567e+02 4.318e+02)
s>                ( QUESTION0_14_R 1 1.067e+04 5.630e+02 5.234e+02
s>                    ( - 7.742e+03 6 0 QUESTION2_1_L -1 3.597e+02 4.000e+02)
s>                    ( - 2.361e+03 2 0 QUESTION0_0_R 1 2.729e+02 1.234e+02)))))INFO: dtree.c(1478): Final simple tree
|( QUESTION0_15_R 1 7.820e+04 4.372e+03 3.733e+03
|    ( QUESTION6 1 2.726e+04 1.109e+03 1.408e+03
|        ( - 9.664e+03 4 0 QUESTION11 -1 5.188e+02 5.220e+02)
|        ( QUESTION0 -1 1.649e+04 6.523e+02 8.858e+02
|            ( - 8.862e+03 3 0 QUESTION2_0_L -1 3.001e+02 4.766e+02)
|            ( - 6.971e+03 5 0 QUESTION2_12_L -1 3.822e+02 4.092e+02)))
|    ( QUESTION0_7_R 1 4.657e+04 3.073e+03 2.326e+03
|        ( - 7.127e+03 4 0 QUESTION7 -1 3.123e+02 4.370e+02)
|        ( QUESTION0_0_R 1 3.637e+04 2.365e+03 1.889e+03
|            ( - 1.059e+04 7 0 QUESTION6 -1 6.277e+02 6.625e+02)
|            ( QUESTION0_19_R 1 2.341e+04 1.351e+03 1.226e+03
|                ( - 7.443e+03 5 0 QUESTION12 -1 3.978e+02 3.801e+02)
|                ( QUESTION7 -1 1.462e+04 6.930e+02 8.459e+02
|                    ( - 5.752e+03 3 0 QUESTION8 -1 3.798e+02 3.197e+02)
|                    ( - 8.173e+03 2 0 WDBNDRY_B 0 1.771e+02 5.262e+02))))))
s>    ( QUESTION0_15_R 1 7.820e+04 4.372e+03 3.733e+03
s>        ( QUESTION6 1 2.726e+04 1.109e+03 1.408e+03
s>            ( - 9.664e+03 4 0 QUESTION11 -1 5.188e+02 5.220e+02)
s>            ( QUESTION0 -1 1.649e+04 6.523e+02 8.858e+02
s>                ( - 8.862e+03 3 0 QUESTION2_0_L -1 3.001e+02 4.766e+02)
s>                ( - 6.971e+03 5 0 QUESTION2_12_L -1 3.822e+02 4.092e+02)))
s>        ( QUESTION0_7_R 1 4.657e+04 3.073e+03 2.326e+03
s>            ( - 7.127e+03 4 0 QUESTION7 -1 3.123e+02 4.370e+02)
s>            ( QUESTION0_0_R 1 3.637e+04 2.365e+03 1.889e+03
s>                ( - 1.059e+04 7 0 QUESTION6 -1 6.277e+02 6.625e+02)
s>                ( QUESTION0_19_R 1 2.341e+04 1.351e+03 1.226e+03
s>                    ( - 7.443e+03 5 0 QUESTION12 -1 3.978e+02 3.801e+02)
s>                    ( QUESTION7 -1 1.462e+04 6.930e+02 8.459e+02
s>                        ( - 5.752e+03 3 0 QUESTION8 -1 3.798e+02 3.197e+02)
s>                        ( - 8.173e+03 2 0 WDBNDRY_B 0 1.771e+02 5.262e+02))))))INFO: dtree.c(1315): Comp split 1
INFO: dtree.c(1478): Final simple tree
|( QUESTION0_0_R 1 3.637e+04 2.365e+03 1.889e+03
|    ( QUESTION6 -1 1.059e+04 6.277e+02 6.625e+02
|        ( QUESTION11 -1 6.273e+03 3.132e+02 4.042e+02
|            ( - 1.711e+03 1 0)
|            ( - 4.249e+03 3 0 QUESTION2_1_L -1 2.065e+02 3.006e+02))
|        ( - 3.694e+03 3 0 QUESTION2_9_L -1 2.453e+02 2.584e+02))
|    ( QUESTION0_19_R 1 2.341e+04 1.351e+03 1.226e+03
|        ( QUESTION12 -1 7.443e+03 3.978e+02 3.801e+02
|            ( - 4.803e+03 1 0)
|            ( - 2.242e+03 4 0 QUESTION2_11_L -1 2.086e+02 1.179e+02))
|        ( QUESTION7 -1 1.462e+04 6.930e+02 8.459e+02
|            ( QUESTION8 -1 5.752e+03 3.798e+02 3.197e+02
|                ( - 2.950e+03 2 0 QUESTION2_10_L -1 2.469e+02 1.814e+02)
|                ( - 2.423e+03 1 0))
|            ( - 8.173e+03 2 0 WDBNDRY_B 0 1.771e+02 5.262e+02))))
s>    ( QUESTION0_0_R 1 3.637e+04 2.365e+03 1.889e+03
s>        ( QUESTION6 -1 1.059e+04 6.277e+02 6.625e+02
s>            ( QUESTION11 -1 6.273e+03 3.132e+02 4.042e+02
s>                ( - 1.711e+03 1 0)
s>                ( - 4.249e+03 3 0 QUESTION2_1_L -1 2.065e+02 3.006e+02))
s>            ( - 3.694e+03 3 0 QUESTION2_9_L -1 2.453e+02 2.584e+02))
s>        ( QUESTION0_19_R 1 2.341e+04 1.351e+03 1.226e+03
s>            ( QUESTION12 -1 7.443e+03 3.978e+02 3.801e+02
s>                ( - 4.803e+03 1 0)
s>                ( - 2.242e+03 4 0 QUESTION2_11_L -1 2.086e+02 1.179e+02))
s>            ( QUESTION7 -1 1.462e+04 6.930e+02 8.459e+02
s>                ( QUESTION8 -1 5.752e+03 3.798e+02 3.197e+02
s>                    ( - 2.950e+03 2 0 QUESTION2_10_L -1 2.469e+02 1.814e+02)
s>                    ( - 2.423e+03 1 0))
s>                ( - 8.173e+03 2 0 WDBNDRY_B 0 1.771e+02 5.262e+02))))INFO: dtree.c(1478): Final simple tree
|( QUESTION0_7_R 1 3.679e+04 2.407e+03 1.845e+03
|    ( QUESTION7 -1 7.127e+03 3.123e+02 4.370e+02
|        ( - 2.339e+03 1 0)
|        ( - 4.476e+03 3 0 QUESTION10 -1 2.164e+02 2.772e+02))
|    ( QUESTION6 1 2.726e+04 1.109e+03 1.408e+03
|        ( QUESTION11 -1 9.664e+03 5.188e+02 5.220e+02
|            ( - 3.812e+03 1 0)
|            ( QUESTION19 -1 5.332e+03 3.524e+02 2.764e+02
|                ( - 1.723e+03 1 0)
|                ( - 3.257e+03 2 0 WDBNDRY_E 0 2.280e+02 1.773e+02)))
|        ( QUESTION0 -1 1.649e+04 6.523e+02 8.858e+02
|            ( - 8.862e+03 3 0 QUESTION2_0_L -1 3.001e+02 4.766e+02)
|            ( QUESTION2_12_L -1 6.971e+03 3.822e+02 4.092e+02
|                ( - 7.863e+02 1 0)
|                ( - 5.803e+03 4 0 QUESTION6 -1 2.114e+02 3.533e+02)))))
s>    ( QUESTION0_7_R 1 3.679e+04 2.407e+03 1.845e+03
s>        ( QUESTION7 -1 7.127e+03 3.123e+02 4.370e+02
s>            ( - 2.339e+03 1 0)
s>            ( - 4.476e+03 3 0 QUESTION10 -1 2.164e+02 2.772e+02))
s>        ( QUESTION6 1 2.726e+04 1.109e+03 1.408e+03
s>            ( QUESTION11 -1 9.664e+03 5.188e+02 5.220e+02
s>                ( - 3.812e+03 1 0)
s>                ( QUESTION19 -1 5.332e+03 3.524e+02 2.764e+02
s>                    ( - 1.723e+03 1 0)
s>                    ( - 3.257e+03 2 0 WDBNDRY_E 0 2.280e+02 1.773e+02)))
s>            ( QUESTION0 -1 1.649e+04 6.523e+02 8.858e+02
s>                ( - 8.862e+03 3 0 QUESTION2_0_L -1 3.001e+02 4.766e+02)
s>                ( QUESTION2_12_L -1 6.971e+03 3.822e+02 4.092e+02
s>                    ( - 7.863e+02 1 0)
s>                    ( - 5.803e+03 4 0 QUESTION6 -1 2.114e+02 3.533e+02)))))INFO: dtree.c(1315): Comp split 2
INFO: dtree.c(1478): Final simple tree
|( QUESTION0_8_R 1 4.341e+04 1.610e+03 2.033e+03
|    ( QUESTION7 1 2.185e+04 1.275e+03 1.078e+03
|        ( - 1.090e+04 11 0 QUESTION9 -1 4.146e+02 5.675e+02)
|        ( QUESTION9 -1 9.680e+03 7.082e+02 5.104e+02
|            ( - 1.670e+03 1 0)
|            ( QUESTION2_12_L -1 7.302e+03 4.429e+02 4.140e+02
|                ( - 1.766e+03 1 0)
|                ( - 5.093e+03 2 0 WDBNDRY_E 0 2.716e+02 2.943e+02))))
|    ( QUESTION7 -1 1.994e+04 6.482e+02 9.552e+02
|        ( QUESTION15 1 8.631e+03 4.567e+02 4.318e+02
|            ( - 6.728e+03 2 0)
|            ( - 1.446e+03 2 0 QUESTION0_7_R 1 2.319e+02 8.511e+01))
|        ( QUESTION0_14_R 1 1.067e+04 5.630e+02 5.234e+02
|            ( - 7.742e+03 6 0 QUESTION2_1_L -1 3.597e+02 4.000e+02)
|            ( - 2.361e+03 2 0 QUESTION0_0_R 1 2.729e+02 1.234e+02))))
s>    ( QUESTION0_8_R 1 4.341e+04 1.610e+03 2.033e+03
s>        ( QUESTION7 1 2.185e+04 1.275e+03 1.078e+03
s>            ( - 1.090e+04 11 0 QUESTION9 -1 4.146e+02 5.675e+02)
s>            ( QUESTION9 -1 9.680e+03 7.082e+02 5.104e+02
s>                ( - 1.670e+03 1 0)
s>                ( QUESTION2_12_L -1 7.302e+03 4.429e+02 4.140e+02
s>                    ( - 1.766e+03 1 0)
s>                    ( - 5.093e+03 2 0 WDBNDRY_E 0 2.716e+02 2.943e+02))))
s>        ( QUESTION7 -1 1.994e+04 6.482e+02 9.552e+02
s>            ( QUESTION15 1 8.631e+03 4.567e+02 4.318e+02
s>                ( - 6.728e+03 2 0)
s>                ( - 1.446e+03 2 0 QUESTION0_7_R 1 2.319e+02 8.511e+01))
s>            ( QUESTION0_14_R 1 1.067e+04 5.630e+02 5.234e+02
s>                ( - 7.742e+03 6 0 QUESTION2_1_L -1 3.597e+02 4.000e+02)
s>                ( - 2.361e+03 2 0 QUESTION0_0_R 1 2.729e+02 1.234e+02))))INFO: dtree.c(1439): stop. leaf nodes are specific
INFO: dtree.c(1478): Final simple tree
|( QUESTION11 -1 3.281e+04 5.061e+02 1.844e+03
|    ( QUESTION13 -1 1.445e+04 2.721e+02 8.304e+02
|        ( - 9.975e+03 1 0)
|        ( - 4.200e+03 1 0))
|    ( QUESTION10 -1 1.786e+04 2.680e+02 1.014e+03
|        ( - 1.322e+04 1 0)
|        ( - 4.370e+03 1 0)))
s>    ( QUESTION11 -1 3.281e+04 5.061e+02 1.844e+03
s>        ( QUESTION13 -1 1.445e+04 2.721e+02 8.304e+02
s>            ( - 9.975e+03 1 0)
s>            ( - 4.200e+03 1 0))
s>        ( QUESTION10 -1 1.786e+04 2.680e+02 1.014e+03
s>            ( - 1.322e+04 1 0)
s>            ( - 4.370e+03 1 0)))INFO: dtree.c(1315): Comp split 3
INFO: dtree.c(1478): Final simple tree
|( QUESTION6 1 2.726e+04 1.109e+03 1.408e+03
|    ( QUESTION11 -1 9.664e+03 5.188e+02 5.220e+02
|        ( - 3.812e+03 1 0)
|        ( QUESTION19 -1 5.332e+03 3.524e+02 2.764e+02
|            ( - 1.723e+03 1 0)
|            ( - 3.257e+03 2 0 WDBNDRY_E 0 2.280e+02 1.773e+02)))
|    ( QUESTION0 -1 1.649e+04 6.523e+02 8.858e+02
|        ( QUESTION2_0_L -1 8.862e+03 3.001e+02 4.766e+02
|            ( WDBNDRY_B 0 4.202e+03 2.285e+02 2.240e+02
|                ( - 2.551e+03 1 0)
|                ( - 1.422e+03 1 0))
|            ( - 4.360e+03 1 0))
|        ( QUESTION2_12_L -1 6.971e+03 3.822e+02 4.092e+02
|            ( - 7.863e+02 1 0)
|            ( - 5.803e+03 4 0 QUESTION6 -1 2.114e+02 3.533e+02))))
s>    ( QUESTION6 1 2.726e+04 1.109e+03 1.408e+03
s>        ( QUESTION11 -1 9.664e+03 5.188e+02 5.220e+02
s>            ( - 3.812e+03 1 0)
s>            ( QUESTION19 -1 5.332e+03 3.524e+02 2.764e+02
s>                ( - 1.723e+03 1 0)
s>                ( - 3.257e+03 2 0 WDBNDRY_E 0 2.280e+02 1.773e+02)))
s>        ( QUESTION0 -1 1.649e+04 6.523e+02 8.858e+02
s>            ( QUESTION2_0_L -1 8.862e+03 3.001e+02 4.766e+02
s>                ( WDBNDRY_B 0 4.202e+03 2.285e+02 2.240e+02
s>                    ( - 2.551e+03 1 0)
s>                    ( - 1.422e+03 1 0))
s>                ( - 4.360e+03 1 0))
s>            ( QUESTION2_12_L -1 6.971e+03 3.822e+02 4.092e+02
s>                ( - 7.863e+02 1 0)
s>                ( - 5.803e+03 4 0 QUESTION6 -1 2.114e+02 3.533e+02))))INFO: dtree.c(1439): stop. leaf nodes are specific
INFO: dtree.c(1478): Final simple tree
|( QUESTION7 -1 7.127e+03 3.123e+02 4.370e+02
|    ( - 2.339e+03 1 0)
|    ( QUESTION10 -1 4.476e+03 2.164e+02 2.772e+02
|        ( QUESTION11 -1 2.756e+03 2.455e+02 1.749e+02
|            ( - 1.243e+03 1 0)
|            ( - 1.267e+03 1 0))
|        ( - 1.504e+03 1 0)))
s>    ( QUESTION7 -1 7.127e+03 3.123e+02 4.370e+02
s>        ( - 2.339e+03 1 0)
s>        ( QUESTION10 -1 4.476e+03 2.164e+02 2.772e+02
s>            ( QUESTION11 -1 2.756e+03 2.455e+02 1.749e+02
s>                ( - 1.243e+03 1 0)
s>                ( - 1.267e+03 1 0))
s>            ( - 1.504e+03 1 0)))INFO: dtree.c(1315): Comp split 4
INFO: dtree.c(1478): Final simple tree
|( QUESTION0_19_R 1 2.341e+04 1.351e+03 1.226e+03
|    ( QUESTION12 -1 7.443e+03 3.978e+02 3.801e+02
|        ( - 4.803e+03 1 0)
|        ( QUESTION2_11_L -1 2.242e+03 2.086e+02 1.179e+02
|            ( - 1.396e+03 2 0 QUESTION7 -1 1.270e+02 8.088e+01)
|            ( - 6.366e+02 2 0 QUESTION6 -1 1.176e+02 3.700e+01)))
|    ( QUESTION7 -1 1.462e+04 6.930e+02 8.459e+02
|        ( QUESTION8 -1 5.752e+03 3.798e+02 3.197e+02
|            ( QUESTION2_10_L -1 2.950e+03 2.469e+02 1.814e+02
|                ( - 2.330e+03 1 0)
|                ( - 3.724e+02 1 0))
|            ( - 2.423e+03 1 0))
|        ( WDBNDRY_B 0 8.173e+03 1.771e+02 5.262e+02
|            ( - 3.658e+02 1 0)
|            ( - 7.630e+03 1 0))))
s>    ( QUESTION0_19_R 1 2.341e+04 1.351e+03 1.226e+03
s>        ( QUESTION12 -1 7.443e+03 3.978e+02 3.801e+02
s>            ( - 4.803e+03 1 0)
s>            ( QUESTION2_11_L -1 2.242e+03 2.086e+02 1.179e+02
s>                ( - 1.396e+03 2 0 QUESTION7 -1 1.270e+02 8.088e+01)
s>                ( - 6.366e+02 2 0 QUESTION6 -1 1.176e+02 3.700e+01)))
s>        ( QUESTION7 -1 1.462e+04 6.930e+02 8.459e+02
s>            ( QUESTION8 -1 5.752e+03 3.798e+02 3.197e+02
s>                ( QUESTION2_10_L -1 2.950e+03 2.469e+02 1.814e+02
s>                    ( - 2.330e+03 1 0)
s>                    ( - 3.724e+02 1 0))
s>                ( - 2.423e+03 1 0))
s>            ( WDBNDRY_B 0 8.173e+03 1.771e+02 5.262e+02
s>                ( - 3.658e+02 1 0)
s>                ( - 7.630e+03 1 0))))INFO: dtree.c(1439): stop. leaf nodes are specific
INFO: dtree.c(1478): Final simple tree
|( QUESTION6 -1 1.059e+04 6.277e+02 6.625e+02
|    ( QUESTION11 -1 6.273e+03 3.132e+02 4.042e+02
|        ( - 1.711e+03 1 0)
|        ( QUESTION2_1_L -1 4.249e+03 2.065e+02 3.006e+02
|            ( - 2.336e+03 1 0)
|            ( QUESTION10 -1 1.706e+03 1.039e+02 1.360e+02
|                ( - 4.633e+02 1 0)
|                ( - 1.139e+03 1 0))))
|    ( QUESTION2_9_L -1 3.694e+03 2.453e+02 2.584e+02
|        ( - 6.724e+02 1 0)
|        ( QUESTION16 -1 2.777e+03 1.391e+02 1.985e+02
|            ( - 5.152e+02 1 0)
|            ( - 2.122e+03 1 0))))
s>    ( QUESTION6 -1 1.059e+04 6.277e+02 6.625e+02
s>        ( QUESTION11 -1 6.273e+03 3.132e+02 4.042e+02
s>            ( - 1.711e+03 1 0)
s>            ( QUESTION2_1_L -1 4.249e+03 2.065e+02 3.006e+02
s>                ( - 2.336e+03 1 0)
s>                ( QUESTION10 -1 1.706e+03 1.039e+02 1.360e+02
s>                    ( - 4.633e+02 1 0)
s>                    ( - 1.139e+03 1 0))))
s>        ( QUESTION2_9_L -1 3.694e+03 2.453e+02 2.584e+02
s>            ( - 6.724e+02 1 0)
s>            ( QUESTION16 -1 2.777e+03 1.391e+02 1.985e+02
s>                ( - 5.152e+02 1 0)
s>                ( - 2.122e+03 1 0))))INFO: dtree.c(1315): Comp split 5
INFO: dtree.c(1439): stop. leaf nodes are specific
INFO: dtree.c(1478): Final simple tree
|( QUESTION2_12_L -1 7.302e+03 4.429e+02 4.140e+02
|    ( - 1.766e+03 1 0)
|    ( WDBNDRY_E 0 5.093e+03 2.716e+02 2.943e+02
|        ( - 8.255e+02 1 0)
|        ( - 3.996e+03 1 0)))
s>    ( QUESTION2_12_L -1 7.302e+03 4.429e+02 4.140e+02
s>        ( - 1.766e+03 1 0)
s>        ( WDBNDRY_E 0 5.093e+03 2.716e+02 2.943e+02
s>            ( - 8.255e+02 1 0)
s>            ( - 3.996e+03 1 0)))INFO: dtree.c(1478): Final simple tree
|( QUESTION6 1 3.399e+04 1.254e+03 1.619e+03
|    ( QUESTION7 -1 1.402e+04 4.428e+02 7.229e+02
|        ( - 4.019e+03 3 0 QUESTION0_7_R 1 2.726e+02 2.346e+02)
|        ( WDBNDRY_I 0 9.560e+03 3.468e+02 4.884e+02
|            ( - 5.579e+03 6 0 QUESTION8 1 3.105e+02 2.899e+02)
|            ( - 3.634e+03 4 0 QUESTION15 -1 2.620e+02 1.985e+02)))
|    ( QUESTION7 -1 1.872e+04 6.644e+02 8.961e+02
|        ( - 7.387e+03 3 0 QUESTION0_7_R 1 2.945e+02 3.728e+02)
|        ( QUESTION0_14_R 1 1.067e+04 5.630e+02 5.234e+02
|            ( QUESTION2_1_L -1 7.742e+03 3.597e+02 4.000e+02
|                ( - 2.751e+03 1 0)
|                ( QUESTION6 -1 4.631e+03 3.441e+02 2.385e+02
|                    ( - 2.532e+03 3 0 WDBNDRY_E 0 2.169e+02 1.343e+02)
|                    ( - 1.755e+03 2 0 QUESTION16 -1 1.870e+02 1.042e+02)))
|            ( - 2.361e+03 2 0 QUESTION0_0_R 1 2.729e+02 1.234e+02))))
s>    ( QUESTION6 1 3.399e+04 1.254e+03 1.619e+03
s>        ( QUESTION7 -1 1.402e+04 4.428e+02 7.229e+02
s>            ( - 4.019e+03 3 0 QUESTION0_7_R 1 2.726e+02 2.346e+02)
s>            ( WDBNDRY_I 0 9.560e+03 3.468e+02 4.884e+02
s>                ( - 5.579e+03 6 0 QUESTION8 1 3.105e+02 2.899e+02)
s>                ( - 3.634e+03 4 0 QUESTION15 -1 2.620e+02 1.985e+02)))
s>        ( QUESTION7 -1 1.872e+04 6.644e+02 8.961e+02
s>            ( - 7.387e+03 3 0 QUESTION0_7_R 1 2.945e+02 3.728e+02)
s>            ( QUESTION0_14_R 1 1.067e+04 5.630e+02 5.234e+02
s>                ( QUESTION2_1_L -1 7.742e+03 3.597e+02 4.000e+02
s>                    ( - 2.751e+03 1 0)
s>                    ( QUESTION6 -1 4.631e+03 3.441e+02 2.385e+02
s>                        ( - 2.532e+03 3 0 WDBNDRY_E 0 2.169e+02 1.343e+02)
s>                        ( - 1.755e+03 2 0 QUESTION16 -1 1.870e+02 1.042e+02)))
s>                ( - 2.361e+03 2 0 QUESTION0_0_R 1 2.729e+02 1.234e+02))))INFO: dtree.c(1315): Comp split 6
INFO: dtree.c(1439): stop. leaf nodes are specific
INFO: dtree.c(1478): Final simple tree
|( QUESTION12 -1 8.090e+03 4.637e+02 4.082e+02
|    ( - 4.803e+03 1 0)
|    ( QUESTION7 -1 2.823e+03 2.472e+02 1.461e+02
|        ( QUESTION0_19_R 1 1.106e+03 1.539e+02 6.387e+01
|            ( QUESTION2_10_L -1 5.793e+02 1.022e+02 3.569e+01
|                ( - 2.509e+02 1 0)
|                ( - 2.262e+02 1 0))
|            ( - 3.724e+02 1 0))
|        ( QUESTION6 -1 1.470e+03 1.586e+02 8.219e+01
|            ( - 1.043e+03 1 0)
|            ( - 2.681e+02 1 0))))
s>    ( QUESTION12 -1 8.090e+03 4.637e+02 4.082e+02
s>        ( - 4.803e+03 1 0)
s>        ( QUESTION7 -1 2.823e+03 2.472e+02 1.461e+02
s>            ( QUESTION0_19_R 1 1.106e+03 1.539e+02 6.387e+01
s>                ( QUESTION2_10_L -1 5.793e+02 1.022e+02 3.569e+01
s>                    ( - 2.509e+02 1 0)
s>                    ( - 2.262e+02 1 0))
s>                ( - 3.724e+02 1 0))
s>            ( QUESTION6 -1 1.470e+03 1.586e+02 8.219e+01
s>                ( - 1.043e+03 1 0)
s>                ( - 2.681e+02 1 0))))INFO: dtree.c(1439): stop. leaf nodes are specific
INFO: dtree.c(1478): Final simple tree
|( QUESTION7 -1 1.397e+04 6.549e+02 8.178e+02
|    ( QUESTION8 -1 5.142e+03 3.894e+02 2.915e+02
|        ( - 2.330e+03 1 0)
|        ( - 2.423e+03 1 0))
|    ( WDBNDRY_B 0 8.173e+03 1.771e+02 5.262e+02
|        ( - 3.658e+02 1 0)
|        ( - 7.630e+03 1 0)))
s>    ( QUESTION7 -1 1.397e+04 6.549e+02 8.178e+02
s>        ( QUESTION8 -1 5.142e+03 3.894e+02 2.915e+02
s>            ( - 2.330e+03 1 0)
s>            ( - 2.423e+03 1 0))
s>        ( WDBNDRY_B 0 8.173e+03 1.771e+02 5.262e+02
s>            ( - 3.658e+02 1 0)
s>            ( - 7.630e+03 1 0)))INFO: dtree.c(1315): Comp split 7
INFO: dtree.c(1478): Final simple tree
|( QUESTION7 -1 1.872e+04 6.644e+02 8.961e+02
|    ( QUESTION0_7_R 1 7.387e+03 2.945e+02 3.728e+02
|        ( - 3.646e+02 1 0)
|        ( - 6.728e+03 2 0))
|    ( QUESTION0_14_R 1 1.067e+04 5.630e+02 5.234e+02
|        ( QUESTION2_1_L -1 7.742e+03 3.597e+02 4.000e+02
|            ( - 2.751e+03 1 0)
|            ( QUESTION6 -1 4.631e+03 3.441e+02 2.385e+02
|                ( WDBNDRY_E 0 2.532e+03 2.169e+02 1.343e+02
|                    ( - 1.337e+03 1 0)
|                    ( - 9.784e+02 2 0 QUESTION10 -1 1.286e+02 5.584e+01))
|                ( - 1.755e+03 2 0 QUESTION16 -1 1.870e+02 1.042e+02)))
|        ( QUESTION0_0_R 1 2.361e+03 2.729e+02 1.234e+02
|            ( - 3.762e+02 1 0)
|            ( - 1.712e+03 1 0))))
s>    ( QUESTION7 -1 1.872e+04 6.644e+02 8.961e+02
s>        ( QUESTION0_7_R 1 7.387e+03 2.945e+02 3.728e+02
s>            ( - 3.646e+02 1 0)
s>            ( - 6.728e+03 2 0))
s>        ( QUESTION0_14_R 1 1.067e+04 5.630e+02 5.234e+02
s>            ( QUESTION2_1_L -1 7.742e+03 3.597e+02 4.000e+02
s>                ( - 2.751e+03 1 0)
s>                ( QUESTION6 -1 4.631e+03 3.441e+02 2.385e+02
s>                    ( WDBNDRY_E 0 2.532e+03 2.169e+02 1.343e+02
s>                        ( - 1.337e+03 1 0)
s>                        ( - 9.784e+02 2 0 QUESTION10 -1 1.286e+02 5.584e+01))
s>                    ( - 1.755e+03 2 0 QUESTION16 -1 1.870e+02 1.042e+02)))
s>            ( QUESTION0_0_R 1 2.361e+03 2.729e+02 1.234e+02
s>                ( - 3.762e+02 1 0)
s>                ( - 1.712e+03 1 0))))INFO: dtree.c(1478): Final simple tree
|( QUESTION7 -1 1.402e+04 4.428e+02 7.229e+02
|    ( QUESTION0_7_R 1 4.019e+03 2.726e+02 2.346e+02
|        ( - 2.897e+03 2 0 QUESTION8 -1 1.426e+02 1.755e+02)
|        ( - 8.496e+02 1 0))
|    ( WDBNDRY_I 0 9.560e+03 3.468e+02 4.884e+02
|        ( QUESTION8 1 5.579e+03 3.105e+02 2.899e+02
|            ( QUESTION11 -1 2.835e+03 2.611e+02 1.496e+02
|                ( - 8.949e+02 1 0)
|                ( - 1.679e+03 3 0 QUESTION6 -1 1.569e+02 9.241e+01))
|            ( QUESTION6 -1 2.433e+03 1.804e+02 1.402e+02
|                ( - 1.670e+03 1 0)
|                ( - 5.825e+02 1 0)))
|        ( QUESTION15 -1 3.634e+03 2.620e+02 1.985e+02
|            ( - 9.389e+02 1 0)
|            ( - 2.433e+03 3 0 WDBNDRY_B 0 1.792e+02 1.380e+02))))
s>    ( QUESTION7 -1 1.402e+04 4.428e+02 7.229e+02
s>        ( QUESTION0_7_R 1 4.019e+03 2.726e+02 2.346e+02
s>            ( - 2.897e+03 2 0 QUESTION8 -1 1.426e+02 1.755e+02)
s>            ( - 8.496e+02 1 0))
s>        ( WDBNDRY_I 0 9.560e+03 3.468e+02 4.884e+02
s>            ( QUESTION8 1 5.579e+03 3.105e+02 2.899e+02
s>                ( QUESTION11 -1 2.835e+03 2.611e+02 1.496e+02
s>                    ( - 8.949e+02 1 0)
s>                    ( - 1.679e+03 3 0 QUESTION6 -1 1.569e+02 9.241e+01))
s>                ( QUESTION6 -1 2.433e+03 1.804e+02 1.402e+02
s>                    ( - 1.670e+03 1 0)
s>                    ( - 5.825e+02 1 0)))
s>            ( QUESTION15 -1 3.634e+03 2.620e+02 1.985e+02
s>                ( - 9.389e+02 1 0)
s>                ( - 2.433e+03 3 0 WDBNDRY_B 0 1.792e+02 1.380e+02))))INFO: dtree.c(1315): Comp split 8
INFO: dtree.c(1439): stop. leaf nodes are specific
INFO: dtree.c(1478): Final simple tree
|( QUESTION0 -1 1.531e+04 6.442e+02 8.300e+02
|    ( QUESTION2_0_L -1 8.862e+03 3.001e+02 4.766e+02
|        ( WDBNDRY_B 0 4.202e+03 2.285e+02 2.240e+02
|            ( - 2.551e+03 1 0)
|            ( - 1.422e+03 1 0))
|        ( - 4.360e+03 1 0))
|    ( QUESTION6 -1 5.803e+03 2.114e+02 3.533e+02
|        ( QUESTION2_10_L -1 1.623e+03 1.395e+02 1.011e+02
|            ( - 1.106e+03 1 0)
|            ( - 3.773e+02 1 0))
|        ( - 3.968e+03 2 0)))
s>    ( QUESTION0 -1 1.531e+04 6.442e+02 8.300e+02
s>        ( QUESTION2_0_L -1 8.862e+03 3.001e+02 4.766e+02
s>            ( WDBNDRY_B 0 4.202e+03 2.285e+02 2.240e+02
s>                ( - 2.551e+03 1 0)
s>                ( - 1.422e+03 1 0))
s>            ( - 4.360e+03 1 0))
s>        ( QUESTION6 -1 5.803e+03 2.114e+02 3.533e+02
s>            ( QUESTION2_10_L -1 1.623e+03 1.395e+02 1.011e+02
s>                ( - 1.106e+03 1 0)
s>                ( - 3.773e+02 1 0))
s>            ( - 3.968e+03 2 0)))INFO: dtree.c(1439): stop. leaf nodes are specific
INFO: dtree.c(1478): Final simple tree
|( QUESTION11 -1 1.084e+04 5.741e+02 5.778e+02
|    ( - 3.812e+03 1 0)
|    ( QUESTION19 -1 6.449e+03 4.017e+02 3.323e+02
|        ( - 1.723e+03 1 0)
|        ( QUESTION6 1 4.325e+03 2.808e+02 2.332e+02
|            ( WDBNDRY_E 0 3.257e+03 2.280e+02 1.773e+02
|                ( - 9.264e+02 1 0)
|                ( - 2.103e+03 1 0))
|            ( - 7.863e+02 1 0))))
s>    ( QUESTION11 -1 1.084e+04 5.741e+02 5.778e+02
s>        ( - 3.812e+03 1 0)
s>        ( QUESTION19 -1 6.449e+03 4.017e+02 3.323e+02
s>            ( - 1.723e+03 1 0)
s>            ( QUESTION6 1 4.325e+03 2.808e+02 2.332e+02
s>                ( WDBNDRY_E 0 3.257e+03 2.280e+02 1.773e+02
s>                    ( - 9.264e+02 1 0)
s>                    ( - 2.103e+03 1 0))
s>                ( - 7.863e+02 1 0))))INFO: dtree.c(1315): Comp split 9
INFO: dtree.c(1439): stop. leaf nodes are specific
INFO: dtree.c(1478): Final simple tree
|( QUESTION2_1_L -1 7.742e+03 3.597e+02 4.000e+02
|    ( - 2.751e+03 1 0)
|    ( QUESTION6 -1 4.631e+03 3.441e+02 2.385e+02
|        ( WDBNDRY_E 0 2.532e+03 2.169e+02 1.343e+02
|            ( - 1.337e+03 1 0)
|            ( QUESTION10 -1 9.784e+02 1.286e+02 5.584e+01
|                ( - 5.056e+02 1 0)
|                ( - 3.442e+02 1 0)))
|        ( QUESTION16 -1 1.755e+03 1.870e+02 1.042e+02
|            ( - 4.281e+02 1 0)
|            ( - 1.140e+03 1 0))))
s>    ( QUESTION2_1_L -1 7.742e+03 3.597e+02 4.000e+02
s>        ( - 2.751e+03 1 0)
s>        ( QUESTION6 -1 4.631e+03 3.441e+02 2.385e+02
s>            ( WDBNDRY_E 0 2.532e+03 2.169e+02 1.343e+02
s>                ( - 1.337e+03 1 0)
s>                ( QUESTION10 -1 9.784e+02 1.286e+02 5.584e+01
s>                    ( - 5.056e+02 1 0)
s>                    ( - 3.442e+02 1 0)))
s>            ( QUESTION16 -1 1.755e+03 1.870e+02 1.042e+02
s>                ( - 4.281e+02 1 0)
s>                ( - 1.140e+03 1 0))))INFO: dtree.c(1439): stop. leaf nodes are specific
INFO: dtree.c(1478): Final simple tree
|( QUESTION0_14_R 1 1.025e+04 5.707e+02 4.961e+02
|    ( - 6.728e+03 2 0)
|    ( QUESTION9 -1 2.947e+03 3.253e+02 1.494e+02
|        ( - 1.712e+03 1 0)
|        ( QUESTION0_0_R 1 9.103e+02 1.694e+02 5.557e+01
|            ( - 3.762e+02 1 0)
|            ( - 3.646e+02 1 0))))
s>    ( QUESTION0_14_R 1 1.025e+04 5.707e+02 4.961e+02
s>        ( - 6.728e+03 2 0)
s>        ( QUESTION9 -1 2.947e+03 3.253e+02 1.494e+02
s>            ( - 1.712e+03 1 0)
s>            ( QUESTION0_0_R 1 9.103e+02 1.694e+02 5.557e+01
s>                ( - 3.762e+02 1 0)
s>                ( - 3.646e+02 1 0))))INFO: dtree.c(1315): Comp split 10
INFO: dtree.c(1439): stop. leaf nodes are specific
INFO: dtree.c(1478): Final simple tree
|( WDBNDRY_B 0 8.173e+03 1.771e+02 5.262e+02
|    ( - 3.658e+02 1 0)
|    ( - 7.630e+03 1 0))
s>    ( WDBNDRY_B 0 8.173e+03 1.771e+02 5.262e+02
s>        ( - 3.658e+02 1 0)
s>        ( - 7.630e+03 1 0))INFO: dtree.c(1439): stop. leaf nodes are specific
INFO: dtree.c(1478): Final simple tree
|( QUESTION8 -1 5.142e+03 3.894e+02 2.915e+02
|    ( - 2.330e+03 1 0)
|    ( - 2.423e+03 1 0))
s>    ( QUESTION8 -1 5.142e+03 3.894e+02 2.915e+02
s>        ( - 2.330e+03 1 0)
s>        ( - 2.423e+03 1 0))INFO: dtree.c(1315): Comp split 11
INFO: dtree.c(1439): stop. leaf nodes are specific
INFO: dtree.c(1478): Final simple tree
|( QUESTION2_0_L -1 9.394e+03 3.259e+02 5.050e+02
|    ( WDBNDRY_B 0 4.202e+03 2.285e+02 2.240e+02
|        ( - 2.551e+03 1 0)
|        ( - 1.422e+03 1 0))
|    ( QUESTION0 -1 4.866e+03 1.292e+02 2.810e+02
|        ( - 4.360e+03 1 0)
|        ( - 3.773e+02 1 0)))
s>    ( QUESTION2_0_L -1 9.394e+03 3.259e+02 5.050e+02
s>        ( WDBNDRY_B 0 4.202e+03 2.285e+02 2.240e+02
s>            ( - 2.551e+03 1 0)
s>            ( - 1.422e+03 1 0))
s>        ( QUESTION0 -1 4.866e+03 1.292e+02 2.810e+02
s>            ( - 4.360e+03 1 0)
s>            ( - 3.773e+02 1 0)))INFO: dtree.c(1439): stop. leaf nodes are specific
INFO: dtree.c(1478): Final simple tree
|( QUESTION6 -1 5.265e+03 1.910e+02 3.250e+02
|    ( - 1.106e+03 1 0)
|    ( - 3.968e+03 2 0))
s>    ( QUESTION6 -1 5.265e+03 1.910e+02 3.250e+02
s>        ( - 1.106e+03 1 0)
s>        ( - 3.968e+03 2 0))INFO: dtree.c(1315): Comp split 12
INFO: dtree.c(1439): stop. leaf nodes are specific
INFO: dtree.c(1478): Final simple tree
|( QUESTION11 -1 6.273e+03 3.132e+02 4.042e+02
|    ( - 1.711e+03 1 0)
|    ( QUESTION2_1_L -1 4.249e+03 2.065e+02 3.006e+02
|        ( - 2.336e+03 1 0)
|        ( QUESTION10 -1 1.706e+03 1.039e+02 1.360e+02
|            ( - 4.633e+02 1 0)
|            ( - 1.139e+03 1 0))))
s>    ( QUESTION11 -1 6.273e+03 3.132e+02 4.042e+02
s>        ( - 1.711e+03 1 0)
s>        ( QUESTION2_1_L -1 4.249e+03 2.065e+02 3.006e+02
s>            ( - 2.336e+03 1 0)
s>            ( QUESTION10 -1 1.706e+03 1.039e+02 1.360e+02
s>                ( - 4.633e+02 1 0)
s>                ( - 1.139e+03 1 0))))INFO: dtree.c(1439): stop. leaf nodes are specific
INFO: dtree.c(1478): Final simple tree
|( QUESTION2_9_L -1 3.694e+03 2.453e+02 2.584e+02
|    ( - 6.724e+02 1 0)
|    ( QUESTION16 -1 2.777e+03 1.391e+02 1.985e+02
|        ( - 5.152e+02 1 0)
|        ( - 2.122e+03 1 0)))
s>    ( QUESTION2_9_L -1 3.694e+03 2.453e+02 2.584e+02
s>        ( - 6.724e+02 1 0)
s>        ( QUESTION16 -1 2.777e+03 1.391e+02 1.985e+02
s>            ( - 5.152e+02 1 0)
s>            ( - 2.122e+03 1 0)))INFO: dtree.c(1315): Comp split 13
INFO: dtree.c(1439): stop. leaf nodes are specific
INFO: dtree.c(1478): Final simple tree
|( QUESTION6 1 4.325e+03 2.808e+02 2.332e+02
|    ( WDBNDRY_E 0 3.257e+03 2.280e+02 1.773e+02
|        ( - 9.264e+02 1 0)
|        ( - 2.103e+03 1 0))
|    ( - 7.863e+02 1 0))
s>    ( QUESTION6 1 4.325e+03 2.808e+02 2.332e+02
s>        ( WDBNDRY_E 0 3.257e+03 2.280e+02 1.773e+02
s>            ( - 9.264e+02 1 0)
s>            ( - 2.103e+03 1 0))
s>        ( - 7.863e+02 1 0))INFO: dtree.c(1439): stop. leaf nodes are specific
INFO: dtree.c(1478): Final simple tree
|( QUESTION6 -1 5.915e+03 3.797e+02 3.447e+02
|    ( - 3.812e+03 1 0)
|    ( - 1.723e+03 1 0))
s>    ( QUESTION6 -1 5.915e+03 3.797e+02 3.447e+02
s>        ( - 3.812e+03 1 0)
s>        ( - 1.723e+03 1 0))INFO: dtree.c(1315): Comp split 14
INFO: dtree.c(1439): stop. leaf nodes are specific
INFO: dtree.c(1478): Final simple tree
|( QUESTION9 -1 2.947e+03 3.253e+02 1.494e+02
|    ( - 1.712e+03 1 0)
|    ( QUESTION0_0_R 1 9.103e+02 1.694e+02 5.557e+01
|        ( - 3.762e+02 1 0)
|        ( - 3.646e+02 1 0)))
s>    ( QUESTION9 -1 2.947e+03 3.253e+02 1.494e+02
s>        ( - 1.712e+03 1 0)
s>        ( QUESTION0_0_R 1 9.103e+02 1.694e+02 5.557e+01
s>            ( - 3.762e+02 1 0)
s>            ( - 3.646e+02 1 0)))INFO: dtree.c(1315): Comp split 15
INFO: dtree.c(1478): Final simple tree
|( QUESTION8 1 8.302e+03 3.185e+02 4.279e+02
|    ( QUESTION11 -1 4.675e+03 3.221e+02 2.391e+02
|        ( WDBNDRY_E 0 1.920e+03 1.795e+02 1.114e+02
|            ( - 8.456e+02 1 0)
|            ( - 8.949e+02 1 0))
|        ( WDBNDRY_E 0 2.433e+03 2.321e+02 1.277e+02
|            ( - 5.219e+02 1 0)
|            ( QUESTION6 -1 1.679e+03 1.569e+02 9.241e+01
|                ( - 1.287e+03 2 0)
|                ( - 2.357e+02 1 0))))
|    ( QUESTION6 -1 3.308e+03 2.298e+02 1.888e+02
|        ( - 1.670e+03 1 0)
|        ( WDBNDRY_B 0 1.409e+03 1.211e+02 9.242e+01
|            ( - 7.053e+02 1 0)
|            ( - 5.825e+02 1 0))))
s>    ( QUESTION8 1 8.302e+03 3.185e+02 4.279e+02
s>        ( QUESTION11 -1 4.675e+03 3.221e+02 2.391e+02
s>            ( WDBNDRY_E 0 1.920e+03 1.795e+02 1.114e+02
s>                ( - 8.456e+02 1 0)
s>                ( - 8.949e+02 1 0))
s>            ( WDBNDRY_E 0 2.433e+03 2.321e+02 1.277e+02
s>                ( - 5.219e+02 1 0)
s>                ( QUESTION6 -1 1.679e+03 1.569e+02 9.241e+01
s>                    ( - 1.287e+03 2 0)
s>                    ( - 2.357e+02 1 0))))
s>        ( QUESTION6 -1 3.308e+03 2.298e+02 1.888e+02
s>            ( - 1.670e+03 1 0)
s>            ( WDBNDRY_B 0 1.409e+03 1.211e+02 9.242e+01
s>                ( - 7.053e+02 1 0)
s>                ( - 5.825e+02 1 0))))INFO: dtree.c(1439): stop. leaf nodes are specific
INFO: dtree.c(1478): Final simple tree
|( QUESTION0_7_R 1 5.185e+03 2.751e+02 2.951e+02
|    ( WDBNDRY_E 0 4.061e+03 2.249e+02 2.360e+02
|        ( - 9.389e+02 1 0)
|        ( QUESTION8 -1 2.897e+03 1.426e+02 1.755e+02
|            ( - 2.099e+03 1 0)
|            ( - 6.554e+02 1 0)))
|    ( - 8.496e+02 1 0))
s>    ( QUESTION0_7_R 1 5.185e+03 2.751e+02 2.951e+02
s>        ( WDBNDRY_E 0 4.061e+03 2.249e+02 2.360e+02
s>            ( - 9.389e+02 1 0)
s>            ( QUESTION8 -1 2.897e+03 1.426e+02 1.755e+02
s>                ( - 2.099e+03 1 0)
s>                ( - 6.554e+02 1 0)))
s>        ( - 8.496e+02 1 0))INFO: dtree.c(1315): Comp split 16
INFO: dtree.c(1439): stop. leaf nodes are specific
INFO: dtree.c(1478): Final simple tree
|( QUESTION10 -1 1.786e+04 2.680e+02 1.014e+03
|    ( - 1.322e+04 1 0)
|    ( - 4.370e+03 1 0))
s>    ( QUESTION10 -1 1.786e+04 2.680e+02 1.014e+03
s>        ( - 1.322e+04 1 0)
s>        ( - 4.370e+03 1 0))INFO: dtree.c(1439): stop. leaf nodes are specific
INFO: dtree.c(1478): Final simple tree
|( QUESTION13 -1 1.445e+04 2.721e+02 8.304e+02
|    ( - 9.975e+03 1 0)
|    ( - 4.200e+03 1 0))
s>    ( QUESTION13 -1 1.445e+04 2.721e+02 8.304e+02
s>        ( - 9.975e+03 1 0)
s>        ( - 4.200e+03 1 0))INFO: dtree.c(1315): Comp split 17
INFO: dtree.c(1439): stop. leaf nodes are specific
INFO: dtree.c(1478): Final simple tree
|( QUESTION7 -1 5.191e+03 1.364e+02 2.802e+02
|    ( - 2.509e+02 1 0)
|    ( - 4.803e+03 1 0))
s>    ( QUESTION7 -1 5.191e+03 1.364e+02 2.802e+02
s>        ( - 2.509e+02 1 0)
s>        ( - 4.803e+03 1 0))INFO: dtree.c(1439): stop. leaf nodes are specific
INFO: dtree.c(1478): Final simple tree
|( QUESTION7 -1 2.406e+03 2.301e+02 1.281e+02
|    ( QUESTION0_19_R 1 7.056e+02 1.069e+02 4.587e+01
|        ( - 2.262e+02 1 0)
|        ( - 3.724e+02 1 0))
|    ( QUESTION6 -1 1.470e+03 1.586e+02 8.219e+01
|        ( - 1.043e+03 1 0)
|        ( - 2.681e+02 1 0)))
s>    ( QUESTION7 -1 2.406e+03 2.301e+02 1.281e+02
s>        ( QUESTION0_19_R 1 7.056e+02 1.069e+02 4.587e+01
s>            ( - 2.262e+02 1 0)
s>            ( - 3.724e+02 1 0))
s>        ( QUESTION6 -1 1.470e+03 1.586e+02 8.219e+01
s>            ( - 1.043e+03 1 0)
s>            ( - 2.681e+02 1 0)))INFO: dtree.c(1315): Comp split 18
INFO: dtree.c(1439): stop. leaf nodes are specific
INFO: dtree.c(1478): Final simple tree
|( WDBNDRY_E 0 5.093e+03 2.716e+02 2.943e+02
|    ( - 8.255e+02 1 0)
|    ( - 3.996e+03 1 0))
s>    ( WDBNDRY_E 0 5.093e+03 2.716e+02 2.943e+02
s>        ( - 8.255e+02 1 0)
s>        ( - 3.996e+03 1 0))INFO: dtree.c(1315): Comp split 19
INFO: dtree.c(1315): Comp split 20
INFO: dtree.c(1439): stop. leaf nodes are specific
INFO: dtree.c(1478): Final simple tree
|( WDBNDRY_E 0 3.154e+03 2.450e+02 1.643e+02
|    ( - 1.337e+03 1 0)
|    ( QUESTION10 -1 1.572e+03 1.707e+02 8.585e+01
|        ( - 5.056e+02 1 0)
|        ( QUESTION6 -1 8.958e+02 1.236e+02 5.392e+01
|            ( - 3.442e+02 1 0)
|            ( - 4.281e+02 1 0))))
s>    ( WDBNDRY_E 0 3.154e+03 2.450e+02 1.643e+02
s>        ( - 1.337e+03 1 0)
s>        ( QUESTION10 -1 1.572e+03 1.707e+02 8.585e+01
s>            ( - 5.056e+02 1 0)
s>            ( QUESTION6 -1 8.958e+02 1.236e+02 5.392e+01
s>                ( - 3.442e+02 1 0)
s>                ( - 4.281e+02 1 0))))INFO: dtree.c(1439): stop. leaf nodes are specific
INFO: dtree.c(1478): Final simple tree
|( QUESTION6 -1 4.207e+03 3.160e+02 2.357e+02
|    ( - 2.751e+03 1 0)
|    ( - 1.140e+03 1 0))
s>    ( QUESTION6 -1 4.207e+03 3.160e+02 2.357e+02
s>        ( - 2.751e+03 1 0)
s>        ( - 1.140e+03 1 0))INFO: dtree.c(1315): Comp split 21
INFO: dtree.c(1439): stop. leaf nodes are specific
INFO: dtree.c(1478): Final simple tree
|( QUESTION6 -1 1.679e+03 1.569e+02 9.241e+01
|    ( - 1.287e+03 2 0)
|    ( - 2.357e+02 1 0))
s>    ( QUESTION6 -1 1.679e+03 1.569e+02 9.241e+01
s>        ( - 1.287e+03 2 0)
s>        ( - 2.357e+02 1 0))INFO: dtree.c(1439): stop. leaf nodes are specific
INFO: dtree.c(1478): Final simple tree
|( QUESTION8 1 6.243e+03 2.852e+02 3.355e+02
|    ( QUESTION11 -1 2.649e+03 2.070e+02 1.467e+02
|        ( WDBNDRY_E 0 1.920e+03 1.795e+02 1.114e+02
|            ( - 8.456e+02 1 0)
|            ( - 8.949e+02 1 0))
|        ( - 5.219e+02 1 0))
|    ( QUESTION6 -1 3.308e+03 2.298e+02 1.888e+02
|        ( - 1.670e+03 1 0)
|        ( WDBNDRY_B 0 1.409e+03 1.211e+02 9.242e+01
|            ( - 7.053e+02 1 0)
|            ( - 5.825e+02 1 0))))
s>    ( QUESTION8 1 6.243e+03 2.852e+02 3.355e+02
s>        ( QUESTION11 -1 2.649e+03 2.070e+02 1.467e+02
s>            ( WDBNDRY_E 0 1.920e+03 1.795e+02 1.114e+02
s>                ( - 8.456e+02 1 0)
s>                ( - 8.949e+02 1 0))
s>            ( - 5.219e+02 1 0))
s>        ( QUESTION6 -1 3.308e+03 2.298e+02 1.888e+02
s>            ( - 1.670e+03 1 0)
s>            ( WDBNDRY_B 0 1.409e+03 1.211e+02 9.242e+01
s>                ( - 7.053e+02 1 0)
s>                ( - 5.825e+02 1 0))))INFO: dtree.c(1315): Comp split 22
INFO: dtree.c(1315): Comp split 23
INFO: dtree.c(1439): stop. leaf nodes are specific
INFO: dtree.c(1478): Final simple tree
|( QUESTION7 -1 5.504e+03 2.499e+02 3.476e+02
|    ( - 2.339e+03 1 0)
|    ( QUESTION10 -1 2.916e+03 1.690e+02 1.878e+02
|        ( - 1.243e+03 1 0)
|        ( - 1.504e+03 1 0)))
s>    ( QUESTION7 -1 5.504e+03 2.499e+02 3.476e+02
s>        ( - 2.339e+03 1 0)
s>        ( QUESTION10 -1 2.916e+03 1.690e+02 1.878e+02
s>            ( - 1.243e+03 1 0)
s>            ( - 1.504e+03 1 0)))INFO: dtree.c(1315): Comp split 24
INFO: dtree.c(1439): stop. leaf nodes are specific
INFO: dtree.c(1478): Final simple tree
|( QUESTION0 -1 4.866e+03 1.292e+02 2.810e+02
|    ( - 4.360e+03 1 0)
|    ( - 3.773e+02 1 0))
s>    ( QUESTION0 -1 4.866e+03 1.292e+02 2.810e+02
s>        ( - 4.360e+03 1 0)
s>        ( - 3.773e+02 1 0))INFO: dtree.c(1439): stop. leaf nodes are specific
INFO: dtree.c(1478): Final simple tree
|( WDBNDRY_B 0 4.202e+03 2.285e+02 2.240e+02
|    ( - 2.551e+03 1 0)
|    ( - 1.422e+03 1 0))
s>    ( WDBNDRY_B 0 4.202e+03 2.285e+02 2.240e+02
s>        ( - 2.551e+03 1 0)
s>        ( - 1.422e+03 1 0))INFO: dtree.c(1315): Comp split 25
INFO: dtree.c(1439): stop. leaf nodes are specific
INFO: dtree.c(1478): Final simple tree
|( QUESTION0_0_R 1 9.103e+02 1.694e+02 5.557e+01
|    ( - 3.762e+02 1 0)
|    ( - 3.646e+02 1 0))
s>    ( QUESTION0_0_R 1 9.103e+02 1.694e+02 5.557e+01
s>        ( - 3.762e+02 1 0)
s>        ( - 3.646e+02 1 0))INFO: dtree.c(1315): Comp split 26
INFO: dtree.c(1315): Comp split 27
INFO: dtree.c(1439): stop. leaf nodes are specific
INFO: dtree.c(1478): Final simple tree
|( QUESTION2_1_L -1 4.249e+03 2.065e+02 3.006e+02
|    ( - 2.336e+03 1 0)
|    ( QUESTION10 -1 1.706e+03 1.039e+02 1.360e+02
|        ( - 4.633e+02 1 0)
|        ( - 1.139e+03 1 0)))
s>    ( QUESTION2_1_L -1 4.249e+03 2.065e+02 3.006e+02
s>        ( - 2.336e+03 1 0)
s>        ( QUESTION10 -1 1.706e+03 1.039e+02 1.360e+02
s>            ( - 4.633e+02 1 0)
s>            ( - 1.139e+03 1 0)))INFO: dtree.c(1315): Comp split 28
INFO: dtree.c(1439): stop. leaf nodes are specific
INFO: dtree.c(1478): Final simple tree
|( QUESTION8 -1 2.897e+03 1.426e+02 1.755e+02
|    ( - 2.099e+03 1 0)
|    ( - 6.554e+02 1 0))
s>    ( QUESTION8 -1 2.897e+03 1.426e+02 1.755e+02
s>        ( - 2.099e+03 1 0)
s>        ( - 6.554e+02 1 0))INFO: dtree.c(1439): stop. leaf nodes are specific
INFO: dtree.c(1478): Final simple tree
|( WDBNDRY_E 0 1.994e+03 2.056e+02 1.195e+02
|    ( - 9.389e+02 1 0)
|    ( - 8.496e+02 1 0))
s>    ( WDBNDRY_E 0 1.994e+03 2.056e+02 1.195e+02
s>        ( - 9.389e+02 1 0)
s>        ( - 8.496e+02 1 0))INFO: dtree.c(1315): Comp split 29
INFO: dtree.c(1439): stop. leaf nodes are specific
INFO: dtree.c(1478): Final simple tree
|( QUESTION7 1 2.788e+03 2.237e+02 1.536e+02
|    ( - 8.949e+02 1 0)
|    ( - 1.670e+03 1 0))
s>    ( QUESTION7 1 2.788e+03 2.237e+02 1.536e+02
s>        ( - 8.949e+02 1 0)
s>        ( - 1.670e+03 1 0))INFO: dtree.c(1439): stop. leaf nodes are specific
INFO: dtree.c(1478): Final simple tree
|( WDBNDRY_E 0 3.163e+03 2.058e+02 1.819e+02
|    ( QUESTION11 -1 1.549e+03 1.813e+02 8.945e+01
|        ( - 8.456e+02 1 0)
|        ( - 5.219e+02 1 0))
|    ( WDBNDRY_B 0 1.409e+03 1.211e+02 9.242e+01
|        ( - 7.053e+02 1 0)
|        ( - 5.825e+02 1 0)))
s>    ( WDBNDRY_E 0 3.163e+03 2.058e+02 1.819e+02
s>        ( QUESTION11 -1 1.549e+03 1.813e+02 8.945e+01
s>            ( - 8.456e+02 1 0)
s>            ( - 5.219e+02 1 0))
s>        ( WDBNDRY_B 0 1.409e+03 1.211e+02 9.242e+01
s>            ( - 7.053e+02 1 0)
s>            ( - 5.825e+02 1 0)))INFO: dtree.c(1315): Comp split 30
INFO: dtree.c(1439): stop. leaf nodes are specific
INFO: dtree.c(1478): Final simple tree
|( WDBNDRY_E 0 3.257e+03 2.280e+02 1.773e+02
|    ( - 9.264e+02 1 0)
|    ( - 2.103e+03 1 0))
s>    ( WDBNDRY_E 0 3.257e+03 2.280e+02 1.773e+02
s>        ( - 9.264e+02 1 0)
s>        ( - 2.103e+03 1 0))INFO: dtree.c(1315): Comp split 31
INFO: dtree.c(1315): Comp split 32
INFO: dtree.c(1315): Comp split 33
INFO: dtree.c(1315): Comp split 34
INFO: dtree.c(1439): stop. leaf nodes are specific
INFO: dtree.c(1478): Final simple tree
|( QUESTION10 -1 2.916e+03 1.690e+02 1.878e+02
|    ( - 1.243e+03 1 0)
|    ( - 1.504e+03 1 0))
s>    ( QUESTION10 -1 2.916e+03 1.690e+02 1.878e+02
s>        ( - 1.243e+03 1 0)
s>        ( - 1.504e+03 1 0))INFO: dtree.c(1315): Comp split 35
INFO: dtree.c(1439): stop. leaf nodes are specific
INFO: dtree.c(1478): Final simple tree
|( QUESTION16 -1 2.777e+03 1.391e+02 1.985e+02
|    ( - 5.152e+02 1 0)
|    ( - 2.122e+03 1 0))
s>    ( QUESTION16 -1 2.777e+03 1.391e+02 1.985e+02
s>        ( - 5.152e+02 1 0)
s>        ( - 2.122e+03 1 0))INFO: dtree.c(1315): Comp split 36
INFO: dtree.c(1439): stop. leaf nodes are specific
INFO: dtree.c(1478): Final simple tree
|( QUESTION10 -1 1.572e+03 1.707e+02 8.585e+01
|    ( - 5.056e+02 1 0)
|    ( QUESTION6 -1 8.958e+02 1.236e+02 5.392e+01
|        ( - 3.442e+02 1 0)
|        ( - 4.281e+02 1 0)))
s>    ( QUESTION10 -1 1.572e+03 1.707e+02 8.585e+01
s>        ( - 5.056e+02 1 0)
s>        ( QUESTION6 -1 8.958e+02 1.236e+02 5.392e+01
s>            ( - 3.442e+02 1 0)
s>            ( - 4.281e+02 1 0)))INFO: dtree.c(1315): Comp split 37
INFO: dtree.c(1439): stop. leaf nodes are specific
INFO: dtree.c(1478): Final simple tree
|( QUESTION6 -1 1.470e+03 1.586e+02 8.219e+01
|    ( - 1.043e+03 1 0)
|    ( - 2.681e+02 1 0))
s>    ( QUESTION6 -1 1.470e+03 1.586e+02 8.219e+01
s>        ( - 1.043e+03 1 0)
s>        ( - 2.681e+02 1 0))INFO: dtree.c(1439): stop. leaf nodes are specific
INFO: dtree.c(1478): Final simple tree
|( QUESTION0_19_R 1 7.056e+02 1.069e+02 4.587e+01
|    ( - 2.262e+02 1 0)
|    ( - 3.724e+02 1 0))
s>    ( QUESTION0_19_R 1 7.056e+02 1.069e+02 4.587e+01
s>        ( - 2.262e+02 1 0)
s>        ( - 3.724e+02 1 0))INFO: dtree.c(1315): Comp split 38
INFO: dtree.c(1315): Comp split 39
INFO: dtree.c(1315): Comp split 40
INFO: dtree.c(1315): Comp split 41
INFO: dtree.c(1439): stop. leaf nodes are specific
INFO: dtree.c(1478): Final simple tree
|( WDBNDRY_E 0 2.425e+03 1.708e+02 1.466e+02
|    ( - 8.456e+02 1 0)
|    ( WDBNDRY_B 0 1.409e+03 1.211e+02 9.242e+01
|        ( - 7.053e+02 1 0)
|        ( - 5.825e+02 1 0)))
s>    ( WDBNDRY_E 0 2.425e+03 1.708e+02 1.466e+02
s>        ( - 8.456e+02 1 0)
s>        ( WDBNDRY_B 0 1.409e+03 1.211e+02 9.242e+01
s>            ( - 7.053e+02 1 0)
s>            ( - 5.825e+02 1 0)))INFO: dtree.c(1315): Comp split 42
INFO: dtree.c(1439): stop. leaf nodes are specific
INFO: dtree.c(1478): Final simple tree
|( QUESTION10 -1 1.706e+03 1.039e+02 1.360e+02
|    ( - 4.633e+02 1 0)
|    ( - 1.139e+03 1 0))
s>    ( QUESTION10 -1 1.706e+03 1.039e+02 1.360e+02
s>        ( - 4.633e+02 1 0)
s>        ( - 1.139e+03 1 0))INFO: dtree.c(1315): Comp split 43
INFO: dtree.c(1315): Comp split 44
INFO: dtree.c(1315): Comp split 45
INFO: dtree.c(1315): Comp split 46
INFO: dtree.c(1439): stop. leaf nodes are specific
INFO: dtree.c(1478): Final simple tree
|( WDBNDRY_B 0 1.409e+03 1.211e+02 9.242e+01
|    ( - 7.053e+02 1 0)
|    ( - 5.825e+02 1 0))
s>    ( WDBNDRY_B 0 1.409e+03 1.211e+02 9.242e+01
s>        ( - 7.053e+02 1 0)
s>        ( - 5.825e+02 1 0))INFO: dtree.c(1315): Comp split 47
INFO: dtree.c(1439): stop. leaf nodes are specific
INFO: dtree.c(1478): Final simple tree
|( QUESTION6 -1 8.958e+02 1.236e+02 5.392e+01
|    ( - 3.442e+02 1 0)
|    ( - 4.281e+02 1 0))
s>    ( QUESTION6 -1 8.958e+02 1.236e+02 5.392e+01
s>        ( - 3.442e+02 1 0)
s>        ( - 4.281e+02 1 0))INFO: dtree.c(1315): Comp split 48
INFO: dtree.c(1315): Comp split 49
INFO: dtree.c(1315): Comp split 50
INFO: dtree.c(1315): Comp split 51
INFO: dtree.c(1315): Comp split 52
INFO: dtree.c(1315): Comp split 53
INFO: dtree.c(1315): Comp split 54
INFO: dtree.c(1315): Comp split 55
INFO: dtree.c(1315): Comp split 56
INFO: dtree.c(1315): Comp split 57
INFO: dtree.c(1315): Comp split 58
INFO: dtree.c(1315): Comp split 59
INFO: dtree.c(1315): Comp split 60
INFO: dtree.c(1318): stop. leaf nodes are specific
Fri Dec  3 07:39:22 2021
