Current configuration:
[NAME]		[DEFLT]	[VALUE]
-allphones	no	no
-cntthresh	0.00001	1.000000e-05
-csplitmax	100	2000
-csplitmin	1	1
-csplitthr	8e-4	0.000000e+00
-example	no	no
-fullvar	no	no
-help		no	no
-meanfn			
-mixwfn			/home/azhar/Tubes_Speech/commandreminder/model_parameters/commandreminder.cd_ptm_untied/mixture_weights
-moddeffn		/home/azhar/Tubes_Speech/commandreminder/model_architecture/commandreminder.untied.mdef
-mwfloor	1e-4	1.000000e-08
-phone			T
-psetfn			/home/azhar/Tubes_Speech/commandreminder/model_architecture/commandreminder.tree_questions
-ssplitmax	5	7
-ssplitmin	1	1
-ssplitthr	8e-4	0.000000e+00
-state			2
-stwt			1.0,0.05,0.0,
-treefn			/home/azhar/Tubes_Speech/commandreminder/trees/commandreminder.unpruned/T-2.dtree
-ts2cbfn	.semi.	.semi.
-varfloor	0.00001	1.000000e-05
-varfn			

INFO: main.c(223): Reading: /home/azhar/Tubes_Speech/commandreminder/model_architecture/commandreminder.untied.mdef
INFO: model_def_io.c(573): Model definition info:
INFO: model_def_io.c(574): 1061 total models defined (31 base, 1030 tri)
INFO: model_def_io.c(575): 4244 total states
INFO: model_def_io.c(576): 3183 total tied states
INFO: model_def_io.c(577): 93 total tied CI states
INFO: model_def_io.c(578): 31 total tied transition matrices
INFO: model_def_io.c(579): 4 max state/model
INFO: model_def_io.c(580): 4 min state/model
INFO: main.c(242): Building trees for [T A A b] through [T U I i]
INFO: main.c(269): Covering states |[2787 2954]| == 168
INFO: main.c(275): Reading: /home/azhar/Tubes_Speech/commandreminder/model_parameters/commandreminder.cd_ptm_untied/mixture_weights
INFO: s3mixw_io.c(173): Read /home/azhar/Tubes_Speech/commandreminder/model_parameters/commandreminder.cd_ptm_untied/mixture_weights [168x4x64 array]
INFO: main.c(311): 56 of 56 models have observation count greater than 0.000010
INFO: main.c(95): nrm stwt: 0.000 0.048 0.952 
INFO: main.c(411): 56-class entropy: 7.079315e+04
INFO: main.c(549): Reading: /home/azhar/Tubes_Speech/commandreminder/model_architecture/commandreminder.tree_questions
INFO: main.c(588): 174 total simple questions (166 phone; 8 word bndry)
INFO: main.c(590): 40 Left Only questions, and 42 Right Only questions
INFO: dtree.c(1478): Final simple tree
|( QUESTION0_1_R 1 9.377e+04 5.757e+03 4.319e+03
|    ( QUESTION3 1 3.032e+04 2.573e+03 1.577e+03
|        ( - 1.577e+04 9 0 QUESTION2 -1 3.127e+02 9.028e+02)
|        ( - 1.198e+04 8 0 QUESTION6 -1 4.240e+02 6.746e+02))
|    ( WDBNDRY_E 0 5.769e+04 2.938e+03 2.742e+03
|        ( SILENCE 1 1.182e+04 6.404e+02 5.339e+02
|            ( - 2.502e+03 2 0)
|            ( QUESTION0_10_R 1 8.679e+03 5.198e+02 3.914e+02
|                ( - 2.190e+03 2 0 QUESTION0 -1 1.975e+02 1.190e+02)
|                ( - 5.970e+03 10 0 QUESTION8 1 3.917e+02 2.724e+02)))
|        ( QUESTION0_3_R 1 4.294e+04 1.152e+03 2.208e+03
|            ( - 1.204e+04 13 0 QUESTION9 -1 3.125e+02 6.221e+02)
|            ( QUESTION2_6_L -1 2.974e+04 4.968e+02 1.586e+03
|                ( - 1.056e+04 5 0 QUESTION0 -1 3.331e+02 5.814e+02)
|                ( - 1.869e+04 7 0 QUESTION0 -1 2.414e+02 1.004e+03)))))
s>    ( QUESTION0_1_R 1 9.377e+04 5.757e+03 4.319e+03
s>        ( QUESTION3 1 3.032e+04 2.573e+03 1.577e+03
s>            ( - 1.577e+04 9 0 QUESTION2 -1 3.127e+02 9.028e+02)
s>            ( - 1.198e+04 8 0 QUESTION6 -1 4.240e+02 6.746e+02))
s>        ( WDBNDRY_E 0 5.769e+04 2.938e+03 2.742e+03
s>            ( SILENCE 1 1.182e+04 6.404e+02 5.339e+02
s>                ( - 2.502e+03 2 0)
s>                ( QUESTION0_10_R 1 8.679e+03 5.198e+02 3.914e+02
s>                    ( - 2.190e+03 2 0 QUESTION0 -1 1.975e+02 1.190e+02)
s>                    ( - 5.970e+03 10 0 QUESTION8 1 3.917e+02 2.724e+02)))
s>            ( QUESTION0_3_R 1 4.294e+04 1.152e+03 2.208e+03
s>                ( - 1.204e+04 13 0 QUESTION9 -1 3.125e+02 6.221e+02)
s>                ( QUESTION2_6_L -1 2.974e+04 4.968e+02 1.586e+03
s>                    ( - 1.056e+04 5 0 QUESTION0 -1 3.331e+02 5.814e+02)
s>                    ( - 1.869e+04 7 0 QUESTION0 -1 2.414e+02 1.004e+03)))))INFO: dtree.c(1315): Comp split 0
INFO: dtree.c(1478): Final simple tree
|( QUESTION0_4_R 1 4.589e+04 1.220e+03 2.327e+03
|    ( QUESTION2_6_L -1 2.974e+04 4.968e+02 1.586e+03
|        ( QUESTION0 -1 1.056e+04 3.331e+02 5.814e+02
|            ( - 7.132e+03 3 0 WDBNDRY_B 0 2.021e+02 3.940e+02)
|            ( - 3.092e+03 2 0 WDBNDRY_B 0 1.314e+02 1.875e+02))
|        ( - 1.869e+04 7 0 QUESTION0 -1 2.414e+02 1.004e+03))
|    ( WDBNDRY_E 0 1.493e+04 6.963e+02 7.411e+02
|        ( - 2.190e+03 2 0 QUESTION0 -1 1.975e+02 1.190e+02)
|        ( QUESTION9 -1 1.204e+04 3.125e+02 6.221e+02
|            ( WDBNDRY_B 0 4.163e+03 3.723e+02 2.293e+02
|                ( - 1.350e+03 1 0)
|                ( - 2.441e+03 1 0))
|            ( WDBNDRY_B 0 7.564e+03 2.689e+02 3.928e+02
|                ( - 5.149e+03 7 0 QUESTION2_6_L -1 2.599e+02 2.763e+02)
|                ( - 2.146e+03 4 0 QUESTION8 -1 1.485e+02 1.165e+02)))))
s>    ( QUESTION0_4_R 1 4.589e+04 1.220e+03 2.327e+03
s>        ( QUESTION2_6_L -1 2.974e+04 4.968e+02 1.586e+03
s>            ( QUESTION0 -1 1.056e+04 3.331e+02 5.814e+02
s>                ( - 7.132e+03 3 0 WDBNDRY_B 0 2.021e+02 3.940e+02)
s>                ( - 3.092e+03 2 0 WDBNDRY_B 0 1.314e+02 1.875e+02))
s>            ( - 1.869e+04 7 0 QUESTION0 -1 2.414e+02 1.004e+03))
s>        ( WDBNDRY_E 0 1.493e+04 6.963e+02 7.411e+02
s>            ( - 2.190e+03 2 0 QUESTION0 -1 1.975e+02 1.190e+02)
s>            ( QUESTION9 -1 1.204e+04 3.125e+02 6.221e+02
s>                ( WDBNDRY_B 0 4.163e+03 3.723e+02 2.293e+02
s>                    ( - 1.350e+03 1 0)
s>                    ( - 2.441e+03 1 0))
s>                ( WDBNDRY_B 0 7.564e+03 2.689e+02 3.928e+02
s>                    ( - 5.149e+03 7 0 QUESTION2_6_L -1 2.599e+02 2.763e+02)
s>                    ( - 2.146e+03 4 0 QUESTION8 -1 1.485e+02 1.165e+02)))))INFO: dtree.c(1478): Final simple tree
|( QUESTION3 1 4.208e+04 3.229e+03 1.992e+03
|    ( QUESTION2 -1 1.577e+04 3.127e+02 9.028e+02
|        ( - 8.697e+03 2 0 QUESTION3 -1 1.669e+02 5.077e+02)
|        ( - 6.756e+03 7 0 QUESTION2_6_L -1 2.040e+02 3.951e+02))
|    ( WDBNDRY_E 0 2.309e+04 2.103e+03 1.090e+03
|        ( QUESTION8 1 9.001e+03 5.354e+02 4.149e+02
|            ( - 2.948e+03 3 0)
|            ( QUESTION0_14_R 1 5.518e+03 4.460e+02 2.692e+02
|                ( - 1.029e+03 3 0 QUESTION6 1 1.198e+02 5.900e+01)
|                ( - 4.043e+03 6 0 SILENCE 1 2.527e+02 2.102e+02)))
|        ( QUESTION6 -1 1.198e+04 4.240e+02 6.746e+02
|            ( - 5.707e+03 1 0)
|            ( QUESTION2_6_L -1 5.850e+03 2.859e+02 3.389e+02
|                ( - 2.461e+03 3 0 WDBNDRY_B 0 1.293e+02 1.587e+02)
|                ( - 3.103e+03 4 0 QUESTION16 -1 1.792e+02 1.802e+02)))))
s>    ( QUESTION3 1 4.208e+04 3.229e+03 1.992e+03
s>        ( QUESTION2 -1 1.577e+04 3.127e+02 9.028e+02
s>            ( - 8.697e+03 2 0 QUESTION3 -1 1.669e+02 5.077e+02)
s>            ( - 6.756e+03 7 0 QUESTION2_6_L -1 2.040e+02 3.951e+02))
s>        ( WDBNDRY_E 0 2.309e+04 2.103e+03 1.090e+03
s>            ( QUESTION8 1 9.001e+03 5.354e+02 4.149e+02
s>                ( - 2.948e+03 3 0)
s>                ( QUESTION0_14_R 1 5.518e+03 4.460e+02 2.692e+02
s>                    ( - 1.029e+03 3 0 QUESTION6 1 1.198e+02 5.900e+01)
s>                    ( - 4.043e+03 6 0 SILENCE 1 2.527e+02 2.102e+02)))
s>            ( QUESTION6 -1 1.198e+04 4.240e+02 6.746e+02
s>                ( - 5.707e+03 1 0)
s>                ( QUESTION2_6_L -1 5.850e+03 2.859e+02 3.389e+02
s>                    ( - 2.461e+03 3 0 WDBNDRY_B 0 1.293e+02 1.587e+02)
s>                    ( - 3.103e+03 4 0 QUESTION16 -1 1.792e+02 1.802e+02)))))INFO: dtree.c(1315): Comp split 1
INFO: dtree.c(1478): Final simple tree
|( WDBNDRY_E 0 2.309e+04 2.103e+03 1.090e+03
|    ( QUESTION8 1 9.001e+03 5.354e+02 4.149e+02
|        ( - 2.948e+03 3 0)
|        ( QUESTION0_14_R 1 5.518e+03 4.460e+02 2.692e+02
|            ( - 1.029e+03 3 0 QUESTION6 1 1.198e+02 5.900e+01)
|            ( SILENCE 1 4.043e+03 2.527e+02 2.102e+02
|                ( - 2.502e+03 2 0)
|                ( - 1.289e+03 4 0 QUESTION1 -1 1.470e+02 6.763e+01))))
|    ( QUESTION6 -1 1.198e+04 4.240e+02 6.746e+02
|        ( - 5.707e+03 1 0)
|        ( QUESTION2_6_L -1 5.850e+03 2.859e+02 3.389e+02
|            ( - 2.461e+03 3 0 WDBNDRY_B 0 1.293e+02 1.587e+02)
|            ( QUESTION16 -1 3.103e+03 1.792e+02 1.802e+02
|                ( - 1.195e+03 1 0)
|                ( - 1.728e+03 3 0 QUESTION0 -1 1.378e+02 1.026e+02)))))
s>    ( WDBNDRY_E 0 2.309e+04 2.103e+03 1.090e+03
s>        ( QUESTION8 1 9.001e+03 5.354e+02 4.149e+02
s>            ( - 2.948e+03 3 0)
s>            ( QUESTION0_14_R 1 5.518e+03 4.460e+02 2.692e+02
s>                ( - 1.029e+03 3 0 QUESTION6 1 1.198e+02 5.900e+01)
s>                ( SILENCE 1 4.043e+03 2.527e+02 2.102e+02
s>                    ( - 2.502e+03 2 0)
s>                    ( - 1.289e+03 4 0 QUESTION1 -1 1.470e+02 6.763e+01))))
s>        ( QUESTION6 -1 1.198e+04 4.240e+02 6.746e+02
s>            ( - 5.707e+03 1 0)
s>            ( QUESTION2_6_L -1 5.850e+03 2.859e+02 3.389e+02
s>                ( - 2.461e+03 3 0 WDBNDRY_B 0 1.293e+02 1.587e+02)
s>                ( QUESTION16 -1 3.103e+03 1.792e+02 1.802e+02
s>                    ( - 1.195e+03 1 0)
s>                    ( - 1.728e+03 3 0 QUESTION0 -1 1.378e+02 1.026e+02)))))INFO: dtree.c(1478): Final simple tree
|( QUESTION2 -1 1.577e+04 3.127e+02 9.028e+02
|    ( QUESTION3 -1 8.697e+03 1.669e+02 5.077e+02
|        ( - 2.052e+03 1 0)
|        ( - 6.478e+03 1 0))
|    ( QUESTION2_6_L -1 6.756e+03 2.040e+02 3.951e+02
|        ( WDBNDRY_B 0 4.038e+03 1.451e+02 2.493e+02
|            ( - 1.526e+03 2 0 QUESTION6 -1 8.544e+01 9.742e+01)
|            ( - 2.367e+03 1 0))
|        ( WDBNDRY_E 0 2.514e+03 1.511e+02 1.458e+02
|            ( - 5.104e+02 1 0)
|            ( QUESTION6 -1 1.853e+03 1.191e+02 1.134e+02
|                ( - 6.904e+02 1 0)
|                ( WDBNDRY_B 0 1.043e+03 8.617e+01 6.858e+01
|                    ( - 4.786e+02 1 0)
|                    ( - 4.782e+02 1 0))))))
s>    ( QUESTION2 -1 1.577e+04 3.127e+02 9.028e+02
s>        ( QUESTION3 -1 8.697e+03 1.669e+02 5.077e+02
s>            ( - 2.052e+03 1 0)
s>            ( - 6.478e+03 1 0))
s>        ( QUESTION2_6_L -1 6.756e+03 2.040e+02 3.951e+02
s>            ( WDBNDRY_B 0 4.038e+03 1.451e+02 2.493e+02
s>                ( - 1.526e+03 2 0 QUESTION6 -1 8.544e+01 9.742e+01)
s>                ( - 2.367e+03 1 0))
s>            ( WDBNDRY_E 0 2.514e+03 1.511e+02 1.458e+02
s>                ( - 5.104e+02 1 0)
s>                ( QUESTION6 -1 1.853e+03 1.191e+02 1.134e+02
s>                    ( - 6.904e+02 1 0)
s>                    ( WDBNDRY_B 0 1.043e+03 8.617e+01 6.858e+01
s>                        ( - 4.786e+02 1 0)
s>                        ( - 4.782e+02 1 0))))))INFO: dtree.c(1315): Comp split 2
INFO: dtree.c(1478): Final simple tree
|( QUESTION6 -1 1.198e+04 4.240e+02 6.746e+02
|    ( - 5.707e+03 1 0)
|    ( QUESTION2_6_L -1 5.850e+03 2.859e+02 3.389e+02
|        ( WDBNDRY_B 0 2.461e+03 1.293e+02 1.587e+02
|            ( QUESTION0 -1 1.484e+03 1.037e+02 9.546e+01
|                ( - 4.430e+02 1 0)
|                ( - 9.374e+02 1 0))
|            ( - 8.474e+02 1 0))
|        ( QUESTION16 -1 3.103e+03 1.792e+02 1.802e+02
|            ( - 1.195e+03 1 0)
|            ( QUESTION0 -1 1.728e+03 1.378e+02 1.026e+02
|                ( WDBNDRY_B 0 1.211e+03 1.193e+02 7.317e+01
|                    ( - 5.608e+02 1 0)
|                    ( - 5.309e+02 1 0))
|                ( - 3.796e+02 1 0)))))
s>    ( QUESTION6 -1 1.198e+04 4.240e+02 6.746e+02
s>        ( - 5.707e+03 1 0)
s>        ( QUESTION2_6_L -1 5.850e+03 2.859e+02 3.389e+02
s>            ( WDBNDRY_B 0 2.461e+03 1.293e+02 1.587e+02
s>                ( QUESTION0 -1 1.484e+03 1.037e+02 9.546e+01
s>                    ( - 4.430e+02 1 0)
s>                    ( - 9.374e+02 1 0))
s>                ( - 8.474e+02 1 0))
s>            ( QUESTION16 -1 3.103e+03 1.792e+02 1.802e+02
s>                ( - 1.195e+03 1 0)
s>                ( QUESTION0 -1 1.728e+03 1.378e+02 1.026e+02
s>                    ( WDBNDRY_B 0 1.211e+03 1.193e+02 7.317e+01
s>                        ( - 5.608e+02 1 0)
s>                        ( - 5.309e+02 1 0))
s>                    ( - 3.796e+02 1 0)))))INFO: dtree.c(1478): Final simple tree
|( QUESTION8 1 9.001e+03 5.354e+02 4.149e+02
|    ( - 2.948e+03 3 0)
|    ( QUESTION0_14_R 1 5.518e+03 4.460e+02 2.692e+02
|        ( QUESTION6 1 1.029e+03 1.198e+02 5.900e+01
|            ( QUESTION0_15_R 1 5.295e+02 9.260e+01 3.513e+01
|                ( - 2.508e+02 1 0)
|                ( - 1.860e+02 1 0))
|            ( - 3.794e+02 1 0))
|        ( SILENCE 1 4.043e+03 2.527e+02 2.102e+02
|            ( - 2.502e+03 2 0)
|            ( QUESTION1 -1 1.289e+03 1.470e+02 6.763e+01
|                ( QUESTION0_8_R 1 8.329e+02 1.275e+02 4.794e+01
|                    ( - 5.151e+02 2 0 QUESTION7 1 7.569e+01 3.462e+01)
|                    ( - 1.904e+02 1 0))
|                ( - 3.086e+02 1 0)))))
s>    ( QUESTION8 1 9.001e+03 5.354e+02 4.149e+02
s>        ( - 2.948e+03 3 0)
s>        ( QUESTION0_14_R 1 5.518e+03 4.460e+02 2.692e+02
s>            ( QUESTION6 1 1.029e+03 1.198e+02 5.900e+01
s>                ( QUESTION0_15_R 1 5.295e+02 9.260e+01 3.513e+01
s>                    ( - 2.508e+02 1 0)
s>                    ( - 1.860e+02 1 0))
s>                ( - 3.794e+02 1 0))
s>            ( SILENCE 1 4.043e+03 2.527e+02 2.102e+02
s>                ( - 2.502e+03 2 0)
s>                ( QUESTION1 -1 1.289e+03 1.470e+02 6.763e+01
s>                    ( QUESTION0_8_R 1 8.329e+02 1.275e+02 4.794e+01
s>                        ( - 5.151e+02 2 0 QUESTION7 1 7.569e+01 3.462e+01)
s>                        ( - 1.904e+02 1 0))
s>                    ( - 3.086e+02 1 0)))))INFO: dtree.c(1315): Comp split 3
INFO: dtree.c(1478): Final simple tree
|( WDBNDRY_E 0 1.493e+04 6.963e+02 7.411e+02
|    ( QUESTION0 -1 2.190e+03 1.975e+02 1.190e+02
|        ( - 1.493e+03 1 0)
|        ( - 4.990e+02 1 0))
|    ( QUESTION9 -1 1.204e+04 3.125e+02 6.221e+02
|        ( WDBNDRY_B 0 4.163e+03 3.723e+02 2.293e+02
|            ( - 1.350e+03 1 0)
|            ( - 2.441e+03 1 0))
|        ( WDBNDRY_B 0 7.564e+03 2.689e+02 3.928e+02
|            ( QUESTION2_6_L -1 5.149e+03 2.599e+02 2.763e+02
|                ( - 2.667e+03 4 0 QUESTION0 -1 1.718e+02 1.514e+02)
|                ( QUESTION16 -1 2.222e+03 2.010e+02 1.249e+02
|                    ( - 1.088e+03 1 0)
|                    ( - 9.332e+02 2 0 QUESTION0 -1 1.354e+02 5.779e+01)))
|            ( - 2.146e+03 4 0 QUESTION8 -1 1.485e+02 1.165e+02))))
s>    ( WDBNDRY_E 0 1.493e+04 6.963e+02 7.411e+02
s>        ( QUESTION0 -1 2.190e+03 1.975e+02 1.190e+02
s>            ( - 1.493e+03 1 0)
s>            ( - 4.990e+02 1 0))
s>        ( QUESTION9 -1 1.204e+04 3.125e+02 6.221e+02
s>            ( WDBNDRY_B 0 4.163e+03 3.723e+02 2.293e+02
s>                ( - 1.350e+03 1 0)
s>                ( - 2.441e+03 1 0))
s>            ( WDBNDRY_B 0 7.564e+03 2.689e+02 3.928e+02
s>                ( QUESTION2_6_L -1 5.149e+03 2.599e+02 2.763e+02
s>                    ( - 2.667e+03 4 0 QUESTION0 -1 1.718e+02 1.514e+02)
s>                    ( QUESTION16 -1 2.222e+03 2.010e+02 1.249e+02
s>                        ( - 1.088e+03 1 0)
s>                        ( - 9.332e+02 2 0 QUESTION0 -1 1.354e+02 5.779e+01)))
s>                ( - 2.146e+03 4 0 QUESTION8 -1 1.485e+02 1.165e+02))))INFO: dtree.c(1478): Final simple tree
|( QUESTION2_6_L -1 2.974e+04 4.968e+02 1.586e+03
|    ( QUESTION0 -1 1.056e+04 3.331e+02 5.814e+02
|        ( WDBNDRY_B 0 7.132e+03 2.021e+02 3.940e+02
|            ( - 2.066e+03 1 0)
|            ( QUESTION3 -1 4.863e+03 1.721e+02 2.710e+02
|                ( - 3.923e+03 1 0)
|                ( - 7.677e+02 1 0)))
|        ( - 3.092e+03 2 0 WDBNDRY_B 0 1.314e+02 1.875e+02))
|    ( QUESTION0 -1 1.869e+04 2.414e+02 1.004e+03
|        ( WDBNDRY_B 0 1.305e+04 2.353e+02 7.102e+02
|            ( - 4.602e+03 2 0)
|            ( - 8.218e+03 1 0))
|        ( WDBNDRY_B 0 5.394e+03 1.827e+02 2.942e+02
|            ( - 2.845e+03 3 0 QUESTION10 -1 1.679e+02 1.586e+02)
|            ( - 2.366e+03 1 0))))
s>    ( QUESTION2_6_L -1 2.974e+04 4.968e+02 1.586e+03
s>        ( QUESTION0 -1 1.056e+04 3.331e+02 5.814e+02
s>            ( WDBNDRY_B 0 7.132e+03 2.021e+02 3.940e+02
s>                ( - 2.066e+03 1 0)
s>                ( QUESTION3 -1 4.863e+03 1.721e+02 2.710e+02
s>                    ( - 3.923e+03 1 0)
s>                    ( - 7.677e+02 1 0)))
s>            ( - 3.092e+03 2 0 WDBNDRY_B 0 1.314e+02 1.875e+02))
s>        ( QUESTION0 -1 1.869e+04 2.414e+02 1.004e+03
s>            ( WDBNDRY_B 0 1.305e+04 2.353e+02 7.102e+02
s>                ( - 4.602e+03 2 0)
s>                ( - 8.218e+03 1 0))
s>            ( WDBNDRY_B 0 5.394e+03 1.827e+02 2.942e+02
s>                ( - 2.845e+03 3 0 QUESTION10 -1 1.679e+02 1.586e+02)
s>                ( - 2.366e+03 1 0))))INFO: dtree.c(1315): Comp split 4
INFO: dtree.c(1478): Final simple tree
|( QUESTION9 -1 1.204e+04 3.125e+02 6.221e+02
|    ( WDBNDRY_B 0 4.163e+03 3.723e+02 2.293e+02
|        ( - 1.350e+03 1 0)
|        ( - 2.441e+03 1 0))
|    ( WDBNDRY_B 0 7.564e+03 2.689e+02 3.928e+02
|        ( QUESTION2_6_L -1 5.149e+03 2.599e+02 2.763e+02
|            ( QUESTION0 -1 2.667e+03 1.718e+02 1.514e+02
|                ( - 9.123e+02 2 0 QUESTION1 1 9.485e+01 5.680e+01)
|                ( - 1.583e+03 2 0))
|            ( QUESTION16 -1 2.222e+03 2.010e+02 1.249e+02
|                ( - 1.088e+03 1 0)
|                ( - 9.332e+02 2 0 QUESTION0 -1 1.354e+02 5.779e+01)))
|        ( QUESTION8 -1 2.146e+03 1.485e+02 1.165e+02
|            ( - 5.708e+02 1 0)
|            ( - 1.427e+03 3 0 QUESTION4 -1 1.229e+02 8.187e+01))))
s>    ( QUESTION9 -1 1.204e+04 3.125e+02 6.221e+02
s>        ( WDBNDRY_B 0 4.163e+03 3.723e+02 2.293e+02
s>            ( - 1.350e+03 1 0)
s>            ( - 2.441e+03 1 0))
s>        ( WDBNDRY_B 0 7.564e+03 2.689e+02 3.928e+02
s>            ( QUESTION2_6_L -1 5.149e+03 2.599e+02 2.763e+02
s>                ( QUESTION0 -1 2.667e+03 1.718e+02 1.514e+02
s>                    ( - 9.123e+02 2 0 QUESTION1 1 9.485e+01 5.680e+01)
s>                    ( - 1.583e+03 2 0))
s>                ( QUESTION16 -1 2.222e+03 2.010e+02 1.249e+02
s>                    ( - 1.088e+03 1 0)
s>                    ( - 9.332e+02 2 0 QUESTION0 -1 1.354e+02 5.779e+01)))
s>            ( QUESTION8 -1 2.146e+03 1.485e+02 1.165e+02
s>                ( - 5.708e+02 1 0)
s>                ( - 1.427e+03 3 0 QUESTION4 -1 1.229e+02 8.187e+01))))INFO: dtree.c(1439): stop. leaf nodes are specific
INFO: dtree.c(1478): Final simple tree
|( QUESTION0 -1 2.190e+03 1.975e+02 1.190e+02
|    ( - 1.493e+03 1 0)
|    ( - 4.990e+02 1 0))
s>    ( QUESTION0 -1 2.190e+03 1.975e+02 1.190e+02
s>        ( - 1.493e+03 1 0)
s>        ( - 4.990e+02 1 0))INFO: dtree.c(1315): Comp split 5
INFO: dtree.c(1439): stop. leaf nodes are specific
INFO: dtree.c(1478): Final simple tree
|( QUESTION0_7_R 1 4.675e+03 3.803e+02 2.181e+02
|    ( QUESTION0_8_R 1 3.266e+03 1.284e+02 1.591e+02
|        ( - 2.948e+03 3 0)
|        ( - 1.904e+02 1 0))
|    ( QUESTION6 1 1.029e+03 1.198e+02 5.900e+01
|        ( QUESTION0_15_R 1 5.295e+02 9.260e+01 3.513e+01
|            ( - 2.508e+02 1 0)
|            ( - 1.860e+02 1 0))
|        ( - 3.794e+02 1 0)))
s>    ( QUESTION0_7_R 1 4.675e+03 3.803e+02 2.181e+02
s>        ( QUESTION0_8_R 1 3.266e+03 1.284e+02 1.591e+02
s>            ( - 2.948e+03 3 0)
s>            ( - 1.904e+02 1 0))
s>        ( QUESTION6 1 1.029e+03 1.198e+02 5.900e+01
s>            ( QUESTION0_15_R 1 5.295e+02 9.260e+01 3.513e+01
s>                ( - 2.508e+02 1 0)
s>                ( - 1.860e+02 1 0))
s>            ( - 3.794e+02 1 0)))INFO: dtree.c(1439): stop. leaf nodes are specific
INFO: dtree.c(1478): Final simple tree
|( SILENCE 1 3.687e+03 2.282e+02 1.968e+02
|    ( - 2.502e+03 2 0)
|    ( QUESTION1 -1 9.562e+02 1.324e+02 5.432e+01
|        ( QUESTION7 1 5.151e+02 7.569e+01 3.462e+01
|            ( - 1.971e+02 1 0)
|            ( - 2.422e+02 1 0))
|        ( - 3.086e+02 1 0)))
s>    ( SILENCE 1 3.687e+03 2.282e+02 1.968e+02
s>        ( - 2.502e+03 2 0)
s>        ( QUESTION1 -1 9.562e+02 1.324e+02 5.432e+01
s>            ( QUESTION7 1 5.151e+02 7.569e+01 3.462e+01
s>                ( - 1.971e+02 1 0)
s>                ( - 2.422e+02 1 0))
s>            ( - 3.086e+02 1 0)))INFO: dtree.c(1315): Comp split 6
INFO: dtree.c(1439): stop. leaf nodes are specific
INFO: dtree.c(1478): Final simple tree
|( QUESTION1 -1 1.962e+04 2.637e+02 1.051e+03
|    ( WDBNDRY_B 0 1.305e+04 2.353e+02 7.102e+02
|        ( - 4.602e+03 2 0)
|        ( - 8.218e+03 1 0))
|    ( WDBNDRY_B 0 6.304e+03 1.806e+02 3.404e+02
|        ( QUESTION10 -1 2.845e+03 1.679e+02 1.586e+02
|            ( - 5.883e+02 1 0)
|            ( QUESTION6 -1 2.089e+03 1.264e+02 1.213e+02
|                ( - 1.318e+03 1 0)
|                ( - 6.442e+02 1 0)))
|        ( QUESTION0 -1 3.278e+03 1.442e+02 1.818e+02
|            ( - 7.677e+02 1 0)
|            ( - 2.366e+03 1 0))))
s>    ( QUESTION1 -1 1.962e+04 2.637e+02 1.051e+03
s>        ( WDBNDRY_B 0 1.305e+04 2.353e+02 7.102e+02
s>            ( - 4.602e+03 2 0)
s>            ( - 8.218e+03 1 0))
s>        ( WDBNDRY_B 0 6.304e+03 1.806e+02 3.404e+02
s>            ( QUESTION10 -1 2.845e+03 1.679e+02 1.586e+02
s>                ( - 5.883e+02 1 0)
s>                ( QUESTION6 -1 2.089e+03 1.264e+02 1.213e+02
s>                    ( - 1.318e+03 1 0)
s>                    ( - 6.442e+02 1 0)))
s>            ( QUESTION0 -1 3.278e+03 1.442e+02 1.818e+02
s>                ( - 7.677e+02 1 0)
s>                ( - 2.366e+03 1 0))))INFO: dtree.c(1439): stop. leaf nodes are specific
INFO: dtree.c(1478): Final simple tree
|( QUESTION0 -1 9.604e+03 3.199e+02 5.353e+02
|    ( WDBNDRY_B 0 6.192e+03 2.019e+02 3.478e+02
|        ( - 2.066e+03 1 0)
|        ( - 3.923e+03 1 0))
|    ( WDBNDRY_B 0 3.092e+03 1.314e+02 1.875e+02
|        ( - 5.507e+02 1 0)
|        ( - 2.410e+03 1 0)))
s>    ( QUESTION0 -1 9.604e+03 3.199e+02 5.353e+02
s>        ( WDBNDRY_B 0 6.192e+03 2.019e+02 3.478e+02
s>            ( - 2.066e+03 1 0)
s>            ( - 3.923e+03 1 0))
s>        ( WDBNDRY_B 0 3.092e+03 1.314e+02 1.875e+02
s>            ( - 5.507e+02 1 0)
s>            ( - 2.410e+03 1 0)))INFO: dtree.c(1315): Comp split 7
INFO: dtree.c(1439): stop. leaf nodes are specific
INFO: dtree.c(1478): Final simple tree
|( QUESTION0 -1 4.137e+03 2.542e+02 2.278e+02
|    ( WDBNDRY_B 0 1.649e+03 1.682e+02 9.252e+01
|        ( - 4.917e+02 1 0)
|        ( QUESTION3 -1 9.887e+02 1.072e+02 5.889e+01
|            ( - 3.561e+02 1 0)
|            ( - 5.254e+02 1 0)))
|    ( QUESTION9 -1 2.235e+03 1.581e+02 1.352e+02
|        ( - 1.350e+03 1 0)
|        ( WDBNDRY_B 0 7.266e+02 9.602e+01 4.714e+01
|            ( - 3.061e+02 1 0)
|            ( - 3.245e+02 1 0))))
s>    ( QUESTION0 -1 4.137e+03 2.542e+02 2.278e+02
s>        ( WDBNDRY_B 0 1.649e+03 1.682e+02 9.252e+01
s>            ( - 4.917e+02 1 0)
s>            ( QUESTION3 -1 9.887e+02 1.072e+02 5.889e+01
s>                ( - 3.561e+02 1 0)
s>                ( - 5.254e+02 1 0)))
s>        ( QUESTION9 -1 2.235e+03 1.581e+02 1.352e+02
s>            ( - 1.350e+03 1 0)
s>            ( WDBNDRY_B 0 7.266e+02 9.602e+01 4.714e+01
s>                ( - 3.061e+02 1 0)
s>                ( - 3.245e+02 1 0))))INFO: dtree.c(1439): stop. leaf nodes are specific
INFO: dtree.c(1478): Final simple tree
|( QUESTION2_0_L -1 7.423e+03 2.846e+02 3.944e+02
|    ( WDBNDRY_B 0 5.326e+03 2.185e+02 2.927e+02
|        ( QUESTION0 -1 2.667e+03 1.718e+02 1.514e+02
|            ( QUESTION1 1 9.123e+02 9.485e+01 5.680e+01
|                ( - 3.619e+02 1 0)
|                ( - 4.556e+02 1 0))
|            ( - 1.583e+03 2 0))
|        ( - 2.441e+03 1 0))
|    ( WDBNDRY_B 0 1.812e+03 1.534e+02 1.017e+02
|        ( - 1.088e+03 1 0)
|        ( - 5.708e+02 1 0)))
s>    ( QUESTION2_0_L -1 7.423e+03 2.846e+02 3.944e+02
s>        ( WDBNDRY_B 0 5.326e+03 2.185e+02 2.927e+02
s>            ( QUESTION0 -1 2.667e+03 1.718e+02 1.514e+02
s>                ( QUESTION1 1 9.123e+02 9.485e+01 5.680e+01
s>                    ( - 3.619e+02 1 0)
s>                    ( - 4.556e+02 1 0))
s>                ( - 1.583e+03 2 0))
s>            ( - 2.441e+03 1 0))
s>        ( WDBNDRY_B 0 1.812e+03 1.534e+02 1.017e+02
s>            ( - 1.088e+03 1 0)
s>            ( - 5.708e+02 1 0)))INFO: dtree.c(1315): Comp split 8
INFO: dtree.c(1439): stop. leaf nodes are specific
INFO: dtree.c(1478): Final simple tree
|( QUESTION0 -1 6.353e+03 1.147e+02 3.720e+02
|    ( - 5.309e+02 1 0)
|    ( - 5.707e+03 1 0))
s>    ( QUESTION0 -1 6.353e+03 1.147e+02 3.720e+02
s>        ( - 5.309e+02 1 0)
s>        ( - 5.707e+03 1 0))INFO: dtree.c(1439): stop. leaf nodes are specific
INFO: dtree.c(1478): Final simple tree
|( QUESTION2_6_L -1 5.173e+03 2.878e+02 3.026e+02
|    ( WDBNDRY_B 0 2.461e+03 1.293e+02 1.587e+02
|        ( QUESTION0 -1 1.484e+03 1.037e+02 9.546e+01
|            ( - 4.430e+02 1 0)
|            ( - 9.374e+02 1 0))
|        ( - 8.474e+02 1 0))
|    ( WDBNDRY_B 0 2.425e+03 1.600e+02 1.439e+02
|        ( QUESTION0 -1 1.069e+03 1.291e+02 6.630e+01
|            ( - 5.608e+02 1 0)
|            ( - 3.796e+02 1 0))
|        ( - 1.195e+03 1 0)))
s>    ( QUESTION2_6_L -1 5.173e+03 2.878e+02 3.026e+02
s>        ( WDBNDRY_B 0 2.461e+03 1.293e+02 1.587e+02
s>            ( QUESTION0 -1 1.484e+03 1.037e+02 9.546e+01
s>                ( - 4.430e+02 1 0)
s>                ( - 9.374e+02 1 0))
s>            ( - 8.474e+02 1 0))
s>        ( WDBNDRY_B 0 2.425e+03 1.600e+02 1.439e+02
s>            ( QUESTION0 -1 1.069e+03 1.291e+02 6.630e+01
s>                ( - 5.608e+02 1 0)
s>                ( - 3.796e+02 1 0))
s>            ( - 1.195e+03 1 0)))INFO: dtree.c(1315): Comp split 9
INFO: dtree.c(1439): stop. leaf nodes are specific
INFO: dtree.c(1478): Final simple tree
|( QUESTION6 1 1.029e+03 1.198e+02 5.900e+01
|    ( QUESTION0_15_R 1 5.295e+02 9.260e+01 3.513e+01
|        ( - 2.508e+02 1 0)
|        ( - 1.860e+02 1 0))
|    ( - 3.794e+02 1 0))
s>    ( QUESTION6 1 1.029e+03 1.198e+02 5.900e+01
s>        ( QUESTION0_15_R 1 5.295e+02 9.260e+01 3.513e+01
s>            ( - 2.508e+02 1 0)
s>            ( - 1.860e+02 1 0))
s>        ( - 3.794e+02 1 0))INFO: dtree.c(1439): stop. leaf nodes are specific
INFO: dtree.c(1478): Final simple tree
|( QUESTION0_8_R 1 3.266e+03 1.284e+02 1.591e+02
|    ( - 2.948e+03 3 0)
|    ( - 1.904e+02 1 0))
s>    ( QUESTION0_8_R 1 3.266e+03 1.284e+02 1.591e+02
s>        ( - 2.948e+03 3 0)
s>        ( - 1.904e+02 1 0))INFO: dtree.c(1315): Comp split 10
INFO: dtree.c(1439): stop. leaf nodes are specific
INFO: dtree.c(1478): Final simple tree
|( WDBNDRY_B 0 3.092e+03 1.314e+02 1.875e+02
|    ( - 5.507e+02 1 0)
|    ( - 2.410e+03 1 0))
s>    ( WDBNDRY_B 0 3.092e+03 1.314e+02 1.875e+02
s>        ( - 5.507e+02 1 0)
s>        ( - 2.410e+03 1 0))INFO: dtree.c(1439): stop. leaf nodes are specific
INFO: dtree.c(1478): Final simple tree
|( WDBNDRY_B 0 6.192e+03 2.019e+02 3.478e+02
|    ( - 2.066e+03 1 0)
|    ( - 3.923e+03 1 0))
s>    ( WDBNDRY_B 0 6.192e+03 2.019e+02 3.478e+02
s>        ( - 2.066e+03 1 0)
s>        ( - 3.923e+03 1 0))INFO: dtree.c(1315): Comp split 11
INFO: dtree.c(1439): stop. leaf nodes are specific
INFO: dtree.c(1478): Final simple tree
|( QUESTION2_6_L -1 6.756e+03 2.040e+02 3.951e+02
|    ( WDBNDRY_B 0 4.038e+03 1.451e+02 2.493e+02
|        ( QUESTION6 -1 1.526e+03 8.544e+01 9.742e+01
|            ( - 4.998e+02 1 0)
|            ( - 9.404e+02 1 0))
|        ( - 2.367e+03 1 0))
|    ( WDBNDRY_E 0 2.514e+03 1.511e+02 1.458e+02
|        ( - 5.104e+02 1 0)
|        ( QUESTION6 -1 1.853e+03 1.191e+02 1.134e+02
|            ( - 6.904e+02 1 0)
|            ( WDBNDRY_B 0 1.043e+03 8.617e+01 6.858e+01
|                ( - 4.786e+02 1 0)
|                ( - 4.782e+02 1 0)))))
s>    ( QUESTION2_6_L -1 6.756e+03 2.040e+02 3.951e+02
s>        ( WDBNDRY_B 0 4.038e+03 1.451e+02 2.493e+02
s>            ( QUESTION6 -1 1.526e+03 8.544e+01 9.742e+01
s>                ( - 4.998e+02 1 0)
s>                ( - 9.404e+02 1 0))
s>            ( - 2.367e+03 1 0))
s>        ( WDBNDRY_E 0 2.514e+03 1.511e+02 1.458e+02
s>            ( - 5.104e+02 1 0)
s>            ( QUESTION6 -1 1.853e+03 1.191e+02 1.134e+02
s>                ( - 6.904e+02 1 0)
s>                ( WDBNDRY_B 0 1.043e+03 8.617e+01 6.858e+01
s>                    ( - 4.786e+02 1 0)
s>                    ( - 4.782e+02 1 0)))))INFO: dtree.c(1439): stop. leaf nodes are specific
INFO: dtree.c(1478): Final simple tree
|( QUESTION3 -1 8.697e+03 1.669e+02 5.077e+02
|    ( - 2.052e+03 1 0)
|    ( - 6.478e+03 1 0))
s>    ( QUESTION3 -1 8.697e+03 1.669e+02 5.077e+02
s>        ( - 2.052e+03 1 0)
s>        ( - 6.478e+03 1 0))INFO: dtree.c(1315): Comp split 12
INFO: dtree.c(1439): stop. leaf nodes are specific
INFO: dtree.c(1478): Final simple tree
|( WDBNDRY_B 0 2.972e+03 1.541e+02 1.881e+02
|    ( QUESTION0 -1 1.971e+03 1.195e+02 1.249e+02
|        ( - 4.430e+02 1 0)
|        ( QUESTION2_0_L -1 1.408e+03 9.141e+01 9.189e+01
|            ( - 9.374e+02 1 0)
|            ( - 3.796e+02 1 0)))
|    ( - 8.474e+02 1 0))
s>    ( WDBNDRY_B 0 2.972e+03 1.541e+02 1.881e+02
s>        ( QUESTION0 -1 1.971e+03 1.195e+02 1.249e+02
s>            ( - 4.430e+02 1 0)
s>            ( QUESTION2_0_L -1 1.408e+03 9.141e+01 9.189e+01
s>                ( - 9.374e+02 1 0)
s>                ( - 3.796e+02 1 0)))
s>        ( - 8.474e+02 1 0))INFO: dtree.c(1439): stop. leaf nodes are specific
INFO: dtree.c(1478): Final simple tree
|( WDBNDRY_B 0 1.889e+03 1.323e+02 1.145e+02
|    ( - 5.608e+02 1 0)
|    ( - 1.195e+03 1 0))
s>    ( WDBNDRY_B 0 1.889e+03 1.323e+02 1.145e+02
s>        ( - 5.608e+02 1 0)
s>        ( - 1.195e+03 1 0))INFO: dtree.c(1315): Comp split 13
INFO: dtree.c(1439): stop. leaf nodes are specific
INFO: dtree.c(1478): Final simple tree
|( QUESTION0 -1 6.878e+03 1.873e+02 3.861e+02
|    ( - 4.602e+03 2 0)
|    ( QUESTION6 -1 2.089e+03 1.264e+02 1.213e+02
|        ( - 1.318e+03 1 0)
|        ( - 6.442e+02 1 0)))
s>    ( QUESTION0 -1 6.878e+03 1.873e+02 3.861e+02
s>        ( - 4.602e+03 2 0)
s>        ( QUESTION6 -1 2.089e+03 1.264e+02 1.213e+02
s>            ( - 1.318e+03 1 0)
s>            ( - 6.442e+02 1 0)))INFO: dtree.c(1439): stop. leaf nodes are specific
INFO: dtree.c(1478): Final simple tree
|( QUESTION1 -1 1.245e+04 2.186e+02 6.645e+02
|    ( - 8.218e+03 1 0)
|    ( QUESTION14 -1 4.016e+03 1.643e+02 2.191e+02
|        ( - 2.366e+03 1 0)
|        ( WDBNDRY_B 0 1.485e+03 1.288e+02 8.344e+01
|            ( - 5.883e+02 1 0)
|            ( - 7.677e+02 1 0))))
s>    ( QUESTION1 -1 1.245e+04 2.186e+02 6.645e+02
s>        ( - 8.218e+03 1 0)
s>        ( QUESTION14 -1 4.016e+03 1.643e+02 2.191e+02
s>            ( - 2.366e+03 1 0)
s>            ( WDBNDRY_B 0 1.485e+03 1.288e+02 8.344e+01
s>                ( - 5.883e+02 1 0)
s>                ( - 7.677e+02 1 0))))INFO: dtree.c(1315): Comp split 14
INFO: dtree.c(1439): stop. leaf nodes are specific
INFO: dtree.c(1478): Final simple tree
|( WDBNDRY_B 0 5.326e+03 2.185e+02 2.927e+02
|    ( QUESTION0 -1 2.667e+03 1.718e+02 1.514e+02
|        ( QUESTION1 1 9.123e+02 9.485e+01 5.680e+01
|            ( - 3.619e+02 1 0)
|            ( - 4.556e+02 1 0))
|        ( - 1.583e+03 2 0))
|    ( - 2.441e+03 1 0))
s>    ( WDBNDRY_B 0 5.326e+03 2.185e+02 2.927e+02
s>        ( QUESTION0 -1 2.667e+03 1.718e+02 1.514e+02
s>            ( QUESTION1 1 9.123e+02 9.485e+01 5.680e+01
s>                ( - 3.619e+02 1 0)
s>                ( - 4.556e+02 1 0))
s>            ( - 1.583e+03 2 0))
s>        ( - 2.441e+03 1 0))INFO: dtree.c(1439): stop. leaf nodes are specific
INFO: dtree.c(1478): Final simple tree
|( WDBNDRY_B 0 1.812e+03 1.534e+02 1.017e+02
|    ( - 1.088e+03 1 0)
|    ( - 5.708e+02 1 0))
s>    ( WDBNDRY_B 0 1.812e+03 1.534e+02 1.017e+02
s>        ( - 1.088e+03 1 0)
s>        ( - 5.708e+02 1 0))INFO: dtree.c(1315): Comp split 15
INFO: dtree.c(1439): stop. leaf nodes are specific
INFO: dtree.c(1478): Final simple tree
|( WDBNDRY_B 0 2.101e+03 1.822e+02 1.155e+02
|    ( - 4.917e+02 1 0)
|    ( QUESTION4 -1 1.427e+03 1.229e+02 8.187e+01
|        ( - 5.254e+02 1 0)
|        ( QUESTION0 -1 7.788e+02 9.815e+01 4.697e+01
|            ( - 3.561e+02 1 0)
|            ( - 3.245e+02 1 0))))
s>    ( WDBNDRY_B 0 2.101e+03 1.822e+02 1.155e+02
s>        ( - 4.917e+02 1 0)
s>        ( QUESTION4 -1 1.427e+03 1.229e+02 8.187e+01
s>            ( - 5.254e+02 1 0)
s>            ( QUESTION0 -1 7.788e+02 9.815e+01 4.697e+01
s>                ( - 3.561e+02 1 0)
s>                ( - 3.245e+02 1 0))))INFO: dtree.c(1439): stop. leaf nodes are specific
INFO: dtree.c(1478): Final simple tree
|( QUESTION6 -1 1.775e+03 1.186e+02 1.123e+02
|    ( - 1.350e+03 1 0)
|    ( - 3.061e+02 1 0))
s>    ( QUESTION6 -1 1.775e+03 1.186e+02 1.123e+02
s>        ( - 1.350e+03 1 0)
s>        ( - 3.061e+02 1 0))INFO: dtree.c(1315): Comp split 16
INFO: dtree.c(1439): stop. leaf nodes are specific
INFO: dtree.c(1478): Final simple tree
|( QUESTION1 -1 9.562e+02 1.324e+02 5.432e+01
|    ( QUESTION7 1 5.151e+02 7.569e+01 3.462e+01
|        ( - 1.971e+02 1 0)
|        ( - 2.422e+02 1 0))
|    ( - 3.086e+02 1 0))
s>    ( QUESTION1 -1 9.562e+02 1.324e+02 5.432e+01
s>        ( QUESTION7 1 5.151e+02 7.569e+01 3.462e+01
s>            ( - 1.971e+02 1 0)
s>            ( - 2.422e+02 1 0))
s>        ( - 3.086e+02 1 0))INFO: dtree.c(1315): Comp split 17
INFO: dtree.c(1439): stop. leaf nodes are specific
INFO: dtree.c(1478): Final simple tree
|( WDBNDRY_B 0 5.215e+03 1.530e+02 3.178e+02
|    ( QUESTION15 -1 2.090e+03 9.550e+01 1.313e+02
|        ( - 9.404e+02 1 0)
|        ( QUESTION0 -1 1.054e+03 7.571e+01 6.806e+01
|            ( - 4.786e+02 1 0)
|            ( - 4.998e+02 1 0)))
|    ( QUESTION16 -1 2.972e+03 1.267e+02 1.865e+02
|        ( - 4.782e+02 1 0)
|        ( - 2.367e+03 1 0)))
s>    ( WDBNDRY_B 0 5.215e+03 1.530e+02 3.178e+02
s>        ( QUESTION15 -1 2.090e+03 9.550e+01 1.313e+02
s>            ( - 9.404e+02 1 0)
s>            ( QUESTION0 -1 1.054e+03 7.571e+01 6.806e+01
s>                ( - 4.786e+02 1 0)
s>                ( - 4.998e+02 1 0)))
s>        ( QUESTION16 -1 2.972e+03 1.267e+02 1.865e+02
s>            ( - 4.782e+02 1 0)
s>            ( - 2.367e+03 1 0)))INFO: dtree.c(1439): stop. leaf nodes are specific
INFO: dtree.c(1478): Final simple tree
|( WDBNDRY_B 0 1.319e+03 1.178e+02 7.724e+01
|    ( - 6.904e+02 1 0)
|    ( - 5.104e+02 1 0))
s>    ( WDBNDRY_B 0 1.319e+03 1.178e+02 7.724e+01
s>        ( - 6.904e+02 1 0)
s>        ( - 5.104e+02 1 0))INFO: dtree.c(1315): Comp split 18
INFO: dtree.c(1439): stop. leaf nodes are specific
INFO: dtree.c(1478): Final simple tree
|( QUESTION14 -1 4.016e+03 1.643e+02 2.191e+02
|    ( - 2.366e+03 1 0)
|    ( WDBNDRY_B 0 1.485e+03 1.288e+02 8.344e+01
|        ( - 5.883e+02 1 0)
|        ( - 7.677e+02 1 0)))
s>    ( QUESTION14 -1 4.016e+03 1.643e+02 2.191e+02
s>        ( - 2.366e+03 1 0)
s>        ( WDBNDRY_B 0 1.485e+03 1.288e+02 8.344e+01
s>            ( - 5.883e+02 1 0)
s>            ( - 7.677e+02 1 0)))INFO: dtree.c(1315): Comp split 19
INFO: dtree.c(1439): stop. leaf nodes are specific
INFO: dtree.c(1478): Final simple tree
|( QUESTION0 -1 2.667e+03 1.718e+02 1.514e+02
|    ( QUESTION1 1 9.123e+02 9.485e+01 5.680e+01
|        ( - 3.619e+02 1 0)
|        ( - 4.556e+02 1 0))
|    ( - 1.583e+03 2 0))
s>    ( QUESTION0 -1 2.667e+03 1.718e+02 1.514e+02
s>        ( QUESTION1 1 9.123e+02 9.485e+01 5.680e+01
s>            ( - 3.619e+02 1 0)
s>            ( - 4.556e+02 1 0))
s>        ( - 1.583e+03 2 0))INFO: dtree.c(1315): Comp split 20
INFO: dtree.c(1315): Comp split 21
INFO: dtree.c(1315): Comp split 22
INFO: dtree.c(1439): stop. leaf nodes are specific
INFO: dtree.c(1478): Final simple tree
|( QUESTION6 -1 2.089e+03 1.264e+02 1.213e+02
|    ( - 1.318e+03 1 0)
|    ( - 6.442e+02 1 0))
s>    ( QUESTION6 -1 2.089e+03 1.264e+02 1.213e+02
s>        ( - 1.318e+03 1 0)
s>        ( - 6.442e+02 1 0))INFO: dtree.c(1315): Comp split 23
INFO: dtree.c(1439): stop. leaf nodes are specific
INFO: dtree.c(1478): Final simple tree
|( QUESTION4 -1 1.427e+03 1.229e+02 8.187e+01
|    ( - 5.254e+02 1 0)
|    ( QUESTION0 -1 7.788e+02 9.815e+01 4.697e+01
|        ( - 3.561e+02 1 0)
|        ( - 3.245e+02 1 0)))
s>    ( QUESTION4 -1 1.427e+03 1.229e+02 8.187e+01
s>        ( - 5.254e+02 1 0)
s>        ( QUESTION0 -1 7.788e+02 9.815e+01 4.697e+01
s>            ( - 3.561e+02 1 0)
s>            ( - 3.245e+02 1 0)))INFO: dtree.c(1315): Comp split 24
INFO: dtree.c(1439): stop. leaf nodes are specific
INFO: dtree.c(1478): Final simple tree
|( QUESTION2_0_L -1 1.408e+03 9.141e+01 9.189e+01
|    ( - 9.374e+02 1 0)
|    ( - 3.796e+02 1 0))
s>    ( QUESTION2_0_L -1 1.408e+03 9.141e+01 9.189e+01
s>        ( - 9.374e+02 1 0)
s>        ( - 3.796e+02 1 0))INFO: dtree.c(1439): stop. leaf nodes are specific
INFO: dtree.c(1478): Final simple tree
|( WDBNDRY_B 0 1.390e+03 9.966e+01 9.623e+01
|    ( - 4.430e+02 1 0)
|    ( - 8.474e+02 1 0))
s>    ( WDBNDRY_B 0 1.390e+03 9.966e+01 9.623e+01
s>        ( - 4.430e+02 1 0)
s>        ( - 8.474e+02 1 0))INFO: dtree.c(1315): Comp split 25
INFO: dtree.c(1439): stop. leaf nodes are specific
INFO: dtree.c(1478): Final simple tree
|( QUESTION1 1 9.123e+02 9.485e+01 5.680e+01
|    ( - 3.619e+02 1 0)
|    ( - 4.556e+02 1 0))
s>    ( QUESTION1 1 9.123e+02 9.485e+01 5.680e+01
s>        ( - 3.619e+02 1 0)
s>        ( - 4.556e+02 1 0))INFO: dtree.c(1315): Comp split 26
INFO: dtree.c(1315): Comp split 27
INFO: dtree.c(1439): stop. leaf nodes are specific
INFO: dtree.c(1478): Final simple tree
|( WDBNDRY_B 0 1.485e+03 1.288e+02 8.344e+01
|    ( - 5.883e+02 1 0)
|    ( - 7.677e+02 1 0))
s>    ( WDBNDRY_B 0 1.485e+03 1.288e+02 8.344e+01
s>        ( - 5.883e+02 1 0)
s>        ( - 7.677e+02 1 0))INFO: dtree.c(1315): Comp split 28
INFO: dtree.c(1439): stop. leaf nodes are specific
INFO: dtree.c(1478): Final simple tree
|( WDBNDRY_B 0 2.934e+03 8.804e+01 1.857e+02
|    ( - 4.786e+02 1 0)
|    ( - 2.367e+03 1 0))
s>    ( WDBNDRY_B 0 2.934e+03 8.804e+01 1.857e+02
s>        ( - 4.786e+02 1 0)
s>        ( - 2.367e+03 1 0))INFO: dtree.c(1439): stop. leaf nodes are specific
INFO: dtree.c(1478): Final simple tree
|( WDBNDRY_B 0 2.125e+03 1.208e+02 1.321e+02
|    ( QUESTION6 -1 1.526e+03 8.544e+01 9.742e+01
|        ( - 4.998e+02 1 0)
|        ( - 9.404e+02 1 0))
|    ( - 4.782e+02 1 0))
s>    ( WDBNDRY_B 0 2.125e+03 1.208e+02 1.321e+02
s>        ( QUESTION6 -1 1.526e+03 8.544e+01 9.742e+01
s>            ( - 4.998e+02 1 0)
s>            ( - 9.404e+02 1 0))
s>        ( - 4.782e+02 1 0))INFO: dtree.c(1315): Comp split 29
INFO: dtree.c(1315): Comp split 30
INFO: dtree.c(1439): stop. leaf nodes are specific
INFO: dtree.c(1478): Final simple tree
|( QUESTION7 1 5.151e+02 7.569e+01 3.462e+01
|    ( - 1.971e+02 1 0)
|    ( - 2.422e+02 1 0))
s>    ( QUESTION7 1 5.151e+02 7.569e+01 3.462e+01
s>        ( - 1.971e+02 1 0)
s>        ( - 2.422e+02 1 0))INFO: dtree.c(1315): Comp split 31
INFO: dtree.c(1315): Comp split 32
INFO: dtree.c(1315): Comp split 33
INFO: dtree.c(1315): Comp split 34
INFO: dtree.c(1315): Comp split 35
INFO: dtree.c(1315): Comp split 36
INFO: dtree.c(1439): stop. leaf nodes are specific
INFO: dtree.c(1478): Final simple tree
|( QUESTION0 -1 7.788e+02 9.815e+01 4.697e+01
|    ( - 3.561e+02 1 0)
|    ( - 3.245e+02 1 0))
s>    ( QUESTION0 -1 7.788e+02 9.815e+01 4.697e+01
s>        ( - 3.561e+02 1 0)
s>        ( - 3.245e+02 1 0))INFO: dtree.c(1315): Comp split 37
INFO: dtree.c(1439): stop. leaf nodes are specific
INFO: dtree.c(1478): Final simple tree
|( QUESTION6 -1 1.526e+03 8.544e+01 9.742e+01
|    ( - 4.998e+02 1 0)
|    ( - 9.404e+02 1 0))
s>    ( QUESTION6 -1 1.526e+03 8.544e+01 9.742e+01
s>        ( - 4.998e+02 1 0)
s>        ( - 9.404e+02 1 0))INFO: dtree.c(1315): Comp split 38
INFO: dtree.c(1439): stop. leaf nodes are specific
INFO: dtree.c(1478): Final simple tree
|( QUESTION0_15_R 1 5.295e+02 9.260e+01 3.513e+01
|    ( - 2.508e+02 1 0)
|    ( - 1.860e+02 1 0))
s>    ( QUESTION0_15_R 1 5.295e+02 9.260e+01 3.513e+01
s>        ( - 2.508e+02 1 0)
s>        ( - 1.860e+02 1 0))INFO: dtree.c(1315): Comp split 39
INFO: dtree.c(1315): Comp split 40
INFO: dtree.c(1315): Comp split 41
INFO: dtree.c(1315): Comp split 42
INFO: dtree.c(1315): Comp split 43
INFO: dtree.c(1315): Comp split 44
INFO: dtree.c(1315): Comp split 45
INFO: dtree.c(1315): Comp split 46
INFO: dtree.c(1315): Comp split 47
INFO: dtree.c(1315): Comp split 48
INFO: dtree.c(1315): Comp split 49
INFO: dtree.c(1315): Comp split 50
INFO: dtree.c(1318): stop. leaf nodes are specific
Fri Dec  3 07:39:20 2021
