Current configuration:
[NAME]		[DEFLT]	[VALUE]
-allphones	no	no
-cntthresh	0.00001	1.000000e-05
-csplitmax	100	2000
-csplitmin	1	1
-csplitthr	8e-4	0.000000e+00
-example	no	no
-fullvar	no	no
-help		no	no
-meanfn			
-mixwfn			/home/azhar/Tubes_Speech/commandreminder/model_parameters/commandreminder.cd_ptm_untied/mixture_weights
-moddeffn		/home/azhar/Tubes_Speech/commandreminder/model_architecture/commandreminder.untied.mdef
-mwfloor	1e-4	1.000000e-08
-phone			I
-psetfn			/home/azhar/Tubes_Speech/commandreminder/model_architecture/commandreminder.tree_questions
-ssplitmax	5	7
-ssplitmin	1	1
-ssplitthr	8e-4	0.000000e+00
-state			2
-stwt			1.0,0.05,0.0,
-treefn			/home/azhar/Tubes_Speech/commandreminder/trees/commandreminder.unpruned/I-2.dtree
-ts2cbfn	.semi.	.semi.
-varfloor	0.00001	1.000000e-05
-varfn			

INFO: main.c(223): Reading: /home/azhar/Tubes_Speech/commandreminder/model_architecture/commandreminder.untied.mdef
INFO: model_def_io.c(573): Model definition info:
INFO: model_def_io.c(574): 1061 total models defined (31 base, 1030 tri)
INFO: model_def_io.c(575): 4244 total states
INFO: model_def_io.c(576): 3183 total tied states
INFO: model_def_io.c(577): 93 total tied CI states
INFO: model_def_io.c(578): 31 total tied transition matrices
INFO: model_def_io.c(579): 4 max state/model
INFO: model_def_io.c(580): 4 min state/model
INFO: main.c(242): Building trees for [I A N i] through [I Z A i]
INFO: main.c(269): Covering states |[1191 1550]| == 360
INFO: main.c(275): Reading: /home/azhar/Tubes_Speech/commandreminder/model_parameters/commandreminder.cd_ptm_untied/mixture_weights
INFO: s3mixw_io.c(173): Read /home/azhar/Tubes_Speech/commandreminder/model_parameters/commandreminder.cd_ptm_untied/mixture_weights [360x4x64 array]
INFO: main.c(311): 120 of 120 models have observation count greater than 0.000010
INFO: main.c(95): nrm stwt: 0.000 0.048 0.952 
INFO: main.c(411): 120-class entropy: 2.451741e+05
INFO: main.c(549): Reading: /home/azhar/Tubes_Speech/commandreminder/model_architecture/commandreminder.tree_questions
INFO: main.c(588): 174 total simple questions (166 phone; 8 word bndry)
INFO: main.c(590): 40 Left Only questions, and 42 Right Only questions
INFO: dtree.c(1478): Final simple tree
|( SILENCE 1 3.188e+05 1.282e+04 1.424e+04
|    ( - 6.363e+04 5 0 QUESTION6 -1 1.157e+03 3.417e+03)
|    ( QUESTION0_7_R 1 2.424e+05 8.531e+03 1.082e+04
|        ( QUESTION15 1 1.024e+05 5.547e+03 4.845e+03
|            ( - 2.323e+04 7 0 QUESTION14 -1 5.285e+02 1.322e+03)
|            ( - 7.365e+04 41 0 QUESTION0_8_R 1 1.463e+03 3.523e+03))
|        ( QUESTION0_2_R 1 1.314e+05 4.673e+03 5.976e+03
|            ( QUESTION19 -1 2.134e+04 1.540e+03 1.113e+03
|                ( - 1.349e+04 2 0 QUESTION0_3_R 1 3.345e+02 7.134e+02)
|                ( - 6.317e+03 7 0 WDBNDRY_E 0 3.912e+02 3.994e+02))
|            ( QUESTION0_18_R 1 1.054e+05 2.890e+03 4.863e+03
|                ( - 2.271e+04 16 0 QUESTION11 -1 8.273e+02 1.103e+03)
|                ( QUESTION15 1 7.981e+04 1.972e+03 3.760e+03
|                    ( - 5.359e+04 27 0 QUESTION0_15_R 1 1.265e+03 2.604e+03)
|                    ( - 2.425e+04 15 0 QUESTION0_0_R 1 8.818e+02 1.156e+03))))))
s>    ( SILENCE 1 3.188e+05 1.282e+04 1.424e+04
s>        ( - 6.363e+04 5 0 QUESTION6 -1 1.157e+03 3.417e+03)
s>        ( QUESTION0_7_R 1 2.424e+05 8.531e+03 1.082e+04
s>            ( QUESTION15 1 1.024e+05 5.547e+03 4.845e+03
s>                ( - 2.323e+04 7 0 QUESTION14 -1 5.285e+02 1.322e+03)
s>                ( - 7.365e+04 41 0 QUESTION0_8_R 1 1.463e+03 3.523e+03))
s>            ( QUESTION0_2_R 1 1.314e+05 4.673e+03 5.976e+03
s>                ( QUESTION19 -1 2.134e+04 1.540e+03 1.113e+03
s>                    ( - 1.349e+04 2 0 QUESTION0_3_R 1 3.345e+02 7.134e+02)
s>                    ( - 6.317e+03 7 0 WDBNDRY_E 0 3.912e+02 3.994e+02))
s>                ( QUESTION0_18_R 1 1.054e+05 2.890e+03 4.863e+03
s>                    ( - 2.271e+04 16 0 QUESTION11 -1 8.273e+02 1.103e+03)
s>                    ( QUESTION15 1 7.981e+04 1.972e+03 3.760e+03
s>                        ( - 5.359e+04 27 0 QUESTION0_15_R 1 1.265e+03 2.604e+03)
s>                        ( - 2.425e+04 15 0 QUESTION0_0_R 1 8.818e+02 1.156e+03))))))INFO: dtree.c(1315): Comp split 0
INFO: dtree.c(1478): Final simple tree
|( QUESTION0_7_R 1 2.424e+05 8.531e+03 1.082e+04
|    ( QUESTION15 1 1.024e+05 5.547e+03 4.845e+03
|        ( - 2.323e+04 7 0 QUESTION14 -1 5.285e+02 1.322e+03)
|        ( QUESTION0_8_R 1 7.365e+04 1.463e+03 3.523e+03
|            ( - 6.564e+04 37 0 QUESTION8 1 8.294e+02 3.207e+03)
|            ( - 6.550e+03 4 0 QUESTION10 -1 5.150e+02 3.159e+02)))
|    ( QUESTION0_2_R 1 1.314e+05 4.673e+03 5.976e+03
|        ( QUESTION19 -1 2.134e+04 1.540e+03 1.113e+03
|            ( - 1.349e+04 2 0 QUESTION0_3_R 1 3.345e+02 7.134e+02)
|            ( - 6.317e+03 7 0 WDBNDRY_E 0 3.912e+02 3.994e+02))
|        ( QUESTION0_18_R 1 1.054e+05 2.890e+03 4.863e+03
|            ( - 2.271e+04 16 0 QUESTION11 -1 8.273e+02 1.103e+03)
|            ( QUESTION15 1 7.981e+04 1.972e+03 3.760e+03
|                ( - 5.359e+04 27 0 QUESTION0_15_R 1 1.265e+03 2.604e+03)
|                ( - 2.425e+04 15 0 QUESTION0_0_R 1 8.818e+02 1.156e+03)))))
s>    ( QUESTION0_7_R 1 2.424e+05 8.531e+03 1.082e+04
s>        ( QUESTION15 1 1.024e+05 5.547e+03 4.845e+03
s>            ( - 2.323e+04 7 0 QUESTION14 -1 5.285e+02 1.322e+03)
s>            ( QUESTION0_8_R 1 7.365e+04 1.463e+03 3.523e+03
s>                ( - 6.564e+04 37 0 QUESTION8 1 8.294e+02 3.207e+03)
s>                ( - 6.550e+03 4 0 QUESTION10 -1 5.150e+02 3.159e+02)))
s>        ( QUESTION0_2_R 1 1.314e+05 4.673e+03 5.976e+03
s>            ( QUESTION19 -1 2.134e+04 1.540e+03 1.113e+03
s>                ( - 1.349e+04 2 0 QUESTION0_3_R 1 3.345e+02 7.134e+02)
s>                ( - 6.317e+03 7 0 WDBNDRY_E 0 3.912e+02 3.994e+02))
s>            ( QUESTION0_18_R 1 1.054e+05 2.890e+03 4.863e+03
s>                ( - 2.271e+04 16 0 QUESTION11 -1 8.273e+02 1.103e+03)
s>                ( QUESTION15 1 7.981e+04 1.972e+03 3.760e+03
s>                    ( - 5.359e+04 27 0 QUESTION0_15_R 1 1.265e+03 2.604e+03)
s>                    ( - 2.425e+04 15 0 QUESTION0_0_R 1 8.818e+02 1.156e+03)))))INFO: dtree.c(1439): stop. leaf nodes are specific
INFO: dtree.c(1478): Final simple tree
|( QUESTION6 -1 6.363e+04 1.157e+03 3.417e+03
|    ( QUESTION2_1_L -1 3.593e+04 3.849e+02 1.908e+03
|        ( - 2.023e+04 1 0)
|        ( QUESTION10 -1 1.532e+04 3.377e+02 8.170e+02
|            ( QUESTION11 -1 1.244e+04 2.755e+02 6.642e+02
|                ( - 5.092e+03 1 0)
|                ( - 7.068e+03 1 0))
|            ( - 2.543e+03 1 0)))
|    ( - 2.654e+04 1 0))
s>    ( QUESTION6 -1 6.363e+04 1.157e+03 3.417e+03
s>        ( QUESTION2_1_L -1 3.593e+04 3.849e+02 1.908e+03
s>            ( - 2.023e+04 1 0)
s>            ( QUESTION10 -1 1.532e+04 3.377e+02 8.170e+02
s>                ( QUESTION11 -1 1.244e+04 2.755e+02 6.642e+02
s>                    ( - 5.092e+03 1 0)
s>                    ( - 7.068e+03 1 0))
s>                ( - 2.543e+03 1 0)))
s>        ( - 2.654e+04 1 0))INFO: dtree.c(1315): Comp split 1
INFO: dtree.c(1478): Final simple tree
|( QUESTION6 1 1.508e+05 5.629e+03 6.967e+03
|    ( QUESTION11 1 8.405e+04 1.348e+03 4.050e+03
|        ( - 1.964e+04 12 0 QUESTION0_16_R 1 7.285e+02 9.628e+02)
|        ( QUESTION8 1 6.306e+04 8.621e+02 3.087e+03
|            ( - 3.612e+04 19 0 QUESTION11 -1 5.636e+02 1.777e+03)
|            ( - 2.608e+04 17 0 QUESTION7 1 5.111e+02 1.309e+03)))
|    ( QUESTION0_15_R 1 6.108e+04 1.393e+03 2.917e+03
|        ( WDBNDRY_B 0 2.478e+04 8.006e+02 1.235e+03
|            ( - 7.455e+03 6 0 QUESTION2_0_L -1 2.595e+02 3.923e+02)
|            ( - 1.652e+04 9 0 QUESTION15 -1 5.168e+02 8.426e+02))
|        ( QUESTION0_0_R 1 3.491e+04 1.107e+03 1.682e+03
|            ( - 6.259e+03 4 0 QUESTION3 1 6.485e+02 3.136e+02)
|            ( QUESTION6 -1 2.755e+04 9.268e+02 1.369e+03
|                ( - 1.482e+04 7 0 QUESTION10 -1 4.010e+02 7.578e+02)
|                ( - 1.180e+04 5 0 WDBNDRY_I 0 5.435e+02 6.110e+02)))))
s>    ( QUESTION6 1 1.508e+05 5.629e+03 6.967e+03
s>        ( QUESTION11 1 8.405e+04 1.348e+03 4.050e+03
s>            ( - 1.964e+04 12 0 QUESTION0_16_R 1 7.285e+02 9.628e+02)
s>            ( QUESTION8 1 6.306e+04 8.621e+02 3.087e+03
s>                ( - 3.612e+04 19 0 QUESTION11 -1 5.636e+02 1.777e+03)
s>                ( - 2.608e+04 17 0 QUESTION7 1 5.111e+02 1.309e+03)))
s>        ( QUESTION0_15_R 1 6.108e+04 1.393e+03 2.917e+03
s>            ( WDBNDRY_B 0 2.478e+04 8.006e+02 1.235e+03
s>                ( - 7.455e+03 6 0 QUESTION2_0_L -1 2.595e+02 3.923e+02)
s>                ( - 1.652e+04 9 0 QUESTION15 -1 5.168e+02 8.426e+02))
s>            ( QUESTION0_0_R 1 3.491e+04 1.107e+03 1.682e+03
s>                ( - 6.259e+03 4 0 QUESTION3 1 6.485e+02 3.136e+02)
s>                ( QUESTION6 -1 2.755e+04 9.268e+02 1.369e+03
s>                    ( - 1.482e+04 7 0 QUESTION10 -1 4.010e+02 7.578e+02)
s>                    ( - 1.180e+04 5 0 WDBNDRY_I 0 5.435e+02 6.110e+02)))))INFO: dtree.c(1478): Final simple tree
|( QUESTION15 1 8.299e+04 5.711e+03 3.854e+03
|    ( - 2.323e+04 7 0 QUESTION14 -1 5.285e+02 1.322e+03)
|    ( QUESTION0_4_R 1 5.405e+04 2.154e+03 2.532e+03
|        ( QUESTION19 -1 2.016e+04 1.544e+03 1.063e+03
|            ( - 1.230e+04 1 0)
|            ( - 6.317e+03 7 0 WDBNDRY_E 0 3.912e+02 3.994e+02))
|        ( QUESTION0_7_R 1 3.174e+04 1.295e+03 1.469e+03
|            ( - 6.550e+03 4 0 QUESTION10 -1 5.150e+02 3.159e+02)
|            ( QUESTION11 -1 2.389e+04 8.954e+02 1.153e+03
|                ( QUESTION12 -1 9.404e+03 5.913e+02 4.927e+02
|                    ( - 1.881e+03 2 0 WDBNDRY_E 0 2.007e+02 1.189e+02)
|                    ( - 6.931e+03 1 0))
|                ( QUESTION0_20_R 1 1.359e+04 6.267e+02 6.605e+02
|                    ( - 2.166e+03 3 0 QUESTION6 -1 1.324e+02 1.281e+02)
|                    ( - 1.080e+04 11 0 WDBNDRY_E 0 4.097e+02 5.323e+02))))))
s>    ( QUESTION15 1 8.299e+04 5.711e+03 3.854e+03
s>        ( - 2.323e+04 7 0 QUESTION14 -1 5.285e+02 1.322e+03)
s>        ( QUESTION0_4_R 1 5.405e+04 2.154e+03 2.532e+03
s>            ( QUESTION19 -1 2.016e+04 1.544e+03 1.063e+03
s>                ( - 1.230e+04 1 0)
s>                ( - 6.317e+03 7 0 WDBNDRY_E 0 3.912e+02 3.994e+02))
s>            ( QUESTION0_7_R 1 3.174e+04 1.295e+03 1.469e+03
s>                ( - 6.550e+03 4 0 QUESTION10 -1 5.150e+02 3.159e+02)
s>                ( QUESTION11 -1 2.389e+04 8.954e+02 1.153e+03
s>                    ( QUESTION12 -1 9.404e+03 5.913e+02 4.927e+02
s>                        ( - 1.881e+03 2 0 WDBNDRY_E 0 2.007e+02 1.189e+02)
s>                        ( - 6.931e+03 1 0))
s>                    ( QUESTION0_20_R 1 1.359e+04 6.267e+02 6.605e+02
s>                        ( - 2.166e+03 3 0 QUESTION6 -1 1.324e+02 1.281e+02)
s>                        ( - 1.080e+04 11 0 WDBNDRY_E 0 4.097e+02 5.323e+02))))))INFO: dtree.c(1315): Comp split 2
INFO: dtree.c(1478): Final simple tree
|( QUESTION0_4_R 1 5.405e+04 2.154e+03 2.532e+03
|    ( QUESTION19 -1 2.016e+04 1.544e+03 1.063e+03
|        ( - 1.230e+04 1 0)
|        ( - 6.317e+03 7 0 WDBNDRY_E 0 3.912e+02 3.994e+02))
|    ( QUESTION0_7_R 1 3.174e+04 1.295e+03 1.469e+03
|        ( QUESTION10 -1 6.550e+03 5.150e+02 3.159e+02
|            ( - 2.254e+03 3 0 WDBNDRY_E 0 3.399e+02 1.179e+02)
|            ( - 3.782e+03 1 0))
|        ( QUESTION11 -1 2.389e+04 8.954e+02 1.153e+03
|            ( QUESTION12 -1 9.404e+03 5.913e+02 4.927e+02
|                ( - 1.881e+03 2 0 WDBNDRY_E 0 2.007e+02 1.189e+02)
|                ( - 6.931e+03 1 0))
|            ( QUESTION0_20_R 1 1.359e+04 6.267e+02 6.605e+02
|                ( - 2.166e+03 3 0 QUESTION6 -1 1.324e+02 1.281e+02)
|                ( - 1.080e+04 11 0 WDBNDRY_E 0 4.097e+02 5.323e+02)))))
s>    ( QUESTION0_4_R 1 5.405e+04 2.154e+03 2.532e+03
s>        ( QUESTION19 -1 2.016e+04 1.544e+03 1.063e+03
s>            ( - 1.230e+04 1 0)
s>            ( - 6.317e+03 7 0 WDBNDRY_E 0 3.912e+02 3.994e+02))
s>        ( QUESTION0_7_R 1 3.174e+04 1.295e+03 1.469e+03
s>            ( QUESTION10 -1 6.550e+03 5.150e+02 3.159e+02
s>                ( - 2.254e+03 3 0 WDBNDRY_E 0 3.399e+02 1.179e+02)
s>                ( - 3.782e+03 1 0))
s>            ( QUESTION11 -1 2.389e+04 8.954e+02 1.153e+03
s>                ( QUESTION12 -1 9.404e+03 5.913e+02 4.927e+02
s>                    ( - 1.881e+03 2 0 WDBNDRY_E 0 2.007e+02 1.189e+02)
s>                    ( - 6.931e+03 1 0))
s>                ( QUESTION0_20_R 1 1.359e+04 6.267e+02 6.605e+02
s>                    ( - 2.166e+03 3 0 QUESTION6 -1 1.324e+02 1.281e+02)
s>                    ( - 1.080e+04 11 0 WDBNDRY_E 0 4.097e+02 5.323e+02)))))INFO: dtree.c(1439): stop. leaf nodes are specific
INFO: dtree.c(1478): Final simple tree
|( QUESTION14 -1 2.323e+04 5.285e+02 1.322e+03
|    ( - 1.273e+04 1 0)
|    ( QUESTION2_13_L -1 9.976e+03 4.597e+02 5.550e+02
|        ( QUESTION0 -1 3.903e+03 2.626e+02 2.353e+02
|            ( - 2.842e+03 1 0)
|            ( - 7.978e+02 1 0))
|        ( QUESTION19 -1 5.613e+03 2.204e+02 3.197e+02
|            ( - 8.002e+02 1 0)
|            ( QUESTION6 -1 4.593e+03 1.935e+02 2.670e+02
|                ( WDBNDRY_E 0 1.927e+03 1.491e+02 1.143e+02
|                    ( - 1.303e+03 1 0)
|                    ( - 4.748e+02 1 0))
|                ( - 2.472e+03 1 0)))))
s>    ( QUESTION14 -1 2.323e+04 5.285e+02 1.322e+03
s>        ( - 1.273e+04 1 0)
s>        ( QUESTION2_13_L -1 9.976e+03 4.597e+02 5.550e+02
s>            ( QUESTION0 -1 3.903e+03 2.626e+02 2.353e+02
s>                ( - 2.842e+03 1 0)
s>                ( - 7.978e+02 1 0))
s>            ( QUESTION19 -1 5.613e+03 2.204e+02 3.197e+02
s>                ( - 8.002e+02 1 0)
s>                ( QUESTION6 -1 4.593e+03 1.935e+02 2.670e+02
s>                    ( WDBNDRY_E 0 1.927e+03 1.491e+02 1.143e+02
s>                        ( - 1.303e+03 1 0)
s>                        ( - 4.748e+02 1 0))
s>                    ( - 2.472e+03 1 0)))))INFO: dtree.c(1315): Comp split 3
INFO: dtree.c(1478): Final simple tree
|( QUESTION0_15_R 1 6.108e+04 1.393e+03 2.917e+03
|    ( WDBNDRY_B 0 2.478e+04 8.006e+02 1.235e+03
|        ( - 7.455e+03 6 0 QUESTION2_0_L -1 2.595e+02 3.923e+02)
|        ( QUESTION15 -1 1.652e+04 5.168e+02 8.426e+02
|            ( - 1.165e+04 3 0 QUESTION2_0_L -1 3.514e+02 6.175e+02)
|            ( - 4.360e+03 6 0 QUESTION8 -1 2.269e+02 2.250e+02)))
|    ( QUESTION0_0_R 1 3.491e+04 1.107e+03 1.682e+03
|        ( QUESTION3 1 6.259e+03 6.485e+02 3.136e+02
|            ( - 1.981e+03 2 0 QUESTION10 -1 1.965e+02 1.128e+02)
|            ( - 3.629e+03 2 0 QUESTION7 -1 2.739e+02 2.008e+02))
|        ( QUESTION6 -1 2.755e+04 9.268e+02 1.369e+03
|            ( - 1.482e+04 7 0 QUESTION10 -1 4.010e+02 7.578e+02)
|            ( WDBNDRY_I 0 1.180e+04 5.435e+02 6.110e+02
|                ( - 7.437e+03 2 0 QUESTION0 -1 2.419e+02 4.062e+02)
|                ( - 3.819e+03 3 0 WDBNDRY_B 0 3.499e+02 2.047e+02)))))
s>    ( QUESTION0_15_R 1 6.108e+04 1.393e+03 2.917e+03
s>        ( WDBNDRY_B 0 2.478e+04 8.006e+02 1.235e+03
s>            ( - 7.455e+03 6 0 QUESTION2_0_L -1 2.595e+02 3.923e+02)
s>            ( QUESTION15 -1 1.652e+04 5.168e+02 8.426e+02
s>                ( - 1.165e+04 3 0 QUESTION2_0_L -1 3.514e+02 6.175e+02)
s>                ( - 4.360e+03 6 0 QUESTION8 -1 2.269e+02 2.250e+02)))
s>        ( QUESTION0_0_R 1 3.491e+04 1.107e+03 1.682e+03
s>            ( QUESTION3 1 6.259e+03 6.485e+02 3.136e+02
s>                ( - 1.981e+03 2 0 QUESTION10 -1 1.965e+02 1.128e+02)
s>                ( - 3.629e+03 2 0 QUESTION7 -1 2.739e+02 2.008e+02))
s>            ( QUESTION6 -1 2.755e+04 9.268e+02 1.369e+03
s>                ( - 1.482e+04 7 0 QUESTION10 -1 4.010e+02 7.578e+02)
s>                ( WDBNDRY_I 0 1.180e+04 5.435e+02 6.110e+02
s>                    ( - 7.437e+03 2 0 QUESTION0 -1 2.419e+02 4.062e+02)
s>                    ( - 3.819e+03 3 0 WDBNDRY_B 0 3.499e+02 2.047e+02)))))INFO: dtree.c(1478): Final simple tree
|( QUESTION11 1 8.405e+04 1.348e+03 4.050e+03
|    ( QUESTION0_16_R 1 1.964e+04 7.285e+02 9.628e+02
|        ( - 9.664e+03 6 0 QUESTION14 -1 3.639e+02 5.010e+02)
|        ( - 9.251e+03 6 0 QUESTION0_7_R 1 2.938e+02 4.618e+02))
|    ( QUESTION8 1 6.306e+04 8.621e+02 3.087e+03
|        ( QUESTION11 -1 3.612e+04 5.636e+02 1.777e+03
|            ( - 1.201e+04 3 0 QUESTION13 -1 2.819e+02 6.187e+02)
|            ( QUESTION2_13_L -1 2.354e+04 5.697e+02 1.159e+03
|                ( - 6.471e+03 4 0 WDBNDRY_E 0 2.489e+02 3.447e+02)
|                ( WDBNDRY_E 0 1.650e+04 4.636e+02 8.138e+02
|                    ( - 9.243e+03 7 0 QUESTION14 -1 3.555e+02 4.521e+02)
|                    ( - 6.794e+03 5 0 QUESTION2_1_L -1 2.728e+02 3.617e+02))))
|        ( QUESTION7 1 2.608e+04 5.111e+02 1.309e+03
|            ( - 1.219e+04 7 0 QUESTION19 -1 3.473e+02 6.071e+02)
|            ( - 1.338e+04 10 0 QUESTION8 -1 4.029e+02 7.024e+02))))
s>    ( QUESTION11 1 8.405e+04 1.348e+03 4.050e+03
s>        ( QUESTION0_16_R 1 1.964e+04 7.285e+02 9.628e+02
s>            ( - 9.664e+03 6 0 QUESTION14 -1 3.639e+02 5.010e+02)
s>            ( - 9.251e+03 6 0 QUESTION0_7_R 1 2.938e+02 4.618e+02))
s>        ( QUESTION8 1 6.306e+04 8.621e+02 3.087e+03
s>            ( QUESTION11 -1 3.612e+04 5.636e+02 1.777e+03
s>                ( - 1.201e+04 3 0 QUESTION13 -1 2.819e+02 6.187e+02)
s>                ( QUESTION2_13_L -1 2.354e+04 5.697e+02 1.159e+03
s>                    ( - 6.471e+03 4 0 WDBNDRY_E 0 2.489e+02 3.447e+02)
s>                    ( WDBNDRY_E 0 1.650e+04 4.636e+02 8.138e+02
s>                        ( - 9.243e+03 7 0 QUESTION14 -1 3.555e+02 4.521e+02)
s>                        ( - 6.794e+03 5 0 QUESTION2_1_L -1 2.728e+02 3.617e+02))))
s>            ( QUESTION7 1 2.608e+04 5.111e+02 1.309e+03
s>                ( - 1.219e+04 7 0 QUESTION19 -1 3.473e+02 6.071e+02)
s>                ( - 1.338e+04 10 0 QUESTION8 -1 4.029e+02 7.024e+02))))INFO: dtree.c(1315): Comp split 4
INFO: dtree.c(1478): Final simple tree
|( QUESTION0_7_R 1 3.174e+04 1.295e+03 1.469e+03
|    ( QUESTION10 -1 6.550e+03 5.150e+02 3.159e+02
|        ( WDBNDRY_E 0 2.254e+03 3.399e+02 1.179e+02
|            ( - 1.325e+03 2 0 QUESTION12 -1 1.348e+02 8.087e+01)
|            ( - 5.891e+02 1 0))
|        ( - 3.782e+03 1 0))
|    ( QUESTION11 -1 2.389e+04 8.954e+02 1.153e+03
|        ( QUESTION12 -1 9.404e+03 5.913e+02 4.927e+02
|            ( - 1.881e+03 2 0 WDBNDRY_E 0 2.007e+02 1.189e+02)
|            ( - 6.931e+03 1 0))
|        ( QUESTION0_20_R 1 1.359e+04 6.267e+02 6.605e+02
|            ( - 2.166e+03 3 0 QUESTION6 -1 1.324e+02 1.281e+02)
|            ( WDBNDRY_E 0 1.080e+04 4.097e+02 5.323e+02
|                ( - 5.376e+03 4 0 QUESTION14 -1 2.948e+02 2.676e+02)
|                ( - 5.014e+03 7 0 QUESTION9 -1 2.873e+02 2.648e+02)))))
s>    ( QUESTION0_7_R 1 3.174e+04 1.295e+03 1.469e+03
s>        ( QUESTION10 -1 6.550e+03 5.150e+02 3.159e+02
s>            ( WDBNDRY_E 0 2.254e+03 3.399e+02 1.179e+02
s>                ( - 1.325e+03 2 0 QUESTION12 -1 1.348e+02 8.087e+01)
s>                ( - 5.891e+02 1 0))
s>            ( - 3.782e+03 1 0))
s>        ( QUESTION11 -1 2.389e+04 8.954e+02 1.153e+03
s>            ( QUESTION12 -1 9.404e+03 5.913e+02 4.927e+02
s>                ( - 1.881e+03 2 0 WDBNDRY_E 0 2.007e+02 1.189e+02)
s>                ( - 6.931e+03 1 0))
s>            ( QUESTION0_20_R 1 1.359e+04 6.267e+02 6.605e+02
s>                ( - 2.166e+03 3 0 QUESTION6 -1 1.324e+02 1.281e+02)
s>                ( WDBNDRY_E 0 1.080e+04 4.097e+02 5.323e+02
s>                    ( - 5.376e+03 4 0 QUESTION14 -1 2.948e+02 2.676e+02)
s>                    ( - 5.014e+03 7 0 QUESTION9 -1 2.873e+02 2.648e+02)))))INFO: dtree.c(1478): Final simple tree
|( QUESTION19 -1 2.016e+04 1.544e+03 1.063e+03
|    ( - 1.230e+04 1 0)
|    ( WDBNDRY_E 0 6.317e+03 3.912e+02 3.994e+02
|        ( QUESTION10 -1 1.052e+03 1.209e+02 6.574e+01
|            ( - 4.288e+02 1 0)
|            ( - 5.023e+02 1 0))
|        ( QUESTION6 -1 4.874e+03 1.975e+02 3.337e+02
|            ( QUESTION10 -1 3.032e+03 1.444e+02 2.210e+02
|                ( QUESTION11 -1 6.408e+02 4.967e+01 6.097e+01
|                    ( - 3.169e+02 1 0)
|                    ( - 2.742e+02 1 0))
|                ( - 2.247e+03 1 0))
|            ( QUESTION17 -1 1.644e+03 1.133e+02 1.127e+02
|                ( - 2.264e+02 1 0)
|                ( - 1.305e+03 1 0)))))
s>    ( QUESTION19 -1 2.016e+04 1.544e+03 1.063e+03
s>        ( - 1.230e+04 1 0)
s>        ( WDBNDRY_E 0 6.317e+03 3.912e+02 3.994e+02
s>            ( QUESTION10 -1 1.052e+03 1.209e+02 6.574e+01
s>                ( - 4.288e+02 1 0)
s>                ( - 5.023e+02 1 0))
s>            ( QUESTION6 -1 4.874e+03 1.975e+02 3.337e+02
s>                ( QUESTION10 -1 3.032e+03 1.444e+02 2.210e+02
s>                    ( QUESTION11 -1 6.408e+02 4.967e+01 6.097e+01
s>                        ( - 3.169e+02 1 0)
s>                        ( - 2.742e+02 1 0))
s>                    ( - 2.247e+03 1 0))
s>                ( QUESTION17 -1 1.644e+03 1.133e+02 1.127e+02
s>                    ( - 2.264e+02 1 0)
s>                    ( - 1.305e+03 1 0)))))INFO: dtree.c(1315): Comp split 5
INFO: dtree.c(1439): stop. leaf nodes are specific
INFO: dtree.c(1478): Final simple tree
|( QUESTION2_0_L -1 1.165e+04 3.514e+02 6.175e+02
|    ( - 5.953e+03 1 0)
|    ( - 5.341e+03 2 0))
s>    ( QUESTION2_0_L -1 1.165e+04 3.514e+02 6.175e+02
s>        ( - 5.953e+03 1 0)
s>        ( - 5.341e+03 2 0))INFO: dtree.c(1478): Final simple tree
|( QUESTION0_0_R 1 4.785e+04 1.163e+03 2.300e+03
|    ( QUESTION3 1 6.259e+03 6.485e+02 3.136e+02
|        ( - 1.981e+03 2 0 QUESTION10 -1 1.965e+02 1.128e+02)
|        ( - 3.629e+03 2 0 QUESTION7 -1 2.739e+02 2.008e+02))
|    ( QUESTION6 -1 4.043e+04 7.212e+02 1.986e+03
|        ( QUESTION14 -1 1.974e+04 4.140e+02 9.949e+02
|            ( - 7.736e+03 5 0 WDBNDRY_E 0 2.424e+02 4.087e+02)
|            ( - 1.159e+04 8 0 QUESTION11 -1 3.280e+02 5.861e+02))
|        ( QUESTION0_15_R 1 1.997e+04 8.610e+02 9.912e+02
|            ( - 7.306e+03 6 0 QUESTION2_0_L -1 2.623e+02 3.803e+02)
|            ( WDBNDRY_I 0 1.180e+04 5.435e+02 6.110e+02
|                ( - 7.437e+03 2 0 QUESTION0 -1 2.419e+02 4.062e+02)
|                ( WDBNDRY_B 0 3.819e+03 3.499e+02 2.047e+02
|                    ( - 3.013e+03 2 0 QUESTION1 -1 1.596e+02 1.708e+02)
|                    ( - 4.566e+02 1 0))))))
s>    ( QUESTION0_0_R 1 4.785e+04 1.163e+03 2.300e+03
s>        ( QUESTION3 1 6.259e+03 6.485e+02 3.136e+02
s>            ( - 1.981e+03 2 0 QUESTION10 -1 1.965e+02 1.128e+02)
s>            ( - 3.629e+03 2 0 QUESTION7 -1 2.739e+02 2.008e+02))
s>        ( QUESTION6 -1 4.043e+04 7.212e+02 1.986e+03
s>            ( QUESTION14 -1 1.974e+04 4.140e+02 9.949e+02
s>                ( - 7.736e+03 5 0 WDBNDRY_E 0 2.424e+02 4.087e+02)
s>                ( - 1.159e+04 8 0 QUESTION11 -1 3.280e+02 5.861e+02))
s>            ( QUESTION0_15_R 1 1.997e+04 8.610e+02 9.912e+02
s>                ( - 7.306e+03 6 0 QUESTION2_0_L -1 2.623e+02 3.803e+02)
s>                ( WDBNDRY_I 0 1.180e+04 5.435e+02 6.110e+02
s>                    ( - 7.437e+03 2 0 QUESTION0 -1 2.419e+02 4.062e+02)
s>                    ( WDBNDRY_B 0 3.819e+03 3.499e+02 2.047e+02
s>                        ( - 3.013e+03 2 0 QUESTION1 -1 1.596e+02 1.708e+02)
s>                        ( - 4.566e+02 1 0))))))INFO: dtree.c(1315): Comp split 6
INFO: dtree.c(1439): stop. leaf nodes are specific
INFO: dtree.c(1478): Final simple tree
|( WDBNDRY_E 0 6.317e+03 3.912e+02 3.994e+02
|    ( QUESTION10 -1 1.052e+03 1.209e+02 6.574e+01
|        ( - 4.288e+02 1 0)
|        ( - 5.023e+02 1 0))
|    ( QUESTION6 -1 4.874e+03 1.975e+02 3.337e+02
|        ( QUESTION10 -1 3.032e+03 1.444e+02 2.210e+02
|            ( QUESTION11 -1 6.408e+02 4.967e+01 6.097e+01
|                ( - 3.169e+02 1 0)
|                ( - 2.742e+02 1 0))
|            ( - 2.247e+03 1 0))
|        ( QUESTION17 -1 1.644e+03 1.133e+02 1.127e+02
|            ( - 2.264e+02 1 0)
|            ( - 1.305e+03 1 0))))
s>    ( WDBNDRY_E 0 6.317e+03 3.912e+02 3.994e+02
s>        ( QUESTION10 -1 1.052e+03 1.209e+02 6.574e+01
s>            ( - 4.288e+02 1 0)
s>            ( - 5.023e+02 1 0))
s>        ( QUESTION6 -1 4.874e+03 1.975e+02 3.337e+02
s>            ( QUESTION10 -1 3.032e+03 1.444e+02 2.210e+02
s>                ( QUESTION11 -1 6.408e+02 4.967e+01 6.097e+01
s>                    ( - 3.169e+02 1 0)
s>                    ( - 2.742e+02 1 0))
s>                ( - 2.247e+03 1 0))
s>            ( QUESTION17 -1 1.644e+03 1.133e+02 1.127e+02
s>                ( - 2.264e+02 1 0)
s>                ( - 1.305e+03 1 0))))INFO: dtree.c(1315): Comp split 7
INFO: dtree.c(1439): stop. leaf nodes are specific
INFO: dtree.c(1478): Final simple tree
|( WDBNDRY_E 0 1.378e+04 8.342e+02 6.898e+02
|    ( QUESTION10 -1 1.981e+03 1.965e+02 1.128e+02
|        ( - 1.193e+03 1 0)
|        ( - 5.914e+02 1 0))
|    ( WDBNDRY_B 0 1.097e+04 5.187e+02 5.771e+02
|        ( QUESTION1 -1 3.013e+03 1.596e+02 1.708e+02
|            ( - 2.580e+03 1 0)
|            ( - 2.729e+02 1 0))
|        ( QUESTION0 -1 7.437e+03 2.419e+02 4.062e+02
|            ( - 1.141e+03 1 0)
|            ( - 6.054e+03 1 0))))
s>    ( WDBNDRY_E 0 1.378e+04 8.342e+02 6.898e+02
s>        ( QUESTION10 -1 1.981e+03 1.965e+02 1.128e+02
s>            ( - 1.193e+03 1 0)
s>            ( - 5.914e+02 1 0))
s>        ( WDBNDRY_B 0 1.097e+04 5.187e+02 5.771e+02
s>            ( QUESTION1 -1 3.013e+03 1.596e+02 1.708e+02
s>                ( - 2.580e+03 1 0)
s>                ( - 2.729e+02 1 0))
s>            ( QUESTION0 -1 7.437e+03 2.419e+02 4.062e+02
s>                ( - 1.141e+03 1 0)
s>                ( - 6.054e+03 1 0))))INFO: dtree.c(1478): Final simple tree
|( QUESTION0_0_R 1 3.266e+04 8.244e+02 1.610e+03
|    ( QUESTION7 -1 3.629e+03 2.739e+02 2.008e+02
|        ( - 1.318e+03 1 0)
|        ( - 2.037e+03 1 0))
|    ( WDBNDRY_B 0 2.821e+04 5.289e+02 1.409e+03
|        ( QUESTION2_0_L -1 7.455e+03 2.595e+02 3.923e+02
|            ( - 4.146e+03 3 0 QUESTION1 -1 1.913e+02 2.201e+02)
|            ( - 3.049e+03 3 0 QUESTION6 -1 1.535e+02 1.722e+02))
|        ( QUESTION14 -1 2.022e+04 4.037e+02 1.017e+03
|            ( - 7.736e+03 5 0 WDBNDRY_E 0 2.424e+02 4.087e+02)
|            ( QUESTION11 -1 1.208e+04 3.201e+02 6.080e+02
|                ( - 6.759e+03 3 0 QUESTION0_15_R 1 1.744e+02 3.486e+02)
|                ( QUESTION6 -1 5.003e+03 2.710e+02 2.595e+02
|                    ( - 3.790e+03 4 0 QUESTION8 -1 2.291e+02 2.013e+02)
|                    ( - 9.424e+02 2 0 WDBNDRY_E 0 1.167e+02 5.816e+01))))))
s>    ( QUESTION0_0_R 1 3.266e+04 8.244e+02 1.610e+03
s>        ( QUESTION7 -1 3.629e+03 2.739e+02 2.008e+02
s>            ( - 1.318e+03 1 0)
s>            ( - 2.037e+03 1 0))
s>        ( WDBNDRY_B 0 2.821e+04 5.289e+02 1.409e+03
s>            ( QUESTION2_0_L -1 7.455e+03 2.595e+02 3.923e+02
s>                ( - 4.146e+03 3 0 QUESTION1 -1 1.913e+02 2.201e+02)
s>                ( - 3.049e+03 3 0 QUESTION6 -1 1.535e+02 1.722e+02))
s>            ( QUESTION14 -1 2.022e+04 4.037e+02 1.017e+03
s>                ( - 7.736e+03 5 0 WDBNDRY_E 0 2.424e+02 4.087e+02)
s>                ( QUESTION11 -1 1.208e+04 3.201e+02 6.080e+02
s>                    ( - 6.759e+03 3 0 QUESTION0_15_R 1 1.744e+02 3.486e+02)
s>                    ( QUESTION6 -1 5.003e+03 2.710e+02 2.595e+02
s>                        ( - 3.790e+03 4 0 QUESTION8 -1 2.291e+02 2.013e+02)
s>                        ( - 9.424e+02 2 0 WDBNDRY_E 0 1.167e+02 5.816e+01))))))INFO: dtree.c(1315): Comp split 8
INFO: dtree.c(1478): Final simple tree
|( QUESTION0_16_R 1 4.232e+04 8.901e+02 2.022e+03
|    ( QUESTION14 -1 9.664e+03 3.639e+02 5.010e+02
|        ( WDBNDRY_E 0 4.428e+03 2.947e+02 2.346e+02
|            ( - 9.821e+02 1 0)
|            ( - 3.152e+03 1 0))
|        ( - 4.872e+03 4 0 QUESTION11 -1 2.170e+02 2.664e+02))
|    ( QUESTION7 1 3.177e+04 5.585e+02 1.521e+03
|        ( QUESTION8 1 2.196e+04 5.273e+02 1.059e+03
|            ( QUESTION14 -1 9.243e+03 3.555e+02 4.521e+02
|                ( - 4.606e+03 3 0)
|                ( - 4.281e+03 4 0 QUESTION6 -1 2.571e+02 2.203e+02))
|            ( QUESTION19 -1 1.219e+04 3.473e+02 6.071e+02
|                ( - 3.909e+03 2 0 QUESTION2_0_L -1 2.111e+02 2.051e+02)
|                ( - 7.931e+03 5 0 QUESTION14 -1 2.323e+02 4.021e+02)))
|        ( - 9.251e+03 6 0 QUESTION0_7_R 1 2.938e+02 4.618e+02)))
s>    ( QUESTION0_16_R 1 4.232e+04 8.901e+02 2.022e+03
s>        ( QUESTION14 -1 9.664e+03 3.639e+02 5.010e+02
s>            ( WDBNDRY_E 0 4.428e+03 2.947e+02 2.346e+02
s>                ( - 9.821e+02 1 0)
s>                ( - 3.152e+03 1 0))
s>            ( - 4.872e+03 4 0 QUESTION11 -1 2.170e+02 2.664e+02))
s>        ( QUESTION7 1 3.177e+04 5.585e+02 1.521e+03
s>            ( QUESTION8 1 2.196e+04 5.273e+02 1.059e+03
s>                ( QUESTION14 -1 9.243e+03 3.555e+02 4.521e+02
s>                    ( - 4.606e+03 3 0)
s>                    ( - 4.281e+03 4 0 QUESTION6 -1 2.571e+02 2.203e+02))
s>                ( QUESTION19 -1 1.219e+04 3.473e+02 6.071e+02
s>                    ( - 3.909e+03 2 0 QUESTION2_0_L -1 2.111e+02 2.051e+02)
s>                    ( - 7.931e+03 5 0 QUESTION14 -1 2.323e+02 4.021e+02)))
s>            ( - 9.251e+03 6 0 QUESTION0_7_R 1 2.938e+02 4.618e+02)))INFO: dtree.c(1478): Final simple tree
|( QUESTION7 1 4.033e+04 7.151e+02 2.028e+03
|    ( QUESTION2_14_L -1 2.624e+04 5.178e+02 1.325e+03
|        ( - 6.471e+03 4 0 WDBNDRY_E 0 2.489e+02 3.447e+02)
|        ( QUESTION11 -1 1.925e+04 4.422e+02 9.805e+02
|            ( QUESTION13 -1 1.201e+04 2.819e+02 6.187e+02
|                ( - 9.023e+03 1 0)
|                ( - 2.708e+03 2 0 WDBNDRY_E 0 1.859e+02 1.468e+02))
|            ( QUESTION2_1_L -1 6.794e+03 2.728e+02 3.617e+02
|                ( - 1.588e+03 1 0)
|                ( - 4.933e+03 4 0 QUESTION6 -1 2.335e+02 2.659e+02))))
|    ( QUESTION8 -1 1.338e+04 4.029e+02 7.024e+02
|        ( - 4.219e+03 2 0 QUESTION2_10_L -1 1.894e+02 2.371e+02)
|        ( QUESTION2_0_L -1 8.759e+03 2.782e+02 4.653e+02
|            ( - 2.442e+03 3 0 WDBNDRY_E 0 1.992e+02 1.362e+02)
|            ( - 6.039e+03 5 0 WDBNDRY_E 0 2.107e+02 3.292e+02))))
s>    ( QUESTION7 1 4.033e+04 7.151e+02 2.028e+03
s>        ( QUESTION2_14_L -1 2.624e+04 5.178e+02 1.325e+03
s>            ( - 6.471e+03 4 0 WDBNDRY_E 0 2.489e+02 3.447e+02)
s>            ( QUESTION11 -1 1.925e+04 4.422e+02 9.805e+02
s>                ( QUESTION13 -1 1.201e+04 2.819e+02 6.187e+02
s>                    ( - 9.023e+03 1 0)
s>                    ( - 2.708e+03 2 0 WDBNDRY_E 0 1.859e+02 1.468e+02))
s>                ( QUESTION2_1_L -1 6.794e+03 2.728e+02 3.617e+02
s>                    ( - 1.588e+03 1 0)
s>                    ( - 4.933e+03 4 0 QUESTION6 -1 2.335e+02 2.659e+02))))
s>        ( QUESTION8 -1 1.338e+04 4.029e+02 7.024e+02
s>            ( - 4.219e+03 2 0 QUESTION2_10_L -1 1.894e+02 2.371e+02)
s>            ( QUESTION2_0_L -1 8.759e+03 2.782e+02 4.653e+02
s>                ( - 2.442e+03 3 0 WDBNDRY_E 0 1.992e+02 1.362e+02)
s>                ( - 6.039e+03 5 0 WDBNDRY_E 0 2.107e+02 3.292e+02))))INFO: dtree.c(1315): Comp split 9
INFO: dtree.c(1478): Final simple tree
|( QUESTION2_12_L -1 2.569e+04 8.354e+02 1.234e+03
|    ( WDBNDRY_E 0 1.109e+04 5.728e+02 5.588e+02
|        ( - 2.760e+03 5 0 QUESTION0_7_R 1 2.759e+02 1.495e+02)
|        ( QUESTION7 -1 7.762e+03 3.577e+02 4.093e+02
|            ( - 4.728e+02 1 0)
|            ( - 6.931e+03 1 0)))
|    ( QUESTION0_20_R 1 1.376e+04 5.901e+02 6.752e+02
|        ( - 1.725e+03 2 0 QUESTION6 -1 1.138e+02 1.055e+02)
|        ( QUESTION0_19_R 1 1.145e+04 4.927e+02 5.697e+02
|            ( QUESTION2_1_L -1 5.446e+03 3.170e+02 2.709e+02
|                ( - 2.957e+03 1 0)
|                ( - 2.172e+03 3 0 QUESTION6 -1 2.238e+02 1.197e+02))
|            ( QUESTION9 -1 5.508e+03 3.255e+02 2.988e+02
|                ( - 2.715e+03 2 0 QUESTION10 -1 1.916e+02 1.661e+02)
|                ( - 2.468e+03 4 0 WDBNDRY_E 0 2.415e+02 1.327e+02)))))
s>    ( QUESTION2_12_L -1 2.569e+04 8.354e+02 1.234e+03
s>        ( WDBNDRY_E 0 1.109e+04 5.728e+02 5.588e+02
s>            ( - 2.760e+03 5 0 QUESTION0_7_R 1 2.759e+02 1.495e+02)
s>            ( QUESTION7 -1 7.762e+03 3.577e+02 4.093e+02
s>                ( - 4.728e+02 1 0)
s>                ( - 6.931e+03 1 0)))
s>        ( QUESTION0_20_R 1 1.376e+04 5.901e+02 6.752e+02
s>            ( - 1.725e+03 2 0 QUESTION6 -1 1.138e+02 1.055e+02)
s>            ( QUESTION0_19_R 1 1.145e+04 4.927e+02 5.697e+02
s>                ( QUESTION2_1_L -1 5.446e+03 3.170e+02 2.709e+02
s>                    ( - 2.957e+03 1 0)
s>                    ( - 2.172e+03 3 0 QUESTION6 -1 2.238e+02 1.197e+02))
s>                ( QUESTION9 -1 5.508e+03 3.255e+02 2.988e+02
s>                    ( - 2.715e+03 2 0 QUESTION10 -1 1.916e+02 1.661e+02)
s>                    ( - 2.468e+03 4 0 WDBNDRY_E 0 2.415e+02 1.327e+02)))))INFO: dtree.c(1439): stop. leaf nodes are specific
INFO: dtree.c(1478): Final simple tree
|( WDBNDRY_E 0 4.721e+03 3.506e+02 2.350e+02
|    ( - 3.782e+03 1 0)
|    ( - 5.891e+02 1 0))
s>    ( WDBNDRY_E 0 4.721e+03 3.506e+02 2.350e+02
s>        ( - 3.782e+03 1 0)
s>        ( - 5.891e+02 1 0))INFO: dtree.c(1315): Comp split 10
INFO: dtree.c(1439): stop. leaf nodes are specific
INFO: dtree.c(1478): Final simple tree
|( QUESTION2_1_L -1 3.593e+04 3.849e+02 1.908e+03
|    ( - 2.023e+04 1 0)
|    ( QUESTION10 -1 1.532e+04 3.377e+02 8.170e+02
|        ( QUESTION11 -1 1.244e+04 2.755e+02 6.642e+02
|            ( - 5.092e+03 1 0)
|            ( - 7.068e+03 1 0))
|        ( - 2.543e+03 1 0)))
s>    ( QUESTION2_1_L -1 3.593e+04 3.849e+02 1.908e+03
s>        ( - 2.023e+04 1 0)
s>        ( QUESTION10 -1 1.532e+04 3.377e+02 8.170e+02
s>            ( QUESTION11 -1 1.244e+04 2.755e+02 6.642e+02
s>                ( - 5.092e+03 1 0)
s>                ( - 7.068e+03 1 0))
s>            ( - 2.543e+03 1 0)))INFO: dtree.c(1315): Comp split 11
INFO: dtree.c(1439): stop. leaf nodes are specific
INFO: dtree.c(1478): Final simple tree
|( WDBNDRY_E 0 9.191e+03 5.353e+02 4.793e+02
|    ( QUESTION6 -1 1.725e+03 1.138e+02 1.055e+02
|        ( - 3.404e+02 1 0)
|        ( - 1.270e+03 1 0))
|    ( - 6.931e+03 1 0))
s>    ( WDBNDRY_E 0 9.191e+03 5.353e+02 4.793e+02
s>        ( QUESTION6 -1 1.725e+03 1.138e+02 1.055e+02
s>            ( - 3.404e+02 1 0)
s>            ( - 1.270e+03 1 0))
s>        ( - 6.931e+03 1 0))INFO: dtree.c(1478): Final simple tree
|( WDBNDRY_E 0 1.535e+04 5.963e+02 7.548e+02
|    ( QUESTION0 1 8.054e+03 4.334e+02 3.935e+02
|        ( QUESTION0_14_R 1 3.379e+03 2.931e+02 1.761e+02
|            ( - 6.870e+02 2 0 QUESTION11 -1 9.012e+01 4.503e+01)
|            ( QUESTION0_0_R 1 2.399e+03 2.197e+02 1.311e+02
|                ( - 8.547e+02 1 0)
|                ( - 1.325e+03 2 0 QUESTION12 -1 1.348e+02 8.087e+01)))
|        ( QUESTION14 -1 4.241e+03 2.557e+02 2.174e+02
|            ( - 2.957e+03 1 0)
|            ( - 1.028e+03 2 0 QUESTION6 -1 9.801e+01 6.619e+01)))
|    ( QUESTION0_19_R 1 6.703e+03 3.289e+02 3.613e+02
|        ( - 2.029e+03 3 0 QUESTION9 -1 2.100e+02 1.127e+02)
|        ( QUESTION9 -1 4.345e+03 2.589e+02 2.486e+02
|            ( - 2.715e+03 2 0 QUESTION10 -1 1.916e+02 1.661e+02)
|            ( - 1.371e+03 3 0 QUESTION0 -1 1.229e+02 8.253e+01))))
s>    ( WDBNDRY_E 0 1.535e+04 5.963e+02 7.548e+02
s>        ( QUESTION0 1 8.054e+03 4.334e+02 3.935e+02
s>            ( QUESTION0_14_R 1 3.379e+03 2.931e+02 1.761e+02
s>                ( - 6.870e+02 2 0 QUESTION11 -1 9.012e+01 4.503e+01)
s>                ( QUESTION0_0_R 1 2.399e+03 2.197e+02 1.311e+02
s>                    ( - 8.547e+02 1 0)
s>                    ( - 1.325e+03 2 0 QUESTION12 -1 1.348e+02 8.087e+01)))
s>            ( QUESTION14 -1 4.241e+03 2.557e+02 2.174e+02
s>                ( - 2.957e+03 1 0)
s>                ( - 1.028e+03 2 0 QUESTION6 -1 9.801e+01 6.619e+01)))
s>        ( QUESTION0_19_R 1 6.703e+03 3.289e+02 3.613e+02
s>            ( - 2.029e+03 3 0 QUESTION9 -1 2.100e+02 1.127e+02)
s>            ( QUESTION9 -1 4.345e+03 2.589e+02 2.486e+02
s>                ( - 2.715e+03 2 0 QUESTION10 -1 1.916e+02 1.661e+02)
s>                ( - 1.371e+03 3 0 QUESTION0 -1 1.229e+02 8.253e+01))))INFO: dtree.c(1315): Comp split 12
INFO: dtree.c(1478): Final simple tree
|( QUESTION7 1 3.306e+04 5.542e+02 1.581e+03
|    ( QUESTION8 1 2.196e+04 5.273e+02 1.059e+03
|        ( QUESTION14 -1 9.243e+03 3.555e+02 4.521e+02
|            ( - 4.606e+03 3 0)
|            ( - 4.281e+03 4 0 QUESTION6 -1 2.571e+02 2.203e+02))
|        ( QUESTION19 -1 1.219e+04 3.473e+02 6.071e+02
|            ( - 3.909e+03 2 0 QUESTION2_0_L -1 2.111e+02 2.051e+02)
|            ( - 7.931e+03 5 0 QUESTION14 -1 2.323e+02 4.021e+02)))
|    ( WDBNDRY_E 0 1.055e+04 3.192e+02 5.214e+02
|        ( QUESTION15 -1 4.307e+03 3.099e+02 2.168e+02
|            ( - 1.785e+03 1 0)
|            ( - 2.212e+03 3 0 QUESTION0_15_R 1 2.585e+02 1.160e+02))
|        ( QUESTION0_7_R 1 5.921e+03 3.031e+02 3.046e+02
|            ( - 2.144e+03 1 0)
|            ( - 3.473e+03 2 0 QUESTION6 -1 2.022e+02 1.847e+02))))
s>    ( QUESTION7 1 3.306e+04 5.542e+02 1.581e+03
s>        ( QUESTION8 1 2.196e+04 5.273e+02 1.059e+03
s>            ( QUESTION14 -1 9.243e+03 3.555e+02 4.521e+02
s>                ( - 4.606e+03 3 0)
s>                ( - 4.281e+03 4 0 QUESTION6 -1 2.571e+02 2.203e+02))
s>            ( QUESTION19 -1 1.219e+04 3.473e+02 6.071e+02
s>                ( - 3.909e+03 2 0 QUESTION2_0_L -1 2.111e+02 2.051e+02)
s>                ( - 7.931e+03 5 0 QUESTION14 -1 2.323e+02 4.021e+02)))
s>        ( WDBNDRY_E 0 1.055e+04 3.192e+02 5.214e+02
s>            ( QUESTION15 -1 4.307e+03 3.099e+02 2.168e+02
s>                ( - 1.785e+03 1 0)
s>                ( - 2.212e+03 3 0 QUESTION0_15_R 1 2.585e+02 1.160e+02))
s>            ( QUESTION0_7_R 1 5.921e+03 3.031e+02 3.046e+02
s>                ( - 2.144e+03 1 0)
s>                ( - 3.473e+03 2 0 QUESTION6 -1 2.022e+02 1.847e+02))))INFO: dtree.c(1439): stop. leaf nodes are specific
INFO: dtree.c(1478): Final simple tree
|( WDBNDRY_E 0 8.338e+03 3.144e+02 4.414e+02
|    ( QUESTION11 -1 4.872e+03 2.170e+02 2.664e+02
|        ( QUESTION12 -1 2.698e+03 1.568e+02 1.552e+02
|            ( - 1.061e+03 1 0)
|            ( - 1.480e+03 1 0))
|        ( QUESTION7 -1 1.957e+03 1.190e+02 1.112e+02
|            ( - 4.170e+02 1 0)
|            ( - 1.421e+03 1 0)))
|    ( - 3.152e+03 1 0))
s>    ( WDBNDRY_E 0 8.338e+03 3.144e+02 4.414e+02
s>        ( QUESTION11 -1 4.872e+03 2.170e+02 2.664e+02
s>            ( QUESTION12 -1 2.698e+03 1.568e+02 1.552e+02
s>                ( - 1.061e+03 1 0)
s>                ( - 1.480e+03 1 0))
s>            ( QUESTION7 -1 1.957e+03 1.190e+02 1.112e+02
s>                ( - 4.170e+02 1 0)
s>                ( - 1.421e+03 1 0)))
s>        ( - 3.152e+03 1 0))INFO: dtree.c(1315): Comp split 13
INFO: dtree.c(1439): stop. leaf nodes are specific
INFO: dtree.c(1478): Final simple tree
|( WDBNDRY_B 0 1.049e+04 4.737e+02 5.581e+02
|    ( - 2.580e+03 1 0)
|    ( QUESTION0 -1 7.437e+03 2.419e+02 4.062e+02
|        ( - 1.141e+03 1 0)
|        ( - 6.054e+03 1 0)))
s>    ( WDBNDRY_B 0 1.049e+04 4.737e+02 5.581e+02
s>        ( - 2.580e+03 1 0)
s>        ( QUESTION0 -1 7.437e+03 2.419e+02 4.062e+02
s>            ( - 1.141e+03 1 0)
s>            ( - 6.054e+03 1 0)))INFO: dtree.c(1439): stop. leaf nodes are specific
INFO: dtree.c(1478): Final simple tree
|( QUESTION10 -1 2.423e+03 2.283e+02 1.318e+02
|    ( - 1.193e+03 1 0)
|    ( WDBNDRY_B 0 1.002e+03 1.379e+02 5.525e+01
|        ( - 2.729e+02 1 0)
|        ( - 5.914e+02 1 0)))
s>    ( QUESTION10 -1 2.423e+03 2.283e+02 1.318e+02
s>        ( - 1.193e+03 1 0)
s>        ( WDBNDRY_B 0 1.002e+03 1.379e+02 5.525e+01
s>            ( - 2.729e+02 1 0)
s>            ( - 5.914e+02 1 0)))INFO: dtree.c(1315): Comp split 14
INFO: dtree.c(1439): stop. leaf nodes are specific
INFO: dtree.c(1478): Final simple tree
|( QUESTION9 -1 4.882e+03 3.557e+02 2.589e+02
|    ( - 2.037e+03 1 0)
|    ( QUESTION0_0_R 1 2.489e+03 2.283e+02 1.422e+02
|        ( - 1.318e+03 1 0)
|        ( WDBNDRY_E 0 9.424e+02 1.167e+02 5.816e+01
|            ( - 4.566e+02 1 0)
|            ( - 3.692e+02 1 0))))
s>    ( QUESTION9 -1 4.882e+03 3.557e+02 2.589e+02
s>        ( - 2.037e+03 1 0)
s>        ( QUESTION0_0_R 1 2.489e+03 2.283e+02 1.422e+02
s>            ( - 1.318e+03 1 0)
s>            ( WDBNDRY_E 0 9.424e+02 1.167e+02 5.816e+01
s>                ( - 4.566e+02 1 0)
s>                ( - 3.692e+02 1 0))))INFO: dtree.c(1478): Final simple tree
|( WDBNDRY_B 0 2.695e+04 5.051e+02 1.351e+03
|    ( QUESTION2_0_L -1 7.455e+03 2.595e+02 3.923e+02
|        ( - 4.146e+03 3 0 QUESTION1 -1 1.913e+02 2.201e+02)
|        ( - 3.049e+03 3 0 QUESTION6 -1 1.535e+02 1.722e+02))
|    ( QUESTION14 -1 1.899e+04 4.055e+02 9.586e+02
|        ( WDBNDRY_E 0 7.736e+03 2.424e+02 4.087e+02
|            ( - 3.335e+03 2 0 QUESTION0_15_R 1 1.898e+02 1.850e+02)
|            ( - 4.159e+03 3 0 QUESTION2_1_L -1 2.063e+02 2.237e+02))
|        ( QUESTION2_12_L -1 1.085e+04 3.057e+02 5.499e+02
|            ( QUESTION0_15_R 1 3.139e+03 2.197e+02 1.692e+02
|                ( - 1.279e+03 1 0)
|                ( - 1.639e+03 2 0))
|            ( QUESTION0_15_R 1 7.406e+03 2.261e+02 3.807e+02
|                ( - 1.062e+03 2 0 QUESTION7 -1 1.119e+02 6.208e+01)
|                ( - 6.118e+03 2 0)))))
s>    ( WDBNDRY_B 0 2.695e+04 5.051e+02 1.351e+03
s>        ( QUESTION2_0_L -1 7.455e+03 2.595e+02 3.923e+02
s>            ( - 4.146e+03 3 0 QUESTION1 -1 1.913e+02 2.201e+02)
s>            ( - 3.049e+03 3 0 QUESTION6 -1 1.535e+02 1.722e+02))
s>        ( QUESTION14 -1 1.899e+04 4.055e+02 9.586e+02
s>            ( WDBNDRY_E 0 7.736e+03 2.424e+02 4.087e+02
s>                ( - 3.335e+03 2 0 QUESTION0_15_R 1 1.898e+02 1.850e+02)
s>                ( - 4.159e+03 3 0 QUESTION2_1_L -1 2.063e+02 2.237e+02))
s>            ( QUESTION2_12_L -1 1.085e+04 3.057e+02 5.499e+02
s>                ( QUESTION0_15_R 1 3.139e+03 2.197e+02 1.692e+02
s>                    ( - 1.279e+03 1 0)
s>                    ( - 1.639e+03 2 0))
s>                ( QUESTION0_15_R 1 7.406e+03 2.261e+02 3.807e+02
s>                    ( - 1.062e+03 2 0 QUESTION7 -1 1.119e+02 6.208e+01)
s>                    ( - 6.118e+03 2 0)))))INFO: dtree.c(1315): Comp split 15
INFO: dtree.c(1478): Final simple tree
|( QUESTION2_14_L -1 2.624e+04 5.178e+02 1.325e+03
|    ( WDBNDRY_E 0 6.471e+03 2.489e+02 3.447e+02
|        ( - 2.131e+03 3 0)
|        ( - 4.091e+03 1 0))
|    ( QUESTION11 -1 1.925e+04 4.422e+02 9.805e+02
|        ( QUESTION13 -1 1.201e+04 2.819e+02 6.187e+02
|            ( - 9.023e+03 1 0)
|            ( WDBNDRY_E 0 2.708e+03 1.859e+02 1.468e+02
|                ( - 1.699e+03 1 0)
|                ( - 8.226e+02 1 0)))
|        ( QUESTION2_1_L -1 6.794e+03 2.728e+02 3.617e+02
|            ( - 1.588e+03 1 0)
|            ( QUESTION6 -1 4.933e+03 2.335e+02 2.659e+02
|                ( - 2.866e+03 3 0 QUESTION10 -1 1.601e+02 1.606e+02)
|                ( - 1.834e+03 1 0)))))
s>    ( QUESTION2_14_L -1 2.624e+04 5.178e+02 1.325e+03
s>        ( WDBNDRY_E 0 6.471e+03 2.489e+02 3.447e+02
s>            ( - 2.131e+03 3 0)
s>            ( - 4.091e+03 1 0))
s>        ( QUESTION11 -1 1.925e+04 4.422e+02 9.805e+02
s>            ( QUESTION13 -1 1.201e+04 2.819e+02 6.187e+02
s>                ( - 9.023e+03 1 0)
s>                ( WDBNDRY_E 0 2.708e+03 1.859e+02 1.468e+02
s>                    ( - 1.699e+03 1 0)
s>                    ( - 8.226e+02 1 0)))
s>            ( QUESTION2_1_L -1 6.794e+03 2.728e+02 3.617e+02
s>                ( - 1.588e+03 1 0)
s>                ( QUESTION6 -1 4.933e+03 2.335e+02 2.659e+02
s>                    ( - 2.866e+03 3 0 QUESTION10 -1 1.601e+02 1.606e+02)
s>                    ( - 1.834e+03 1 0)))))INFO: dtree.c(1478): Final simple tree
|( QUESTION8 -1 1.338e+04 4.029e+02 7.024e+02
|    ( QUESTION2_10_L -1 4.219e+03 1.894e+02 2.371e+02
|        ( - 3.399e+03 1 0)
|        ( - 6.308e+02 1 0))
|    ( QUESTION2_0_L -1 8.759e+03 2.782e+02 4.653e+02
|        ( WDBNDRY_E 0 2.442e+03 1.992e+02 1.362e+02
|            ( - 9.853e+02 1 0)
|            ( - 1.257e+03 2 0 QUESTION6 -1 1.000e+02 7.779e+01))
|        ( WDBNDRY_E 0 6.039e+03 2.107e+02 3.292e+02
|            ( QUESTION19 -1 3.105e+03 2.093e+02 1.774e+02
|                ( - 8.096e+02 1 0)
|                ( - 2.086e+03 2 0 QUESTION6 -1 1.046e+02 1.263e+02))
|            ( QUESTION6 -1 2.724e+03 1.721e+02 1.517e+02
|                ( - 7.620e+02 1 0)
|                ( - 1.790e+03 1 0)))))
s>    ( QUESTION8 -1 1.338e+04 4.029e+02 7.024e+02
s>        ( QUESTION2_10_L -1 4.219e+03 1.894e+02 2.371e+02
s>            ( - 3.399e+03 1 0)
s>            ( - 6.308e+02 1 0))
s>        ( QUESTION2_0_L -1 8.759e+03 2.782e+02 4.653e+02
s>            ( WDBNDRY_E 0 2.442e+03 1.992e+02 1.362e+02
s>                ( - 9.853e+02 1 0)
s>                ( - 1.257e+03 2 0 QUESTION6 -1 1.000e+02 7.779e+01))
s>            ( WDBNDRY_E 0 6.039e+03 2.107e+02 3.292e+02
s>                ( QUESTION19 -1 3.105e+03 2.093e+02 1.774e+02
s>                    ( - 8.096e+02 1 0)
s>                    ( - 2.086e+03 2 0 QUESTION6 -1 1.046e+02 1.263e+02))
s>                ( QUESTION6 -1 2.724e+03 1.721e+02 1.517e+02
s>                    ( - 7.620e+02 1 0)
s>                    ( - 1.790e+03 1 0)))))INFO: dtree.c(1315): Comp split 16
INFO: dtree.c(1478): Final simple tree
|( QUESTION19 -1 1.471e+04 3.703e+02 7.231e+02
|    ( QUESTION2_0_L -1 3.909e+03 2.111e+02 2.051e+02
|        ( - 2.438e+03 1 0)
|        ( - 1.260e+03 1 0))
|    ( QUESTION0_7_R 1 1.043e+04 2.897e+02 5.180e+02
|        ( QUESTION14 -1 7.931e+03 2.323e+02 4.021e+02
|            ( WDBNDRY_E 0 2.430e+03 2.036e+02 1.323e+02
|                ( - 1.392e+03 1 0)
|                ( - 8.346e+02 1 0))
|            ( QUESTION11 -1 5.268e+03 2.112e+02 2.698e+02
|                ( - 1.267e+03 1 0)
|                ( - 3.790e+03 2 0 QUESTION6 -1 1.770e+02 1.995e+02)))
|        ( QUESTION0_15_R 1 2.212e+03 2.585e+02 1.160e+02
|            ( - 9.711e+02 2 0 QUESTION0 -1 1.080e+02 5.634e+01)
|            ( - 9.821e+02 1 0))))
s>    ( QUESTION19 -1 1.471e+04 3.703e+02 7.231e+02
s>        ( QUESTION2_0_L -1 3.909e+03 2.111e+02 2.051e+02
s>            ( - 2.438e+03 1 0)
s>            ( - 1.260e+03 1 0))
s>        ( QUESTION0_7_R 1 1.043e+04 2.897e+02 5.180e+02
s>            ( QUESTION14 -1 7.931e+03 2.323e+02 4.021e+02
s>                ( WDBNDRY_E 0 2.430e+03 2.036e+02 1.323e+02
s>                    ( - 1.392e+03 1 0)
s>                    ( - 8.346e+02 1 0))
s>                ( QUESTION11 -1 5.268e+03 2.112e+02 2.698e+02
s>                    ( - 1.267e+03 1 0)
s>                    ( - 3.790e+03 2 0 QUESTION6 -1 1.770e+02 1.995e+02)))
s>            ( QUESTION0_15_R 1 2.212e+03 2.585e+02 1.160e+02
s>                ( - 9.711e+02 2 0 QUESTION0 -1 1.080e+02 5.634e+01)
s>                ( - 9.821e+02 1 0))))INFO: dtree.c(1478): Final simple tree
|( WDBNDRY_E 0 1.771e+04 4.215e+02 8.575e+02
|    ( QUESTION14 -1 1.137e+04 3.740e+02 5.529e+02
|        ( - 4.606e+03 3 0)
|        ( QUESTION0_7_R 1 6.388e+03 3.210e+02 3.211e+02
|            ( QUESTION6 -1 4.281e+03 2.571e+02 2.203e+02
|                ( QUESTION7 -1 3.132e+03 2.011e+02 1.633e+02
|                    ( - 5.811e+02 1 0)
|                    ( - 2.349e+03 2 0))
|                ( - 8.925e+02 1 0))
|            ( - 1.785e+03 1 0)))
|    ( QUESTION0_7_R 1 5.921e+03 3.031e+02 3.046e+02
|        ( - 2.144e+03 1 0)
|        ( QUESTION6 -1 3.473e+03 2.022e+02 1.847e+02
|            ( - 1.031e+03 1 0)
|            ( - 2.240e+03 1 0))))
s>    ( WDBNDRY_E 0 1.771e+04 4.215e+02 8.575e+02
s>        ( QUESTION14 -1 1.137e+04 3.740e+02 5.529e+02
s>            ( - 4.606e+03 3 0)
s>            ( QUESTION0_7_R 1 6.388e+03 3.210e+02 3.211e+02
s>                ( QUESTION6 -1 4.281e+03 2.571e+02 2.203e+02
s>                    ( QUESTION7 -1 3.132e+03 2.011e+02 1.633e+02
s>                        ( - 5.811e+02 1 0)
s>                        ( - 2.349e+03 2 0))
s>                    ( - 8.925e+02 1 0))
s>                ( - 1.785e+03 1 0)))
s>        ( QUESTION0_7_R 1 5.921e+03 3.031e+02 3.046e+02
s>            ( - 2.144e+03 1 0)
s>            ( QUESTION6 -1 3.473e+03 2.022e+02 1.847e+02
s>                ( - 1.031e+03 1 0)
s>                ( - 2.240e+03 1 0))))INFO: dtree.c(1315): Comp split 17
INFO: dtree.c(1439): stop. leaf nodes are specific
INFO: dtree.c(1478): Final simple tree
|( QUESTION0 -1 1.765e+04 3.971e+02 1.035e+03
|    ( - 2.842e+03 1 0)
|    ( WDBNDRY_E 0 1.441e+04 2.614e+02 8.521e+02
|        ( - 1.273e+04 1 0)
|        ( QUESTION6 -1 1.424e+03 1.510e+02 8.503e+01
|            ( - 4.748e+02 1 0)
|            ( - 7.978e+02 1 0))))
s>    ( QUESTION0 -1 1.765e+04 3.971e+02 1.035e+03
s>        ( - 2.842e+03 1 0)
s>        ( WDBNDRY_E 0 1.441e+04 2.614e+02 8.521e+02
s>            ( - 1.273e+04 1 0)
s>            ( QUESTION6 -1 1.424e+03 1.510e+02 8.503e+01
s>                ( - 4.748e+02 1 0)
s>                ( - 7.978e+02 1 0))))INFO: dtree.c(1439): stop. leaf nodes are specific
INFO: dtree.c(1478): Final simple tree
|( QUESTION19 -1 4.961e+03 2.239e+02 2.868e+02
|    ( - 8.002e+02 1 0)
|    ( WDBNDRY_E 0 3.937e+03 1.618e+02 2.342e+02
|        ( - 1.303e+03 1 0)
|        ( - 2.472e+03 1 0)))
s>    ( QUESTION19 -1 4.961e+03 2.239e+02 2.868e+02
s>        ( - 8.002e+02 1 0)
s>        ( WDBNDRY_E 0 3.937e+03 1.618e+02 2.342e+02
s>            ( - 1.303e+03 1 0)
s>            ( - 2.472e+03 1 0)))INFO: dtree.c(1315): Comp split 18
INFO: dtree.c(1478): Final simple tree
|( QUESTION0_19_R 1 8.015e+03 3.815e+02 4.275e+02
|    ( QUESTION14 -1 3.289e+03 2.682e+02 1.789e+02
|        ( - 7.656e+02 1 0)
|        ( WDBNDRY_E 0 2.255e+03 1.728e+02 1.346e+02
|            ( - 1.028e+03 2 0 QUESTION6 -1 9.801e+01 6.619e+01)
|            ( QUESTION6 -1 1.054e+03 1.235e+02 6.838e+01
|                ( - 4.728e+02 1 0)
|                ( - 4.575e+02 1 0))))
|    ( QUESTION9 -1 4.345e+03 2.589e+02 2.486e+02
|        ( QUESTION10 -1 2.715e+03 1.916e+02 1.661e+02
|            ( - 1.408e+03 1 0)
|            ( - 1.115e+03 1 0))
|        ( QUESTION0 -1 1.371e+03 1.229e+02 8.253e+01
|            ( - 3.845e+02 1 0)
|            ( - 8.640e+02 2 0 QUESTION6 -1 9.132e+01 5.464e+01))))
s>    ( QUESTION0_19_R 1 8.015e+03 3.815e+02 4.275e+02
s>        ( QUESTION14 -1 3.289e+03 2.682e+02 1.789e+02
s>            ( - 7.656e+02 1 0)
s>            ( WDBNDRY_E 0 2.255e+03 1.728e+02 1.346e+02
s>                ( - 1.028e+03 2 0 QUESTION6 -1 9.801e+01 6.619e+01)
s>                ( QUESTION6 -1 1.054e+03 1.235e+02 6.838e+01
s>                    ( - 4.728e+02 1 0)
s>                    ( - 4.575e+02 1 0))))
s>        ( QUESTION9 -1 4.345e+03 2.589e+02 2.486e+02
s>            ( QUESTION10 -1 2.715e+03 1.916e+02 1.661e+02
s>                ( - 1.408e+03 1 0)
s>                ( - 1.115e+03 1 0))
s>            ( QUESTION0 -1 1.371e+03 1.229e+02 8.253e+01
s>                ( - 3.845e+02 1 0)
s>                ( - 8.640e+02 2 0 QUESTION6 -1 9.132e+01 5.464e+01))))INFO: dtree.c(1439): stop. leaf nodes are specific
INFO: dtree.c(1478): Final simple tree
|( QUESTION0_14_R 1 6.721e+03 3.922e+02 3.273e+02
|    ( QUESTION0_20_R 1 3.930e+03 2.859e+02 1.962e+02
|        ( QUESTION11 -1 6.870e+02 9.012e+01 4.503e+01
|            ( - 2.724e+02 1 0)
|            ( - 3.244e+02 1 0))
|        ( - 2.957e+03 1 0))
|    ( QUESTION0_0_R 1 2.399e+03 2.197e+02 1.311e+02
|        ( - 8.547e+02 1 0)
|        ( QUESTION12 -1 1.325e+03 1.348e+02 8.087e+01
|            ( - 3.438e+02 1 0)
|            ( - 8.460e+02 1 0))))
s>    ( QUESTION0_14_R 1 6.721e+03 3.922e+02 3.273e+02
s>        ( QUESTION0_20_R 1 3.930e+03 2.859e+02 1.962e+02
s>            ( QUESTION11 -1 6.870e+02 9.012e+01 4.503e+01
s>                ( - 2.724e+02 1 0)
s>                ( - 3.244e+02 1 0))
s>            ( - 2.957e+03 1 0))
s>        ( QUESTION0_0_R 1 2.399e+03 2.197e+02 1.311e+02
s>            ( - 8.547e+02 1 0)
s>            ( QUESTION12 -1 1.325e+03 1.348e+02 8.087e+01
s>                ( - 3.438e+02 1 0)
s>                ( - 8.460e+02 1 0))))INFO: dtree.c(1315): Comp split 19
INFO: dtree.c(1439): stop. leaf nodes are specific
INFO: dtree.c(1478): Final simple tree
|( QUESTION6 -1 1.725e+03 1.138e+02 1.055e+02
|    ( - 3.404e+02 1 0)
|    ( - 1.270e+03 1 0))
s>    ( QUESTION6 -1 1.725e+03 1.138e+02 1.055e+02
s>        ( - 3.404e+02 1 0)
s>        ( - 1.270e+03 1 0))INFO: dtree.c(1315): Comp split 20
INFO: dtree.c(1439): stop. leaf nodes are specific
INFO: dtree.c(1478): Final simple tree
|( QUESTION11 -1 1.925e+04 4.422e+02 9.805e+02
|    ( QUESTION13 -1 1.201e+04 2.819e+02 6.187e+02
|        ( - 9.023e+03 1 0)
|        ( WDBNDRY_E 0 2.708e+03 1.859e+02 1.468e+02
|            ( - 1.699e+03 1 0)
|            ( - 8.226e+02 1 0)))
|    ( QUESTION2_1_L -1 6.794e+03 2.728e+02 3.617e+02
|        ( - 1.588e+03 1 0)
|        ( QUESTION6 -1 4.933e+03 2.335e+02 2.659e+02
|            ( QUESTION10 -1 2.866e+03 1.601e+02 1.606e+02
|                ( - 1.910e+03 2 0)
|                ( - 7.955e+02 1 0))
|            ( - 1.834e+03 1 0))))
s>    ( QUESTION11 -1 1.925e+04 4.422e+02 9.805e+02
s>        ( QUESTION13 -1 1.201e+04 2.819e+02 6.187e+02
s>            ( - 9.023e+03 1 0)
s>            ( WDBNDRY_E 0 2.708e+03 1.859e+02 1.468e+02
s>                ( - 1.699e+03 1 0)
s>                ( - 8.226e+02 1 0)))
s>        ( QUESTION2_1_L -1 6.794e+03 2.728e+02 3.617e+02
s>            ( - 1.588e+03 1 0)
s>            ( QUESTION6 -1 4.933e+03 2.335e+02 2.659e+02
s>                ( QUESTION10 -1 2.866e+03 1.601e+02 1.606e+02
s>                    ( - 1.910e+03 2 0)
s>                    ( - 7.955e+02 1 0))
s>                ( - 1.834e+03 1 0))))INFO: dtree.c(1439): stop. leaf nodes are specific
INFO: dtree.c(1478): Final simple tree
|( WDBNDRY_E 0 6.471e+03 2.489e+02 3.447e+02
|    ( - 2.131e+03 3 0)
|    ( - 4.091e+03 1 0))
s>    ( WDBNDRY_E 0 6.471e+03 2.489e+02 3.447e+02
s>        ( - 2.131e+03 3 0)
s>        ( - 4.091e+03 1 0))INFO: dtree.c(1315): Comp split 21
INFO: dtree.c(1478): Final simple tree
|( QUESTION14 -1 1.899e+04 4.055e+02 9.586e+02
|    ( WDBNDRY_E 0 7.736e+03 2.424e+02 4.087e+02
|        ( QUESTION0_15_R 1 3.335e+03 1.898e+02 1.850e+02
|            ( - 5.484e+02 1 0)
|            ( - 2.597e+03 1 0))
|        ( QUESTION2_1_L -1 4.159e+03 2.063e+02 2.237e+02
|            ( - 3.876e+02 1 0)
|            ( - 3.565e+03 2 0 QUESTION0_15_R 1 1.540e+02 1.944e+02)))
|    ( QUESTION2_12_L -1 1.085e+04 3.057e+02 5.499e+02
|        ( QUESTION0_15_R 1 3.139e+03 2.197e+02 1.692e+02
|            ( - 1.279e+03 1 0)
|            ( - 1.639e+03 2 0))
|        ( QUESTION0_15_R 1 7.406e+03 2.261e+02 3.807e+02
|            ( - 1.062e+03 2 0 QUESTION7 -1 1.119e+02 6.208e+01)
|            ( - 6.118e+03 2 0))))
s>    ( QUESTION14 -1 1.899e+04 4.055e+02 9.586e+02
s>        ( WDBNDRY_E 0 7.736e+03 2.424e+02 4.087e+02
s>            ( QUESTION0_15_R 1 3.335e+03 1.898e+02 1.850e+02
s>                ( - 5.484e+02 1 0)
s>                ( - 2.597e+03 1 0))
s>            ( QUESTION2_1_L -1 4.159e+03 2.063e+02 2.237e+02
s>                ( - 3.876e+02 1 0)
s>                ( - 3.565e+03 2 0 QUESTION0_15_R 1 1.540e+02 1.944e+02)))
s>        ( QUESTION2_12_L -1 1.085e+04 3.057e+02 5.499e+02
s>            ( QUESTION0_15_R 1 3.139e+03 2.197e+02 1.692e+02
s>                ( - 1.279e+03 1 0)
s>                ( - 1.639e+03 2 0))
s>            ( QUESTION0_15_R 1 7.406e+03 2.261e+02 3.807e+02
s>                ( - 1.062e+03 2 0 QUESTION7 -1 1.119e+02 6.208e+01)
s>                ( - 6.118e+03 2 0))))INFO: dtree.c(1439): stop. leaf nodes are specific
INFO: dtree.c(1478): Final simple tree
|( QUESTION2_0_L -1 7.455e+03 2.595e+02 3.923e+02
|    ( QUESTION1 -1 4.146e+03 1.913e+02 2.201e+02
|        ( - 8.661e+02 1 0)
|        ( QUESTION0 -1 3.089e+03 1.169e+02 1.712e+02
|            ( - 2.540e+03 1 0)
|            ( - 4.325e+02 1 0)))
|    ( QUESTION6 -1 3.049e+03 1.535e+02 1.722e+02
|        ( - 5.446e+02 1 0)
|        ( - 2.351e+03 2 0)))
s>    ( QUESTION2_0_L -1 7.455e+03 2.595e+02 3.923e+02
s>        ( QUESTION1 -1 4.146e+03 1.913e+02 2.201e+02
s>            ( - 8.661e+02 1 0)
s>            ( QUESTION0 -1 3.089e+03 1.169e+02 1.712e+02
s>                ( - 2.540e+03 1 0)
s>                ( - 4.325e+02 1 0)))
s>        ( QUESTION6 -1 3.049e+03 1.535e+02 1.722e+02
s>            ( - 5.446e+02 1 0)
s>            ( - 2.351e+03 2 0)))INFO: dtree.c(1315): Comp split 22
INFO: dtree.c(1439): stop. leaf nodes are specific
INFO: dtree.c(1478): Final simple tree
|( QUESTION0 -1 7.437e+03 2.419e+02 4.062e+02
|    ( - 1.141e+03 1 0)
|    ( - 6.054e+03 1 0))
s>    ( QUESTION0 -1 7.437e+03 2.419e+02 4.062e+02
s>        ( - 1.141e+03 1 0)
s>        ( - 6.054e+03 1 0))INFO: dtree.c(1315): Comp split 23
INFO: dtree.c(1439): stop. leaf nodes are specific
INFO: dtree.c(1478): Final simple tree
|( WDBNDRY_E 0 1.167e+04 3.726e+02 5.731e+02
|    ( QUESTION7 -1 5.380e+03 1.927e+02 2.685e+02
|        ( - 5.811e+02 1 0)
|        ( - 4.606e+03 3 0))
|    ( QUESTION0_7_R 1 5.921e+03 3.031e+02 3.046e+02
|        ( - 2.144e+03 1 0)
|        ( QUESTION6 -1 3.473e+03 2.022e+02 1.847e+02
|            ( - 1.031e+03 1 0)
|            ( - 2.240e+03 1 0))))
s>    ( WDBNDRY_E 0 1.167e+04 3.726e+02 5.731e+02
s>        ( QUESTION7 -1 5.380e+03 1.927e+02 2.685e+02
s>            ( - 5.811e+02 1 0)
s>            ( - 4.606e+03 3 0))
s>        ( QUESTION0_7_R 1 5.921e+03 3.031e+02 3.046e+02
s>            ( - 2.144e+03 1 0)
s>            ( QUESTION6 -1 3.473e+03 2.022e+02 1.847e+02
s>                ( - 1.031e+03 1 0)
s>                ( - 2.240e+03 1 0))))INFO: dtree.c(1439): stop. leaf nodes are specific
INFO: dtree.c(1478): Final simple tree
|( QUESTION0_7_R 1 5.579e+03 3.170e+02 2.844e+02
|    ( QUESTION6 -1 3.476e+03 2.344e+02 1.836e+02
|        ( - 2.349e+03 2 0)
|        ( - 8.925e+02 1 0))
|    ( - 1.785e+03 1 0))
s>    ( QUESTION0_7_R 1 5.579e+03 3.170e+02 2.844e+02
s>        ( QUESTION6 -1 3.476e+03 2.344e+02 1.836e+02
s>            ( - 2.349e+03 2 0)
s>            ( - 8.925e+02 1 0))
s>        ( - 1.785e+03 1 0))INFO: dtree.c(1315): Comp split 24
INFO: dtree.c(1439): stop. leaf nodes are specific
INFO: dtree.c(1478): Final simple tree
|( QUESTION2_1_L -1 6.794e+03 2.728e+02 3.617e+02
|    ( - 1.588e+03 1 0)
|    ( QUESTION6 -1 4.933e+03 2.335e+02 2.659e+02
|        ( QUESTION10 -1 2.866e+03 1.601e+02 1.606e+02
|            ( - 1.910e+03 2 0)
|            ( - 7.955e+02 1 0))
|        ( - 1.834e+03 1 0)))
s>    ( QUESTION2_1_L -1 6.794e+03 2.728e+02 3.617e+02
s>        ( - 1.588e+03 1 0)
s>        ( QUESTION6 -1 4.933e+03 2.335e+02 2.659e+02
s>            ( QUESTION10 -1 2.866e+03 1.601e+02 1.606e+02
s>                ( - 1.910e+03 2 0)
s>                ( - 7.955e+02 1 0))
s>            ( - 1.834e+03 1 0)))INFO: dtree.c(1439): stop. leaf nodes are specific
INFO: dtree.c(1478): Final simple tree
|( QUESTION13 -1 1.201e+04 2.819e+02 6.187e+02
|    ( - 9.023e+03 1 0)
|    ( WDBNDRY_E 0 2.708e+03 1.859e+02 1.468e+02
|        ( - 1.699e+03 1 0)
|        ( - 8.226e+02 1 0)))
s>    ( QUESTION13 -1 1.201e+04 2.819e+02 6.187e+02
s>        ( - 9.023e+03 1 0)
s>        ( WDBNDRY_E 0 2.708e+03 1.859e+02 1.468e+02
s>            ( - 1.699e+03 1 0)
s>            ( - 8.226e+02 1 0)))INFO: dtree.c(1315): Comp split 25
INFO: dtree.c(1439): stop. leaf nodes are specific
INFO: dtree.c(1478): Final simple tree
|( WDBNDRY_E 0 4.630e+03 2.459e+02 2.529e+02
|    ( - 9.853e+02 1 0)
|    ( - 3.399e+03 1 0))
s>    ( WDBNDRY_E 0 4.630e+03 2.459e+02 2.529e+02
s>        ( - 9.853e+02 1 0)
s>        ( - 3.399e+03 1 0))INFO: dtree.c(1478): Final simple tree
|( WDBNDRY_E 0 8.319e+03 2.341e+02 4.495e+02
|    ( QUESTION19 -1 3.105e+03 2.093e+02 1.774e+02
|        ( - 8.096e+02 1 0)
|        ( QUESTION6 -1 2.086e+03 1.046e+02 1.263e+02
|            ( - 1.472e+03 1 0)
|            ( - 5.097e+02 1 0)))
|    ( QUESTION7 -1 4.980e+03 2.188e+02 2.721e+02
|        ( QUESTION8 -1 1.524e+03 1.312e+02 9.090e+01
|            ( - 6.308e+02 1 0)
|            ( - 7.620e+02 1 0))
|        ( QUESTION2_0_L -1 3.237e+03 1.903e+02 1.812e+02
|            ( QUESTION6 -1 1.257e+03 1.000e+02 7.779e+01
|                ( - 5.975e+02 1 0)
|                ( - 5.600e+02 1 0))
|            ( - 1.790e+03 1 0))))
s>    ( WDBNDRY_E 0 8.319e+03 2.341e+02 4.495e+02
s>        ( QUESTION19 -1 3.105e+03 2.093e+02 1.774e+02
s>            ( - 8.096e+02 1 0)
s>            ( QUESTION6 -1 2.086e+03 1.046e+02 1.263e+02
s>                ( - 1.472e+03 1 0)
s>                ( - 5.097e+02 1 0)))
s>        ( QUESTION7 -1 4.980e+03 2.188e+02 2.721e+02
s>            ( QUESTION8 -1 1.524e+03 1.312e+02 9.090e+01
s>                ( - 6.308e+02 1 0)
s>                ( - 7.620e+02 1 0))
s>            ( QUESTION2_0_L -1 3.237e+03 1.903e+02 1.812e+02
s>                ( QUESTION6 -1 1.257e+03 1.000e+02 7.779e+01
s>                    ( - 5.975e+02 1 0)
s>                    ( - 5.600e+02 1 0))
s>                ( - 1.790e+03 1 0))))INFO: dtree.c(1315): Comp split 26
INFO: dtree.c(1439): stop. leaf nodes are specific
INFO: dtree.c(1478): Final simple tree
|( QUESTION11 -1 8.028e+03 2.704e+02 4.138e+02
|    ( - 6.118e+03 2 0)
|    ( - 1.639e+03 2 0))
s>    ( QUESTION11 -1 8.028e+03 2.704e+02 4.138e+02
s>        ( - 6.118e+03 2 0)
s>        ( - 1.639e+03 2 0))INFO: dtree.c(1478): Final simple tree
|( QUESTION0_15_R 1 1.055e+04 3.075e+02 5.448e+02
|    ( QUESTION8 -1 3.850e+03 2.192e+02 2.008e+02
|        ( - 1.279e+03 1 0)
|        ( WDBNDRY_E 0 2.351e+03 1.538e+02 1.267e+02
|            ( - 5.484e+02 1 0)
|            ( QUESTION10 -1 1.649e+03 1.249e+02 9.356e+01
|                ( - 4.663e+02 1 0)
|                ( QUESTION7 -1 1.058e+03 1.072e+02 6.361e+01
|                    ( - 4.838e+02 1 0)
|                    ( - 4.670e+02 1 0)))))
|    ( WDBNDRY_E 0 6.392e+03 2.580e+02 3.441e+02
|        ( - 2.597e+03 1 0)
|        ( QUESTION2_1_L -1 3.537e+03 2.058e+02 1.923e+02
|            ( - 3.876e+02 1 0)
|            ( - 2.943e+03 1 0))))
s>    ( QUESTION0_15_R 1 1.055e+04 3.075e+02 5.448e+02
s>        ( QUESTION8 -1 3.850e+03 2.192e+02 2.008e+02
s>            ( - 1.279e+03 1 0)
s>            ( WDBNDRY_E 0 2.351e+03 1.538e+02 1.267e+02
s>                ( - 5.484e+02 1 0)
s>                ( QUESTION10 -1 1.649e+03 1.249e+02 9.356e+01
s>                    ( - 4.663e+02 1 0)
s>                    ( QUESTION7 -1 1.058e+03 1.072e+02 6.361e+01
s>                        ( - 4.838e+02 1 0)
s>                        ( - 4.670e+02 1 0)))))
s>        ( WDBNDRY_E 0 6.392e+03 2.580e+02 3.441e+02
s>            ( - 2.597e+03 1 0)
s>            ( QUESTION2_1_L -1 3.537e+03 2.058e+02 1.923e+02
s>                ( - 3.876e+02 1 0)
s>                ( - 2.943e+03 1 0))))INFO: dtree.c(1315): Comp split 27
INFO: dtree.c(1439): stop. leaf nodes are specific
INFO: dtree.c(1478): Final simple tree
|( WDBNDRY_E 0 1.441e+04 2.614e+02 8.521e+02
|    ( - 1.273e+04 1 0)
|    ( QUESTION6 -1 1.424e+03 1.510e+02 8.503e+01
|        ( - 4.748e+02 1 0)
|        ( - 7.978e+02 1 0)))
s>    ( WDBNDRY_E 0 1.441e+04 2.614e+02 8.521e+02
s>        ( - 1.273e+04 1 0)
s>        ( QUESTION6 -1 1.424e+03 1.510e+02 8.503e+01
s>            ( - 4.748e+02 1 0)
s>            ( - 7.978e+02 1 0)))INFO: dtree.c(1315): Comp split 28
INFO: dtree.c(1439): stop. leaf nodes are specific
INFO: dtree.c(1478): Final simple tree
|( QUESTION0_7_R 1 8.127e+03 2.698e+02 4.076e+02
|    ( QUESTION14 -1 6.875e+03 2.146e+02 3.480e+02
|        ( - 1.392e+03 1 0)
|        ( QUESTION11 -1 5.268e+03 2.112e+02 2.698e+02
|            ( - 1.267e+03 1 0)
|            ( QUESTION6 -1 3.790e+03 1.770e+02 1.995e+02
|                ( - 1.258e+03 1 0)
|                ( - 2.355e+03 1 0))))
|    ( - 9.821e+02 1 0))
s>    ( QUESTION0_7_R 1 8.127e+03 2.698e+02 4.076e+02
s>        ( QUESTION14 -1 6.875e+03 2.146e+02 3.480e+02
s>            ( - 1.392e+03 1 0)
s>            ( QUESTION11 -1 5.268e+03 2.112e+02 2.698e+02
s>                ( - 1.267e+03 1 0)
s>                ( QUESTION6 -1 3.790e+03 1.770e+02 1.995e+02
s>                    ( - 1.258e+03 1 0)
s>                    ( - 2.355e+03 1 0))))
s>        ( - 9.821e+02 1 0))INFO: dtree.c(1439): stop. leaf nodes are specific
INFO: dtree.c(1478): Final simple tree
|( QUESTION15 -1 6.192e+03 3.051e+02 3.155e+02
|    ( QUESTION2_0_L -1 3.909e+03 2.111e+02 2.051e+02
|        ( - 2.438e+03 1 0)
|        ( - 1.260e+03 1 0))
|    ( WDBNDRY_E 0 1.978e+03 1.721e+02 1.105e+02
|        ( QUESTION0 -1 9.711e+02 1.080e+02 5.634e+01
|            ( - 4.421e+02 1 0)
|            ( - 4.210e+02 1 0))
|        ( - 8.346e+02 1 0)))
s>    ( QUESTION15 -1 6.192e+03 3.051e+02 3.155e+02
s>        ( QUESTION2_0_L -1 3.909e+03 2.111e+02 2.051e+02
s>            ( - 2.438e+03 1 0)
s>            ( - 1.260e+03 1 0))
s>        ( WDBNDRY_E 0 1.978e+03 1.721e+02 1.105e+02
s>            ( QUESTION0 -1 9.711e+02 1.080e+02 5.634e+01
s>                ( - 4.421e+02 1 0)
s>                ( - 4.210e+02 1 0))
s>            ( - 8.346e+02 1 0)))INFO: dtree.c(1315): Comp split 29
INFO: dtree.c(1439): stop. leaf nodes are specific
INFO: dtree.c(1478): Final simple tree
|( QUESTION10 -1 9.922e+03 3.103e+02 5.328e+02
|    ( - 7.068e+03 1 0)
|    ( - 2.543e+03 1 0))
s>    ( QUESTION10 -1 9.922e+03 3.103e+02 5.328e+02
s>        ( - 7.068e+03 1 0)
s>        ( - 2.543e+03 1 0))INFO: dtree.c(1439): stop. leaf nodes are specific
INFO: dtree.c(1478): Final simple tree
|( QUESTION10 -1 2.562e+04 2.955e+02 1.375e+03
|    ( - 5.092e+03 1 0)
|    ( - 2.023e+04 1 0))
s>    ( QUESTION10 -1 2.562e+04 2.955e+02 1.375e+03
s>        ( - 5.092e+03 1 0)
s>        ( - 2.023e+04 1 0))INFO: dtree.c(1315): Comp split 30
INFO: dtree.c(1439): stop. leaf nodes are specific
INFO: dtree.c(1478): Final simple tree
|( QUESTION0_0_R 1 2.399e+03 2.197e+02 1.311e+02
|    ( - 8.547e+02 1 0)
|    ( QUESTION12 -1 1.325e+03 1.348e+02 8.087e+01
|        ( - 3.438e+02 1 0)
|        ( - 8.460e+02 1 0)))
s>    ( QUESTION0_0_R 1 2.399e+03 2.197e+02 1.311e+02
s>        ( - 8.547e+02 1 0)
s>        ( QUESTION12 -1 1.325e+03 1.348e+02 8.087e+01
s>            ( - 3.438e+02 1 0)
s>            ( - 8.460e+02 1 0)))INFO: dtree.c(1439): stop. leaf nodes are specific
INFO: dtree.c(1478): Final simple tree
|( QUESTION0_20_R 1 3.930e+03 2.859e+02 1.962e+02
|    ( QUESTION11 -1 6.870e+02 9.012e+01 4.503e+01
|        ( - 2.724e+02 1 0)
|        ( - 3.244e+02 1 0))
|    ( - 2.957e+03 1 0))
s>    ( QUESTION0_20_R 1 3.930e+03 2.859e+02 1.962e+02
s>        ( QUESTION11 -1 6.870e+02 9.012e+01 4.503e+01
s>            ( - 2.724e+02 1 0)
s>            ( - 3.244e+02 1 0))
s>        ( - 2.957e+03 1 0))INFO: dtree.c(1315): Comp split 31
INFO: dtree.c(1439): stop. leaf nodes are specific
INFO: dtree.c(1478): Final simple tree
|( QUESTION6 -1 4.874e+03 1.975e+02 3.337e+02
|    ( QUESTION10 -1 3.032e+03 1.444e+02 2.210e+02
|        ( QUESTION11 -1 6.408e+02 4.967e+01 6.097e+01
|            ( - 3.169e+02 1 0)
|            ( - 2.742e+02 1 0))
|        ( - 2.247e+03 1 0))
|    ( QUESTION17 -1 1.644e+03 1.133e+02 1.127e+02
|        ( - 2.264e+02 1 0)
|        ( - 1.305e+03 1 0)))
s>    ( QUESTION6 -1 4.874e+03 1.975e+02 3.337e+02
s>        ( QUESTION10 -1 3.032e+03 1.444e+02 2.210e+02
s>            ( QUESTION11 -1 6.408e+02 4.967e+01 6.097e+01
s>                ( - 3.169e+02 1 0)
s>                ( - 2.742e+02 1 0))
s>            ( - 2.247e+03 1 0))
s>        ( QUESTION17 -1 1.644e+03 1.133e+02 1.127e+02
s>            ( - 2.264e+02 1 0)
s>            ( - 1.305e+03 1 0)))INFO: dtree.c(1439): stop. leaf nodes are specific
INFO: dtree.c(1478): Final simple tree
|( QUESTION10 -1 1.052e+03 1.209e+02 6.574e+01
|    ( - 4.288e+02 1 0)
|    ( - 5.023e+02 1 0))
s>    ( QUESTION10 -1 1.052e+03 1.209e+02 6.574e+01
s>        ( - 4.288e+02 1 0)
s>        ( - 5.023e+02 1 0))INFO: dtree.c(1315): Comp split 32
INFO: dtree.c(1439): stop. leaf nodes are specific
INFO: dtree.c(1478): Final simple tree
|( QUESTION14 -1 4.390e+03 2.726e+02 2.335e+02
|    ( - 7.656e+02 1 0)
|    ( QUESTION0_19_R 1 3.352e+03 2.327e+02 1.892e+02
|        ( WDBNDRY_E 0 2.255e+03 1.728e+02 1.346e+02
|            ( QUESTION6 -1 1.028e+03 9.801e+01 6.619e+01
|                ( - 3.200e+02 1 0)
|                ( - 6.103e+02 1 0))
|            ( QUESTION6 -1 1.054e+03 1.235e+02 6.838e+01
|                ( - 4.728e+02 1 0)
|                ( - 4.575e+02 1 0)))
|        ( QUESTION6 -1 8.640e+02 9.132e+01 5.464e+01
|            ( - 4.045e+02 1 0)
|            ( - 3.681e+02 1 0))))
s>    ( QUESTION14 -1 4.390e+03 2.726e+02 2.335e+02
s>        ( - 7.656e+02 1 0)
s>        ( QUESTION0_19_R 1 3.352e+03 2.327e+02 1.892e+02
s>            ( WDBNDRY_E 0 2.255e+03 1.728e+02 1.346e+02
s>                ( QUESTION6 -1 1.028e+03 9.801e+01 6.619e+01
s>                    ( - 3.200e+02 1 0)
s>                    ( - 6.103e+02 1 0))
s>                ( QUESTION6 -1 1.054e+03 1.235e+02 6.838e+01
s>                    ( - 4.728e+02 1 0)
s>                    ( - 4.575e+02 1 0)))
s>            ( QUESTION6 -1 8.640e+02 9.132e+01 5.464e+01
s>                ( - 4.045e+02 1 0)
s>                ( - 3.681e+02 1 0))))INFO: dtree.c(1439): stop. leaf nodes are specific
INFO: dtree.c(1478): Final simple tree
|( QUESTION10 -1 3.241e+03 2.026e+02 1.940e+02
|    ( - 1.408e+03 1 0)
|    ( QUESTION0 -1 1.630e+03 1.305e+02 9.744e+01
|        ( - 3.845e+02 1 0)
|        ( - 1.115e+03 1 0)))
s>    ( QUESTION10 -1 3.241e+03 2.026e+02 1.940e+02
s>        ( - 1.408e+03 1 0)
s>        ( QUESTION0 -1 1.630e+03 1.305e+02 9.744e+01
s>            ( - 3.845e+02 1 0)
s>            ( - 1.115e+03 1 0)))INFO: dtree.c(1315): Comp split 33
INFO: dtree.c(1439): stop. leaf nodes are specific
INFO: dtree.c(1478): Final simple tree
|( QUESTION0_7_R 1 5.921e+03 3.031e+02 3.046e+02
|    ( - 2.144e+03 1 0)
|    ( QUESTION6 -1 3.473e+03 2.022e+02 1.847e+02
|        ( - 1.031e+03 1 0)
|        ( - 2.240e+03 1 0)))
s>    ( QUESTION0_7_R 1 5.921e+03 3.031e+02 3.046e+02
s>        ( - 2.144e+03 1 0)
s>        ( QUESTION6 -1 3.473e+03 2.022e+02 1.847e+02
s>            ( - 1.031e+03 1 0)
s>            ( - 2.240e+03 1 0)))INFO: dtree.c(1439): stop. leaf nodes are specific
INFO: dtree.c(1478): Final simple tree
|( QUESTION7 -1 5.380e+03 1.927e+02 2.685e+02
|    ( - 5.811e+02 1 0)
|    ( - 4.606e+03 3 0))
s>    ( QUESTION7 -1 5.380e+03 1.927e+02 2.685e+02
s>        ( - 5.811e+02 1 0)
s>        ( - 4.606e+03 3 0))INFO: dtree.c(1315): Comp split 34
INFO: dtree.c(1439): stop. leaf nodes are specific
INFO: dtree.c(1478): Final simple tree
|( QUESTION0_0_R 1 2.489e+03 2.283e+02 1.422e+02
|    ( - 1.318e+03 1 0)
|    ( WDBNDRY_E 0 9.424e+02 1.167e+02 5.816e+01
|        ( - 4.566e+02 1 0)
|        ( - 3.692e+02 1 0)))
s>    ( QUESTION0_0_R 1 2.489e+03 2.283e+02 1.422e+02
s>        ( - 1.318e+03 1 0)
s>        ( WDBNDRY_E 0 9.424e+02 1.167e+02 5.816e+01
s>            ( - 4.566e+02 1 0)
s>            ( - 3.692e+02 1 0)))INFO: dtree.c(1315): Comp split 35
INFO: dtree.c(1315): Comp split 36
INFO: dtree.c(1315): Comp split 37
INFO: dtree.c(1439): stop. leaf nodes are specific
INFO: dtree.c(1478): Final simple tree
|( WDBNDRY_E 0 6.394e+03 2.323e+02 3.462e+02
|    ( - 2.597e+03 1 0)
|    ( QUESTION0_15_R 1 3.565e+03 1.540e+02 1.944e+02
|        ( - 4.670e+02 1 0)
|        ( - 2.943e+03 1 0)))
s>    ( WDBNDRY_E 0 6.394e+03 2.323e+02 3.462e+02
s>        ( - 2.597e+03 1 0)
s>        ( QUESTION0_15_R 1 3.565e+03 1.540e+02 1.944e+02
s>            ( - 4.670e+02 1 0)
s>            ( - 2.943e+03 1 0)))INFO: dtree.c(1439): stop. leaf nodes are specific
INFO: dtree.c(1478): Final simple tree
|( QUESTION7 -1 3.825e+03 2.104e+02 1.986e+02
|    ( QUESTION8 -1 1.929e+03 1.653e+02 1.062e+02
|        ( - 1.279e+03 1 0)
|        ( - 4.838e+02 1 0))
|    ( QUESTION0_15_R 1 1.686e+03 1.745e+02 9.244e+01
|        ( WDBNDRY_E 0 1.124e+03 1.095e+02 6.311e+01
|            ( - 5.484e+02 1 0)
|            ( - 4.663e+02 1 0))
|        ( - 3.876e+02 1 0)))
s>    ( QUESTION7 -1 3.825e+03 2.104e+02 1.986e+02
s>        ( QUESTION8 -1 1.929e+03 1.653e+02 1.062e+02
s>            ( - 1.279e+03 1 0)
s>            ( - 4.838e+02 1 0))
s>        ( QUESTION0_15_R 1 1.686e+03 1.745e+02 9.244e+01
s>            ( WDBNDRY_E 0 1.124e+03 1.095e+02 6.311e+01
s>                ( - 5.484e+02 1 0)
s>                ( - 4.663e+02 1 0))
s>            ( - 3.876e+02 1 0)))INFO: dtree.c(1315): Comp split 38
INFO: dtree.c(1439): stop. leaf nodes are specific
INFO: dtree.c(1478): Final simple tree
|( QUESTION6 -1 3.476e+03 2.344e+02 1.836e+02
|    ( - 2.349e+03 2 0)
|    ( - 8.925e+02 1 0))
s>    ( QUESTION6 -1 3.476e+03 2.344e+02 1.836e+02
s>        ( - 2.349e+03 2 0)
s>        ( - 8.925e+02 1 0))INFO: dtree.c(1315): Comp split 39
INFO: dtree.c(1439): stop. leaf nodes are specific
INFO: dtree.c(1478): Final simple tree
|( QUESTION11 -1 4.872e+03 2.170e+02 2.664e+02
|    ( QUESTION12 -1 2.698e+03 1.568e+02 1.552e+02
|        ( - 1.061e+03 1 0)
|        ( - 1.480e+03 1 0))
|    ( QUESTION7 -1 1.957e+03 1.190e+02 1.112e+02
|        ( - 4.170e+02 1 0)
|        ( - 1.421e+03 1 0)))
s>    ( QUESTION11 -1 4.872e+03 2.170e+02 2.664e+02
s>        ( QUESTION12 -1 2.698e+03 1.568e+02 1.552e+02
s>            ( - 1.061e+03 1 0)
s>            ( - 1.480e+03 1 0))
s>        ( QUESTION7 -1 1.957e+03 1.190e+02 1.112e+02
s>            ( - 4.170e+02 1 0)
s>            ( - 1.421e+03 1 0)))INFO: dtree.c(1315): Comp split 40
INFO: dtree.c(1439): stop. leaf nodes are specific
INFO: dtree.c(1478): Final simple tree
|( QUESTION14 -1 5.397e+03 2.153e+02 2.777e+02
|    ( - 1.392e+03 1 0)
|    ( QUESTION6 -1 3.790e+03 1.770e+02 1.995e+02
|        ( - 1.258e+03 1 0)
|        ( - 2.355e+03 1 0)))
s>    ( QUESTION14 -1 5.397e+03 2.153e+02 2.777e+02
s>        ( - 1.392e+03 1 0)
s>        ( QUESTION6 -1 3.790e+03 1.770e+02 1.995e+02
s>            ( - 1.258e+03 1 0)
s>            ( - 2.355e+03 1 0)))INFO: dtree.c(1439): stop. leaf nodes are specific
INFO: dtree.c(1478): Final simple tree
|( QUESTION0_7_R 1 2.415e+03 1.660e+02 1.299e+02
|    ( - 1.267e+03 1 0)
|    ( - 9.821e+02 1 0))
s>    ( QUESTION0_7_R 1 2.415e+03 1.660e+02 1.299e+02
s>        ( - 1.267e+03 1 0)
s>        ( - 9.821e+02 1 0))INFO: dtree.c(1315): Comp split 41
INFO: dtree.c(1315): Comp split 42
INFO: dtree.c(1439): stop. leaf nodes are specific
INFO: dtree.c(1478): Final simple tree
|( WDBNDRY_E 0 1.978e+03 1.721e+02 1.105e+02
|    ( QUESTION0 -1 9.711e+02 1.080e+02 5.634e+01
|        ( - 4.421e+02 1 0)
|        ( - 4.210e+02 1 0))
|    ( - 8.346e+02 1 0))
s>    ( WDBNDRY_E 0 1.978e+03 1.721e+02 1.105e+02
s>        ( QUESTION0 -1 9.711e+02 1.080e+02 5.634e+01
s>            ( - 4.421e+02 1 0)
s>            ( - 4.210e+02 1 0))
s>        ( - 8.346e+02 1 0))INFO: dtree.c(1439): stop. leaf nodes are specific
INFO: dtree.c(1478): Final simple tree
|( QUESTION2_0_L -1 3.909e+03 2.111e+02 2.051e+02
|    ( - 2.438e+03 1 0)
|    ( - 1.260e+03 1 0))
s>    ( QUESTION2_0_L -1 3.909e+03 2.111e+02 2.051e+02
s>        ( - 2.438e+03 1 0)
s>        ( - 1.260e+03 1 0))INFO: dtree.c(1315): Comp split 43
INFO: dtree.c(1439): stop. leaf nodes are specific
INFO: dtree.c(1478): Final simple tree
|( QUESTION6 -1 3.473e+03 2.022e+02 1.847e+02
|    ( - 1.031e+03 1 0)
|    ( - 2.240e+03 1 0))
s>    ( QUESTION6 -1 3.473e+03 2.022e+02 1.847e+02
s>        ( - 1.031e+03 1 0)
s>        ( - 2.240e+03 1 0))INFO: dtree.c(1315): Comp split 44
INFO: dtree.c(1439): stop. leaf nodes are specific
INFO: dtree.c(1478): Final simple tree
|( WDBNDRY_E 0 2.255e+03 1.728e+02 1.346e+02
|    ( QUESTION6 -1 1.028e+03 9.801e+01 6.619e+01
|        ( - 3.200e+02 1 0)
|        ( - 6.103e+02 1 0))
|    ( QUESTION6 -1 1.054e+03 1.235e+02 6.838e+01
|        ( - 4.728e+02 1 0)
|        ( - 4.575e+02 1 0)))
s>    ( WDBNDRY_E 0 2.255e+03 1.728e+02 1.346e+02
s>        ( QUESTION6 -1 1.028e+03 9.801e+01 6.619e+01
s>            ( - 3.200e+02 1 0)
s>            ( - 6.103e+02 1 0))
s>        ( QUESTION6 -1 1.054e+03 1.235e+02 6.838e+01
s>            ( - 4.728e+02 1 0)
s>            ( - 4.575e+02 1 0)))INFO: dtree.c(1439): stop. leaf nodes are specific
INFO: dtree.c(1478): Final simple tree
|( QUESTION0_19_R 1 1.834e+03 2.046e+02 9.895e+01
|    ( - 7.656e+02 1 0)
|    ( QUESTION6 -1 8.640e+02 9.132e+01 5.464e+01
|        ( - 4.045e+02 1 0)
|        ( - 3.681e+02 1 0)))
s>    ( QUESTION0_19_R 1 1.834e+03 2.046e+02 9.895e+01
s>        ( - 7.656e+02 1 0)
s>        ( QUESTION6 -1 8.640e+02 9.132e+01 5.464e+01
s>            ( - 4.045e+02 1 0)
s>            ( - 3.681e+02 1 0)))INFO: dtree.c(1315): Comp split 45
INFO: dtree.c(1315): Comp split 46
INFO: dtree.c(1439): stop. leaf nodes are specific
INFO: dtree.c(1478): Final simple tree
|( QUESTION11 -1 6.870e+02 9.012e+01 4.503e+01
|    ( - 2.724e+02 1 0)
|    ( - 3.244e+02 1 0))
s>    ( QUESTION11 -1 6.870e+02 9.012e+01 4.503e+01
s>        ( - 2.724e+02 1 0)
s>        ( - 3.244e+02 1 0))INFO: dtree.c(1315): Comp split 47
INFO: dtree.c(1439): stop. leaf nodes are specific
INFO: dtree.c(1478): Final simple tree
|( WDBNDRY_E 0 2.708e+03 1.859e+02 1.468e+02
|    ( - 1.699e+03 1 0)
|    ( - 8.226e+02 1 0))
s>    ( WDBNDRY_E 0 2.708e+03 1.859e+02 1.468e+02
s>        ( - 1.699e+03 1 0)
s>        ( - 8.226e+02 1 0))INFO: dtree.c(1315): Comp split 48
INFO: dtree.c(1439): stop. leaf nodes are specific
INFO: dtree.c(1478): Final simple tree
|( WDBNDRY_E 0 1.710e+03 1.387e+02 9.943e+01
|    ( - 8.096e+02 1 0)
|    ( - 7.620e+02 1 0))
s>    ( WDBNDRY_E 0 1.710e+03 1.387e+02 9.943e+01
s>        ( - 8.096e+02 1 0)
s>        ( - 7.620e+02 1 0))INFO: dtree.c(1439): stop. leaf nodes are specific
INFO: dtree.c(1478): Final simple tree
|( WDBNDRY_E 0 6.334e+03 2.116e+02 3.500e+02
|    ( QUESTION6 -1 2.086e+03 1.046e+02 1.263e+02
|        ( - 1.472e+03 1 0)
|        ( - 5.097e+02 1 0))
|    ( QUESTION2_14_L -1 4.036e+03 2.022e+02 2.237e+02
|        ( - 1.790e+03 1 0)
|        ( QUESTION7 -1 2.044e+03 1.559e+02 1.203e+02
|            ( - 6.308e+02 1 0)
|            ( QUESTION6 -1 1.257e+03 1.000e+02 7.779e+01
|                ( - 5.975e+02 1 0)
|                ( - 5.600e+02 1 0)))))
s>    ( WDBNDRY_E 0 6.334e+03 2.116e+02 3.500e+02
s>        ( QUESTION6 -1 2.086e+03 1.046e+02 1.263e+02
s>            ( - 1.472e+03 1 0)
s>            ( - 5.097e+02 1 0))
s>        ( QUESTION2_14_L -1 4.036e+03 2.022e+02 2.237e+02
s>            ( - 1.790e+03 1 0)
s>            ( QUESTION7 -1 2.044e+03 1.559e+02 1.203e+02
s>                ( - 6.308e+02 1 0)
s>                ( QUESTION6 -1 1.257e+03 1.000e+02 7.779e+01
s>                    ( - 5.975e+02 1 0)
s>                    ( - 5.600e+02 1 0)))))INFO: dtree.c(1315): Comp split 49
INFO: dtree.c(1439): stop. leaf nodes are specific
INFO: dtree.c(1478): Final simple tree
|( QUESTION6 -1 4.933e+03 2.335e+02 2.659e+02
|    ( QUESTION10 -1 2.866e+03 1.601e+02 1.606e+02
|        ( - 1.910e+03 2 0)
|        ( - 7.955e+02 1 0))
|    ( - 1.834e+03 1 0))
s>    ( QUESTION6 -1 4.933e+03 2.335e+02 2.659e+02
s>        ( QUESTION10 -1 2.866e+03 1.601e+02 1.606e+02
s>            ( - 1.910e+03 2 0)
s>            ( - 7.955e+02 1 0))
s>        ( - 1.834e+03 1 0))INFO: dtree.c(1315): Comp split 50
INFO: dtree.c(1315): Comp split 51
INFO: dtree.c(1439): stop. leaf nodes are specific
INFO: dtree.c(1478): Final simple tree
|( QUESTION6 -1 1.424e+03 1.510e+02 8.503e+01
|    ( - 4.748e+02 1 0)
|    ( - 7.978e+02 1 0))
s>    ( QUESTION6 -1 1.424e+03 1.510e+02 8.503e+01
s>        ( - 4.748e+02 1 0)
s>        ( - 7.978e+02 1 0))INFO: dtree.c(1315): Comp split 52
INFO: dtree.c(1439): stop. leaf nodes are specific
INFO: dtree.c(1478): Final simple tree
|( QUESTION1 -1 4.146e+03 1.913e+02 2.201e+02
|    ( - 8.661e+02 1 0)
|    ( QUESTION0 -1 3.089e+03 1.169e+02 1.712e+02
|        ( - 2.540e+03 1 0)
|        ( - 4.325e+02 1 0)))
s>    ( QUESTION1 -1 4.146e+03 1.913e+02 2.201e+02
s>        ( - 8.661e+02 1 0)
s>        ( QUESTION0 -1 3.089e+03 1.169e+02 1.712e+02
s>            ( - 2.540e+03 1 0)
s>            ( - 4.325e+02 1 0)))INFO: dtree.c(1439): stop. leaf nodes are specific
INFO: dtree.c(1478): Final simple tree
|( QUESTION6 -1 3.049e+03 1.535e+02 1.722e+02
|    ( - 5.446e+02 1 0)
|    ( - 2.351e+03 2 0))
s>    ( QUESTION6 -1 3.049e+03 1.535e+02 1.722e+02
s>        ( - 5.446e+02 1 0)
s>        ( - 2.351e+03 2 0))INFO: dtree.c(1315): Comp split 53
INFO: dtree.c(1439): stop. leaf nodes are specific
INFO: dtree.c(1478): Final simple tree
|( WDBNDRY_E 0 3.195e+03 1.314e+02 1.833e+02
|    ( - 2.597e+03 1 0)
|    ( - 4.670e+02 1 0))
s>    ( WDBNDRY_E 0 3.195e+03 1.314e+02 1.833e+02
s>        ( - 2.597e+03 1 0)
s>        ( - 4.670e+02 1 0))INFO: dtree.c(1315): Comp split 54
INFO: dtree.c(1315): Comp split 55
INFO: dtree.c(1315): Comp split 56
INFO: dtree.c(1315): Comp split 57
INFO: dtree.c(1439): stop. leaf nodes are specific
INFO: dtree.c(1478): Final simple tree
|( QUESTION7 -1 1.746e+03 1.383e+02 9.524e+01
|    ( - 4.838e+02 1 0)
|    ( WDBNDRY_E 0 1.124e+03 1.095e+02 6.311e+01
|        ( - 5.484e+02 1 0)
|        ( - 4.663e+02 1 0)))
s>    ( QUESTION7 -1 1.746e+03 1.383e+02 9.524e+01
s>        ( - 4.838e+02 1 0)
s>        ( WDBNDRY_E 0 1.124e+03 1.095e+02 6.311e+01
s>            ( - 5.484e+02 1 0)
s>            ( - 4.663e+02 1 0)))INFO: dtree.c(1439): stop. leaf nodes are specific
INFO: dtree.c(1478): Final simple tree
|( QUESTION0_15_R 1 1.842e+03 1.744e+02 1.034e+02
|    ( - 1.279e+03 1 0)
|    ( - 3.876e+02 1 0))
s>    ( QUESTION0_15_R 1 1.842e+03 1.744e+02 1.034e+02
s>        ( - 1.279e+03 1 0)
s>        ( - 3.876e+02 1 0))INFO: dtree.c(1315): Comp split 58
INFO: dtree.c(1315): Comp split 59
INFO: dtree.c(1439): stop. leaf nodes are specific
INFO: dtree.c(1478): Final simple tree
|( QUESTION10 -1 2.866e+03 1.601e+02 1.606e+02
|    ( - 1.910e+03 2 0)
|    ( - 7.955e+02 1 0))
s>    ( QUESTION10 -1 2.866e+03 1.601e+02 1.606e+02
s>        ( - 1.910e+03 2 0)
s>        ( - 7.955e+02 1 0))INFO: dtree.c(1315): Comp split 60
INFO: dtree.c(1439): stop. leaf nodes are specific
INFO: dtree.c(1478): Final simple tree
|( WDBNDRY_B 0 1.002e+03 1.379e+02 5.525e+01
|    ( - 2.729e+02 1 0)
|    ( - 5.914e+02 1 0))
s>    ( WDBNDRY_B 0 1.002e+03 1.379e+02 5.525e+01
s>        ( - 2.729e+02 1 0)
s>        ( - 5.914e+02 1 0))INFO: dtree.c(1315): Comp split 61
INFO: dtree.c(1439): stop. leaf nodes are specific
INFO: dtree.c(1478): Final simple tree
|( WDBNDRY_E 0 9.424e+02 1.167e+02 5.816e+01
|    ( - 4.566e+02 1 0)
|    ( - 3.692e+02 1 0))
s>    ( WDBNDRY_E 0 9.424e+02 1.167e+02 5.816e+01
s>        ( - 4.566e+02 1 0)
s>        ( - 3.692e+02 1 0))INFO: dtree.c(1315): Comp split 62
INFO: dtree.c(1439): stop. leaf nodes are specific
INFO: dtree.c(1478): Final simple tree
|( QUESTION12 -1 3.223e+03 1.549e+02 1.841e+02
|    ( - 1.061e+03 1 0)
|    ( QUESTION7 -1 2.007e+03 1.097e+02 1.162e+02
|        ( - 4.170e+02 1 0)
|        ( - 1.480e+03 1 0)))
s>    ( QUESTION12 -1 3.223e+03 1.549e+02 1.841e+02
s>        ( - 1.061e+03 1 0)
s>        ( QUESTION7 -1 2.007e+03 1.097e+02 1.162e+02
s>            ( - 4.170e+02 1 0)
s>            ( - 1.480e+03 1 0)))INFO: dtree.c(1315): Comp split 63
INFO: dtree.c(1439): stop. leaf nodes are specific
INFO: dtree.c(1478): Final simple tree
|( WDBNDRY_E 0 3.937e+03 1.618e+02 2.342e+02
|    ( - 1.303e+03 1 0)
|    ( - 2.472e+03 1 0))
s>    ( WDBNDRY_E 0 3.937e+03 1.618e+02 2.342e+02
s>        ( - 1.303e+03 1 0)
s>        ( - 2.472e+03 1 0))INFO: dtree.c(1315): Comp split 64
INFO: dtree.c(1439): stop. leaf nodes are specific
INFO: dtree.c(1478): Final simple tree
|( QUESTION2_0_L -1 3.237e+03 1.903e+02 1.812e+02
|    ( QUESTION6 -1 1.257e+03 1.000e+02 7.779e+01
|        ( - 5.975e+02 1 0)
|        ( - 5.600e+02 1 0))
|    ( - 1.790e+03 1 0))
s>    ( QUESTION2_0_L -1 3.237e+03 1.903e+02 1.812e+02
s>        ( QUESTION6 -1 1.257e+03 1.000e+02 7.779e+01
s>            ( - 5.975e+02 1 0)
s>            ( - 5.600e+02 1 0))
s>        ( - 1.790e+03 1 0))INFO: dtree.c(1439): stop. leaf nodes are specific
INFO: dtree.c(1478): Final simple tree
|( QUESTION9 -1 2.873e+03 1.569e+02 1.689e+02
|    ( - 1.472e+03 1 0)
|    ( WDBNDRY_E 0 1.244e+03 1.037e+02 7.773e+01
|        ( - 5.097e+02 1 0)
|        ( - 6.308e+02 1 0)))
s>    ( QUESTION9 -1 2.873e+03 1.569e+02 1.689e+02
s>        ( - 1.472e+03 1 0)
s>        ( WDBNDRY_E 0 1.244e+03 1.037e+02 7.773e+01
s>            ( - 5.097e+02 1 0)
s>            ( - 6.308e+02 1 0)))INFO: dtree.c(1315): Comp split 65
INFO: dtree.c(1439): stop. leaf nodes are specific
INFO: dtree.c(1478): Final simple tree
|( QUESTION12 -1 1.325e+03 1.348e+02 8.087e+01
|    ( - 3.438e+02 1 0)
|    ( - 8.460e+02 1 0))
s>    ( QUESTION12 -1 1.325e+03 1.348e+02 8.087e+01
s>        ( - 3.438e+02 1 0)
s>        ( - 8.460e+02 1 0))INFO: dtree.c(1315): Comp split 66
INFO: dtree.c(1439): stop. leaf nodes are specific
INFO: dtree.c(1478): Final simple tree
|( QUESTION6 -1 3.790e+03 1.770e+02 1.995e+02
|    ( - 1.258e+03 1 0)
|    ( - 2.355e+03 1 0))
s>    ( QUESTION6 -1 3.790e+03 1.770e+02 1.995e+02
s>        ( - 1.258e+03 1 0)
s>        ( - 2.355e+03 1 0))INFO: dtree.c(1315): Comp split 67
INFO: dtree.c(1315): Comp split 68
INFO: dtree.c(1439): stop. leaf nodes are specific
INFO: dtree.c(1478): Final simple tree
|( QUESTION6 -1 8.640e+02 9.132e+01 5.464e+01
|    ( - 4.045e+02 1 0)
|    ( - 3.681e+02 1 0))
s>    ( QUESTION6 -1 8.640e+02 9.132e+01 5.464e+01
s>        ( - 4.045e+02 1 0)
s>        ( - 3.681e+02 1 0))INFO: dtree.c(1315): Comp split 69
INFO: dtree.c(1439): stop. leaf nodes are specific
INFO: dtree.c(1478): Final simple tree
|( QUESTION0 -1 1.630e+03 1.305e+02 9.744e+01
|    ( - 3.845e+02 1 0)
|    ( - 1.115e+03 1 0))
s>    ( QUESTION0 -1 1.630e+03 1.305e+02 9.744e+01
s>        ( - 3.845e+02 1 0)
s>        ( - 1.115e+03 1 0))INFO: dtree.c(1315): Comp split 70
INFO: dtree.c(1315): Comp split 71
INFO: dtree.c(1439): stop. leaf nodes are specific
INFO: dtree.c(1478): Final simple tree
|( QUESTION2_8_L -1 2.064e+03 1.479e+02 1.447e+02
|    ( - 1.305e+03 1 0)
|    ( QUESTION6 -1 6.114e+02 6.806e+01 5.198e+01
|        ( - 3.169e+02 1 0)
|        ( - 2.264e+02 1 0)))
s>    ( QUESTION2_8_L -1 2.064e+03 1.479e+02 1.447e+02
s>        ( - 1.305e+03 1 0)
s>        ( QUESTION6 -1 6.114e+02 6.806e+01 5.198e+01
s>            ( - 3.169e+02 1 0)
s>            ( - 2.264e+02 1 0)))INFO: dtree.c(1439): stop. leaf nodes are specific
INFO: dtree.c(1478): Final simple tree
|( QUESTION10 -1 2.611e+03 8.989e+01 1.890e+02
|    ( - 2.742e+02 1 0)
|    ( - 2.247e+03 1 0))
s>    ( QUESTION10 -1 2.611e+03 8.989e+01 1.890e+02
s>        ( - 2.742e+02 1 0)
s>        ( - 2.247e+03 1 0))INFO: dtree.c(1315): Comp split 72
INFO: dtree.c(1315): Comp split 73
INFO: dtree.c(1439): stop. leaf nodes are specific
INFO: dtree.c(1478): Final simple tree
|( QUESTION0 -1 3.089e+03 1.169e+02 1.712e+02
|    ( - 2.540e+03 1 0)
|    ( - 4.325e+02 1 0))
s>    ( QUESTION0 -1 3.089e+03 1.169e+02 1.712e+02
s>        ( - 2.540e+03 1 0)
s>        ( - 4.325e+02 1 0))INFO: dtree.c(1315): Comp split 74
INFO: dtree.c(1439): stop. leaf nodes are specific
INFO: dtree.c(1478): Final simple tree
|( QUESTION6 -1 1.257e+03 1.000e+02 7.779e+01
|    ( - 5.975e+02 1 0)
|    ( - 5.600e+02 1 0))
s>    ( QUESTION6 -1 1.257e+03 1.000e+02 7.779e+01
s>        ( - 5.975e+02 1 0)
s>        ( - 5.600e+02 1 0))INFO: dtree.c(1315): Comp split 75
INFO: dtree.c(1315): Comp split 76
INFO: dtree.c(1315): Comp split 77
INFO: dtree.c(1315): Comp split 78
INFO: dtree.c(1439): stop. leaf nodes are specific
INFO: dtree.c(1478): Final simple tree
|( QUESTION6 -1 1.054e+03 1.235e+02 6.838e+01
|    ( - 4.728e+02 1 0)
|    ( - 4.575e+02 1 0))
s>    ( QUESTION6 -1 1.054e+03 1.235e+02 6.838e+01
s>        ( - 4.728e+02 1 0)
s>        ( - 4.575e+02 1 0))INFO: dtree.c(1439): stop. leaf nodes are specific
INFO: dtree.c(1478): Final simple tree
|( QUESTION6 -1 1.028e+03 9.801e+01 6.619e+01
|    ( - 3.200e+02 1 0)
|    ( - 6.103e+02 1 0))
s>    ( QUESTION6 -1 1.028e+03 9.801e+01 6.619e+01
s>        ( - 3.200e+02 1 0)
s>        ( - 6.103e+02 1 0))INFO: dtree.c(1315): Comp split 79
INFO: dtree.c(1439): stop. leaf nodes are specific
INFO: dtree.c(1478): Final simple tree
|( QUESTION0 -1 9.711e+02 1.080e+02 5.634e+01
|    ( - 4.421e+02 1 0)
|    ( - 4.210e+02 1 0))
s>    ( QUESTION0 -1 9.711e+02 1.080e+02 5.634e+01
s>        ( - 4.421e+02 1 0)
s>        ( - 4.210e+02 1 0))INFO: dtree.c(1315): Comp split 80
INFO: dtree.c(1315): Comp split 81
INFO: dtree.c(1315): Comp split 82
INFO: dtree.c(1315): Comp split 83
INFO: dtree.c(1439): stop. leaf nodes are specific
INFO: dtree.c(1478): Final simple tree
|( QUESTION7 -1 1.583e+03 1.051e+02 9.678e+01
|    ( - 4.170e+02 1 0)
|    ( - 1.061e+03 1 0))
s>    ( QUESTION7 -1 1.583e+03 1.051e+02 9.678e+01
s>        ( - 4.170e+02 1 0)
s>        ( - 1.061e+03 1 0))INFO: dtree.c(1315): Comp split 84
INFO: dtree.c(1439): stop. leaf nodes are specific
INFO: dtree.c(1478): Final simple tree
|( WDBNDRY_E 0 1.244e+03 1.037e+02 7.773e+01
|    ( - 5.097e+02 1 0)
|    ( - 6.308e+02 1 0))
s>    ( WDBNDRY_E 0 1.244e+03 1.037e+02 7.773e+01
s>        ( - 5.097e+02 1 0)
s>        ( - 6.308e+02 1 0))INFO: dtree.c(1315): Comp split 85
INFO: dtree.c(1315): Comp split 86
INFO: dtree.c(1315): Comp split 87
INFO: dtree.c(1439): stop. leaf nodes are specific
INFO: dtree.c(1478): Final simple tree
|( QUESTION6 -1 6.114e+02 6.806e+01 5.198e+01
|    ( - 3.169e+02 1 0)
|    ( - 2.264e+02 1 0))
s>    ( QUESTION6 -1 6.114e+02 6.806e+01 5.198e+01
s>        ( - 3.169e+02 1 0)
s>        ( - 2.264e+02 1 0))INFO: dtree.c(1315): Comp split 88
INFO: dtree.c(1315): Comp split 89
INFO: dtree.c(1439): stop. leaf nodes are specific
INFO: dtree.c(1478): Final simple tree
|( WDBNDRY_E 0 1.124e+03 1.095e+02 6.311e+01
|    ( - 5.484e+02 1 0)
|    ( - 4.663e+02 1 0))
s>    ( WDBNDRY_E 0 1.124e+03 1.095e+02 6.311e+01
s>        ( - 5.484e+02 1 0)
s>        ( - 4.663e+02 1 0))INFO: dtree.c(1315): Comp split 90
INFO: dtree.c(1315): Comp split 91
INFO: dtree.c(1315): Comp split 92
INFO: dtree.c(1315): Comp split 93
INFO: dtree.c(1315): Comp split 94
INFO: dtree.c(1315): Comp split 95
INFO: dtree.c(1315): Comp split 96
INFO: dtree.c(1315): Comp split 97
INFO: dtree.c(1315): Comp split 98
INFO: dtree.c(1315): Comp split 99
INFO: dtree.c(1315): Comp split 100
INFO: dtree.c(1315): Comp split 101
INFO: dtree.c(1315): Comp split 102
INFO: dtree.c(1315): Comp split 103
INFO: dtree.c(1315): Comp split 104
INFO: dtree.c(1315): Comp split 105
INFO: dtree.c(1315): Comp split 106
INFO: dtree.c(1315): Comp split 107
INFO: dtree.c(1315): Comp split 108
INFO: dtree.c(1315): Comp split 109
INFO: dtree.c(1318): stop. leaf nodes are specific
Fri Dec  3 07:39:08 2021
