Current configuration:
[NAME]		[DEFLT]	[VALUE]
-allphones	no	no
-cntthresh	0.00001	1.000000e-05
-csplitmax	100	2000
-csplitmin	1	1
-csplitthr	8e-4	0.000000e+00
-example	no	no
-fullvar	no	no
-help		no	no
-meanfn			
-mixwfn			/home/azhar/Tubes_Speech/commandreminder/model_parameters/commandreminder.cd_ptm_untied/mixture_weights
-moddeffn		/home/azhar/Tubes_Speech/commandreminder/model_architecture/commandreminder.untied.mdef
-mwfloor	1e-4	1.000000e-08
-phone			U
-psetfn			/home/azhar/Tubes_Speech/commandreminder/model_architecture/commandreminder.tree_questions
-ssplitmax	5	7
-ssplitmin	1	1
-ssplitthr	8e-4	0.000000e+00
-state			1
-stwt			1.0,0.05,0.0,
-treefn			/home/azhar/Tubes_Speech/commandreminder/trees/commandreminder.unpruned/U-1.dtree
-ts2cbfn	.semi.	.semi.
-varfloor	0.00001	1.000000e-05
-varfn			

INFO: main.c(223): Reading: /home/azhar/Tubes_Speech/commandreminder/model_architecture/commandreminder.untied.mdef
INFO: model_def_io.c(573): Model definition info:
INFO: model_def_io.c(574): 1061 total models defined (31 base, 1030 tri)
INFO: model_def_io.c(575): 4244 total states
INFO: model_def_io.c(576): 3183 total tied states
INFO: model_def_io.c(577): 93 total tied CI states
INFO: model_def_io.c(578): 31 total tied transition matrices
INFO: model_def_io.c(579): 4 max state/model
INFO: model_def_io.c(580): 4 min state/model
INFO: main.c(242): Building trees for [U A L b] through [U Z M i]
INFO: main.c(269): Covering states |[2955 3146]| == 192
INFO: main.c(275): Reading: /home/azhar/Tubes_Speech/commandreminder/model_parameters/commandreminder.cd_ptm_untied/mixture_weights
INFO: s3mixw_io.c(173): Read /home/azhar/Tubes_Speech/commandreminder/model_parameters/commandreminder.cd_ptm_untied/mixture_weights [192x4x64 array]
INFO: main.c(311): 64 of 64 models have observation count greater than 0.000010
INFO: main.c(95): nrm stwt: 0.045 0.909 0.045 
INFO: main.c(411): 64-class entropy: 1.016689e+05
INFO: main.c(549): Reading: /home/azhar/Tubes_Speech/commandreminder/model_architecture/commandreminder.tree_questions
INFO: main.c(588): 174 total simple questions (166 phone; 8 word bndry)
INFO: main.c(590): 40 Left Only questions, and 42 Right Only questions
INFO: dtree.c(1478): Final simple tree
|( SILENCE 1 1.369e+05 5.160e+03 6.235e+03
|    ( - 1.737e+04 4 0 QUESTION11 -1 7.971e+02 9.946e+02)
|    ( QUESTION0_2_R 1 1.144e+05 2.895e+03 5.240e+03
|        ( - 1.560e+04 7 0 QUESTION19 -1 9.413e+02 8.653e+02)
|        ( QUESTION0_18_R 1 9.592e+04 3.065e+03 4.375e+03
|            ( - 2.399e+04 10 0 QUESTION0_19_R 1 9.591e+02 1.246e+03)
|            ( QUESTION0_16_R 1 6.886e+04 1.625e+03 3.129e+03
|                ( - 1.393e+04 9 0 QUESTION2_12_L -1 8.845e+02 6.997e+02)
|                ( QUESTION7 1 5.331e+04 1.304e+03 2.429e+03
|                    ( - 8.282e+03 11 0 QUESTION7 -1 4.484e+02 4.001e+02)
|                    ( QUESTION2_13_L -1 4.372e+04 1.029e+03 2.029e+03
|                        ( - 1.139e+04 7 0 QUESTION15 -1 5.655e+02 5.810e+02)
|                        ( QUESTION2_10_L -1 3.131e+04 1.026e+03 1.448e+03
|                            ( - 6.386e+03 3 0 QUESTION0_9_R 1 3.381e+02 3.430e+02)
|                            ( - 2.389e+04 13 0 QUESTION11 -1 8.944e+02 1.105e+03))))))))
s>    ( SILENCE 1 1.369e+05 5.160e+03 6.235e+03
s>        ( - 1.737e+04 4 0 QUESTION11 -1 7.971e+02 9.946e+02)
s>        ( QUESTION0_2_R 1 1.144e+05 2.895e+03 5.240e+03
s>            ( - 1.560e+04 7 0 QUESTION19 -1 9.413e+02 8.653e+02)
s>            ( QUESTION0_18_R 1 9.592e+04 3.065e+03 4.375e+03
s>                ( - 2.399e+04 10 0 QUESTION0_19_R 1 9.591e+02 1.246e+03)
s>                ( QUESTION0_16_R 1 6.886e+04 1.625e+03 3.129e+03
s>                    ( - 1.393e+04 9 0 QUESTION2_12_L -1 8.845e+02 6.997e+02)
s>                    ( QUESTION7 1 5.331e+04 1.304e+03 2.429e+03
s>                        ( - 8.282e+03 11 0 QUESTION7 -1 4.484e+02 4.001e+02)
s>                        ( QUESTION2_13_L -1 4.372e+04 1.029e+03 2.029e+03
s>                            ( - 1.139e+04 7 0 QUESTION15 -1 5.655e+02 5.810e+02)
s>                            ( QUESTION2_10_L -1 3.131e+04 1.026e+03 1.448e+03
s>                                ( - 6.386e+03 3 0 QUESTION0_9_R 1 3.381e+02 3.430e+02)
s>                                ( - 2.389e+04 13 0 QUESTION11 -1 8.944e+02 1.105e+03))))))))INFO: dtree.c(1315): Comp split 0
INFO: dtree.c(1478): Final simple tree
|( QUESTION0_2_R 1 8.813e+04 2.620e+03 4.140e+03
|    ( QUESTION19 -1 1.560e+04 9.413e+02 8.653e+02
|        ( - 4.647e+03 2 0 QUESTION2_0_L -1 2.748e+02 2.987e+02)
|        ( - 1.001e+04 5 0 QUESTION10 -1 3.800e+02 5.666e+02))
|    ( QUESTION0_16_R 1 6.991e+04 2.201e+03 3.275e+03
|        ( QUESTION0_19_R 1 2.399e+04 9.591e+02 1.246e+03
|            ( - 6.205e+03 5 0 QUESTION12 -1 4.080e+02 3.322e+02)
|            ( - 1.683e+04 5 0 QUESTION9 -1 6.788e+02 9.139e+02))
|        ( QUESTION2_13_L -1 4.372e+04 1.029e+03 2.029e+03
|            ( - 1.139e+04 7 0 QUESTION15 -1 5.655e+02 5.810e+02)
|            ( QUESTION2_10_L -1 3.131e+04 1.026e+03 1.448e+03
|                ( - 6.386e+03 3 0 QUESTION0_9_R 1 3.381e+02 3.430e+02)
|                ( QUESTION11 -1 2.389e+04 8.944e+02 1.105e+03
|                    ( - 5.544e+03 2 0 WDBNDRY_E 0 3.068e+02 2.875e+02)
|                    ( - 1.746e+04 11 0 QUESTION0 -1 6.700e+02 8.173e+02))))))
s>    ( QUESTION0_2_R 1 8.813e+04 2.620e+03 4.140e+03
s>        ( QUESTION19 -1 1.560e+04 9.413e+02 8.653e+02
s>            ( - 4.647e+03 2 0 QUESTION2_0_L -1 2.748e+02 2.987e+02)
s>            ( - 1.001e+04 5 0 QUESTION10 -1 3.800e+02 5.666e+02))
s>        ( QUESTION0_16_R 1 6.991e+04 2.201e+03 3.275e+03
s>            ( QUESTION0_19_R 1 2.399e+04 9.591e+02 1.246e+03
s>                ( - 6.205e+03 5 0 QUESTION12 -1 4.080e+02 3.322e+02)
s>                ( - 1.683e+04 5 0 QUESTION9 -1 6.788e+02 9.139e+02))
s>            ( QUESTION2_13_L -1 4.372e+04 1.029e+03 2.029e+03
s>                ( - 1.139e+04 7 0 QUESTION15 -1 5.655e+02 5.810e+02)
s>                ( QUESTION2_10_L -1 3.131e+04 1.026e+03 1.448e+03
s>                    ( - 6.386e+03 3 0 QUESTION0_9_R 1 3.381e+02 3.430e+02)
s>                    ( QUESTION11 -1 2.389e+04 8.944e+02 1.105e+03
s>                        ( - 5.544e+03 2 0 WDBNDRY_E 0 3.068e+02 2.875e+02)
s>                        ( - 1.746e+04 11 0 QUESTION0 -1 6.700e+02 8.173e+02))))))INFO: dtree.c(1478): Final simple tree
|( SILENCE 1 4.246e+04 2.155e+03 2.094e+03
|    ( QUESTION11 -1 1.737e+04 7.971e+02 9.946e+02
|        ( - 7.135e+03 2 0 QUESTION13 -1 1.915e+02 4.597e+02)
|        ( - 9.437e+03 2 0 QUESTION10 -1 3.455e+02 5.349e+02))
|    ( QUESTION2_12_L -1 2.294e+04 8.829e+02 1.100e+03
|        ( QUESTION7 -1 9.522e+03 5.720e+02 4.871e+02
|            ( - 4.626e+03 2 0)
|            ( - 4.324e+03 6 0 QUESTION11 -1 3.540e+02 2.204e+02))
|        ( QUESTION6 1 1.253e+04 6.106e+02 6.128e+02
|            ( QUESTION6 -1 5.261e+03 3.709e+02 2.617e+02
|                ( - 2.677e+03 3 0 QUESTION0_7_R 1 2.060e+02 1.443e+02)
|                ( - 2.213e+03 4 0 QUESTION8 1 2.477e+02 1.174e+02))
|            ( QUESTION6 -1 6.663e+03 3.892e+02 3.511e+02
|                ( - 4.994e+03 3 0 QUESTION2_1_L -1 2.841e+02 2.730e+02)
|                ( - 1.279e+03 2 0 QUESTION16 -1 1.415e+02 7.806e+01)))))
s>    ( SILENCE 1 4.246e+04 2.155e+03 2.094e+03
s>        ( QUESTION11 -1 1.737e+04 7.971e+02 9.946e+02
s>            ( - 7.135e+03 2 0 QUESTION13 -1 1.915e+02 4.597e+02)
s>            ( - 9.437e+03 2 0 QUESTION10 -1 3.455e+02 5.349e+02))
s>        ( QUESTION2_12_L -1 2.294e+04 8.829e+02 1.100e+03
s>            ( QUESTION7 -1 9.522e+03 5.720e+02 4.871e+02
s>                ( - 4.626e+03 2 0)
s>                ( - 4.324e+03 6 0 QUESTION11 -1 3.540e+02 2.204e+02))
s>            ( QUESTION6 1 1.253e+04 6.106e+02 6.128e+02
s>                ( QUESTION6 -1 5.261e+03 3.709e+02 2.617e+02
s>                    ( - 2.677e+03 3 0 QUESTION0_7_R 1 2.060e+02 1.443e+02)
s>                    ( - 2.213e+03 4 0 QUESTION8 1 2.477e+02 1.174e+02))
s>                ( QUESTION6 -1 6.663e+03 3.892e+02 3.511e+02
s>                    ( - 4.994e+03 3 0 QUESTION2_1_L -1 2.841e+02 2.730e+02)
s>                    ( - 1.279e+03 2 0 QUESTION16 -1 1.415e+02 7.806e+01)))))INFO: dtree.c(1315): Comp split 1
INFO: dtree.c(1478): Final simple tree
|( QUESTION2_13_L -1 4.372e+04 1.029e+03 2.029e+03
|    ( QUESTION15 -1 1.139e+04 5.655e+02 5.810e+02
|        ( WDBNDRY_E 0 6.761e+03 5.023e+02 3.623e+02
|            ( - 2.187e+03 2 0 QUESTION0_7_R 1 1.697e+02 1.282e+02)
|            ( - 4.071e+03 3 0 QUESTION0_0_R 1 1.714e+02 2.341e+02))
|        ( - 4.060e+03 2 0 QUESTION0 -1 1.547e+02 2.187e+02))
|    ( QUESTION2_10_L -1 3.131e+04 1.026e+03 1.448e+03
|        ( - 6.386e+03 3 0 QUESTION0_9_R 1 3.381e+02 3.430e+02)
|        ( QUESTION11 -1 2.389e+04 8.944e+02 1.105e+03
|            ( - 5.544e+03 2 0 WDBNDRY_E 0 3.068e+02 2.875e+02)
|            ( QUESTION0 -1 1.746e+04 6.700e+02 8.173e+02
|                ( - 4.097e+03 2 0 WDBNDRY_B 0 3.388e+02 2.127e+02)
|                ( QUESTION11 1 1.269e+04 6.424e+02 6.046e+02
|                    ( - 4.843e+03 3 0 QUESTION6 -1 3.692e+02 2.478e+02)
|                    ( - 7.203e+03 6 0 QUESTION14 -1 4.872e+02 3.568e+02))))))
s>    ( QUESTION2_13_L -1 4.372e+04 1.029e+03 2.029e+03
s>        ( QUESTION15 -1 1.139e+04 5.655e+02 5.810e+02
s>            ( WDBNDRY_E 0 6.761e+03 5.023e+02 3.623e+02
s>                ( - 2.187e+03 2 0 QUESTION0_7_R 1 1.697e+02 1.282e+02)
s>                ( - 4.071e+03 3 0 QUESTION0_0_R 1 1.714e+02 2.341e+02))
s>            ( - 4.060e+03 2 0 QUESTION0 -1 1.547e+02 2.187e+02))
s>        ( QUESTION2_10_L -1 3.131e+04 1.026e+03 1.448e+03
s>            ( - 6.386e+03 3 0 QUESTION0_9_R 1 3.381e+02 3.430e+02)
s>            ( QUESTION11 -1 2.389e+04 8.944e+02 1.105e+03
s>                ( - 5.544e+03 2 0 WDBNDRY_E 0 3.068e+02 2.875e+02)
s>                ( QUESTION0 -1 1.746e+04 6.700e+02 8.173e+02
s>                    ( - 4.097e+03 2 0 WDBNDRY_B 0 3.388e+02 2.127e+02)
s>                    ( QUESTION11 1 1.269e+04 6.424e+02 6.046e+02
s>                        ( - 4.843e+03 3 0 QUESTION6 -1 3.692e+02 2.478e+02)
s>                        ( - 7.203e+03 6 0 QUESTION14 -1 4.872e+02 3.568e+02))))))INFO: dtree.c(1478): Final simple tree
|( QUESTION0_0_R 1 4.157e+04 1.979e+03 2.112e+03
|    ( QUESTION19 -1 1.560e+04 9.413e+02 8.653e+02
|        ( - 4.647e+03 2 0 QUESTION2_0_L -1 2.748e+02 2.987e+02)
|        ( QUESTION10 -1 1.001e+04 3.800e+02 5.666e+02
|            ( - 3.243e+03 2 0 QUESTION11 -1 1.541e+02 1.893e+02)
|            ( - 6.388e+03 3 0 QUESTION2_1_L -1 3.028e+02 3.773e+02)))
|    ( QUESTION0_19_R 1 2.399e+04 9.591e+02 1.246e+03
|        ( QUESTION12 -1 6.205e+03 4.080e+02 3.322e+02
|            ( - 3.811e+03 1 0)
|            ( - 1.986e+03 4 0 QUESTION7 -1 2.278e+02 1.062e+02))
|        ( QUESTION9 -1 1.683e+04 6.788e+02 9.139e+02
|            ( - 8.372e+03 1 0)
|            ( QUESTION2_10_L -1 7.777e+03 4.451e+02 4.041e+02
|                ( - 6.115e+03 2 0 QUESTION8 -1 3.422e+02 3.323e+02)
|                ( - 1.218e+03 2 0 WDBNDRY_B 0 1.519e+02 7.177e+01)))))
s>    ( QUESTION0_0_R 1 4.157e+04 1.979e+03 2.112e+03
s>        ( QUESTION19 -1 1.560e+04 9.413e+02 8.653e+02
s>            ( - 4.647e+03 2 0 QUESTION2_0_L -1 2.748e+02 2.987e+02)
s>            ( QUESTION10 -1 1.001e+04 3.800e+02 5.666e+02
s>                ( - 3.243e+03 2 0 QUESTION11 -1 1.541e+02 1.893e+02)
s>                ( - 6.388e+03 3 0 QUESTION2_1_L -1 3.028e+02 3.773e+02)))
s>        ( QUESTION0_19_R 1 2.399e+04 9.591e+02 1.246e+03
s>            ( QUESTION12 -1 6.205e+03 4.080e+02 3.322e+02
s>                ( - 3.811e+03 1 0)
s>                ( - 1.986e+03 4 0 QUESTION7 -1 2.278e+02 1.062e+02))
s>            ( QUESTION9 -1 1.683e+04 6.788e+02 9.139e+02
s>                ( - 8.372e+03 1 0)
s>                ( QUESTION2_10_L -1 7.777e+03 4.451e+02 4.041e+02
s>                    ( - 6.115e+03 2 0 QUESTION8 -1 3.422e+02 3.323e+02)
s>                    ( - 1.218e+03 2 0 WDBNDRY_B 0 1.519e+02 7.177e+01)))))INFO: dtree.c(1315): Comp split 2
INFO: dtree.c(1439): stop. leaf nodes are specific
INFO: dtree.c(1478): Final simple tree
|( QUESTION11 -1 2.079e+04 8.253e+02 1.139e+03
|    ( QUESTION13 -1 7.135e+03 1.915e+02 4.597e+02
|        ( - 5.169e+03 1 0)
|        ( - 1.775e+03 1 0))
|    ( WDBNDRY_E 0 1.283e+04 7.112e+02 6.791e+02
|        ( QUESTION10 -1 9.437e+03 3.455e+02 5.349e+02
|            ( - 7.460e+03 1 0)
|            ( - 1.631e+03 1 0))
|        ( QUESTION0_7_R 1 2.677e+03 2.060e+02 1.443e+02
|            ( QUESTION8 -1 1.888e+03 1.302e+02 1.058e+02
|                ( - 1.405e+03 1 0)
|                ( - 3.524e+02 1 0))
|            ( - 5.835e+02 1 0))))
s>    ( QUESTION11 -1 2.079e+04 8.253e+02 1.139e+03
s>        ( QUESTION13 -1 7.135e+03 1.915e+02 4.597e+02
s>            ( - 5.169e+03 1 0)
s>            ( - 1.775e+03 1 0))
s>        ( WDBNDRY_E 0 1.283e+04 7.112e+02 6.791e+02
s>            ( QUESTION10 -1 9.437e+03 3.455e+02 5.349e+02
s>                ( - 7.460e+03 1 0)
s>                ( - 1.631e+03 1 0))
s>            ( QUESTION0_7_R 1 2.677e+03 2.060e+02 1.443e+02
s>                ( QUESTION8 -1 1.888e+03 1.302e+02 1.058e+02
s>                    ( - 1.405e+03 1 0)
s>                    ( - 3.524e+02 1 0))
s>                ( - 5.835e+02 1 0))))INFO: dtree.c(1478): Final simple tree
|( QUESTION7 -1 1.951e+04 8.601e+02 9.556e+02
|    ( - 4.626e+03 2 0)
|    ( QUESTION0_7_R 1 1.403e+04 5.336e+02 6.889e+02
|        ( WDBNDRY_I 0 5.946e+03 3.427e+02 2.944e+02
|            ( QUESTION11 -1 2.628e+03 2.399e+02 1.358e+02
|                ( - 6.265e+02 1 0)
|                ( - 1.761e+03 4 0 QUESTION6 -1 2.129e+02 9.605e+01))
|            ( QUESTION11 -1 2.975e+03 2.257e+02 1.585e+02
|                ( - 7.049e+02 1 0)
|                ( - 2.045e+03 3 0 QUESTION15 -1 2.151e+02 1.104e+02)))
|        ( QUESTION6 -1 7.548e+03 3.966e+02 3.946e+02
|            ( QUESTION2_1_L -1 5.872e+03 3.152e+02 3.165e+02
|                ( - 2.546e+03 1 0)
|                ( - 3.012e+03 3 0 QUESTION10 -1 1.992e+02 1.734e+02))
|            ( - 1.279e+03 2 0 QUESTION16 -1 1.415e+02 7.806e+01))))
s>    ( QUESTION7 -1 1.951e+04 8.601e+02 9.556e+02
s>        ( - 4.626e+03 2 0)
s>        ( QUESTION0_7_R 1 1.403e+04 5.336e+02 6.889e+02
s>            ( WDBNDRY_I 0 5.946e+03 3.427e+02 2.944e+02
s>                ( QUESTION11 -1 2.628e+03 2.399e+02 1.358e+02
s>                    ( - 6.265e+02 1 0)
s>                    ( - 1.761e+03 4 0 QUESTION6 -1 2.129e+02 9.605e+01))
s>                ( QUESTION11 -1 2.975e+03 2.257e+02 1.585e+02
s>                    ( - 7.049e+02 1 0)
s>                    ( - 2.045e+03 3 0 QUESTION15 -1 2.151e+02 1.104e+02)))
s>            ( QUESTION6 -1 7.548e+03 3.966e+02 3.946e+02
s>                ( QUESTION2_1_L -1 5.872e+03 3.152e+02 3.165e+02
s>                    ( - 2.546e+03 1 0)
s>                    ( - 3.012e+03 3 0 QUESTION10 -1 1.992e+02 1.734e+02))
s>                ( - 1.279e+03 2 0 QUESTION16 -1 1.415e+02 7.806e+01))))INFO: dtree.c(1315): Comp split 3
INFO: dtree.c(1439): stop. leaf nodes are specific
INFO: dtree.c(1478): Final simple tree
|( QUESTION7 -1 1.509e+04 6.001e+02 8.422e+02
|    ( QUESTION8 -1 6.115e+03 3.422e+02 3.323e+02
|        ( - 2.647e+03 1 0)
|        ( - 3.126e+03 1 0))
|    ( - 8.372e+03 1 0))
s>    ( QUESTION7 -1 1.509e+04 6.001e+02 8.422e+02
s>        ( QUESTION8 -1 6.115e+03 3.422e+02 3.323e+02
s>            ( - 2.647e+03 1 0)
s>            ( - 3.126e+03 1 0))
s>        ( - 8.372e+03 1 0))INFO: dtree.c(1478): Final simple tree
|( QUESTION19 -1 2.439e+04 1.138e+03 1.269e+03
|    ( QUESTION2_0_L -1 4.647e+03 2.748e+02 2.987e+02
|        ( - 3.392e+03 1 0)
|        ( - 9.802e+02 1 0))
|    ( QUESTION0_0_R 1 1.861e+04 7.663e+02 9.706e+02
|        ( QUESTION10 -1 1.001e+04 3.800e+02 5.666e+02
|            ( - 3.243e+03 2 0 QUESTION11 -1 1.541e+02 1.893e+02)
|            ( QUESTION2_1_L -1 6.388e+03 3.028e+02 3.773e+02
|                ( - 3.341e+03 1 0)
|                ( - 2.743e+03 2 0 QUESTION6 -1 2.023e+02 1.732e+02)))
|        ( QUESTION12 -1 7.832e+03 5.052e+02 4.040e+02
|            ( - 3.811e+03 1 0)
|            ( QUESTION2_11_L -1 3.516e+03 3.334e+02 1.780e+02
|                ( - 1.392e+03 3 0 QUESTION7 -1 1.799e+02 8.135e+01)
|                ( - 1.790e+03 3 0 WDBNDRY_B 0 2.070e+02 9.662e+01)))))
s>    ( QUESTION19 -1 2.439e+04 1.138e+03 1.269e+03
s>        ( QUESTION2_0_L -1 4.647e+03 2.748e+02 2.987e+02
s>            ( - 3.392e+03 1 0)
s>            ( - 9.802e+02 1 0))
s>        ( QUESTION0_0_R 1 1.861e+04 7.663e+02 9.706e+02
s>            ( QUESTION10 -1 1.001e+04 3.800e+02 5.666e+02
s>                ( - 3.243e+03 2 0 QUESTION11 -1 1.541e+02 1.893e+02)
s>                ( QUESTION2_1_L -1 6.388e+03 3.028e+02 3.773e+02
s>                    ( - 3.341e+03 1 0)
s>                    ( - 2.743e+03 2 0 QUESTION6 -1 2.023e+02 1.732e+02)))
s>            ( QUESTION12 -1 7.832e+03 5.052e+02 4.040e+02
s>                ( - 3.811e+03 1 0)
s>                ( QUESTION2_11_L -1 3.516e+03 3.334e+02 1.780e+02
s>                    ( - 1.392e+03 3 0 QUESTION7 -1 1.799e+02 8.135e+01)
s>                    ( - 1.790e+03 3 0 WDBNDRY_B 0 2.070e+02 9.662e+01)))))INFO: dtree.c(1315): Comp split 4
INFO: dtree.c(1478): Final simple tree
|( QUESTION0 -1 1.746e+04 6.700e+02 8.173e+02
|    ( WDBNDRY_B 0 4.097e+03 3.388e+02 2.127e+02
|        ( - 2.012e+03 1 0)
|        ( - 1.746e+03 1 0))
|    ( QUESTION11 1 1.269e+04 6.424e+02 6.046e+02
|        ( QUESTION6 -1 4.843e+03 3.692e+02 2.478e+02
|            ( WDBNDRY_E 0 2.859e+03 2.895e+02 1.577e+02
|                ( - 1.218e+03 1 0)
|                ( - 1.351e+03 1 0))
|            ( - 1.615e+03 1 0))
|        ( QUESTION14 -1 7.203e+03 4.872e+02 3.568e+02
|            ( QUESTION0_10_R 1 2.833e+03 2.868e+02 1.507e+02
|                ( - 1.191e+03 1 0)
|                ( - 1.356e+03 1 0))
|            ( - 3.883e+03 4 0 QUESTION0_10_R 1 2.750e+02 2.062e+02))))
s>    ( QUESTION0 -1 1.746e+04 6.700e+02 8.173e+02
s>        ( WDBNDRY_B 0 4.097e+03 3.388e+02 2.127e+02
s>            ( - 2.012e+03 1 0)
s>            ( - 1.746e+03 1 0))
s>        ( QUESTION11 1 1.269e+04 6.424e+02 6.046e+02
s>            ( QUESTION6 -1 4.843e+03 3.692e+02 2.478e+02
s>                ( WDBNDRY_E 0 2.859e+03 2.895e+02 1.577e+02
s>                    ( - 1.218e+03 1 0)
s>                    ( - 1.351e+03 1 0))
s>                ( - 1.615e+03 1 0))
s>            ( QUESTION14 -1 7.203e+03 4.872e+02 3.568e+02
s>                ( QUESTION0_10_R 1 2.833e+03 2.868e+02 1.507e+02
s>                    ( - 1.191e+03 1 0)
s>                    ( - 1.356e+03 1 0))
s>                ( - 3.883e+03 4 0 QUESTION0_10_R 1 2.750e+02 2.062e+02))))INFO: dtree.c(1478): Final simple tree
|( QUESTION15 -1 2.469e+04 9.287e+02 1.212e+03
|    ( WDBNDRY_E 0 6.761e+03 5.023e+02 3.623e+02
|        ( - 2.187e+03 2 0 QUESTION0_7_R 1 1.697e+02 1.282e+02)
|        ( - 4.071e+03 3 0 QUESTION0_0_R 1 1.714e+02 2.341e+02))
|    ( QUESTION9 -1 1.700e+04 6.024e+02 8.492e+02
|        ( WDBNDRY_E 0 5.544e+03 3.068e+02 2.875e+02
|            ( - 4.271e+03 1 0)
|            ( - 9.656e+02 1 0))
|        ( QUESTION8 -1 1.085e+04 4.203e+02 5.617e+02
|            ( QUESTION0_7_R 1 4.513e+03 2.121e+02 2.484e+02
|                ( - 2.887e+03 1 0)
|                ( - 1.414e+03 2 0 QUESTION2_10_L -1 1.148e+02 8.335e+01))
|            ( QUESTION0_7_R 1 5.916e+03 3.403e+02 3.133e+02
|                ( - 1.936e+03 1 0)
|                ( - 3.640e+03 1 0)))))
s>    ( QUESTION15 -1 2.469e+04 9.287e+02 1.212e+03
s>        ( WDBNDRY_E 0 6.761e+03 5.023e+02 3.623e+02
s>            ( - 2.187e+03 2 0 QUESTION0_7_R 1 1.697e+02 1.282e+02)
s>            ( - 4.071e+03 3 0 QUESTION0_0_R 1 1.714e+02 2.341e+02))
s>        ( QUESTION9 -1 1.700e+04 6.024e+02 8.492e+02
s>            ( WDBNDRY_E 0 5.544e+03 3.068e+02 2.875e+02
s>                ( - 4.271e+03 1 0)
s>                ( - 9.656e+02 1 0))
s>            ( QUESTION8 -1 1.085e+04 4.203e+02 5.617e+02
s>                ( QUESTION0_7_R 1 4.513e+03 2.121e+02 2.484e+02
s>                    ( - 2.887e+03 1 0)
s>                    ( - 1.414e+03 2 0 QUESTION2_10_L -1 1.148e+02 8.335e+01))
s>                ( QUESTION0_7_R 1 5.916e+03 3.403e+02 3.133e+02
s>                    ( - 1.936e+03 1 0)
s>                    ( - 3.640e+03 1 0)))))INFO: dtree.c(1315): Comp split 5
INFO: dtree.c(1478): Final simple tree
|( QUESTION0_0_R 1 1.861e+04 7.663e+02 9.706e+02
|    ( QUESTION10 -1 1.001e+04 3.800e+02 5.666e+02
|        ( - 3.243e+03 2 0 QUESTION11 -1 1.541e+02 1.893e+02)
|        ( QUESTION2_1_L -1 6.388e+03 3.028e+02 3.773e+02
|            ( - 3.341e+03 1 0)
|            ( QUESTION6 -1 2.743e+03 2.023e+02 1.732e+02
|                ( - 1.623e+03 1 0)
|                ( - 9.175e+02 1 0))))
|    ( QUESTION12 -1 7.832e+03 5.052e+02 4.040e+02
|        ( - 3.811e+03 1 0)
|        ( QUESTION2_11_L -1 3.516e+03 3.334e+02 1.780e+02
|            ( - 1.392e+03 3 0 QUESTION7 -1 1.799e+02 8.135e+01)
|            ( WDBNDRY_B 0 1.790e+03 2.070e+02 9.662e+01
|                ( - 7.877e+02 1 0)
|                ( - 7.957e+02 2 0 QUESTION6 -1 1.345e+02 4.600e+01)))))
s>    ( QUESTION0_0_R 1 1.861e+04 7.663e+02 9.706e+02
s>        ( QUESTION10 -1 1.001e+04 3.800e+02 5.666e+02
s>            ( - 3.243e+03 2 0 QUESTION11 -1 1.541e+02 1.893e+02)
s>            ( QUESTION2_1_L -1 6.388e+03 3.028e+02 3.773e+02
s>                ( - 3.341e+03 1 0)
s>                ( QUESTION6 -1 2.743e+03 2.023e+02 1.732e+02
s>                    ( - 1.623e+03 1 0)
s>                    ( - 9.175e+02 1 0))))
s>        ( QUESTION12 -1 7.832e+03 5.052e+02 4.040e+02
s>            ( - 3.811e+03 1 0)
s>            ( QUESTION2_11_L -1 3.516e+03 3.334e+02 1.780e+02
s>                ( - 1.392e+03 3 0 QUESTION7 -1 1.799e+02 8.135e+01)
s>                ( WDBNDRY_B 0 1.790e+03 2.070e+02 9.662e+01
s>                    ( - 7.877e+02 1 0)
s>                    ( - 7.957e+02 2 0 QUESTION6 -1 1.345e+02 4.600e+01)))))INFO: dtree.c(1439): stop. leaf nodes are specific
INFO: dtree.c(1478): Final simple tree
|( QUESTION2_0_L -1 4.647e+03 2.748e+02 2.987e+02
|    ( - 3.392e+03 1 0)
|    ( - 9.802e+02 1 0))
s>    ( QUESTION2_0_L -1 4.647e+03 2.748e+02 2.987e+02
s>        ( - 3.392e+03 1 0)
s>        ( - 9.802e+02 1 0))INFO: dtree.c(1315): Comp split 6
INFO: dtree.c(1439): stop. leaf nodes are specific
INFO: dtree.c(1478): Final simple tree
|( QUESTION0_7_R 1 6.819e+03 4.314e+02 3.627e+02
|    ( QUESTION6 -1 1.761e+03 2.129e+02 9.605e+01
|        ( - 9.162e+02 2 0)
|        ( QUESTION8 1 6.322e+02 1.060e+02 3.905e+01
|            ( - 2.242e+02 1 0)
|            ( - 3.020e+02 1 0)))
|    ( - 4.626e+03 2 0))
s>    ( QUESTION0_7_R 1 6.819e+03 4.314e+02 3.627e+02
s>        ( QUESTION6 -1 1.761e+03 2.129e+02 9.605e+01
s>            ( - 9.162e+02 2 0)
s>            ( QUESTION8 1 6.322e+02 1.060e+02 3.905e+01
s>                ( - 2.242e+02 1 0)
s>                ( - 3.020e+02 1 0)))
s>        ( - 4.626e+03 2 0))INFO: dtree.c(1478): Final simple tree
|( QUESTION15 -1 1.172e+04 4.545e+02 5.929e+02
|    ( WDBNDRY_E 0 2.074e+03 1.911e+02 1.193e+02
|        ( - 6.035e+02 1 0)
|        ( - 1.279e+03 2 0 QUESTION16 -1 1.415e+02 7.806e+01))
|    ( QUESTION14 -1 9.188e+03 3.676e+02 4.736e+02
|        ( QUESTION2_1_L -1 4.994e+03 2.841e+02 2.730e+02
|            ( - 2.546e+03 1 0)
|            ( - 2.165e+03 2 0 WDBNDRY_E 0 1.464e+02 1.299e+02))
|        ( QUESTION12 -1 3.826e+03 2.495e+02 2.006e+02
|            ( - 7.049e+02 1 0)
|            ( QUESTION8 1 2.871e+03 2.184e+02 1.524e+02
|                ( - 1.247e+03 2 0 WDBNDRY_E 0 1.345e+02 7.176e+01)
|                ( WDBNDRY_B 0 1.406e+03 1.707e+02 8.067e+01
|                    ( - 5.872e+02 1 0)
|                    ( - 6.479e+02 1 0))))))
s>    ( QUESTION15 -1 1.172e+04 4.545e+02 5.929e+02
s>        ( WDBNDRY_E 0 2.074e+03 1.911e+02 1.193e+02
s>            ( - 6.035e+02 1 0)
s>            ( - 1.279e+03 2 0 QUESTION16 -1 1.415e+02 7.806e+01))
s>        ( QUESTION14 -1 9.188e+03 3.676e+02 4.736e+02
s>            ( QUESTION2_1_L -1 4.994e+03 2.841e+02 2.730e+02
s>                ( - 2.546e+03 1 0)
s>                ( - 2.165e+03 2 0 WDBNDRY_E 0 1.464e+02 1.299e+02))
s>            ( QUESTION12 -1 3.826e+03 2.495e+02 2.006e+02
s>                ( - 7.049e+02 1 0)
s>                ( QUESTION8 1 2.871e+03 2.184e+02 1.524e+02
s>                    ( - 1.247e+03 2 0 WDBNDRY_E 0 1.345e+02 7.176e+01)
s>                    ( WDBNDRY_B 0 1.406e+03 1.707e+02 8.067e+01
s>                        ( - 5.872e+02 1 0)
s>                        ( - 6.479e+02 1 0))))))INFO: dtree.c(1315): Comp split 7
INFO: dtree.c(1439): stop. leaf nodes are specific
INFO: dtree.c(1478): Final simple tree
|( QUESTION9 -1 1.700e+04 6.024e+02 8.492e+02
|    ( WDBNDRY_E 0 5.544e+03 3.068e+02 2.875e+02
|        ( - 4.271e+03 1 0)
|        ( - 9.656e+02 1 0))
|    ( QUESTION8 -1 1.085e+04 4.203e+02 5.617e+02
|        ( QUESTION0_7_R 1 4.513e+03 2.121e+02 2.484e+02
|            ( - 2.887e+03 1 0)
|            ( QUESTION2_10_L -1 1.414e+03 1.148e+02 8.335e+01
|                ( - 1.034e+03 1 0)
|                ( - 2.650e+02 1 0)))
|        ( QUESTION0_7_R 1 5.916e+03 3.403e+02 3.133e+02
|            ( - 1.936e+03 1 0)
|            ( - 3.640e+03 1 0))))
s>    ( QUESTION9 -1 1.700e+04 6.024e+02 8.492e+02
s>        ( WDBNDRY_E 0 5.544e+03 3.068e+02 2.875e+02
s>            ( - 4.271e+03 1 0)
s>            ( - 9.656e+02 1 0))
s>        ( QUESTION8 -1 1.085e+04 4.203e+02 5.617e+02
s>            ( QUESTION0_7_R 1 4.513e+03 2.121e+02 2.484e+02
s>                ( - 2.887e+03 1 0)
s>                ( QUESTION2_10_L -1 1.414e+03 1.148e+02 8.335e+01
s>                    ( - 1.034e+03 1 0)
s>                    ( - 2.650e+02 1 0)))
s>            ( QUESTION0_7_R 1 5.916e+03 3.403e+02 3.133e+02
s>                ( - 1.936e+03 1 0)
s>                ( - 3.640e+03 1 0))))INFO: dtree.c(1439): stop. leaf nodes are specific
INFO: dtree.c(1478): Final simple tree
|( WDBNDRY_E 0 6.761e+03 5.023e+02 3.623e+02
|    ( QUESTION0_7_R 1 2.187e+03 1.697e+02 1.282e+02
|        ( - 4.780e+02 1 0)
|        ( - 1.540e+03 1 0))
|    ( QUESTION0_0_R 1 4.071e+03 1.714e+02 2.341e+02
|        ( - 2.924e+02 1 0)
|        ( - 3.608e+03 2 0)))
s>    ( WDBNDRY_E 0 6.761e+03 5.023e+02 3.623e+02
s>        ( QUESTION0_7_R 1 2.187e+03 1.697e+02 1.282e+02
s>            ( - 4.780e+02 1 0)
s>            ( - 1.540e+03 1 0))
s>        ( QUESTION0_0_R 1 4.071e+03 1.714e+02 2.341e+02
s>            ( - 2.924e+02 1 0)
s>            ( - 3.608e+03 2 0)))INFO: dtree.c(1315): Comp split 8
INFO: dtree.c(1439): stop. leaf nodes are specific
INFO: dtree.c(1478): Final simple tree
|( QUESTION0_7_R 1 9.034e+03 5.851e+02 4.429e+02
|    ( QUESTION0_8_R 1 2.862e+03 3.203e+02 1.533e+02
|        ( - 1.351e+03 1 0)
|        ( - 1.191e+03 1 0))
|    ( WDBNDRY_B 0 5.586e+03 3.929e+02 2.896e+02
|        ( - 2.012e+03 1 0)
|        ( WDBNDRY_E 0 3.181e+03 2.175e+02 1.823e+02
|            ( - 1.218e+03 1 0)
|            ( - 1.746e+03 1 0))))
s>    ( QUESTION0_7_R 1 9.034e+03 5.851e+02 4.429e+02
s>        ( QUESTION0_8_R 1 2.862e+03 3.203e+02 1.533e+02
s>            ( - 1.351e+03 1 0)
s>            ( - 1.191e+03 1 0))
s>        ( WDBNDRY_B 0 5.586e+03 3.929e+02 2.896e+02
s>            ( - 2.012e+03 1 0)
s>            ( WDBNDRY_E 0 3.181e+03 2.175e+02 1.823e+02
s>                ( - 1.218e+03 1 0)
s>                ( - 1.746e+03 1 0))))INFO: dtree.c(1439): stop. leaf nodes are specific
INFO: dtree.c(1478): Final simple tree
|( QUESTION2_9_L -1 7.530e+03 3.869e+02 3.744e+02
|    ( QUESTION0_10_R 1 3.883e+03 2.750e+02 2.062e+02
|        ( - 3.878e+02 1 0)
|        ( QUESTION0_8_R 1 3.220e+03 2.164e+02 1.792e+02
|            ( - 1.406e+03 1 0)
|            ( QUESTION0_7_R 1 1.598e+03 1.694e+02 9.516e+01
|                ( - 8.494e+02 1 0)
|                ( - 5.791e+02 1 0))))
|    ( QUESTION0_7_R 1 3.260e+03 2.891e+02 1.682e+02
|        ( - 1.356e+03 1 0)
|        ( - 1.615e+03 1 0)))
s>    ( QUESTION2_9_L -1 7.530e+03 3.869e+02 3.744e+02
s>        ( QUESTION0_10_R 1 3.883e+03 2.750e+02 2.062e+02
s>            ( - 3.878e+02 1 0)
s>            ( QUESTION0_8_R 1 3.220e+03 2.164e+02 1.792e+02
s>                ( - 1.406e+03 1 0)
s>                ( QUESTION0_7_R 1 1.598e+03 1.694e+02 9.516e+01
s>                    ( - 8.494e+02 1 0)
s>                    ( - 5.791e+02 1 0))))
s>        ( QUESTION0_7_R 1 3.260e+03 2.891e+02 1.682e+02
s>            ( - 1.356e+03 1 0)
s>            ( - 1.615e+03 1 0)))INFO: dtree.c(1315): Comp split 9
INFO: dtree.c(1439): stop. leaf nodes are specific
INFO: dtree.c(1478): Final simple tree
|( QUESTION10 -1 9.437e+03 3.455e+02 5.349e+02
|    ( - 7.460e+03 1 0)
|    ( - 1.631e+03 1 0))
s>    ( QUESTION10 -1 9.437e+03 3.455e+02 5.349e+02
s>        ( - 7.460e+03 1 0)
s>        ( - 1.631e+03 1 0))INFO: dtree.c(1439): stop. leaf nodes are specific
INFO: dtree.c(1478): Final simple tree
|( WDBNDRY_E 0 1.047e+04 6.619e+02 6.039e+02
|    ( QUESTION13 -1 7.135e+03 1.915e+02 4.597e+02
|        ( - 5.169e+03 1 0)
|        ( - 1.775e+03 1 0))
|    ( QUESTION0_7_R 1 2.677e+03 2.060e+02 1.443e+02
|        ( QUESTION8 -1 1.888e+03 1.302e+02 1.058e+02
|            ( - 1.405e+03 1 0)
|            ( - 3.524e+02 1 0))
|        ( - 5.835e+02 1 0)))
s>    ( WDBNDRY_E 0 1.047e+04 6.619e+02 6.039e+02
s>        ( QUESTION13 -1 7.135e+03 1.915e+02 4.597e+02
s>            ( - 5.169e+03 1 0)
s>            ( - 1.775e+03 1 0))
s>        ( QUESTION0_7_R 1 2.677e+03 2.060e+02 1.443e+02
s>            ( QUESTION8 -1 1.888e+03 1.302e+02 1.058e+02
s>                ( - 1.405e+03 1 0)
s>                ( - 3.524e+02 1 0))
s>            ( - 5.835e+02 1 0)))INFO: dtree.c(1315): Comp split 10
INFO: dtree.c(1439): stop. leaf nodes are specific
INFO: dtree.c(1478): Final simple tree
|( QUESTION12 -1 7.832e+03 5.052e+02 4.040e+02
|    ( - 3.811e+03 1 0)
|    ( QUESTION2_11_L -1 3.516e+03 3.334e+02 1.780e+02
|        ( QUESTION7 -1 1.392e+03 1.799e+02 8.135e+01
|            ( QUESTION0_19_R 1 6.001e+02 9.633e+01 3.764e+01
|                ( - 2.256e+02 1 0)
|                ( - 2.781e+02 1 0))
|            ( - 6.122e+02 1 0))
|        ( WDBNDRY_B 0 1.790e+03 2.070e+02 9.662e+01
|            ( - 7.877e+02 1 0)
|            ( QUESTION6 -1 7.957e+02 1.345e+02 4.600e+01
|                ( - 5.003e+02 1 0)
|                ( - 1.610e+02 1 0)))))
s>    ( QUESTION12 -1 7.832e+03 5.052e+02 4.040e+02
s>        ( - 3.811e+03 1 0)
s>        ( QUESTION2_11_L -1 3.516e+03 3.334e+02 1.780e+02
s>            ( QUESTION7 -1 1.392e+03 1.799e+02 8.135e+01
s>                ( QUESTION0_19_R 1 6.001e+02 9.633e+01 3.764e+01
s>                    ( - 2.256e+02 1 0)
s>                    ( - 2.781e+02 1 0))
s>                ( - 6.122e+02 1 0))
s>            ( WDBNDRY_B 0 1.790e+03 2.070e+02 9.662e+01
s>                ( - 7.877e+02 1 0)
s>                ( QUESTION6 -1 7.957e+02 1.345e+02 4.600e+01
s>                    ( - 5.003e+02 1 0)
s>                    ( - 1.610e+02 1 0)))))INFO: dtree.c(1439): stop. leaf nodes are specific
INFO: dtree.c(1478): Final simple tree
|( QUESTION10 -1 1.001e+04 3.800e+02 5.666e+02
|    ( QUESTION11 -1 3.243e+03 1.541e+02 1.893e+02
|        ( - 2.275e+03 1 0)
|        ( - 8.132e+02 1 0))
|    ( QUESTION2_1_L -1 6.388e+03 3.028e+02 3.773e+02
|        ( - 3.341e+03 1 0)
|        ( QUESTION6 -1 2.743e+03 2.023e+02 1.732e+02
|            ( - 1.623e+03 1 0)
|            ( - 9.175e+02 1 0))))
s>    ( QUESTION10 -1 1.001e+04 3.800e+02 5.666e+02
s>        ( QUESTION11 -1 3.243e+03 1.541e+02 1.893e+02
s>            ( - 2.275e+03 1 0)
s>            ( - 8.132e+02 1 0))
s>        ( QUESTION2_1_L -1 6.388e+03 3.028e+02 3.773e+02
s>            ( - 3.341e+03 1 0)
s>            ( QUESTION6 -1 2.743e+03 2.023e+02 1.732e+02
s>                ( - 1.623e+03 1 0)
s>                ( - 9.175e+02 1 0))))INFO: dtree.c(1315): Comp split 11
INFO: dtree.c(1439): stop. leaf nodes are specific
INFO: dtree.c(1478): Final simple tree
|( QUESTION0_7_R 1 2.677e+03 2.060e+02 1.443e+02
|    ( QUESTION8 -1 1.888e+03 1.302e+02 1.058e+02
|        ( - 1.405e+03 1 0)
|        ( - 3.524e+02 1 0))
|    ( - 5.835e+02 1 0))
s>    ( QUESTION0_7_R 1 2.677e+03 2.060e+02 1.443e+02
s>        ( QUESTION8 -1 1.888e+03 1.302e+02 1.058e+02
s>            ( - 1.405e+03 1 0)
s>            ( - 3.524e+02 1 0))
s>        ( - 5.835e+02 1 0))INFO: dtree.c(1439): stop. leaf nodes are specific
INFO: dtree.c(1478): Final simple tree
|( QUESTION13 -1 7.135e+03 1.915e+02 4.597e+02
|    ( - 5.169e+03 1 0)
|    ( - 1.775e+03 1 0))
s>    ( QUESTION13 -1 7.135e+03 1.915e+02 4.597e+02
s>        ( - 5.169e+03 1 0)
s>        ( - 1.775e+03 1 0))INFO: dtree.c(1315): Comp split 12
INFO: dtree.c(1439): stop. leaf nodes are specific
INFO: dtree.c(1478): Final simple tree
|( QUESTION8 -1 1.085e+04 4.203e+02 5.617e+02
|    ( QUESTION0_7_R 1 4.513e+03 2.121e+02 2.484e+02
|        ( - 2.887e+03 1 0)
|        ( QUESTION2_10_L -1 1.414e+03 1.148e+02 8.335e+01
|            ( - 1.034e+03 1 0)
|            ( - 2.650e+02 1 0)))
|    ( QUESTION0_7_R 1 5.916e+03 3.403e+02 3.133e+02
|        ( - 1.936e+03 1 0)
|        ( - 3.640e+03 1 0)))
s>    ( QUESTION8 -1 1.085e+04 4.203e+02 5.617e+02
s>        ( QUESTION0_7_R 1 4.513e+03 2.121e+02 2.484e+02
s>            ( - 2.887e+03 1 0)
s>            ( QUESTION2_10_L -1 1.414e+03 1.148e+02 8.335e+01
s>                ( - 1.034e+03 1 0)
s>                ( - 2.650e+02 1 0)))
s>        ( QUESTION0_7_R 1 5.916e+03 3.403e+02 3.133e+02
s>            ( - 1.936e+03 1 0)
s>            ( - 3.640e+03 1 0)))INFO: dtree.c(1439): stop. leaf nodes are specific
INFO: dtree.c(1478): Final simple tree
|( WDBNDRY_E 0 5.544e+03 3.068e+02 2.875e+02
|    ( - 4.271e+03 1 0)
|    ( - 9.656e+02 1 0))
s>    ( WDBNDRY_E 0 5.544e+03 3.068e+02 2.875e+02
s>        ( - 4.271e+03 1 0)
s>        ( - 9.656e+02 1 0))INFO: dtree.c(1315): Comp split 13
INFO: dtree.c(1439): stop. leaf nodes are specific
INFO: dtree.c(1478): Final simple tree
|( QUESTION8 -1 6.115e+03 3.422e+02 3.323e+02
|    ( - 2.647e+03 1 0)
|    ( - 3.126e+03 1 0))
s>    ( QUESTION8 -1 6.115e+03 3.422e+02 3.323e+02
s>        ( - 2.647e+03 1 0)
s>        ( - 3.126e+03 1 0))INFO: dtree.c(1315): Comp split 14
INFO: dtree.c(1439): stop. leaf nodes are specific
INFO: dtree.c(1478): Final simple tree
|( WDBNDRY_B 0 5.586e+03 3.929e+02 2.896e+02
|    ( - 2.012e+03 1 0)
|    ( WDBNDRY_E 0 3.181e+03 2.175e+02 1.823e+02
|        ( - 1.218e+03 1 0)
|        ( - 1.746e+03 1 0)))
s>    ( WDBNDRY_B 0 5.586e+03 3.929e+02 2.896e+02
s>        ( - 2.012e+03 1 0)
s>        ( WDBNDRY_E 0 3.181e+03 2.175e+02 1.823e+02
s>            ( - 1.218e+03 1 0)
s>            ( - 1.746e+03 1 0)))INFO: dtree.c(1439): stop. leaf nodes are specific
INFO: dtree.c(1478): Final simple tree
|( QUESTION0_8_R 1 2.862e+03 3.203e+02 1.533e+02
|    ( - 1.351e+03 1 0)
|    ( - 1.191e+03 1 0))
s>    ( QUESTION0_8_R 1 2.862e+03 3.203e+02 1.533e+02
s>        ( - 1.351e+03 1 0)
s>        ( - 1.191e+03 1 0))INFO: dtree.c(1315): Comp split 15
INFO: dtree.c(1439): stop. leaf nodes are specific
INFO: dtree.c(1478): Final simple tree
|( QUESTION7 -1 4.502e+03 1.903e+02 2.600e+02
|    ( - 5.003e+02 1 0)
|    ( - 3.811e+03 1 0))
s>    ( QUESTION7 -1 4.502e+03 1.903e+02 2.600e+02
s>        ( - 5.003e+02 1 0)
s>        ( - 3.811e+03 1 0))INFO: dtree.c(1439): stop. leaf nodes are specific
INFO: dtree.c(1478): Final simple tree
|( QUESTION0_19_R 1 2.796e+03 3.121e+02 1.440e+02
|    ( QUESTION9 -1 1.266e+03 1.687e+02 7.220e+01
|        ( - 6.122e+02 1 0)
|        ( QUESTION6 -1 4.854e+02 9.886e+01 2.849e+01
|            ( - 2.256e+02 1 0)
|            ( - 1.610e+02 1 0)))
|    ( WDBNDRY_B 0 1.218e+03 1.519e+02 7.177e+01
|        ( - 7.877e+02 1 0)
|        ( - 2.781e+02 1 0)))
s>    ( QUESTION0_19_R 1 2.796e+03 3.121e+02 1.440e+02
s>        ( QUESTION9 -1 1.266e+03 1.687e+02 7.220e+01
s>            ( - 6.122e+02 1 0)
s>            ( QUESTION6 -1 4.854e+02 9.886e+01 2.849e+01
s>                ( - 2.256e+02 1 0)
s>                ( - 1.610e+02 1 0)))
s>        ( WDBNDRY_B 0 1.218e+03 1.519e+02 7.177e+01
s>            ( - 7.877e+02 1 0)
s>            ( - 2.781e+02 1 0)))INFO: dtree.c(1315): Comp split 16
INFO: dtree.c(1439): stop. leaf nodes are specific
INFO: dtree.c(1478): Final simple tree
|( QUESTION0_0_R 1 4.071e+03 1.714e+02 2.341e+02
|    ( - 2.924e+02 1 0)
|    ( - 3.608e+03 2 0))
s>    ( QUESTION0_0_R 1 4.071e+03 1.714e+02 2.341e+02
s>        ( - 2.924e+02 1 0)
s>        ( - 3.608e+03 2 0))INFO: dtree.c(1439): stop. leaf nodes are specific
INFO: dtree.c(1478): Final simple tree
|( QUESTION0_7_R 1 2.187e+03 1.697e+02 1.282e+02
|    ( - 4.780e+02 1 0)
|    ( - 1.540e+03 1 0))
s>    ( QUESTION0_7_R 1 2.187e+03 1.697e+02 1.282e+02
s>        ( - 4.780e+02 1 0)
s>        ( - 1.540e+03 1 0))INFO: dtree.c(1315): Comp split 17
INFO: dtree.c(1439): stop. leaf nodes are specific
INFO: dtree.c(1478): Final simple tree
|( QUESTION14 -1 8.221e+03 3.556e+02 4.254e+02
|    ( QUESTION2_1_L -1 4.994e+03 2.841e+02 2.730e+02
|        ( - 2.546e+03 1 0)
|        ( WDBNDRY_E 0 2.165e+03 1.464e+02 1.299e+02
|            ( - 1.562e+03 1 0)
|            ( - 4.562e+02 1 0)))
|    ( QUESTION8 1 2.871e+03 2.184e+02 1.524e+02
|        ( WDBNDRY_E 0 1.247e+03 1.345e+02 7.176e+01
|            ( - 4.862e+02 1 0)
|            ( - 6.265e+02 1 0))
|        ( WDBNDRY_B 0 1.406e+03 1.707e+02 8.067e+01
|            ( - 5.872e+02 1 0)
|            ( - 6.479e+02 1 0))))
s>    ( QUESTION14 -1 8.221e+03 3.556e+02 4.254e+02
s>        ( QUESTION2_1_L -1 4.994e+03 2.841e+02 2.730e+02
s>            ( - 2.546e+03 1 0)
s>            ( WDBNDRY_E 0 2.165e+03 1.464e+02 1.299e+02
s>                ( - 1.562e+03 1 0)
s>                ( - 4.562e+02 1 0)))
s>        ( QUESTION8 1 2.871e+03 2.184e+02 1.524e+02
s>            ( WDBNDRY_E 0 1.247e+03 1.345e+02 7.176e+01
s>                ( - 4.862e+02 1 0)
s>                ( - 6.265e+02 1 0))
s>            ( WDBNDRY_B 0 1.406e+03 1.707e+02 8.067e+01
s>                ( - 5.872e+02 1 0)
s>                ( - 6.479e+02 1 0))))INFO: dtree.c(1439): stop. leaf nodes are specific
INFO: dtree.c(1478): Final simple tree
|( WDBNDRY_E 0 3.018e+03 2.668e+02 1.674e+02
|    ( QUESTION6 -1 1.472e+03 1.638e+02 8.938e+01
|        ( - 7.049e+02 1 0)
|        ( - 6.035e+02 1 0))
|    ( QUESTION16 -1 1.279e+03 1.415e+02 7.806e+01
|        ( - 2.137e+02 1 0)
|        ( - 9.243e+02 1 0)))
s>    ( WDBNDRY_E 0 3.018e+03 2.668e+02 1.674e+02
s>        ( QUESTION6 -1 1.472e+03 1.638e+02 8.938e+01
s>            ( - 7.049e+02 1 0)
s>            ( - 6.035e+02 1 0))
s>        ( QUESTION16 -1 1.279e+03 1.415e+02 7.806e+01
s>            ( - 2.137e+02 1 0)
s>            ( - 9.243e+02 1 0)))INFO: dtree.c(1315): Comp split 18
INFO: dtree.c(1439): stop. leaf nodes are specific
INFO: dtree.c(1478): Final simple tree
|( QUESTION6 -1 1.761e+03 2.129e+02 9.605e+01
|    ( - 9.162e+02 2 0)
|    ( QUESTION8 1 6.322e+02 1.060e+02 3.905e+01
|        ( - 2.242e+02 1 0)
|        ( - 3.020e+02 1 0)))
s>    ( QUESTION6 -1 1.761e+03 2.129e+02 9.605e+01
s>        ( - 9.162e+02 2 0)
s>        ( QUESTION8 1 6.322e+02 1.060e+02 3.905e+01
s>            ( - 2.242e+02 1 0)
s>            ( - 3.020e+02 1 0)))INFO: dtree.c(1315): Comp split 19
INFO: dtree.c(1439): stop. leaf nodes are specific
INFO: dtree.c(1478): Final simple tree
|( QUESTION6 -1 5.160e+03 3.247e+02 2.693e+02
|    ( QUESTION0_8_R 1 3.220e+03 2.164e+02 1.792e+02
|        ( - 1.406e+03 1 0)
|        ( QUESTION0_7_R 1 1.598e+03 1.694e+02 9.516e+01
|            ( - 8.494e+02 1 0)
|            ( - 5.791e+02 1 0)))
|    ( - 1.615e+03 1 0))
s>    ( QUESTION6 -1 5.160e+03 3.247e+02 2.693e+02
s>        ( QUESTION0_8_R 1 3.220e+03 2.164e+02 1.792e+02
s>            ( - 1.406e+03 1 0)
s>            ( QUESTION0_7_R 1 1.598e+03 1.694e+02 9.516e+01
s>                ( - 8.494e+02 1 0)
s>                ( - 5.791e+02 1 0)))
s>        ( - 1.615e+03 1 0))INFO: dtree.c(1439): stop. leaf nodes are specific
INFO: dtree.c(1478): Final simple tree
|( QUESTION0_10_R 1 1.939e+03 1.959e+02 1.050e+02
|    ( - 3.878e+02 1 0)
|    ( - 1.356e+03 1 0))
s>    ( QUESTION0_10_R 1 1.939e+03 1.959e+02 1.050e+02
s>        ( - 3.878e+02 1 0)
s>        ( - 1.356e+03 1 0))INFO: dtree.c(1315): Comp split 20
INFO: dtree.c(1439): stop. leaf nodes are specific
INFO: dtree.c(1478): Final simple tree
|( QUESTION0_7_R 1 4.513e+03 2.121e+02 2.484e+02
|    ( - 2.887e+03 1 0)
|    ( QUESTION2_10_L -1 1.414e+03 1.148e+02 8.335e+01
|        ( - 1.034e+03 1 0)
|        ( - 2.650e+02 1 0)))
s>    ( QUESTION0_7_R 1 4.513e+03 2.121e+02 2.484e+02
s>        ( - 2.887e+03 1 0)
s>        ( QUESTION2_10_L -1 1.414e+03 1.148e+02 8.335e+01
s>            ( - 1.034e+03 1 0)
s>            ( - 2.650e+02 1 0)))INFO: dtree.c(1439): stop. leaf nodes are specific
INFO: dtree.c(1478): Final simple tree
|( QUESTION0_7_R 1 5.916e+03 3.403e+02 3.133e+02
|    ( - 1.936e+03 1 0)
|    ( - 3.640e+03 1 0))
s>    ( QUESTION0_7_R 1 5.916e+03 3.403e+02 3.133e+02
s>        ( - 1.936e+03 1 0)
s>        ( - 3.640e+03 1 0))INFO: dtree.c(1315): Comp split 21
INFO: dtree.c(1439): stop. leaf nodes are specific
INFO: dtree.c(1478): Final simple tree
|( WDBNDRY_E 0 3.181e+03 2.175e+02 1.823e+02
|    ( - 1.218e+03 1 0)
|    ( - 1.746e+03 1 0))
s>    ( WDBNDRY_E 0 3.181e+03 2.175e+02 1.823e+02
s>        ( - 1.218e+03 1 0)
s>        ( - 1.746e+03 1 0))INFO: dtree.c(1315): Comp split 22
INFO: dtree.c(1439): stop. leaf nodes are specific
INFO: dtree.c(1478): Final simple tree
|( QUESTION2_1_L -1 6.388e+03 3.028e+02 3.773e+02
|    ( - 3.341e+03 1 0)
|    ( QUESTION6 -1 2.743e+03 2.023e+02 1.732e+02
|        ( - 1.623e+03 1 0)
|        ( - 9.175e+02 1 0)))
s>    ( QUESTION2_1_L -1 6.388e+03 3.028e+02 3.773e+02
s>        ( - 3.341e+03 1 0)
s>        ( QUESTION6 -1 2.743e+03 2.023e+02 1.732e+02
s>            ( - 1.623e+03 1 0)
s>            ( - 9.175e+02 1 0)))INFO: dtree.c(1439): stop. leaf nodes are specific
INFO: dtree.c(1478): Final simple tree
|( QUESTION11 -1 3.243e+03 1.541e+02 1.893e+02
|    ( - 2.275e+03 1 0)
|    ( - 8.132e+02 1 0))
s>    ( QUESTION11 -1 3.243e+03 1.541e+02 1.893e+02
s>        ( - 2.275e+03 1 0)
s>        ( - 8.132e+02 1 0))INFO: dtree.c(1315): Comp split 23
INFO: dtree.c(1439): stop. leaf nodes are specific
INFO: dtree.c(1478): Final simple tree
|( QUESTION8 1 2.871e+03 2.184e+02 1.524e+02
|    ( WDBNDRY_E 0 1.247e+03 1.345e+02 7.176e+01
|        ( - 4.862e+02 1 0)
|        ( - 6.265e+02 1 0))
|    ( WDBNDRY_B 0 1.406e+03 1.707e+02 8.067e+01
|        ( - 5.872e+02 1 0)
|        ( - 6.479e+02 1 0)))
s>    ( QUESTION8 1 2.871e+03 2.184e+02 1.524e+02
s>        ( WDBNDRY_E 0 1.247e+03 1.345e+02 7.176e+01
s>            ( - 4.862e+02 1 0)
s>            ( - 6.265e+02 1 0))
s>        ( WDBNDRY_B 0 1.406e+03 1.707e+02 8.067e+01
s>            ( - 5.872e+02 1 0)
s>            ( - 6.479e+02 1 0)))INFO: dtree.c(1439): stop. leaf nodes are specific
INFO: dtree.c(1478): Final simple tree
|( QUESTION2_1_L -1 4.994e+03 2.841e+02 2.730e+02
|    ( - 2.546e+03 1 0)
|    ( WDBNDRY_E 0 2.165e+03 1.464e+02 1.299e+02
|        ( - 1.562e+03 1 0)
|        ( - 4.562e+02 1 0)))
s>    ( QUESTION2_1_L -1 4.994e+03 2.841e+02 2.730e+02
s>        ( - 2.546e+03 1 0)
s>        ( WDBNDRY_E 0 2.165e+03 1.464e+02 1.299e+02
s>            ( - 1.562e+03 1 0)
s>            ( - 4.562e+02 1 0)))INFO: dtree.c(1315): Comp split 24
INFO: dtree.c(1315): Comp split 25
INFO: dtree.c(1315): Comp split 26
INFO: dtree.c(1315): Comp split 27
INFO: dtree.c(1439): stop. leaf nodes are specific
INFO: dtree.c(1478): Final simple tree
|( QUESTION0_8_R 1 3.220e+03 2.164e+02 1.792e+02
|    ( - 1.406e+03 1 0)
|    ( QUESTION0_7_R 1 1.598e+03 1.694e+02 9.516e+01
|        ( - 8.494e+02 1 0)
|        ( - 5.791e+02 1 0)))
s>    ( QUESTION0_8_R 1 3.220e+03 2.164e+02 1.792e+02
s>        ( - 1.406e+03 1 0)
s>        ( QUESTION0_7_R 1 1.598e+03 1.694e+02 9.516e+01
s>            ( - 8.494e+02 1 0)
s>            ( - 5.791e+02 1 0)))INFO: dtree.c(1315): Comp split 28
INFO: dtree.c(1315): Comp split 29
INFO: dtree.c(1439): stop. leaf nodes are specific
INFO: dtree.c(1478): Final simple tree
|( QUESTION9 -1 1.266e+03 1.687e+02 7.220e+01
|    ( - 6.122e+02 1 0)
|    ( QUESTION6 -1 4.854e+02 9.886e+01 2.849e+01
|        ( - 2.256e+02 1 0)
|        ( - 1.610e+02 1 0)))
s>    ( QUESTION9 -1 1.266e+03 1.687e+02 7.220e+01
s>        ( - 6.122e+02 1 0)
s>        ( QUESTION6 -1 4.854e+02 9.886e+01 2.849e+01
s>            ( - 2.256e+02 1 0)
s>            ( - 1.610e+02 1 0)))INFO: dtree.c(1439): stop. leaf nodes are specific
INFO: dtree.c(1478): Final simple tree
|( WDBNDRY_B 0 1.218e+03 1.519e+02 7.177e+01
|    ( - 7.877e+02 1 0)
|    ( - 2.781e+02 1 0))
s>    ( WDBNDRY_B 0 1.218e+03 1.519e+02 7.177e+01
s>        ( - 7.877e+02 1 0)
s>        ( - 2.781e+02 1 0))INFO: dtree.c(1315): Comp split 30
INFO: dtree.c(1315): Comp split 31
INFO: dtree.c(1439): stop. leaf nodes are specific
INFO: dtree.c(1478): Final simple tree
|( QUESTION6 -1 2.743e+03 2.023e+02 1.732e+02
|    ( - 1.623e+03 1 0)
|    ( - 9.175e+02 1 0))
s>    ( QUESTION6 -1 2.743e+03 2.023e+02 1.732e+02
s>        ( - 1.623e+03 1 0)
s>        ( - 9.175e+02 1 0))INFO: dtree.c(1315): Comp split 32
INFO: dtree.c(1439): stop. leaf nodes are specific
INFO: dtree.c(1478): Final simple tree
|( WDBNDRY_E 0 2.165e+03 1.464e+02 1.299e+02
|    ( - 1.562e+03 1 0)
|    ( - 4.562e+02 1 0))
s>    ( WDBNDRY_E 0 2.165e+03 1.464e+02 1.299e+02
s>        ( - 1.562e+03 1 0)
s>        ( - 4.562e+02 1 0))INFO: dtree.c(1315): Comp split 33
INFO: dtree.c(1315): Comp split 34
INFO: dtree.c(1439): stop. leaf nodes are specific
INFO: dtree.c(1478): Final simple tree
|( QUESTION16 -1 1.279e+03 1.415e+02 7.806e+01
|    ( - 2.137e+02 1 0)
|    ( - 9.243e+02 1 0))
s>    ( QUESTION16 -1 1.279e+03 1.415e+02 7.806e+01
s>        ( - 2.137e+02 1 0)
s>        ( - 9.243e+02 1 0))INFO: dtree.c(1439): stop. leaf nodes are specific
INFO: dtree.c(1478): Final simple tree
|( QUESTION6 -1 1.472e+03 1.638e+02 8.938e+01
|    ( - 7.049e+02 1 0)
|    ( - 6.035e+02 1 0))
s>    ( QUESTION6 -1 1.472e+03 1.638e+02 8.938e+01
s>        ( - 7.049e+02 1 0)
s>        ( - 6.035e+02 1 0))INFO: dtree.c(1315): Comp split 35
INFO: dtree.c(1439): stop. leaf nodes are specific
INFO: dtree.c(1478): Final simple tree
|( WDBNDRY_B 0 1.386e+03 1.724e+02 7.694e+01
|    ( - 5.872e+02 1 0)
|    ( - 6.265e+02 1 0))
s>    ( WDBNDRY_B 0 1.386e+03 1.724e+02 7.694e+01
s>        ( - 5.872e+02 1 0)
s>        ( - 6.265e+02 1 0))INFO: dtree.c(1439): stop. leaf nodes are specific
INFO: dtree.c(1478): Final simple tree
|( WDBNDRY_E 0 1.264e+03 1.294e+02 7.549e+01
|    ( - 4.862e+02 1 0)
|    ( - 6.479e+02 1 0))
s>    ( WDBNDRY_E 0 1.264e+03 1.294e+02 7.549e+01
s>        ( - 4.862e+02 1 0)
s>        ( - 6.479e+02 1 0))INFO: dtree.c(1315): Comp split 36
INFO: dtree.c(1315): Comp split 37
INFO: dtree.c(1439): stop. leaf nodes are specific
INFO: dtree.c(1478): Final simple tree
|( QUESTION0_7_R 1 1.598e+03 1.694e+02 9.516e+01
|    ( - 8.494e+02 1 0)
|    ( - 5.791e+02 1 0))
s>    ( QUESTION0_7_R 1 1.598e+03 1.694e+02 9.516e+01
s>        ( - 8.494e+02 1 0)
s>        ( - 5.791e+02 1 0))INFO: dtree.c(1315): Comp split 38
INFO: dtree.c(1439): stop. leaf nodes are specific
INFO: dtree.c(1478): Final simple tree
|( QUESTION8 1 6.322e+02 1.060e+02 3.905e+01
|    ( - 2.242e+02 1 0)
|    ( - 3.020e+02 1 0))
s>    ( QUESTION8 1 6.322e+02 1.060e+02 3.905e+01
s>        ( - 2.242e+02 1 0)
s>        ( - 3.020e+02 1 0))INFO: dtree.c(1315): Comp split 39
INFO: dtree.c(1439): stop. leaf nodes are specific
INFO: dtree.c(1478): Final simple tree
|( QUESTION2_10_L -1 1.414e+03 1.148e+02 8.335e+01
|    ( - 1.034e+03 1 0)
|    ( - 2.650e+02 1 0))
s>    ( QUESTION2_10_L -1 1.414e+03 1.148e+02 8.335e+01
s>        ( - 1.034e+03 1 0)
s>        ( - 2.650e+02 1 0))INFO: dtree.c(1315): Comp split 40
INFO: dtree.c(1439): stop. leaf nodes are specific
INFO: dtree.c(1478): Final simple tree
|( QUESTION8 -1 1.888e+03 1.302e+02 1.058e+02
|    ( - 1.405e+03 1 0)
|    ( - 3.524e+02 1 0))
s>    ( QUESTION8 -1 1.888e+03 1.302e+02 1.058e+02
s>        ( - 1.405e+03 1 0)
s>        ( - 3.524e+02 1 0))INFO: dtree.c(1315): Comp split 41
INFO: dtree.c(1315): Comp split 42
INFO: dtree.c(1315): Comp split 43
INFO: dtree.c(1315): Comp split 44
INFO: dtree.c(1315): Comp split 45
INFO: dtree.c(1315): Comp split 46
INFO: dtree.c(1315): Comp split 47
INFO: dtree.c(1315): Comp split 48
INFO: dtree.c(1315): Comp split 49
INFO: dtree.c(1439): stop. leaf nodes are specific
INFO: dtree.c(1478): Final simple tree
|( QUESTION6 -1 4.854e+02 9.886e+01 2.849e+01
|    ( - 2.256e+02 1 0)
|    ( - 1.610e+02 1 0))
s>    ( QUESTION6 -1 4.854e+02 9.886e+01 2.849e+01
s>        ( - 2.256e+02 1 0)
s>        ( - 1.610e+02 1 0))INFO: dtree.c(1315): Comp split 50
INFO: dtree.c(1315): Comp split 51
INFO: dtree.c(1315): Comp split 52
INFO: dtree.c(1315): Comp split 53
INFO: dtree.c(1315): Comp split 54
INFO: dtree.c(1315): Comp split 55
INFO: dtree.c(1315): Comp split 56
INFO: dtree.c(1315): Comp split 57
INFO: dtree.c(1315): Comp split 58
INFO: dtree.c(1315): Comp split 59
INFO: dtree.c(1315): Comp split 60
INFO: dtree.c(1318): stop. leaf nodes are specific
Fri Dec  3 07:39:22 2021
