Current configuration:
[NAME]		[DEFLT]	[VALUE]
-allphones	no	no
-cntthresh	0.00001	1.000000e-05
-csplitmax	100	2000
-csplitmin	1	1
-csplitthr	8e-4	0.000000e+00
-example	no	no
-fullvar	no	no
-help		no	no
-meanfn			
-mixwfn			/home/azhar/Tubes_Speech/commandreminder/model_parameters/commandreminder.cd_ptm_untied/mixture_weights
-moddeffn		/home/azhar/Tubes_Speech/commandreminder/model_architecture/commandreminder.untied.mdef
-mwfloor	1e-4	1.000000e-08
-phone			NG
-psetfn			/home/azhar/Tubes_Speech/commandreminder/model_architecture/commandreminder.tree_questions
-ssplitmax	5	7
-ssplitmin	1	1
-ssplitthr	8e-4	0.000000e+00
-state			0
-stwt			1.0,0.05,0.0,
-treefn			/home/azhar/Tubes_Speech/commandreminder/trees/commandreminder.unpruned/NG-0.dtree
-ts2cbfn	.semi.	.semi.
-varfloor	0.00001	1.000000e-05
-varfn			

INFO: main.c(223): Reading: /home/azhar/Tubes_Speech/commandreminder/model_architecture/commandreminder.untied.mdef
INFO: model_def_io.c(573): Model definition info:
INFO: model_def_io.c(574): 1061 total models defined (31 base, 1030 tri)
INFO: model_def_io.c(575): 4244 total states
INFO: model_def_io.c(576): 3183 total tied states
INFO: model_def_io.c(577): 93 total tied CI states
INFO: model_def_io.c(578): 31 total tied transition matrices
INFO: model_def_io.c(579): 4 max state/model
INFO: model_def_io.c(580): 4 min state/model
INFO: main.c(242): Building trees for [NG A A i] through [NG U P e]
INFO: main.c(269): Covering states |[2205 2267]| == 63
INFO: main.c(275): Reading: /home/azhar/Tubes_Speech/commandreminder/model_parameters/commandreminder.cd_ptm_untied/mixture_weights
INFO: s3mixw_io.c(173): Read /home/azhar/Tubes_Speech/commandreminder/model_parameters/commandreminder.cd_ptm_untied/mixture_weights [63x4x64 array]
INFO: main.c(311): 21 of 21 models have observation count greater than 0.000010
INFO: main.c(95): nrm stwt: 0.952 0.048 0.000 
INFO: main.c(411): 21-class entropy: 5.932947e+04
INFO: main.c(549): Reading: /home/azhar/Tubes_Speech/commandreminder/model_architecture/commandreminder.tree_questions
INFO: main.c(588): 174 total simple questions (166 phone; 8 word bndry)
INFO: main.c(590): 40 Left Only questions, and 42 Right Only questions
INFO: dtree.c(1478): Final simple tree
|( QUESTION1 -1 7.338e+04 4.428e+03 3.324e+03
|    ( QUESTION0 1 4.716e+04 1.791e+03 2.229e+03
|        ( QUESTION4 1 2.639e+04 1.029e+03 1.229e+03
|            ( - 6.579e+03 1 0)
|            ( QUESTION0_0_R 1 1.878e+04 7.746e+02 8.751e+02
|                ( QUESTION0_1_R 1 1.319e+04 6.024e+02 6.193e+02
|                    ( - 5.725e+03 3 0 WDBNDRY_E 0 1.968e+02 2.853e+02)
|                    ( - 6.861e+03 2 0))
|                ( - 4.817e+03 1 0)))
|        ( - 1.898e+04 7 0 QUESTION11 1 4.101e+02 9.996e+02))
|    ( QUESTION3 -1 2.180e+04 1.311e+03 1.095e+03
|        ( QUESTION9 1 1.537e+04 5.147e+02 8.420e+02
|            ( - 8.207e+03 1 0)
|            ( - 6.646e+03 3 0 QUESTION0_1_R 1 3.783e+02 3.546e+02))
|        ( - 5.119e+03 3 0 WDBNDRY_E 0 3.966e+02 2.535e+02)))
s>    ( QUESTION1 -1 7.338e+04 4.428e+03 3.324e+03
s>        ( QUESTION0 1 4.716e+04 1.791e+03 2.229e+03
s>            ( QUESTION4 1 2.639e+04 1.029e+03 1.229e+03
s>                ( - 6.579e+03 1 0)
s>                ( QUESTION0_0_R 1 1.878e+04 7.746e+02 8.751e+02
s>                    ( QUESTION0_1_R 1 1.319e+04 6.024e+02 6.193e+02
s>                        ( - 5.725e+03 3 0 WDBNDRY_E 0 1.968e+02 2.853e+02)
s>                        ( - 6.861e+03 2 0))
s>                    ( - 4.817e+03 1 0)))
s>            ( - 1.898e+04 7 0 QUESTION11 1 4.101e+02 9.996e+02))
s>        ( QUESTION3 -1 2.180e+04 1.311e+03 1.095e+03
s>            ( QUESTION9 1 1.537e+04 5.147e+02 8.420e+02
s>                ( - 8.207e+03 1 0)
s>                ( - 6.646e+03 3 0 QUESTION0_1_R 1 3.783e+02 3.546e+02))
s>            ( - 5.119e+03 3 0 WDBNDRY_E 0 3.966e+02 2.535e+02)))INFO: dtree.c(1315): Comp split 0
INFO: dtree.c(1478): Final simple tree
|( QUESTION0 1 4.716e+04 1.791e+03 2.229e+03
|    ( QUESTION4 1 2.639e+04 1.029e+03 1.229e+03
|        ( - 6.579e+03 1 0)
|        ( QUESTION0_0_R 1 1.878e+04 7.746e+02 8.751e+02
|            ( QUESTION0_1_R 1 1.319e+04 6.024e+02 6.193e+02
|                ( - 5.725e+03 3 0 WDBNDRY_E 0 1.968e+02 2.853e+02)
|                ( - 6.861e+03 2 0))
|            ( - 4.817e+03 1 0)))
|    ( QUESTION11 1 1.898e+04 4.101e+02 9.996e+02
|        ( - 7.274e+03 1 0)
|        ( WDBNDRY_E 0 1.129e+04 2.994e+02 6.011e+02
|            ( QUESTION0_7_R 1 8.355e+03 2.782e+02 4.414e+02
|                ( - 5.432e+03 2 0 QUESTION7 1 2.162e+02 2.959e+02)
|                ( - 2.645e+03 3 0 SILENCE 1 2.247e+02 1.455e+02))
|            ( - 2.639e+03 1 0))))
s>    ( QUESTION0 1 4.716e+04 1.791e+03 2.229e+03
s>        ( QUESTION4 1 2.639e+04 1.029e+03 1.229e+03
s>            ( - 6.579e+03 1 0)
s>            ( QUESTION0_0_R 1 1.878e+04 7.746e+02 8.751e+02
s>                ( QUESTION0_1_R 1 1.319e+04 6.024e+02 6.193e+02
s>                    ( - 5.725e+03 3 0 WDBNDRY_E 0 1.968e+02 2.853e+02)
s>                    ( - 6.861e+03 2 0))
s>                ( - 4.817e+03 1 0)))
s>        ( QUESTION11 1 1.898e+04 4.101e+02 9.996e+02
s>            ( - 7.274e+03 1 0)
s>            ( WDBNDRY_E 0 1.129e+04 2.994e+02 6.011e+02
s>                ( QUESTION0_7_R 1 8.355e+03 2.782e+02 4.414e+02
s>                    ( - 5.432e+03 2 0 QUESTION7 1 2.162e+02 2.959e+02)
s>                    ( - 2.645e+03 3 0 SILENCE 1 2.247e+02 1.455e+02))
s>                ( - 2.639e+03 1 0))))INFO: dtree.c(1439): stop. leaf nodes are specific
INFO: dtree.c(1478): Final simple tree
|( QUESTION3 -1 2.180e+04 1.311e+03 1.095e+03
|    ( QUESTION9 1 1.537e+04 5.147e+02 8.420e+02
|        ( - 8.207e+03 1 0)
|        ( QUESTION0_1_R 1 6.646e+03 3.783e+02 3.546e+02
|            ( - 2.595e+03 1 0)
|            ( WDBNDRY_E 0 3.673e+03 2.463e+02 2.021e+02
|                ( - 1.933e+03 1 0)
|                ( - 1.493e+03 1 0))))
|    ( WDBNDRY_E 0 5.119e+03 3.966e+02 2.535e+02
|        ( QUESTION8 1 1.424e+03 1.636e+02 7.629e+01
|            ( - 9.559e+02 1 0)
|            ( - 3.046e+02 1 0))
|        ( - 3.298e+03 1 0)))
s>    ( QUESTION3 -1 2.180e+04 1.311e+03 1.095e+03
s>        ( QUESTION9 1 1.537e+04 5.147e+02 8.420e+02
s>            ( - 8.207e+03 1 0)
s>            ( QUESTION0_1_R 1 6.646e+03 3.783e+02 3.546e+02
s>                ( - 2.595e+03 1 0)
s>                ( WDBNDRY_E 0 3.673e+03 2.463e+02 2.021e+02
s>                    ( - 1.933e+03 1 0)
s>                    ( - 1.493e+03 1 0))))
s>        ( WDBNDRY_E 0 5.119e+03 3.966e+02 2.535e+02
s>            ( QUESTION8 1 1.424e+03 1.636e+02 7.629e+01
s>                ( - 9.559e+02 1 0)
s>                ( - 3.046e+02 1 0))
s>            ( - 3.298e+03 1 0)))INFO: dtree.c(1315): Comp split 1
INFO: dtree.c(1478): Final simple tree
|( QUESTION0_0_R 1 2.537e+04 6.697e+02 1.285e+03
|    ( WDBNDRY_E 0 5.725e+03 1.968e+02 2.853e+02
|        ( - 3.897e+02 1 0)
|        ( - 5.138e+03 2 0))
|    ( QUESTION11 1 1.898e+04 4.101e+02 9.996e+02
|        ( - 7.274e+03 1 0)
|        ( WDBNDRY_E 0 1.129e+04 2.994e+02 6.011e+02
|            ( QUESTION0_7_R 1 8.355e+03 2.782e+02 4.414e+02
|                ( QUESTION7 1 5.432e+03 2.162e+02 2.959e+02
|                    ( - 2.802e+03 1 0)
|                    ( - 2.414e+03 1 0))
|                ( SILENCE 1 2.645e+03 2.247e+02 1.455e+02
|                    ( - 7.064e+02 1 0)
|                    ( - 1.714e+03 2 0 QUESTION0_15_R 1 1.492e+02 9.542e+01)))
|            ( - 2.639e+03 1 0))))
s>    ( QUESTION0_0_R 1 2.537e+04 6.697e+02 1.285e+03
s>        ( WDBNDRY_E 0 5.725e+03 1.968e+02 2.853e+02
s>            ( - 3.897e+02 1 0)
s>            ( - 5.138e+03 2 0))
s>        ( QUESTION11 1 1.898e+04 4.101e+02 9.996e+02
s>            ( - 7.274e+03 1 0)
s>            ( WDBNDRY_E 0 1.129e+04 2.994e+02 6.011e+02
s>                ( QUESTION0_7_R 1 8.355e+03 2.782e+02 4.414e+02
s>                    ( QUESTION7 1 5.432e+03 2.162e+02 2.959e+02
s>                        ( - 2.802e+03 1 0)
s>                        ( - 2.414e+03 1 0))
s>                    ( SILENCE 1 2.645e+03 2.247e+02 1.455e+02
s>                        ( - 7.064e+02 1 0)
s>                        ( - 1.714e+03 2 0 QUESTION0_15_R 1 1.492e+02 9.542e+01)))
s>                ( - 2.639e+03 1 0))))INFO: dtree.c(1439): stop. leaf nodes are specific
INFO: dtree.c(1478): Final simple tree
|( QUESTION0_1_R 1 1.979e+04 8.798e+02 9.438e+02
|    ( - 6.579e+03 1 0)
|    ( QUESTION0_0_R 1 1.233e+04 6.501e+02 5.897e+02
|        ( - 6.861e+03 2 0)
|        ( - 4.817e+03 1 0)))
s>    ( QUESTION0_1_R 1 1.979e+04 8.798e+02 9.438e+02
s>        ( - 6.579e+03 1 0)
s>        ( QUESTION0_0_R 1 1.233e+04 6.501e+02 5.897e+02
s>            ( - 6.861e+03 2 0)
s>            ( - 4.817e+03 1 0)))INFO: dtree.c(1315): Comp split 2
INFO: dtree.c(1439): stop. leaf nodes are specific
INFO: dtree.c(1478): Final simple tree
|( QUESTION9 1 1.537e+04 5.147e+02 8.420e+02
|    ( - 8.207e+03 1 0)
|    ( QUESTION0_1_R 1 6.646e+03 3.783e+02 3.546e+02
|        ( - 2.595e+03 1 0)
|        ( WDBNDRY_E 0 3.673e+03 2.463e+02 2.021e+02
|            ( - 1.933e+03 1 0)
|            ( - 1.493e+03 1 0))))
s>    ( QUESTION9 1 1.537e+04 5.147e+02 8.420e+02
s>        ( - 8.207e+03 1 0)
s>        ( QUESTION0_1_R 1 6.646e+03 3.783e+02 3.546e+02
s>            ( - 2.595e+03 1 0)
s>            ( WDBNDRY_E 0 3.673e+03 2.463e+02 2.021e+02
s>                ( - 1.933e+03 1 0)
s>                ( - 1.493e+03 1 0))))INFO: dtree.c(1439): stop. leaf nodes are specific
INFO: dtree.c(1478): Final simple tree
|( WDBNDRY_E 0 5.119e+03 3.966e+02 2.535e+02
|    ( QUESTION8 1 1.424e+03 1.636e+02 7.629e+01
|        ( - 9.559e+02 1 0)
|        ( - 3.046e+02 1 0))
|    ( - 3.298e+03 1 0))
s>    ( WDBNDRY_E 0 5.119e+03 3.966e+02 2.535e+02
s>        ( QUESTION8 1 1.424e+03 1.636e+02 7.629e+01
s>            ( - 9.559e+02 1 0)
s>            ( - 3.046e+02 1 0))
s>        ( - 3.298e+03 1 0))INFO: dtree.c(1315): Comp split 3
INFO: dtree.c(1439): stop. leaf nodes are specific
INFO: dtree.c(1478): Final simple tree
|( QUESTION0_0_R 1 1.233e+04 6.501e+02 5.897e+02
|    ( - 6.861e+03 2 0)
|    ( - 4.817e+03 1 0))
s>    ( QUESTION0_0_R 1 1.233e+04 6.501e+02 5.897e+02
s>        ( - 6.861e+03 2 0)
s>        ( - 4.817e+03 1 0))INFO: dtree.c(1315): Comp split 4
INFO: dtree.c(1478): Final simple tree
|( QUESTION11 1 1.953e+04 4.065e+02 1.029e+03
|    ( - 7.274e+03 1 0)
|    ( QUESTION7 1 1.185e+04 3.141e+02 6.301e+02
|        ( WDBNDRY_E 0 5.696e+03 2.551e+02 3.202e+02
|            ( - 2.802e+03 1 0)
|            ( - 2.639e+03 1 0))
|        ( QUESTION0_6_R 1 5.838e+03 2.682e+02 3.099e+02
|            ( QUESTION0_7_R 1 4.352e+03 2.242e+02 2.309e+02
|                ( - 2.414e+03 1 0)
|                ( QUESTION0_15_R 1 1.714e+03 1.492e+02 9.542e+01
|                    ( - 6.204e+02 1 0)
|                    ( - 9.441e+02 1 0)))
|            ( SILENCE 1 1.218e+03 1.219e+02 7.902e+01
|                ( - 7.064e+02 1 0)
|                ( - 3.897e+02 1 0)))))
s>    ( QUESTION11 1 1.953e+04 4.065e+02 1.029e+03
s>        ( - 7.274e+03 1 0)
s>        ( QUESTION7 1 1.185e+04 3.141e+02 6.301e+02
s>            ( WDBNDRY_E 0 5.696e+03 2.551e+02 3.202e+02
s>                ( - 2.802e+03 1 0)
s>                ( - 2.639e+03 1 0))
s>            ( QUESTION0_6_R 1 5.838e+03 2.682e+02 3.099e+02
s>                ( QUESTION0_7_R 1 4.352e+03 2.242e+02 2.309e+02
s>                    ( - 2.414e+03 1 0)
s>                    ( QUESTION0_15_R 1 1.714e+03 1.492e+02 9.542e+01
s>                        ( - 6.204e+02 1 0)
s>                        ( - 9.441e+02 1 0)))
s>                ( SILENCE 1 1.218e+03 1.219e+02 7.902e+01
s>                    ( - 7.064e+02 1 0)
s>                    ( - 3.897e+02 1 0)))))INFO: dtree.c(1315): Comp split 5
INFO: dtree.c(1315): Comp split 6
INFO: dtree.c(1439): stop. leaf nodes are specific
INFO: dtree.c(1478): Final simple tree
|( WDBNDRY_E 0 4.821e+03 2.934e+02 2.634e+02
|    ( - 1.933e+03 1 0)
|    ( - 2.595e+03 1 0))
s>    ( WDBNDRY_E 0 4.821e+03 2.934e+02 2.634e+02
s>        ( - 1.933e+03 1 0)
s>        ( - 2.595e+03 1 0))INFO: dtree.c(1439): stop. leaf nodes are specific
INFO: dtree.c(1478): Final simple tree
|( QUESTION0_0_R 1 1.001e+04 3.107e+02 5.786e+02
|    ( - 1.493e+03 1 0)
|    ( - 8.207e+03 1 0))
s>    ( QUESTION0_0_R 1 1.001e+04 3.107e+02 5.786e+02
s>        ( - 1.493e+03 1 0)
s>        ( - 8.207e+03 1 0))INFO: dtree.c(1315): Comp split 7
INFO: dtree.c(1439): stop. leaf nodes are specific
INFO: dtree.c(1478): Final simple tree
|( WDBNDRY_E 0 8.619e+03 2.287e+02 4.669e+02
|    ( QUESTION0_0_R 1 1.117e+03 1.070e+02 6.838e+01
|        ( - 3.897e+02 1 0)
|        ( - 6.204e+02 1 0))
|    ( - 7.274e+03 1 0))
s>    ( WDBNDRY_E 0 8.619e+03 2.287e+02 4.669e+02
s>        ( QUESTION0_0_R 1 1.117e+03 1.070e+02 6.838e+01
s>            ( - 3.897e+02 1 0)
s>            ( - 6.204e+02 1 0))
s>        ( - 7.274e+03 1 0))INFO: dtree.c(1439): stop. leaf nodes are specific
INFO: dtree.c(1478): Final simple tree
|( WDBNDRY_E 0 1.049e+04 3.001e+02 5.617e+02
|    ( QUESTION0_7_R 1 7.550e+03 2.628e+02 4.020e+02
|        ( QUESTION7 1 5.432e+03 2.162e+02 2.959e+02
|            ( - 2.802e+03 1 0)
|            ( - 2.414e+03 1 0))
|        ( SILENCE 1 1.856e+03 2.050e+02 1.061e+02
|            ( - 7.064e+02 1 0)
|            ( - 9.441e+02 1 0)))
|    ( - 2.639e+03 1 0))
s>    ( WDBNDRY_E 0 1.049e+04 3.001e+02 5.617e+02
s>        ( QUESTION0_7_R 1 7.550e+03 2.628e+02 4.020e+02
s>            ( QUESTION7 1 5.432e+03 2.162e+02 2.959e+02
s>                ( - 2.802e+03 1 0)
s>                ( - 2.414e+03 1 0))
s>            ( SILENCE 1 1.856e+03 2.050e+02 1.061e+02
s>                ( - 7.064e+02 1 0)
s>                ( - 9.441e+02 1 0)))
s>        ( - 2.639e+03 1 0))INFO: dtree.c(1315): Comp split 8
INFO: dtree.c(1439): stop. leaf nodes are specific
INFO: dtree.c(1478): Final simple tree
|( QUESTION8 1 1.424e+03 1.636e+02 7.629e+01
|    ( - 9.559e+02 1 0)
|    ( - 3.046e+02 1 0))
s>    ( QUESTION8 1 1.424e+03 1.636e+02 7.629e+01
s>        ( - 9.559e+02 1 0)
s>        ( - 3.046e+02 1 0))INFO: dtree.c(1315): Comp split 9
INFO: dtree.c(1439): stop. leaf nodes are specific
INFO: dtree.c(1478): Final simple tree
|( QUESTION7 1 6.593e+03 2.382e+02 3.520e+02
|    ( - 2.802e+03 1 0)
|    ( QUESTION0_7_R 1 3.553e+03 1.945e+02 1.915e+02
|        ( - 2.414e+03 1 0)
|        ( - 9.441e+02 1 0)))
s>    ( QUESTION7 1 6.593e+03 2.382e+02 3.520e+02
s>        ( - 2.802e+03 1 0)
s>        ( QUESTION0_7_R 1 3.553e+03 1.945e+02 1.915e+02
s>            ( - 2.414e+03 1 0)
s>            ( - 9.441e+02 1 0)))INFO: dtree.c(1439): stop. leaf nodes are specific
INFO: dtree.c(1478): Final simple tree
|( WDBNDRY_E 0 3.551e+03 2.057e+02 2.098e+02
|    ( - 7.064e+02 1 0)
|    ( - 2.639e+03 1 0))
s>    ( WDBNDRY_E 0 3.551e+03 2.057e+02 2.098e+02
s>        ( - 7.064e+02 1 0)
s>        ( - 2.639e+03 1 0))INFO: dtree.c(1315): Comp split 10
INFO: dtree.c(1315): Comp split 11
INFO: dtree.c(1315): Comp split 12
INFO: dtree.c(1439): stop. leaf nodes are specific
INFO: dtree.c(1478): Final simple tree
|( QUESTION0_7_R 1 3.553e+03 1.945e+02 1.915e+02
|    ( - 2.414e+03 1 0)
|    ( - 9.441e+02 1 0))
s>    ( QUESTION0_7_R 1 3.553e+03 1.945e+02 1.915e+02
s>        ( - 2.414e+03 1 0)
s>        ( - 9.441e+02 1 0))INFO: dtree.c(1315): Comp split 13
INFO: dtree.c(1439): stop. leaf nodes are specific
INFO: dtree.c(1478): Final simple tree
|( QUESTION0_0_R 1 1.117e+03 1.070e+02 6.838e+01
|    ( - 3.897e+02 1 0)
|    ( - 6.204e+02 1 0))
s>    ( QUESTION0_0_R 1 1.117e+03 1.070e+02 6.838e+01
s>        ( - 3.897e+02 1 0)
s>        ( - 6.204e+02 1 0))INFO: dtree.c(1315): Comp split 14
INFO: dtree.c(1315): Comp split 15
INFO: dtree.c(1315): Comp split 16
INFO: dtree.c(1315): Comp split 17
INFO: dtree.c(1315): Comp split 18
INFO: dtree.c(1318): stop. leaf nodes are specific
Fri Dec  3 07:39:14 2021
