Current configuration:
[NAME]		[DEFLT]	[VALUE]
-allphones	no	no
-cntthresh	0.00001	1.000000e-05
-csplitmax	100	2000
-csplitmin	1	1
-csplitthr	8e-4	0.000000e+00
-example	no	no
-fullvar	no	no
-help		no	no
-meanfn			
-mixwfn			/home/azhar/Tubes_Speech/commandreminder/model_parameters/commandreminder.cd_ptm_untied/mixture_weights
-moddeffn		/home/azhar/Tubes_Speech/commandreminder/model_architecture/commandreminder.untied.mdef
-mwfloor	1e-4	1.000000e-08
-phone			T
-psetfn			/home/azhar/Tubes_Speech/commandreminder/model_architecture/commandreminder.tree_questions
-ssplitmax	5	7
-ssplitmin	1	1
-ssplitthr	8e-4	0.000000e+00
-state			1
-stwt			1.0,0.05,0.0,
-treefn			/home/azhar/Tubes_Speech/commandreminder/trees/commandreminder.unpruned/T-1.dtree
-ts2cbfn	.semi.	.semi.
-varfloor	0.00001	1.000000e-05
-varfn			

INFO: main.c(223): Reading: /home/azhar/Tubes_Speech/commandreminder/model_architecture/commandreminder.untied.mdef
INFO: model_def_io.c(573): Model definition info:
INFO: model_def_io.c(574): 1061 total models defined (31 base, 1030 tri)
INFO: model_def_io.c(575): 4244 total states
INFO: model_def_io.c(576): 3183 total tied states
INFO: model_def_io.c(577): 93 total tied CI states
INFO: model_def_io.c(578): 31 total tied transition matrices
INFO: model_def_io.c(579): 4 max state/model
INFO: model_def_io.c(580): 4 min state/model
INFO: main.c(242): Building trees for [T A A b] through [T U I i]
INFO: main.c(269): Covering states |[2787 2954]| == 168
INFO: main.c(275): Reading: /home/azhar/Tubes_Speech/commandreminder/model_parameters/commandreminder.cd_ptm_untied/mixture_weights
INFO: s3mixw_io.c(173): Read /home/azhar/Tubes_Speech/commandreminder/model_parameters/commandreminder.cd_ptm_untied/mixture_weights [168x4x64 array]
INFO: main.c(311): 56 of 56 models have observation count greater than 0.000010
INFO: main.c(95): nrm stwt: 0.045 0.909 0.045 
INFO: main.c(411): 56-class entropy: 9.803172e+04
INFO: main.c(549): Reading: /home/azhar/Tubes_Speech/commandreminder/model_architecture/commandreminder.tree_questions
INFO: main.c(588): 174 total simple questions (166 phone; 8 word bndry)
INFO: main.c(590): 40 Left Only questions, and 42 Right Only questions
INFO: dtree.c(1478): Final simple tree
|( QUESTION0_2_R 1 1.181e+05 2.303e+03 5.590e+03
|    ( QUESTION2_1_L -1 5.251e+04 1.197e+03 2.530e+03
|        ( - 2.864e+04 8 0 WDBNDRY_B 0 5.494e+02 1.386e+03)
|        ( QUESTION19 -1 2.268e+04 7.694e+02 1.144e+03
|            ( - 5.332e+03 6 0 WDBNDRY_B 0 2.777e+02 2.887e+02)
|            ( - 1.658e+04 11 0 QUESTION3 -1 5.643e+02 8.551e+02)))
|    ( QUESTION4 1 6.328e+04 1.670e+03 3.060e+03
|        ( QUESTION6 -1 2.084e+04 7.813e+02 1.060e+03
|            ( - 1.328e+04 1 0)
|            ( - 6.780e+03 7 0 QUESTION19 -1 3.477e+02 3.379e+02))
|        ( WDBNDRY_E 0 4.077e+04 1.297e+03 2.000e+03
|            ( - 1.823e+04 15 0 SILENCE 1 4.681e+02 9.055e+02)
|            ( QUESTION2 -1 2.125e+04 5.791e+02 1.095e+03
|                ( - 1.257e+04 2 0 QUESTION3 -1 2.640e+02 6.809e+02)
|                ( - 8.096e+03 6 0 QUESTION6 -1 3.593e+02 4.137e+02)))))
s>    ( QUESTION0_2_R 1 1.181e+05 2.303e+03 5.590e+03
s>        ( QUESTION2_1_L -1 5.251e+04 1.197e+03 2.530e+03
s>            ( - 2.864e+04 8 0 WDBNDRY_B 0 5.494e+02 1.386e+03)
s>            ( QUESTION19 -1 2.268e+04 7.694e+02 1.144e+03
s>                ( - 5.332e+03 6 0 WDBNDRY_B 0 2.777e+02 2.887e+02)
s>                ( - 1.658e+04 11 0 QUESTION3 -1 5.643e+02 8.551e+02)))
s>        ( QUESTION4 1 6.328e+04 1.670e+03 3.060e+03
s>            ( QUESTION6 -1 2.084e+04 7.813e+02 1.060e+03
s>                ( - 1.328e+04 1 0)
s>                ( - 6.780e+03 7 0 QUESTION19 -1 3.477e+02 3.379e+02))
s>            ( WDBNDRY_E 0 4.077e+04 1.297e+03 2.000e+03
s>                ( - 1.823e+04 15 0 SILENCE 1 4.681e+02 9.055e+02)
s>                ( QUESTION2 -1 2.125e+04 5.791e+02 1.095e+03
s>                    ( - 1.257e+04 2 0 QUESTION3 -1 2.640e+02 6.809e+02)
s>                    ( - 8.096e+03 6 0 QUESTION6 -1 3.593e+02 4.137e+02)))))INFO: dtree.c(1315): Comp split 0
INFO: dtree.c(1478): Final simple tree
|( QUESTION4 1 5.577e+04 1.717e+03 2.722e+03
|    ( - 1.328e+04 1 0)
|    ( WDBNDRY_E 0 4.077e+04 1.297e+03 2.000e+03
|        ( SILENCE 1 1.823e+04 4.681e+02 9.055e+02
|            ( - 4.437e+03 2 0)
|            ( QUESTION1 -1 1.332e+04 3.939e+02 6.553e+02
|                ( QUESTION0_7_R 1 1.119e+04 3.697e+02 5.543e+02
|                    ( - 7.867e+03 7 0 QUESTION0_8_R 1 2.816e+02 3.958e+02)
|                    ( - 2.956e+03 4 0 QUESTION0_0_R 1 2.026e+02 1.585e+02))
|                ( - 1.739e+03 2 0 QUESTION0_8_R 1 2.097e+02 1.010e+02)))
|        ( QUESTION2 -1 2.125e+04 5.791e+02 1.095e+03
|            ( - 1.257e+04 2 0 QUESTION3 -1 2.640e+02 6.809e+02)
|            ( QUESTION6 -1 8.096e+03 3.593e+02 4.137e+02
|                ( - 2.406e+03 2 0 QUESTION10 -1 1.929e+02 1.335e+02)
|                ( - 5.330e+03 4 0 QUESTION19 -1 2.266e+02 2.803e+02)))))
s>    ( QUESTION4 1 5.577e+04 1.717e+03 2.722e+03
s>        ( - 1.328e+04 1 0)
s>        ( WDBNDRY_E 0 4.077e+04 1.297e+03 2.000e+03
s>            ( SILENCE 1 1.823e+04 4.681e+02 9.055e+02
s>                ( - 4.437e+03 2 0)
s>                ( QUESTION1 -1 1.332e+04 3.939e+02 6.553e+02
s>                    ( QUESTION0_7_R 1 1.119e+04 3.697e+02 5.543e+02
s>                        ( - 7.867e+03 7 0 QUESTION0_8_R 1 2.816e+02 3.958e+02)
s>                        ( - 2.956e+03 4 0 QUESTION0_0_R 1 2.026e+02 1.585e+02))
s>                    ( - 1.739e+03 2 0 QUESTION0_8_R 1 2.097e+02 1.010e+02)))
s>            ( QUESTION2 -1 2.125e+04 5.791e+02 1.095e+03
s>                ( - 1.257e+04 2 0 QUESTION3 -1 2.640e+02 6.809e+02)
s>                ( QUESTION6 -1 8.096e+03 3.593e+02 4.137e+02
s>                    ( - 2.406e+03 2 0 QUESTION10 -1 1.929e+02 1.335e+02)
s>                    ( - 5.330e+03 4 0 QUESTION19 -1 2.266e+02 2.803e+02)))))INFO: dtree.c(1478): Final simple tree
|( QUESTION2_1_L -1 5.994e+04 1.327e+03 2.867e+03
|    ( WDBNDRY_B 0 3.053e+04 5.891e+02 1.472e+03
|        ( QUESTION0 -1 1.118e+04 4.812e+02 5.450e+02
|            ( - 7.070e+03 4 0 QUESTION0_4_R 1 2.205e+02 3.632e+02)
|            ( - 3.625e+03 2 0 QUESTION0_3_R 1 3.058e+02 1.818e+02))
|        ( QUESTION0_3_R 1 1.876e+04 3.771e+02 9.265e+02
|            ( - 3.626e+03 1 0)
|            ( - 1.476e+04 3 0 QUESTION0 -1 2.348e+02 7.399e+02)))
|    ( QUESTION19 -1 2.808e+04 8.363e+02 1.396e+03
|        ( - 8.292e+03 9 0 QUESTION0_1_R 1 3.747e+02 4.300e+02)
|        ( QUESTION3 -1 1.895e+04 6.242e+02 9.660e+02
|            ( - 9.654e+03 5 0 WDBNDRY_B 0 2.424e+02 5.155e+02)
|            ( QUESTION15 -1 8.674e+03 3.861e+02 4.505e+02
|                ( - 2.627e+03 2 0 WDBNDRY_B 0 2.537e+02 1.470e+02)
|                ( - 5.661e+03 6 0 QUESTION0 -1 2.615e+02 3.035e+02)))))
s>    ( QUESTION2_1_L -1 5.994e+04 1.327e+03 2.867e+03
s>        ( WDBNDRY_B 0 3.053e+04 5.891e+02 1.472e+03
s>            ( QUESTION0 -1 1.118e+04 4.812e+02 5.450e+02
s>                ( - 7.070e+03 4 0 QUESTION0_4_R 1 2.205e+02 3.632e+02)
s>                ( - 3.625e+03 2 0 QUESTION0_3_R 1 3.058e+02 1.818e+02))
s>            ( QUESTION0_3_R 1 1.876e+04 3.771e+02 9.265e+02
s>                ( - 3.626e+03 1 0)
s>                ( - 1.476e+04 3 0 QUESTION0 -1 2.348e+02 7.399e+02)))
s>        ( QUESTION19 -1 2.808e+04 8.363e+02 1.396e+03
s>            ( - 8.292e+03 9 0 QUESTION0_1_R 1 3.747e+02 4.300e+02)
s>            ( QUESTION3 -1 1.895e+04 6.242e+02 9.660e+02
s>                ( - 9.654e+03 5 0 WDBNDRY_B 0 2.424e+02 5.155e+02)
s>                ( QUESTION15 -1 8.674e+03 3.861e+02 4.505e+02
s>                    ( - 2.627e+03 2 0 WDBNDRY_B 0 2.537e+02 1.470e+02)
s>                    ( - 5.661e+03 6 0 QUESTION0 -1 2.615e+02 3.035e+02)))))INFO: dtree.c(1315): Comp split 1
INFO: dtree.c(1478): Final simple tree
|( WDBNDRY_E 0 4.077e+04 1.297e+03 2.000e+03
|    ( SILENCE 1 1.823e+04 4.681e+02 9.055e+02
|        ( - 4.437e+03 2 0)
|        ( QUESTION1 -1 1.332e+04 3.939e+02 6.553e+02
|            ( QUESTION0_7_R 1 1.119e+04 3.697e+02 5.543e+02
|                ( QUESTION0_8_R 1 7.867e+03 2.816e+02 3.958e+02
|                    ( - 5.669e+03 5 0 QUESTION8 1 2.125e+02 2.893e+02)
|                    ( - 1.916e+03 2 0 QUESTION0_10_R 1 1.526e+02 1.065e+02))
|                ( - 2.956e+03 4 0 QUESTION0_0_R 1 2.026e+02 1.585e+02))
|            ( - 1.739e+03 2 0 QUESTION0_8_R 1 2.097e+02 1.010e+02)))
|    ( QUESTION2 -1 2.125e+04 5.791e+02 1.095e+03
|        ( - 1.257e+04 2 0 QUESTION3 -1 2.640e+02 6.809e+02)
|        ( QUESTION6 -1 8.096e+03 3.593e+02 4.137e+02
|            ( - 2.406e+03 2 0 QUESTION10 -1 1.929e+02 1.335e+02)
|            ( - 5.330e+03 4 0 QUESTION19 -1 2.266e+02 2.803e+02))))
s>    ( WDBNDRY_E 0 4.077e+04 1.297e+03 2.000e+03
s>        ( SILENCE 1 1.823e+04 4.681e+02 9.055e+02
s>            ( - 4.437e+03 2 0)
s>            ( QUESTION1 -1 1.332e+04 3.939e+02 6.553e+02
s>                ( QUESTION0_7_R 1 1.119e+04 3.697e+02 5.543e+02
s>                    ( QUESTION0_8_R 1 7.867e+03 2.816e+02 3.958e+02
s>                        ( - 5.669e+03 5 0 QUESTION8 1 2.125e+02 2.893e+02)
s>                        ( - 1.916e+03 2 0 QUESTION0_10_R 1 1.526e+02 1.065e+02))
s>                    ( - 2.956e+03 4 0 QUESTION0_0_R 1 2.026e+02 1.585e+02))
s>                ( - 1.739e+03 2 0 QUESTION0_8_R 1 2.097e+02 1.010e+02)))
s>        ( QUESTION2 -1 2.125e+04 5.791e+02 1.095e+03
s>            ( - 1.257e+04 2 0 QUESTION3 -1 2.640e+02 6.809e+02)
s>            ( QUESTION6 -1 8.096e+03 3.593e+02 4.137e+02
s>                ( - 2.406e+03 2 0 QUESTION10 -1 1.929e+02 1.335e+02)
s>                ( - 5.330e+03 4 0 QUESTION19 -1 2.266e+02 2.803e+02))))INFO: dtree.c(1315): Comp split 2
INFO: dtree.c(1478): Final simple tree
|( QUESTION1 -1 3.665e+04 5.889e+02 1.775e+03
|    ( WDBNDRY_B 0 1.900e+04 6.438e+02 9.304e+02
|        ( - 7.070e+03 4 0 QUESTION0_4_R 1 2.205e+02 3.632e+02)
|        ( - 1.129e+04 2 0 QUESTION0_1_R 1 2.229e+02 5.672e+02))
|    ( QUESTION14 -1 1.706e+04 3.277e+02 8.446e+02
|        ( QUESTION0_3_R 1 1.107e+04 3.214e+02 5.411e+02
|            ( WDBNDRY_B 0 5.887e+03 3.328e+02 2.919e+02
|                ( - 1.928e+03 1 0)
|                ( - 3.626e+03 1 0))
|            ( WDBNDRY_B 0 4.859e+03 2.308e+02 2.493e+02
|                ( - 1.392e+03 1 0)
|                ( - 3.236e+03 1 0)))
|        ( QUESTION0 -1 5.661e+03 2.615e+02 3.035e+02
|            ( - 2.739e+03 3 0 QUESTION0_3_R 1 1.854e+02 1.490e+02)
|            ( - 2.660e+03 3 0 WDBNDRY_B 0 1.724e+02 1.545e+02))))
s>    ( QUESTION1 -1 3.665e+04 5.889e+02 1.775e+03
s>        ( WDBNDRY_B 0 1.900e+04 6.438e+02 9.304e+02
s>            ( - 7.070e+03 4 0 QUESTION0_4_R 1 2.205e+02 3.632e+02)
s>            ( - 1.129e+04 2 0 QUESTION0_1_R 1 2.229e+02 5.672e+02))
s>        ( QUESTION14 -1 1.706e+04 3.277e+02 8.446e+02
s>            ( QUESTION0_3_R 1 1.107e+04 3.214e+02 5.411e+02
s>                ( WDBNDRY_B 0 5.887e+03 3.328e+02 2.919e+02
s>                    ( - 1.928e+03 1 0)
s>                    ( - 3.626e+03 1 0))
s>                ( WDBNDRY_B 0 4.859e+03 2.308e+02 2.493e+02
s>                    ( - 1.392e+03 1 0)
s>                    ( - 3.236e+03 1 0)))
s>            ( QUESTION0 -1 5.661e+03 2.615e+02 3.035e+02
s>                ( - 2.739e+03 3 0 QUESTION0_3_R 1 1.854e+02 1.490e+02)
s>                ( - 2.660e+03 3 0 WDBNDRY_B 0 1.724e+02 1.545e+02))))INFO: dtree.c(1478): Final simple tree
|( QUESTION19 -1 2.179e+04 7.520e+02 1.092e+03
|    ( QUESTION0_1_R 1 8.292e+03 3.747e+02 4.300e+02
|        ( - 2.586e+03 3 0 WDBNDRY_B 0 1.907e+02 1.413e+02)
|        ( WDBNDRY_B 0 5.332e+03 2.777e+02 2.887e+02
|            ( QUESTION0_3_R 1 3.376e+03 2.133e+02 1.841e+02
|                ( - 2.144e+03 3 0 QUESTION2_0_L -1 1.300e+02 1.253e+02)
|                ( - 1.018e+03 2 0 QUESTION2_0_L -1 1.335e+02 5.880e+01))
|            ( - 1.678e+03 1 0)))
|    ( QUESTION0 -1 1.274e+04 4.633e+02 6.625e+02
|        ( WDBNDRY_B 0 9.654e+03 2.424e+02 5.155e+02
|            ( - 3.856e+03 3 0 QUESTION0_1_R 1 1.931e+02 2.097e+02)
|            ( - 5.555e+03 2 0 QUESTION0_3_R 1 1.955e+02 3.059e+02))
|        ( WDBNDRY_B 0 2.627e+03 2.537e+02 1.470e+02
|            ( - 1.206e+03 1 0)
|            ( - 1.168e+03 1 0))))
s>    ( QUESTION19 -1 2.179e+04 7.520e+02 1.092e+03
s>        ( QUESTION0_1_R 1 8.292e+03 3.747e+02 4.300e+02
s>            ( - 2.586e+03 3 0 WDBNDRY_B 0 1.907e+02 1.413e+02)
s>            ( WDBNDRY_B 0 5.332e+03 2.777e+02 2.887e+02
s>                ( QUESTION0_3_R 1 3.376e+03 2.133e+02 1.841e+02
s>                    ( - 2.144e+03 3 0 QUESTION2_0_L -1 1.300e+02 1.253e+02)
s>                    ( - 1.018e+03 2 0 QUESTION2_0_L -1 1.335e+02 5.880e+01))
s>                ( - 1.678e+03 1 0)))
s>        ( QUESTION0 -1 1.274e+04 4.633e+02 6.625e+02
s>            ( WDBNDRY_B 0 9.654e+03 2.424e+02 5.155e+02
s>                ( - 3.856e+03 3 0 QUESTION0_1_R 1 1.931e+02 2.097e+02)
s>                ( - 5.555e+03 2 0 QUESTION0_3_R 1 1.955e+02 3.059e+02))
s>            ( WDBNDRY_B 0 2.627e+03 2.537e+02 1.470e+02
s>                ( - 1.206e+03 1 0)
s>                ( - 1.168e+03 1 0))))INFO: dtree.c(1315): Comp split 3
INFO: dtree.c(1478): Final simple tree
|( QUESTION2 -1 2.337e+04 6.201e+02 1.196e+03
|    ( QUESTION3 -1 1.378e+04 3.004e+02 7.432e+02
|        ( WDBNDRY_E 0 3.635e+03 2.495e+02 2.001e+02
|            ( - 9.244e+02 1 0)
|            ( - 2.461e+03 1 0))
|        ( - 9.847e+03 1 0))
|    ( QUESTION6 -1 8.965e+03 4.193e+02 4.524e+02
|        ( QUESTION2_6_L -1 3.215e+03 2.174e+02 1.721e+02
|            ( - 1.096e+03 1 0)
|            ( WDBNDRY_B 0 1.902e+03 1.800e+02 1.041e+02
|                ( - 1.117e+03 1 0)
|                ( - 6.047e+02 1 0)))
|        ( QUESTION19 -1 5.330e+03 2.266e+02 2.803e+02
|            ( - 3.824e+03 2 0 WDBNDRY_B 0 1.648e+02 2.080e+02)
|            ( - 1.279e+03 2 0 WDBNDRY_B 0 1.517e+02 7.230e+01))))
s>    ( QUESTION2 -1 2.337e+04 6.201e+02 1.196e+03
s>        ( QUESTION3 -1 1.378e+04 3.004e+02 7.432e+02
s>            ( WDBNDRY_E 0 3.635e+03 2.495e+02 2.001e+02
s>                ( - 9.244e+02 1 0)
s>                ( - 2.461e+03 1 0))
s>            ( - 9.847e+03 1 0))
s>        ( QUESTION6 -1 8.965e+03 4.193e+02 4.524e+02
s>            ( QUESTION2_6_L -1 3.215e+03 2.174e+02 1.721e+02
s>                ( - 1.096e+03 1 0)
s>                ( WDBNDRY_B 0 1.902e+03 1.800e+02 1.041e+02
s>                    ( - 1.117e+03 1 0)
s>                    ( - 6.047e+02 1 0)))
s>            ( QUESTION19 -1 5.330e+03 2.266e+02 2.803e+02
s>                ( - 3.824e+03 2 0 WDBNDRY_B 0 1.648e+02 2.080e+02)
s>                ( - 1.279e+03 2 0 WDBNDRY_B 0 1.517e+02 7.230e+01))))INFO: dtree.c(1478): Final simple tree
|( SILENCE 1 1.609e+04 4.613e+02 8.045e+02
|    ( - 4.437e+03 2 0)
|    ( QUESTION0_7_R 1 1.119e+04 3.697e+02 5.543e+02
|        ( QUESTION0_8_R 1 7.867e+03 2.816e+02 3.958e+02
|            ( QUESTION8 1 5.669e+03 2.125e+02 2.893e+02
|                ( - 4.600e+03 3 0)
|                ( - 8.564e+02 2 0 QUESTION7 1 9.758e+01 5.452e+01))
|            ( QUESTION0_10_R 1 1.916e+03 1.526e+02 1.065e+02
|                ( - 1.201e+03 1 0)
|                ( - 5.624e+02 1 0)))
|        ( QUESTION0_0_R 1 2.956e+03 2.026e+02 1.585e+02
|            ( - 7.592e+02 1 0)
|            ( QUESTION6 1 1.994e+03 1.597e+02 1.138e+02
|                ( - 1.010e+03 2 0 QUESTION0_15_R 1 9.068e+01 6.032e+01)
|                ( - 8.237e+02 1 0)))))
s>    ( SILENCE 1 1.609e+04 4.613e+02 8.045e+02
s>        ( - 4.437e+03 2 0)
s>        ( QUESTION0_7_R 1 1.119e+04 3.697e+02 5.543e+02
s>            ( QUESTION0_8_R 1 7.867e+03 2.816e+02 3.958e+02
s>                ( QUESTION8 1 5.669e+03 2.125e+02 2.893e+02
s>                    ( - 4.600e+03 3 0)
s>                    ( - 8.564e+02 2 0 QUESTION7 1 9.758e+01 5.452e+01))
s>                ( QUESTION0_10_R 1 1.916e+03 1.526e+02 1.065e+02
s>                    ( - 1.201e+03 1 0)
s>                    ( - 5.624e+02 1 0)))
s>            ( QUESTION0_0_R 1 2.956e+03 2.026e+02 1.585e+02
s>                ( - 7.592e+02 1 0)
s>                ( QUESTION6 1 1.994e+03 1.597e+02 1.138e+02
s>                    ( - 1.010e+03 2 0 QUESTION0_15_R 1 9.068e+01 6.032e+01)
s>                    ( - 8.237e+02 1 0)))))INFO: dtree.c(1315): Comp split 4
INFO: dtree.c(1439): stop. leaf nodes are specific
INFO: dtree.c(1478): Final simple tree
|( QUESTION0_4_R 1 7.070e+03 2.205e+02 3.632e+02
|    ( - 5.735e+03 2 0)
|    ( QUESTION0_1_R 1 1.115e+03 1.235e+02 6.054e+01
|        ( - 5.709e+02 1 0)
|        ( - 4.209e+02 1 0)))
s>    ( QUESTION0_4_R 1 7.070e+03 2.205e+02 3.632e+02
s>        ( - 5.735e+03 2 0)
s>        ( QUESTION0_1_R 1 1.115e+03 1.235e+02 6.054e+01
s>            ( - 5.709e+02 1 0)
s>            ( - 4.209e+02 1 0)))INFO: dtree.c(1478): Final simple tree
|( QUESTION1 -1 2.877e+04 4.275e+02 1.412e+03
|    ( QUESTION0_1_R 1 1.129e+04 2.229e+02 5.672e+02
|        ( - 8.615e+02 1 0)
|        ( - 1.020e+04 1 0))
|    ( QUESTION14 -1 1.706e+04 3.277e+02 8.446e+02
|        ( QUESTION0_3_R 1 1.107e+04 3.214e+02 5.411e+02
|            ( WDBNDRY_B 0 5.887e+03 3.328e+02 2.919e+02
|                ( - 1.928e+03 1 0)
|                ( - 3.626e+03 1 0))
|            ( WDBNDRY_B 0 4.859e+03 2.308e+02 2.493e+02
|                ( - 1.392e+03 1 0)
|                ( - 3.236e+03 1 0)))
|        ( QUESTION0 -1 5.661e+03 2.615e+02 3.035e+02
|            ( - 2.739e+03 3 0 QUESTION0_3_R 1 1.854e+02 1.490e+02)
|            ( - 2.660e+03 3 0 WDBNDRY_B 0 1.724e+02 1.545e+02))))
s>    ( QUESTION1 -1 2.877e+04 4.275e+02 1.412e+03
s>        ( QUESTION0_1_R 1 1.129e+04 2.229e+02 5.672e+02
s>            ( - 8.615e+02 1 0)
s>            ( - 1.020e+04 1 0))
s>        ( QUESTION14 -1 1.706e+04 3.277e+02 8.446e+02
s>            ( QUESTION0_3_R 1 1.107e+04 3.214e+02 5.411e+02
s>                ( WDBNDRY_B 0 5.887e+03 3.328e+02 2.919e+02
s>                    ( - 1.928e+03 1 0)
s>                    ( - 3.626e+03 1 0))
s>                ( WDBNDRY_B 0 4.859e+03 2.308e+02 2.493e+02
s>                    ( - 1.392e+03 1 0)
s>                    ( - 3.236e+03 1 0)))
s>            ( QUESTION0 -1 5.661e+03 2.615e+02 3.035e+02
s>                ( - 2.739e+03 3 0 QUESTION0_3_R 1 1.854e+02 1.490e+02)
s>                ( - 2.660e+03 3 0 WDBNDRY_B 0 1.724e+02 1.545e+02))))INFO: dtree.c(1315): Comp split 5
INFO: dtree.c(1439): stop. leaf nodes are specific
INFO: dtree.c(1478): Final simple tree
|( QUESTION0 -1 1.274e+04 4.633e+02 6.625e+02
|    ( WDBNDRY_B 0 9.654e+03 2.424e+02 5.155e+02
|        ( QUESTION0_1_R 1 3.856e+03 1.931e+02 2.097e+02
|            ( - 5.924e+02 1 0)
|            ( QUESTION0_3_R 1 3.071e+03 1.391e+02 1.709e+02
|                ( - 5.808e+02 1 0)
|                ( - 2.351e+03 1 0)))
|        ( QUESTION0_3_R 1 5.555e+03 1.955e+02 3.059e+02
|            ( - 8.773e+02 1 0)
|            ( - 4.482e+03 1 0)))
|    ( WDBNDRY_B 0 2.627e+03 2.537e+02 1.470e+02
|        ( - 1.206e+03 1 0)
|        ( - 1.168e+03 1 0)))
s>    ( QUESTION0 -1 1.274e+04 4.633e+02 6.625e+02
s>        ( WDBNDRY_B 0 9.654e+03 2.424e+02 5.155e+02
s>            ( QUESTION0_1_R 1 3.856e+03 1.931e+02 2.097e+02
s>                ( - 5.924e+02 1 0)
s>                ( QUESTION0_3_R 1 3.071e+03 1.391e+02 1.709e+02
s>                    ( - 5.808e+02 1 0)
s>                    ( - 2.351e+03 1 0)))
s>            ( QUESTION0_3_R 1 5.555e+03 1.955e+02 3.059e+02
s>                ( - 8.773e+02 1 0)
s>                ( - 4.482e+03 1 0)))
s>        ( WDBNDRY_B 0 2.627e+03 2.537e+02 1.470e+02
s>            ( - 1.206e+03 1 0)
s>            ( - 1.168e+03 1 0)))INFO: dtree.c(1478): Final simple tree
|( QUESTION0_1_R 1 8.292e+03 3.747e+02 4.300e+02
|    ( WDBNDRY_B 0 2.586e+03 1.907e+02 1.413e+02
|        ( QUESTION2_0_L -1 1.860e+03 1.595e+02 1.036e+02
|            ( - 1.104e+03 1 0)
|            ( - 5.961e+02 1 0))
|        ( - 5.352e+02 1 0))
|    ( WDBNDRY_B 0 5.332e+03 2.777e+02 2.887e+02
|        ( QUESTION0_3_R 1 3.376e+03 2.133e+02 1.841e+02
|            ( QUESTION2_0_L -1 2.144e+03 1.300e+02 1.253e+02
|                ( - 1.687e+03 2 0)
|                ( - 3.271e+02 1 0))
|            ( QUESTION2_0_L -1 1.018e+03 1.335e+02 5.880e+01
|                ( - 3.333e+02 1 0)
|                ( - 5.513e+02 1 0)))
|        ( - 1.678e+03 1 0)))
s>    ( QUESTION0_1_R 1 8.292e+03 3.747e+02 4.300e+02
s>        ( WDBNDRY_B 0 2.586e+03 1.907e+02 1.413e+02
s>            ( QUESTION2_0_L -1 1.860e+03 1.595e+02 1.036e+02
s>                ( - 1.104e+03 1 0)
s>                ( - 5.961e+02 1 0))
s>            ( - 5.352e+02 1 0))
s>        ( WDBNDRY_B 0 5.332e+03 2.777e+02 2.887e+02
s>            ( QUESTION0_3_R 1 3.376e+03 2.133e+02 1.841e+02
s>                ( QUESTION2_0_L -1 2.144e+03 1.300e+02 1.253e+02
s>                    ( - 1.687e+03 2 0)
s>                    ( - 3.271e+02 1 0))
s>                ( QUESTION2_0_L -1 1.018e+03 1.335e+02 5.880e+01
s>                    ( - 3.333e+02 1 0)
s>                    ( - 5.513e+02 1 0)))
s>            ( - 1.678e+03 1 0)))INFO: dtree.c(1315): Comp split 6
INFO: dtree.c(1439): stop. leaf nodes are specific
INFO: dtree.c(1478): Final simple tree
|( QUESTION6 -1 8.965e+03 4.193e+02 4.524e+02
|    ( QUESTION2_6_L -1 3.215e+03 2.174e+02 1.721e+02
|        ( - 1.096e+03 1 0)
|        ( WDBNDRY_B 0 1.902e+03 1.800e+02 1.041e+02
|            ( - 1.117e+03 1 0)
|            ( - 6.047e+02 1 0)))
|    ( QUESTION19 -1 5.330e+03 2.266e+02 2.803e+02
|        ( WDBNDRY_B 0 3.824e+03 1.648e+02 2.080e+02
|            ( - 8.906e+02 1 0)
|            ( - 2.769e+03 1 0))
|        ( WDBNDRY_B 0 1.279e+03 1.517e+02 7.230e+01
|            ( - 7.555e+02 1 0)
|            ( - 3.723e+02 1 0))))
s>    ( QUESTION6 -1 8.965e+03 4.193e+02 4.524e+02
s>        ( QUESTION2_6_L -1 3.215e+03 2.174e+02 1.721e+02
s>            ( - 1.096e+03 1 0)
s>            ( WDBNDRY_B 0 1.902e+03 1.800e+02 1.041e+02
s>                ( - 1.117e+03 1 0)
s>                ( - 6.047e+02 1 0)))
s>        ( QUESTION19 -1 5.330e+03 2.266e+02 2.803e+02
s>            ( WDBNDRY_B 0 3.824e+03 1.648e+02 2.080e+02
s>                ( - 8.906e+02 1 0)
s>                ( - 2.769e+03 1 0))
s>            ( WDBNDRY_B 0 1.279e+03 1.517e+02 7.230e+01
s>                ( - 7.555e+02 1 0)
s>                ( - 3.723e+02 1 0))))INFO: dtree.c(1439): stop. leaf nodes are specific
INFO: dtree.c(1478): Final simple tree
|( QUESTION3 -1 1.378e+04 3.004e+02 7.432e+02
|    ( WDBNDRY_E 0 3.635e+03 2.495e+02 2.001e+02
|        ( - 9.244e+02 1 0)
|        ( - 2.461e+03 1 0))
|    ( - 9.847e+03 1 0))
s>    ( QUESTION3 -1 1.378e+04 3.004e+02 7.432e+02
s>        ( WDBNDRY_E 0 3.635e+03 2.495e+02 2.001e+02
s>            ( - 9.244e+02 1 0)
s>            ( - 2.461e+03 1 0))
s>        ( - 9.847e+03 1 0))INFO: dtree.c(1315): Comp split 7
INFO: dtree.c(1439): stop. leaf nodes are specific
INFO: dtree.c(1478): Final simple tree
|( SILENCE 1 5.506e+03 2.119e+02 3.047e+02
|    ( - 4.437e+03 2 0)
|    ( QUESTION7 1 8.564e+02 9.758e+01 5.452e+01
|        ( - 4.121e+02 1 0)
|        ( - 3.468e+02 1 0)))
s>    ( SILENCE 1 5.506e+03 2.119e+02 3.047e+02
s>        ( - 4.437e+03 2 0)
s>        ( QUESTION7 1 8.564e+02 9.758e+01 5.452e+01
s>            ( - 4.121e+02 1 0)
s>            ( - 3.468e+02 1 0)))INFO: dtree.c(1439): stop. leaf nodes are specific
INFO: dtree.c(1478): Final simple tree
|( QUESTION0_7_R 1 1.009e+04 3.624e+02 4.998e+02
|    ( QUESTION0_8_R 1 6.774e+03 2.578e+02 3.413e+02
|        ( - 4.600e+03 3 0)
|        ( QUESTION0_10_R 1 1.916e+03 1.526e+02 1.065e+02
|            ( - 1.201e+03 1 0)
|            ( - 5.624e+02 1 0)))
|    ( QUESTION0_0_R 1 2.956e+03 2.026e+02 1.585e+02
|        ( - 7.592e+02 1 0)
|        ( QUESTION6 1 1.994e+03 1.597e+02 1.138e+02
|            ( QUESTION0_15_R 1 1.010e+03 9.068e+01 6.032e+01
|                ( - 4.642e+02 1 0)
|                ( - 4.556e+02 1 0))
|            ( - 8.237e+02 1 0))))
s>    ( QUESTION0_7_R 1 1.009e+04 3.624e+02 4.998e+02
s>        ( QUESTION0_8_R 1 6.774e+03 2.578e+02 3.413e+02
s>            ( - 4.600e+03 3 0)
s>            ( QUESTION0_10_R 1 1.916e+03 1.526e+02 1.065e+02
s>                ( - 1.201e+03 1 0)
s>                ( - 5.624e+02 1 0)))
s>        ( QUESTION0_0_R 1 2.956e+03 2.026e+02 1.585e+02
s>            ( - 7.592e+02 1 0)
s>            ( QUESTION6 1 1.994e+03 1.597e+02 1.138e+02
s>                ( QUESTION0_15_R 1 1.010e+03 9.068e+01 6.032e+01
s>                    ( - 4.642e+02 1 0)
s>                    ( - 4.556e+02 1 0))
s>                ( - 8.237e+02 1 0))))INFO: dtree.c(1315): Comp split 8
INFO: dtree.c(1439): stop. leaf nodes are specific
INFO: dtree.c(1478): Final simple tree
|( WDBNDRY_B 0 8.856e+03 2.302e+02 4.768e+02
|    ( QUESTION0_3_R 1 3.071e+03 1.391e+02 1.709e+02
|        ( - 5.808e+02 1 0)
|        ( - 2.351e+03 1 0))
|    ( QUESTION0_3_R 1 5.555e+03 1.955e+02 3.059e+02
|        ( - 8.773e+02 1 0)
|        ( - 4.482e+03 1 0)))
s>    ( WDBNDRY_B 0 8.856e+03 2.302e+02 4.768e+02
s>        ( QUESTION0_3_R 1 3.071e+03 1.391e+02 1.709e+02
s>            ( - 5.808e+02 1 0)
s>            ( - 2.351e+03 1 0))
s>        ( QUESTION0_3_R 1 5.555e+03 1.955e+02 3.059e+02
s>            ( - 8.773e+02 1 0)
s>            ( - 4.482e+03 1 0)))INFO: dtree.c(1439): stop. leaf nodes are specific
INFO: dtree.c(1478): Final simple tree
|( WDBNDRY_B 0 3.419e+03 2.665e+02 1.857e+02
|    ( QUESTION0_1_R 1 1.985e+03 1.868e+02 1.135e+02
|        ( - 5.924e+02 1 0)
|        ( - 1.206e+03 1 0))
|    ( - 1.168e+03 1 0))
s>    ( WDBNDRY_B 0 3.419e+03 2.665e+02 1.857e+02
s>        ( QUESTION0_1_R 1 1.985e+03 1.868e+02 1.135e+02
s>            ( - 5.924e+02 1 0)
s>            ( - 1.206e+03 1 0))
s>        ( - 1.168e+03 1 0))INFO: dtree.c(1315): Comp split 9
INFO: dtree.c(1439): stop. leaf nodes are specific
INFO: dtree.c(1478): Final simple tree
|( QUESTION0_3_R 1 1.057e+04 3.124e+02 5.174e+02
|    ( WDBNDRY_B 0 7.665e+03 2.812e+02 3.794e+02
|        ( QUESTION0 -1 2.746e+03 2.141e+02 1.438e+02
|            ( - 6.038e+02 1 0)
|            ( - 1.928e+03 1 0))
|        ( QUESTION0 -1 4.638e+03 2.095e+02 2.357e+02
|            ( - 8.019e+02 1 0)
|            ( - 3.626e+03 1 0)))
|    ( WDBNDRY_B 0 2.593e+03 2.095e+02 1.380e+02
|        ( - 1.392e+03 1 0)
|        ( - 9.915e+02 1 0)))
s>    ( QUESTION0_3_R 1 1.057e+04 3.124e+02 5.174e+02
s>        ( WDBNDRY_B 0 7.665e+03 2.812e+02 3.794e+02
s>            ( QUESTION0 -1 2.746e+03 2.141e+02 1.438e+02
s>                ( - 6.038e+02 1 0)
s>                ( - 1.928e+03 1 0))
s>            ( QUESTION0 -1 4.638e+03 2.095e+02 2.357e+02
s>                ( - 8.019e+02 1 0)
s>                ( - 3.626e+03 1 0)))
s>        ( WDBNDRY_B 0 2.593e+03 2.095e+02 1.380e+02
s>            ( - 1.392e+03 1 0)
s>            ( - 9.915e+02 1 0)))INFO: dtree.c(1439): stop. leaf nodes are specific
INFO: dtree.c(1478): Final simple tree
|( QUESTION0 -1 1.776e+04 3.526e+02 8.944e+02
|    ( QUESTION0_1_R 1 1.129e+04 2.229e+02 5.672e+02
|        ( - 8.615e+02 1 0)
|        ( - 1.020e+04 1 0))
|    ( QUESTION14 -1 6.123e+03 2.273e+02 3.272e+02
|        ( - 3.236e+03 1 0)
|        ( WDBNDRY_B 0 2.660e+03 1.724e+02 1.545e+02
|            ( - 6.995e+02 1 0)
|            ( QUESTION8 -1 1.788e+03 1.578e+02 1.050e+02
|                ( - 1.026e+03 1 0)
|                ( - 6.038e+02 1 0)))))
s>    ( QUESTION0 -1 1.776e+04 3.526e+02 8.944e+02
s>        ( QUESTION0_1_R 1 1.129e+04 2.229e+02 5.672e+02
s>            ( - 8.615e+02 1 0)
s>            ( - 1.020e+04 1 0))
s>        ( QUESTION14 -1 6.123e+03 2.273e+02 3.272e+02
s>            ( - 3.236e+03 1 0)
s>            ( WDBNDRY_B 0 2.660e+03 1.724e+02 1.545e+02
s>                ( - 6.995e+02 1 0)
s>                ( QUESTION8 -1 1.788e+03 1.578e+02 1.050e+02
s>                    ( - 1.026e+03 1 0)
s>                    ( - 6.038e+02 1 0)))))INFO: dtree.c(1315): Comp split 10
INFO: dtree.c(1439): stop. leaf nodes are specific
INFO: dtree.c(1478): Final simple tree
|( QUESTION19 -1 5.330e+03 2.266e+02 2.803e+02
|    ( WDBNDRY_B 0 3.824e+03 1.648e+02 2.080e+02
|        ( - 8.906e+02 1 0)
|        ( - 2.769e+03 1 0))
|    ( WDBNDRY_B 0 1.279e+03 1.517e+02 7.230e+01
|        ( - 7.555e+02 1 0)
|        ( - 3.723e+02 1 0)))
s>    ( QUESTION19 -1 5.330e+03 2.266e+02 2.803e+02
s>        ( WDBNDRY_B 0 3.824e+03 1.648e+02 2.080e+02
s>            ( - 8.906e+02 1 0)
s>            ( - 2.769e+03 1 0))
s>        ( WDBNDRY_B 0 1.279e+03 1.517e+02 7.230e+01
s>            ( - 7.555e+02 1 0)
s>            ( - 3.723e+02 1 0)))INFO: dtree.c(1439): stop. leaf nodes are specific
INFO: dtree.c(1478): Final simple tree
|( QUESTION2_6_L -1 3.215e+03 2.174e+02 1.721e+02
|    ( - 1.096e+03 1 0)
|    ( WDBNDRY_B 0 1.902e+03 1.800e+02 1.041e+02
|        ( - 1.117e+03 1 0)
|        ( - 6.047e+02 1 0)))
s>    ( QUESTION2_6_L -1 3.215e+03 2.174e+02 1.721e+02
s>        ( - 1.096e+03 1 0)
s>        ( WDBNDRY_B 0 1.902e+03 1.800e+02 1.041e+02
s>            ( - 1.117e+03 1 0)
s>            ( - 6.047e+02 1 0)))INFO: dtree.c(1315): Comp split 11
INFO: dtree.c(1439): stop. leaf nodes are specific
INFO: dtree.c(1478): Final simple tree
|( QUESTION2_0_L -1 2.355e+03 1.803e+02 1.274e+02
|    ( QUESTION0_1_R 1 1.579e+03 1.414e+02 8.941e+01
|        ( - 1.104e+03 1 0)
|        ( - 3.333e+02 1 0))
|    ( - 5.961e+02 1 0))
s>    ( QUESTION2_0_L -1 2.355e+03 1.803e+02 1.274e+02
s>        ( QUESTION0_1_R 1 1.579e+03 1.414e+02 8.941e+01
s>            ( - 1.104e+03 1 0)
s>            ( - 3.333e+02 1 0))
s>        ( - 5.961e+02 1 0))INFO: dtree.c(1439): stop. leaf nodes are specific
INFO: dtree.c(1478): Final simple tree
|( QUESTION0_4_R 1 5.536e+03 2.760e+02 3.026e+02
|    ( WDBNDRY_B 0 2.429e+03 1.994e+02 1.396e+02
|        ( - 5.513e+02 1 0)
|        ( - 1.678e+03 1 0))
|    ( WDBNDRY_B 0 2.831e+03 1.510e+02 1.630e+02
|        ( QUESTION2_0_L -1 2.144e+03 1.300e+02 1.253e+02
|            ( - 1.687e+03 2 0)
|            ( - 3.271e+02 1 0))
|        ( - 5.352e+02 1 0)))
s>    ( QUESTION0_4_R 1 5.536e+03 2.760e+02 3.026e+02
s>        ( WDBNDRY_B 0 2.429e+03 1.994e+02 1.396e+02
s>            ( - 5.513e+02 1 0)
s>            ( - 1.678e+03 1 0))
s>        ( WDBNDRY_B 0 2.831e+03 1.510e+02 1.630e+02
s>            ( QUESTION2_0_L -1 2.144e+03 1.300e+02 1.253e+02
s>                ( - 1.687e+03 2 0)
s>                ( - 3.271e+02 1 0))
s>            ( - 5.352e+02 1 0)))INFO: dtree.c(1315): Comp split 12
INFO: dtree.c(1439): stop. leaf nodes are specific
INFO: dtree.c(1478): Final simple tree
|( WDBNDRY_B 0 2.921e+03 1.908e+02 1.542e+02
|    ( - 1.928e+03 1 0)
|    ( - 8.019e+02 1 0))
s>    ( WDBNDRY_B 0 2.921e+03 1.908e+02 1.542e+02
s>        ( - 1.928e+03 1 0)
s>        ( - 8.019e+02 1 0))INFO: dtree.c(1439): stop. leaf nodes are specific
INFO: dtree.c(1478): Final simple tree
|( QUESTION0_3_R 1 7.265e+03 2.782e+02 3.632e+02
|    ( WDBNDRY_B 0 4.394e+03 1.643e+02 2.252e+02
|        ( - 6.038e+02 1 0)
|        ( - 3.626e+03 1 0))
|    ( WDBNDRY_B 0 2.593e+03 2.095e+02 1.380e+02
|        ( - 1.392e+03 1 0)
|        ( - 9.915e+02 1 0)))
s>    ( QUESTION0_3_R 1 7.265e+03 2.782e+02 3.632e+02
s>        ( WDBNDRY_B 0 4.394e+03 1.643e+02 2.252e+02
s>            ( - 6.038e+02 1 0)
s>            ( - 3.626e+03 1 0))
s>        ( WDBNDRY_B 0 2.593e+03 2.095e+02 1.380e+02
s>            ( - 1.392e+03 1 0)
s>            ( - 9.915e+02 1 0)))INFO: dtree.c(1315): Comp split 13
INFO: dtree.c(1439): stop. leaf nodes are specific
INFO: dtree.c(1478): Final simple tree
|( QUESTION0_0_R 1 2.956e+03 2.026e+02 1.585e+02
|    ( - 7.592e+02 1 0)
|    ( QUESTION6 1 1.994e+03 1.597e+02 1.138e+02
|        ( QUESTION0_15_R 1 1.010e+03 9.068e+01 6.032e+01
|            ( - 4.642e+02 1 0)
|            ( - 4.556e+02 1 0))
|        ( - 8.237e+02 1 0)))
s>    ( QUESTION0_0_R 1 2.956e+03 2.026e+02 1.585e+02
s>        ( - 7.592e+02 1 0)
s>        ( QUESTION6 1 1.994e+03 1.597e+02 1.138e+02
s>            ( QUESTION0_15_R 1 1.010e+03 9.068e+01 6.032e+01
s>                ( - 4.642e+02 1 0)
s>                ( - 4.556e+02 1 0))
s>            ( - 8.237e+02 1 0)))INFO: dtree.c(1439): stop. leaf nodes are specific
INFO: dtree.c(1478): Final simple tree
|( QUESTION0_8_R 1 6.774e+03 2.578e+02 3.413e+02
|    ( - 4.600e+03 3 0)
|    ( QUESTION0_10_R 1 1.916e+03 1.526e+02 1.065e+02
|        ( - 1.201e+03 1 0)
|        ( - 5.624e+02 1 0)))
s>    ( QUESTION0_8_R 1 6.774e+03 2.578e+02 3.413e+02
s>        ( - 4.600e+03 3 0)
s>        ( QUESTION0_10_R 1 1.916e+03 1.526e+02 1.065e+02
s>            ( - 1.201e+03 1 0)
s>            ( - 5.624e+02 1 0)))INFO: dtree.c(1315): Comp split 14
INFO: dtree.c(1439): stop. leaf nodes are specific
INFO: dtree.c(1478): Final simple tree
|( QUESTION14 -1 6.123e+03 2.273e+02 3.272e+02
|    ( - 3.236e+03 1 0)
|    ( WDBNDRY_B 0 2.660e+03 1.724e+02 1.545e+02
|        ( - 6.995e+02 1 0)
|        ( QUESTION8 -1 1.788e+03 1.578e+02 1.050e+02
|            ( - 1.026e+03 1 0)
|            ( - 6.038e+02 1 0))))
s>    ( QUESTION14 -1 6.123e+03 2.273e+02 3.272e+02
s>        ( - 3.236e+03 1 0)
s>        ( WDBNDRY_B 0 2.660e+03 1.724e+02 1.545e+02
s>            ( - 6.995e+02 1 0)
s>            ( QUESTION8 -1 1.788e+03 1.578e+02 1.050e+02
s>                ( - 1.026e+03 1 0)
s>                ( - 6.038e+02 1 0))))INFO: dtree.c(1439): stop. leaf nodes are specific
INFO: dtree.c(1478): Final simple tree
|( QUESTION0_1_R 1 1.129e+04 2.229e+02 5.672e+02
|    ( - 8.615e+02 1 0)
|    ( - 1.020e+04 1 0))
s>    ( QUESTION0_1_R 1 1.129e+04 2.229e+02 5.672e+02
s>        ( - 8.615e+02 1 0)
s>        ( - 1.020e+04 1 0))INFO: dtree.c(1315): Comp split 15
INFO: dtree.c(1439): stop. leaf nodes are specific
INFO: dtree.c(1478): Final simple tree
|( WDBNDRY_E 0 3.635e+03 2.495e+02 2.001e+02
|    ( - 9.244e+02 1 0)
|    ( - 2.461e+03 1 0))
s>    ( WDBNDRY_E 0 3.635e+03 2.495e+02 2.001e+02
s>        ( - 9.244e+02 1 0)
s>        ( - 2.461e+03 1 0))INFO: dtree.c(1315): Comp split 16
INFO: dtree.c(1439): stop. leaf nodes are specific
INFO: dtree.c(1478): Final simple tree
|( QUESTION2_0_L -1 3.575e+03 1.991e+02 1.980e+02
|    ( WDBNDRY_B 0 2.367e+03 1.446e+02 1.399e+02
|        ( - 1.687e+03 2 0)
|        ( - 5.352e+02 1 0))
|    ( QUESTION0_3_R 1 1.009e+03 1.305e+02 5.815e+01
|        ( - 3.271e+02 1 0)
|        ( - 5.513e+02 1 0)))
s>    ( QUESTION2_0_L -1 3.575e+03 1.991e+02 1.980e+02
s>        ( WDBNDRY_B 0 2.367e+03 1.446e+02 1.399e+02
s>            ( - 1.687e+03 2 0)
s>            ( - 5.352e+02 1 0))
s>        ( QUESTION0_3_R 1 1.009e+03 1.305e+02 5.815e+01
s>            ( - 3.271e+02 1 0)
s>            ( - 5.513e+02 1 0)))INFO: dtree.c(1315): Comp split 17
INFO: dtree.c(1439): stop. leaf nodes are specific
INFO: dtree.c(1478): Final simple tree
|( WDBNDRY_B 0 2.593e+03 2.095e+02 1.380e+02
|    ( - 1.392e+03 1 0)
|    ( - 9.915e+02 1 0))
s>    ( WDBNDRY_B 0 2.593e+03 2.095e+02 1.380e+02
s>        ( - 1.392e+03 1 0)
s>        ( - 9.915e+02 1 0))INFO: dtree.c(1439): stop. leaf nodes are specific
INFO: dtree.c(1478): Final simple tree
|( WDBNDRY_B 0 4.394e+03 1.643e+02 2.252e+02
|    ( - 6.038e+02 1 0)
|    ( - 3.626e+03 1 0))
s>    ( WDBNDRY_B 0 4.394e+03 1.643e+02 2.252e+02
s>        ( - 6.038e+02 1 0)
s>        ( - 3.626e+03 1 0))INFO: dtree.c(1315): Comp split 18
INFO: dtree.c(1439): stop. leaf nodes are specific
INFO: dtree.c(1478): Final simple tree
|( QUESTION0_1_R 1 1.985e+03 1.868e+02 1.135e+02
|    ( - 5.924e+02 1 0)
|    ( - 1.206e+03 1 0))
s>    ( QUESTION0_1_R 1 1.985e+03 1.868e+02 1.135e+02
s>        ( - 5.924e+02 1 0)
s>        ( - 1.206e+03 1 0))INFO: dtree.c(1315): Comp split 19
INFO: dtree.c(1439): stop. leaf nodes are specific
INFO: dtree.c(1478): Final simple tree
|( QUESTION0_10_R 1 1.916e+03 1.526e+02 1.065e+02
|    ( - 1.201e+03 1 0)
|    ( - 5.624e+02 1 0))
s>    ( QUESTION0_10_R 1 1.916e+03 1.526e+02 1.065e+02
s>        ( - 1.201e+03 1 0)
s>        ( - 5.624e+02 1 0))INFO: dtree.c(1315): Comp split 20
INFO: dtree.c(1315): Comp split 21
INFO: dtree.c(1439): stop. leaf nodes are specific
INFO: dtree.c(1478): Final simple tree
|( WDBNDRY_B 0 1.871e+03 1.456e+02 1.155e+02
|    ( - 6.995e+02 1 0)
|    ( - 1.026e+03 1 0))
s>    ( WDBNDRY_B 0 1.871e+03 1.456e+02 1.155e+02
s>        ( - 6.995e+02 1 0)
s>        ( - 1.026e+03 1 0))INFO: dtree.c(1439): stop. leaf nodes are specific
INFO: dtree.c(1478): Final simple tree
|( QUESTION0_3_R 1 4.012e+03 1.721e+02 2.117e+02
|    ( - 6.038e+02 1 0)
|    ( - 3.236e+03 1 0))
s>    ( QUESTION0_3_R 1 4.012e+03 1.721e+02 2.117e+02
s>        ( - 6.038e+02 1 0)
s>        ( - 3.236e+03 1 0))INFO: dtree.c(1315): Comp split 22
INFO: dtree.c(1439): stop. leaf nodes are specific
INFO: dtree.c(1478): Final simple tree
|( QUESTION0_3_R 1 5.555e+03 1.955e+02 3.059e+02
|    ( - 8.773e+02 1 0)
|    ( - 4.482e+03 1 0))
s>    ( QUESTION0_3_R 1 5.555e+03 1.955e+02 3.059e+02
s>        ( - 8.773e+02 1 0)
s>        ( - 4.482e+03 1 0))INFO: dtree.c(1439): stop. leaf nodes are specific
INFO: dtree.c(1478): Final simple tree
|( QUESTION0_3_R 1 3.071e+03 1.391e+02 1.709e+02
|    ( - 5.808e+02 1 0)
|    ( - 2.351e+03 1 0))
s>    ( QUESTION0_3_R 1 3.071e+03 1.391e+02 1.709e+02
s>        ( - 5.808e+02 1 0)
s>        ( - 2.351e+03 1 0))INFO: dtree.c(1315): Comp split 23
INFO: dtree.c(1439): stop. leaf nodes are specific
INFO: dtree.c(1478): Final simple tree
|( WDBNDRY_B 0 1.279e+03 1.517e+02 7.230e+01
|    ( - 7.555e+02 1 0)
|    ( - 3.723e+02 1 0))
s>    ( WDBNDRY_B 0 1.279e+03 1.517e+02 7.230e+01
s>        ( - 7.555e+02 1 0)
s>        ( - 3.723e+02 1 0))INFO: dtree.c(1439): stop. leaf nodes are specific
INFO: dtree.c(1478): Final simple tree
|( WDBNDRY_B 0 3.824e+03 1.648e+02 2.080e+02
|    ( - 8.906e+02 1 0)
|    ( - 2.769e+03 1 0))
s>    ( WDBNDRY_B 0 3.824e+03 1.648e+02 2.080e+02
s>        ( - 8.906e+02 1 0)
s>        ( - 2.769e+03 1 0))INFO: dtree.c(1315): Comp split 24
INFO: dtree.c(1315): Comp split 25
INFO: dtree.c(1439): stop. leaf nodes are specific
INFO: dtree.c(1478): Final simple tree
|( QUESTION0_1_R 1 1.115e+03 1.235e+02 6.054e+01
|    ( - 5.709e+02 1 0)
|    ( - 4.209e+02 1 0))
s>    ( QUESTION0_1_R 1 1.115e+03 1.235e+02 6.054e+01
s>        ( - 5.709e+02 1 0)
s>        ( - 4.209e+02 1 0))INFO: dtree.c(1315): Comp split 26
INFO: dtree.c(1439): stop. leaf nodes are specific
INFO: dtree.c(1478): Final simple tree
|( WDBNDRY_B 0 1.902e+03 1.800e+02 1.041e+02
|    ( - 1.117e+03 1 0)
|    ( - 6.047e+02 1 0))
s>    ( WDBNDRY_B 0 1.902e+03 1.800e+02 1.041e+02
s>        ( - 1.117e+03 1 0)
s>        ( - 6.047e+02 1 0))INFO: dtree.c(1315): Comp split 27
INFO: dtree.c(1439): stop. leaf nodes are specific
INFO: dtree.c(1478): Final simple tree
|( QUESTION7 1 8.564e+02 9.758e+01 5.452e+01
|    ( - 4.121e+02 1 0)
|    ( - 3.468e+02 1 0))
s>    ( QUESTION7 1 8.564e+02 9.758e+01 5.452e+01
s>        ( - 4.121e+02 1 0)
s>        ( - 3.468e+02 1 0))INFO: dtree.c(1315): Comp split 28
INFO: dtree.c(1315): Comp split 29
INFO: dtree.c(1439): stop. leaf nodes are specific
INFO: dtree.c(1478): Final simple tree
|( QUESTION6 1 1.994e+03 1.597e+02 1.138e+02
|    ( QUESTION0_15_R 1 1.010e+03 9.068e+01 6.032e+01
|        ( - 4.642e+02 1 0)
|        ( - 4.556e+02 1 0))
|    ( - 8.237e+02 1 0))
s>    ( QUESTION6 1 1.994e+03 1.597e+02 1.138e+02
s>        ( QUESTION0_15_R 1 1.010e+03 9.068e+01 6.032e+01
s>            ( - 4.642e+02 1 0)
s>            ( - 4.556e+02 1 0))
s>        ( - 8.237e+02 1 0))INFO: dtree.c(1315): Comp split 30
INFO: dtree.c(1439): stop. leaf nodes are specific
INFO: dtree.c(1478): Final simple tree
|( QUESTION0_3_R 1 1.009e+03 1.305e+02 5.815e+01
|    ( - 3.271e+02 1 0)
|    ( - 5.513e+02 1 0))
s>    ( QUESTION0_3_R 1 1.009e+03 1.305e+02 5.815e+01
s>        ( - 3.271e+02 1 0)
s>        ( - 5.513e+02 1 0))INFO: dtree.c(1439): stop. leaf nodes are specific
INFO: dtree.c(1478): Final simple tree
|( WDBNDRY_B 0 2.367e+03 1.446e+02 1.399e+02
|    ( - 1.687e+03 2 0)
|    ( - 5.352e+02 1 0))
s>    ( WDBNDRY_B 0 2.367e+03 1.446e+02 1.399e+02
s>        ( - 1.687e+03 2 0)
s>        ( - 5.352e+02 1 0))INFO: dtree.c(1315): Comp split 31
INFO: dtree.c(1315): Comp split 32
INFO: dtree.c(1315): Comp split 33
INFO: dtree.c(1315): Comp split 34
INFO: dtree.c(1439): stop. leaf nodes are specific
INFO: dtree.c(1478): Final simple tree
|( QUESTION0_1_R 1 1.579e+03 1.414e+02 8.941e+01
|    ( - 1.104e+03 1 0)
|    ( - 3.333e+02 1 0))
s>    ( QUESTION0_1_R 1 1.579e+03 1.414e+02 8.941e+01
s>        ( - 1.104e+03 1 0)
s>        ( - 3.333e+02 1 0))INFO: dtree.c(1315): Comp split 35
INFO: dtree.c(1315): Comp split 36
INFO: dtree.c(1315): Comp split 37
INFO: dtree.c(1315): Comp split 38
INFO: dtree.c(1315): Comp split 39
INFO: dtree.c(1439): stop. leaf nodes are specific
INFO: dtree.c(1478): Final simple tree
|( QUESTION0_15_R 1 1.010e+03 9.068e+01 6.032e+01
|    ( - 4.642e+02 1 0)
|    ( - 4.556e+02 1 0))
s>    ( QUESTION0_15_R 1 1.010e+03 9.068e+01 6.032e+01
s>        ( - 4.642e+02 1 0)
s>        ( - 4.556e+02 1 0))INFO: dtree.c(1315): Comp split 40
INFO: dtree.c(1315): Comp split 41
INFO: dtree.c(1315): Comp split 42
INFO: dtree.c(1315): Comp split 43
INFO: dtree.c(1315): Comp split 44
INFO: dtree.c(1315): Comp split 45
INFO: dtree.c(1315): Comp split 46
INFO: dtree.c(1315): Comp split 47
INFO: dtree.c(1315): Comp split 48
INFO: dtree.c(1315): Comp split 49
INFO: dtree.c(1315): Comp split 50
INFO: dtree.c(1318): stop. leaf nodes are specific
Fri Dec  3 07:39:20 2021
