Current configuration:
[NAME]		[DEFLT]	[VALUE]
-allphones	no	no
-cntthresh	0.00001	1.000000e-05
-csplitmax	100	2000
-csplitmin	1	1
-csplitthr	8e-4	0.000000e+00
-example	no	no
-fullvar	no	no
-help		no	no
-meanfn			
-mixwfn			/home/azhar/Tubes_Speech/commandreminder/model_parameters/commandreminder.cd_ptm_untied/mixture_weights
-moddeffn		/home/azhar/Tubes_Speech/commandreminder/model_architecture/commandreminder.untied.mdef
-mwfloor	1e-4	1.000000e-08
-phone			D
-psetfn			/home/azhar/Tubes_Speech/commandreminder/model_architecture/commandreminder.tree_questions
-ssplitmax	5	7
-ssplitmin	1	1
-ssplitthr	8e-4	0.000000e+00
-state			1
-stwt			1.0,0.05,0.0,
-treefn			/home/azhar/Tubes_Speech/commandreminder/trees/commandreminder.unpruned/D-1.dtree
-ts2cbfn	.semi.	.semi.
-varfloor	0.00001	1.000000e-05
-varfn			

INFO: main.c(223): Reading: /home/azhar/Tubes_Speech/commandreminder/model_architecture/commandreminder.untied.mdef
INFO: model_def_io.c(573): Model definition info:
INFO: model_def_io.c(574): 1061 total models defined (31 base, 1030 tri)
INFO: model_def_io.c(575): 4244 total states
INFO: model_def_io.c(576): 3183 total tied states
INFO: model_def_io.c(577): 93 total tied CI states
INFO: model_def_io.c(578): 31 total tied transition matrices
INFO: model_def_io.c(579): 4 max state/model
INFO: model_def_io.c(580): 4 min state/model
INFO: main.c(242): Building trees for [D A A i] through [D U O b]
INFO: main.c(269): Covering states |[738 836]| == 99
INFO: main.c(275): Reading: /home/azhar/Tubes_Speech/commandreminder/model_parameters/commandreminder.cd_ptm_untied/mixture_weights
INFO: s3mixw_io.c(173): Read /home/azhar/Tubes_Speech/commandreminder/model_parameters/commandreminder.cd_ptm_untied/mixture_weights [99x4x64 array]
INFO: main.c(311): 33 of 33 models have observation count greater than 0.000010
INFO: main.c(95): nrm stwt: 0.045 0.909 0.045 
INFO: main.c(411): 33-class entropy: 1.086045e+05
INFO: main.c(549): Reading: /home/azhar/Tubes_Speech/commandreminder/model_architecture/commandreminder.tree_questions
INFO: main.c(588): 174 total simple questions (166 phone; 8 word bndry)
INFO: main.c(590): 40 Left Only questions, and 42 Right Only questions
INFO: dtree.c(1478): Final simple tree
|( QUESTION1 -1 1.225e+05 3.966e+03 5.986e+03
|    ( QUESTION1 1 8.967e+04 2.051e+03 4.530e+03
|        ( WDBNDRY_B 0 7.154e+04 3.584e+02 3.670e+03
|            ( - 2.813e+03 3 0 QUESTION2_0_L -1 1.870e+02 1.507e+02)
|            ( - 6.837e+04 1 0))
|        ( QUESTION3 1 1.608e+04 7.332e+02 8.604e+02
|            ( - 1.019e+04 2 0 WDBNDRY_B 0 2.841e+02 5.772e+02)
|            ( - 5.154e+03 4 0 QUESTION0_1_R 1 2.319e+02 2.831e+02)))
|    ( QUESTION3 1 2.888e+04 1.049e+03 1.456e+03
|        ( - 5.520e+03 8 0 SILENCE -1 3.207e+02 3.093e+02)
|        ( QUESTION15 -1 2.231e+04 8.050e+02 1.147e+03
|            ( - 9.409e+03 6 0 QUESTION0_4_R 1 3.052e+02 5.169e+02)
|            ( QUESTION3 -1 1.210e+04 4.180e+02 6.297e+02
|                ( - 2.296e+03 3 0 QUESTION0_4_R 1 1.922e+02 1.296e+02)
|                ( - 9.381e+03 6 0 QUESTION0_4_R 1 2.993e+02 5.001e+02)))))
s>    ( QUESTION1 -1 1.225e+05 3.966e+03 5.986e+03
s>        ( QUESTION1 1 8.967e+04 2.051e+03 4.530e+03
s>            ( WDBNDRY_B 0 7.154e+04 3.584e+02 3.670e+03
s>                ( - 2.813e+03 3 0 QUESTION2_0_L -1 1.870e+02 1.507e+02)
s>                ( - 6.837e+04 1 0))
s>            ( QUESTION3 1 1.608e+04 7.332e+02 8.604e+02
s>                ( - 1.019e+04 2 0 WDBNDRY_B 0 2.841e+02 5.772e+02)
s>                ( - 5.154e+03 4 0 QUESTION0_1_R 1 2.319e+02 2.831e+02)))
s>        ( QUESTION3 1 2.888e+04 1.049e+03 1.456e+03
s>            ( - 5.520e+03 8 0 SILENCE -1 3.207e+02 3.093e+02)
s>            ( QUESTION15 -1 2.231e+04 8.050e+02 1.147e+03
s>                ( - 9.409e+03 6 0 QUESTION0_4_R 1 3.052e+02 5.169e+02)
s>                ( QUESTION3 -1 1.210e+04 4.180e+02 6.297e+02
s>                    ( - 2.296e+03 3 0 QUESTION0_4_R 1 1.922e+02 1.296e+02)
s>                    ( - 9.381e+03 6 0 QUESTION0_4_R 1 2.993e+02 5.001e+02)))))INFO: dtree.c(1315): Comp split 0
INFO: dtree.c(1478): Final simple tree
|( QUESTION3 1 2.888e+04 1.049e+03 1.456e+03
|    ( SILENCE -1 5.520e+03 3.207e+02 3.093e+02
|        ( - 5.246e+02 1 0)
|        ( QUESTION2_11_L -1 4.674e+03 2.863e+02 2.673e+02
|            ( - 7.750e+02 1 0)
|            ( - 3.613e+03 6 0 QUESTION15 -1 1.885e+02 2.082e+02)))
|    ( QUESTION15 -1 2.231e+04 8.050e+02 1.147e+03
|        ( QUESTION0_4_R 1 9.409e+03 3.052e+02 5.169e+02
|            ( - 1.561e+03 1 0)
|            ( - 7.543e+03 5 0 QUESTION1 1 2.114e+02 4.210e+02))
|        ( QUESTION3 -1 1.210e+04 4.180e+02 6.297e+02
|            ( - 2.296e+03 3 0 QUESTION0_4_R 1 1.922e+02 1.296e+02)
|            ( QUESTION0_4_R 1 9.381e+03 2.993e+02 5.001e+02
|                ( - 3.763e+03 2 0 WDBNDRY_B 0 2.106e+02 2.079e+02)
|                ( - 5.319e+03 4 0 QUESTION0 -1 2.597e+02 2.921e+02)))))
s>    ( QUESTION3 1 2.888e+04 1.049e+03 1.456e+03
s>        ( SILENCE -1 5.520e+03 3.207e+02 3.093e+02
s>            ( - 5.246e+02 1 0)
s>            ( QUESTION2_11_L -1 4.674e+03 2.863e+02 2.673e+02
s>                ( - 7.750e+02 1 0)
s>                ( - 3.613e+03 6 0 QUESTION15 -1 1.885e+02 2.082e+02)))
s>        ( QUESTION15 -1 2.231e+04 8.050e+02 1.147e+03
s>            ( QUESTION0_4_R 1 9.409e+03 3.052e+02 5.169e+02
s>                ( - 1.561e+03 1 0)
s>                ( - 7.543e+03 5 0 QUESTION1 1 2.114e+02 4.210e+02))
s>            ( QUESTION3 -1 1.210e+04 4.180e+02 6.297e+02
s>                ( - 2.296e+03 3 0 QUESTION0_4_R 1 1.922e+02 1.296e+02)
s>                ( QUESTION0_4_R 1 9.381e+03 2.993e+02 5.001e+02
s>                    ( - 3.763e+03 2 0 WDBNDRY_B 0 2.106e+02 2.079e+02)
s>                    ( - 5.319e+03 4 0 QUESTION0 -1 2.597e+02 2.921e+02)))))INFO: dtree.c(1478): Final simple tree
|( QUESTION1 1 8.967e+04 2.051e+03 4.530e+03
|    ( WDBNDRY_B 0 7.154e+04 3.584e+02 3.670e+03
|        ( QUESTION2_0_L -1 2.813e+03 1.870e+02 1.507e+02
|            ( - 1.756e+03 2 0)
|            ( - 8.699e+02 1 0))
|        ( - 6.837e+04 1 0))
|    ( QUESTION3 1 1.608e+04 7.332e+02 8.604e+02
|        ( WDBNDRY_B 0 1.019e+04 2.841e+02 5.772e+02
|            ( - 1.723e+03 1 0)
|            ( - 8.186e+03 1 0))
|        ( QUESTION0_1_R 1 5.154e+03 2.319e+02 2.831e+02
|            ( - 1.860e+03 2 0)
|            ( WDBNDRY_B 0 3.063e+03 1.869e+02 1.721e+02
|                ( - 6.233e+02 1 0)
|                ( - 2.253e+03 1 0)))))
s>    ( QUESTION1 1 8.967e+04 2.051e+03 4.530e+03
s>        ( WDBNDRY_B 0 7.154e+04 3.584e+02 3.670e+03
s>            ( QUESTION2_0_L -1 2.813e+03 1.870e+02 1.507e+02
s>                ( - 1.756e+03 2 0)
s>                ( - 8.699e+02 1 0))
s>            ( - 6.837e+04 1 0))
s>        ( QUESTION3 1 1.608e+04 7.332e+02 8.604e+02
s>            ( WDBNDRY_B 0 1.019e+04 2.841e+02 5.772e+02
s>                ( - 1.723e+03 1 0)
s>                ( - 8.186e+03 1 0))
s>            ( QUESTION0_1_R 1 5.154e+03 2.319e+02 2.831e+02
s>                ( - 1.860e+03 2 0)
s>                ( WDBNDRY_B 0 3.063e+03 1.869e+02 1.721e+02
s>                    ( - 6.233e+02 1 0)
s>                    ( - 2.253e+03 1 0)))))INFO: dtree.c(1315): Comp split 1
INFO: dtree.c(1439): stop. leaf nodes are specific
INFO: dtree.c(1478): Final simple tree
|( QUESTION3 1 1.813e+04 7.461e+02 9.584e+02
|    ( WDBNDRY_B 0 1.019e+04 2.841e+02 5.772e+02
|        ( - 1.723e+03 1 0)
|        ( - 8.186e+03 1 0))
|    ( WDBNDRY_B 0 7.189e+03 3.064e+02 3.812e+02
|        ( QUESTION1 1 2.549e+03 1.695e+02 1.383e+02
|            ( - 1.756e+03 2 0)
|            ( - 6.233e+02 1 0))
|        ( QUESTION0_0_R 1 4.334e+03 2.218e+02 2.429e+02
|            ( - 1.860e+03 2 0)
|            ( - 2.253e+03 1 0))))
s>    ( QUESTION3 1 1.813e+04 7.461e+02 9.584e+02
s>        ( WDBNDRY_B 0 1.019e+04 2.841e+02 5.772e+02
s>            ( - 1.723e+03 1 0)
s>            ( - 8.186e+03 1 0))
s>        ( WDBNDRY_B 0 7.189e+03 3.064e+02 3.812e+02
s>            ( QUESTION1 1 2.549e+03 1.695e+02 1.383e+02
s>                ( - 1.756e+03 2 0)
s>                ( - 6.233e+02 1 0))
s>            ( QUESTION0_0_R 1 4.334e+03 2.218e+02 2.429e+02
s>                ( - 1.860e+03 2 0)
s>                ( - 2.253e+03 1 0))))INFO: dtree.c(1439): stop. leaf nodes are specific
INFO: dtree.c(1478): Final simple tree
|( WDBNDRY_B 0 6.946e+04 2.234e+02 3.572e+03
|    ( - 8.699e+02 1 0)
|    ( - 6.837e+04 1 0))
s>    ( WDBNDRY_B 0 6.946e+04 2.234e+02 3.572e+03
s>        ( - 8.699e+02 1 0)
s>        ( - 6.837e+04 1 0))INFO: dtree.c(1315): Comp split 2
INFO: dtree.c(1478): Final simple tree
|( QUESTION0_1_R 1 1.568e+04 7.829e+02 8.094e+02
|    ( SILENCE -1 6.177e+03 3.216e+02 3.425e+02
|        ( - 5.246e+02 1 0)
|        ( QUESTION2_11_L -1 5.331e+03 2.873e+02 3.004e+02
|            ( - 7.750e+02 1 0)
|            ( QUESTION9 -1 4.269e+03 2.218e+02 2.414e+02
|                ( - 1.206e+03 2 0 QUESTION3 1 1.192e+02 7.504e+01)
|                ( - 2.841e+03 5 0 QUESTION15 -1 1.562e+02 1.663e+02))))
|    ( QUESTION0_3_R 1 8.718e+03 2.951e+02 4.669e+02
|        ( QUESTION0 -1 4.660e+03 2.122e+02 2.590e+02
|            ( - 3.940e+03 2 0 QUESTION1 1 1.346e+02 2.258e+02)
|            ( - 5.076e+02 1 0))
|        ( WDBNDRY_B 0 3.763e+03 2.106e+02 2.079e+02
|            ( - 1.770e+03 1 0)
|            ( - 1.783e+03 1 0))))
s>    ( QUESTION0_1_R 1 1.568e+04 7.829e+02 8.094e+02
s>        ( SILENCE -1 6.177e+03 3.216e+02 3.425e+02
s>            ( - 5.246e+02 1 0)
s>            ( QUESTION2_11_L -1 5.331e+03 2.873e+02 3.004e+02
s>                ( - 7.750e+02 1 0)
s>                ( QUESTION9 -1 4.269e+03 2.218e+02 2.414e+02
s>                    ( - 1.206e+03 2 0 QUESTION3 1 1.192e+02 7.504e+01)
s>                    ( - 2.841e+03 5 0 QUESTION15 -1 1.562e+02 1.663e+02))))
s>        ( QUESTION0_3_R 1 8.718e+03 2.951e+02 4.669e+02
s>            ( QUESTION0 -1 4.660e+03 2.122e+02 2.590e+02
s>                ( - 3.940e+03 2 0 QUESTION1 1 1.346e+02 2.258e+02)
s>                ( - 5.076e+02 1 0))
s>            ( WDBNDRY_B 0 3.763e+03 2.106e+02 2.079e+02
s>                ( - 1.770e+03 1 0)
s>                ( - 1.783e+03 1 0))))INFO: dtree.c(1478): Final simple tree
|( QUESTION0_4_R 1 1.204e+04 4.047e+02 6.465e+02
|    ( QUESTION0 -1 3.109e+03 2.113e+02 1.770e+02
|        ( - 1.336e+03 1 0)
|        ( - 1.561e+03 1 0))
|    ( QUESTION1 1 8.527e+03 3.076e+02 4.695e+02
|        ( WDBNDRY_B 0 6.584e+03 1.335e+02 3.731e+02
|            ( - 6.238e+03 2 0)
|            ( - 2.123e+02 1 0))
|        ( QUESTION0 -1 1.635e+03 1.204e+02 9.642e+01
|            ( WDBNDRY_B 0 7.672e+02 7.639e+01 4.851e+01
|                ( - 4.367e+02 1 0)
|                ( - 2.541e+02 1 0))
|            ( WDBNDRY_B 0 7.478e+02 5.248e+01 4.791e+01
|                ( - 5.413e+02 1 0)
|                ( - 1.540e+02 1 0)))))
s>    ( QUESTION0_4_R 1 1.204e+04 4.047e+02 6.465e+02
s>        ( QUESTION0 -1 3.109e+03 2.113e+02 1.770e+02
s>            ( - 1.336e+03 1 0)
s>            ( - 1.561e+03 1 0))
s>        ( QUESTION1 1 8.527e+03 3.076e+02 4.695e+02
s>            ( WDBNDRY_B 0 6.584e+03 1.335e+02 3.731e+02
s>                ( - 6.238e+03 2 0)
s>                ( - 2.123e+02 1 0))
s>            ( QUESTION0 -1 1.635e+03 1.204e+02 9.642e+01
s>                ( WDBNDRY_B 0 7.672e+02 7.639e+01 4.851e+01
s>                    ( - 4.367e+02 1 0)
s>                    ( - 2.541e+02 1 0))
s>                ( WDBNDRY_B 0 7.478e+02 5.248e+01 4.791e+01
s>                    ( - 5.413e+02 1 0)
s>                    ( - 1.540e+02 1 0)))))INFO: dtree.c(1315): Comp split 3
INFO: dtree.c(1439): stop. leaf nodes are specific
INFO: dtree.c(1478): Final simple tree
|( QUESTION0_3_R 1 8.718e+03 2.951e+02 4.669e+02
|    ( QUESTION0 -1 4.660e+03 2.122e+02 2.590e+02
|        ( QUESTION1 1 3.940e+03 1.346e+02 2.258e+02
|            ( - 3.462e+03 1 0)
|            ( - 3.440e+02 1 0))
|        ( - 5.076e+02 1 0))
|    ( WDBNDRY_B 0 3.763e+03 2.106e+02 2.079e+02
|        ( - 1.770e+03 1 0)
|        ( - 1.783e+03 1 0)))
s>    ( QUESTION0_3_R 1 8.718e+03 2.951e+02 4.669e+02
s>        ( QUESTION0 -1 4.660e+03 2.122e+02 2.590e+02
s>            ( QUESTION1 1 3.940e+03 1.346e+02 2.258e+02
s>                ( - 3.462e+03 1 0)
s>                ( - 3.440e+02 1 0))
s>            ( - 5.076e+02 1 0))
s>        ( WDBNDRY_B 0 3.763e+03 2.106e+02 2.079e+02
s>            ( - 1.770e+03 1 0)
s>            ( - 1.783e+03 1 0)))INFO: dtree.c(1478): Final simple tree
|( SILENCE -1 6.177e+03 3.216e+02 3.425e+02
|    ( - 5.246e+02 1 0)
|    ( QUESTION2_11_L -1 5.331e+03 2.873e+02 3.004e+02
|        ( - 7.750e+02 1 0)
|        ( QUESTION9 -1 4.269e+03 2.218e+02 2.414e+02
|            ( QUESTION3 1 1.206e+03 1.192e+02 7.504e+01
|                ( - 6.134e+02 1 0)
|                ( - 4.734e+02 1 0))
|            ( QUESTION15 -1 2.841e+03 1.562e+02 1.663e+02
|                ( - 1.497e+03 2 0 WDBNDRY_B 0 6.872e+01 9.440e+01)
|                ( QUESTION8 -1 1.188e+03 1.108e+02 7.191e+01
|                    ( - 3.516e+02 1 0)
|                    ( QUESTION0 -1 7.255e+02 8.740e+01 4.688e+01
|                        ( - 2.882e+02 1 0)
|                        ( - 3.499e+02 1 0)))))))
s>    ( SILENCE -1 6.177e+03 3.216e+02 3.425e+02
s>        ( - 5.246e+02 1 0)
s>        ( QUESTION2_11_L -1 5.331e+03 2.873e+02 3.004e+02
s>            ( - 7.750e+02 1 0)
s>            ( QUESTION9 -1 4.269e+03 2.218e+02 2.414e+02
s>                ( QUESTION3 1 1.206e+03 1.192e+02 7.504e+01
s>                    ( - 6.134e+02 1 0)
s>                    ( - 4.734e+02 1 0))
s>                ( QUESTION15 -1 2.841e+03 1.562e+02 1.663e+02
s>                    ( - 1.497e+03 2 0 WDBNDRY_B 0 6.872e+01 9.440e+01)
s>                    ( QUESTION8 -1 1.188e+03 1.108e+02 7.191e+01
s>                        ( - 3.516e+02 1 0)
s>                        ( QUESTION0 -1 7.255e+02 8.740e+01 4.688e+01
s>                            ( - 2.882e+02 1 0)
s>                            ( - 3.499e+02 1 0)))))))INFO: dtree.c(1315): Comp split 4
INFO: dtree.c(1439): stop. leaf nodes are specific
INFO: dtree.c(1478): Final simple tree
|( WDBNDRY_B 0 7.189e+03 3.064e+02 3.812e+02
|    ( QUESTION1 1 2.549e+03 1.695e+02 1.383e+02
|        ( - 1.756e+03 2 0)
|        ( - 6.233e+02 1 0))
|    ( QUESTION0_0_R 1 4.334e+03 2.218e+02 2.429e+02
|        ( - 1.860e+03 2 0)
|        ( - 2.253e+03 1 0)))
s>    ( WDBNDRY_B 0 7.189e+03 3.064e+02 3.812e+02
s>        ( QUESTION1 1 2.549e+03 1.695e+02 1.383e+02
s>            ( - 1.756e+03 2 0)
s>            ( - 6.233e+02 1 0))
s>        ( QUESTION0_0_R 1 4.334e+03 2.218e+02 2.429e+02
s>            ( - 1.860e+03 2 0)
s>            ( - 2.253e+03 1 0)))INFO: dtree.c(1439): stop. leaf nodes are specific
INFO: dtree.c(1478): Final simple tree
|( WDBNDRY_B 0 1.019e+04 2.841e+02 5.772e+02
|    ( - 1.723e+03 1 0)
|    ( - 8.186e+03 1 0))
s>    ( WDBNDRY_B 0 1.019e+04 2.841e+02 5.772e+02
s>        ( - 1.723e+03 1 0)
s>        ( - 8.186e+03 1 0))INFO: dtree.c(1315): Comp split 5
INFO: dtree.c(1439): stop. leaf nodes are specific
INFO: dtree.c(1478): Final simple tree
|( QUESTION9 -1 4.269e+03 2.218e+02 2.414e+02
|    ( QUESTION3 1 1.206e+03 1.192e+02 7.504e+01
|        ( - 6.134e+02 1 0)
|        ( - 4.734e+02 1 0))
|    ( QUESTION15 -1 2.841e+03 1.562e+02 1.663e+02
|        ( WDBNDRY_B 0 1.497e+03 6.872e+01 9.440e+01
|            ( - 1.245e+03 1 0)
|            ( - 1.830e+02 1 0))
|        ( QUESTION8 -1 1.188e+03 1.108e+02 7.191e+01
|            ( - 3.516e+02 1 0)
|            ( QUESTION0 -1 7.255e+02 8.740e+01 4.688e+01
|                ( - 2.882e+02 1 0)
|                ( - 3.499e+02 1 0)))))
s>    ( QUESTION9 -1 4.269e+03 2.218e+02 2.414e+02
s>        ( QUESTION3 1 1.206e+03 1.192e+02 7.504e+01
s>            ( - 6.134e+02 1 0)
s>            ( - 4.734e+02 1 0))
s>        ( QUESTION15 -1 2.841e+03 1.562e+02 1.663e+02
s>            ( WDBNDRY_B 0 1.497e+03 6.872e+01 9.440e+01
s>                ( - 1.245e+03 1 0)
s>                ( - 1.830e+02 1 0))
s>            ( QUESTION8 -1 1.188e+03 1.108e+02 7.191e+01
s>                ( - 3.516e+02 1 0)
s>                ( QUESTION0 -1 7.255e+02 8.740e+01 4.688e+01
s>                    ( - 2.882e+02 1 0)
s>                    ( - 3.499e+02 1 0)))))INFO: dtree.c(1439): stop. leaf nodes are specific
INFO: dtree.c(1478): Final simple tree
|( SILENCE -1 1.490e+03 1.908e+02 1.011e+02
|    ( - 5.246e+02 1 0)
|    ( - 7.750e+02 1 0))
s>    ( SILENCE -1 1.490e+03 1.908e+02 1.011e+02
s>        ( - 5.246e+02 1 0)
s>        ( - 7.750e+02 1 0))INFO: dtree.c(1315): Comp split 6
INFO: dtree.c(1439): stop. leaf nodes are specific
INFO: dtree.c(1478): Final simple tree
|( QUESTION1 1 8.527e+03 3.076e+02 4.695e+02
|    ( WDBNDRY_B 0 6.584e+03 1.335e+02 3.731e+02
|        ( - 6.238e+03 2 0)
|        ( - 2.123e+02 1 0))
|    ( QUESTION0 -1 1.635e+03 1.204e+02 9.642e+01
|        ( WDBNDRY_B 0 7.672e+02 7.639e+01 4.851e+01
|            ( - 4.367e+02 1 0)
|            ( - 2.541e+02 1 0))
|        ( WDBNDRY_B 0 7.478e+02 5.248e+01 4.791e+01
|            ( - 5.413e+02 1 0)
|            ( - 1.540e+02 1 0))))
s>    ( QUESTION1 1 8.527e+03 3.076e+02 4.695e+02
s>        ( WDBNDRY_B 0 6.584e+03 1.335e+02 3.731e+02
s>            ( - 6.238e+03 2 0)
s>            ( - 2.123e+02 1 0))
s>        ( QUESTION0 -1 1.635e+03 1.204e+02 9.642e+01
s>            ( WDBNDRY_B 0 7.672e+02 7.639e+01 4.851e+01
s>                ( - 4.367e+02 1 0)
s>                ( - 2.541e+02 1 0))
s>            ( WDBNDRY_B 0 7.478e+02 5.248e+01 4.791e+01
s>                ( - 5.413e+02 1 0)
s>                ( - 1.540e+02 1 0))))INFO: dtree.c(1439): stop. leaf nodes are specific
INFO: dtree.c(1478): Final simple tree
|( QUESTION0 -1 3.109e+03 2.113e+02 1.770e+02
|    ( - 1.336e+03 1 0)
|    ( - 1.561e+03 1 0))
s>    ( QUESTION0 -1 3.109e+03 2.113e+02 1.770e+02
s>        ( - 1.336e+03 1 0)
s>        ( - 1.561e+03 1 0))INFO: dtree.c(1315): Comp split 7
INFO: dtree.c(1439): stop. leaf nodes are specific
INFO: dtree.c(1478): Final simple tree
|( QUESTION1 1 3.940e+03 1.346e+02 2.258e+02
|    ( - 3.462e+03 1 0)
|    ( - 3.440e+02 1 0))
s>    ( QUESTION1 1 3.940e+03 1.346e+02 2.258e+02
s>        ( - 3.462e+03 1 0)
s>        ( - 3.440e+02 1 0))INFO: dtree.c(1439): stop. leaf nodes are specific
INFO: dtree.c(1478): Final simple tree
|( WDBNDRY_B 0 4.465e+03 2.275e+02 2.411e+02
|    ( QUESTION0_3_R 1 2.454e+03 1.769e+02 1.390e+02
|        ( - 5.076e+02 1 0)
|        ( - 1.770e+03 1 0))
|    ( - 1.783e+03 1 0))
s>    ( WDBNDRY_B 0 4.465e+03 2.275e+02 2.411e+02
s>        ( QUESTION0_3_R 1 2.454e+03 1.769e+02 1.390e+02
s>            ( - 5.076e+02 1 0)
s>            ( - 1.770e+03 1 0))
s>        ( - 1.783e+03 1 0))INFO: dtree.c(1315): Comp split 8
INFO: dtree.c(1439): stop. leaf nodes are specific
INFO: dtree.c(1478): Final simple tree
|( QUESTION0 -1 1.635e+03 1.204e+02 9.642e+01
|    ( WDBNDRY_B 0 7.672e+02 7.639e+01 4.851e+01
|        ( - 4.367e+02 1 0)
|        ( - 2.541e+02 1 0))
|    ( WDBNDRY_B 0 7.478e+02 5.248e+01 4.791e+01
|        ( - 5.413e+02 1 0)
|        ( - 1.540e+02 1 0)))
s>    ( QUESTION0 -1 1.635e+03 1.204e+02 9.642e+01
s>        ( WDBNDRY_B 0 7.672e+02 7.639e+01 4.851e+01
s>            ( - 4.367e+02 1 0)
s>            ( - 2.541e+02 1 0))
s>        ( WDBNDRY_B 0 7.478e+02 5.248e+01 4.791e+01
s>            ( - 5.413e+02 1 0)
s>            ( - 1.540e+02 1 0)))INFO: dtree.c(1439): stop. leaf nodes are specific
INFO: dtree.c(1478): Final simple tree
|( WDBNDRY_B 0 6.584e+03 1.335e+02 3.731e+02
|    ( - 6.238e+03 2 0)
|    ( - 2.123e+02 1 0))
s>    ( WDBNDRY_B 0 6.584e+03 1.335e+02 3.731e+02
s>        ( - 6.238e+03 2 0)
s>        ( - 2.123e+02 1 0))INFO: dtree.c(1315): Comp split 9
INFO: dtree.c(1439): stop. leaf nodes are specific
INFO: dtree.c(1478): Final simple tree
|( QUESTION0_0_R 1 4.334e+03 2.218e+02 2.429e+02
|    ( - 1.860e+03 2 0)
|    ( - 2.253e+03 1 0))
s>    ( QUESTION0_0_R 1 4.334e+03 2.218e+02 2.429e+02
s>        ( - 1.860e+03 2 0)
s>        ( - 2.253e+03 1 0))INFO: dtree.c(1439): stop. leaf nodes are specific
INFO: dtree.c(1478): Final simple tree
|( QUESTION1 1 2.549e+03 1.695e+02 1.383e+02
|    ( - 1.756e+03 2 0)
|    ( - 6.233e+02 1 0))
s>    ( QUESTION1 1 2.549e+03 1.695e+02 1.383e+02
s>        ( - 1.756e+03 2 0)
s>        ( - 6.233e+02 1 0))INFO: dtree.c(1315): Comp split 10
INFO: dtree.c(1315): Comp split 11
INFO: dtree.c(1439): stop. leaf nodes are specific
INFO: dtree.c(1478): Final simple tree
|( QUESTION3 1 1.678e+03 1.410e+02 1.007e+02
|    ( QUESTION7 -1 1.064e+03 1.003e+02 6.755e+01
|        ( - 3.499e+02 1 0)
|        ( - 6.134e+02 1 0))
|    ( - 4.734e+02 1 0))
s>    ( QUESTION3 1 1.678e+03 1.410e+02 1.007e+02
s>        ( QUESTION7 -1 1.064e+03 1.003e+02 6.755e+01
s>            ( - 3.499e+02 1 0)
s>            ( - 6.134e+02 1 0))
s>        ( - 4.734e+02 1 0))INFO: dtree.c(1439): stop. leaf nodes are specific
INFO: dtree.c(1478): Final simple tree
|( QUESTION15 -1 2.360e+03 1.348e+02 1.406e+02
|    ( WDBNDRY_B 0 1.497e+03 6.872e+01 9.440e+01
|        ( - 1.245e+03 1 0)
|        ( - 1.830e+02 1 0))
|    ( QUESTION0 -1 7.287e+02 8.887e+01 4.622e+01
|        ( - 2.882e+02 1 0)
|        ( - 3.516e+02 1 0)))
s>    ( QUESTION15 -1 2.360e+03 1.348e+02 1.406e+02
s>        ( WDBNDRY_B 0 1.497e+03 6.872e+01 9.440e+01
s>            ( - 1.245e+03 1 0)
s>            ( - 1.830e+02 1 0))
s>        ( QUESTION0 -1 7.287e+02 8.887e+01 4.622e+01
s>            ( - 2.882e+02 1 0)
s>            ( - 3.516e+02 1 0)))INFO: dtree.c(1315): Comp split 12
INFO: dtree.c(1439): stop. leaf nodes are specific
INFO: dtree.c(1478): Final simple tree
|( QUESTION0_3_R 1 2.454e+03 1.769e+02 1.390e+02
|    ( - 5.076e+02 1 0)
|    ( - 1.770e+03 1 0))
s>    ( QUESTION0_3_R 1 2.454e+03 1.769e+02 1.390e+02
s>        ( - 5.076e+02 1 0)
s>        ( - 1.770e+03 1 0))INFO: dtree.c(1315): Comp split 13
INFO: dtree.c(1315): Comp split 14
INFO: dtree.c(1315): Comp split 15
INFO: dtree.c(1315): Comp split 16
INFO: dtree.c(1315): Comp split 17
INFO: dtree.c(1315): Comp split 18
INFO: dtree.c(1315): Comp split 19
INFO: dtree.c(1439): stop. leaf nodes are specific
INFO: dtree.c(1478): Final simple tree
|( QUESTION7 -1 1.064e+03 1.003e+02 6.755e+01
|    ( - 3.499e+02 1 0)
|    ( - 6.134e+02 1 0))
s>    ( QUESTION7 -1 1.064e+03 1.003e+02 6.755e+01
s>        ( - 3.499e+02 1 0)
s>        ( - 6.134e+02 1 0))INFO: dtree.c(1315): Comp split 20
INFO: dtree.c(1439): stop. leaf nodes are specific
INFO: dtree.c(1478): Final simple tree
|( QUESTION0 -1 7.287e+02 8.887e+01 4.622e+01
|    ( - 2.882e+02 1 0)
|    ( - 3.516e+02 1 0))
s>    ( QUESTION0 -1 7.287e+02 8.887e+01 4.622e+01
s>        ( - 2.882e+02 1 0)
s>        ( - 3.516e+02 1 0))INFO: dtree.c(1439): stop. leaf nodes are specific
INFO: dtree.c(1478): Final simple tree
|( WDBNDRY_B 0 1.497e+03 6.872e+01 9.440e+01
|    ( - 1.245e+03 1 0)
|    ( - 1.830e+02 1 0))
s>    ( WDBNDRY_B 0 1.497e+03 6.872e+01 9.440e+01
s>        ( - 1.245e+03 1 0)
s>        ( - 1.830e+02 1 0))INFO: dtree.c(1315): Comp split 21
INFO: dtree.c(1315): Comp split 22
INFO: dtree.c(1315): Comp split 23
INFO: dtree.c(1439): stop. leaf nodes are specific
INFO: dtree.c(1478): Final simple tree
|( WDBNDRY_B 0 1.078e+03 8.134e+01 6.683e+01
|    ( - 5.413e+02 1 0)
|    ( QUESTION0 -1 4.554e+02 4.721e+01 3.098e+01
|        ( - 2.541e+02 1 0)
|        ( - 1.540e+02 1 0)))
s>    ( WDBNDRY_B 0 1.078e+03 8.134e+01 6.683e+01
s>        ( - 5.413e+02 1 0)
s>        ( QUESTION0 -1 4.554e+02 4.721e+01 3.098e+01
s>            ( - 2.541e+02 1 0)
s>            ( - 1.540e+02 1 0)))INFO: dtree.c(1315): Comp split 24
INFO: dtree.c(1315): Comp split 25
INFO: dtree.c(1315): Comp split 26
INFO: dtree.c(1439): stop. leaf nodes are specific
INFO: dtree.c(1478): Final simple tree
|( QUESTION0 -1 4.554e+02 4.721e+01 3.098e+01
|    ( - 2.541e+02 1 0)
|    ( - 1.540e+02 1 0))
s>    ( QUESTION0 -1 4.554e+02 4.721e+01 3.098e+01
s>        ( - 2.541e+02 1 0)
s>        ( - 1.540e+02 1 0))INFO: dtree.c(1315): Comp split 27
INFO: dtree.c(1315): Comp split 28
INFO: dtree.c(1315): Comp split 29
INFO: dtree.c(1318): stop. leaf nodes are specific
Fri Dec  3 07:39:01 2021
