Current configuration:
[NAME]		[DEFLT]	[VALUE]
-allphones	no	no
-cntthresh	0.00001	1.000000e-05
-csplitmax	100	2000
-csplitmin	1	1
-csplitthr	8e-4	0.000000e+00
-example	no	no
-fullvar	no	no
-help		no	no
-meanfn			
-mixwfn			/home/azhar/Tubes_Speech/commandreminder/model_parameters/commandreminder.cd_ptm_untied/mixture_weights
-moddeffn		/home/azhar/Tubes_Speech/commandreminder/model_architecture/commandreminder.untied.mdef
-mwfloor	1e-4	1.000000e-08
-phone			I
-psetfn			/home/azhar/Tubes_Speech/commandreminder/model_architecture/commandreminder.tree_questions
-ssplitmax	5	7
-ssplitmin	1	1
-ssplitthr	8e-4	0.000000e+00
-state			1
-stwt			1.0,0.05,0.0,
-treefn			/home/azhar/Tubes_Speech/commandreminder/trees/commandreminder.unpruned/I-1.dtree
-ts2cbfn	.semi.	.semi.
-varfloor	0.00001	1.000000e-05
-varfn			

INFO: main.c(223): Reading: /home/azhar/Tubes_Speech/commandreminder/model_architecture/commandreminder.untied.mdef
INFO: model_def_io.c(573): Model definition info:
INFO: model_def_io.c(574): 1061 total models defined (31 base, 1030 tri)
INFO: model_def_io.c(575): 4244 total states
INFO: model_def_io.c(576): 3183 total tied states
INFO: model_def_io.c(577): 93 total tied CI states
INFO: model_def_io.c(578): 31 total tied transition matrices
INFO: model_def_io.c(579): 4 max state/model
INFO: model_def_io.c(580): 4 min state/model
INFO: main.c(242): Building trees for [I A N i] through [I Z A i]
INFO: main.c(269): Covering states |[1191 1550]| == 360
INFO: main.c(275): Reading: /home/azhar/Tubes_Speech/commandreminder/model_parameters/commandreminder.cd_ptm_untied/mixture_weights
INFO: s3mixw_io.c(173): Read /home/azhar/Tubes_Speech/commandreminder/model_parameters/commandreminder.cd_ptm_untied/mixture_weights [360x4x64 array]
INFO: main.c(311): 120 of 120 models have observation count greater than 0.000010
INFO: main.c(95): nrm stwt: 0.045 0.909 0.045 
INFO: main.c(411): 120-class entropy: 2.291864e+05
INFO: main.c(549): Reading: /home/azhar/Tubes_Speech/commandreminder/model_architecture/commandreminder.tree_questions
INFO: main.c(588): 174 total simple questions (166 phone; 8 word bndry)
INFO: main.c(590): 40 Left Only questions, and 42 Right Only questions
INFO: dtree.c(1478): Final simple tree
|( SILENCE 1 2.849e+05 5.100e+03 1.369e+04
|    ( - 3.255e+04 5 0 QUESTION6 -1 1.039e+03 1.688e+03)
|    ( QUESTION0_7_R 1 2.472e+05 3.683e+03 1.200e+04
|        ( QUESTION15 1 9.372e+04 1.999e+03 4.538e+03
|            ( - 2.380e+04 7 0 QUESTION14 -1 7.432e+02 1.176e+03)
|            ( - 6.792e+04 41 0 WDBNDRY_E 0 1.244e+03 3.361e+03))
|        ( QUESTION0_4_R 1 1.498e+05 2.748e+03 7.463e+03
|            ( QUESTION19 -1 2.301e+04 1.666e+03 1.256e+03
|                ( - 1.095e+04 1 0)
|                ( - 1.040e+04 7 0 QUESTION2_6_L -1 4.585e+02 6.044e+02))
|            ( QUESTION14 1 1.241e+05 2.365e+03 6.207e+03
|                ( - 2.218e+04 12 0 QUESTION2_12_L -1 9.457e+02 1.199e+03)
|                ( QUESTION19 -1 9.951e+04 1.666e+03 5.008e+03
|                    ( - 3.041e+04 10 0 QUESTION0_17_R 1 8.112e+02 1.605e+03)
|                    ( - 6.743e+04 37 0 QUESTION15 1 8.258e+02 3.404e+03))))))
s>    ( SILENCE 1 2.849e+05 5.100e+03 1.369e+04
s>        ( - 3.255e+04 5 0 QUESTION6 -1 1.039e+03 1.688e+03)
s>        ( QUESTION0_7_R 1 2.472e+05 3.683e+03 1.200e+04
s>            ( QUESTION15 1 9.372e+04 1.999e+03 4.538e+03
s>                ( - 2.380e+04 7 0 QUESTION14 -1 7.432e+02 1.176e+03)
s>                ( - 6.792e+04 41 0 WDBNDRY_E 0 1.244e+03 3.361e+03))
s>            ( QUESTION0_4_R 1 1.498e+05 2.748e+03 7.463e+03
s>                ( QUESTION19 -1 2.301e+04 1.666e+03 1.256e+03
s>                    ( - 1.095e+04 1 0)
s>                    ( - 1.040e+04 7 0 QUESTION2_6_L -1 4.585e+02 6.044e+02))
s>                ( QUESTION14 1 1.241e+05 2.365e+03 6.207e+03
s>                    ( - 2.218e+04 12 0 QUESTION2_12_L -1 9.457e+02 1.199e+03)
s>                    ( QUESTION19 -1 9.951e+04 1.666e+03 5.008e+03
s>                        ( - 3.041e+04 10 0 QUESTION0_17_R 1 8.112e+02 1.605e+03)
s>                        ( - 6.743e+04 37 0 QUESTION15 1 8.258e+02 3.404e+03))))))INFO: dtree.c(1315): Comp split 0
INFO: dtree.c(1478): Final simple tree
|( QUESTION0_7_R 1 2.472e+05 3.683e+03 1.200e+04
|    ( QUESTION15 1 9.372e+04 1.999e+03 4.538e+03
|        ( - 2.380e+04 7 0 QUESTION14 -1 7.432e+02 1.176e+03)
|        ( WDBNDRY_E 0 6.792e+04 1.244e+03 3.361e+03
|            ( - 4.638e+04 25 0 QUESTION8 1 8.467e+02 2.373e+03)
|            ( - 2.029e+04 16 0 QUESTION2_14_L -1 6.488e+02 9.878e+02)))
|    ( QUESTION0_4_R 1 1.498e+05 2.748e+03 7.463e+03
|        ( QUESTION19 -1 2.301e+04 1.666e+03 1.256e+03
|            ( - 1.095e+04 1 0)
|            ( - 1.040e+04 7 0 QUESTION2_6_L -1 4.585e+02 6.044e+02))
|        ( QUESTION14 1 1.241e+05 2.365e+03 6.207e+03
|            ( - 2.218e+04 12 0 QUESTION2_12_L -1 9.457e+02 1.199e+03)
|            ( QUESTION19 -1 9.951e+04 1.666e+03 5.008e+03
|                ( - 3.041e+04 10 0 QUESTION0_17_R 1 8.112e+02 1.605e+03)
|                ( - 6.743e+04 37 0 QUESTION15 1 8.258e+02 3.404e+03)))))
s>    ( QUESTION0_7_R 1 2.472e+05 3.683e+03 1.200e+04
s>        ( QUESTION15 1 9.372e+04 1.999e+03 4.538e+03
s>            ( - 2.380e+04 7 0 QUESTION14 -1 7.432e+02 1.176e+03)
s>            ( WDBNDRY_E 0 6.792e+04 1.244e+03 3.361e+03
s>                ( - 4.638e+04 25 0 QUESTION8 1 8.467e+02 2.373e+03)
s>                ( - 2.029e+04 16 0 QUESTION2_14_L -1 6.488e+02 9.878e+02)))
s>        ( QUESTION0_4_R 1 1.498e+05 2.748e+03 7.463e+03
s>            ( QUESTION19 -1 2.301e+04 1.666e+03 1.256e+03
s>                ( - 1.095e+04 1 0)
s>                ( - 1.040e+04 7 0 QUESTION2_6_L -1 4.585e+02 6.044e+02))
s>            ( QUESTION14 1 1.241e+05 2.365e+03 6.207e+03
s>                ( - 2.218e+04 12 0 QUESTION2_12_L -1 9.457e+02 1.199e+03)
s>                ( QUESTION19 -1 9.951e+04 1.666e+03 5.008e+03
s>                    ( - 3.041e+04 10 0 QUESTION0_17_R 1 8.112e+02 1.605e+03)
s>                    ( - 6.743e+04 37 0 QUESTION15 1 8.258e+02 3.404e+03)))))INFO: dtree.c(1439): stop. leaf nodes are specific
INFO: dtree.c(1478): Final simple tree
|( QUESTION6 -1 3.255e+04 1.039e+03 1.688e+03
|    ( QUESTION2_1_L -1 1.752e+04 4.099e+02 9.073e+02
|        ( - 9.673e+03 1 0)
|        ( QUESTION11 -1 7.439e+03 3.493e+02 3.957e+02
|            ( - 1.754e+03 1 0)
|            ( QUESTION10 -1 5.335e+03 2.328e+02 2.932e+02
|                ( - 4.344e+03 1 0)
|                ( - 7.585e+02 1 0))))
|    ( - 1.399e+04 1 0))
s>    ( QUESTION6 -1 3.255e+04 1.039e+03 1.688e+03
s>        ( QUESTION2_1_L -1 1.752e+04 4.099e+02 9.073e+02
s>            ( - 9.673e+03 1 0)
s>            ( QUESTION11 -1 7.439e+03 3.493e+02 3.957e+02
s>                ( - 1.754e+03 1 0)
s>                ( QUESTION10 -1 5.335e+03 2.328e+02 2.932e+02
s>                    ( - 4.344e+03 1 0)
s>                    ( - 7.585e+02 1 0))))
s>        ( - 1.399e+04 1 0))INFO: dtree.c(1315): Comp split 1
INFO: dtree.c(1478): Final simple tree
|( QUESTION16 1 1.633e+05 2.606e+03 7.941e+03
|    ( QUESTION14 -1 2.380e+04 7.432e+02 1.176e+03
|        ( - 1.257e+04 1 0)
|        ( - 1.049e+04 6 0 QUESTION0 -1 6.318e+02 5.194e+02))
|    ( QUESTION0_8_R 1 1.369e+05 1.535e+03 6.765e+03
|        ( WDBNDRY_E 0 5.881e+04 9.740e+02 2.936e+03
|            ( QUESTION8 1 3.869e+04 7.254e+02 1.983e+03
|                ( - 2.234e+04 12 0 QUESTION12 -1 5.303e+02 1.159e+03)
|                ( - 1.562e+04 10 0 QUESTION19 -1 3.871e+02 8.239e+02))
|            ( - 1.914e+04 15 0 QUESTION2_14_L -1 6.060e+02 9.527e+02))
|        ( QUESTION0 1 7.651e+04 1.119e+03 3.829e+03
|            ( - 1.787e+04 11 0 QUESTION3 1 6.097e+02 9.099e+02)
|            ( WDBNDRY_B 0 5.753e+04 7.853e+02 2.919e+03
|                ( - 1.036e+04 5 0 QUESTION0_15_R 1 5.477e+02 5.407e+02)
|                ( - 4.638e+04 25 0 QUESTION6 1 6.861e+02 2.378e+03)))))
s>    ( QUESTION16 1 1.633e+05 2.606e+03 7.941e+03
s>        ( QUESTION14 -1 2.380e+04 7.432e+02 1.176e+03
s>            ( - 1.257e+04 1 0)
s>            ( - 1.049e+04 6 0 QUESTION0 -1 6.318e+02 5.194e+02))
s>        ( QUESTION0_8_R 1 1.369e+05 1.535e+03 6.765e+03
s>            ( WDBNDRY_E 0 5.881e+04 9.740e+02 2.936e+03
s>                ( QUESTION8 1 3.869e+04 7.254e+02 1.983e+03
s>                    ( - 2.234e+04 12 0 QUESTION12 -1 5.303e+02 1.159e+03)
s>                    ( - 1.562e+04 10 0 QUESTION19 -1 3.871e+02 8.239e+02))
s>                ( - 1.914e+04 15 0 QUESTION2_14_L -1 6.060e+02 9.527e+02))
s>            ( QUESTION0 1 7.651e+04 1.119e+03 3.829e+03
s>                ( - 1.787e+04 11 0 QUESTION3 1 6.097e+02 9.099e+02)
s>                ( WDBNDRY_B 0 5.753e+04 7.853e+02 2.919e+03
s>                    ( - 1.036e+04 5 0 QUESTION0_15_R 1 5.477e+02 5.407e+02)
s>                    ( - 4.638e+04 25 0 QUESTION6 1 6.861e+02 2.378e+03)))))INFO: dtree.c(1478): Final simple tree
|( QUESTION19 -1 7.954e+04 2.625e+03 4.059e+03
|    ( QUESTION0_4_R 1 4.589e+04 1.949e+03 2.384e+03
|        ( - 1.095e+04 1 0)
|        ( QUESTION0_17_R 1 3.299e+04 8.793e+02 1.733e+03
|            ( - 8.216e+03 2 0 WDBNDRY_E 0 4.220e+02 4.704e+02)
|            ( QUESTION2_0_L -1 2.390e+04 6.488e+02 1.262e+03
|                ( - 8.308e+03 2 0 WDBNDRY_B 0 3.448e+02 4.800e+02)
|                ( - 1.494e+04 9 0 QUESTION0_15_R 1 5.322e+02 7.825e+02))))
|    ( QUESTION0_0_R 1 3.102e+04 9.333e+02 1.675e+03
|        ( - 1.040e+04 7 0 QUESTION2_6_L -1 4.585e+02 6.044e+02)
|        ( QUESTION2_12_L -1 1.970e+04 9.151e+02 1.071e+03
|            ( - 1.093e+04 3 0 QUESTION11 -1 4.505e+02 6.776e+02)
|            ( QUESTION2_1_L -1 7.849e+03 6.226e+02 3.934e+02
|                ( - 4.207e+03 2 0 WDBNDRY_E 0 2.637e+02 2.403e+02)
|                ( - 3.019e+03 4 0 QUESTION0_19_R 1 2.826e+02 1.531e+02)))))
s>    ( QUESTION19 -1 7.954e+04 2.625e+03 4.059e+03
s>        ( QUESTION0_4_R 1 4.589e+04 1.949e+03 2.384e+03
s>            ( - 1.095e+04 1 0)
s>            ( QUESTION0_17_R 1 3.299e+04 8.793e+02 1.733e+03
s>                ( - 8.216e+03 2 0 WDBNDRY_E 0 4.220e+02 4.704e+02)
s>                ( QUESTION2_0_L -1 2.390e+04 6.488e+02 1.262e+03
s>                    ( - 8.308e+03 2 0 WDBNDRY_B 0 3.448e+02 4.800e+02)
s>                    ( - 1.494e+04 9 0 QUESTION0_15_R 1 5.322e+02 7.825e+02))))
s>        ( QUESTION0_0_R 1 3.102e+04 9.333e+02 1.675e+03
s>            ( - 1.040e+04 7 0 QUESTION2_6_L -1 4.585e+02 6.044e+02)
s>            ( QUESTION2_12_L -1 1.970e+04 9.151e+02 1.071e+03
s>                ( - 1.093e+04 3 0 QUESTION11 -1 4.505e+02 6.776e+02)
s>                ( QUESTION2_1_L -1 7.849e+03 6.226e+02 3.934e+02
s>                    ( - 4.207e+03 2 0 WDBNDRY_E 0 2.637e+02 2.403e+02)
s>                    ( - 3.019e+03 4 0 QUESTION0_19_R 1 2.826e+02 1.531e+02)))))INFO: dtree.c(1315): Comp split 2
INFO: dtree.c(1478): Final simple tree
|( QUESTION0_4_R 1 4.986e+04 1.973e+03 2.537e+03
|    ( - 1.095e+04 1 0)
|    ( QUESTION6 1 3.694e+04 9.618e+02 1.886e+03
|        ( QUESTION6 -1 5.565e+03 4.431e+02 2.811e+02
|            ( - 2.533e+03 3 0 QUESTION10 -1 2.668e+02 1.313e+02)
|            ( - 2.589e+03 4 0 QUESTION0_19_R 1 2.586e+02 1.498e+02))
|        ( QUESTION0_17_R 1 3.041e+04 8.112e+02 1.605e+03
|            ( WDBNDRY_E 0 8.216e+03 4.220e+02 4.704e+02
|                ( - 1.073e+03 1 0)
|                ( - 6.721e+03 1 0))
|            ( QUESTION2_0_L -1 2.139e+04 6.144e+02 1.135e+03
|                ( - 8.308e+03 2 0 WDBNDRY_B 0 3.448e+02 4.800e+02)
|                ( WDBNDRY_B 0 1.246e+04 4.599e+02 6.545e+02
|                    ( - 2.231e+03 2 0)
|                    ( - 9.774e+03 4 0 WDBNDRY_E 0 4.039e+02 5.313e+02))))))
s>    ( QUESTION0_4_R 1 4.986e+04 1.973e+03 2.537e+03
s>        ( - 1.095e+04 1 0)
s>        ( QUESTION6 1 3.694e+04 9.618e+02 1.886e+03
s>            ( QUESTION6 -1 5.565e+03 4.431e+02 2.811e+02
s>                ( - 2.533e+03 3 0 QUESTION10 -1 2.668e+02 1.313e+02)
s>                ( - 2.589e+03 4 0 QUESTION0_19_R 1 2.586e+02 1.498e+02))
s>            ( QUESTION0_17_R 1 3.041e+04 8.112e+02 1.605e+03
s>                ( WDBNDRY_E 0 8.216e+03 4.220e+02 4.704e+02
s>                    ( - 1.073e+03 1 0)
s>                    ( - 6.721e+03 1 0))
s>                ( QUESTION2_0_L -1 2.139e+04 6.144e+02 1.135e+03
s>                    ( - 8.308e+03 2 0 WDBNDRY_B 0 3.448e+02 4.800e+02)
s>                    ( WDBNDRY_B 0 1.246e+04 4.599e+02 6.545e+02
s>                        ( - 2.231e+03 2 0)
s>                        ( - 9.774e+03 4 0 WDBNDRY_E 0 4.039e+02 5.313e+02))))))INFO: dtree.c(1478): Final simple tree
|( QUESTION0_0_R 1 2.700e+04 8.618e+02 1.522e+03
|    ( QUESTION2_6_L -1 1.040e+04 4.585e+02 6.044e+02
|        ( - 4.246e+03 1 0)
|        ( WDBNDRY_E 0 5.691e+03 3.276e+02 3.180e+02
|            ( - 1.573e+03 2 0 QUESTION10 -1 1.687e+02 9.328e+01)
|            ( QUESTION2_8_L -1 3.790e+03 2.144e+02 2.248e+02
|                ( - 2.066e+03 1 0)
|                ( - 1.510e+03 3 0 QUESTION6 -1 1.538e+02 9.777e+01))))
|    ( QUESTION11 -1 1.574e+04 7.126e+02 9.179e+02
|        ( - 9.278e+03 1 0)
|        ( WDBNDRY_E 0 5.747e+03 3.828e+02 3.131e+02
|            ( - 3.924e+03 2 0 QUESTION10 -1 1.853e+02 2.286e+02)
|            ( QUESTION0_19_R 1 1.441e+03 2.258e+02 8.449e+01
|                ( - 4.051e+02 1 0)
|                ( - 8.100e+02 1 0)))))
s>    ( QUESTION0_0_R 1 2.700e+04 8.618e+02 1.522e+03
s>        ( QUESTION2_6_L -1 1.040e+04 4.585e+02 6.044e+02
s>            ( - 4.246e+03 1 0)
s>            ( WDBNDRY_E 0 5.691e+03 3.276e+02 3.180e+02
s>                ( - 1.573e+03 2 0 QUESTION10 -1 1.687e+02 9.328e+01)
s>                ( QUESTION2_8_L -1 3.790e+03 2.144e+02 2.248e+02
s>                    ( - 2.066e+03 1 0)
s>                    ( - 1.510e+03 3 0 QUESTION6 -1 1.538e+02 9.777e+01))))
s>        ( QUESTION11 -1 1.574e+04 7.126e+02 9.179e+02
s>            ( - 9.278e+03 1 0)
s>            ( WDBNDRY_E 0 5.747e+03 3.828e+02 3.131e+02
s>                ( - 3.924e+03 2 0 QUESTION10 -1 1.853e+02 2.286e+02)
s>                ( QUESTION0_19_R 1 1.441e+03 2.258e+02 8.449e+01
s>                    ( - 4.051e+02 1 0)
s>                    ( - 8.100e+02 1 0)))))INFO: dtree.c(1315): Comp split 3
INFO: dtree.c(1478): Final simple tree
|( QUESTION0_8_R 1 1.369e+05 1.535e+03 6.765e+03
|    ( WDBNDRY_E 0 5.881e+04 9.740e+02 2.936e+03
|        ( QUESTION8 1 3.869e+04 7.254e+02 1.983e+03
|            ( - 2.234e+04 12 0 QUESTION12 -1 5.303e+02 1.159e+03)
|            ( - 1.562e+04 10 0 QUESTION19 -1 3.871e+02 8.239e+02))
|        ( - 1.914e+04 15 0 QUESTION2_14_L -1 6.060e+02 9.527e+02))
|    ( QUESTION0 1 7.651e+04 1.119e+03 3.829e+03
|        ( QUESTION3 1 1.787e+04 6.097e+02 9.099e+02
|            ( - 3.701e+03 3 0 WDBNDRY_E 0 3.933e+02 1.920e+02)
|            ( - 1.355e+04 8 0 QUESTION2_6_L -1 4.554e+02 7.179e+02))
|        ( WDBNDRY_B 0 5.753e+04 7.853e+02 2.919e+03
|            ( - 1.036e+04 5 0 QUESTION0_15_R 1 5.477e+02 5.407e+02)
|            ( QUESTION6 1 4.638e+04 6.861e+02 2.378e+03
|                ( - 1.887e+04 11 0 WDBNDRY_E 0 4.607e+02 9.794e+02)
|                ( - 2.683e+04 14 0 QUESTION14 -1 4.888e+02 1.399e+03)))))
s>    ( QUESTION0_8_R 1 1.369e+05 1.535e+03 6.765e+03
s>        ( WDBNDRY_E 0 5.881e+04 9.740e+02 2.936e+03
s>            ( QUESTION8 1 3.869e+04 7.254e+02 1.983e+03
s>                ( - 2.234e+04 12 0 QUESTION12 -1 5.303e+02 1.159e+03)
s>                ( - 1.562e+04 10 0 QUESTION19 -1 3.871e+02 8.239e+02))
s>            ( - 1.914e+04 15 0 QUESTION2_14_L -1 6.060e+02 9.527e+02))
s>        ( QUESTION0 1 7.651e+04 1.119e+03 3.829e+03
s>            ( QUESTION3 1 1.787e+04 6.097e+02 9.099e+02
s>                ( - 3.701e+03 3 0 WDBNDRY_E 0 3.933e+02 1.920e+02)
s>                ( - 1.355e+04 8 0 QUESTION2_6_L -1 4.554e+02 7.179e+02))
s>            ( WDBNDRY_B 0 5.753e+04 7.853e+02 2.919e+03
s>                ( - 1.036e+04 5 0 QUESTION0_15_R 1 5.477e+02 5.407e+02)
s>                ( QUESTION6 1 4.638e+04 6.861e+02 2.378e+03
s>                    ( - 1.887e+04 11 0 WDBNDRY_E 0 4.607e+02 9.794e+02)
s>                    ( - 2.683e+04 14 0 QUESTION14 -1 4.888e+02 1.399e+03)))))INFO: dtree.c(1439): stop. leaf nodes are specific
INFO: dtree.c(1478): Final simple tree
|( QUESTION14 -1 2.380e+04 7.432e+02 1.176e+03
|    ( - 1.257e+04 1 0)
|    ( QUESTION0 -1 1.049e+04 6.318e+02 5.194e+02
|        ( - 2.413e+03 1 0)
|        ( QUESTION16 -1 7.447e+03 3.616e+02 3.810e+02
|            ( - 2.897e+03 1 0)
|            ( QUESTION6 -1 4.188e+03 2.673e+02 2.202e+02
|                ( WDBNDRY_E 0 2.520e+03 1.852e+02 1.410e+02
|                    ( - 1.916e+03 1 0)
|                    ( - 4.185e+02 1 0))
|                ( WDBNDRY_E 0 1.401e+03 1.455e+02 7.927e+01
|                    ( - 6.268e+02 1 0)
|                    ( - 6.291e+02 1 0))))))
s>    ( QUESTION14 -1 2.380e+04 7.432e+02 1.176e+03
s>        ( - 1.257e+04 1 0)
s>        ( QUESTION0 -1 1.049e+04 6.318e+02 5.194e+02
s>            ( - 2.413e+03 1 0)
s>            ( QUESTION16 -1 7.447e+03 3.616e+02 3.810e+02
s>                ( - 2.897e+03 1 0)
s>                ( QUESTION6 -1 4.188e+03 2.673e+02 2.202e+02
s>                    ( WDBNDRY_E 0 2.520e+03 1.852e+02 1.410e+02
s>                        ( - 1.916e+03 1 0)
s>                        ( - 4.185e+02 1 0))
s>                    ( WDBNDRY_E 0 1.401e+03 1.455e+02 7.927e+01
s>                        ( - 6.268e+02 1 0)
s>                        ( - 6.291e+02 1 0))))))INFO: dtree.c(1315): Comp split 4
INFO: dtree.c(1478): Final simple tree
|( QUESTION6 1 3.694e+04 9.618e+02 1.886e+03
|    ( QUESTION6 -1 5.565e+03 4.431e+02 2.811e+02
|        ( - 2.533e+03 3 0 QUESTION10 -1 2.668e+02 1.313e+02)
|        ( - 2.589e+03 4 0 QUESTION0_19_R 1 2.586e+02 1.498e+02))
|    ( QUESTION0_17_R 1 3.041e+04 8.112e+02 1.605e+03
|        ( WDBNDRY_E 0 8.216e+03 4.220e+02 4.704e+02
|            ( - 1.073e+03 1 0)
|            ( - 6.721e+03 1 0))
|        ( QUESTION2_0_L -1 2.139e+04 6.144e+02 1.135e+03
|            ( - 8.308e+03 2 0 WDBNDRY_B 0 3.448e+02 4.800e+02)
|            ( WDBNDRY_B 0 1.246e+04 4.599e+02 6.545e+02
|                ( - 2.231e+03 2 0)
|                ( WDBNDRY_E 0 9.774e+03 4.039e+02 5.313e+02
|                    ( - 3.074e+03 2 0 QUESTION0_0_R 1 1.941e+02 1.870e+02)
|                    ( - 6.296e+03 2 0))))))
s>    ( QUESTION6 1 3.694e+04 9.618e+02 1.886e+03
s>        ( QUESTION6 -1 5.565e+03 4.431e+02 2.811e+02
s>            ( - 2.533e+03 3 0 QUESTION10 -1 2.668e+02 1.313e+02)
s>            ( - 2.589e+03 4 0 QUESTION0_19_R 1 2.586e+02 1.498e+02))
s>        ( QUESTION0_17_R 1 3.041e+04 8.112e+02 1.605e+03
s>            ( WDBNDRY_E 0 8.216e+03 4.220e+02 4.704e+02
s>                ( - 1.073e+03 1 0)
s>                ( - 6.721e+03 1 0))
s>            ( QUESTION2_0_L -1 2.139e+04 6.144e+02 1.135e+03
s>                ( - 8.308e+03 2 0 WDBNDRY_B 0 3.448e+02 4.800e+02)
s>                ( WDBNDRY_B 0 1.246e+04 4.599e+02 6.545e+02
s>                    ( - 2.231e+03 2 0)
s>                    ( WDBNDRY_E 0 9.774e+03 4.039e+02 5.313e+02
s>                        ( - 3.074e+03 2 0 QUESTION0_0_R 1 1.941e+02 1.870e+02)
s>                        ( - 6.296e+03 2 0))))))INFO: dtree.c(1315): Comp split 5
INFO: dtree.c(1478): Final simple tree
|( QUESTION0_14_R 1 9.285e+04 1.217e+03 4.653e+03
|    ( WDBNDRY_B 0 6.001e+04 7.775e+02 3.049e+03
|        ( QUESTION0_15_R 1 1.036e+04 5.477e+02 5.407e+02
|            ( - 5.598e+03 3 0 QUESTION1 -1 2.342e+02 3.027e+02)
|            ( - 4.212e+03 2 0 QUESTION1 -1 1.466e+02 2.380e+02))
|        ( QUESTION15 1 4.887e+04 7.237e+02 2.508e+03
|            ( - 2.683e+04 14 0 QUESTION14 -1 4.888e+02 1.399e+03)
|            ( WDBNDRY_E 0 2.132e+04 5.089e+02 1.109e+03
|                ( - 1.370e+04 11 0 QUESTION11 -1 4.661e+02 7.266e+02)
|                ( - 7.114e+03 3 0 QUESTION0_15_R 1 3.796e+02 3.828e+02))))
|    ( WDBNDRY_E 0 3.162e+04 6.430e+02 1.604e+03
|        ( QUESTION0_8_R 1 3.043e+04 5.102e+02 1.569e+03
|            ( - 1.562e+04 10 0 QUESTION19 -1 3.871e+02 8.239e+02)
|            ( - 1.430e+04 7 0 QUESTION2_6_L -1 4.573e+02 7.449e+02))
|        ( - 5.507e+02 1 0)))
s>    ( QUESTION0_14_R 1 9.285e+04 1.217e+03 4.653e+03
s>        ( WDBNDRY_B 0 6.001e+04 7.775e+02 3.049e+03
s>            ( QUESTION0_15_R 1 1.036e+04 5.477e+02 5.407e+02
s>                ( - 5.598e+03 3 0 QUESTION1 -1 2.342e+02 3.027e+02)
s>                ( - 4.212e+03 2 0 QUESTION1 -1 1.466e+02 2.380e+02))
s>            ( QUESTION15 1 4.887e+04 7.237e+02 2.508e+03
s>                ( - 2.683e+04 14 0 QUESTION14 -1 4.888e+02 1.399e+03)
s>                ( WDBNDRY_E 0 2.132e+04 5.089e+02 1.109e+03
s>                    ( - 1.370e+04 11 0 QUESTION11 -1 4.661e+02 7.266e+02)
s>                    ( - 7.114e+03 3 0 QUESTION0_15_R 1 3.796e+02 3.828e+02))))
s>        ( WDBNDRY_E 0 3.162e+04 6.430e+02 1.604e+03
s>            ( QUESTION0_8_R 1 3.043e+04 5.102e+02 1.569e+03
s>                ( - 1.562e+04 10 0 QUESTION19 -1 3.871e+02 8.239e+02)
s>                ( - 1.430e+04 7 0 QUESTION2_6_L -1 4.573e+02 7.449e+02))
s>            ( - 5.507e+02 1 0)))INFO: dtree.c(1478): Final simple tree
|( WDBNDRY_E 0 4.227e+04 7.858e+02 2.112e+03
|    ( QUESTION12 -1 2.234e+04 5.303e+02 1.159e+03
|        ( - 9.090e+03 1 0)
|        ( QUESTION14 -1 1.272e+04 3.765e+02 6.541e+02
|            ( - 4.149e+03 3 0)
|            ( QUESTION19 -1 8.197e+03 3.421e+02 4.311e+02
|                ( - 2.403e+03 3 0)
|                ( - 5.452e+03 5 0 QUESTION11 -1 2.731e+02 2.913e+02))))
|    ( QUESTION2_14_L -1 1.914e+04 6.060e+02 9.527e+02
|        ( - 5.089e+03 2 0 QUESTION7 1 2.587e+02 2.784e+02)
|        ( QUESTION2_10_L -1 1.345e+04 5.383e+02 6.744e+02
|            ( - 2.757e+03 2 0 QUESTION8 -1 2.439e+02 1.529e+02)
|            ( QUESTION2_12_L -1 1.015e+04 3.758e+02 5.214e+02
|                ( - 3.054e+03 3 0 QUESTION7 1 1.938e+02 1.673e+02)
|                ( - 6.725e+03 8 0 QUESTION8 1 2.793e+02 3.542e+02)))))
s>    ( WDBNDRY_E 0 4.227e+04 7.858e+02 2.112e+03
s>        ( QUESTION12 -1 2.234e+04 5.303e+02 1.159e+03
s>            ( - 9.090e+03 1 0)
s>            ( QUESTION14 -1 1.272e+04 3.765e+02 6.541e+02
s>                ( - 4.149e+03 3 0)
s>                ( QUESTION19 -1 8.197e+03 3.421e+02 4.311e+02
s>                    ( - 2.403e+03 3 0)
s>                    ( - 5.452e+03 5 0 QUESTION11 -1 2.731e+02 2.913e+02))))
s>        ( QUESTION2_14_L -1 1.914e+04 6.060e+02 9.527e+02
s>            ( - 5.089e+03 2 0 QUESTION7 1 2.587e+02 2.784e+02)
s>            ( QUESTION2_10_L -1 1.345e+04 5.383e+02 6.744e+02
s>                ( - 2.757e+03 2 0 QUESTION8 -1 2.439e+02 1.529e+02)
s>                ( QUESTION2_12_L -1 1.015e+04 3.758e+02 5.214e+02
s>                    ( - 3.054e+03 3 0 QUESTION7 1 1.938e+02 1.673e+02)
s>                    ( - 6.725e+03 8 0 QUESTION8 1 2.793e+02 3.542e+02)))))INFO: dtree.c(1315): Comp split 6
INFO: dtree.c(1478): Final simple tree
|( QUESTION2_0_L -1 4.465e+04 6.555e+02 2.295e+03
|    ( QUESTION6 -1 1.733e+04 4.155e+02 9.180e+02
|        ( QUESTION0_9_R 1 1.316e+04 3.671e+02 7.043e+02
|            ( - 4.939e+03 1 0)
|            ( - 7.853e+03 6 0 QUESTION0_0_R 1 2.872e+02 4.151e+02))
|        ( - 3.757e+03 2 0 QUESTION0_7_R 1 2.423e+02 2.138e+02))
|    ( QUESTION11 -1 2.666e+04 4.650e+02 1.377e+03
|        ( QUESTION0_14_R 1 1.175e+04 4.361e+02 6.063e+02
|            ( - 4.612e+03 4 0 QUESTION12 -1 2.446e+02 2.524e+02)
|            ( - 6.698e+03 5 0 QUESTION12 -1 2.881e+02 3.539e+02))
|        ( QUESTION16 -1 1.445e+04 3.782e+02 7.710e+02
|            ( - 4.237e+03 3 0 QUESTION7 1 2.370e+02 2.298e+02)
|            ( QUESTION9 -1 9.839e+03 3.340e+02 5.412e+02
|                ( - 5.192e+03 3 0 QUESTION0_18_R 1 2.138e+02 3.098e+02)
|                ( - 4.313e+03 4 0 QUESTION0_7_R 1 2.684e+02 2.315e+02)))))
s>    ( QUESTION2_0_L -1 4.465e+04 6.555e+02 2.295e+03
s>        ( QUESTION6 -1 1.733e+04 4.155e+02 9.180e+02
s>            ( QUESTION0_9_R 1 1.316e+04 3.671e+02 7.043e+02
s>                ( - 4.939e+03 1 0)
s>                ( - 7.853e+03 6 0 QUESTION0_0_R 1 2.872e+02 4.151e+02))
s>            ( - 3.757e+03 2 0 QUESTION0_7_R 1 2.423e+02 2.138e+02))
s>        ( QUESTION11 -1 2.666e+04 4.650e+02 1.377e+03
s>            ( QUESTION0_14_R 1 1.175e+04 4.361e+02 6.063e+02
s>                ( - 4.612e+03 4 0 QUESTION12 -1 2.446e+02 2.524e+02)
s>                ( - 6.698e+03 5 0 QUESTION12 -1 2.881e+02 3.539e+02))
s>            ( QUESTION16 -1 1.445e+04 3.782e+02 7.710e+02
s>                ( - 4.237e+03 3 0 QUESTION7 1 2.370e+02 2.298e+02)
s>                ( QUESTION9 -1 9.839e+03 3.340e+02 5.412e+02
s>                    ( - 5.192e+03 3 0 QUESTION0_18_R 1 2.138e+02 3.098e+02)
s>                    ( - 4.313e+03 4 0 QUESTION0_7_R 1 2.684e+02 2.315e+02)))))INFO: dtree.c(1478): Final simple tree
|( QUESTION0 -1 4.679e+04 8.559e+02 2.358e+03
|    ( QUESTION2_1_L -1 1.320e+04 5.181e+02 6.827e+02
|        ( - 5.477e+03 3 0 WDBNDRY_B 0 2.895e+02 3.031e+02)
|        ( WDBNDRY_B 0 7.210e+03 3.987e+02 3.796e+02
|            ( - 4.715e+03 2 0 QUESTION1 -1 2.168e+02 2.588e+02)
|            ( - 2.096e+03 1 0)))
|    ( QUESTION0_16_R 1 3.273e+04 6.693e+02 1.675e+03
|        ( QUESTION10 -1 2.197e+04 4.635e+02 1.168e+03
|            ( - 9.798e+03 4 0 QUESTION11 -1 2.913e+02 5.328e+02)
|            ( QUESTION2_1_L -1 1.170e+04 3.087e+02 6.357e+02
|                ( - 3.322e+03 2 0 WDBNDRY_E 0 1.591e+02 1.880e+02)
|                ( - 8.074e+03 2 0 QUESTION6 1 2.853e+02 4.477e+02)))
|        ( QUESTION0_7_R 1 1.010e+04 5.345e+02 5.064e+02
|            ( - 5.507e+02 1 0)
|            ( - 9.014e+03 8 0 QUESTION6 -1 3.034e+02 4.713e+02))))
s>    ( QUESTION0 -1 4.679e+04 8.559e+02 2.358e+03
s>        ( QUESTION2_1_L -1 1.320e+04 5.181e+02 6.827e+02
s>            ( - 5.477e+03 3 0 WDBNDRY_B 0 2.895e+02 3.031e+02)
s>            ( WDBNDRY_B 0 7.210e+03 3.987e+02 3.796e+02
s>                ( - 4.715e+03 2 0 QUESTION1 -1 2.168e+02 2.588e+02)
s>                ( - 2.096e+03 1 0)))
s>        ( QUESTION0_16_R 1 3.273e+04 6.693e+02 1.675e+03
s>            ( QUESTION10 -1 2.197e+04 4.635e+02 1.168e+03
s>                ( - 9.798e+03 4 0 QUESTION11 -1 2.913e+02 5.328e+02)
s>                ( QUESTION2_1_L -1 1.170e+04 3.087e+02 6.357e+02
s>                    ( - 3.322e+03 2 0 WDBNDRY_E 0 1.591e+02 1.880e+02)
s>                    ( - 8.074e+03 2 0 QUESTION6 1 2.853e+02 4.477e+02)))
s>            ( QUESTION0_7_R 1 1.010e+04 5.345e+02 5.064e+02
s>                ( - 5.507e+02 1 0)
s>                ( - 9.014e+03 8 0 QUESTION6 -1 3.034e+02 4.713e+02))))INFO: dtree.c(1315): Comp split 7
INFO: dtree.c(1478): Final simple tree
|( QUESTION15 -1 1.594e+04 7.031e+02 8.124e+02
|    ( QUESTION0_15_R 1 1.222e+04 4.790e+02 6.593e+02
|        ( - 6.296e+03 2 0)
|        ( QUESTION0_20_R 1 5.442e+03 2.828e+02 3.150e+02
|            ( - 2.075e+03 1 0)
|            ( QUESTION0_19_R 1 3.085e+03 2.175e+02 1.795e+02
|                ( - 1.559e+03 2 0 WDBNDRY_E 0 1.165e+02 1.032e+02)
|                ( WDBNDRY_E 0 1.308e+03 1.428e+02 7.632e+01
|                    ( - 8.051e+02 1 0)
|                    ( - 3.606e+02 1 0)))))
|    ( QUESTION0_19_R 1 3.019e+03 2.826e+02 1.531e+02
|        ( - 6.765e+02 1 0)
|        ( QUESTION9 -1 2.060e+03 1.915e+02 1.145e+02
|            ( - 1.170e+03 1 0)
|            ( - 6.991e+02 2 0 QUESTION0 -1 1.106e+02 4.079e+01))))
s>    ( QUESTION15 -1 1.594e+04 7.031e+02 8.124e+02
s>        ( QUESTION0_15_R 1 1.222e+04 4.790e+02 6.593e+02
s>            ( - 6.296e+03 2 0)
s>            ( QUESTION0_20_R 1 5.442e+03 2.828e+02 3.150e+02
s>                ( - 2.075e+03 1 0)
s>                ( QUESTION0_19_R 1 3.085e+03 2.175e+02 1.795e+02
s>                    ( - 1.559e+03 2 0 WDBNDRY_E 0 1.165e+02 1.032e+02)
s>                    ( WDBNDRY_E 0 1.308e+03 1.428e+02 7.632e+01
s>                        ( - 8.051e+02 1 0)
s>                        ( - 3.606e+02 1 0)))))
s>        ( QUESTION0_19_R 1 3.019e+03 2.826e+02 1.531e+02
s>            ( - 6.765e+02 1 0)
s>            ( QUESTION9 -1 2.060e+03 1.915e+02 1.145e+02
s>                ( - 1.170e+03 1 0)
s>                ( - 6.991e+02 2 0 QUESTION0 -1 1.106e+02 4.079e+01))))INFO: dtree.c(1439): stop. leaf nodes are specific
INFO: dtree.c(1478): Final simple tree
|( QUESTION0_15_R 1 1.987e+04 6.514e+02 1.074e+03
|    ( WDBNDRY_B 0 1.100e+04 6.076e+02 6.032e+02
|        ( QUESTION2_0_L -1 3.427e+03 2.023e+02 1.827e+02
|            ( - 9.941e+02 1 0)
|            ( - 2.231e+03 2 0))
|        ( - 6.969e+03 1 0))
|    ( WDBNDRY_E 0 8.216e+03 4.220e+02 4.704e+02
|        ( - 1.073e+03 1 0)
|        ( - 6.721e+03 1 0)))
s>    ( QUESTION0_15_R 1 1.987e+04 6.514e+02 1.074e+03
s>        ( WDBNDRY_B 0 1.100e+04 6.076e+02 6.032e+02
s>            ( QUESTION2_0_L -1 3.427e+03 2.023e+02 1.827e+02
s>                ( - 9.941e+02 1 0)
s>                ( - 2.231e+03 2 0))
s>            ( - 6.969e+03 1 0))
s>        ( WDBNDRY_E 0 8.216e+03 4.220e+02 4.704e+02
s>            ( - 1.073e+03 1 0)
s>            ( - 6.721e+03 1 0)))INFO: dtree.c(1315): Comp split 8
INFO: dtree.c(1439): stop. leaf nodes are specific
INFO: dtree.c(1478): Final simple tree
|( QUESTION2_1_L -1 1.752e+04 4.099e+02 9.073e+02
|    ( - 9.673e+03 1 0)
|    ( QUESTION11 -1 7.439e+03 3.493e+02 3.957e+02
|        ( - 1.754e+03 1 0)
|        ( QUESTION10 -1 5.335e+03 2.328e+02 2.932e+02
|            ( - 4.344e+03 1 0)
|            ( - 7.585e+02 1 0))))
s>    ( QUESTION2_1_L -1 1.752e+04 4.099e+02 9.073e+02
s>        ( - 9.673e+03 1 0)
s>        ( QUESTION11 -1 7.439e+03 3.493e+02 3.957e+02
s>            ( - 1.754e+03 1 0)
s>            ( QUESTION10 -1 5.335e+03 2.328e+02 2.932e+02
s>                ( - 4.344e+03 1 0)
s>                ( - 7.585e+02 1 0))))INFO: dtree.c(1315): Comp split 9
INFO: dtree.c(1478): Final simple tree
|( QUESTION0_15_R 1 3.153e+04 5.509e+02 1.640e+03
|    ( QUESTION6 -1 9.014e+03 3.034e+02 4.713e+02
|        ( QUESTION2_12_L -1 6.541e+03 2.499e+02 3.464e+02
|            ( - 2.953e+03 3 0 QUESTION7 -1 2.081e+02 1.622e+02)
|            ( - 3.338e+03 4 0 QUESTION2_6_L -1 2.139e+02 1.842e+02))
|        ( - 2.169e+03 1 0))
|    ( QUESTION10 -1 2.197e+04 4.635e+02 1.168e+03
|        ( QUESTION11 -1 9.798e+03 2.913e+02 5.328e+02
|            ( - 8.063e+03 2 0)
|            ( - 1.443e+03 2 0))
|        ( QUESTION2_1_L -1 1.170e+04 3.087e+02 6.357e+02
|            ( - 3.322e+03 2 0 WDBNDRY_E 0 1.591e+02 1.880e+02)
|            ( QUESTION6 1 8.074e+03 2.853e+02 4.477e+02
|                ( - 3.596e+03 1 0)
|                ( - 4.193e+03 1 0)))))
s>    ( QUESTION0_15_R 1 3.153e+04 5.509e+02 1.640e+03
s>        ( QUESTION6 -1 9.014e+03 3.034e+02 4.713e+02
s>            ( QUESTION2_12_L -1 6.541e+03 2.499e+02 3.464e+02
s>                ( - 2.953e+03 3 0 QUESTION7 -1 2.081e+02 1.622e+02)
s>                ( - 3.338e+03 4 0 QUESTION2_6_L -1 2.139e+02 1.842e+02))
s>            ( - 2.169e+03 1 0))
s>        ( QUESTION10 -1 2.197e+04 4.635e+02 1.168e+03
s>            ( QUESTION11 -1 9.798e+03 2.913e+02 5.328e+02
s>                ( - 8.063e+03 2 0)
s>                ( - 1.443e+03 2 0))
s>            ( QUESTION2_1_L -1 1.170e+04 3.087e+02 6.357e+02
s>                ( - 3.322e+03 2 0 WDBNDRY_E 0 1.591e+02 1.880e+02)
s>                ( QUESTION6 1 8.074e+03 2.853e+02 4.477e+02
s>                    ( - 3.596e+03 1 0)
s>                    ( - 4.193e+03 1 0)))))INFO: dtree.c(1439): stop. leaf nodes are specific
INFO: dtree.c(1478): Final simple tree
|( QUESTION0_15_R 1 1.428e+04 5.702e+02 7.178e+02
|    ( WDBNDRY_B 0 5.979e+03 2.890e+02 3.240e+02
|        ( QUESTION1 -1 4.715e+03 2.168e+02 2.588e+02
|            ( - 1.324e+03 1 0)
|            ( - 3.174e+03 1 0))
|        ( - 9.750e+02 1 0))
|    ( WDBNDRY_B 0 7.728e+03 4.928e+02 3.938e+02
|        ( QUESTION1 -1 4.212e+03 1.466e+02 2.380e+02
|            ( - 3.722e+03 1 0)
|            ( - 3.433e+02 1 0))
|        ( QUESTION0_7_R 1 3.023e+03 3.764e+02 1.558e+02
|            ( - 5.507e+02 1 0)
|            ( - 2.096e+03 1 0))))
s>    ( QUESTION0_15_R 1 1.428e+04 5.702e+02 7.178e+02
s>        ( WDBNDRY_B 0 5.979e+03 2.890e+02 3.240e+02
s>            ( QUESTION1 -1 4.715e+03 2.168e+02 2.588e+02
s>                ( - 1.324e+03 1 0)
s>                ( - 3.174e+03 1 0))
s>            ( - 9.750e+02 1 0))
s>        ( WDBNDRY_B 0 7.728e+03 4.928e+02 3.938e+02
s>            ( QUESTION1 -1 4.212e+03 1.466e+02 2.380e+02
s>                ( - 3.722e+03 1 0)
s>                ( - 3.433e+02 1 0))
s>            ( QUESTION0_7_R 1 3.023e+03 3.764e+02 1.558e+02
s>                ( - 5.507e+02 1 0)
s>                ( - 2.096e+03 1 0))))INFO: dtree.c(1315): Comp split 10
INFO: dtree.c(1478): Final simple tree
|( WDBNDRY_E 0 1.473e+04 4.238e+02 7.445e+02
|    ( - 4.149e+03 3 0)
|    ( QUESTION2_12_L -1 1.015e+04 3.758e+02 5.214e+02
|        ( QUESTION7 1 3.054e+03 1.938e+02 1.673e+02
|            ( - 1.056e+03 2 0)
|            ( - 1.804e+03 1 0))
|        ( QUESTION8 1 6.725e+03 2.793e+02 3.542e+02
|            ( QUESTION2_1_L -1 4.133e+03 2.467e+02 2.244e+02
|                ( - 7.978e+02 1 0)
|                ( QUESTION6 -1 3.088e+03 1.701e+02 1.726e+02
|                    ( - 1.470e+03 2 0 QUESTION10 -1 1.346e+02 8.974e+01)
|                    ( - 1.448e+03 1 0)))
|            ( QUESTION7 1 2.313e+03 1.438e+02 1.298e+02
|                ( - 5.640e+02 1 0)
|                ( - 1.605e+03 3 0 QUESTION6 -1 1.246e+02 9.256e+01)))))
s>    ( WDBNDRY_E 0 1.473e+04 4.238e+02 7.445e+02
s>        ( - 4.149e+03 3 0)
s>        ( QUESTION2_12_L -1 1.015e+04 3.758e+02 5.214e+02
s>            ( QUESTION7 1 3.054e+03 1.938e+02 1.673e+02
s>                ( - 1.056e+03 2 0)
s>                ( - 1.804e+03 1 0))
s>            ( QUESTION8 1 6.725e+03 2.793e+02 3.542e+02
s>                ( QUESTION2_1_L -1 4.133e+03 2.467e+02 2.244e+02
s>                    ( - 7.978e+02 1 0)
s>                    ( QUESTION6 -1 3.088e+03 1.701e+02 1.726e+02
s>                        ( - 1.470e+03 2 0 QUESTION10 -1 1.346e+02 8.974e+01)
s>                        ( - 1.448e+03 1 0)))
s>                ( QUESTION7 1 2.313e+03 1.438e+02 1.298e+02
s>                    ( - 5.640e+02 1 0)
s>                    ( - 1.605e+03 3 0 QUESTION6 -1 1.246e+02 9.256e+01)))))INFO: dtree.c(1478): Final simple tree
|( QUESTION19 -1 2.665e+04 6.526e+02 1.367e+03
|    ( WDBNDRY_E 0 7.758e+03 2.669e+02 4.181e+02
|        ( - 2.403e+03 3 0)
|        ( QUESTION7 1 5.089e+03 2.587e+02 2.784e+02
|            ( - 3.698e+03 1 0)
|            ( - 1.131e+03 1 0)))
|    ( WDBNDRY_E 0 1.824e+04 5.429e+02 9.491e+02
|        ( QUESTION12 -1 1.494e+04 3.992e+02 7.962e+02
|            ( - 9.090e+03 1 0)
|            ( QUESTION11 -1 5.452e+03 2.731e+02 2.913e+02
|                ( - 1.166e+03 1 0)
|                ( - 4.013e+03 4 0 QUESTION9 -1 2.097e+02 2.218e+02)))
|        ( QUESTION8 -1 2.757e+03 2.439e+02 1.529e+02
|            ( - 1.845e+03 1 0)
|            ( - 6.682e+02 1 0))))
s>    ( QUESTION19 -1 2.665e+04 6.526e+02 1.367e+03
s>        ( WDBNDRY_E 0 7.758e+03 2.669e+02 4.181e+02
s>            ( - 2.403e+03 3 0)
s>            ( QUESTION7 1 5.089e+03 2.587e+02 2.784e+02
s>                ( - 3.698e+03 1 0)
s>                ( - 1.131e+03 1 0)))
s>        ( WDBNDRY_E 0 1.824e+04 5.429e+02 9.491e+02
s>            ( QUESTION12 -1 1.494e+04 3.992e+02 7.962e+02
s>                ( - 9.090e+03 1 0)
s>                ( QUESTION11 -1 5.452e+03 2.731e+02 2.913e+02
s>                    ( - 1.166e+03 1 0)
s>                    ( - 4.013e+03 4 0 QUESTION9 -1 2.097e+02 2.218e+02)))
s>            ( QUESTION8 -1 2.757e+03 2.439e+02 1.529e+02
s>                ( - 1.845e+03 1 0)
s>                ( - 6.682e+02 1 0))))INFO: dtree.c(1315): Comp split 11
INFO: dtree.c(1478): Final simple tree
|( QUESTION2_6_L -1 1.121e+04 5.302e+02 6.338e+02
|    ( - 4.246e+03 1 0)
|    ( QUESTION2_9_L -1 6.429e+03 3.382e+02 3.475e+02
|        ( QUESTION9 -1 2.853e+03 3.102e+02 1.591e+02
|            ( WDBNDRY_E 0 1.736e+03 1.902e+02 1.086e+02
|                ( - 4.695e+02 1 0)
|                ( QUESTION11 -1 1.077e+03 1.041e+02 7.663e+01
|                    ( - 3.476e+02 1 0)
|                    ( - 6.250e+02 1 0)))
|            ( QUESTION0_0_R 1 8.063e+02 1.216e+02 5.057e+01
|                ( - 2.796e+02 1 0)
|                ( - 4.051e+02 1 0)))
|        ( WDBNDRY_E 0 3.238e+03 2.373e+02 1.883e+02
|            ( - 9.350e+02 1 0)
|            ( - 2.066e+03 1 0))))
s>    ( QUESTION2_6_L -1 1.121e+04 5.302e+02 6.338e+02
s>        ( - 4.246e+03 1 0)
s>        ( QUESTION2_9_L -1 6.429e+03 3.382e+02 3.475e+02
s>            ( QUESTION9 -1 2.853e+03 3.102e+02 1.591e+02
s>                ( WDBNDRY_E 0 1.736e+03 1.902e+02 1.086e+02
s>                    ( - 4.695e+02 1 0)
s>                    ( QUESTION11 -1 1.077e+03 1.041e+02 7.663e+01
s>                        ( - 3.476e+02 1 0)
s>                        ( - 6.250e+02 1 0)))
s>                ( QUESTION0_0_R 1 8.063e+02 1.216e+02 5.057e+01
s>                    ( - 2.796e+02 1 0)
s>                    ( - 4.051e+02 1 0)))
s>            ( WDBNDRY_E 0 3.238e+03 2.373e+02 1.883e+02
s>                ( - 9.350e+02 1 0)
s>                ( - 2.066e+03 1 0))))INFO: dtree.c(1439): stop. leaf nodes are specific
INFO: dtree.c(1478): Final simple tree
|( QUESTION11 -1 1.491e+04 6.308e+02 8.884e+02
|    ( - 9.278e+03 1 0)
|    ( WDBNDRY_E 0 5.005e+03 2.715e+02 2.836e+02
|        ( QUESTION10 -1 3.924e+03 1.853e+02 2.286e+02
|            ( - 6.053e+02 1 0)
|            ( - 3.133e+03 1 0))
|        ( - 8.100e+02 1 0)))
s>    ( QUESTION11 -1 1.491e+04 6.308e+02 8.884e+02
s>        ( - 9.278e+03 1 0)
s>        ( WDBNDRY_E 0 5.005e+03 2.715e+02 2.836e+02
s>            ( QUESTION10 -1 3.924e+03 1.853e+02 2.286e+02
s>                ( - 6.053e+02 1 0)
s>                ( - 3.133e+03 1 0))
s>            ( - 8.100e+02 1 0)))INFO: dtree.c(1315): Comp split 12
INFO: dtree.c(1439): stop. leaf nodes are specific
INFO: dtree.c(1478): Final simple tree
|( QUESTION16 -1 7.447e+03 3.616e+02 3.810e+02
|    ( - 2.897e+03 1 0)
|    ( QUESTION6 -1 4.188e+03 2.673e+02 2.202e+02
|        ( WDBNDRY_E 0 2.520e+03 1.852e+02 1.410e+02
|            ( - 1.916e+03 1 0)
|            ( - 4.185e+02 1 0))
|        ( WDBNDRY_E 0 1.401e+03 1.455e+02 7.927e+01
|            ( - 6.268e+02 1 0)
|            ( - 6.291e+02 1 0))))
s>    ( QUESTION16 -1 7.447e+03 3.616e+02 3.810e+02
s>        ( - 2.897e+03 1 0)
s>        ( QUESTION6 -1 4.188e+03 2.673e+02 2.202e+02
s>            ( WDBNDRY_E 0 2.520e+03 1.852e+02 1.410e+02
s>                ( - 1.916e+03 1 0)
s>                ( - 4.185e+02 1 0))
s>            ( WDBNDRY_E 0 1.401e+03 1.455e+02 7.927e+01
s>                ( - 6.268e+02 1 0)
s>                ( - 6.291e+02 1 0))))INFO: dtree.c(1439): stop. leaf nodes are specific
INFO: dtree.c(1478): Final simple tree
|( WDBNDRY_E 0 1.555e+04 5.701e+02 7.955e+02
|    ( - 1.257e+04 1 0)
|    ( - 2.413e+03 1 0))
s>    ( WDBNDRY_E 0 1.555e+04 5.701e+02 7.955e+02
s>        ( - 1.257e+04 1 0)
s>        ( - 2.413e+03 1 0))INFO: dtree.c(1315): Comp split 13
INFO: dtree.c(1439): stop. leaf nodes are specific
INFO: dtree.c(1478): Final simple tree
|( WDBNDRY_B 0 1.235e+04 6.101e+02 6.792e+02
|    ( QUESTION2_0_L -1 3.427e+03 2.023e+02 1.827e+02
|        ( - 9.941e+02 1 0)
|        ( - 2.231e+03 2 0))
|    ( WDBNDRY_E 0 8.309e+03 2.666e+02 4.965e+02
|        ( - 1.073e+03 1 0)
|        ( - 6.969e+03 1 0)))
s>    ( WDBNDRY_B 0 1.235e+04 6.101e+02 6.792e+02
s>        ( QUESTION2_0_L -1 3.427e+03 2.023e+02 1.827e+02
s>            ( - 9.941e+02 1 0)
s>            ( - 2.231e+03 2 0))
s>        ( WDBNDRY_E 0 8.309e+03 2.666e+02 4.965e+02
s>            ( - 1.073e+03 1 0)
s>            ( - 6.969e+03 1 0)))INFO: dtree.c(1315): Comp split 14
INFO: dtree.c(1439): stop. leaf nodes are specific
INFO: dtree.c(1478): Final simple tree
|( QUESTION0_19_R 1 3.535e+03 2.936e+02 1.779e+02
|    ( - 6.765e+02 1 0)
|    ( QUESTION9 -1 2.565e+03 2.232e+02 1.393e+02
|        ( - 1.170e+03 1 0)
|        ( QUESTION0 -1 1.172e+03 1.260e+02 6.560e+01
|            ( - 3.129e+02 1 0)
|            ( QUESTION6 -1 7.331e+02 9.686e+01 4.382e+01
|                ( - 2.757e+02 1 0)
|                ( - 3.606e+02 1 0)))))
s>    ( QUESTION0_19_R 1 3.535e+03 2.936e+02 1.779e+02
s>        ( - 6.765e+02 1 0)
s>        ( QUESTION9 -1 2.565e+03 2.232e+02 1.393e+02
s>            ( - 1.170e+03 1 0)
s>            ( QUESTION0 -1 1.172e+03 1.260e+02 6.560e+01
s>                ( - 3.129e+02 1 0)
s>                ( QUESTION6 -1 7.331e+02 9.686e+01 4.382e+01
s>                    ( - 2.757e+02 1 0)
s>                    ( - 3.606e+02 1 0)))))INFO: dtree.c(1439): stop. leaf nodes are specific
INFO: dtree.c(1478): Final simple tree
|( QUESTION0_15_R 1 1.169e+04 4.935e+02 6.345e+02
|    ( - 6.296e+03 2 0)
|    ( QUESTION0_20_R 1 4.896e+03 2.759e+02 2.902e+02
|        ( - 2.075e+03 1 0)
|        ( QUESTION0_0_R 1 2.545e+03 1.814e+02 1.547e+02
|            ( - 8.051e+02 1 0)
|            ( WDBNDRY_E 0 1.559e+03 1.165e+02 1.032e+02
|                ( - 8.176e+02 1 0)
|                ( - 6.246e+02 1 0)))))
s>    ( QUESTION0_15_R 1 1.169e+04 4.935e+02 6.345e+02
s>        ( - 6.296e+03 2 0)
s>        ( QUESTION0_20_R 1 4.896e+03 2.759e+02 2.902e+02
s>            ( - 2.075e+03 1 0)
s>            ( QUESTION0_0_R 1 2.545e+03 1.814e+02 1.547e+02
s>                ( - 8.051e+02 1 0)
s>                ( WDBNDRY_E 0 1.559e+03 1.165e+02 1.032e+02
s>                    ( - 8.176e+02 1 0)
s>                    ( - 6.246e+02 1 0)))))INFO: dtree.c(1315): Comp split 15
INFO: dtree.c(1439): stop. leaf nodes are specific
INFO: dtree.c(1478): Final simple tree
|( WDBNDRY_E 0 9.191e+03 2.984e+02 4.877e+02
|    ( QUESTION6 -1 3.804e+03 2.353e+02 2.093e+02
|        ( - 1.166e+03 1 0)
|        ( - 2.403e+03 3 0))
|    ( QUESTION7 1 5.089e+03 2.587e+02 2.784e+02
|        ( - 3.698e+03 1 0)
|        ( - 1.131e+03 1 0)))
s>    ( WDBNDRY_E 0 9.191e+03 2.984e+02 4.877e+02
s>        ( QUESTION6 -1 3.804e+03 2.353e+02 2.093e+02
s>            ( - 1.166e+03 1 0)
s>            ( - 2.403e+03 3 0))
s>        ( QUESTION7 1 5.089e+03 2.587e+02 2.784e+02
s>            ( - 3.698e+03 1 0)
s>            ( - 1.131e+03 1 0)))INFO: dtree.c(1439): stop. leaf nodes are specific
INFO: dtree.c(1478): Final simple tree
|( WDBNDRY_E 0 1.678e+04 5.428e+02 8.796e+02
|    ( QUESTION11 -1 1.348e+04 3.769e+02 7.267e+02
|        ( - 9.090e+03 1 0)
|        ( QUESTION9 -1 4.013e+03 2.097e+02 2.218e+02
|            ( - 2.078e+03 2 0)
|            ( QUESTION6 -1 1.726e+03 1.666e+02 9.965e+01
|                ( - 6.888e+02 1 0)
|                ( - 8.703e+02 1 0))))
|    ( QUESTION8 -1 2.757e+03 2.439e+02 1.529e+02
|        ( - 1.845e+03 1 0)
|        ( - 6.682e+02 1 0)))
s>    ( WDBNDRY_E 0 1.678e+04 5.428e+02 8.796e+02
s>        ( QUESTION11 -1 1.348e+04 3.769e+02 7.267e+02
s>            ( - 9.090e+03 1 0)
s>            ( QUESTION9 -1 4.013e+03 2.097e+02 2.218e+02
s>                ( - 2.078e+03 2 0)
s>                ( QUESTION6 -1 1.726e+03 1.666e+02 9.965e+01
s>                    ( - 6.888e+02 1 0)
s>                    ( - 8.703e+02 1 0))))
s>        ( QUESTION8 -1 2.757e+03 2.439e+02 1.529e+02
s>            ( - 1.845e+03 1 0)
s>            ( - 6.682e+02 1 0)))INFO: dtree.c(1315): Comp split 16
INFO: dtree.c(1478): Final simple tree
|( QUESTION14 -1 2.296e+04 4.496e+02 1.228e+03
|    ( QUESTION0_9_R 1 1.316e+04 3.671e+02 7.043e+02
|        ( - 4.939e+03 1 0)
|        ( QUESTION0_0_R 1 7.853e+03 2.872e+02 4.151e+02
|            ( QUESTION3 1 3.088e+03 2.599e+02 1.675e+02
|                ( - 8.778e+02 1 0)
|                ( - 1.950e+03 1 0))
|            ( - 4.478e+03 4 0 QUESTION0_7_R 1 1.903e+02 2.477e+02)))
|    ( QUESTION6 -1 9.353e+03 4.046e+02 5.235e+02
|        ( QUESTION0_18_R 1 5.192e+03 2.138e+02 3.098e+02
|            ( - 7.786e+02 1 0)
|            ( - 4.199e+03 2 0 QUESTION0_7_R 1 1.981e+02 2.520e+02))
|        ( QUESTION0_7_R 1 3.757e+03 2.423e+02 2.138e+02
|            ( - 2.941e+03 1 0)
|            ( - 5.740e+02 1 0))))
s>    ( QUESTION14 -1 2.296e+04 4.496e+02 1.228e+03
s>        ( QUESTION0_9_R 1 1.316e+04 3.671e+02 7.043e+02
s>            ( - 4.939e+03 1 0)
s>            ( QUESTION0_0_R 1 7.853e+03 2.872e+02 4.151e+02
s>                ( QUESTION3 1 3.088e+03 2.599e+02 1.675e+02
s>                    ( - 8.778e+02 1 0)
s>                    ( - 1.950e+03 1 0))
s>                ( - 4.478e+03 4 0 QUESTION0_7_R 1 1.903e+02 2.477e+02)))
s>        ( QUESTION6 -1 9.353e+03 4.046e+02 5.235e+02
s>            ( QUESTION0_18_R 1 5.192e+03 2.138e+02 3.098e+02
s>                ( - 7.786e+02 1 0)
s>                ( - 4.199e+03 2 0 QUESTION0_7_R 1 1.981e+02 2.520e+02))
s>            ( QUESTION0_7_R 1 3.757e+03 2.423e+02 2.138e+02
s>                ( - 2.941e+03 1 0)
s>                ( - 5.740e+02 1 0))))INFO: dtree.c(1478): Final simple tree
|( QUESTION0 1 2.102e+04 3.958e+02 1.068e+03
|    ( QUESTION12 -1 5.935e+03 3.544e+02 3.105e+02
|        ( - 2.790e+03 3 0 QUESTION0_0_R 1 2.057e+02 1.579e+02)
|        ( - 2.790e+03 2 0 QUESTION0_0_R 1 2.093e+02 1.527e+02))
|    ( QUESTION7 1 1.468e+04 3.555e+02 7.571e+02
|        ( QUESTION19 -1 5.027e+03 2.508e+02 2.757e+02
|            ( - 6.455e+02 1 0)
|            ( - 4.131e+03 2 0 QUESTION6 -1 2.110e+02 2.327e+02))
|        ( QUESTION9 -1 9.302e+03 3.412e+02 4.814e+02
|            ( QUESTION12 -1 5.253e+03 2.418e+02 2.820e+02
|                ( - 1.176e+03 1 0)
|                ( - 3.836e+03 3 0 QUESTION0_16_R 1 2.253e+02 2.118e+02))
|            ( QUESTION0_7_R 1 3.707e+03 2.419e+02 1.993e+02
|                ( - 1.576e+03 2 0 QUESTION16 -1 1.919e+02 9.025e+01)
|                ( - 1.889e+03 2 0 QUESTION0_15_R 1 1.556e+02 1.091e+02)))))
s>    ( QUESTION0 1 2.102e+04 3.958e+02 1.068e+03
s>        ( QUESTION12 -1 5.935e+03 3.544e+02 3.105e+02
s>            ( - 2.790e+03 3 0 QUESTION0_0_R 1 2.057e+02 1.579e+02)
s>            ( - 2.790e+03 2 0 QUESTION0_0_R 1 2.093e+02 1.527e+02))
s>        ( QUESTION7 1 1.468e+04 3.555e+02 7.571e+02
s>            ( QUESTION19 -1 5.027e+03 2.508e+02 2.757e+02
s>                ( - 6.455e+02 1 0)
s>                ( - 4.131e+03 2 0 QUESTION6 -1 2.110e+02 2.327e+02))
s>            ( QUESTION9 -1 9.302e+03 3.412e+02 4.814e+02
s>                ( QUESTION12 -1 5.253e+03 2.418e+02 2.820e+02
s>                    ( - 1.176e+03 1 0)
s>                    ( - 3.836e+03 3 0 QUESTION0_16_R 1 2.253e+02 2.118e+02))
s>                ( QUESTION0_7_R 1 3.707e+03 2.419e+02 1.993e+02
s>                    ( - 1.576e+03 2 0 QUESTION16 -1 1.919e+02 9.025e+01)
s>                    ( - 1.889e+03 2 0 QUESTION0_15_R 1 1.556e+02 1.091e+02)))))INFO: dtree.c(1315): Comp split 17
INFO: dtree.c(1439): stop. leaf nodes are specific
INFO: dtree.c(1478): Final simple tree
|( WDBNDRY_E 0 5.005e+03 2.715e+02 2.836e+02
|    ( QUESTION10 -1 3.924e+03 1.853e+02 2.286e+02
|        ( - 6.053e+02 1 0)
|        ( - 3.133e+03 1 0))
|    ( - 8.100e+02 1 0))
s>    ( WDBNDRY_E 0 5.005e+03 2.715e+02 2.836e+02
s>        ( QUESTION10 -1 3.924e+03 1.853e+02 2.286e+02
s>            ( - 6.053e+02 1 0)
s>            ( - 3.133e+03 1 0))
s>        ( - 8.100e+02 1 0))INFO: dtree.c(1315): Comp split 18
INFO: dtree.c(1439): stop. leaf nodes are specific
INFO: dtree.c(1478): Final simple tree
|( QUESTION0_15_R 1 8.476e+03 4.002e+02 4.447e+02
|    ( WDBNDRY_B 0 5.979e+03 2.890e+02 3.240e+02
|        ( QUESTION1 -1 4.715e+03 2.168e+02 2.588e+02
|            ( - 1.324e+03 1 0)
|            ( - 3.174e+03 1 0))
|        ( - 9.750e+02 1 0))
|    ( - 2.096e+03 1 0))
s>    ( QUESTION0_15_R 1 8.476e+03 4.002e+02 4.447e+02
s>        ( WDBNDRY_B 0 5.979e+03 2.890e+02 3.240e+02
s>            ( QUESTION1 -1 4.715e+03 2.168e+02 2.588e+02
s>                ( - 1.324e+03 1 0)
s>                ( - 3.174e+03 1 0))
s>            ( - 9.750e+02 1 0))
s>        ( - 2.096e+03 1 0))INFO: dtree.c(1439): stop. leaf nodes are specific
INFO: dtree.c(1478): Final simple tree
|( WDBNDRY_B 0 5.184e+03 4.206e+02 2.731e+02
|    ( QUESTION1 -1 4.212e+03 1.466e+02 2.380e+02
|        ( - 3.722e+03 1 0)
|        ( - 3.433e+02 1 0))
|    ( - 5.507e+02 1 0))
s>    ( WDBNDRY_B 0 5.184e+03 4.206e+02 2.731e+02
s>        ( QUESTION1 -1 4.212e+03 1.466e+02 2.380e+02
s>            ( - 3.722e+03 1 0)
s>            ( - 3.433e+02 1 0))
s>        ( - 5.507e+02 1 0))INFO: dtree.c(1315): Comp split 19
INFO: dtree.c(1439): stop. leaf nodes are specific
INFO: dtree.c(1478): Final simple tree
|( WDBNDRY_E 0 8.309e+03 2.666e+02 4.965e+02
|    ( - 1.073e+03 1 0)
|    ( - 6.969e+03 1 0))
s>    ( WDBNDRY_E 0 8.309e+03 2.666e+02 4.965e+02
s>        ( - 1.073e+03 1 0)
s>        ( - 6.969e+03 1 0))INFO: dtree.c(1439): stop. leaf nodes are specific
INFO: dtree.c(1478): Final simple tree
|( QUESTION2_0_L -1 3.427e+03 2.023e+02 1.827e+02
|    ( - 9.941e+02 1 0)
|    ( - 2.231e+03 2 0))
s>    ( QUESTION2_0_L -1 3.427e+03 2.023e+02 1.827e+02
s>        ( - 9.941e+02 1 0)
s>        ( - 2.231e+03 2 0))INFO: dtree.c(1315): Comp split 20
INFO: dtree.c(1315): Comp split 21
INFO: dtree.c(1439): stop. leaf nodes are specific
INFO: dtree.c(1478): Final simple tree
|( QUESTION10 -1 2.021e+04 4.451e+02 1.084e+03
|    ( - 8.063e+03 2 0)
|    ( QUESTION2_1_L -1 1.170e+04 3.087e+02 6.357e+02
|        ( WDBNDRY_E 0 3.322e+03 1.591e+02 1.880e+02
|            ( - 2.931e+03 1 0)
|            ( - 2.318e+02 1 0))
|        ( QUESTION6 1 8.074e+03 2.853e+02 4.477e+02
|            ( - 3.596e+03 1 0)
|            ( - 4.193e+03 1 0))))
s>    ( QUESTION10 -1 2.021e+04 4.451e+02 1.084e+03
s>        ( - 8.063e+03 2 0)
s>        ( QUESTION2_1_L -1 1.170e+04 3.087e+02 6.357e+02
s>            ( WDBNDRY_E 0 3.322e+03 1.591e+02 1.880e+02
s>                ( - 2.931e+03 1 0)
s>                ( - 2.318e+02 1 0))
s>            ( QUESTION6 1 8.074e+03 2.853e+02 4.477e+02
s>                ( - 3.596e+03 1 0)
s>                ( - 4.193e+03 1 0))))INFO: dtree.c(1478): Final simple tree
|( QUESTION6 1 1.076e+04 3.240e+02 5.561e+02
|    ( QUESTION6 -1 3.139e+03 1.898e+02 1.744e+02
|        ( - 7.800e+02 1 0)
|        ( - 2.169e+03 1 0))
|    ( QUESTION0_15_R 1 7.292e+03 2.776e+02 3.816e+02
|        ( QUESTION2_12_L -1 5.571e+03 2.641e+02 2.969e+02
|            ( WDBNDRY_B 0 1.969e+03 1.733e+02 1.126e+02
|                ( - 6.970e+02 1 0)
|                ( - 1.099e+03 1 0))
|            ( QUESTION2_6_L -1 3.338e+03 2.139e+02 1.842e+02
|                ( - 8.296e+02 1 0)
|                ( QUESTION7 -1 2.294e+03 1.742e+02 1.269e+02
|                    ( - 7.608e+02 1 0)
|                    ( - 1.359e+03 2 0 WDBNDRY_E 0 1.400e+02 7.775e+01))))
|        ( - 1.443e+03 2 0)))
s>    ( QUESTION6 1 1.076e+04 3.240e+02 5.561e+02
s>        ( QUESTION6 -1 3.139e+03 1.898e+02 1.744e+02
s>            ( - 7.800e+02 1 0)
s>            ( - 2.169e+03 1 0))
s>        ( QUESTION0_15_R 1 7.292e+03 2.776e+02 3.816e+02
s>            ( QUESTION2_12_L -1 5.571e+03 2.641e+02 2.969e+02
s>                ( WDBNDRY_B 0 1.969e+03 1.733e+02 1.126e+02
s>                    ( - 6.970e+02 1 0)
s>                    ( - 1.099e+03 1 0))
s>                ( QUESTION2_6_L -1 3.338e+03 2.139e+02 1.842e+02
s>                    ( - 8.296e+02 1 0)
s>                    ( QUESTION7 -1 2.294e+03 1.742e+02 1.269e+02
s>                        ( - 7.608e+02 1 0)
s>                        ( - 1.359e+03 2 0 WDBNDRY_E 0 1.400e+02 7.775e+01))))
s>            ( - 1.443e+03 2 0)))INFO: dtree.c(1315): Comp split 22
INFO: dtree.c(1439): stop. leaf nodes are specific
INFO: dtree.c(1478): Final simple tree
|( QUESTION11 -1 1.348e+04 3.769e+02 7.267e+02
|    ( - 9.090e+03 1 0)
|    ( QUESTION9 -1 4.013e+03 2.097e+02 2.218e+02
|        ( - 2.078e+03 2 0)
|        ( QUESTION6 -1 1.726e+03 1.666e+02 9.965e+01
|            ( - 6.888e+02 1 0)
|            ( - 8.703e+02 1 0))))
s>    ( QUESTION11 -1 1.348e+04 3.769e+02 7.267e+02
s>        ( - 9.090e+03 1 0)
s>        ( QUESTION9 -1 4.013e+03 2.097e+02 2.218e+02
s>            ( - 2.078e+03 2 0)
s>            ( QUESTION6 -1 1.726e+03 1.666e+02 9.965e+01
s>                ( - 6.888e+02 1 0)
s>                ( - 8.703e+02 1 0))))INFO: dtree.c(1439): stop. leaf nodes are specific
INFO: dtree.c(1478): Final simple tree
|( QUESTION8 -1 2.757e+03 2.439e+02 1.529e+02
|    ( - 1.845e+03 1 0)
|    ( - 6.682e+02 1 0))
s>    ( QUESTION8 -1 2.757e+03 2.439e+02 1.529e+02
s>        ( - 1.845e+03 1 0)
s>        ( - 6.682e+02 1 0))INFO: dtree.c(1315): Comp split 23
INFO: dtree.c(1439): stop. leaf nodes are specific
INFO: dtree.c(1478): Final simple tree
|( WDBNDRY_E 0 2.699e+03 3.194e+02 1.438e+02
|    ( QUESTION10 -1 1.573e+03 1.687e+02 9.328e+01
|        ( - 4.695e+02 1 0)
|        ( - 9.350e+02 1 0))
|    ( QUESTION0_0_R 1 8.063e+02 1.216e+02 5.057e+01
|        ( - 2.796e+02 1 0)
|        ( - 4.051e+02 1 0)))
s>    ( WDBNDRY_E 0 2.699e+03 3.194e+02 1.438e+02
s>        ( QUESTION10 -1 1.573e+03 1.687e+02 9.328e+01
s>            ( - 4.695e+02 1 0)
s>            ( - 9.350e+02 1 0))
s>        ( QUESTION0_0_R 1 8.063e+02 1.216e+02 5.057e+01
s>            ( - 2.796e+02 1 0)
s>            ( - 4.051e+02 1 0)))INFO: dtree.c(1439): stop. leaf nodes are specific
INFO: dtree.c(1478): Final simple tree
|( QUESTION14 -1 7.969e+03 3.929e+02 4.900e+02
|    ( - 4.246e+03 1 0)
|    ( QUESTION6 -1 3.330e+03 1.877e+02 2.036e+02
|        ( QUESTION11 -1 1.077e+03 1.041e+02 7.663e+01
|            ( - 3.476e+02 1 0)
|            ( - 6.250e+02 1 0))
|        ( - 2.066e+03 1 0)))
s>    ( QUESTION14 -1 7.969e+03 3.929e+02 4.900e+02
s>        ( - 4.246e+03 1 0)
s>        ( QUESTION6 -1 3.330e+03 1.877e+02 2.036e+02
s>            ( QUESTION11 -1 1.077e+03 1.041e+02 7.663e+01
s>                ( - 3.476e+02 1 0)
s>                ( - 6.250e+02 1 0))
s>            ( - 2.066e+03 1 0)))INFO: dtree.c(1315): Comp split 24
INFO: dtree.c(1439): stop. leaf nodes are specific
INFO: dtree.c(1478): Final simple tree
|( QUESTION0 1 9.341e+03 3.048e+02 4.997e+02
|    ( QUESTION0_0_R 1 2.790e+03 2.057e+02 1.579e+02
|        ( - 1.649e+03 1 0)
|        ( QUESTION0_7_R 1 9.357e+02 1.153e+02 5.679e+01
|            ( - 5.029e+02 1 0)
|            ( - 3.175e+02 1 0)))
|    ( QUESTION0_7_R 1 6.246e+03 2.261e+02 3.418e+02
|        ( QUESTION6 -1 4.131e+03 2.110e+02 2.327e+02
|            ( - 1.650e+03 1 0)
|            ( - 2.270e+03 1 0))
|        ( QUESTION0_15_R 1 1.889e+03 1.556e+02 1.091e+02
|            ( - 1.082e+03 1 0)
|            ( - 6.522e+02 1 0))))
s>    ( QUESTION0 1 9.341e+03 3.048e+02 4.997e+02
s>        ( QUESTION0_0_R 1 2.790e+03 2.057e+02 1.579e+02
s>            ( - 1.649e+03 1 0)
s>            ( QUESTION0_7_R 1 9.357e+02 1.153e+02 5.679e+01
s>                ( - 5.029e+02 1 0)
s>                ( - 3.175e+02 1 0)))
s>        ( QUESTION0_7_R 1 6.246e+03 2.261e+02 3.418e+02
s>            ( QUESTION6 -1 4.131e+03 2.110e+02 2.327e+02
s>                ( - 1.650e+03 1 0)
s>                ( - 2.270e+03 1 0))
s>            ( QUESTION0_15_R 1 1.889e+03 1.556e+02 1.091e+02
s>                ( - 1.082e+03 1 0)
s>                ( - 6.522e+02 1 0))))INFO: dtree.c(1478): Final simple tree
|( QUESTION0 1 1.117e+04 4.071e+02 5.679e+02
|    ( QUESTION0_0_R 1 2.790e+03 2.093e+02 1.527e+02
|        ( - 1.460e+03 1 0)
|        ( - 1.121e+03 1 0))
|    ( QUESTION19 -1 7.975e+03 3.286e+02 4.153e+02
|        ( QUESTION7 1 1.745e+03 1.935e+02 1.013e+02
|            ( - 6.455e+02 1 0)
|            ( - 9.057e+02 1 0))
|        ( QUESTION0_7_R 1 5.902e+03 2.685e+02 3.139e+02
|            ( - 1.449e+03 2 0 QUESTION6 -1 1.317e+02 8.379e+01)
|            ( QUESTION12 -1 4.185e+03 2.363e+02 2.302e+02
|                ( - 1.176e+03 1 0)
|                ( QUESTION0_15_R 1 2.772e+03 1.849e+02 1.600e+02
|                    ( - 6.593e+02 1 0)
|                    ( - 1.928e+03 1 0))))))
s>    ( QUESTION0 1 1.117e+04 4.071e+02 5.679e+02
s>        ( QUESTION0_0_R 1 2.790e+03 2.093e+02 1.527e+02
s>            ( - 1.460e+03 1 0)
s>            ( - 1.121e+03 1 0))
s>        ( QUESTION19 -1 7.975e+03 3.286e+02 4.153e+02
s>            ( QUESTION7 1 1.745e+03 1.935e+02 1.013e+02
s>                ( - 6.455e+02 1 0)
s>                ( - 9.057e+02 1 0))
s>            ( QUESTION0_7_R 1 5.902e+03 2.685e+02 3.139e+02
s>                ( - 1.449e+03 2 0 QUESTION6 -1 1.317e+02 8.379e+01)
s>                ( QUESTION12 -1 4.185e+03 2.363e+02 2.302e+02
s>                    ( - 1.176e+03 1 0)
s>                    ( QUESTION0_15_R 1 2.772e+03 1.849e+02 1.600e+02
s>                        ( - 6.593e+02 1 0)
s>                        ( - 1.928e+03 1 0))))))INFO: dtree.c(1315): Comp split 25
INFO: dtree.c(1439): stop. leaf nodes are specific
INFO: dtree.c(1478): Final simple tree
|( QUESTION0_20_R 1 4.896e+03 2.759e+02 2.902e+02
|    ( - 2.075e+03 1 0)
|    ( QUESTION0_0_R 1 2.545e+03 1.814e+02 1.547e+02
|        ( - 8.051e+02 1 0)
|        ( WDBNDRY_E 0 1.559e+03 1.165e+02 1.032e+02
|            ( - 8.176e+02 1 0)
|            ( - 6.246e+02 1 0))))
s>    ( QUESTION0_20_R 1 4.896e+03 2.759e+02 2.902e+02
s>        ( - 2.075e+03 1 0)
s>        ( QUESTION0_0_R 1 2.545e+03 1.814e+02 1.547e+02
s>            ( - 8.051e+02 1 0)
s>            ( WDBNDRY_E 0 1.559e+03 1.165e+02 1.032e+02
s>                ( - 8.176e+02 1 0)
s>                ( - 6.246e+02 1 0))))INFO: dtree.c(1315): Comp split 26
INFO: dtree.c(1478): Final simple tree
|( QUESTION8 1 6.725e+03 2.793e+02 3.542e+02
|    ( QUESTION2_1_L -1 4.133e+03 2.467e+02 2.244e+02
|        ( - 7.978e+02 1 0)
|        ( QUESTION6 -1 3.088e+03 1.701e+02 1.726e+02
|            ( QUESTION10 -1 1.470e+03 1.346e+02 8.974e+01
|                ( - 7.233e+02 1 0)
|                ( - 6.126e+02 1 0))
|            ( - 1.448e+03 1 0)))
|    ( QUESTION7 1 2.313e+03 1.438e+02 1.298e+02
|        ( - 5.640e+02 1 0)
|        ( QUESTION6 -1 1.605e+03 1.246e+02 9.256e+01
|            ( QUESTION7 -1 9.016e+02 9.638e+01 5.369e+01
|                ( - 3.290e+02 1 0)
|                ( - 4.762e+02 1 0))
|            ( - 5.787e+02 1 0))))
s>    ( QUESTION8 1 6.725e+03 2.793e+02 3.542e+02
s>        ( QUESTION2_1_L -1 4.133e+03 2.467e+02 2.244e+02
s>            ( - 7.978e+02 1 0)
s>            ( QUESTION6 -1 3.088e+03 1.701e+02 1.726e+02
s>                ( QUESTION10 -1 1.470e+03 1.346e+02 8.974e+01
s>                    ( - 7.233e+02 1 0)
s>                    ( - 6.126e+02 1 0))
s>                ( - 1.448e+03 1 0)))
s>        ( QUESTION7 1 2.313e+03 1.438e+02 1.298e+02
s>            ( - 5.640e+02 1 0)
s>            ( QUESTION6 -1 1.605e+03 1.246e+02 9.256e+01
s>                ( QUESTION7 -1 9.016e+02 9.638e+01 5.369e+01
s>                    ( - 3.290e+02 1 0)
s>                    ( - 4.762e+02 1 0))
s>                ( - 5.787e+02 1 0))))INFO: dtree.c(1439): stop. leaf nodes are specific
INFO: dtree.c(1478): Final simple tree
|( WDBNDRY_E 0 7.513e+03 3.109e+02 3.903e+02
|    ( - 4.149e+03 3 0)
|    ( QUESTION7 1 3.054e+03 1.938e+02 1.673e+02
|        ( - 1.056e+03 2 0)
|        ( - 1.804e+03 1 0)))
s>    ( WDBNDRY_E 0 7.513e+03 3.109e+02 3.903e+02
s>        ( - 4.149e+03 3 0)
s>        ( QUESTION7 1 3.054e+03 1.938e+02 1.673e+02
s>            ( - 1.056e+03 2 0)
s>            ( - 1.804e+03 1 0)))INFO: dtree.c(1315): Comp split 27
INFO: dtree.c(1439): stop. leaf nodes are specific
INFO: dtree.c(1478): Final simple tree
|( QUESTION0_0_R 1 7.198e+03 3.531e+02 3.812e+02
|    ( QUESTION3 1 3.088e+03 2.599e+02 1.675e+02
|        ( - 8.778e+02 1 0)
|        ( - 1.950e+03 1 0))
|    ( QUESTION0_7_R 1 3.757e+03 2.423e+02 2.138e+02
|        ( - 2.941e+03 1 0)
|        ( - 5.740e+02 1 0)))
s>    ( QUESTION0_0_R 1 7.198e+03 3.531e+02 3.812e+02
s>        ( QUESTION3 1 3.088e+03 2.599e+02 1.675e+02
s>            ( - 8.778e+02 1 0)
s>            ( - 1.950e+03 1 0))
s>        ( QUESTION0_7_R 1 3.757e+03 2.423e+02 2.138e+02
s>            ( - 2.941e+03 1 0)
s>            ( - 5.740e+02 1 0)))INFO: dtree.c(1478): Final simple tree
|( QUESTION10 -1 1.528e+04 3.793e+02 8.466e+02
|    ( QUESTION0_18_R 1 5.192e+03 2.138e+02 3.098e+02
|        ( - 7.786e+02 1 0)
|        ( QUESTION0_7_R 1 4.199e+03 1.981e+02 2.520e+02
|            ( - 1.542e+03 1 0)
|            ( - 2.459e+03 1 0)))
|    ( QUESTION0_9_R 1 9.710e+03 2.936e+02 5.368e+02
|        ( - 4.939e+03 1 0)
|        ( QUESTION0_7_R 1 4.478e+03 1.903e+02 2.477e+02
|            ( QUESTION7 1 2.314e+03 1.759e+02 1.281e+02
|                ( - 1.279e+03 1 0)
|                ( - 8.591e+02 1 0))
|            ( QUESTION0_17_R 1 1.973e+03 1.420e+02 1.196e+02
|                ( - 1.122e+03 1 0)
|                ( - 7.090e+02 1 0)))))
s>    ( QUESTION10 -1 1.528e+04 3.793e+02 8.466e+02
s>        ( QUESTION0_18_R 1 5.192e+03 2.138e+02 3.098e+02
s>            ( - 7.786e+02 1 0)
s>            ( QUESTION0_7_R 1 4.199e+03 1.981e+02 2.520e+02
s>                ( - 1.542e+03 1 0)
s>                ( - 2.459e+03 1 0)))
s>        ( QUESTION0_9_R 1 9.710e+03 2.936e+02 5.368e+02
s>            ( - 4.939e+03 1 0)
s>            ( QUESTION0_7_R 1 4.478e+03 1.903e+02 2.477e+02
s>                ( QUESTION7 1 2.314e+03 1.759e+02 1.281e+02
s>                    ( - 1.279e+03 1 0)
s>                    ( - 8.591e+02 1 0))
s>                ( QUESTION0_17_R 1 1.973e+03 1.420e+02 1.196e+02
s>                    ( - 1.122e+03 1 0)
s>                    ( - 7.090e+02 1 0)))))INFO: dtree.c(1315): Comp split 28
INFO: dtree.c(1439): stop. leaf nodes are specific
INFO: dtree.c(1478): Final simple tree
|( QUESTION6 1 7.191e+03 2.741e+02 3.963e+02
|    ( - 3.596e+03 1 0)
|    ( WDBNDRY_E 0 3.322e+03 1.591e+02 1.880e+02
|        ( - 2.931e+03 1 0)
|        ( - 2.318e+02 1 0)))
s>    ( QUESTION6 1 7.191e+03 2.741e+02 3.963e+02
s>        ( - 3.596e+03 1 0)
s>        ( WDBNDRY_E 0 3.322e+03 1.591e+02 1.880e+02
s>            ( - 2.931e+03 1 0)
s>            ( - 2.318e+02 1 0)))INFO: dtree.c(1439): stop. leaf nodes are specific
INFO: dtree.c(1478): Final simple tree
|( QUESTION10 -1 1.256e+04 3.034e+02 6.874e+02
|    ( - 8.063e+03 2 0)
|    ( - 4.193e+03 1 0))
s>    ( QUESTION10 -1 1.256e+04 3.034e+02 6.874e+02
s>        ( - 8.063e+03 2 0)
s>        ( - 4.193e+03 1 0))INFO: dtree.c(1315): Comp split 29
INFO: dtree.c(1439): stop. leaf nodes are specific
INFO: dtree.c(1478): Final simple tree
|( QUESTION1 -1 4.212e+03 1.466e+02 2.380e+02
|    ( - 3.722e+03 1 0)
|    ( - 3.433e+02 1 0))
s>    ( QUESTION1 -1 4.212e+03 1.466e+02 2.380e+02
s>        ( - 3.722e+03 1 0)
s>        ( - 3.433e+02 1 0))INFO: dtree.c(1315): Comp split 30
INFO: dtree.c(1439): stop. leaf nodes are specific
INFO: dtree.c(1478): Final simple tree
|( QUESTION0_7_R 1 6.803e+03 2.850e+02 3.569e+02
|    ( QUESTION7 1 2.334e+03 2.391e+02 1.268e+02
|        ( - 6.455e+02 1 0)
|        ( QUESTION6 -1 1.449e+03 1.317e+02 8.379e+01
|            ( - 8.386e+02 1 0)
|            ( - 4.786e+02 1 0)))
|    ( QUESTION12 -1 4.185e+03 2.363e+02 2.302e+02
|        ( - 1.176e+03 1 0)
|        ( QUESTION0_15_R 1 2.772e+03 1.849e+02 1.600e+02
|            ( - 6.593e+02 1 0)
|            ( - 1.928e+03 1 0))))
s>    ( QUESTION0_7_R 1 6.803e+03 2.850e+02 3.569e+02
s>        ( QUESTION7 1 2.334e+03 2.391e+02 1.268e+02
s>            ( - 6.455e+02 1 0)
s>            ( QUESTION6 -1 1.449e+03 1.317e+02 8.379e+01
s>                ( - 8.386e+02 1 0)
s>                ( - 4.786e+02 1 0)))
s>        ( QUESTION12 -1 4.185e+03 2.363e+02 2.302e+02
s>            ( - 1.176e+03 1 0)
s>            ( QUESTION0_15_R 1 2.772e+03 1.849e+02 1.600e+02
s>                ( - 6.593e+02 1 0)
s>                ( - 1.928e+03 1 0))))INFO: dtree.c(1439): stop. leaf nodes are specific
INFO: dtree.c(1478): Final simple tree
|( QUESTION0_8_R 1 3.950e+03 2.542e+02 2.110e+02
|    ( - 9.057e+02 1 0)
|    ( QUESTION0_0_R 1 2.790e+03 2.093e+02 1.527e+02
|        ( - 1.460e+03 1 0)
|        ( - 1.121e+03 1 0)))
s>    ( QUESTION0_8_R 1 3.950e+03 2.542e+02 2.110e+02
s>        ( - 9.057e+02 1 0)
s>        ( QUESTION0_0_R 1 2.790e+03 2.093e+02 1.527e+02
s>            ( - 1.460e+03 1 0)
s>            ( - 1.121e+03 1 0)))INFO: dtree.c(1315): Comp split 31
INFO: dtree.c(1439): stop. leaf nodes are specific
INFO: dtree.c(1478): Final simple tree
|( QUESTION11 -1 7.439e+03 3.493e+02 3.957e+02
|    ( - 1.754e+03 1 0)
|    ( QUESTION10 -1 5.335e+03 2.328e+02 2.932e+02
|        ( - 4.344e+03 1 0)
|        ( - 7.585e+02 1 0)))
s>    ( QUESTION11 -1 7.439e+03 3.493e+02 3.957e+02
s>        ( - 1.754e+03 1 0)
s>        ( QUESTION10 -1 5.335e+03 2.328e+02 2.932e+02
s>            ( - 4.344e+03 1 0)
s>            ( - 7.585e+02 1 0)))INFO: dtree.c(1315): Comp split 32
INFO: dtree.c(1439): stop. leaf nodes are specific
INFO: dtree.c(1478): Final simple tree
|( WDBNDRY_B 0 5.979e+03 2.890e+02 3.240e+02
|    ( QUESTION1 -1 4.715e+03 2.168e+02 2.588e+02
|        ( - 1.324e+03 1 0)
|        ( - 3.174e+03 1 0))
|    ( - 9.750e+02 1 0))
s>    ( WDBNDRY_B 0 5.979e+03 2.890e+02 3.240e+02
s>        ( QUESTION1 -1 4.715e+03 2.168e+02 2.588e+02
s>            ( - 1.324e+03 1 0)
s>            ( - 3.174e+03 1 0))
s>        ( - 9.750e+02 1 0))INFO: dtree.c(1315): Comp split 33
INFO: dtree.c(1439): stop. leaf nodes are specific
INFO: dtree.c(1478): Final simple tree
|( QUESTION0_18_R 1 6.474e+03 2.176e+02 3.795e+02
|    ( - 7.786e+02 1 0)
|    ( QUESTION0_7_R 1 5.478e+03 1.859e+02 3.217e+02
|        ( - 1.542e+03 1 0)
|        ( QUESTION10 -1 3.750e+03 1.690e+02 2.193e+02
|            ( - 2.459e+03 1 0)
|            ( - 1.122e+03 1 0))))
s>    ( QUESTION0_18_R 1 6.474e+03 2.176e+02 3.795e+02
s>        ( - 7.786e+02 1 0)
s>        ( QUESTION0_7_R 1 5.478e+03 1.859e+02 3.217e+02
s>            ( - 1.542e+03 1 0)
s>            ( QUESTION10 -1 3.750e+03 1.690e+02 2.193e+02
s>                ( - 2.459e+03 1 0)
s>                ( - 1.122e+03 1 0))))INFO: dtree.c(1439): stop. leaf nodes are specific
INFO: dtree.c(1478): Final simple tree
|( QUESTION0_9_R 1 8.410e+03 2.824e+02 4.671e+02
|    ( - 4.939e+03 1 0)
|    ( QUESTION9 1 3.189e+03 1.855e+02 1.780e+02
|        ( - 8.591e+02 1 0)
|        ( QUESTION0_7_R 1 2.144e+03 1.561e+02 1.252e+02
|            ( - 1.279e+03 1 0)
|            ( - 7.090e+02 1 0))))
s>    ( QUESTION0_9_R 1 8.410e+03 2.824e+02 4.671e+02
s>        ( - 4.939e+03 1 0)
s>        ( QUESTION9 1 3.189e+03 1.855e+02 1.780e+02
s>            ( - 8.591e+02 1 0)
s>            ( QUESTION0_7_R 1 2.144e+03 1.561e+02 1.252e+02
s>                ( - 1.279e+03 1 0)
s>                ( - 7.090e+02 1 0))))INFO: dtree.c(1315): Comp split 34
INFO: dtree.c(1439): stop. leaf nodes are specific
INFO: dtree.c(1478): Final simple tree
|( QUESTION6 -1 3.330e+03 1.877e+02 2.036e+02
|    ( QUESTION11 -1 1.077e+03 1.041e+02 7.663e+01
|        ( - 3.476e+02 1 0)
|        ( - 6.250e+02 1 0))
|    ( - 2.066e+03 1 0))
s>    ( QUESTION6 -1 3.330e+03 1.877e+02 2.036e+02
s>        ( QUESTION11 -1 1.077e+03 1.041e+02 7.663e+01
s>            ( - 3.476e+02 1 0)
s>            ( - 6.250e+02 1 0))
s>        ( - 2.066e+03 1 0))INFO: dtree.c(1315): Comp split 35
INFO: dtree.c(1439): stop. leaf nodes are specific
INFO: dtree.c(1478): Final simple tree
|( QUESTION9 -1 4.013e+03 2.097e+02 2.218e+02
|    ( - 2.078e+03 2 0)
|    ( QUESTION6 -1 1.726e+03 1.666e+02 9.965e+01
|        ( - 6.888e+02 1 0)
|        ( - 8.703e+02 1 0)))
s>    ( QUESTION9 -1 4.013e+03 2.097e+02 2.218e+02
s>        ( - 2.078e+03 2 0)
s>        ( QUESTION6 -1 1.726e+03 1.666e+02 9.965e+01
s>            ( - 6.888e+02 1 0)
s>            ( - 8.703e+02 1 0)))INFO: dtree.c(1315): Comp split 36
INFO: dtree.c(1439): stop. leaf nodes are specific
INFO: dtree.c(1478): Final simple tree
|( QUESTION6 -1 4.821e+03 2.788e+02 2.589e+02
|    ( QUESTION0_15_R 1 2.373e+03 1.685e+02 1.340e+02
|        ( - 7.608e+02 1 0)
|        ( - 1.443e+03 2 0))
|    ( - 2.169e+03 1 0))
s>    ( QUESTION6 -1 4.821e+03 2.788e+02 2.589e+02
s>        ( QUESTION0_15_R 1 2.373e+03 1.685e+02 1.340e+02
s>            ( - 7.608e+02 1 0)
s>            ( - 1.443e+03 2 0))
s>        ( - 2.169e+03 1 0))INFO: dtree.c(1439): stop. leaf nodes are specific
INFO: dtree.c(1478): Final simple tree
|( QUESTION2_12_L -1 5.568e+03 2.372e+02 2.972e+02
|    ( QUESTION7 -1 2.953e+03 2.081e+02 1.622e+02
|        ( - 1.099e+03 1 0)
|        ( WDBNDRY_B 0 1.646e+03 1.689e+02 9.338e+01
|            ( - 6.970e+02 1 0)
|            ( - 7.800e+02 1 0)))
|    ( WDBNDRY_E 0 2.378e+03 1.901e+02 1.350e+02
|        ( - 7.498e+02 1 0)
|        ( QUESTION10 -1 1.438e+03 1.388e+02 8.926e+01
|            ( - 4.695e+02 1 0)
|            ( - 8.296e+02 1 0))))
s>    ( QUESTION2_12_L -1 5.568e+03 2.372e+02 2.972e+02
s>        ( QUESTION7 -1 2.953e+03 2.081e+02 1.622e+02
s>            ( - 1.099e+03 1 0)
s>            ( WDBNDRY_B 0 1.646e+03 1.689e+02 9.338e+01
s>                ( - 6.970e+02 1 0)
s>                ( - 7.800e+02 1 0)))
s>        ( WDBNDRY_E 0 2.378e+03 1.901e+02 1.350e+02
s>            ( - 7.498e+02 1 0)
s>            ( QUESTION10 -1 1.438e+03 1.388e+02 8.926e+01
s>                ( - 4.695e+02 1 0)
s>                ( - 8.296e+02 1 0))))INFO: dtree.c(1315): Comp split 37
INFO: dtree.c(1439): stop. leaf nodes are specific
INFO: dtree.c(1478): Final simple tree
|( QUESTION6 -1 4.188e+03 2.673e+02 2.202e+02
|    ( WDBNDRY_E 0 2.520e+03 1.852e+02 1.410e+02
|        ( - 1.916e+03 1 0)
|        ( - 4.185e+02 1 0))
|    ( WDBNDRY_E 0 1.401e+03 1.455e+02 7.927e+01
|        ( - 6.268e+02 1 0)
|        ( - 6.291e+02 1 0)))
s>    ( QUESTION6 -1 4.188e+03 2.673e+02 2.202e+02
s>        ( WDBNDRY_E 0 2.520e+03 1.852e+02 1.410e+02
s>            ( - 1.916e+03 1 0)
s>            ( - 4.185e+02 1 0))
s>        ( WDBNDRY_E 0 1.401e+03 1.455e+02 7.927e+01
s>            ( - 6.268e+02 1 0)
s>            ( - 6.291e+02 1 0)))INFO: dtree.c(1315): Comp split 38
INFO: dtree.c(1439): stop. leaf nodes are specific
INFO: dtree.c(1478): Final simple tree
|( QUESTION0_0_R 1 2.748e+03 2.237e+02 1.497e+02
|    ( - 1.950e+03 1 0)
|    ( - 5.740e+02 1 0))
s>    ( QUESTION0_0_R 1 2.748e+03 2.237e+02 1.497e+02
s>        ( - 1.950e+03 1 0)
s>        ( - 5.740e+02 1 0))INFO: dtree.c(1439): stop. leaf nodes are specific
INFO: dtree.c(1478): Final simple tree
|( QUESTION0_0_R 1 4.091e+03 2.725e+02 2.315e+02
|    ( - 8.778e+02 1 0)
|    ( - 2.941e+03 1 0))
s>    ( QUESTION0_0_R 1 4.091e+03 2.725e+02 2.315e+02
s>        ( - 8.778e+02 1 0)
s>        ( - 2.941e+03 1 0))INFO: dtree.c(1315): Comp split 39
INFO: dtree.c(1439): stop. leaf nodes are specific
INFO: dtree.c(1478): Final simple tree
|( QUESTION10 -1 5.335e+03 2.328e+02 2.932e+02
|    ( - 4.344e+03 1 0)
|    ( - 7.585e+02 1 0))
s>    ( QUESTION10 -1 5.335e+03 2.328e+02 2.932e+02
s>        ( - 4.344e+03 1 0)
s>        ( - 7.585e+02 1 0))INFO: dtree.c(1315): Comp split 40
INFO: dtree.c(1439): stop. leaf nodes are specific
INFO: dtree.c(1478): Final simple tree
|( QUESTION0_7_R 1 2.841e+03 2.158e+02 1.540e+02
|    ( QUESTION6 -1 1.449e+03 1.317e+02 8.379e+01
|        ( - 8.386e+02 1 0)
|        ( - 4.786e+02 1 0))
|    ( - 1.176e+03 1 0))
s>    ( QUESTION0_7_R 1 2.841e+03 2.158e+02 1.540e+02
s>        ( QUESTION6 -1 1.449e+03 1.317e+02 8.379e+01
s>            ( - 8.386e+02 1 0)
s>            ( - 4.786e+02 1 0))
s>        ( - 1.176e+03 1 0))INFO: dtree.c(1439): stop. leaf nodes are specific
INFO: dtree.c(1478): Final simple tree
|( QUESTION0_16_R 1 3.643e+03 2.323e+02 2.030e+02
|    ( - 1.928e+03 1 0)
|    ( QUESTION0_7_R 1 1.483e+03 1.776e+02 8.695e+01
|        ( - 6.455e+02 1 0)
|        ( - 6.593e+02 1 0)))
s>    ( QUESTION0_16_R 1 3.643e+03 2.323e+02 2.030e+02
s>        ( - 1.928e+03 1 0)
s>        ( QUESTION0_7_R 1 1.483e+03 1.776e+02 8.695e+01
s>            ( - 6.455e+02 1 0)
s>            ( - 6.593e+02 1 0)))INFO: dtree.c(1315): Comp split 41
INFO: dtree.c(1439): stop. leaf nodes are specific
INFO: dtree.c(1478): Final simple tree
|( QUESTION0_0_R 1 8.063e+02 1.216e+02 5.057e+01
|    ( - 2.796e+02 1 0)
|    ( - 4.051e+02 1 0))
s>    ( QUESTION0_0_R 1 8.063e+02 1.216e+02 5.057e+01
s>        ( - 2.796e+02 1 0)
s>        ( - 4.051e+02 1 0))INFO: dtree.c(1439): stop. leaf nodes are specific
INFO: dtree.c(1478): Final simple tree
|( QUESTION10 -1 1.573e+03 1.687e+02 9.328e+01
|    ( - 4.695e+02 1 0)
|    ( - 9.350e+02 1 0))
s>    ( QUESTION10 -1 1.573e+03 1.687e+02 9.328e+01
s>        ( - 4.695e+02 1 0)
s>        ( - 9.350e+02 1 0))INFO: dtree.c(1315): Comp split 42
INFO: dtree.c(1439): stop. leaf nodes are specific
INFO: dtree.c(1478): Final simple tree
|( WDBNDRY_E 0 6.362e+03 2.611e+02 3.504e+02
|    ( - 2.403e+03 3 0)
|    ( - 3.698e+03 1 0))
s>    ( WDBNDRY_E 0 6.362e+03 2.611e+02 3.504e+02
s>        ( - 2.403e+03 3 0)
s>        ( - 3.698e+03 1 0))INFO: dtree.c(1439): stop. leaf nodes are specific
INFO: dtree.c(1478): Final simple tree
|( WDBNDRY_E 0 2.511e+03 2.140e+02 1.372e+02
|    ( - 1.166e+03 1 0)
|    ( - 1.131e+03 1 0))
s>    ( WDBNDRY_E 0 2.511e+03 2.140e+02 1.372e+02
s>        ( - 1.166e+03 1 0)
s>        ( - 1.131e+03 1 0))INFO: dtree.c(1315): Comp split 43
INFO: dtree.c(1439): stop. leaf nodes are specific
INFO: dtree.c(1478): Final simple tree
|( QUESTION7 1 3.054e+03 1.938e+02 1.673e+02
|    ( - 1.056e+03 2 0)
|    ( - 1.804e+03 1 0))
s>    ( QUESTION7 1 3.054e+03 1.938e+02 1.673e+02
s>        ( - 1.056e+03 2 0)
s>        ( - 1.804e+03 1 0))INFO: dtree.c(1315): Comp split 44
INFO: dtree.c(1439): stop. leaf nodes are specific
INFO: dtree.c(1478): Final simple tree
|( QUESTION0_7_R 1 6.246e+03 2.261e+02 3.418e+02
|    ( QUESTION6 -1 4.131e+03 2.110e+02 2.327e+02
|        ( - 1.650e+03 1 0)
|        ( - 2.270e+03 1 0))
|    ( QUESTION0_15_R 1 1.889e+03 1.556e+02 1.091e+02
|        ( - 1.082e+03 1 0)
|        ( - 6.522e+02 1 0)))
s>    ( QUESTION0_7_R 1 6.246e+03 2.261e+02 3.418e+02
s>        ( QUESTION6 -1 4.131e+03 2.110e+02 2.327e+02
s>            ( - 1.650e+03 1 0)
s>            ( - 2.270e+03 1 0))
s>        ( QUESTION0_15_R 1 1.889e+03 1.556e+02 1.091e+02
s>            ( - 1.082e+03 1 0)
s>            ( - 6.522e+02 1 0)))INFO: dtree.c(1439): stop. leaf nodes are specific
INFO: dtree.c(1478): Final simple tree
|( QUESTION0_0_R 1 2.790e+03 2.057e+02 1.579e+02
|    ( - 1.649e+03 1 0)
|    ( QUESTION0_7_R 1 9.357e+02 1.153e+02 5.679e+01
|        ( - 5.029e+02 1 0)
|        ( - 3.175e+02 1 0)))
s>    ( QUESTION0_0_R 1 2.790e+03 2.057e+02 1.579e+02
s>        ( - 1.649e+03 1 0)
s>        ( QUESTION0_7_R 1 9.357e+02 1.153e+02 5.679e+01
s>            ( - 5.029e+02 1 0)
s>            ( - 3.175e+02 1 0)))INFO: dtree.c(1315): Comp split 45
INFO: dtree.c(1315): Comp split 46
INFO: dtree.c(1439): stop. leaf nodes are specific
INFO: dtree.c(1478): Final simple tree
|( QUESTION7 1 3.217e+03 1.925e+02 1.797e+02
|    ( QUESTION8 1 1.419e+03 1.321e+02 8.714e+01
|        ( - 7.233e+02 1 0)
|        ( - 5.640e+02 1 0))
|    ( QUESTION6 -1 1.605e+03 1.246e+02 9.256e+01
|        ( QUESTION7 -1 9.016e+02 9.638e+01 5.369e+01
|            ( - 3.290e+02 1 0)
|            ( - 4.762e+02 1 0))
|        ( - 5.787e+02 1 0)))
s>    ( QUESTION7 1 3.217e+03 1.925e+02 1.797e+02
s>        ( QUESTION8 1 1.419e+03 1.321e+02 8.714e+01
s>            ( - 7.233e+02 1 0)
s>            ( - 5.640e+02 1 0))
s>        ( QUESTION6 -1 1.605e+03 1.246e+02 9.256e+01
s>            ( QUESTION7 -1 9.016e+02 9.638e+01 5.369e+01
s>                ( - 3.290e+02 1 0)
s>                ( - 4.762e+02 1 0))
s>            ( - 5.787e+02 1 0)))INFO: dtree.c(1439): stop. leaf nodes are specific
INFO: dtree.c(1478): Final simple tree
|( QUESTION2_1_L -1 3.210e+03 2.167e+02 1.745e+02
|    ( - 7.978e+02 1 0)
|    ( QUESTION6 -1 2.195e+03 1.353e+02 1.227e+02
|        ( - 6.126e+02 1 0)
|        ( - 1.448e+03 1 0)))
s>    ( QUESTION2_1_L -1 3.210e+03 2.167e+02 1.745e+02
s>        ( - 7.978e+02 1 0)
s>        ( QUESTION6 -1 2.195e+03 1.353e+02 1.227e+02
s>            ( - 6.126e+02 1 0)
s>            ( - 1.448e+03 1 0)))INFO: dtree.c(1315): Comp split 47
INFO: dtree.c(1439): stop. leaf nodes are specific
INFO: dtree.c(1478): Final simple tree
|( QUESTION9 -1 2.565e+03 2.232e+02 1.393e+02
|    ( - 1.170e+03 1 0)
|    ( QUESTION0 -1 1.172e+03 1.260e+02 6.560e+01
|        ( - 3.129e+02 1 0)
|        ( QUESTION6 -1 7.331e+02 9.686e+01 4.382e+01
|            ( - 2.757e+02 1 0)
|            ( - 3.606e+02 1 0))))
s>    ( QUESTION9 -1 2.565e+03 2.232e+02 1.393e+02
s>        ( - 1.170e+03 1 0)
s>        ( QUESTION0 -1 1.172e+03 1.260e+02 6.560e+01
s>            ( - 3.129e+02 1 0)
s>            ( QUESTION6 -1 7.331e+02 9.686e+01 4.382e+01
s>                ( - 2.757e+02 1 0)
s>                ( - 3.606e+02 1 0))))INFO: dtree.c(1315): Comp split 48
INFO: dtree.c(1439): stop. leaf nodes are specific
INFO: dtree.c(1478): Final simple tree
|( QUESTION1 -1 4.715e+03 2.168e+02 2.588e+02
|    ( - 1.324e+03 1 0)
|    ( - 3.174e+03 1 0))
s>    ( QUESTION1 -1 4.715e+03 2.168e+02 2.588e+02
s>        ( - 1.324e+03 1 0)
s>        ( - 3.174e+03 1 0))INFO: dtree.c(1315): Comp split 49
INFO: dtree.c(1439): stop. leaf nodes are specific
INFO: dtree.c(1478): Final simple tree
|( WDBNDRY_E 0 1.985e+03 1.700e+02 1.082e+02
|    ( - 6.268e+02 1 0)
|    ( QUESTION6 -1 1.188e+03 1.404e+02 6.972e+01
|        ( - 4.185e+02 1 0)
|        ( - 6.291e+02 1 0)))
s>    ( WDBNDRY_E 0 1.985e+03 1.700e+02 1.082e+02
s>        ( - 6.268e+02 1 0)
s>        ( QUESTION6 -1 1.188e+03 1.404e+02 6.972e+01
s>            ( - 4.185e+02 1 0)
s>            ( - 6.291e+02 1 0)))INFO: dtree.c(1315): Comp split 50
INFO: dtree.c(1439): stop. leaf nodes are specific
INFO: dtree.c(1478): Final simple tree
|( QUESTION9 1 3.189e+03 1.855e+02 1.780e+02
|    ( - 8.591e+02 1 0)
|    ( QUESTION0_7_R 1 2.144e+03 1.561e+02 1.252e+02
|        ( - 1.279e+03 1 0)
|        ( - 7.090e+02 1 0)))
s>    ( QUESTION9 1 3.189e+03 1.855e+02 1.780e+02
s>        ( - 8.591e+02 1 0)
s>        ( QUESTION0_7_R 1 2.144e+03 1.561e+02 1.252e+02
s>            ( - 1.279e+03 1 0)
s>            ( - 7.090e+02 1 0)))INFO: dtree.c(1315): Comp split 51
INFO: dtree.c(1439): stop. leaf nodes are specific
INFO: dtree.c(1478): Final simple tree
|( QUESTION0_15_R 1 2.373e+03 1.685e+02 1.340e+02
|    ( - 7.608e+02 1 0)
|    ( - 1.443e+03 2 0))
s>    ( QUESTION0_15_R 1 2.373e+03 1.685e+02 1.340e+02
s>        ( - 7.608e+02 1 0)
s>        ( - 1.443e+03 2 0))INFO: dtree.c(1315): Comp split 52
INFO: dtree.c(1439): stop. leaf nodes are specific
INFO: dtree.c(1478): Final simple tree
|( QUESTION6 1 2.390e+03 1.719e+02 1.388e+02
|    ( - 7.800e+02 1 0)
|    ( QUESTION10 -1 1.438e+03 1.388e+02 8.926e+01
|        ( - 4.695e+02 1 0)
|        ( - 8.296e+02 1 0)))
s>    ( QUESTION6 1 2.390e+03 1.719e+02 1.388e+02
s>        ( - 7.800e+02 1 0)
s>        ( QUESTION10 -1 1.438e+03 1.388e+02 8.926e+01
s>            ( - 4.695e+02 1 0)
s>            ( - 8.296e+02 1 0)))INFO: dtree.c(1439): stop. leaf nodes are specific
INFO: dtree.c(1478): Final simple tree
|( WDBNDRY_B 0 2.900e+03 1.915e+02 1.584e+02
|    ( - 6.970e+02 1 0)
|    ( WDBNDRY_E 0 2.012e+03 1.628e+02 1.145e+02
|        ( - 7.498e+02 1 0)
|        ( - 1.099e+03 1 0)))
s>    ( WDBNDRY_B 0 2.900e+03 1.915e+02 1.584e+02
s>        ( - 6.970e+02 1 0)
s>        ( WDBNDRY_E 0 2.012e+03 1.628e+02 1.145e+02
s>            ( - 7.498e+02 1 0)
s>            ( - 1.099e+03 1 0)))INFO: dtree.c(1315): Comp split 53
INFO: dtree.c(1439): stop. leaf nodes are specific
INFO: dtree.c(1478): Final simple tree
|( QUESTION0_0_R 1 2.545e+03 1.814e+02 1.547e+02
|    ( - 8.051e+02 1 0)
|    ( WDBNDRY_E 0 1.559e+03 1.165e+02 1.032e+02
|        ( - 8.176e+02 1 0)
|        ( - 6.246e+02 1 0)))
s>    ( QUESTION0_0_R 1 2.545e+03 1.814e+02 1.547e+02
s>        ( - 8.051e+02 1 0)
s>        ( WDBNDRY_E 0 1.559e+03 1.165e+02 1.032e+02
s>            ( - 8.176e+02 1 0)
s>            ( - 6.246e+02 1 0)))INFO: dtree.c(1315): Comp split 54
INFO: dtree.c(1439): stop. leaf nodes are specific
INFO: dtree.c(1478): Final simple tree
|( WDBNDRY_E 0 3.322e+03 1.591e+02 1.880e+02
|    ( - 2.931e+03 1 0)
|    ( - 2.318e+02 1 0))
s>    ( WDBNDRY_E 0 3.322e+03 1.591e+02 1.880e+02
s>        ( - 2.931e+03 1 0)
s>        ( - 2.318e+02 1 0))INFO: dtree.c(1315): Comp split 55
INFO: dtree.c(1315): Comp split 56
INFO: dtree.c(1439): stop. leaf nodes are specific
INFO: dtree.c(1478): Final simple tree
|( QUESTION10 -1 3.924e+03 1.853e+02 2.286e+02
|    ( - 6.053e+02 1 0)
|    ( - 3.133e+03 1 0))
s>    ( QUESTION10 -1 3.924e+03 1.853e+02 2.286e+02
s>        ( - 6.053e+02 1 0)
s>        ( - 3.133e+03 1 0))INFO: dtree.c(1315): Comp split 57
INFO: dtree.c(1315): Comp split 58
INFO: dtree.c(1315): Comp split 59
INFO: dtree.c(1439): stop. leaf nodes are specific
INFO: dtree.c(1478): Final simple tree
|( QUESTION0_0_R 1 2.790e+03 2.093e+02 1.527e+02
|    ( - 1.460e+03 1 0)
|    ( - 1.121e+03 1 0))
s>    ( QUESTION0_0_R 1 2.790e+03 2.093e+02 1.527e+02
s>        ( - 1.460e+03 1 0)
s>        ( - 1.121e+03 1 0))INFO: dtree.c(1315): Comp split 60
INFO: dtree.c(1439): stop. leaf nodes are specific
INFO: dtree.c(1478): Final simple tree
|( QUESTION0_7_R 1 3.729e+03 1.900e+02 2.088e+02
|    ( - 1.650e+03 1 0)
|    ( QUESTION0_15_R 1 1.889e+03 1.556e+02 1.091e+02
|        ( - 1.082e+03 1 0)
|        ( - 6.522e+02 1 0)))
s>    ( QUESTION0_7_R 1 3.729e+03 1.900e+02 2.088e+02
s>        ( - 1.650e+03 1 0)
s>        ( QUESTION0_15_R 1 1.889e+03 1.556e+02 1.091e+02
s>            ( - 1.082e+03 1 0)
s>            ( - 6.522e+02 1 0)))INFO: dtree.c(1315): Comp split 61
INFO: dtree.c(1315): Comp split 62
INFO: dtree.c(1439): stop. leaf nodes are specific
INFO: dtree.c(1478): Final simple tree
|( QUESTION0_7_R 1 2.804e+03 1.399e+02 1.721e+02
|    ( - 1.542e+03 1 0)
|    ( - 1.122e+03 1 0))
s>    ( QUESTION0_7_R 1 2.804e+03 1.399e+02 1.721e+02
s>        ( - 1.542e+03 1 0)
s>        ( - 1.122e+03 1 0))INFO: dtree.c(1439): stop. leaf nodes are specific
INFO: dtree.c(1478): Final simple tree
|( QUESTION0_17_R 1 3.437e+03 1.998e+02 2.074e+02
|    ( - 2.459e+03 1 0)
|    ( - 7.786e+02 1 0))
s>    ( QUESTION0_17_R 1 3.437e+03 1.998e+02 2.074e+02
s>        ( - 2.459e+03 1 0)
s>        ( - 7.786e+02 1 0))INFO: dtree.c(1315): Comp split 63
INFO: dtree.c(1315): Comp split 64
INFO: dtree.c(1439): stop. leaf nodes are specific
INFO: dtree.c(1478): Final simple tree
|( QUESTION0_7_R 1 1.483e+03 1.776e+02 8.695e+01
|    ( - 6.455e+02 1 0)
|    ( - 6.593e+02 1 0))
s>    ( QUESTION0_7_R 1 1.483e+03 1.776e+02 8.695e+01
s>        ( - 6.455e+02 1 0)
s>        ( - 6.593e+02 1 0))INFO: dtree.c(1315): Comp split 65
INFO: dtree.c(1315): Comp split 66
INFO: dtree.c(1439): stop. leaf nodes are specific
INFO: dtree.c(1478): Final simple tree
|( QUESTION0 -1 1.172e+03 1.260e+02 6.560e+01
|    ( - 3.129e+02 1 0)
|    ( QUESTION6 -1 7.331e+02 9.686e+01 4.382e+01
|        ( - 2.757e+02 1 0)
|        ( - 3.606e+02 1 0)))
s>    ( QUESTION0 -1 1.172e+03 1.260e+02 6.560e+01
s>        ( - 3.129e+02 1 0)
s>        ( QUESTION6 -1 7.331e+02 9.686e+01 4.382e+01
s>            ( - 2.757e+02 1 0)
s>            ( - 3.606e+02 1 0)))INFO: dtree.c(1315): Comp split 67
INFO: dtree.c(1315): Comp split 68
INFO: dtree.c(1439): stop. leaf nodes are specific
INFO: dtree.c(1478): Final simple tree
|( QUESTION6 -1 2.195e+03 1.353e+02 1.227e+02
|    ( - 6.126e+02 1 0)
|    ( - 1.448e+03 1 0))
s>    ( QUESTION6 -1 2.195e+03 1.353e+02 1.227e+02
s>        ( - 6.126e+02 1 0)
s>        ( - 1.448e+03 1 0))INFO: dtree.c(1315): Comp split 69
INFO: dtree.c(1439): stop. leaf nodes are specific
INFO: dtree.c(1478): Final simple tree
|( QUESTION6 -1 1.449e+03 1.317e+02 8.379e+01
|    ( - 8.386e+02 1 0)
|    ( - 4.786e+02 1 0))
s>    ( QUESTION6 -1 1.449e+03 1.317e+02 8.379e+01
s>        ( - 8.386e+02 1 0)
s>        ( - 4.786e+02 1 0))INFO: dtree.c(1315): Comp split 70
INFO: dtree.c(1315): Comp split 71
INFO: dtree.c(1439): stop. leaf nodes are specific
INFO: dtree.c(1478): Final simple tree
|( QUESTION6 -1 1.726e+03 1.666e+02 9.965e+01
|    ( - 6.888e+02 1 0)
|    ( - 8.703e+02 1 0))
s>    ( QUESTION6 -1 1.726e+03 1.666e+02 9.965e+01
s>        ( - 6.888e+02 1 0)
s>        ( - 8.703e+02 1 0))INFO: dtree.c(1315): Comp split 72
INFO: dtree.c(1315): Comp split 73
INFO: dtree.c(1439): stop. leaf nodes are specific
INFO: dtree.c(1478): Final simple tree
|( QUESTION0_7_R 1 9.357e+02 1.153e+02 5.679e+01
|    ( - 5.029e+02 1 0)
|    ( - 3.175e+02 1 0))
s>    ( QUESTION0_7_R 1 9.357e+02 1.153e+02 5.679e+01
s>        ( - 5.029e+02 1 0)
s>        ( - 3.175e+02 1 0))INFO: dtree.c(1315): Comp split 74
INFO: dtree.c(1315): Comp split 75
INFO: dtree.c(1315): Comp split 76
INFO: dtree.c(1315): Comp split 77
INFO: dtree.c(1439): stop. leaf nodes are specific
INFO: dtree.c(1478): Final simple tree
|( QUESTION6 -1 1.605e+03 1.246e+02 9.256e+01
|    ( QUESTION7 -1 9.016e+02 9.638e+01 5.369e+01
|        ( - 3.290e+02 1 0)
|        ( - 4.762e+02 1 0))
|    ( - 5.787e+02 1 0))
s>    ( QUESTION6 -1 1.605e+03 1.246e+02 9.256e+01
s>        ( QUESTION7 -1 9.016e+02 9.638e+01 5.369e+01
s>            ( - 3.290e+02 1 0)
s>            ( - 4.762e+02 1 0))
s>        ( - 5.787e+02 1 0))INFO: dtree.c(1439): stop. leaf nodes are specific
INFO: dtree.c(1478): Final simple tree
|( QUESTION8 1 1.419e+03 1.321e+02 8.714e+01
|    ( - 7.233e+02 1 0)
|    ( - 5.640e+02 1 0))
s>    ( QUESTION8 1 1.419e+03 1.321e+02 8.714e+01
s>        ( - 7.233e+02 1 0)
s>        ( - 5.640e+02 1 0))INFO: dtree.c(1315): Comp split 78
INFO: dtree.c(1439): stop. leaf nodes are specific
INFO: dtree.c(1478): Final simple tree
|( WDBNDRY_E 0 2.012e+03 1.628e+02 1.145e+02
|    ( - 7.498e+02 1 0)
|    ( - 1.099e+03 1 0))
s>    ( WDBNDRY_E 0 2.012e+03 1.628e+02 1.145e+02
s>        ( - 7.498e+02 1 0)
s>        ( - 1.099e+03 1 0))INFO: dtree.c(1315): Comp split 79
INFO: dtree.c(1439): stop. leaf nodes are specific
INFO: dtree.c(1478): Final simple tree
|( QUESTION0_15_R 1 1.889e+03 1.556e+02 1.091e+02
|    ( - 1.082e+03 1 0)
|    ( - 6.522e+02 1 0))
s>    ( QUESTION0_15_R 1 1.889e+03 1.556e+02 1.091e+02
s>        ( - 1.082e+03 1 0)
s>        ( - 6.522e+02 1 0))INFO: dtree.c(1315): Comp split 80
INFO: dtree.c(1439): stop. leaf nodes are specific
INFO: dtree.c(1478): Final simple tree
|( QUESTION11 -1 1.077e+03 1.041e+02 7.663e+01
|    ( - 3.476e+02 1 0)
|    ( - 6.250e+02 1 0))
s>    ( QUESTION11 -1 1.077e+03 1.041e+02 7.663e+01
s>        ( - 3.476e+02 1 0)
s>        ( - 6.250e+02 1 0))INFO: dtree.c(1315): Comp split 81
INFO: dtree.c(1439): stop. leaf nodes are specific
INFO: dtree.c(1478): Final simple tree
|( QUESTION0_7_R 1 2.144e+03 1.561e+02 1.252e+02
|    ( - 1.279e+03 1 0)
|    ( - 7.090e+02 1 0))
s>    ( QUESTION0_7_R 1 2.144e+03 1.561e+02 1.252e+02
s>        ( - 1.279e+03 1 0)
s>        ( - 7.090e+02 1 0))INFO: dtree.c(1315): Comp split 82
INFO: dtree.c(1315): Comp split 83
INFO: dtree.c(1439): stop. leaf nodes are specific
INFO: dtree.c(1478): Final simple tree
|( WDBNDRY_E 0 1.559e+03 1.165e+02 1.032e+02
|    ( - 8.176e+02 1 0)
|    ( - 6.246e+02 1 0))
s>    ( WDBNDRY_E 0 1.559e+03 1.165e+02 1.032e+02
s>        ( - 8.176e+02 1 0)
s>        ( - 6.246e+02 1 0))INFO: dtree.c(1315): Comp split 84
INFO: dtree.c(1315): Comp split 85
INFO: dtree.c(1439): stop. leaf nodes are specific
INFO: dtree.c(1478): Final simple tree
|( QUESTION10 -1 1.438e+03 1.388e+02 8.926e+01
|    ( - 4.695e+02 1 0)
|    ( - 8.296e+02 1 0))
s>    ( QUESTION10 -1 1.438e+03 1.388e+02 8.926e+01
s>        ( - 4.695e+02 1 0)
s>        ( - 8.296e+02 1 0))INFO: dtree.c(1315): Comp split 86
INFO: dtree.c(1439): stop. leaf nodes are specific
INFO: dtree.c(1478): Final simple tree
|( QUESTION6 -1 1.188e+03 1.404e+02 6.972e+01
|    ( - 4.185e+02 1 0)
|    ( - 6.291e+02 1 0))
s>    ( QUESTION6 -1 1.188e+03 1.404e+02 6.972e+01
s>        ( - 4.185e+02 1 0)
s>        ( - 6.291e+02 1 0))INFO: dtree.c(1315): Comp split 87
INFO: dtree.c(1315): Comp split 88
INFO: dtree.c(1315): Comp split 89
INFO: dtree.c(1315): Comp split 90
INFO: dtree.c(1315): Comp split 91
INFO: dtree.c(1315): Comp split 92
INFO: dtree.c(1315): Comp split 93
INFO: dtree.c(1315): Comp split 94
INFO: dtree.c(1315): Comp split 95
INFO: dtree.c(1315): Comp split 96
INFO: dtree.c(1315): Comp split 97
INFO: dtree.c(1315): Comp split 98
INFO: dtree.c(1315): Comp split 99
INFO: dtree.c(1315): Comp split 100
INFO: dtree.c(1315): Comp split 101
INFO: dtree.c(1439): stop. leaf nodes are specific
INFO: dtree.c(1478): Final simple tree
|( QUESTION6 -1 7.331e+02 9.686e+01 4.382e+01
|    ( - 2.757e+02 1 0)
|    ( - 3.606e+02 1 0))
s>    ( QUESTION6 -1 7.331e+02 9.686e+01 4.382e+01
s>        ( - 2.757e+02 1 0)
s>        ( - 3.606e+02 1 0))INFO: dtree.c(1315): Comp split 102
INFO: dtree.c(1439): stop. leaf nodes are specific
INFO: dtree.c(1478): Final simple tree
|( QUESTION7 -1 9.016e+02 9.638e+01 5.369e+01
|    ( - 3.290e+02 1 0)
|    ( - 4.762e+02 1 0))
s>    ( QUESTION7 -1 9.016e+02 9.638e+01 5.369e+01
s>        ( - 3.290e+02 1 0)
s>        ( - 4.762e+02 1 0))INFO: dtree.c(1315): Comp split 103
INFO: dtree.c(1315): Comp split 104
INFO: dtree.c(1315): Comp split 105
INFO: dtree.c(1315): Comp split 106
INFO: dtree.c(1315): Comp split 107
INFO: dtree.c(1315): Comp split 108
INFO: dtree.c(1315): Comp split 109
INFO: dtree.c(1318): stop. leaf nodes are specific
Fri Dec  3 07:39:07 2021
