Current configuration:
[NAME]		[DEFLT]	[VALUE]
-allphones	no	no
-cntthresh	0.00001	1.000000e-05
-csplitmax	100	2000
-csplitmin	1	1
-csplitthr	8e-4	0.000000e+00
-example	no	no
-fullvar	no	no
-help		no	no
-meanfn			
-mixwfn			/home/azhar/Tubes_Speech/commandreminder/model_parameters/commandreminder.cd_ptm_untied/mixture_weights
-moddeffn		/home/azhar/Tubes_Speech/commandreminder/model_architecture/commandreminder.untied.mdef
-mwfloor	1e-4	1.000000e-08
-phone			M
-psetfn			/home/azhar/Tubes_Speech/commandreminder/model_architecture/commandreminder.tree_questions
-ssplitmax	5	7
-ssplitmin	1	1
-ssplitthr	8e-4	0.000000e+00
-state			1
-stwt			1.0,0.05,0.0,
-treefn			/home/azhar/Tubes_Speech/commandreminder/trees/commandreminder.unpruned/M-1.dtree
-ts2cbfn	.semi.	.semi.
-varfloor	0.00001	1.000000e-05
-varfn			

INFO: main.c(223): Reading: /home/azhar/Tubes_Speech/commandreminder/model_architecture/commandreminder.untied.mdef
INFO: model_def_io.c(573): Model definition info:
INFO: model_def_io.c(574): 1061 total models defined (31 base, 1030 tri)
INFO: model_def_io.c(575): 4244 total states
INFO: model_def_io.c(576): 3183 total tied states
INFO: model_def_io.c(577): 93 total tied CI states
INFO: model_def_io.c(578): 31 total tied transition matrices
INFO: model_def_io.c(579): 4 max state/model
INFO: model_def_io.c(580): 4 min state/model
INFO: main.c(242): Building trees for [M A A b] through [M U P i]
INFO: main.c(269): Covering states |[1854 1994]| == 141
INFO: main.c(275): Reading: /home/azhar/Tubes_Speech/commandreminder/model_parameters/commandreminder.cd_ptm_untied/mixture_weights
INFO: s3mixw_io.c(173): Read /home/azhar/Tubes_Speech/commandreminder/model_parameters/commandreminder.cd_ptm_untied/mixture_weights [141x4x64 array]
INFO: main.c(311): 47 of 47 models have observation count greater than 0.000010
INFO: main.c(95): nrm stwt: 0.045 0.909 0.045 
INFO: main.c(411): 47-class entropy: 9.598821e+04
INFO: main.c(549): Reading: /home/azhar/Tubes_Speech/commandreminder/model_architecture/commandreminder.tree_questions
INFO: main.c(588): 174 total simple questions (166 phone; 8 word bndry)
INFO: main.c(590): 40 Left Only questions, and 42 Right Only questions
INFO: dtree.c(1478): Final simple tree
|( QUESTION1 1 1.196e+05 4.825e+03 5.685e+03
|    ( QUESTION19 -1 5.005e+04 2.383e+03 2.446e+03
|        ( - 1.651e+04 2 0 QUESTION0_3_R 1 2.650e+02 9.066e+02)
|        ( QUESTION2_2_L -1 3.116e+04 1.016e+03 1.539e+03
|            ( - 1.510e+04 7 0 WDBNDRY_B 0 4.278e+02 8.004e+02)
|            ( - 1.503e+04 9 0 QUESTION4 -1 4.993e+02 7.385e+02)))
|    ( QUESTION3 1 6.470e+04 2.097e+03 3.240e+03
|        ( WDBNDRY_I 0 2.684e+04 8.527e+02 1.350e+03
|            ( - 1.538e+04 2 0)
|            ( - 1.061e+04 6 0 QUESTION2_6_L -1 5.279e+02 5.370e+02))
|        ( QUESTION0_0_R 1 3.576e+04 1.271e+03 1.890e+03
|            ( - 1.042e+04 4 0 WDBNDRY_B 0 2.179e+02 6.440e+02)
|            ( QUESTION2_1_L -1 2.408e+04 6.769e+02 1.246e+03
|                ( - 1.199e+04 9 0 QUESTION0_17_R 1 3.652e+02 6.157e+02)
|                ( - 1.141e+04 8 0 QUESTION0_7_R 1 5.610e+02 6.300e+02)))))
s>    ( QUESTION1 1 1.196e+05 4.825e+03 5.685e+03
s>        ( QUESTION19 -1 5.005e+04 2.383e+03 2.446e+03
s>            ( - 1.651e+04 2 0 QUESTION0_3_R 1 2.650e+02 9.066e+02)
s>            ( QUESTION2_2_L -1 3.116e+04 1.016e+03 1.539e+03
s>                ( - 1.510e+04 7 0 WDBNDRY_B 0 4.278e+02 8.004e+02)
s>                ( - 1.503e+04 9 0 QUESTION4 -1 4.993e+02 7.385e+02)))
s>        ( QUESTION3 1 6.470e+04 2.097e+03 3.240e+03
s>            ( WDBNDRY_I 0 2.684e+04 8.527e+02 1.350e+03
s>                ( - 1.538e+04 2 0)
s>                ( - 1.061e+04 6 0 QUESTION2_6_L -1 5.279e+02 5.370e+02))
s>            ( QUESTION0_0_R 1 3.576e+04 1.271e+03 1.890e+03
s>                ( - 1.042e+04 4 0 WDBNDRY_B 0 2.179e+02 6.440e+02)
s>                ( QUESTION2_1_L -1 2.408e+04 6.769e+02 1.246e+03
s>                    ( - 1.199e+04 9 0 QUESTION0_17_R 1 3.652e+02 6.157e+02)
s>                    ( - 1.141e+04 8 0 QUESTION0_7_R 1 5.610e+02 6.300e+02)))))INFO: dtree.c(1315): Comp split 0
INFO: dtree.c(1478): Final simple tree
|( QUESTION3 1 6.470e+04 2.097e+03 3.240e+03
|    ( WDBNDRY_I 0 2.684e+04 8.527e+02 1.350e+03
|        ( - 1.538e+04 2 0)
|        ( QUESTION2_6_L -1 1.061e+04 5.279e+02 5.370e+02
|            ( - 4.023e+03 2 0 QUESTION0 -1 2.675e+02 2.230e+02)
|            ( - 6.056e+03 4 0 QUESTION0 -1 3.277e+02 3.140e+02)))
|    ( QUESTION0_0_R 1 3.576e+04 1.271e+03 1.890e+03
|        ( - 1.042e+04 4 0 WDBNDRY_B 0 2.179e+02 6.440e+02)
|        ( QUESTION2_1_L -1 2.408e+04 6.769e+02 1.246e+03
|            ( - 1.199e+04 9 0 QUESTION0_17_R 1 3.652e+02 6.157e+02)
|            ( QUESTION0_7_R 1 1.141e+04 5.610e+02 6.300e+02
|                ( - 2.705e+03 4 0 QUESTION3 -1 2.740e+02 1.465e+02)
|                ( QUESTION3 -1 8.144e+03 3.769e+02 4.835e+02
|                    ( - 1.929e+03 1 0)
|                    ( - 5.838e+03 3 0 QUESTION1 -1 2.958e+02 3.572e+02))))))
s>    ( QUESTION3 1 6.470e+04 2.097e+03 3.240e+03
s>        ( WDBNDRY_I 0 2.684e+04 8.527e+02 1.350e+03
s>            ( - 1.538e+04 2 0)
s>            ( QUESTION2_6_L -1 1.061e+04 5.279e+02 5.370e+02
s>                ( - 4.023e+03 2 0 QUESTION0 -1 2.675e+02 2.230e+02)
s>                ( - 6.056e+03 4 0 QUESTION0 -1 3.277e+02 3.140e+02)))
s>        ( QUESTION0_0_R 1 3.576e+04 1.271e+03 1.890e+03
s>            ( - 1.042e+04 4 0 WDBNDRY_B 0 2.179e+02 6.440e+02)
s>            ( QUESTION2_1_L -1 2.408e+04 6.769e+02 1.246e+03
s>                ( - 1.199e+04 9 0 QUESTION0_17_R 1 3.652e+02 6.157e+02)
s>                ( QUESTION0_7_R 1 1.141e+04 5.610e+02 6.300e+02
s>                    ( - 2.705e+03 4 0 QUESTION3 -1 2.740e+02 1.465e+02)
s>                    ( QUESTION3 -1 8.144e+03 3.769e+02 4.835e+02
s>                        ( - 1.929e+03 1 0)
s>                        ( - 5.838e+03 3 0 QUESTION1 -1 2.958e+02 3.572e+02))))))INFO: dtree.c(1478): Final simple tree
|( QUESTION19 -1 5.005e+04 2.383e+03 2.446e+03
|    ( - 1.651e+04 2 0 QUESTION0_3_R 1 2.650e+02 9.066e+02)
|    ( QUESTION2_2_L -1 3.116e+04 1.016e+03 1.539e+03
|        ( WDBNDRY_B 0 1.510e+04 4.278e+02 8.004e+02
|            ( - 3.162e+03 3 0 QUESTION0_3_R 1 2.158e+02 1.667e+02)
|            ( QUESTION0_3_R 1 1.152e+04 3.449e+02 6.336e+02
|                ( - 2.598e+03 2 0)
|                ( - 8.572e+03 2 0)))
|        ( QUESTION4 -1 1.503e+04 4.993e+02 7.385e+02
|            ( WDBNDRY_B 0 6.030e+03 2.703e+02 3.047e+02
|                ( - 1.617e+03 1 0)
|                ( - 4.142e+03 1 0))
|            ( QUESTION2 -1 8.506e+03 4.258e+02 4.338e+02
|                ( - 4.857e+03 2 0 WDBNDRY_B 0 1.588e+02 2.654e+02)
|                ( - 3.223e+03 5 0 QUESTION9 -1 2.473e+02 1.684e+02)))))
s>    ( QUESTION19 -1 5.005e+04 2.383e+03 2.446e+03
s>        ( - 1.651e+04 2 0 QUESTION0_3_R 1 2.650e+02 9.066e+02)
s>        ( QUESTION2_2_L -1 3.116e+04 1.016e+03 1.539e+03
s>            ( WDBNDRY_B 0 1.510e+04 4.278e+02 8.004e+02
s>                ( - 3.162e+03 3 0 QUESTION0_3_R 1 2.158e+02 1.667e+02)
s>                ( QUESTION0_3_R 1 1.152e+04 3.449e+02 6.336e+02
s>                    ( - 2.598e+03 2 0)
s>                    ( - 8.572e+03 2 0)))
s>            ( QUESTION4 -1 1.503e+04 4.993e+02 7.385e+02
s>                ( WDBNDRY_B 0 6.030e+03 2.703e+02 3.047e+02
s>                    ( - 1.617e+03 1 0)
s>                    ( - 4.142e+03 1 0))
s>                ( QUESTION2 -1 8.506e+03 4.258e+02 4.338e+02
s>                    ( - 4.857e+03 2 0 WDBNDRY_B 0 1.588e+02 2.654e+02)
s>                    ( - 3.223e+03 5 0 QUESTION9 -1 2.473e+02 1.684e+02)))))INFO: dtree.c(1315): Comp split 1
INFO: dtree.c(1478): Final simple tree
|( QUESTION2_2_L -1 3.116e+04 1.016e+03 1.539e+03
|    ( WDBNDRY_B 0 1.510e+04 4.278e+02 8.004e+02
|        ( - 3.162e+03 3 0 QUESTION0_3_R 1 2.158e+02 1.667e+02)
|        ( QUESTION0_3_R 1 1.152e+04 3.449e+02 6.336e+02
|            ( - 2.598e+03 2 0)
|            ( - 8.572e+03 2 0)))
|    ( QUESTION4 -1 1.503e+04 4.993e+02 7.385e+02
|        ( WDBNDRY_B 0 6.030e+03 2.703e+02 3.047e+02
|            ( - 1.617e+03 1 0)
|            ( - 4.142e+03 1 0))
|        ( QUESTION2 -1 8.506e+03 4.258e+02 4.338e+02
|            ( - 4.857e+03 2 0 WDBNDRY_B 0 1.588e+02 2.654e+02)
|            ( QUESTION9 -1 3.223e+03 2.473e+02 1.684e+02
|                ( - 8.365e+02 1 0)
|                ( - 2.139e+03 4 0 QUESTION0_3_R 1 1.863e+02 1.161e+02)))))
s>    ( QUESTION2_2_L -1 3.116e+04 1.016e+03 1.539e+03
s>        ( WDBNDRY_B 0 1.510e+04 4.278e+02 8.004e+02
s>            ( - 3.162e+03 3 0 QUESTION0_3_R 1 2.158e+02 1.667e+02)
s>            ( QUESTION0_3_R 1 1.152e+04 3.449e+02 6.336e+02
s>                ( - 2.598e+03 2 0)
s>                ( - 8.572e+03 2 0)))
s>        ( QUESTION4 -1 1.503e+04 4.993e+02 7.385e+02
s>            ( WDBNDRY_B 0 6.030e+03 2.703e+02 3.047e+02
s>                ( - 1.617e+03 1 0)
s>                ( - 4.142e+03 1 0))
s>            ( QUESTION2 -1 8.506e+03 4.258e+02 4.338e+02
s>                ( - 4.857e+03 2 0 WDBNDRY_B 0 1.588e+02 2.654e+02)
s>                ( QUESTION9 -1 3.223e+03 2.473e+02 1.684e+02
s>                    ( - 8.365e+02 1 0)
s>                    ( - 2.139e+03 4 0 QUESTION0_3_R 1 1.863e+02 1.161e+02)))))INFO: dtree.c(1439): stop. leaf nodes are specific
INFO: dtree.c(1478): Final simple tree
|( QUESTION0_3_R 1 1.651e+04 2.650e+02 9.066e+02
|    ( - 1.528e+04 1 0)
|    ( - 9.636e+02 1 0))
s>    ( QUESTION0_3_R 1 1.651e+04 2.650e+02 9.066e+02
s>        ( - 1.528e+04 1 0)
s>        ( - 9.636e+02 1 0))INFO: dtree.c(1315): Comp split 2
INFO: dtree.c(1478): Final simple tree
|( QUESTION0_0_R 1 3.576e+04 1.271e+03 1.890e+03
|    ( - 1.042e+04 4 0 WDBNDRY_B 0 2.179e+02 6.440e+02)
|    ( QUESTION2_1_L -1 2.408e+04 6.769e+02 1.246e+03
|        ( QUESTION0_17_R 1 1.199e+04 3.652e+02 6.157e+02
|            ( WDBNDRY_E 0 4.795e+03 3.097e+02 2.555e+02
|                ( - 9.403e+02 1 0)
|                ( - 3.545e+03 2 0))
|            ( QUESTION0_15_R 1 6.828e+03 3.324e+02 3.602e+02
|                ( - 1.407e+03 1 0)
|                ( - 5.088e+03 5 0 WDBNDRY_E 0 2.142e+02 2.707e+02)))
|        ( QUESTION0_7_R 1 1.141e+04 5.610e+02 6.300e+02
|            ( - 2.705e+03 4 0 QUESTION3 -1 2.740e+02 1.465e+02)
|            ( QUESTION3 -1 8.144e+03 3.769e+02 4.835e+02
|                ( - 1.929e+03 1 0)
|                ( - 5.838e+03 3 0 QUESTION1 -1 2.958e+02 3.572e+02)))))
s>    ( QUESTION0_0_R 1 3.576e+04 1.271e+03 1.890e+03
s>        ( - 1.042e+04 4 0 WDBNDRY_B 0 2.179e+02 6.440e+02)
s>        ( QUESTION2_1_L -1 2.408e+04 6.769e+02 1.246e+03
s>            ( QUESTION0_17_R 1 1.199e+04 3.652e+02 6.157e+02
s>                ( WDBNDRY_E 0 4.795e+03 3.097e+02 2.555e+02
s>                    ( - 9.403e+02 1 0)
s>                    ( - 3.545e+03 2 0))
s>                ( QUESTION0_15_R 1 6.828e+03 3.324e+02 3.602e+02
s>                    ( - 1.407e+03 1 0)
s>                    ( - 5.088e+03 5 0 WDBNDRY_E 0 2.142e+02 2.707e+02)))
s>            ( QUESTION0_7_R 1 1.141e+04 5.610e+02 6.300e+02
s>                ( - 2.705e+03 4 0 QUESTION3 -1 2.740e+02 1.465e+02)
s>                ( QUESTION3 -1 8.144e+03 3.769e+02 4.835e+02
s>                    ( - 1.929e+03 1 0)
s>                    ( - 5.838e+03 3 0 QUESTION1 -1 2.958e+02 3.572e+02)))))INFO: dtree.c(1439): stop. leaf nodes are specific
INFO: dtree.c(1478): Final simple tree
|( WDBNDRY_I 0 2.684e+04 8.527e+02 1.350e+03
|    ( - 1.538e+04 2 0)
|    ( QUESTION2_6_L -1 1.061e+04 5.279e+02 5.370e+02
|        ( QUESTION0 -1 4.023e+03 2.675e+02 2.230e+02
|            ( - 2.348e+03 1 0)
|            ( - 1.407e+03 1 0))
|        ( QUESTION0 -1 6.056e+03 3.277e+02 3.140e+02
|            ( WDBNDRY_B 0 4.465e+03 2.696e+02 2.346e+02
|                ( - 2.932e+03 1 0)
|                ( - 1.264e+03 1 0))
|            ( QUESTION16 -1 1.264e+03 1.553e+02 7.946e+01
|                ( - 3.058e+02 1 0)
|                ( - 8.027e+02 1 0)))))
s>    ( WDBNDRY_I 0 2.684e+04 8.527e+02 1.350e+03
s>        ( - 1.538e+04 2 0)
s>        ( QUESTION2_6_L -1 1.061e+04 5.279e+02 5.370e+02
s>            ( QUESTION0 -1 4.023e+03 2.675e+02 2.230e+02
s>                ( - 2.348e+03 1 0)
s>                ( - 1.407e+03 1 0))
s>            ( QUESTION0 -1 6.056e+03 3.277e+02 3.140e+02
s>                ( WDBNDRY_B 0 4.465e+03 2.696e+02 2.346e+02
s>                    ( - 2.932e+03 1 0)
s>                    ( - 1.264e+03 1 0))
s>                ( QUESTION16 -1 1.264e+03 1.553e+02 7.946e+01
s>                    ( - 3.058e+02 1 0)
s>                    ( - 8.027e+02 1 0)))))INFO: dtree.c(1315): Comp split 3
INFO: dtree.c(1478): Final simple tree
|( QUESTION2_1_L -1 2.408e+04 6.769e+02 1.246e+03
|    ( QUESTION0_17_R 1 1.199e+04 3.652e+02 6.157e+02
|        ( WDBNDRY_E 0 4.795e+03 3.097e+02 2.555e+02
|            ( - 9.403e+02 1 0)
|            ( - 3.545e+03 2 0))
|        ( QUESTION0_15_R 1 6.828e+03 3.324e+02 3.602e+02
|            ( - 1.407e+03 1 0)
|            ( - 5.088e+03 5 0 WDBNDRY_E 0 2.142e+02 2.707e+02)))
|    ( QUESTION0_7_R 1 1.141e+04 5.610e+02 6.300e+02
|        ( - 2.705e+03 4 0 QUESTION3 -1 2.740e+02 1.465e+02)
|        ( QUESTION3 -1 8.144e+03 3.769e+02 4.835e+02
|            ( - 1.929e+03 1 0)
|            ( QUESTION1 -1 5.838e+03 2.958e+02 3.572e+02
|                ( - 4.249e+03 1 0)
|                ( - 1.293e+03 2 0 QUESTION0_15_R 1 1.582e+02 8.879e+01)))))
s>    ( QUESTION2_1_L -1 2.408e+04 6.769e+02 1.246e+03
s>        ( QUESTION0_17_R 1 1.199e+04 3.652e+02 6.157e+02
s>            ( WDBNDRY_E 0 4.795e+03 3.097e+02 2.555e+02
s>                ( - 9.403e+02 1 0)
s>                ( - 3.545e+03 2 0))
s>            ( QUESTION0_15_R 1 6.828e+03 3.324e+02 3.602e+02
s>                ( - 1.407e+03 1 0)
s>                ( - 5.088e+03 5 0 WDBNDRY_E 0 2.142e+02 2.707e+02)))
s>        ( QUESTION0_7_R 1 1.141e+04 5.610e+02 6.300e+02
s>            ( - 2.705e+03 4 0 QUESTION3 -1 2.740e+02 1.465e+02)
s>            ( QUESTION3 -1 8.144e+03 3.769e+02 4.835e+02
s>                ( - 1.929e+03 1 0)
s>                ( QUESTION1 -1 5.838e+03 2.958e+02 3.572e+02
s>                    ( - 4.249e+03 1 0)
s>                    ( - 1.293e+03 2 0 QUESTION0_15_R 1 1.582e+02 8.879e+01)))))INFO: dtree.c(1439): stop. leaf nodes are specific
INFO: dtree.c(1478): Final simple tree
|( WDBNDRY_B 0 1.042e+04 2.179e+02 6.440e+02
|    ( - 1.382e+03 1 0)
|    ( QUESTION1 -1 8.816e+03 1.517e+02 5.467e+02
|        ( - 8.166e+03 2 0)
|        ( - 4.983e+02 1 0)))
s>    ( WDBNDRY_B 0 1.042e+04 2.179e+02 6.440e+02
s>        ( - 1.382e+03 1 0)
s>        ( QUESTION1 -1 8.816e+03 1.517e+02 5.467e+02
s>            ( - 8.166e+03 2 0)
s>            ( - 4.983e+02 1 0)))INFO: dtree.c(1315): Comp split 4
INFO: dtree.c(1478): Final simple tree
|( QUESTION3 -1 1.310e+04 4.963e+02 6.474e+02
|    ( WDBNDRY_B 0 4.857e+03 1.588e+02 2.654e+02
|        ( - 4.891e+02 1 0)
|        ( - 4.209e+03 1 0))
|    ( QUESTION2_0_L -1 7.750e+03 4.126e+02 3.820e+02
|        ( QUESTION0 -1 5.198e+03 2.195e+02 2.659e+02
|            ( - 4.142e+03 1 0)
|            ( - 8.365e+02 1 0))
|        ( QUESTION0_3_R 1 2.139e+03 1.863e+02 1.161e+02
|            ( QUESTION6 -1 7.416e+02 1.160e+02 4.635e+01
|                ( - 2.831e+02 1 0)
|                ( - 3.425e+02 1 0))
|            ( WDBNDRY_B 0 1.212e+03 1.208e+02 6.971e+01
|                ( - 3.524e+02 1 0)
|                ( - 7.384e+02 1 0)))))
s>    ( QUESTION3 -1 1.310e+04 4.963e+02 6.474e+02
s>        ( WDBNDRY_B 0 4.857e+03 1.588e+02 2.654e+02
s>            ( - 4.891e+02 1 0)
s>            ( - 4.209e+03 1 0))
s>        ( QUESTION2_0_L -1 7.750e+03 4.126e+02 3.820e+02
s>            ( QUESTION0 -1 5.198e+03 2.195e+02 2.659e+02
s>                ( - 4.142e+03 1 0)
s>                ( - 8.365e+02 1 0))
s>            ( QUESTION0_3_R 1 2.139e+03 1.863e+02 1.161e+02
s>                ( QUESTION6 -1 7.416e+02 1.160e+02 4.635e+01
s>                    ( - 2.831e+02 1 0)
s>                    ( - 3.425e+02 1 0))
s>                ( WDBNDRY_B 0 1.212e+03 1.208e+02 6.971e+01
s>                    ( - 3.524e+02 1 0)
s>                    ( - 7.384e+02 1 0)))))INFO: dtree.c(1439): stop. leaf nodes are specific
INFO: dtree.c(1478): Final simple tree
|( WDBNDRY_B 0 1.703e+04 4.483e+02 8.915e+02
|    ( QUESTION1 -1 5.062e+03 2.830e+02 2.579e+02
|        ( QUESTION0_3_R 1 3.162e+03 2.158e+02 1.667e+02
|            ( - 1.221e+03 1 0)
|            ( - 1.726e+03 2 0))
|        ( - 1.617e+03 1 0))
|    ( QUESTION0_3_R 1 1.152e+04 3.449e+02 6.336e+02
|        ( - 2.598e+03 2 0)
|        ( - 8.572e+03 2 0)))
s>    ( WDBNDRY_B 0 1.703e+04 4.483e+02 8.915e+02
s>        ( QUESTION1 -1 5.062e+03 2.830e+02 2.579e+02
s>            ( QUESTION0_3_R 1 3.162e+03 2.158e+02 1.667e+02
s>                ( - 1.221e+03 1 0)
s>                ( - 1.726e+03 2 0))
s>            ( - 1.617e+03 1 0))
s>        ( QUESTION0_3_R 1 1.152e+04 3.449e+02 6.336e+02
s>            ( - 2.598e+03 2 0)
s>            ( - 8.572e+03 2 0)))INFO: dtree.c(1315): Comp split 5
INFO: dtree.c(1439): stop. leaf nodes are specific
INFO: dtree.c(1478): Final simple tree
|( QUESTION2_6_L -1 1.061e+04 5.279e+02 5.370e+02
|    ( QUESTION0 -1 4.023e+03 2.675e+02 2.230e+02
|        ( - 2.348e+03 1 0)
|        ( - 1.407e+03 1 0))
|    ( QUESTION0 -1 6.056e+03 3.277e+02 3.140e+02
|        ( WDBNDRY_B 0 4.465e+03 2.696e+02 2.346e+02
|            ( - 2.932e+03 1 0)
|            ( - 1.264e+03 1 0))
|        ( QUESTION16 -1 1.264e+03 1.553e+02 7.946e+01
|            ( - 3.058e+02 1 0)
|            ( - 8.027e+02 1 0))))
s>    ( QUESTION2_6_L -1 1.061e+04 5.279e+02 5.370e+02
s>        ( QUESTION0 -1 4.023e+03 2.675e+02 2.230e+02
s>            ( - 2.348e+03 1 0)
s>            ( - 1.407e+03 1 0))
s>        ( QUESTION0 -1 6.056e+03 3.277e+02 3.140e+02
s>            ( WDBNDRY_B 0 4.465e+03 2.696e+02 2.346e+02
s>                ( - 2.932e+03 1 0)
s>                ( - 1.264e+03 1 0))
s>            ( QUESTION16 -1 1.264e+03 1.553e+02 7.946e+01
s>                ( - 3.058e+02 1 0)
s>                ( - 8.027e+02 1 0))))INFO: dtree.c(1315): Comp split 6
INFO: dtree.c(1439): stop. leaf nodes are specific
INFO: dtree.c(1478): Final simple tree
|( QUESTION3 -1 8.144e+03 3.769e+02 4.835e+02
|    ( - 1.929e+03 1 0)
|    ( QUESTION1 -1 5.838e+03 2.958e+02 3.572e+02
|        ( - 4.249e+03 1 0)
|        ( QUESTION0_15_R 1 1.293e+03 1.582e+02 8.879e+01
|            ( - 7.224e+02 1 0)
|            ( - 4.121e+02 1 0))))
s>    ( QUESTION3 -1 8.144e+03 3.769e+02 4.835e+02
s>        ( - 1.929e+03 1 0)
s>        ( QUESTION1 -1 5.838e+03 2.958e+02 3.572e+02
s>            ( - 4.249e+03 1 0)
s>            ( QUESTION0_15_R 1 1.293e+03 1.582e+02 8.879e+01
s>                ( - 7.224e+02 1 0)
s>                ( - 4.121e+02 1 0))))INFO: dtree.c(1478): Final simple tree
|( QUESTION1 -1 1.513e+04 4.393e+02 7.622e+02
|    ( QUESTION0_17_R 1 1.199e+04 3.652e+02 6.157e+02
|        ( WDBNDRY_E 0 4.795e+03 3.097e+02 2.555e+02
|            ( - 9.403e+02 1 0)
|            ( - 3.545e+03 2 0))
|        ( QUESTION0_15_R 1 6.828e+03 3.324e+02 3.602e+02
|            ( - 1.407e+03 1 0)
|            ( WDBNDRY_E 0 5.088e+03 2.142e+02 2.707e+02
|                ( - 1.517e+03 2 0)
|                ( QUESTION0_7_R 1 3.357e+03 1.876e+02 1.826e+02
|                    ( - 2.292e+03 2 0)
|                    ( - 8.779e+02 1 0)))))
|    ( QUESTION3 -1 2.705e+03 2.740e+02 1.465e+02
|        ( - 8.703e+02 2 0 WDBNDRY_E 0 1.221e+02 5.344e+01)
|        ( - 1.561e+03 2 0 WDBNDRY_E 0 1.482e+02 9.304e+01)))
s>    ( QUESTION1 -1 1.513e+04 4.393e+02 7.622e+02
s>        ( QUESTION0_17_R 1 1.199e+04 3.652e+02 6.157e+02
s>            ( WDBNDRY_E 0 4.795e+03 3.097e+02 2.555e+02
s>                ( - 9.403e+02 1 0)
s>                ( - 3.545e+03 2 0))
s>            ( QUESTION0_15_R 1 6.828e+03 3.324e+02 3.602e+02
s>                ( - 1.407e+03 1 0)
s>                ( WDBNDRY_E 0 5.088e+03 2.142e+02 2.707e+02
s>                    ( - 1.517e+03 2 0)
s>                    ( QUESTION0_7_R 1 3.357e+03 1.876e+02 1.826e+02
s>                        ( - 2.292e+03 2 0)
s>                        ( - 8.779e+02 1 0)))))
s>        ( QUESTION3 -1 2.705e+03 2.740e+02 1.465e+02
s>            ( - 8.703e+02 2 0 WDBNDRY_E 0 1.221e+02 5.344e+01)
s>            ( - 1.561e+03 2 0 WDBNDRY_E 0 1.482e+02 9.304e+01)))INFO: dtree.c(1315): Comp split 7
INFO: dtree.c(1439): stop. leaf nodes are specific
INFO: dtree.c(1478): Final simple tree
|( WDBNDRY_B 0 5.532e+03 3.085e+02 2.916e+02
|    ( QUESTION0 -1 3.960e+03 2.255e+02 2.183e+02
|        ( - 2.932e+03 1 0)
|        ( - 8.027e+02 1 0))
|    ( - 1.264e+03 1 0))
s>    ( WDBNDRY_B 0 5.532e+03 3.085e+02 2.916e+02
s>        ( QUESTION0 -1 3.960e+03 2.255e+02 2.183e+02
s>            ( - 2.932e+03 1 0)
s>            ( - 8.027e+02 1 0))
s>        ( - 1.264e+03 1 0))INFO: dtree.c(1439): stop. leaf nodes are specific
INFO: dtree.c(1478): Final simple tree
|( QUESTION0 -1 4.534e+03 3.096e+02 2.454e+02
|    ( - 2.348e+03 1 0)
|    ( QUESTION16 -1 1.876e+03 1.635e+02 1.049e+02
|        ( - 3.058e+02 1 0)
|        ( - 1.407e+03 1 0)))
s>    ( QUESTION0 -1 4.534e+03 3.096e+02 2.454e+02
s>        ( - 2.348e+03 1 0)
s>        ( QUESTION16 -1 1.876e+03 1.635e+02 1.049e+02
s>            ( - 3.058e+02 1 0)
s>            ( - 1.407e+03 1 0)))INFO: dtree.c(1315): Comp split 8
INFO: dtree.c(1439): stop. leaf nodes are specific
INFO: dtree.c(1478): Final simple tree
|( QUESTION1 -1 8.180e+03 3.520e+02 4.308e+02
|    ( WDBNDRY_E 0 6.267e+03 2.514e+02 3.378e+02
|        ( QUESTION0_7_R 1 2.659e+03 2.014e+02 1.552e+02
|            ( - 1.517e+03 2 0)
|            ( - 9.403e+02 1 0))
|        ( QUESTION0_7_R 1 3.357e+03 1.876e+02 1.826e+02
|            ( - 2.292e+03 2 0)
|            ( - 8.779e+02 1 0)))
|    ( WDBNDRY_E 0 1.561e+03 1.482e+02 9.304e+01
|        ( - 3.814e+02 1 0)
|        ( - 1.031e+03 1 0)))
s>    ( QUESTION1 -1 8.180e+03 3.520e+02 4.308e+02
s>        ( WDBNDRY_E 0 6.267e+03 2.514e+02 3.378e+02
s>            ( QUESTION0_7_R 1 2.659e+03 2.014e+02 1.552e+02
s>                ( - 1.517e+03 2 0)
s>                ( - 9.403e+02 1 0))
s>            ( QUESTION0_7_R 1 3.357e+03 1.876e+02 1.826e+02
s>                ( - 2.292e+03 2 0)
s>                ( - 8.779e+02 1 0)))
s>        ( WDBNDRY_E 0 1.561e+03 1.482e+02 9.304e+01
s>            ( - 3.814e+02 1 0)
s>            ( - 1.031e+03 1 0)))INFO: dtree.c(1439): stop. leaf nodes are specific
INFO: dtree.c(1478): Final simple tree
|( QUESTION0_16_R 1 6.440e+03 3.837e+02 3.314e+02
|    ( - 3.545e+03 2 0)
|    ( QUESTION0_7_R 1 2.511e+03 2.336e+02 1.430e+02
|        ( WDBNDRY_E 0 8.703e+02 1.221e+02 5.344e+01
|            ( - 2.836e+02 1 0)
|            ( - 4.646e+02 1 0))
|        ( - 1.407e+03 1 0)))
s>    ( QUESTION0_16_R 1 6.440e+03 3.837e+02 3.314e+02
s>        ( - 3.545e+03 2 0)
s>        ( QUESTION0_7_R 1 2.511e+03 2.336e+02 1.430e+02
s>            ( WDBNDRY_E 0 8.703e+02 1.221e+02 5.344e+01
s>                ( - 2.836e+02 1 0)
s>                ( - 4.646e+02 1 0))
s>            ( - 1.407e+03 1 0)))INFO: dtree.c(1315): Comp split 9
INFO: dtree.c(1439): stop. leaf nodes are specific
INFO: dtree.c(1478): Final simple tree
|( QUESTION2_0_L -1 7.750e+03 4.126e+02 3.820e+02
|    ( QUESTION0 -1 5.198e+03 2.195e+02 2.659e+02
|        ( - 4.142e+03 1 0)
|        ( - 8.365e+02 1 0))
|    ( QUESTION0_3_R 1 2.139e+03 1.863e+02 1.161e+02
|        ( QUESTION6 -1 7.416e+02 1.160e+02 4.635e+01
|            ( - 2.831e+02 1 0)
|            ( - 3.425e+02 1 0))
|        ( WDBNDRY_B 0 1.212e+03 1.208e+02 6.971e+01
|            ( - 3.524e+02 1 0)
|            ( - 7.384e+02 1 0))))
s>    ( QUESTION2_0_L -1 7.750e+03 4.126e+02 3.820e+02
s>        ( QUESTION0 -1 5.198e+03 2.195e+02 2.659e+02
s>            ( - 4.142e+03 1 0)
s>            ( - 8.365e+02 1 0))
s>        ( QUESTION0_3_R 1 2.139e+03 1.863e+02 1.161e+02
s>            ( QUESTION6 -1 7.416e+02 1.160e+02 4.635e+01
s>                ( - 2.831e+02 1 0)
s>                ( - 3.425e+02 1 0))
s>            ( WDBNDRY_B 0 1.212e+03 1.208e+02 6.971e+01
s>                ( - 3.524e+02 1 0)
s>                ( - 7.384e+02 1 0))))INFO: dtree.c(1439): stop. leaf nodes are specific
INFO: dtree.c(1478): Final simple tree
|( WDBNDRY_B 0 4.857e+03 1.588e+02 2.654e+02
|    ( - 4.891e+02 1 0)
|    ( - 4.209e+03 1 0))
s>    ( WDBNDRY_B 0 4.857e+03 1.588e+02 2.654e+02
s>        ( - 4.891e+02 1 0)
s>        ( - 4.209e+03 1 0))INFO: dtree.c(1315): Comp split 10
INFO: dtree.c(1439): stop. leaf nodes are specific
INFO: dtree.c(1478): Final simple tree
|( WDBNDRY_B 0 7.970e+03 3.093e+02 4.054e+02
|    ( QUESTION1 -1 5.062e+03 2.830e+02 2.579e+02
|        ( QUESTION0_3_R 1 3.162e+03 2.158e+02 1.667e+02
|            ( - 1.221e+03 1 0)
|            ( - 1.726e+03 2 0))
|        ( - 1.617e+03 1 0))
|    ( - 2.598e+03 2 0))
s>    ( WDBNDRY_B 0 7.970e+03 3.093e+02 4.054e+02
s>        ( QUESTION1 -1 5.062e+03 2.830e+02 2.579e+02
s>            ( QUESTION0_3_R 1 3.162e+03 2.158e+02 1.667e+02
s>                ( - 1.221e+03 1 0)
s>                ( - 1.726e+03 2 0))
s>            ( - 1.617e+03 1 0))
s>        ( - 2.598e+03 2 0))INFO: dtree.c(1315): Comp split 11
INFO: dtree.c(1439): stop. leaf nodes are specific
INFO: dtree.c(1478): Final simple tree
|( QUESTION0_3_R 1 2.139e+03 1.863e+02 1.161e+02
|    ( QUESTION6 -1 7.416e+02 1.160e+02 4.635e+01
|        ( - 2.831e+02 1 0)
|        ( - 3.425e+02 1 0))
|    ( WDBNDRY_B 0 1.212e+03 1.208e+02 6.971e+01
|        ( - 3.524e+02 1 0)
|        ( - 7.384e+02 1 0)))
s>    ( QUESTION0_3_R 1 2.139e+03 1.863e+02 1.161e+02
s>        ( QUESTION6 -1 7.416e+02 1.160e+02 4.635e+01
s>            ( - 2.831e+02 1 0)
s>            ( - 3.425e+02 1 0))
s>        ( WDBNDRY_B 0 1.212e+03 1.208e+02 6.971e+01
s>            ( - 3.524e+02 1 0)
s>            ( - 7.384e+02 1 0)))INFO: dtree.c(1439): stop. leaf nodes are specific
INFO: dtree.c(1478): Final simple tree
|( QUESTION0 -1 5.198e+03 2.195e+02 2.659e+02
|    ( - 4.142e+03 1 0)
|    ( - 8.365e+02 1 0))
s>    ( QUESTION0 -1 5.198e+03 2.195e+02 2.659e+02
s>        ( - 4.142e+03 1 0)
s>        ( - 8.365e+02 1 0))INFO: dtree.c(1315): Comp split 12
INFO: dtree.c(1439): stop. leaf nodes are specific
INFO: dtree.c(1478): Final simple tree
|( QUESTION0_7_R 1 2.511e+03 2.336e+02 1.430e+02
|    ( WDBNDRY_E 0 8.703e+02 1.221e+02 5.344e+01
|        ( - 2.836e+02 1 0)
|        ( - 4.646e+02 1 0))
|    ( - 1.407e+03 1 0))
s>    ( QUESTION0_7_R 1 2.511e+03 2.336e+02 1.430e+02
s>        ( WDBNDRY_E 0 8.703e+02 1.221e+02 5.344e+01
s>            ( - 2.836e+02 1 0)
s>            ( - 4.646e+02 1 0))
s>        ( - 1.407e+03 1 0))INFO: dtree.c(1315): Comp split 13
INFO: dtree.c(1439): stop. leaf nodes are specific
INFO: dtree.c(1478): Final simple tree
|( QUESTION1 -1 5.838e+03 2.958e+02 3.572e+02
|    ( - 4.249e+03 1 0)
|    ( QUESTION0_15_R 1 1.293e+03 1.582e+02 8.879e+01
|        ( - 7.224e+02 1 0)
|        ( - 4.121e+02 1 0)))
s>    ( QUESTION1 -1 5.838e+03 2.958e+02 3.572e+02
s>        ( - 4.249e+03 1 0)
s>        ( QUESTION0_15_R 1 1.293e+03 1.582e+02 8.879e+01
s>            ( - 7.224e+02 1 0)
s>            ( - 4.121e+02 1 0)))INFO: dtree.c(1315): Comp split 14
INFO: dtree.c(1439): stop. leaf nodes are specific
INFO: dtree.c(1478): Final simple tree
|( WDBNDRY_E 0 6.267e+03 2.514e+02 3.378e+02
|    ( QUESTION0_7_R 1 2.659e+03 2.014e+02 1.552e+02
|        ( - 1.517e+03 2 0)
|        ( - 9.403e+02 1 0))
|    ( QUESTION0_7_R 1 3.357e+03 1.876e+02 1.826e+02
|        ( - 2.292e+03 2 0)
|        ( - 8.779e+02 1 0)))
s>    ( WDBNDRY_E 0 6.267e+03 2.514e+02 3.378e+02
s>        ( QUESTION0_7_R 1 2.659e+03 2.014e+02 1.552e+02
s>            ( - 1.517e+03 2 0)
s>            ( - 9.403e+02 1 0))
s>        ( QUESTION0_7_R 1 3.357e+03 1.876e+02 1.826e+02
s>            ( - 2.292e+03 2 0)
s>            ( - 8.779e+02 1 0)))INFO: dtree.c(1439): stop. leaf nodes are specific
INFO: dtree.c(1478): Final simple tree
|( WDBNDRY_E 0 1.561e+03 1.482e+02 9.304e+01
|    ( - 3.814e+02 1 0)
|    ( - 1.031e+03 1 0))
s>    ( WDBNDRY_E 0 1.561e+03 1.482e+02 9.304e+01
s>        ( - 3.814e+02 1 0)
s>        ( - 1.031e+03 1 0))INFO: dtree.c(1315): Comp split 15
INFO: dtree.c(1439): stop. leaf nodes are specific
INFO: dtree.c(1478): Final simple tree
|( QUESTION0_3_R 1 3.162e+03 2.158e+02 1.667e+02
|    ( - 1.221e+03 1 0)
|    ( - 1.726e+03 2 0))
s>    ( QUESTION0_3_R 1 3.162e+03 2.158e+02 1.667e+02
s>        ( - 1.221e+03 1 0)
s>        ( - 1.726e+03 2 0))INFO: dtree.c(1439): stop. leaf nodes are specific
INFO: dtree.c(1478): Final simple tree
|( WDBNDRY_B 0 4.464e+03 2.481e+02 2.387e+02
|    ( - 1.617e+03 1 0)
|    ( - 2.598e+03 2 0))
s>    ( WDBNDRY_B 0 4.464e+03 2.481e+02 2.387e+02
s>        ( - 1.617e+03 1 0)
s>        ( - 2.598e+03 2 0))INFO: dtree.c(1315): Comp split 16
INFO: dtree.c(1439): stop. leaf nodes are specific
INFO: dtree.c(1478): Final simple tree
|( QUESTION16 -1 1.876e+03 1.635e+02 1.049e+02
|    ( - 3.058e+02 1 0)
|    ( - 1.407e+03 1 0))
s>    ( QUESTION16 -1 1.876e+03 1.635e+02 1.049e+02
s>        ( - 3.058e+02 1 0)
s>        ( - 1.407e+03 1 0))INFO: dtree.c(1315): Comp split 17
INFO: dtree.c(1439): stop. leaf nodes are specific
INFO: dtree.c(1478): Final simple tree
|( QUESTION0 -1 3.960e+03 2.255e+02 2.183e+02
|    ( - 2.932e+03 1 0)
|    ( - 8.027e+02 1 0))
s>    ( QUESTION0 -1 3.960e+03 2.255e+02 2.183e+02
s>        ( - 2.932e+03 1 0)
s>        ( - 8.027e+02 1 0))INFO: dtree.c(1315): Comp split 18
INFO: dtree.c(1439): stop. leaf nodes are specific
INFO: dtree.c(1478): Final simple tree
|( QUESTION0_15_R 1 1.293e+03 1.582e+02 8.879e+01
|    ( - 7.224e+02 1 0)
|    ( - 4.121e+02 1 0))
s>    ( QUESTION0_15_R 1 1.293e+03 1.582e+02 8.879e+01
s>        ( - 7.224e+02 1 0)
s>        ( - 4.121e+02 1 0))INFO: dtree.c(1315): Comp split 19
INFO: dtree.c(1315): Comp split 20
INFO: dtree.c(1439): stop. leaf nodes are specific
INFO: dtree.c(1478): Final simple tree
|( QUESTION0_7_R 1 3.357e+03 1.876e+02 1.826e+02
|    ( - 2.292e+03 2 0)
|    ( - 8.779e+02 1 0))
s>    ( QUESTION0_7_R 1 3.357e+03 1.876e+02 1.826e+02
s>        ( - 2.292e+03 2 0)
s>        ( - 8.779e+02 1 0))INFO: dtree.c(1439): stop. leaf nodes are specific
INFO: dtree.c(1478): Final simple tree
|( QUESTION0_7_R 1 2.659e+03 2.014e+02 1.552e+02
|    ( - 1.517e+03 2 0)
|    ( - 9.403e+02 1 0))
s>    ( QUESTION0_7_R 1 2.659e+03 2.014e+02 1.552e+02
s>        ( - 1.517e+03 2 0)
s>        ( - 9.403e+02 1 0))INFO: dtree.c(1315): Comp split 21
INFO: dtree.c(1315): Comp split 22
INFO: dtree.c(1439): stop. leaf nodes are specific
INFO: dtree.c(1478): Final simple tree
|( WDBNDRY_E 0 8.703e+02 1.221e+02 5.344e+01
|    ( - 2.836e+02 1 0)
|    ( - 4.646e+02 1 0))
s>    ( WDBNDRY_E 0 8.703e+02 1.221e+02 5.344e+01
s>        ( - 2.836e+02 1 0)
s>        ( - 4.646e+02 1 0))INFO: dtree.c(1315): Comp split 23
INFO: dtree.c(1315): Comp split 24
INFO: dtree.c(1315): Comp split 25
INFO: dtree.c(1439): stop. leaf nodes are specific
INFO: dtree.c(1478): Final simple tree
|( QUESTION1 -1 8.816e+03 1.517e+02 5.467e+02
|    ( - 8.166e+03 2 0)
|    ( - 4.983e+02 1 0))
s>    ( QUESTION1 -1 8.816e+03 1.517e+02 5.467e+02
s>        ( - 8.166e+03 2 0)
s>        ( - 4.983e+02 1 0))INFO: dtree.c(1315): Comp split 26
INFO: dtree.c(1315): Comp split 27
INFO: dtree.c(1315): Comp split 28
INFO: dtree.c(1315): Comp split 29
INFO: dtree.c(1439): stop. leaf nodes are specific
INFO: dtree.c(1478): Final simple tree
|( WDBNDRY_B 0 1.212e+03 1.208e+02 6.971e+01
|    ( - 3.524e+02 1 0)
|    ( - 7.384e+02 1 0))
s>    ( WDBNDRY_B 0 1.212e+03 1.208e+02 6.971e+01
s>        ( - 3.524e+02 1 0)
s>        ( - 7.384e+02 1 0))INFO: dtree.c(1439): stop. leaf nodes are specific
INFO: dtree.c(1478): Final simple tree
|( QUESTION6 -1 7.416e+02 1.160e+02 4.635e+01
|    ( - 2.831e+02 1 0)
|    ( - 3.425e+02 1 0))
s>    ( QUESTION6 -1 7.416e+02 1.160e+02 4.635e+01
s>        ( - 2.831e+02 1 0)
s>        ( - 3.425e+02 1 0))INFO: dtree.c(1315): Comp split 30
INFO: dtree.c(1315): Comp split 31
INFO: dtree.c(1315): Comp split 32
INFO: dtree.c(1315): Comp split 33
INFO: dtree.c(1315): Comp split 34
INFO: dtree.c(1315): Comp split 35
INFO: dtree.c(1315): Comp split 36
INFO: dtree.c(1315): Comp split 37
INFO: dtree.c(1315): Comp split 38
INFO: dtree.c(1318): stop. leaf nodes are specific
Fri Dec  3 07:39:12 2021
