Current configuration:
[NAME]		[DEFLT]	[VALUE]
-allphones	no	no
-cntthresh	0.00001	1.000000e-05
-csplitmax	100	2000
-csplitmin	1	1
-csplitthr	8e-4	0.000000e+00
-example	no	no
-fullvar	no	no
-help		no	no
-meanfn			
-mixwfn			/home/azhar/Tubes_Speech/commandreminder/model_parameters/commandreminder.cd_ptm_untied/mixture_weights
-moddeffn		/home/azhar/Tubes_Speech/commandreminder/model_architecture/commandreminder.untied.mdef
-mwfloor	1e-4	1.000000e-08
-phone			F
-psetfn			/home/azhar/Tubes_Speech/commandreminder/model_architecture/commandreminder.tree_questions
-ssplitmax	5	7
-ssplitmin	1	1
-ssplitthr	8e-4	0.000000e+00
-state			1
-stwt			1.0,0.05,0.0,
-treefn			/home/azhar/Tubes_Speech/commandreminder/trees/commandreminder.unpruned/F-1.dtree
-ts2cbfn	.semi.	.semi.
-varfloor	0.00001	1.000000e-05
-varfn			

INFO: main.c(223): Reading: /home/azhar/Tubes_Speech/commandreminder/model_architecture/commandreminder.untied.mdef
INFO: model_def_io.c(573): Model definition info:
INFO: model_def_io.c(574): 1061 total models defined (31 base, 1030 tri)
INFO: model_def_io.c(575): 4244 total states
INFO: model_def_io.c(576): 3183 total tied states
INFO: model_def_io.c(577): 93 total tied CI states
INFO: model_def_io.c(578): 31 total tied transition matrices
INFO: model_def_io.c(579): 4 max state/model
INFO: model_def_io.c(580): 4 min state/model
INFO: main.c(242): Building trees for [F A EE b] through [F U EE b]
INFO: main.c(269): Covering states |[1053 1088]| == 36
INFO: main.c(275): Reading: /home/azhar/Tubes_Speech/commandreminder/model_parameters/commandreminder.cd_ptm_untied/mixture_weights
INFO: s3mixw_io.c(173): Read /home/azhar/Tubes_Speech/commandreminder/model_parameters/commandreminder.cd_ptm_untied/mixture_weights [36x4x64 array]
INFO: main.c(311): 12 of 12 models have observation count greater than 0.000010
INFO: main.c(95): nrm stwt: 0.045 0.909 0.045 
INFO: main.c(411): 12-class entropy: 9.373140e+03
INFO: main.c(549): Reading: /home/azhar/Tubes_Speech/commandreminder/model_architecture/commandreminder.tree_questions
INFO: main.c(588): 174 total simple questions (166 phone; 8 word bndry)
INFO: main.c(590): 40 Left Only questions, and 42 Right Only questions
INFO: dtree.c(1478): Final simple tree
|( QUESTION1 1 1.178e+04 5.935e+02 5.599e+02
|    ( QUESTION0_3_R 1 9.005e+03 3.414e+02 4.470e+02
|        ( QUESTION0 -1 8.082e+03 2.796e+02 4.080e+02
|            ( WDBNDRY_B 0 5.609e+03 1.806e+02 2.952e+02
|                ( - 1.899e+03 3 0 QUESTION1 -1 1.372e+02 1.011e+02)
|                ( - 3.530e+03 1 0))
|            ( WDBNDRY_B 0 2.193e+03 1.731e+02 1.128e+02
|                ( QUESTION2_0_L -1 1.497e+03 1.395e+02 8.080e+01
|                    ( - 6.634e+02 1 0)
|                    ( - 6.941e+02 1 0))
|                ( - 5.230e+02 1 0)))
|        ( - 5.814e+02 1 0))
|    ( QUESTION3 1 2.182e+03 2.535e+02 1.129e+02
|        ( - 1.024e+03 2 0 QUESTION0 -1 1.100e+02 6.059e+01)
|        ( - 9.049e+02 2 0 QUESTION0_1_R 1 9.913e+01 5.231e+01)))
s>    ( QUESTION1 1 1.178e+04 5.935e+02 5.599e+02
s>        ( QUESTION0_3_R 1 9.005e+03 3.414e+02 4.470e+02
s>            ( QUESTION0 -1 8.082e+03 2.796e+02 4.080e+02
s>                ( WDBNDRY_B 0 5.609e+03 1.806e+02 2.952e+02
s>                    ( - 1.899e+03 3 0 QUESTION1 -1 1.372e+02 1.011e+02)
s>                    ( - 3.530e+03 1 0))
s>                ( WDBNDRY_B 0 2.193e+03 1.731e+02 1.128e+02
s>                    ( QUESTION2_0_L -1 1.497e+03 1.395e+02 8.080e+01
s>                        ( - 6.634e+02 1 0)
s>                        ( - 6.941e+02 1 0))
s>                    ( - 5.230e+02 1 0)))
s>            ( - 5.814e+02 1 0))
s>        ( QUESTION3 1 2.182e+03 2.535e+02 1.129e+02
s>            ( - 1.024e+03 2 0 QUESTION0 -1 1.100e+02 6.059e+01)
s>            ( - 9.049e+02 2 0 QUESTION0_1_R 1 9.913e+01 5.231e+01)))INFO: dtree.c(1315): Comp split 0
INFO: dtree.c(1439): stop. leaf nodes are specific
INFO: dtree.c(1478): Final simple tree
|( QUESTION4 -1 7.328e+03 2.228e+02 3.760e+02
|    ( WDBNDRY_B 0 4.290e+03 1.434e+02 2.323e+02
|        ( - 6.174e+02 1 0)
|        ( - 3.530e+03 1 0))
|    ( QUESTION2_6_L -1 2.815e+03 1.787e+02 1.437e+02
|        ( QUESTION0 -1 1.293e+03 1.281e+02 7.219e+01
|            ( - 5.019e+02 1 0)
|            ( - 6.634e+02 1 0))
|        ( QUESTION0 -1 1.343e+03 1.057e+02 7.151e+01
|            ( - 5.430e+02 1 0)
|            ( - 6.941e+02 1 0))))
s>    ( QUESTION4 -1 7.328e+03 2.228e+02 3.760e+02
s>        ( WDBNDRY_B 0 4.290e+03 1.434e+02 2.323e+02
s>            ( - 6.174e+02 1 0)
s>            ( - 3.530e+03 1 0))
s>        ( QUESTION2_6_L -1 2.815e+03 1.787e+02 1.437e+02
s>            ( QUESTION0 -1 1.293e+03 1.281e+02 7.219e+01
s>                ( - 5.019e+02 1 0)
s>                ( - 6.634e+02 1 0))
s>            ( QUESTION0 -1 1.343e+03 1.057e+02 7.151e+01
s>                ( - 5.430e+02 1 0)
s>                ( - 6.941e+02 1 0))))INFO: dtree.c(1439): stop. leaf nodes are specific
INFO: dtree.c(1478): Final simple tree
|( QUESTION3 1 3.755e+03 3.462e+02 1.839e+02
|    ( QUESTION0 -1 1.024e+03 1.100e+02 6.059e+01
|        ( - 5.986e+02 1 0)
|        ( - 3.149e+02 1 0))
|    ( WDBNDRY_B 0 2.386e+03 2.418e+02 1.233e+02
|        ( QUESTION0_1_R 1 9.049e+02 9.913e+01 5.231e+01
|            ( - 3.816e+02 1 0)
|            ( - 4.241e+02 1 0))
|        ( QUESTION0_3_R 1 1.239e+03 1.346e+02 7.098e+01
|            ( - 5.230e+02 1 0)
|            ( - 5.814e+02 1 0))))
s>    ( QUESTION3 1 3.755e+03 3.462e+02 1.839e+02
s>        ( QUESTION0 -1 1.024e+03 1.100e+02 6.059e+01
s>            ( - 5.986e+02 1 0)
s>            ( - 3.149e+02 1 0))
s>        ( WDBNDRY_B 0 2.386e+03 2.418e+02 1.233e+02
s>            ( QUESTION0_1_R 1 9.049e+02 9.913e+01 5.231e+01
s>                ( - 3.816e+02 1 0)
s>                ( - 4.241e+02 1 0))
s>            ( QUESTION0_3_R 1 1.239e+03 1.346e+02 7.098e+01
s>                ( - 5.230e+02 1 0)
s>                ( - 5.814e+02 1 0))))INFO: dtree.c(1315): Comp split 1
INFO: dtree.c(1439): stop. leaf nodes are specific
INFO: dtree.c(1478): Final simple tree
|( WDBNDRY_B 0 2.386e+03 2.418e+02 1.233e+02
|    ( QUESTION0_1_R 1 9.049e+02 9.913e+01 5.231e+01
|        ( - 3.816e+02 1 0)
|        ( - 4.241e+02 1 0))
|    ( QUESTION0_3_R 1 1.239e+03 1.346e+02 7.098e+01
|        ( - 5.230e+02 1 0)
|        ( - 5.814e+02 1 0)))
s>    ( WDBNDRY_B 0 2.386e+03 2.418e+02 1.233e+02
s>        ( QUESTION0_1_R 1 9.049e+02 9.913e+01 5.231e+01
s>            ( - 3.816e+02 1 0)
s>            ( - 4.241e+02 1 0))
s>        ( QUESTION0_3_R 1 1.239e+03 1.346e+02 7.098e+01
s>            ( - 5.230e+02 1 0)
s>            ( - 5.814e+02 1 0)))INFO: dtree.c(1439): stop. leaf nodes are specific
INFO: dtree.c(1478): Final simple tree
|( QUESTION0 -1 1.024e+03 1.100e+02 6.059e+01
|    ( - 5.986e+02 1 0)
|    ( - 3.149e+02 1 0))
s>    ( QUESTION0 -1 1.024e+03 1.100e+02 6.059e+01
s>        ( - 5.986e+02 1 0)
s>        ( - 3.149e+02 1 0))INFO: dtree.c(1315): Comp split 2
INFO: dtree.c(1439): stop. leaf nodes are specific
INFO: dtree.c(1478): Final simple tree
|( WDBNDRY_B 0 5.026e+03 1.535e+02 2.656e+02
|    ( QUESTION0 -1 1.343e+03 1.057e+02 7.151e+01
|        ( - 5.430e+02 1 0)
|        ( - 6.941e+02 1 0))
|    ( - 3.530e+03 1 0))
s>    ( WDBNDRY_B 0 5.026e+03 1.535e+02 2.656e+02
s>        ( QUESTION0 -1 1.343e+03 1.057e+02 7.151e+01
s>            ( - 5.430e+02 1 0)
s>            ( - 6.941e+02 1 0))
s>        ( - 3.530e+03 1 0))INFO: dtree.c(1439): stop. leaf nodes are specific
INFO: dtree.c(1478): Final simple tree
|( QUESTION0 -1 2.050e+03 1.681e+02 1.104e+02
|    ( QUESTION3 -1 1.218e+03 9.915e+01 6.998e+01
|        ( - 5.019e+02 1 0)
|        ( - 6.174e+02 1 0))
|    ( - 6.634e+02 1 0))
s>    ( QUESTION0 -1 2.050e+03 1.681e+02 1.104e+02
s>        ( QUESTION3 -1 1.218e+03 9.915e+01 6.998e+01
s>            ( - 5.019e+02 1 0)
s>            ( - 6.174e+02 1 0))
s>        ( - 6.634e+02 1 0))INFO: dtree.c(1315): Comp split 3
INFO: dtree.c(1439): stop. leaf nodes are specific
INFO: dtree.c(1478): Final simple tree
|( QUESTION0_3_R 1 1.239e+03 1.346e+02 7.098e+01
|    ( - 5.230e+02 1 0)
|    ( - 5.814e+02 1 0))
s>    ( QUESTION0_3_R 1 1.239e+03 1.346e+02 7.098e+01
s>        ( - 5.230e+02 1 0)
s>        ( - 5.814e+02 1 0))INFO: dtree.c(1439): stop. leaf nodes are specific
INFO: dtree.c(1478): Final simple tree
|( QUESTION0_1_R 1 9.049e+02 9.913e+01 5.231e+01
|    ( - 3.816e+02 1 0)
|    ( - 4.241e+02 1 0))
s>    ( QUESTION0_1_R 1 9.049e+02 9.913e+01 5.231e+01
s>        ( - 3.816e+02 1 0)
s>        ( - 4.241e+02 1 0))INFO: dtree.c(1315): Comp split 4
INFO: dtree.c(1439): stop. leaf nodes are specific
INFO: dtree.c(1478): Final simple tree
|( QUESTION3 -1 1.218e+03 9.915e+01 6.998e+01
|    ( - 5.019e+02 1 0)
|    ( - 6.174e+02 1 0))
s>    ( QUESTION3 -1 1.218e+03 9.915e+01 6.998e+01
s>        ( - 5.019e+02 1 0)
s>        ( - 6.174e+02 1 0))INFO: dtree.c(1315): Comp split 5
INFO: dtree.c(1439): stop. leaf nodes are specific
INFO: dtree.c(1478): Final simple tree
|( QUESTION0 -1 1.343e+03 1.057e+02 7.151e+01
|    ( - 5.430e+02 1 0)
|    ( - 6.941e+02 1 0))
s>    ( QUESTION0 -1 1.343e+03 1.057e+02 7.151e+01
s>        ( - 5.430e+02 1 0)
s>        ( - 6.941e+02 1 0))INFO: dtree.c(1315): Comp split 6
INFO: dtree.c(1315): Comp split 7
INFO: dtree.c(1315): Comp split 8
INFO: dtree.c(1315): Comp split 9
INFO: dtree.c(1315): Comp split 10
INFO: dtree.c(1315): Comp split 11
INFO: dtree.c(1318): stop. leaf nodes are specific
Fri Dec  3 07:39:04 2021
