Current configuration:
[NAME]		[DEFLT]	[VALUE]
-allphones	no	no
-cntthresh	0.00001	1.000000e-05
-csplitmax	100	2000
-csplitmin	1	1
-csplitthr	8e-4	0.000000e+00
-example	no	no
-fullvar	no	no
-help		no	no
-meanfn			
-mixwfn			/home/azhar/Tubes_Speech/commandreminder/model_parameters/commandreminder.cd_ptm_untied/mixture_weights
-moddeffn		/home/azhar/Tubes_Speech/commandreminder/model_architecture/commandreminder.untied.mdef
-mwfloor	1e-4	1.000000e-08
-phone			U
-psetfn			/home/azhar/Tubes_Speech/commandreminder/model_architecture/commandreminder.tree_questions
-ssplitmax	5	7
-ssplitmin	1	1
-ssplitthr	8e-4	0.000000e+00
-state			0
-stwt			1.0,0.05,0.0,
-treefn			/home/azhar/Tubes_Speech/commandreminder/trees/commandreminder.unpruned/U-0.dtree
-ts2cbfn	.semi.	.semi.
-varfloor	0.00001	1.000000e-05
-varfn			

INFO: main.c(223): Reading: /home/azhar/Tubes_Speech/commandreminder/model_architecture/commandreminder.untied.mdef
INFO: model_def_io.c(573): Model definition info:
INFO: model_def_io.c(574): 1061 total models defined (31 base, 1030 tri)
INFO: model_def_io.c(575): 4244 total states
INFO: model_def_io.c(576): 3183 total tied states
INFO: model_def_io.c(577): 93 total tied CI states
INFO: model_def_io.c(578): 31 total tied transition matrices
INFO: model_def_io.c(579): 4 max state/model
INFO: model_def_io.c(580): 4 min state/model
INFO: main.c(242): Building trees for [U A L b] through [U Z M i]
INFO: main.c(269): Covering states |[2955 3146]| == 192
INFO: main.c(275): Reading: /home/azhar/Tubes_Speech/commandreminder/model_parameters/commandreminder.cd_ptm_untied/mixture_weights
INFO: s3mixw_io.c(173): Read /home/azhar/Tubes_Speech/commandreminder/model_parameters/commandreminder.cd_ptm_untied/mixture_weights [192x4x64 array]
INFO: main.c(311): 64 of 64 models have observation count greater than 0.000010
INFO: main.c(95): nrm stwt: 0.952 0.048 0.000 
INFO: main.c(411): 64-class entropy: 1.081045e+05
INFO: main.c(549): Reading: /home/azhar/Tubes_Speech/commandreminder/model_architecture/commandreminder.tree_questions
INFO: main.c(588): 174 total simple questions (166 phone; 8 word bndry)
INFO: main.c(590): 40 Left Only questions, and 42 Right Only questions
INFO: dtree.c(1478): Final simple tree
|( QUESTION2_10_L -1 1.417e+05 3.516e+03 6.350e+03
|    ( - 2.286e+04 9 0 QUESTION8 -1 8.712e+02 1.192e+03)
|    ( QUESTION12 -1 1.153e+05 3.824e+03 5.158e+03
|        ( SILENCE 1 3.019e+04 1.161e+03 1.484e+03
|            ( - 4.871e+03 2 0 QUESTION13 -1 3.353e+02 2.661e+02)
|            ( - 2.415e+04 5 0 QUESTION0_16_R 1 8.178e+02 1.218e+03))
|        ( QUESTION19 -1 8.132e+04 2.731e+03 3.674e+03
|            ( - 1.507e+04 9 0 QUESTION2_0_L -1 9.506e+02 7.661e+02)
|            ( QUESTION2_12_L -1 6.351e+04 1.712e+03 2.908e+03
|                ( QUESTION0_6_R 1 2.747e+04 1.225e+03 1.341e+03
|                    ( - 1.640e+04 16 0 QUESTION7 -1 7.603e+02 8.513e+02)
|                    ( - 9.846e+03 3 0 WDBNDRY_E 0 7.513e+02 4.898e+02))
|                ( QUESTION9 -1 3.433e+04 1.023e+03 1.567e+03
|                    ( - 1.782e+04 8 0 QUESTION0_0_R 1 7.760e+02 8.481e+02)
|                    ( - 1.549e+04 12 0 QUESTION2_6_L -1 8.792e+02 7.187e+02))))))
s>    ( QUESTION2_10_L -1 1.417e+05 3.516e+03 6.350e+03
s>        ( - 2.286e+04 9 0 QUESTION8 -1 8.712e+02 1.192e+03)
s>        ( QUESTION12 -1 1.153e+05 3.824e+03 5.158e+03
s>            ( SILENCE 1 3.019e+04 1.161e+03 1.484e+03
s>                ( - 4.871e+03 2 0 QUESTION13 -1 3.353e+02 2.661e+02)
s>                ( - 2.415e+04 5 0 QUESTION0_16_R 1 8.178e+02 1.218e+03))
s>            ( QUESTION19 -1 8.132e+04 2.731e+03 3.674e+03
s>                ( - 1.507e+04 9 0 QUESTION2_0_L -1 9.506e+02 7.661e+02)
s>                ( QUESTION2_12_L -1 6.351e+04 1.712e+03 2.908e+03
s>                    ( QUESTION0_6_R 1 2.747e+04 1.225e+03 1.341e+03
s>                        ( - 1.640e+04 16 0 QUESTION7 -1 7.603e+02 8.513e+02)
s>                        ( - 9.846e+03 3 0 WDBNDRY_E 0 7.513e+02 4.898e+02))
s>                    ( QUESTION9 -1 3.433e+04 1.023e+03 1.567e+03
s>                        ( - 1.782e+04 8 0 QUESTION0_0_R 1 7.760e+02 8.481e+02)
s>                        ( - 1.549e+04 12 0 QUESTION2_6_L -1 8.792e+02 7.187e+02))))))INFO: dtree.c(1315): Comp split 0
INFO: dtree.c(1478): Final simple tree
|( QUESTION19 -1 8.132e+04 2.731e+03 3.674e+03
|    ( QUESTION2_0_L -1 1.507e+04 9.506e+02 7.661e+02
|        ( - 4.504e+03 1 0)
|        ( - 9.615e+03 8 0 QUESTION15 1 3.960e+02 5.122e+02))
|    ( QUESTION2_12_L -1 6.351e+04 1.712e+03 2.908e+03
|        ( QUESTION0_6_R 1 2.747e+04 1.225e+03 1.341e+03
|            ( - 1.640e+04 16 0 QUESTION7 -1 7.603e+02 8.513e+02)
|            ( - 9.846e+03 3 0 WDBNDRY_E 0 7.513e+02 4.898e+02))
|        ( QUESTION9 -1 3.433e+04 1.023e+03 1.567e+03
|            ( - 1.782e+04 8 0 QUESTION0_0_R 1 7.760e+02 8.481e+02)
|            ( QUESTION2_6_L -1 1.549e+04 8.792e+02 7.187e+02
|                ( - 4.432e+03 4 0 WDBNDRY_B 0 3.061e+02 2.316e+02)
|                ( QUESTION0 -1 1.018e+04 8.438e+02 4.871e+02
|                    ( - 4.765e+03 2 0 WDBNDRY_B 0 3.150e+02 2.464e+02)
|                    ( - 4.569e+03 6 0 QUESTION0_15_R 1 2.744e+02 2.407e+02))))))
s>    ( QUESTION19 -1 8.132e+04 2.731e+03 3.674e+03
s>        ( QUESTION2_0_L -1 1.507e+04 9.506e+02 7.661e+02
s>            ( - 4.504e+03 1 0)
s>            ( - 9.615e+03 8 0 QUESTION15 1 3.960e+02 5.122e+02))
s>        ( QUESTION2_12_L -1 6.351e+04 1.712e+03 2.908e+03
s>            ( QUESTION0_6_R 1 2.747e+04 1.225e+03 1.341e+03
s>                ( - 1.640e+04 16 0 QUESTION7 -1 7.603e+02 8.513e+02)
s>                ( - 9.846e+03 3 0 WDBNDRY_E 0 7.513e+02 4.898e+02))
s>            ( QUESTION9 -1 3.433e+04 1.023e+03 1.567e+03
s>                ( - 1.782e+04 8 0 QUESTION0_0_R 1 7.760e+02 8.481e+02)
s>                ( QUESTION2_6_L -1 1.549e+04 8.792e+02 7.187e+02
s>                    ( - 4.432e+03 4 0 WDBNDRY_B 0 3.061e+02 2.316e+02)
s>                    ( QUESTION0 -1 1.018e+04 8.438e+02 4.871e+02
s>                        ( - 4.765e+03 2 0 WDBNDRY_B 0 3.150e+02 2.464e+02)
s>                        ( - 4.569e+03 6 0 QUESTION0_15_R 1 2.744e+02 2.407e+02))))))INFO: dtree.c(1478): Final simple tree
|( QUESTION8 -1 5.465e+04 1.657e+03 2.676e+03
|    ( QUESTION7 1 1.507e+04 3.627e+02 8.153e+02
|        ( - 1.870e+03 1 0)
|        ( - 1.284e+04 5 0 QUESTION0_7_R 1 3.188e+02 6.988e+02))
|    ( SILENCE 1 3.792e+04 1.144e+03 1.861e+03
|        ( QUESTION13 -1 4.871e+03 3.353e+02 2.661e+02
|            ( - 3.083e+03 1 0)
|            ( - 1.453e+03 1 0))
|        ( QUESTION13 -1 3.191e+04 9.103e+02 1.595e+03
|            ( - 5.350e+03 3 0 QUESTION0_7_R 1 2.816e+02 2.809e+02)
|            ( QUESTION7 -1 2.565e+04 7.408e+02 1.314e+03
|                ( - 6.919e+03 3 0 QUESTION0_9_R 1 2.879e+02 3.763e+02)
|                ( QUESTION0_19_R 1 1.799e+04 4.243e+02 9.374e+02
|                    ( - 3.724e+03 1 0)
|                    ( - 1.384e+04 1 0))))))
s>    ( QUESTION8 -1 5.465e+04 1.657e+03 2.676e+03
s>        ( QUESTION7 1 1.507e+04 3.627e+02 8.153e+02
s>            ( - 1.870e+03 1 0)
s>            ( - 1.284e+04 5 0 QUESTION0_7_R 1 3.188e+02 6.988e+02))
s>        ( SILENCE 1 3.792e+04 1.144e+03 1.861e+03
s>            ( QUESTION13 -1 4.871e+03 3.353e+02 2.661e+02
s>                ( - 3.083e+03 1 0)
s>                ( - 1.453e+03 1 0))
s>            ( QUESTION13 -1 3.191e+04 9.103e+02 1.595e+03
s>                ( - 5.350e+03 3 0 QUESTION0_7_R 1 2.816e+02 2.809e+02)
s>                ( QUESTION7 -1 2.565e+04 7.408e+02 1.314e+03
s>                    ( - 6.919e+03 3 0 QUESTION0_9_R 1 2.879e+02 3.763e+02)
s>                    ( QUESTION0_19_R 1 1.799e+04 4.243e+02 9.374e+02
s>                        ( - 3.724e+03 1 0)
s>                        ( - 1.384e+04 1 0))))))INFO: dtree.c(1315): Comp split 1
INFO: dtree.c(1478): Final simple tree
|( QUESTION0_6_R 1 3.786e+04 1.095e+03 1.813e+03
|    ( QUESTION19 1 2.575e+04 8.962e+02 1.269e+03
|        ( QUESTION2_12_L -1 1.062e+04 6.425e+02 5.528e+02
|            ( - 5.361e+03 4 0 QUESTION0_15_R 1 2.097e+02 3.173e+02)
|            ( QUESTION0 -1 4.613e+03 3.303e+02 2.356e+02
|                ( - 3.464e+03 2 0 WDBNDRY_B 0 2.698e+02 1.866e+02)
|                ( - 8.196e+02 2 0 QUESTION0_15_R 1 1.414e+02 4.899e+01)))
|        ( QUESTION9 -1 1.424e+04 5.095e+02 7.160e+02
|            ( - 6.988e+03 8 0 QUESTION0_8_R 1 3.292e+02 3.747e+02)
|            ( QUESTION6 -1 6.739e+03 3.795e+02 3.413e+02
|                ( - 2.855e+03 4 0 QUESTION0_8_R 1 2.300e+02 1.594e+02)
|                ( - 3.504e+03 5 0 QUESTION2_0_L -1 3.133e+02 1.819e+02))))
|    ( WDBNDRY_E 0 1.101e+04 7.441e+02 5.446e+02
|        ( - 4.721e+03 1 0)
|        ( - 5.548e+03 3 0 QUESTION11 -1 3.246e+02 2.768e+02)))
s>    ( QUESTION0_6_R 1 3.786e+04 1.095e+03 1.813e+03
s>        ( QUESTION19 1 2.575e+04 8.962e+02 1.269e+03
s>            ( QUESTION2_12_L -1 1.062e+04 6.425e+02 5.528e+02
s>                ( - 5.361e+03 4 0 QUESTION0_15_R 1 2.097e+02 3.173e+02)
s>                ( QUESTION0 -1 4.613e+03 3.303e+02 2.356e+02
s>                    ( - 3.464e+03 2 0 WDBNDRY_B 0 2.698e+02 1.866e+02)
s>                    ( - 8.196e+02 2 0 QUESTION0_15_R 1 1.414e+02 4.899e+01)))
s>            ( QUESTION9 -1 1.424e+04 5.095e+02 7.160e+02
s>                ( - 6.988e+03 8 0 QUESTION0_8_R 1 3.292e+02 3.747e+02)
s>                ( QUESTION6 -1 6.739e+03 3.795e+02 3.413e+02
s>                    ( - 2.855e+03 4 0 QUESTION0_8_R 1 2.300e+02 1.594e+02)
s>                    ( - 3.504e+03 5 0 QUESTION2_0_L -1 3.133e+02 1.819e+02))))
s>        ( WDBNDRY_E 0 1.101e+04 7.441e+02 5.446e+02
s>            ( - 4.721e+03 1 0)
s>            ( - 5.548e+03 3 0 QUESTION11 -1 3.246e+02 2.768e+02)))INFO: dtree.c(1478): Final simple tree
|( QUESTION2_0_L -1 4.014e+04 1.623e+03 1.861e+03
|    ( QUESTION15 -1 2.446e+04 9.275e+02 1.155e+03
|        ( - 4.504e+03 1 0)
|        ( QUESTION0_0_R 1 1.903e+04 7.527e+02 9.007e+02
|            ( QUESTION2_1_L -1 6.669e+03 4.140e+02 3.436e+02
|                ( - 3.546e+03 1 0)
|                ( - 2.709e+03 1 0))
|            ( QUESTION2_1_L -1 1.161e+04 5.697e+02 5.571e+02
|                ( WDBNDRY_I 0 5.774e+03 4.124e+02 2.897e+02
|                    ( - 2.979e+03 1 0)
|                    ( - 2.382e+03 2 0 WDBNDRY_B 0 2.838e+02 1.223e+02))
|                ( - 5.267e+03 4 0 QUESTION16 1 3.977e+02 2.674e+02))))
|    ( QUESTION0 -1 1.405e+04 8.166e+02 7.060e+02
|        ( - 3.617e+03 1 0)
|        ( - 9.615e+03 8 0 QUESTION15 1 3.960e+02 5.122e+02)))
s>    ( QUESTION2_0_L -1 4.014e+04 1.623e+03 1.861e+03
s>        ( QUESTION15 -1 2.446e+04 9.275e+02 1.155e+03
s>            ( - 4.504e+03 1 0)
s>            ( QUESTION0_0_R 1 1.903e+04 7.527e+02 9.007e+02
s>                ( QUESTION2_1_L -1 6.669e+03 4.140e+02 3.436e+02
s>                    ( - 3.546e+03 1 0)
s>                    ( - 2.709e+03 1 0))
s>                ( QUESTION2_1_L -1 1.161e+04 5.697e+02 5.571e+02
s>                    ( WDBNDRY_I 0 5.774e+03 4.124e+02 2.897e+02
s>                        ( - 2.979e+03 1 0)
s>                        ( - 2.382e+03 2 0 WDBNDRY_B 0 2.838e+02 1.223e+02))
s>                    ( - 5.267e+03 4 0 QUESTION16 1 3.977e+02 2.674e+02))))
s>        ( QUESTION0 -1 1.405e+04 8.166e+02 7.060e+02
s>            ( - 3.617e+03 1 0)
s>            ( - 9.615e+03 8 0 QUESTION15 1 3.960e+02 5.122e+02)))INFO: dtree.c(1315): Comp split 2
INFO: dtree.c(1478): Final simple tree
|( QUESTION13 -1 3.191e+04 9.103e+02 1.595e+03
|    ( QUESTION0_7_R 1 5.350e+03 2.816e+02 2.809e+02
|        ( WDBNDRY_E 0 1.426e+03 1.705e+02 8.199e+01
|            ( - 3.997e+02 1 0)
|            ( - 8.560e+02 1 0))
|        ( - 3.642e+03 1 0))
|    ( QUESTION7 -1 2.565e+04 7.408e+02 1.314e+03
|        ( QUESTION0_9_R 1 6.919e+03 2.879e+02 3.763e+02
|            ( - 2.348e+03 1 0)
|            ( QUESTION0_7_R 1 4.284e+03 2.274e+02 2.427e+02
|                ( - 5.862e+02 1 0)
|                ( - 3.470e+03 1 0)))
|        ( QUESTION0_19_R 1 1.799e+04 4.243e+02 9.374e+02
|            ( - 3.724e+03 1 0)
|            ( - 1.384e+04 1 0))))
s>    ( QUESTION13 -1 3.191e+04 9.103e+02 1.595e+03
s>        ( QUESTION0_7_R 1 5.350e+03 2.816e+02 2.809e+02
s>            ( WDBNDRY_E 0 1.426e+03 1.705e+02 8.199e+01
s>                ( - 3.997e+02 1 0)
s>                ( - 8.560e+02 1 0))
s>            ( - 3.642e+03 1 0))
s>        ( QUESTION7 -1 2.565e+04 7.408e+02 1.314e+03
s>            ( QUESTION0_9_R 1 6.919e+03 2.879e+02 3.763e+02
s>                ( - 2.348e+03 1 0)
s>                ( QUESTION0_7_R 1 4.284e+03 2.274e+02 2.427e+02
s>                    ( - 5.862e+02 1 0)
s>                    ( - 3.470e+03 1 0)))
s>            ( QUESTION0_19_R 1 1.799e+04 4.243e+02 9.374e+02
s>                ( - 3.724e+03 1 0)
s>                ( - 1.384e+04 1 0))))INFO: dtree.c(1478): Final simple tree
|( WDBNDRY_E 0 2.104e+04 1.098e+03 1.081e+03
|    ( QUESTION13 -1 4.871e+03 3.353e+02 2.661e+02
|        ( - 3.083e+03 1 0)
|        ( - 1.453e+03 1 0))
|    ( QUESTION7 1 1.507e+04 3.627e+02 8.153e+02
|        ( - 1.870e+03 1 0)
|        ( QUESTION0_7_R 1 1.284e+04 3.188e+02 6.988e+02
|            ( - 4.077e+03 1 0)
|            ( QUESTION0_17_R 1 8.446e+03 2.634e+02 4.633e+02
|                ( - 9.281e+02 1 0)
|                ( QUESTION0_19_R 1 7.254e+03 1.591e+02 4.024e+02
|                    ( - 4.882e+02 1 0)
|                    ( QUESTION0_15_R 1 6.607e+03 1.620e+02 3.720e+02
|                        ( - 1.490e+03 1 0)
|                        ( - 4.955e+03 1 0)))))))
s>    ( WDBNDRY_E 0 2.104e+04 1.098e+03 1.081e+03
s>        ( QUESTION13 -1 4.871e+03 3.353e+02 2.661e+02
s>            ( - 3.083e+03 1 0)
s>            ( - 1.453e+03 1 0))
s>        ( QUESTION7 1 1.507e+04 3.627e+02 8.153e+02
s>            ( - 1.870e+03 1 0)
s>            ( QUESTION0_7_R 1 1.284e+04 3.188e+02 6.988e+02
s>                ( - 4.077e+03 1 0)
s>                ( QUESTION0_17_R 1 8.446e+03 2.634e+02 4.633e+02
s>                    ( - 9.281e+02 1 0)
s>                    ( QUESTION0_19_R 1 7.254e+03 1.591e+02 4.024e+02
s>                        ( - 4.882e+02 1 0)
s>                        ( QUESTION0_15_R 1 6.607e+03 1.620e+02 3.720e+02
s>                            ( - 1.490e+03 1 0)
s>                            ( - 4.955e+03 1 0)))))))INFO: dtree.c(1315): Comp split 3
INFO: dtree.c(1478): Final simple tree
|( QUESTION15 -1 2.446e+04 9.275e+02 1.155e+03
|    ( - 4.504e+03 1 0)
|    ( QUESTION0_0_R 1 1.903e+04 7.527e+02 9.007e+02
|        ( QUESTION2_1_L -1 6.669e+03 4.140e+02 3.436e+02
|            ( - 3.546e+03 1 0)
|            ( - 2.709e+03 1 0))
|        ( QUESTION2_1_L -1 1.161e+04 5.697e+02 5.571e+02
|            ( WDBNDRY_I 0 5.774e+03 4.124e+02 2.897e+02
|                ( - 2.979e+03 1 0)
|                ( WDBNDRY_B 0 2.382e+03 2.838e+02 1.223e+02
|                    ( - 8.336e+02 1 0)
|                    ( - 1.265e+03 1 0)))
|            ( QUESTION16 1 5.267e+03 3.977e+02 2.674e+02
|                ( - 1.666e+03 1 0)
|                ( - 3.203e+03 3 0 WDBNDRY_E 0 2.025e+02 1.763e+02)))))
s>    ( QUESTION15 -1 2.446e+04 9.275e+02 1.155e+03
s>        ( - 4.504e+03 1 0)
s>        ( QUESTION0_0_R 1 1.903e+04 7.527e+02 9.007e+02
s>            ( QUESTION2_1_L -1 6.669e+03 4.140e+02 3.436e+02
s>                ( - 3.546e+03 1 0)
s>                ( - 2.709e+03 1 0))
s>            ( QUESTION2_1_L -1 1.161e+04 5.697e+02 5.571e+02
s>                ( WDBNDRY_I 0 5.774e+03 4.124e+02 2.897e+02
s>                    ( - 2.979e+03 1 0)
s>                    ( WDBNDRY_B 0 2.382e+03 2.838e+02 1.223e+02
s>                        ( - 8.336e+02 1 0)
s>                        ( - 1.265e+03 1 0)))
s>                ( QUESTION16 1 5.267e+03 3.977e+02 2.674e+02
s>                    ( - 1.666e+03 1 0)
s>                    ( - 3.203e+03 3 0 WDBNDRY_E 0 2.025e+02 1.763e+02)))))INFO: dtree.c(1478): Final simple tree
|( QUESTION0 -1 1.405e+04 8.166e+02 7.060e+02
|    ( - 3.617e+03 1 0)
|    ( QUESTION15 1 9.615e+03 3.960e+02 5.122e+02
|        ( QUESTION0_15_R 1 5.592e+03 3.609e+02 3.066e+02
|            ( - 4.115e+03 2 0)
|            ( - 1.116e+03 1 0))
|        ( QUESTION7 1 3.627e+03 2.331e+02 2.056e+02
|            ( - 4.578e+02 1 0)
|            ( QUESTION0_2_R 1 2.936e+03 1.997e+02 1.748e+02
|                ( - 7.140e+02 1 0)
|                ( WDBNDRY_E 0 2.023e+03 1.512e+02 1.202e+02
|                    ( QUESTION0_7_R 1 1.472e+03 1.029e+02 9.259e+01
|                        ( - 3.904e+02 1 0)
|                        ( - 9.790e+02 1 0))
|                    ( - 3.992e+02 1 0))))))
s>    ( QUESTION0 -1 1.405e+04 8.166e+02 7.060e+02
s>        ( - 3.617e+03 1 0)
s>        ( QUESTION15 1 9.615e+03 3.960e+02 5.122e+02
s>            ( QUESTION0_15_R 1 5.592e+03 3.609e+02 3.066e+02
s>                ( - 4.115e+03 2 0)
s>                ( - 1.116e+03 1 0))
s>            ( QUESTION7 1 3.627e+03 2.331e+02 2.056e+02
s>                ( - 4.578e+02 1 0)
s>                ( QUESTION0_2_R 1 2.936e+03 1.997e+02 1.748e+02
s>                    ( - 7.140e+02 1 0)
s>                    ( WDBNDRY_E 0 2.023e+03 1.512e+02 1.202e+02
s>                        ( QUESTION0_7_R 1 1.472e+03 1.029e+02 9.259e+01
s>                            ( - 3.904e+02 1 0)
s>                            ( - 9.790e+02 1 0))
s>                        ( - 3.992e+02 1 0))))))INFO: dtree.c(1315): Comp split 4
INFO: dtree.c(1478): Final simple tree
|( QUESTION0 -1 1.277e+04 6.394e+02 6.633e+02
|    ( WDBNDRY_B 0 3.464e+03 2.698e+02 1.866e+02
|        ( - 2.356e+03 1 0)
|        ( - 8.377e+02 1 0))
|    ( QUESTION0_17_R 1 8.664e+03 5.025e+02 4.767e+02
|        ( QUESTION7 -1 4.764e+03 1.987e+02 2.908e+02
|            ( - 4.015e+03 2 0)
|            ( - 5.503e+02 1 0))
|        ( QUESTION0_8_R 1 3.397e+03 2.451e+02 1.859e+02
|            ( - 1.365e+03 1 0)
|            ( QUESTION0_7_R 1 1.787e+03 1.687e+02 1.011e+02
|                ( - 4.566e+02 1 0)
|                ( QUESTION0_19_R 1 1.161e+03 1.196e+02 7.104e+01
|                    ( - 2.263e+02 1 0)
|                    ( - 8.153e+02 2 0 QUESTION0_15_R 1 9.523e+01 5.051e+01))))))
s>    ( QUESTION0 -1 1.277e+04 6.394e+02 6.633e+02
s>        ( WDBNDRY_B 0 3.464e+03 2.698e+02 1.866e+02
s>            ( - 2.356e+03 1 0)
s>            ( - 8.377e+02 1 0))
s>        ( QUESTION0_17_R 1 8.664e+03 5.025e+02 4.767e+02
s>            ( QUESTION7 -1 4.764e+03 1.987e+02 2.908e+02
s>                ( - 4.015e+03 2 0)
s>                ( - 5.503e+02 1 0))
s>            ( QUESTION0_8_R 1 3.397e+03 2.451e+02 1.859e+02
s>                ( - 1.365e+03 1 0)
s>                ( QUESTION0_7_R 1 1.787e+03 1.687e+02 1.011e+02
s>                    ( - 4.566e+02 1 0)
s>                    ( QUESTION0_19_R 1 1.161e+03 1.196e+02 7.104e+01
s>                        ( - 2.263e+02 1 0)
s>                        ( - 8.153e+02 2 0 QUESTION0_15_R 1 9.523e+01 5.051e+01))))))INFO: dtree.c(1478): Final simple tree
|( QUESTION0_0_R 1 2.382e+04 8.614e+02 1.150e+03
|    ( QUESTION11 -1 5.548e+03 3.246e+02 2.768e+02
|        ( - 2.575e+03 1 0)
|        ( QUESTION6 -1 2.649e+03 2.821e+02 1.452e+02
|            ( - 1.513e+03 1 0)
|            ( - 8.533e+02 1 0)))
|    ( WDBNDRY_E 0 1.741e+04 6.538e+02 8.733e+02
|        ( - 5.867e+03 3 0 SILENCE 1 2.085e+02 3.270e+02)
|        ( QUESTION0_8_R 1 1.089e+04 5.023e+02 5.463e+02
|            ( QUESTION6 -1 5.577e+03 3.248e+02 2.970e+02
|                ( - 3.782e+03 4 0 QUESTION11 -1 2.354e+02 2.160e+02)
|                ( - 1.471e+03 3 0 QUESTION2_0_L -1 2.134e+02 8.097e+01))
|            ( QUESTION0_15_R 1 4.810e+03 3.480e+02 2.493e+02
|                ( - 1.944e+03 2 0 QUESTION6 -1 1.701e+02 1.149e+02)
|                ( - 2.518e+03 4 0 QUESTION6 -1 2.213e+02 1.344e+02)))))
s>    ( QUESTION0_0_R 1 2.382e+04 8.614e+02 1.150e+03
s>        ( QUESTION11 -1 5.548e+03 3.246e+02 2.768e+02
s>            ( - 2.575e+03 1 0)
s>            ( QUESTION6 -1 2.649e+03 2.821e+02 1.452e+02
s>                ( - 1.513e+03 1 0)
s>                ( - 8.533e+02 1 0)))
s>        ( WDBNDRY_E 0 1.741e+04 6.538e+02 8.733e+02
s>            ( - 5.867e+03 3 0 SILENCE 1 2.085e+02 3.270e+02)
s>            ( QUESTION0_8_R 1 1.089e+04 5.023e+02 5.463e+02
s>                ( QUESTION6 -1 5.577e+03 3.248e+02 2.970e+02
s>                    ( - 3.782e+03 4 0 QUESTION11 -1 2.354e+02 2.160e+02)
s>                    ( - 1.471e+03 3 0 QUESTION2_0_L -1 2.134e+02 8.097e+01))
s>                ( QUESTION0_15_R 1 4.810e+03 3.480e+02 2.493e+02
s>                    ( - 1.944e+03 2 0 QUESTION6 -1 1.701e+02 1.149e+02)
s>                    ( - 2.518e+03 4 0 QUESTION6 -1 2.213e+02 1.344e+02)))))INFO: dtree.c(1315): Comp split 5
INFO: dtree.c(1439): stop. leaf nodes are specific
INFO: dtree.c(1478): Final simple tree
|( QUESTION7 1 1.507e+04 3.627e+02 8.153e+02
|    ( - 1.870e+03 1 0)
|    ( QUESTION0_7_R 1 1.284e+04 3.188e+02 6.988e+02
|        ( - 4.077e+03 1 0)
|        ( QUESTION0_17_R 1 8.446e+03 2.634e+02 4.633e+02
|            ( - 9.281e+02 1 0)
|            ( QUESTION0_19_R 1 7.254e+03 1.591e+02 4.024e+02
|                ( - 4.882e+02 1 0)
|                ( QUESTION0_15_R 1 6.607e+03 1.620e+02 3.720e+02
|                    ( - 1.490e+03 1 0)
|                    ( - 4.955e+03 1 0))))))
s>    ( QUESTION7 1 1.507e+04 3.627e+02 8.153e+02
s>        ( - 1.870e+03 1 0)
s>        ( QUESTION0_7_R 1 1.284e+04 3.188e+02 6.988e+02
s>            ( - 4.077e+03 1 0)
s>            ( QUESTION0_17_R 1 8.446e+03 2.634e+02 4.633e+02
s>                ( - 9.281e+02 1 0)
s>                ( QUESTION0_19_R 1 7.254e+03 1.591e+02 4.024e+02
s>                    ( - 4.882e+02 1 0)
s>                    ( QUESTION0_15_R 1 6.607e+03 1.620e+02 3.720e+02
s>                        ( - 1.490e+03 1 0)
s>                        ( - 4.955e+03 1 0))))))INFO: dtree.c(1439): stop. leaf nodes are specific
INFO: dtree.c(1478): Final simple tree
|( QUESTION13 -1 4.871e+03 3.353e+02 2.661e+02
|    ( - 3.083e+03 1 0)
|    ( - 1.453e+03 1 0))
s>    ( QUESTION13 -1 4.871e+03 3.353e+02 2.661e+02
s>        ( - 3.083e+03 1 0)
s>        ( - 1.453e+03 1 0))INFO: dtree.c(1315): Comp split 6
INFO: dtree.c(1439): stop. leaf nodes are specific
INFO: dtree.c(1478): Final simple tree
|( QUESTION0_0_R 1 8.322e+03 5.900e+02 4.147e+02
|    ( - 4.504e+03 1 0)
|    ( WDBNDRY_E 0 3.228e+03 2.968e+02 1.608e+02
|        ( - 1.265e+03 1 0)
|        ( - 1.666e+03 1 0)))
s>    ( QUESTION0_0_R 1 8.322e+03 5.900e+02 4.147e+02
s>        ( - 4.504e+03 1 0)
s>        ( WDBNDRY_E 0 3.228e+03 2.968e+02 1.608e+02
s>            ( - 1.265e+03 1 0)
s>            ( - 1.666e+03 1 0)))INFO: dtree.c(1439): stop. leaf nodes are specific
INFO: dtree.c(1478): Final simple tree
|( QUESTION0_0_R 1 1.517e+04 6.653e+02 7.398e+02
|    ( QUESTION2_1_L -1 6.669e+03 4.140e+02 3.436e+02
|        ( - 3.546e+03 1 0)
|        ( - 2.709e+03 1 0))
|    ( QUESTION2_1_L -1 7.841e+03 4.853e+02 3.963e+02
|        ( WDBNDRY_B 0 4.153e+03 3.396e+02 2.200e+02
|            ( - 8.336e+02 1 0)
|            ( - 2.979e+03 1 0))
|        ( WDBNDRY_E 0 3.203e+03 2.025e+02 1.763e+02
|            ( - 1.580e+03 1 0)
|            ( QUESTION0_7_R 1 1.421e+03 1.237e+02 8.387e+01
|                ( - 9.846e+02 1 0)
|                ( - 3.122e+02 1 0)))))
s>    ( QUESTION0_0_R 1 1.517e+04 6.653e+02 7.398e+02
s>        ( QUESTION2_1_L -1 6.669e+03 4.140e+02 3.436e+02
s>            ( - 3.546e+03 1 0)
s>            ( - 2.709e+03 1 0))
s>        ( QUESTION2_1_L -1 7.841e+03 4.853e+02 3.963e+02
s>            ( WDBNDRY_B 0 4.153e+03 3.396e+02 2.200e+02
s>                ( - 8.336e+02 1 0)
s>                ( - 2.979e+03 1 0))
s>            ( WDBNDRY_E 0 3.203e+03 2.025e+02 1.763e+02
s>                ( - 1.580e+03 1 0)
s>                ( QUESTION0_7_R 1 1.421e+03 1.237e+02 8.387e+01
s>                    ( - 9.846e+02 1 0)
s>                    ( - 3.122e+02 1 0)))))INFO: dtree.c(1315): Comp split 7
INFO: dtree.c(1439): stop. leaf nodes are specific
INFO: dtree.c(1478): Final simple tree
|( QUESTION7 -1 2.565e+04 7.408e+02 1.314e+03
|    ( QUESTION0_9_R 1 6.919e+03 2.879e+02 3.763e+02
|        ( - 2.348e+03 1 0)
|        ( QUESTION0_7_R 1 4.284e+03 2.274e+02 2.427e+02
|            ( - 5.862e+02 1 0)
|            ( - 3.470e+03 1 0)))
|    ( QUESTION0_19_R 1 1.799e+04 4.243e+02 9.374e+02
|        ( - 3.724e+03 1 0)
|        ( - 1.384e+04 1 0)))
s>    ( QUESTION7 -1 2.565e+04 7.408e+02 1.314e+03
s>        ( QUESTION0_9_R 1 6.919e+03 2.879e+02 3.763e+02
s>            ( - 2.348e+03 1 0)
s>            ( QUESTION0_7_R 1 4.284e+03 2.274e+02 2.427e+02
s>                ( - 5.862e+02 1 0)
s>                ( - 3.470e+03 1 0)))
s>        ( QUESTION0_19_R 1 1.799e+04 4.243e+02 9.374e+02
s>            ( - 3.724e+03 1 0)
s>            ( - 1.384e+04 1 0)))INFO: dtree.c(1439): stop. leaf nodes are specific
INFO: dtree.c(1478): Final simple tree
|( QUESTION0_7_R 1 5.350e+03 2.816e+02 2.809e+02
|    ( WDBNDRY_E 0 1.426e+03 1.705e+02 8.199e+01
|        ( - 3.997e+02 1 0)
|        ( - 8.560e+02 1 0))
|    ( - 3.642e+03 1 0))
s>    ( QUESTION0_7_R 1 5.350e+03 2.816e+02 2.809e+02
s>        ( WDBNDRY_E 0 1.426e+03 1.705e+02 8.199e+01
s>            ( - 3.997e+02 1 0)
s>            ( - 8.560e+02 1 0))
s>        ( - 3.642e+03 1 0))INFO: dtree.c(1315): Comp split 8
INFO: dtree.c(1439): stop. leaf nodes are specific
INFO: dtree.c(1478): Final simple tree
|( SILENCE 1 1.012e+04 4.805e+02 5.430e+02
|    ( - 4.721e+03 1 0)
|    ( QUESTION11 -1 4.918e+03 2.395e+02 2.752e+02
|        ( - 6.638e+02 1 0)
|        ( WDBNDRY_E 0 4.014e+03 1.946e+02 2.304e+02
|            ( QUESTION0_7_R 1 9.371e+02 8.521e+01 5.923e+01
|                ( - 4.123e+02 1 0)
|                ( - 4.396e+02 1 0))
|            ( QUESTION7 1 2.883e+03 1.800e+02 1.712e+02
|                ( - 9.899e+02 2 0)
|                ( - 1.713e+03 1 0)))))
s>    ( SILENCE 1 1.012e+04 4.805e+02 5.430e+02
s>        ( - 4.721e+03 1 0)
s>        ( QUESTION11 -1 4.918e+03 2.395e+02 2.752e+02
s>            ( - 6.638e+02 1 0)
s>            ( WDBNDRY_E 0 4.014e+03 1.946e+02 2.304e+02
s>                ( QUESTION0_7_R 1 9.371e+02 8.521e+01 5.923e+01
s>                    ( - 4.123e+02 1 0)
s>                    ( - 4.396e+02 1 0))
s>                ( QUESTION7 1 2.883e+03 1.800e+02 1.712e+02
s>                    ( - 9.899e+02 2 0)
s>                    ( - 1.713e+03 1 0)))))INFO: dtree.c(1478): Final simple tree
|( QUESTION0_0_R 1 1.281e+04 6.386e+02 6.071e+02
|    ( QUESTION11 -1 5.548e+03 3.246e+02 2.768e+02
|        ( - 2.575e+03 1 0)
|        ( QUESTION6 -1 2.649e+03 2.821e+02 1.452e+02
|            ( - 1.513e+03 1 0)
|            ( - 8.533e+02 1 0)))
|    ( QUESTION9 -1 6.625e+03 3.551e+02 3.303e+02
|        ( - 1.709e+03 2 0 QUESTION0_7_R 1 1.559e+02 9.941e+01)
|        ( QUESTION0_15_R 1 4.561e+03 3.338e+02 2.309e+02
|            ( - 1.944e+03 2 0 QUESTION6 -1 1.701e+02 1.149e+02)
|            ( QUESTION2_0_L -1 2.283e+03 2.587e+02 1.160e+02
|                ( - 7.489e+02 2 0 WDBNDRY_B 0 1.191e+02 4.503e+01)
|                ( QUESTION0_7_R 1 1.275e+03 1.789e+02 7.094e+01
|                    ( - 5.083e+02 1 0)
|                    ( - 5.881e+02 2 0 QUESTION0_17_R 1 1.062e+02 3.500e+01))))))
s>    ( QUESTION0_0_R 1 1.281e+04 6.386e+02 6.071e+02
s>        ( QUESTION11 -1 5.548e+03 3.246e+02 2.768e+02
s>            ( - 2.575e+03 1 0)
s>            ( QUESTION6 -1 2.649e+03 2.821e+02 1.452e+02
s>                ( - 1.513e+03 1 0)
s>                ( - 8.533e+02 1 0)))
s>        ( QUESTION9 -1 6.625e+03 3.551e+02 3.303e+02
s>            ( - 1.709e+03 2 0 QUESTION0_7_R 1 1.559e+02 9.941e+01)
s>            ( QUESTION0_15_R 1 4.561e+03 3.338e+02 2.309e+02
s>                ( - 1.944e+03 2 0 QUESTION6 -1 1.701e+02 1.149e+02)
s>                ( QUESTION2_0_L -1 2.283e+03 2.587e+02 1.160e+02
s>                    ( - 7.489e+02 2 0 WDBNDRY_B 0 1.191e+02 4.503e+01)
s>                    ( QUESTION0_7_R 1 1.275e+03 1.789e+02 7.094e+01
s>                        ( - 5.083e+02 1 0)
s>                        ( - 5.881e+02 2 0 QUESTION0_17_R 1 1.062e+02 3.500e+01))))))INFO: dtree.c(1315): Comp split 9
INFO: dtree.c(1439): stop. leaf nodes are specific
INFO: dtree.c(1478): Final simple tree
|( QUESTION15 1 9.615e+03 3.960e+02 5.122e+02
|    ( QUESTION0_15_R 1 5.592e+03 3.609e+02 3.066e+02
|        ( - 4.115e+03 2 0)
|        ( - 1.116e+03 1 0))
|    ( QUESTION7 1 3.627e+03 2.331e+02 2.056e+02
|        ( - 4.578e+02 1 0)
|        ( QUESTION0_2_R 1 2.936e+03 1.997e+02 1.748e+02
|            ( - 7.140e+02 1 0)
|            ( WDBNDRY_E 0 2.023e+03 1.512e+02 1.202e+02
|                ( QUESTION0_7_R 1 1.472e+03 1.029e+02 9.259e+01
|                    ( - 3.904e+02 1 0)
|                    ( - 9.790e+02 1 0))
|                ( - 3.992e+02 1 0)))))
s>    ( QUESTION15 1 9.615e+03 3.960e+02 5.122e+02
s>        ( QUESTION0_15_R 1 5.592e+03 3.609e+02 3.066e+02
s>            ( - 4.115e+03 2 0)
s>            ( - 1.116e+03 1 0))
s>        ( QUESTION7 1 3.627e+03 2.331e+02 2.056e+02
s>            ( - 4.578e+02 1 0)
s>            ( QUESTION0_2_R 1 2.936e+03 1.997e+02 1.748e+02
s>                ( - 7.140e+02 1 0)
s>                ( WDBNDRY_E 0 2.023e+03 1.512e+02 1.202e+02
s>                    ( QUESTION0_7_R 1 1.472e+03 1.029e+02 9.259e+01
s>                        ( - 3.904e+02 1 0)
s>                        ( - 9.790e+02 1 0))
s>                    ( - 3.992e+02 1 0)))))INFO: dtree.c(1315): Comp split 10
INFO: dtree.c(1439): stop. leaf nodes are specific
INFO: dtree.c(1478): Final simple tree
|( QUESTION0_9_R 1 6.919e+03 2.879e+02 3.763e+02
|    ( - 2.348e+03 1 0)
|    ( QUESTION0_7_R 1 4.284e+03 2.274e+02 2.427e+02
|        ( - 5.862e+02 1 0)
|        ( - 3.470e+03 1 0)))
s>    ( QUESTION0_9_R 1 6.919e+03 2.879e+02 3.763e+02
s>        ( - 2.348e+03 1 0)
s>        ( QUESTION0_7_R 1 4.284e+03 2.274e+02 2.427e+02
s>            ( - 5.862e+02 1 0)
s>            ( - 3.470e+03 1 0)))INFO: dtree.c(1439): stop. leaf nodes are specific
INFO: dtree.c(1478): Final simple tree
|( QUESTION0_19_R 1 1.799e+04 4.243e+02 9.374e+02
|    ( - 3.724e+03 1 0)
|    ( - 1.384e+04 1 0))
s>    ( QUESTION0_19_R 1 1.799e+04 4.243e+02 9.374e+02
s>        ( - 3.724e+03 1 0)
s>        ( - 1.384e+04 1 0))INFO: dtree.c(1315): Comp split 11
INFO: dtree.c(1439): stop. leaf nodes are specific
INFO: dtree.c(1478): Final simple tree
|( QUESTION0_0_R 1 5.427e+03 3.041e+02 2.670e+02
|    ( QUESTION11 -1 4.374e+03 2.855e+02 2.220e+02
|        ( - 2.575e+03 1 0)
|        ( - 1.513e+03 1 0))
|    ( WDBNDRY_B 0 7.489e+02 1.191e+02 4.503e+01
|        ( - 4.387e+02 1 0)
|        ( - 1.910e+02 1 0)))
s>    ( QUESTION0_0_R 1 5.427e+03 3.041e+02 2.670e+02
s>        ( QUESTION11 -1 4.374e+03 2.855e+02 2.220e+02
s>            ( - 2.575e+03 1 0)
s>            ( - 1.513e+03 1 0))
s>        ( WDBNDRY_B 0 7.489e+02 1.191e+02 4.503e+01
s>            ( - 4.387e+02 1 0)
s>            ( - 1.910e+02 1 0)))INFO: dtree.c(1478): Final simple tree
|( QUESTION9 -1 6.655e+03 3.773e+02 3.401e+02
|    ( QUESTION0_7_R 1 1.709e+03 1.559e+02 9.941e+01
|        ( - 9.056e+02 1 0)
|        ( - 6.471e+02 1 0))
|    ( QUESTION0_15_R 1 4.569e+03 2.744e+02 2.407e+02
|        ( QUESTION6 -1 1.944e+03 1.701e+02 1.149e+02
|            ( - 3.949e+02 1 0)
|            ( - 1.379e+03 1 0))
|        ( QUESTION0_14_R 1 2.350e+03 2.397e+02 1.257e+02
|            ( QUESTION0_17_R 1 5.881e+02 1.062e+02 3.500e+01
|                ( - 2.833e+02 1 0)
|                ( - 1.986e+02 1 0))
|            ( QUESTION0_0_R 1 1.522e+03 1.606e+02 9.074e+01
|                ( - 8.533e+02 1 0)
|                ( - 5.083e+02 1 0)))))
s>    ( QUESTION9 -1 6.655e+03 3.773e+02 3.401e+02
s>        ( QUESTION0_7_R 1 1.709e+03 1.559e+02 9.941e+01
s>            ( - 9.056e+02 1 0)
s>            ( - 6.471e+02 1 0))
s>        ( QUESTION0_15_R 1 4.569e+03 2.744e+02 2.407e+02
s>            ( QUESTION6 -1 1.944e+03 1.701e+02 1.149e+02
s>                ( - 3.949e+02 1 0)
s>                ( - 1.379e+03 1 0))
s>            ( QUESTION0_14_R 1 2.350e+03 2.397e+02 1.257e+02
s>                ( QUESTION0_17_R 1 5.881e+02 1.062e+02 3.500e+01
s>                    ( - 2.833e+02 1 0)
s>                    ( - 1.986e+02 1 0))
s>                ( QUESTION0_0_R 1 1.522e+03 1.606e+02 9.074e+01
s>                    ( - 8.533e+02 1 0)
s>                    ( - 5.083e+02 1 0)))))INFO: dtree.c(1315): Comp split 12
INFO: dtree.c(1439): stop. leaf nodes are specific
INFO: dtree.c(1478): Final simple tree
|( QUESTION2_1_L -1 6.605e+03 4.231e+02 3.437e+02
|    ( - 2.979e+03 1 0)
|    ( WDBNDRY_E 0 3.203e+03 2.025e+02 1.763e+02
|        ( - 1.580e+03 1 0)
|        ( QUESTION0_7_R 1 1.421e+03 1.237e+02 8.387e+01
|            ( - 9.846e+02 1 0)
|            ( - 3.122e+02 1 0))))
s>    ( QUESTION2_1_L -1 6.605e+03 4.231e+02 3.437e+02
s>        ( - 2.979e+03 1 0)
s>        ( WDBNDRY_E 0 3.203e+03 2.025e+02 1.763e+02
s>            ( - 1.580e+03 1 0)
s>            ( QUESTION0_7_R 1 1.421e+03 1.237e+02 8.387e+01
s>                ( - 9.846e+02 1 0)
s>                ( - 3.122e+02 1 0))))INFO: dtree.c(1439): stop. leaf nodes are specific
INFO: dtree.c(1478): Final simple tree
|( QUESTION2_1_L -1 7.870e+03 4.330e+02 3.961e+02
|    ( WDBNDRY_B 0 4.728e+03 3.486e+02 2.450e+02
|        ( - 8.336e+02 1 0)
|        ( - 3.546e+03 1 0))
|    ( - 2.709e+03 1 0))
s>    ( QUESTION2_1_L -1 7.870e+03 4.330e+02 3.961e+02
s>        ( WDBNDRY_B 0 4.728e+03 3.486e+02 2.450e+02
s>            ( - 8.336e+02 1 0)
s>            ( - 3.546e+03 1 0))
s>        ( - 2.709e+03 1 0))INFO: dtree.c(1315): Comp split 13
INFO: dtree.c(1439): stop. leaf nodes are specific
INFO: dtree.c(1478): Final simple tree
|( QUESTION0_17_R 1 6.227e+03 2.730e+02 3.706e+02
|    ( QUESTION7 -1 4.764e+03 1.987e+02 2.908e+02
|        ( - 4.015e+03 2 0)
|        ( - 5.503e+02 1 0))
|    ( QUESTION0_15_R 1 1.190e+03 1.257e+02 7.980e+01
|        ( - 8.377e+02 1 0)
|        ( - 2.263e+02 1 0)))
s>    ( QUESTION0_17_R 1 6.227e+03 2.730e+02 3.706e+02
s>        ( QUESTION7 -1 4.764e+03 1.987e+02 2.908e+02
s>            ( - 4.015e+03 2 0)
s>            ( - 5.503e+02 1 0))
s>        ( QUESTION0_15_R 1 1.190e+03 1.257e+02 7.980e+01
s>            ( - 8.377e+02 1 0)
s>            ( - 2.263e+02 1 0)))INFO: dtree.c(1439): stop. leaf nodes are specific
INFO: dtree.c(1478): Final simple tree
|( WDBNDRY_B 0 5.895e+03 4.886e+02 2.927e+02
|    ( - 2.356e+03 1 0)
|    ( QUESTION0_8_R 1 3.050e+03 2.454e+02 1.654e+02
|        ( - 1.365e+03 1 0)
|        ( QUESTION0_7_R 1 1.439e+03 1.675e+02 8.054e+01
|            ( - 4.566e+02 1 0)
|            ( QUESTION0_15_R 1 8.153e+02 9.523e+01 5.051e+01
|                ( - 3.870e+02 1 0)
|                ( - 3.331e+02 1 0)))))
s>    ( WDBNDRY_B 0 5.895e+03 4.886e+02 2.927e+02
s>        ( - 2.356e+03 1 0)
s>        ( QUESTION0_8_R 1 3.050e+03 2.454e+02 1.654e+02
s>            ( - 1.365e+03 1 0)
s>            ( QUESTION0_7_R 1 1.439e+03 1.675e+02 8.054e+01
s>                ( - 4.566e+02 1 0)
s>                ( QUESTION0_15_R 1 8.153e+02 9.523e+01 5.051e+01
s>                    ( - 3.870e+02 1 0)
s>                    ( - 3.331e+02 1 0)))))INFO: dtree.c(1315): Comp split 14
INFO: dtree.c(1439): stop. leaf nodes are specific
INFO: dtree.c(1478): Final simple tree
|( WDBNDRY_E 0 3.228e+03 2.968e+02 1.608e+02
|    ( - 1.265e+03 1 0)
|    ( - 1.666e+03 1 0))
s>    ( WDBNDRY_E 0 3.228e+03 2.968e+02 1.608e+02
s>        ( - 1.265e+03 1 0)
s>        ( - 1.666e+03 1 0))INFO: dtree.c(1315): Comp split 15
INFO: dtree.c(1439): stop. leaf nodes are specific
INFO: dtree.c(1478): Final simple tree
|( QUESTION0_8_R 1 3.050e+03 2.454e+02 1.654e+02
|    ( - 1.365e+03 1 0)
|    ( QUESTION0_7_R 1 1.439e+03 1.675e+02 8.054e+01
|        ( - 4.566e+02 1 0)
|        ( QUESTION0_15_R 1 8.153e+02 9.523e+01 5.051e+01
|            ( - 3.870e+02 1 0)
|            ( - 3.331e+02 1 0))))
s>    ( QUESTION0_8_R 1 3.050e+03 2.454e+02 1.654e+02
s>        ( - 1.365e+03 1 0)
s>        ( QUESTION0_7_R 1 1.439e+03 1.675e+02 8.054e+01
s>            ( - 4.566e+02 1 0)
s>            ( QUESTION0_15_R 1 8.153e+02 9.523e+01 5.051e+01
s>                ( - 3.870e+02 1 0)
s>                ( - 3.331e+02 1 0))))INFO: dtree.c(1315): Comp split 16
INFO: dtree.c(1439): stop. leaf nodes are specific
INFO: dtree.c(1478): Final simple tree
|( QUESTION0_7_R 1 1.164e+04 3.084e+02 6.379e+02
|    ( - 4.077e+03 1 0)
|    ( QUESTION0_19_R 1 7.254e+03 1.591e+02 4.024e+02
|        ( - 4.882e+02 1 0)
|        ( QUESTION0_15_R 1 6.607e+03 1.620e+02 3.720e+02
|            ( - 1.490e+03 1 0)
|            ( - 4.955e+03 1 0))))
s>    ( QUESTION0_7_R 1 1.164e+04 3.084e+02 6.379e+02
s>        ( - 4.077e+03 1 0)
s>        ( QUESTION0_19_R 1 7.254e+03 1.591e+02 4.024e+02
s>            ( - 4.882e+02 1 0)
s>            ( QUESTION0_15_R 1 6.607e+03 1.620e+02 3.720e+02
s>                ( - 1.490e+03 1 0)
s>                ( - 4.955e+03 1 0))))INFO: dtree.c(1439): stop. leaf nodes are specific
INFO: dtree.c(1478): Final simple tree
|( QUESTION0_7_R 1 2.951e+03 1.533e+02 1.774e+02
|    ( - 1.870e+03 1 0)
|    ( - 9.281e+02 1 0))
s>    ( QUESTION0_7_R 1 2.951e+03 1.533e+02 1.774e+02
s>        ( - 1.870e+03 1 0)
s>        ( - 9.281e+02 1 0))INFO: dtree.c(1315): Comp split 17
INFO: dtree.c(1439): stop. leaf nodes are specific
INFO: dtree.c(1478): Final simple tree
|( QUESTION11 -1 4.918e+03 2.395e+02 2.752e+02
|    ( - 6.638e+02 1 0)
|    ( WDBNDRY_E 0 4.014e+03 1.946e+02 2.304e+02
|        ( QUESTION0_7_R 1 9.371e+02 8.521e+01 5.923e+01
|            ( - 4.123e+02 1 0)
|            ( - 4.396e+02 1 0))
|        ( QUESTION7 1 2.883e+03 1.800e+02 1.712e+02
|            ( - 9.899e+02 2 0)
|            ( - 1.713e+03 1 0))))
s>    ( QUESTION11 -1 4.918e+03 2.395e+02 2.752e+02
s>        ( - 6.638e+02 1 0)
s>        ( WDBNDRY_E 0 4.014e+03 1.946e+02 2.304e+02
s>            ( QUESTION0_7_R 1 9.371e+02 8.521e+01 5.923e+01
s>                ( - 4.123e+02 1 0)
s>                ( - 4.396e+02 1 0))
s>            ( QUESTION7 1 2.883e+03 1.800e+02 1.712e+02
s>                ( - 9.899e+02 2 0)
s>                ( - 1.713e+03 1 0))))INFO: dtree.c(1315): Comp split 18
INFO: dtree.c(1439): stop. leaf nodes are specific
INFO: dtree.c(1478): Final simple tree
|( QUESTION15 1 7.400e+03 3.481e+02 4.062e+02
|    ( - 4.115e+03 2 0)
|    ( QUESTION0_2_R 1 2.936e+03 1.997e+02 1.748e+02
|        ( - 7.140e+02 1 0)
|        ( WDBNDRY_E 0 2.023e+03 1.512e+02 1.202e+02
|            ( QUESTION0_7_R 1 1.472e+03 1.029e+02 9.259e+01
|                ( - 3.904e+02 1 0)
|                ( - 9.790e+02 1 0))
|            ( - 3.992e+02 1 0))))
s>    ( QUESTION15 1 7.400e+03 3.481e+02 4.062e+02
s>        ( - 4.115e+03 2 0)
s>        ( QUESTION0_2_R 1 2.936e+03 1.997e+02 1.748e+02
s>            ( - 7.140e+02 1 0)
s>            ( WDBNDRY_E 0 2.023e+03 1.512e+02 1.202e+02
s>                ( QUESTION0_7_R 1 1.472e+03 1.029e+02 9.259e+01
s>                    ( - 3.904e+02 1 0)
s>                    ( - 9.790e+02 1 0))
s>                ( - 3.992e+02 1 0))))INFO: dtree.c(1439): stop. leaf nodes are specific
INFO: dtree.c(1478): Final simple tree
|( WDBNDRY_E 0 1.777e+03 2.032e+02 1.060e+02
|    ( - 4.578e+02 1 0)
|    ( - 1.116e+03 1 0))
s>    ( WDBNDRY_E 0 1.777e+03 2.032e+02 1.060e+02
s>        ( - 4.578e+02 1 0)
s>        ( - 1.116e+03 1 0))INFO: dtree.c(1315): Comp split 19
INFO: dtree.c(1439): stop. leaf nodes are specific
INFO: dtree.c(1478): Final simple tree
|( QUESTION0_7_R 1 2.046e+03 1.769e+02 1.144e+02
|    ( - 9.056e+02 1 0)
|    ( QUESTION6 -1 9.631e+02 1.173e+02 5.529e+01
|        ( - 6.471e+02 1 0)
|        ( - 1.986e+02 1 0)))
s>    ( QUESTION0_7_R 1 2.046e+03 1.769e+02 1.144e+02
s>        ( - 9.056e+02 1 0)
s>        ( QUESTION6 -1 9.631e+02 1.173e+02 5.529e+01
s>            ( - 6.471e+02 1 0)
s>            ( - 1.986e+02 1 0)))INFO: dtree.c(1439): stop. leaf nodes are specific
INFO: dtree.c(1478): Final simple tree
|( QUESTION0_15_R 1 4.174e+03 2.555e+02 2.257e+02
|    ( QUESTION6 -1 1.944e+03 1.701e+02 1.149e+02
|        ( - 3.949e+02 1 0)
|        ( - 1.379e+03 1 0))
|    ( QUESTION0_0_R 1 1.975e+03 1.924e+02 1.107e+02
|        ( - 8.533e+02 1 0)
|        ( QUESTION0_7_R 1 9.292e+02 1.376e+02 5.594e+01
|            ( - 5.083e+02 1 0)
|            ( - 2.833e+02 1 0))))
s>    ( QUESTION0_15_R 1 4.174e+03 2.555e+02 2.257e+02
s>        ( QUESTION6 -1 1.944e+03 1.701e+02 1.149e+02
s>            ( - 3.949e+02 1 0)
s>            ( - 1.379e+03 1 0))
s>        ( QUESTION0_0_R 1 1.975e+03 1.924e+02 1.107e+02
s>            ( - 8.533e+02 1 0)
s>            ( QUESTION0_7_R 1 9.292e+02 1.376e+02 5.594e+01
s>                ( - 5.083e+02 1 0)
s>                ( - 2.833e+02 1 0))))INFO: dtree.c(1315): Comp split 20
INFO: dtree.c(1439): stop. leaf nodes are specific
INFO: dtree.c(1478): Final simple tree
|( WDBNDRY_B 0 4.728e+03 3.486e+02 2.450e+02
|    ( - 8.336e+02 1 0)
|    ( - 3.546e+03 1 0))
s>    ( WDBNDRY_B 0 4.728e+03 3.486e+02 2.450e+02
s>        ( - 8.336e+02 1 0)
s>        ( - 3.546e+03 1 0))INFO: dtree.c(1315): Comp split 21
INFO: dtree.c(1315): Comp split 22
INFO: dtree.c(1439): stop. leaf nodes are specific
INFO: dtree.c(1478): Final simple tree
|( WDBNDRY_E 0 3.203e+03 2.025e+02 1.763e+02
|    ( - 1.580e+03 1 0)
|    ( QUESTION0_7_R 1 1.421e+03 1.237e+02 8.387e+01
|        ( - 9.846e+02 1 0)
|        ( - 3.122e+02 1 0)))
s>    ( WDBNDRY_E 0 3.203e+03 2.025e+02 1.763e+02
s>        ( - 1.580e+03 1 0)
s>        ( QUESTION0_7_R 1 1.421e+03 1.237e+02 8.387e+01
s>            ( - 9.846e+02 1 0)
s>            ( - 3.122e+02 1 0)))INFO: dtree.c(1315): Comp split 23
INFO: dtree.c(1315): Comp split 24
INFO: dtree.c(1439): stop. leaf nodes are specific
INFO: dtree.c(1478): Final simple tree
|( QUESTION0_2_R 1 2.936e+03 1.997e+02 1.748e+02
|    ( - 7.140e+02 1 0)
|    ( WDBNDRY_E 0 2.023e+03 1.512e+02 1.202e+02
|        ( QUESTION0_7_R 1 1.472e+03 1.029e+02 9.259e+01
|            ( - 3.904e+02 1 0)
|            ( - 9.790e+02 1 0))
|        ( - 3.992e+02 1 0)))
s>    ( QUESTION0_2_R 1 2.936e+03 1.997e+02 1.748e+02
s>        ( - 7.140e+02 1 0)
s>        ( WDBNDRY_E 0 2.023e+03 1.512e+02 1.202e+02
s>            ( QUESTION0_7_R 1 1.472e+03 1.029e+02 9.259e+01
s>                ( - 3.904e+02 1 0)
s>                ( - 9.790e+02 1 0))
s>            ( - 3.992e+02 1 0)))INFO: dtree.c(1315): Comp split 25
INFO: dtree.c(1315): Comp split 26
INFO: dtree.c(1439): stop. leaf nodes are specific
INFO: dtree.c(1478): Final simple tree
|( QUESTION0_0_R 1 3.593e+03 2.697e+02 1.767e+02
|    ( - 2.575e+03 1 0)
|    ( WDBNDRY_B 0 7.489e+02 1.191e+02 4.503e+01
|        ( - 4.387e+02 1 0)
|        ( - 1.910e+02 1 0)))
s>    ( QUESTION0_0_R 1 3.593e+03 2.697e+02 1.767e+02
s>        ( - 2.575e+03 1 0)
s>        ( WDBNDRY_B 0 7.489e+02 1.191e+02 4.503e+01
s>            ( - 4.387e+02 1 0)
s>            ( - 1.910e+02 1 0)))INFO: dtree.c(1315): Comp split 27
INFO: dtree.c(1439): stop. leaf nodes are specific
INFO: dtree.c(1478): Final simple tree
|( QUESTION0_19_R 1 7.254e+03 1.591e+02 4.024e+02
|    ( - 4.882e+02 1 0)
|    ( QUESTION0_15_R 1 6.607e+03 1.620e+02 3.720e+02
|        ( - 1.490e+03 1 0)
|        ( - 4.955e+03 1 0)))
s>    ( QUESTION0_19_R 1 7.254e+03 1.591e+02 4.024e+02
s>        ( - 4.882e+02 1 0)
s>        ( QUESTION0_15_R 1 6.607e+03 1.620e+02 3.720e+02
s>            ( - 1.490e+03 1 0)
s>            ( - 4.955e+03 1 0)))INFO: dtree.c(1315): Comp split 28
INFO: dtree.c(1315): Comp split 29
INFO: dtree.c(1439): stop. leaf nodes are specific
INFO: dtree.c(1478): Final simple tree
|( QUESTION0_15_R 1 1.924e+03 1.898e+02 1.159e+02
|    ( - 8.377e+02 1 0)
|    ( QUESTION0_17_R 1 8.962e+02 1.195e+02 5.659e+01
|        ( - 5.503e+02 1 0)
|        ( - 2.263e+02 1 0)))
s>    ( QUESTION0_15_R 1 1.924e+03 1.898e+02 1.159e+02
s>        ( - 8.377e+02 1 0)
s>        ( QUESTION0_17_R 1 8.962e+02 1.195e+02 5.659e+01
s>            ( - 5.503e+02 1 0)
s>            ( - 2.263e+02 1 0)))INFO: dtree.c(1315): Comp split 30
INFO: dtree.c(1439): stop. leaf nodes are specific
INFO: dtree.c(1478): Final simple tree
|( QUESTION0_7_R 1 4.284e+03 2.274e+02 2.427e+02
|    ( - 5.862e+02 1 0)
|    ( - 3.470e+03 1 0))
s>    ( QUESTION0_7_R 1 4.284e+03 2.274e+02 2.427e+02
s>        ( - 5.862e+02 1 0)
s>        ( - 3.470e+03 1 0))INFO: dtree.c(1315): Comp split 31
INFO: dtree.c(1439): stop. leaf nodes are specific
INFO: dtree.c(1478): Final simple tree
|( WDBNDRY_E 0 1.426e+03 1.705e+02 8.199e+01
|    ( - 3.997e+02 1 0)
|    ( - 8.560e+02 1 0))
s>    ( WDBNDRY_E 0 1.426e+03 1.705e+02 8.199e+01
s>        ( - 3.997e+02 1 0)
s>        ( - 8.560e+02 1 0))INFO: dtree.c(1315): Comp split 32
INFO: dtree.c(1439): stop. leaf nodes are specific
INFO: dtree.c(1478): Final simple tree
|( WDBNDRY_B 0 7.489e+02 1.191e+02 4.503e+01
|    ( - 4.387e+02 1 0)
|    ( - 1.910e+02 1 0))
s>    ( WDBNDRY_B 0 7.489e+02 1.191e+02 4.503e+01
s>        ( - 4.387e+02 1 0)
s>        ( - 1.910e+02 1 0))INFO: dtree.c(1315): Comp split 33
INFO: dtree.c(1439): stop. leaf nodes are specific
INFO: dtree.c(1478): Final simple tree
|( QUESTION0_15_R 1 2.515e+03 2.070e+02 1.419e+02
|    ( - 1.379e+03 1 0)
|    ( QUESTION0_7_R 1 9.292e+02 1.376e+02 5.594e+01
|        ( - 5.083e+02 1 0)
|        ( - 2.833e+02 1 0)))
s>    ( QUESTION0_15_R 1 2.515e+03 2.070e+02 1.419e+02
s>        ( - 1.379e+03 1 0)
s>        ( QUESTION0_7_R 1 9.292e+02 1.376e+02 5.594e+01
s>            ( - 5.083e+02 1 0)
s>            ( - 2.833e+02 1 0)))INFO: dtree.c(1439): stop. leaf nodes are specific
INFO: dtree.c(1478): Final simple tree
|( QUESTION0_0_R 1 1.403e+03 1.544e+02 8.379e+01
|    ( - 8.533e+02 1 0)
|    ( - 3.949e+02 1 0))
s>    ( QUESTION0_0_R 1 1.403e+03 1.544e+02 8.379e+01
s>        ( - 8.533e+02 1 0)
s>        ( - 3.949e+02 1 0))INFO: dtree.c(1315): Comp split 34
INFO: dtree.c(1439): stop. leaf nodes are specific
INFO: dtree.c(1478): Final simple tree
|( WDBNDRY_E 0 2.810e+03 1.606e+02 1.646e+02
|    ( QUESTION0_7_R 1 9.371e+02 8.521e+01 5.923e+01
|        ( - 4.123e+02 1 0)
|        ( - 4.396e+02 1 0))
|    ( - 1.713e+03 1 0))
s>    ( WDBNDRY_E 0 2.810e+03 1.606e+02 1.646e+02
s>        ( QUESTION0_7_R 1 9.371e+02 8.521e+01 5.923e+01
s>            ( - 4.123e+02 1 0)
s>            ( - 4.396e+02 1 0))
s>        ( - 1.713e+03 1 0))INFO: dtree.c(1439): stop. leaf nodes are specific
INFO: dtree.c(1478): Final simple tree
|( QUESTION11 -1 1.855e+03 2.014e+02 1.106e+02
|    ( - 6.638e+02 1 0)
|    ( - 9.899e+02 2 0))
s>    ( QUESTION11 -1 1.855e+03 2.014e+02 1.106e+02
s>        ( - 6.638e+02 1 0)
s>        ( - 9.899e+02 2 0))INFO: dtree.c(1315): Comp split 35
INFO: dtree.c(1439): stop. leaf nodes are specific
INFO: dtree.c(1478): Final simple tree
|( QUESTION0_7_R 1 1.439e+03 1.675e+02 8.054e+01
|    ( - 4.566e+02 1 0)
|    ( QUESTION0_15_R 1 8.153e+02 9.523e+01 5.051e+01
|        ( - 3.870e+02 1 0)
|        ( - 3.331e+02 1 0)))
s>    ( QUESTION0_7_R 1 1.439e+03 1.675e+02 8.054e+01
s>        ( - 4.566e+02 1 0)
s>        ( QUESTION0_15_R 1 8.153e+02 9.523e+01 5.051e+01
s>            ( - 3.870e+02 1 0)
s>            ( - 3.331e+02 1 0)))INFO: dtree.c(1315): Comp split 36
INFO: dtree.c(1315): Comp split 37
INFO: dtree.c(1439): stop. leaf nodes are specific
INFO: dtree.c(1478): Final simple tree
|( WDBNDRY_E 0 1.511e+03 1.327e+02 9.165e+01
|    ( - 9.790e+02 1 0)
|    ( - 3.992e+02 1 0))
s>    ( WDBNDRY_E 0 1.511e+03 1.327e+02 9.165e+01
s>        ( - 9.790e+02 1 0)
s>        ( - 3.992e+02 1 0))INFO: dtree.c(1439): stop. leaf nodes are specific
INFO: dtree.c(1478): Final simple tree
|( WDBNDRY_E 0 1.215e+03 1.111e+02 8.318e+01
|    ( - 3.904e+02 1 0)
|    ( - 7.140e+02 1 0))
s>    ( WDBNDRY_E 0 1.215e+03 1.111e+02 8.318e+01
s>        ( - 3.904e+02 1 0)
s>        ( - 7.140e+02 1 0))INFO: dtree.c(1315): Comp split 38
INFO: dtree.c(1439): stop. leaf nodes are specific
INFO: dtree.c(1478): Final simple tree
|( QUESTION0_7_R 1 9.292e+02 1.376e+02 5.594e+01
|    ( - 5.083e+02 1 0)
|    ( - 2.833e+02 1 0))
s>    ( QUESTION0_7_R 1 9.292e+02 1.376e+02 5.594e+01
s>        ( - 5.083e+02 1 0)
s>        ( - 2.833e+02 1 0))INFO: dtree.c(1315): Comp split 39
INFO: dtree.c(1315): Comp split 40
INFO: dtree.c(1439): stop. leaf nodes are specific
INFO: dtree.c(1478): Final simple tree
|( QUESTION0_7_R 1 1.421e+03 1.237e+02 8.387e+01
|    ( - 9.846e+02 1 0)
|    ( - 3.122e+02 1 0))
s>    ( QUESTION0_7_R 1 1.421e+03 1.237e+02 8.387e+01
s>        ( - 9.846e+02 1 0)
s>        ( - 3.122e+02 1 0))INFO: dtree.c(1315): Comp split 41
INFO: dtree.c(1315): Comp split 42
INFO: dtree.c(1439): stop. leaf nodes are specific
INFO: dtree.c(1478): Final simple tree
|( QUESTION0_17_R 1 8.962e+02 1.195e+02 5.659e+01
|    ( - 5.503e+02 1 0)
|    ( - 2.263e+02 1 0))
s>    ( QUESTION0_17_R 1 8.962e+02 1.195e+02 5.659e+01
s>        ( - 5.503e+02 1 0)
s>        ( - 2.263e+02 1 0))INFO: dtree.c(1315): Comp split 43
INFO: dtree.c(1439): stop. leaf nodes are specific
INFO: dtree.c(1478): Final simple tree
|( QUESTION0_15_R 1 2.114e+03 1.353e+02 1.228e+02
|    ( - 1.490e+03 1 0)
|    ( - 4.882e+02 1 0))
s>    ( QUESTION0_15_R 1 2.114e+03 1.353e+02 1.228e+02
s>        ( - 1.490e+03 1 0)
s>        ( - 4.882e+02 1 0))INFO: dtree.c(1315): Comp split 44
INFO: dtree.c(1439): stop. leaf nodes are specific
INFO: dtree.c(1478): Final simple tree
|( QUESTION6 -1 9.631e+02 1.173e+02 5.529e+01
|    ( - 6.471e+02 1 0)
|    ( - 1.986e+02 1 0))
s>    ( QUESTION6 -1 9.631e+02 1.173e+02 5.529e+01
s>        ( - 6.471e+02 1 0)
s>        ( - 1.986e+02 1 0))INFO: dtree.c(1315): Comp split 45
INFO: dtree.c(1315): Comp split 46
INFO: dtree.c(1439): stop. leaf nodes are specific
INFO: dtree.c(1478): Final simple tree
|( QUESTION0_15_R 1 8.153e+02 9.523e+01 5.051e+01
|    ( - 3.870e+02 1 0)
|    ( - 3.331e+02 1 0))
s>    ( QUESTION0_15_R 1 8.153e+02 9.523e+01 5.051e+01
s>        ( - 3.870e+02 1 0)
s>        ( - 3.331e+02 1 0))INFO: dtree.c(1315): Comp split 47
INFO: dtree.c(1439): stop. leaf nodes are specific
INFO: dtree.c(1478): Final simple tree
|( QUESTION0_7_R 1 9.371e+02 8.521e+01 5.923e+01
|    ( - 4.123e+02 1 0)
|    ( - 4.396e+02 1 0))
s>    ( QUESTION0_7_R 1 9.371e+02 8.521e+01 5.923e+01
s>        ( - 4.123e+02 1 0)
s>        ( - 4.396e+02 1 0))INFO: dtree.c(1315): Comp split 48
INFO: dtree.c(1315): Comp split 49
INFO: dtree.c(1315): Comp split 50
INFO: dtree.c(1315): Comp split 51
INFO: dtree.c(1315): Comp split 52
INFO: dtree.c(1315): Comp split 53
INFO: dtree.c(1315): Comp split 54
INFO: dtree.c(1315): Comp split 55
INFO: dtree.c(1315): Comp split 56
INFO: dtree.c(1315): Comp split 57
INFO: dtree.c(1315): Comp split 58
INFO: dtree.c(1315): Comp split 59
INFO: dtree.c(1315): Comp split 60
INFO: dtree.c(1318): stop. leaf nodes are specific
Fri Dec  3 07:39:21 2021
