Current configuration:
[NAME]		[DEFLT]	[VALUE]
-allphones	no	no
-cntthresh	0.00001	1.000000e-05
-csplitmax	100	2000
-csplitmin	1	1
-csplitthr	8e-4	0.000000e+00
-example	no	no
-fullvar	no	no
-help		no	no
-meanfn			
-mixwfn			/home/azhar/Tubes_Speech/commandreminder/model_parameters/commandreminder.cd_ptm_untied/mixture_weights
-moddeffn		/home/azhar/Tubes_Speech/commandreminder/model_architecture/commandreminder.untied.mdef
-mwfloor	1e-4	1.000000e-08
-phone			N
-psetfn			/home/azhar/Tubes_Speech/commandreminder/model_architecture/commandreminder.tree_questions
-ssplitmax	5	7
-ssplitmin	1	1
-ssplitthr	8e-4	0.000000e+00
-state			2
-stwt			1.0,0.05,0.0,
-treefn			/home/azhar/Tubes_Speech/commandreminder/trees/commandreminder.unpruned/N-2.dtree
-ts2cbfn	.semi.	.semi.
-varfloor	0.00001	1.000000e-05
-varfn			

INFO: main.c(223): Reading: /home/azhar/Tubes_Speech/commandreminder/model_architecture/commandreminder.untied.mdef
INFO: model_def_io.c(573): Model definition info:
INFO: model_def_io.c(574): 1061 total models defined (31 base, 1030 tri)
INFO: model_def_io.c(575): 4244 total states
INFO: model_def_io.c(576): 3183 total tied states
INFO: model_def_io.c(577): 93 total tied CI states
INFO: model_def_io.c(578): 31 total tied transition matrices
INFO: model_def_io.c(579): 4 max state/model
INFO: model_def_io.c(580): 4 min state/model
INFO: main.c(242): Building trees for [N A A e] through [N U T i]
INFO: main.c(269): Covering states |[1995 2204]| == 210
INFO: main.c(275): Reading: /home/azhar/Tubes_Speech/commandreminder/model_parameters/commandreminder.cd_ptm_untied/mixture_weights
INFO: s3mixw_io.c(173): Read /home/azhar/Tubes_Speech/commandreminder/model_parameters/commandreminder.cd_ptm_untied/mixture_weights [210x4x64 array]
INFO: main.c(311): 70 of 70 models have observation count greater than 0.000010
INFO: main.c(95): nrm stwt: 0.000 0.048 0.952 
INFO: main.c(411): 70-class entropy: 2.314301e+05
INFO: main.c(549): Reading: /home/azhar/Tubes_Speech/commandreminder/model_architecture/commandreminder.tree_questions
INFO: main.c(588): 174 total simple questions (166 phone; 8 word bndry)
INFO: main.c(590): 40 Left Only questions, and 42 Right Only questions
INFO: dtree.c(1478): Final simple tree
|( QUESTION0 1 2.873e+05 1.312e+04 1.317e+04
|    ( QUESTION3 1 6.327e+04 3.832e+03 3.034e+03
|        ( - 1.376e+04 6 0 QUESTION3 -1 4.026e+02 8.139e+02)
|        ( WDBNDRY_E 0 4.568e+04 1.627e+03 2.220e+03
|            ( - 1.629e+04 4 0 QUESTION0_14_R 1 6.731e+02 7.727e+02)
|            ( - 2.776e+04 16 0 QUESTION0_4_R 1 1.160e+03 1.447e+03)))
|    ( SILENCE 1 2.109e+05 8.645e+03 1.014e+04
|        ( - 5.541e+04 3 0 QUESTION1 -1 1.160e+03 3.201e+03)
|        ( QUESTION19 1 1.469e+05 4.812e+03 6.937e+03
|            ( - 3.648e+04 3 0 QUESTION1 -1 5.088e+02 1.909e+03)
|            ( QUESTION0_7_R 1 1.056e+05 1.947e+03 5.028e+03
|                ( QUESTION8 1 5.921e+04 1.268e+03 2.915e+03
|                    ( - 1.980e+04 10 0 WDBNDRY_E 0 5.710e+02 9.689e+02)
|                    ( - 3.814e+04 13 0 QUESTION0_8_R 1 1.175e+03 1.946e+03))
|                ( - 4.443e+04 15 0 QUESTION0_17_R 1 9.733e+02 2.113e+03)))))
s>    ( QUESTION0 1 2.873e+05 1.312e+04 1.317e+04
s>        ( QUESTION3 1 6.327e+04 3.832e+03 3.034e+03
s>            ( - 1.376e+04 6 0 QUESTION3 -1 4.026e+02 8.139e+02)
s>            ( WDBNDRY_E 0 4.568e+04 1.627e+03 2.220e+03
s>                ( - 1.629e+04 4 0 QUESTION0_14_R 1 6.731e+02 7.727e+02)
s>                ( - 2.776e+04 16 0 QUESTION0_4_R 1 1.160e+03 1.447e+03)))
s>        ( SILENCE 1 2.109e+05 8.645e+03 1.014e+04
s>            ( - 5.541e+04 3 0 QUESTION1 -1 1.160e+03 3.201e+03)
s>            ( QUESTION19 1 1.469e+05 4.812e+03 6.937e+03
s>                ( - 3.648e+04 3 0 QUESTION1 -1 5.088e+02 1.909e+03)
s>                ( QUESTION0_7_R 1 1.056e+05 1.947e+03 5.028e+03
s>                    ( QUESTION8 1 5.921e+04 1.268e+03 2.915e+03
s>                        ( - 1.980e+04 10 0 WDBNDRY_E 0 5.710e+02 9.689e+02)
s>                        ( - 3.814e+04 13 0 QUESTION0_8_R 1 1.175e+03 1.946e+03))
s>                    ( - 4.443e+04 15 0 QUESTION0_17_R 1 9.733e+02 2.113e+03)))))INFO: dtree.c(1315): Comp split 0
INFO: dtree.c(1478): Final simple tree
|( SILENCE 1 2.109e+05 8.645e+03 1.014e+04
|    ( QUESTION1 -1 5.541e+04 1.160e+03 3.201e+03
|        ( - 4.014e+04 1 0)
|        ( - 1.412e+04 2 0 QUESTION3 -1 2.942e+02 8.643e+02))
|    ( QUESTION19 1 1.469e+05 4.812e+03 6.937e+03
|        ( - 3.648e+04 3 0 QUESTION1 -1 5.088e+02 1.909e+03)
|        ( QUESTION0_7_R 1 1.056e+05 1.947e+03 5.028e+03
|            ( QUESTION8 1 5.921e+04 1.268e+03 2.915e+03
|                ( - 1.980e+04 10 0 WDBNDRY_E 0 5.710e+02 9.689e+02)
|                ( QUESTION0_8_R 1 3.814e+04 1.175e+03 1.946e+03
|                    ( - 3.162e+04 11 0 QUESTION7 1 4.820e+02 1.654e+03)
|                    ( - 5.349e+03 2 0 WDBNDRY_E 0 1.845e+02 2.921e+02)))
|            ( QUESTION0_17_R 1 4.443e+04 9.733e+02 2.113e+03
|                ( - 1.541e+04 4 0 QUESTION2_1_L -1 3.357e+02 7.764e+02)
|                ( - 2.805e+04 11 0 QUESTION14 1 8.398e+02 1.336e+03)))))
s>    ( SILENCE 1 2.109e+05 8.645e+03 1.014e+04
s>        ( QUESTION1 -1 5.541e+04 1.160e+03 3.201e+03
s>            ( - 4.014e+04 1 0)
s>            ( - 1.412e+04 2 0 QUESTION3 -1 2.942e+02 8.643e+02))
s>        ( QUESTION19 1 1.469e+05 4.812e+03 6.937e+03
s>            ( - 3.648e+04 3 0 QUESTION1 -1 5.088e+02 1.909e+03)
s>            ( QUESTION0_7_R 1 1.056e+05 1.947e+03 5.028e+03
s>                ( QUESTION8 1 5.921e+04 1.268e+03 2.915e+03
s>                    ( - 1.980e+04 10 0 WDBNDRY_E 0 5.710e+02 9.689e+02)
s>                    ( QUESTION0_8_R 1 3.814e+04 1.175e+03 1.946e+03
s>                        ( - 3.162e+04 11 0 QUESTION7 1 4.820e+02 1.654e+03)
s>                        ( - 5.349e+03 2 0 WDBNDRY_E 0 1.845e+02 2.921e+02)))
s>                ( QUESTION0_17_R 1 4.443e+04 9.733e+02 2.113e+03
s>                    ( - 1.541e+04 4 0 QUESTION2_1_L -1 3.357e+02 7.764e+02)
s>                    ( - 2.805e+04 11 0 QUESTION14 1 8.398e+02 1.336e+03)))))INFO: dtree.c(1478): Final simple tree
|( QUESTION3 1 6.327e+04 3.832e+03 3.034e+03
|    ( - 1.376e+04 6 0 QUESTION3 -1 4.026e+02 8.139e+02)
|    ( WDBNDRY_E 0 4.568e+04 1.627e+03 2.220e+03
|        ( QUESTION0_14_R 1 1.629e+04 6.731e+02 7.727e+02
|            ( - 2.599e+03 2 0 QUESTION2_1_L -1 2.081e+02 1.368e+02)
|            ( QUESTION0_0_R 1 1.302e+04 4.826e+02 6.358e+02
|                ( - 8.341e+03 1 0)
|                ( - 4.193e+03 1 0)))
|        ( QUESTION0_4_R 1 2.776e+04 1.160e+03 1.447e+03
|            ( QUESTION3 -1 1.793e+04 4.809e+02 1.011e+03
|                ( - 5.178e+03 2 0 WDBNDRY_B 0 1.398e+02 3.161e+02)
|                ( - 1.227e+04 7 0 QUESTION1 -1 2.641e+02 6.950e+02))
|            ( QUESTION0_1_R 1 8.675e+03 4.522e+02 4.363e+02
|                ( - 1.837e+03 1 0)
|                ( - 6.386e+03 6 0 QUESTION0 -1 3.756e+02 3.217e+02)))))
s>    ( QUESTION3 1 6.327e+04 3.832e+03 3.034e+03
s>        ( - 1.376e+04 6 0 QUESTION3 -1 4.026e+02 8.139e+02)
s>        ( WDBNDRY_E 0 4.568e+04 1.627e+03 2.220e+03
s>            ( QUESTION0_14_R 1 1.629e+04 6.731e+02 7.727e+02
s>                ( - 2.599e+03 2 0 QUESTION2_1_L -1 2.081e+02 1.368e+02)
s>                ( QUESTION0_0_R 1 1.302e+04 4.826e+02 6.358e+02
s>                    ( - 8.341e+03 1 0)
s>                    ( - 4.193e+03 1 0)))
s>            ( QUESTION0_4_R 1 2.776e+04 1.160e+03 1.447e+03
s>                ( QUESTION3 -1 1.793e+04 4.809e+02 1.011e+03
s>                    ( - 5.178e+03 2 0 WDBNDRY_B 0 1.398e+02 3.161e+02)
s>                    ( - 1.227e+04 7 0 QUESTION1 -1 2.641e+02 6.950e+02))
s>                ( QUESTION0_1_R 1 8.675e+03 4.522e+02 4.363e+02
s>                    ( - 1.837e+03 1 0)
s>                    ( - 6.386e+03 6 0 QUESTION0 -1 3.756e+02 3.217e+02)))))INFO: dtree.c(1315): Comp split 1
INFO: dtree.c(1478): Final simple tree
|( QUESTION19 1 1.469e+05 4.812e+03 6.937e+03
|    ( - 3.648e+04 3 0 QUESTION1 -1 5.088e+02 1.909e+03)
|    ( QUESTION0_7_R 1 1.056e+05 1.947e+03 5.028e+03
|        ( QUESTION8 1 5.921e+04 1.268e+03 2.915e+03
|            ( WDBNDRY_E 0 1.980e+04 5.710e+02 9.689e+02
|                ( - 7.224e+03 4 0)
|                ( - 1.200e+04 6 0 QUESTION4 -1 4.071e+02 6.119e+02))
|            ( QUESTION0_8_R 1 3.814e+04 1.175e+03 1.946e+03
|                ( - 3.162e+04 11 0 QUESTION7 1 4.820e+02 1.654e+03)
|                ( - 5.349e+03 2 0 WDBNDRY_E 0 1.845e+02 2.921e+02)))
|        ( QUESTION0_17_R 1 4.443e+04 9.733e+02 2.113e+03
|            ( - 1.541e+04 4 0 QUESTION2_1_L -1 3.357e+02 7.764e+02)
|            ( QUESTION14 1 2.805e+04 8.398e+02 1.336e+03
|                ( - 4.163e+03 2 0 QUESTION0_19_R 1 2.501e+02 2.098e+02)
|                ( - 2.305e+04 9 0 WDBNDRY_E 0 4.979e+02 1.126e+03)))))
s>    ( QUESTION19 1 1.469e+05 4.812e+03 6.937e+03
s>        ( - 3.648e+04 3 0 QUESTION1 -1 5.088e+02 1.909e+03)
s>        ( QUESTION0_7_R 1 1.056e+05 1.947e+03 5.028e+03
s>            ( QUESTION8 1 5.921e+04 1.268e+03 2.915e+03
s>                ( WDBNDRY_E 0 1.980e+04 5.710e+02 9.689e+02
s>                    ( - 7.224e+03 4 0)
s>                    ( - 1.200e+04 6 0 QUESTION4 -1 4.071e+02 6.119e+02))
s>                ( QUESTION0_8_R 1 3.814e+04 1.175e+03 1.946e+03
s>                    ( - 3.162e+04 11 0 QUESTION7 1 4.820e+02 1.654e+03)
s>                    ( - 5.349e+03 2 0 WDBNDRY_E 0 1.845e+02 2.921e+02)))
s>            ( QUESTION0_17_R 1 4.443e+04 9.733e+02 2.113e+03
s>                ( - 1.541e+04 4 0 QUESTION2_1_L -1 3.357e+02 7.764e+02)
s>                ( QUESTION14 1 2.805e+04 8.398e+02 1.336e+03
s>                    ( - 4.163e+03 2 0 QUESTION0_19_R 1 2.501e+02 2.098e+02)
s>                    ( - 2.305e+04 9 0 WDBNDRY_E 0 4.979e+02 1.126e+03)))))INFO: dtree.c(1439): stop. leaf nodes are specific
INFO: dtree.c(1478): Final simple tree
|( QUESTION1 -1 5.541e+04 1.160e+03 3.201e+03
|    ( - 4.014e+04 1 0)
|    ( QUESTION3 -1 1.412e+04 2.942e+02 8.643e+02
|        ( - 1.245e+04 1 0)
|        ( - 1.379e+03 1 0)))
s>    ( QUESTION1 -1 5.541e+04 1.160e+03 3.201e+03
s>        ( - 4.014e+04 1 0)
s>        ( QUESTION3 -1 1.412e+04 2.942e+02 8.643e+02
s>            ( - 1.245e+04 1 0)
s>            ( - 1.379e+03 1 0)))INFO: dtree.c(1315): Comp split 2
INFO: dtree.c(1478): Final simple tree
|( QUESTION0_7_R 1 1.056e+05 1.947e+03 5.028e+03
|    ( QUESTION8 1 5.921e+04 1.268e+03 2.915e+03
|        ( WDBNDRY_E 0 1.980e+04 5.710e+02 9.689e+02
|            ( - 7.224e+03 4 0)
|            ( - 1.200e+04 6 0 QUESTION4 -1 4.071e+02 6.119e+02))
|        ( QUESTION0_8_R 1 3.814e+04 1.175e+03 1.946e+03
|            ( - 3.162e+04 11 0 QUESTION7 1 4.820e+02 1.654e+03)
|            ( - 5.349e+03 2 0 WDBNDRY_E 0 1.845e+02 2.921e+02)))
|    ( QUESTION0_17_R 1 4.443e+04 9.733e+02 2.113e+03
|        ( - 1.541e+04 4 0 QUESTION2_1_L -1 3.357e+02 7.764e+02)
|        ( QUESTION14 1 2.805e+04 8.398e+02 1.336e+03
|            ( - 4.163e+03 2 0 QUESTION0_19_R 1 2.501e+02 2.098e+02)
|            ( WDBNDRY_E 0 2.305e+04 4.979e+02 1.126e+03
|                ( - 1.835e+04 6 0 QUESTION2_1_L -1 4.192e+02 9.101e+02)
|                ( - 4.206e+03 3 0 QUESTION1 -1 1.815e+02 2.164e+02)))))
s>    ( QUESTION0_7_R 1 1.056e+05 1.947e+03 5.028e+03
s>        ( QUESTION8 1 5.921e+04 1.268e+03 2.915e+03
s>            ( WDBNDRY_E 0 1.980e+04 5.710e+02 9.689e+02
s>                ( - 7.224e+03 4 0)
s>                ( - 1.200e+04 6 0 QUESTION4 -1 4.071e+02 6.119e+02))
s>            ( QUESTION0_8_R 1 3.814e+04 1.175e+03 1.946e+03
s>                ( - 3.162e+04 11 0 QUESTION7 1 4.820e+02 1.654e+03)
s>                ( - 5.349e+03 2 0 WDBNDRY_E 0 1.845e+02 2.921e+02)))
s>        ( QUESTION0_17_R 1 4.443e+04 9.733e+02 2.113e+03
s>            ( - 1.541e+04 4 0 QUESTION2_1_L -1 3.357e+02 7.764e+02)
s>            ( QUESTION14 1 2.805e+04 8.398e+02 1.336e+03
s>                ( - 4.163e+03 2 0 QUESTION0_19_R 1 2.501e+02 2.098e+02)
s>                ( WDBNDRY_E 0 2.305e+04 4.979e+02 1.126e+03
s>                    ( - 1.835e+04 6 0 QUESTION2_1_L -1 4.192e+02 9.101e+02)
s>                    ( - 4.206e+03 3 0 QUESTION1 -1 1.815e+02 2.164e+02)))))INFO: dtree.c(1439): stop. leaf nodes are specific
INFO: dtree.c(1478): Final simple tree
|( QUESTION1 -1 3.648e+04 5.088e+02 1.909e+03
|    ( QUESTION0_15_R 1 3.374e+04 3.312e+02 1.781e+03
|        ( - 1.004e+03 1 0)
|        ( - 3.241e+04 1 0))
|    ( - 2.223e+03 1 0))
s>    ( QUESTION1 -1 3.648e+04 5.088e+02 1.909e+03
s>        ( QUESTION0_15_R 1 3.374e+04 3.312e+02 1.781e+03
s>            ( - 1.004e+03 1 0)
s>            ( - 3.241e+04 1 0))
s>        ( - 2.223e+03 1 0))INFO: dtree.c(1315): Comp split 3
INFO: dtree.c(1478): Final simple tree
|( WDBNDRY_E 0 4.568e+04 1.627e+03 2.220e+03
|    ( QUESTION0_14_R 1 1.629e+04 6.731e+02 7.727e+02
|        ( - 2.599e+03 2 0 QUESTION2_1_L -1 2.081e+02 1.368e+02)
|        ( QUESTION0_0_R 1 1.302e+04 4.826e+02 6.358e+02
|            ( - 8.341e+03 1 0)
|            ( - 4.193e+03 1 0)))
|    ( QUESTION0_4_R 1 2.776e+04 1.160e+03 1.447e+03
|        ( QUESTION3 -1 1.793e+04 4.809e+02 1.011e+03
|            ( - 5.178e+03 2 0 WDBNDRY_B 0 1.398e+02 3.161e+02)
|            ( - 1.227e+04 7 0 QUESTION1 -1 2.641e+02 6.950e+02))
|        ( QUESTION0_1_R 1 8.675e+03 4.522e+02 4.363e+02
|            ( - 1.837e+03 1 0)
|            ( QUESTION0 -1 6.386e+03 3.756e+02 3.217e+02
|                ( - 4.574e+03 5 0 QUESTION2_1_L -1 2.875e+02 2.366e+02)
|                ( - 1.436e+03 1 0)))))
s>    ( WDBNDRY_E 0 4.568e+04 1.627e+03 2.220e+03
s>        ( QUESTION0_14_R 1 1.629e+04 6.731e+02 7.727e+02
s>            ( - 2.599e+03 2 0 QUESTION2_1_L -1 2.081e+02 1.368e+02)
s>            ( QUESTION0_0_R 1 1.302e+04 4.826e+02 6.358e+02
s>                ( - 8.341e+03 1 0)
s>                ( - 4.193e+03 1 0)))
s>        ( QUESTION0_4_R 1 2.776e+04 1.160e+03 1.447e+03
s>            ( QUESTION3 -1 1.793e+04 4.809e+02 1.011e+03
s>                ( - 5.178e+03 2 0 WDBNDRY_B 0 1.398e+02 3.161e+02)
s>                ( - 1.227e+04 7 0 QUESTION1 -1 2.641e+02 6.950e+02))
s>            ( QUESTION0_1_R 1 8.675e+03 4.522e+02 4.363e+02
s>                ( - 1.837e+03 1 0)
s>                ( QUESTION0 -1 6.386e+03 3.756e+02 3.217e+02
s>                    ( - 4.574e+03 5 0 QUESTION2_1_L -1 2.875e+02 2.366e+02)
s>                    ( - 1.436e+03 1 0)))))INFO: dtree.c(1439): stop. leaf nodes are specific
INFO: dtree.c(1478): Final simple tree
|( QUESTION3 -1 1.376e+04 4.026e+02 8.139e+02
|    ( - 4.220e+03 1 0)
|    ( QUESTION1 -1 9.137e+03 2.482e+02 5.486e+02
|        ( WDBNDRY_E 0 5.584e+03 2.008e+02 3.470e+02
|            ( - 3.949e+02 1 0)
|            ( - 4.988e+03 1 0))
|        ( QUESTION0 -1 3.305e+03 1.434e+02 2.016e+02
|            ( - 2.381e+03 1 0)
|            ( QUESTION6 -1 7.811e+02 7.301e+01 5.311e+01
|                ( - 4.069e+02 1 0)
|                ( - 3.012e+02 1 0)))))
s>    ( QUESTION3 -1 1.376e+04 4.026e+02 8.139e+02
s>        ( - 4.220e+03 1 0)
s>        ( QUESTION1 -1 9.137e+03 2.482e+02 5.486e+02
s>            ( WDBNDRY_E 0 5.584e+03 2.008e+02 3.470e+02
s>                ( - 3.949e+02 1 0)
s>                ( - 4.988e+03 1 0))
s>            ( QUESTION0 -1 3.305e+03 1.434e+02 2.016e+02
s>                ( - 2.381e+03 1 0)
s>                ( QUESTION6 -1 7.811e+02 7.301e+01 5.311e+01
s>                    ( - 4.069e+02 1 0)
s>                    ( - 3.012e+02 1 0)))))INFO: dtree.c(1315): Comp split 4
INFO: dtree.c(1478): Final simple tree
|( QUESTION7 1 3.162e+04 4.820e+02 1.654e+03
|    ( QUESTION4 -1 1.848e+04 2.570e+02 9.705e+02
|        ( - 2.634e+03 2 0)
|        ( QUESTION2_1_L -1 1.559e+04 2.016e+02 8.245e+02
|            ( - 1.404e+04 1 0)
|            ( QUESTION1 -1 1.344e+03 1.558e+02 7.964e+01
|                ( - 6.218e+02 1 0)
|                ( - 5.669e+02 1 0))))
|    ( WDBNDRY_E 0 1.265e+04 2.860e+02 6.835e+02
|        ( QUESTION2_1_L -1 6.096e+03 2.180e+02 3.318e+02
|            ( - 5.098e+03 1 0)
|            ( - 7.798e+02 1 0))
|        ( QUESTION1 -1 6.273e+03 1.712e+02 3.518e+02
|            ( - 5.463e+03 3 0 QUESTION2_1_L -1 1.242e+02 3.099e+02)
|            ( - 6.385e+02 1 0))))
s>    ( QUESTION7 1 3.162e+04 4.820e+02 1.654e+03
s>        ( QUESTION4 -1 1.848e+04 2.570e+02 9.705e+02
s>            ( - 2.634e+03 2 0)
s>            ( QUESTION2_1_L -1 1.559e+04 2.016e+02 8.245e+02
s>                ( - 1.404e+04 1 0)
s>                ( QUESTION1 -1 1.344e+03 1.558e+02 7.964e+01
s>                    ( - 6.218e+02 1 0)
s>                    ( - 5.669e+02 1 0))))
s>        ( WDBNDRY_E 0 1.265e+04 2.860e+02 6.835e+02
s>            ( QUESTION2_1_L -1 6.096e+03 2.180e+02 3.318e+02
s>                ( - 5.098e+03 1 0)
s>                ( - 7.798e+02 1 0))
s>            ( QUESTION1 -1 6.273e+03 1.712e+02 3.518e+02
s>                ( - 5.463e+03 3 0 QUESTION2_1_L -1 1.242e+02 3.099e+02)
s>                ( - 6.385e+02 1 0))))INFO: dtree.c(1478): Final simple tree
|( QUESTION10 1 7.171e+04 1.398e+03 3.374e+03
|    ( QUESTION0_15_R 1 3.860e+04 8.693e+02 1.874e+03
|        ( WDBNDRY_E 0 2.233e+04 5.043e+02 1.097e+03
|            ( QUESTION2_1_L -1 1.762e+04 4.228e+02 8.810e+02
|                ( - 1.315e+04 1 0)
|                ( - 4.040e+03 3 0 QUESTION4 -1 2.792e+02 2.221e+02))
|            ( - 4.206e+03 3 0 QUESTION1 -1 1.815e+02 2.164e+02))
|        ( - 1.541e+04 4 0 QUESTION2_1_L -1 3.357e+02 7.764e+02))
|    ( QUESTION0_8_R 1 3.171e+04 1.014e+03 1.500e+03
|        ( WDBNDRY_E 0 1.980e+04 5.710e+02 9.689e+02
|            ( - 7.224e+03 4 0)
|            ( - 1.200e+04 6 0 QUESTION4 -1 4.071e+02 6.119e+02))
|        ( QUESTION6 1 1.090e+04 6.796e+02 5.310e+02
|            ( - 4.163e+03 2 0 QUESTION0_19_R 1 2.501e+02 2.098e+02)
|            ( - 6.057e+03 4 0 QUESTION2_1_L -1 2.303e+02 3.212e+02))))
s>    ( QUESTION10 1 7.171e+04 1.398e+03 3.374e+03
s>        ( QUESTION0_15_R 1 3.860e+04 8.693e+02 1.874e+03
s>            ( WDBNDRY_E 0 2.233e+04 5.043e+02 1.097e+03
s>                ( QUESTION2_1_L -1 1.762e+04 4.228e+02 8.810e+02
s>                    ( - 1.315e+04 1 0)
s>                    ( - 4.040e+03 3 0 QUESTION4 -1 2.792e+02 2.221e+02))
s>                ( - 4.206e+03 3 0 QUESTION1 -1 1.815e+02 2.164e+02))
s>            ( - 1.541e+04 4 0 QUESTION2_1_L -1 3.357e+02 7.764e+02))
s>        ( QUESTION0_8_R 1 3.171e+04 1.014e+03 1.500e+03
s>            ( WDBNDRY_E 0 1.980e+04 5.710e+02 9.689e+02
s>                ( - 7.224e+03 4 0)
s>                ( - 1.200e+04 6 0 QUESTION4 -1 4.071e+02 6.119e+02))
s>            ( QUESTION6 1 1.090e+04 6.796e+02 5.310e+02
s>                ( - 4.163e+03 2 0 QUESTION0_19_R 1 2.501e+02 2.098e+02)
s>                ( - 6.057e+03 4 0 QUESTION2_1_L -1 2.303e+02 3.212e+02))))INFO: dtree.c(1315): Comp split 5
INFO: dtree.c(1478): Final simple tree
|( QUESTION3 -1 1.793e+04 4.809e+02 1.011e+03
|    ( WDBNDRY_B 0 5.178e+03 1.398e+02 3.161e+02
|        ( - 5.085e+02 1 0)
|        ( - 4.529e+03 1 0))
|    ( QUESTION1 -1 1.227e+04 2.641e+02 6.950e+02
|        ( WDBNDRY_B 0 9.322e+03 1.556e+02 5.383e+02
|            ( - 1.099e+03 1 0)
|            ( - 8.067e+03 2 0))
|        ( WDBNDRY_B 0 2.685e+03 1.639e+02 1.567e+02
|            ( QUESTION6 -1 9.305e+02 1.277e+02 5.832e+01
|                ( - 4.225e+02 1 0)
|                ( - 3.803e+02 1 0))
|            ( QUESTION0 -1 1.590e+03 9.996e+01 9.840e+01
|                ( - 5.201e+02 1 0)
|                ( - 9.703e+02 1 0)))))
s>    ( QUESTION3 -1 1.793e+04 4.809e+02 1.011e+03
s>        ( WDBNDRY_B 0 5.178e+03 1.398e+02 3.161e+02
s>            ( - 5.085e+02 1 0)
s>            ( - 4.529e+03 1 0))
s>        ( QUESTION1 -1 1.227e+04 2.641e+02 6.950e+02
s>            ( WDBNDRY_B 0 9.322e+03 1.556e+02 5.383e+02
s>                ( - 1.099e+03 1 0)
s>                ( - 8.067e+03 2 0))
s>            ( WDBNDRY_B 0 2.685e+03 1.639e+02 1.567e+02
s>                ( QUESTION6 -1 9.305e+02 1.277e+02 5.832e+01
s>                    ( - 4.225e+02 1 0)
s>                    ( - 3.803e+02 1 0))
s>                ( QUESTION0 -1 1.590e+03 9.996e+01 9.840e+01
s>                    ( - 5.201e+02 1 0)
s>                    ( - 9.703e+02 1 0)))))INFO: dtree.c(1478): Final simple tree
|( QUESTION1 1 2.580e+04 9.647e+02 1.209e+03
|    ( QUESTION0_4_R 1 1.732e+04 5.564e+02 8.308e+02
|        ( - 8.341e+03 1 0)
|        ( WDBNDRY_E 0 8.424e+03 4.780e+02 4.083e+02
|            ( - 4.193e+03 1 0)
|            ( QUESTION2_1_L -1 3.753e+03 3.085e+02 1.950e+02
|                ( - 1.525e+03 1 0)
|                ( - 1.919e+03 2 0 WDBNDRY_B 0 1.722e+02 1.082e+02))))
|    ( WDBNDRY_E 0 7.516e+03 4.402e+02 3.782e+02
|        ( QUESTION2_1_L -1 2.599e+03 2.081e+02 1.368e+02
|            ( - 2.039e+03 1 0)
|            ( - 3.521e+02 1 0))
|        ( QUESTION0 -1 4.477e+03 3.933e+02 2.413e+02
|            ( - 2.647e+03 3 0 WDBNDRY_B 0 2.007e+02 1.563e+02)
|            ( - 1.436e+03 1 0))))
s>    ( QUESTION1 1 2.580e+04 9.647e+02 1.209e+03
s>        ( QUESTION0_4_R 1 1.732e+04 5.564e+02 8.308e+02
s>            ( - 8.341e+03 1 0)
s>            ( WDBNDRY_E 0 8.424e+03 4.780e+02 4.083e+02
s>                ( - 4.193e+03 1 0)
s>                ( QUESTION2_1_L -1 3.753e+03 3.085e+02 1.950e+02
s>                    ( - 1.525e+03 1 0)
s>                    ( - 1.919e+03 2 0 WDBNDRY_B 0 1.722e+02 1.082e+02))))
s>        ( WDBNDRY_E 0 7.516e+03 4.402e+02 3.782e+02
s>            ( QUESTION2_1_L -1 2.599e+03 2.081e+02 1.368e+02
s>                ( - 2.039e+03 1 0)
s>                ( - 3.521e+02 1 0))
s>            ( QUESTION0 -1 4.477e+03 3.933e+02 2.413e+02
s>                ( - 2.647e+03 3 0 WDBNDRY_B 0 2.007e+02 1.563e+02)
s>                ( - 1.436e+03 1 0))))INFO: dtree.c(1315): Comp split 6
INFO: dtree.c(1478): Final simple tree
|( QUESTION0_8_R 1 3.171e+04 1.014e+03 1.500e+03
|    ( WDBNDRY_E 0 1.980e+04 5.710e+02 9.689e+02
|        ( - 7.224e+03 4 0)
|        ( QUESTION4 -1 1.200e+04 4.071e+02 6.119e+02
|            ( - 5.530e+03 2 0)
|            ( QUESTION1 -1 6.066e+03 2.323e+02 3.211e+02
|                ( - 5.321e+03 3 0)
|                ( - 5.124e+02 1 0))))
|    ( QUESTION6 1 1.090e+04 6.796e+02 5.310e+02
|        ( QUESTION0_19_R 1 4.163e+03 2.501e+02 2.098e+02
|            ( - 2.636e+03 1 0)
|            ( - 1.277e+03 1 0))
|        ( QUESTION2_1_L -1 6.057e+03 2.303e+02 3.212e+02
|            ( - 4.901e+03 2 0 QUESTION0_7_R 1 1.422e+02 2.668e+02)
|            ( - 9.251e+02 2 0 WDBNDRY_E 0 1.216e+02 5.434e+01))))
s>    ( QUESTION0_8_R 1 3.171e+04 1.014e+03 1.500e+03
s>        ( WDBNDRY_E 0 1.980e+04 5.710e+02 9.689e+02
s>            ( - 7.224e+03 4 0)
s>            ( QUESTION4 -1 1.200e+04 4.071e+02 6.119e+02
s>                ( - 5.530e+03 2 0)
s>                ( QUESTION1 -1 6.066e+03 2.323e+02 3.211e+02
s>                    ( - 5.321e+03 3 0)
s>                    ( - 5.124e+02 1 0))))
s>        ( QUESTION6 1 1.090e+04 6.796e+02 5.310e+02
s>            ( QUESTION0_19_R 1 4.163e+03 2.501e+02 2.098e+02
s>                ( - 2.636e+03 1 0)
s>                ( - 1.277e+03 1 0))
s>            ( QUESTION2_1_L -1 6.057e+03 2.303e+02 3.212e+02
s>                ( - 4.901e+03 2 0 QUESTION0_7_R 1 1.422e+02 2.668e+02)
s>                ( - 9.251e+02 2 0 WDBNDRY_E 0 1.216e+02 5.434e+01))))INFO: dtree.c(1478): Final simple tree
|( QUESTION0_15_R 1 3.860e+04 8.693e+02 1.874e+03
|    ( WDBNDRY_E 0 2.233e+04 5.043e+02 1.097e+03
|        ( QUESTION2_1_L -1 1.762e+04 4.228e+02 8.810e+02
|            ( - 1.315e+04 1 0)
|            ( QUESTION4 -1 4.040e+03 2.792e+02 2.221e+02
|                ( - 7.909e+02 1 0)
|                ( - 2.970e+03 2 0 QUESTION1 -1 1.726e+02 1.740e+02)))
|        ( - 4.206e+03 3 0 QUESTION1 -1 1.815e+02 2.164e+02))
|    ( QUESTION2_1_L -1 1.541e+04 3.357e+02 7.764e+02
|        ( - 1.008e+04 1 0)
|        ( QUESTION4 -1 4.986e+03 2.868e+02 2.562e+02
|            ( - 1.121e+03 1 0)
|            ( QUESTION1 -1 3.578e+03 2.408e+02 1.905e+02
|                ( - 1.155e+03 1 0)
|                ( - 2.182e+03 1 0)))))
s>    ( QUESTION0_15_R 1 3.860e+04 8.693e+02 1.874e+03
s>        ( WDBNDRY_E 0 2.233e+04 5.043e+02 1.097e+03
s>            ( QUESTION2_1_L -1 1.762e+04 4.228e+02 8.810e+02
s>                ( - 1.315e+04 1 0)
s>                ( QUESTION4 -1 4.040e+03 2.792e+02 2.221e+02
s>                    ( - 7.909e+02 1 0)
s>                    ( - 2.970e+03 2 0 QUESTION1 -1 1.726e+02 1.740e+02)))
s>            ( - 4.206e+03 3 0 QUESTION1 -1 1.815e+02 2.164e+02))
s>        ( QUESTION2_1_L -1 1.541e+04 3.357e+02 7.764e+02
s>            ( - 1.008e+04 1 0)
s>            ( QUESTION4 -1 4.986e+03 2.868e+02 2.562e+02
s>                ( - 1.121e+03 1 0)
s>                ( QUESTION1 -1 3.578e+03 2.408e+02 1.905e+02
s>                    ( - 1.155e+03 1 0)
s>                    ( - 2.182e+03 1 0)))))INFO: dtree.c(1315): Comp split 7
INFO: dtree.c(1439): stop. leaf nodes are specific
INFO: dtree.c(1478): Final simple tree
|( QUESTION3 -1 1.412e+04 2.942e+02 8.643e+02
|    ( - 1.245e+04 1 0)
|    ( - 1.379e+03 1 0))
s>    ( QUESTION3 -1 1.412e+04 2.942e+02 8.643e+02
s>        ( - 1.245e+04 1 0)
s>        ( - 1.379e+03 1 0))INFO: dtree.c(1315): Comp split 8
INFO: dtree.c(1439): stop. leaf nodes are specific
INFO: dtree.c(1478): Final simple tree
|( QUESTION6 1 1.090e+04 6.796e+02 5.310e+02
|    ( QUESTION0_19_R 1 4.163e+03 2.501e+02 2.098e+02
|        ( - 2.636e+03 1 0)
|        ( - 1.277e+03 1 0))
|    ( QUESTION2_1_L -1 6.057e+03 2.303e+02 3.212e+02
|        ( QUESTION0_7_R 1 4.901e+03 1.422e+02 2.668e+02
|            ( - 4.571e+03 1 0)
|            ( - 1.879e+02 1 0))
|        ( WDBNDRY_E 0 9.251e+02 1.216e+02 5.434e+01
|            ( - 2.100e+02 1 0)
|            ( - 5.935e+02 1 0))))
s>    ( QUESTION6 1 1.090e+04 6.796e+02 5.310e+02
s>        ( QUESTION0_19_R 1 4.163e+03 2.501e+02 2.098e+02
s>            ( - 2.636e+03 1 0)
s>            ( - 1.277e+03 1 0))
s>        ( QUESTION2_1_L -1 6.057e+03 2.303e+02 3.212e+02
s>            ( QUESTION0_7_R 1 4.901e+03 1.422e+02 2.668e+02
s>                ( - 4.571e+03 1 0)
s>                ( - 1.879e+02 1 0))
s>            ( WDBNDRY_E 0 9.251e+02 1.216e+02 5.434e+01
s>                ( - 2.100e+02 1 0)
s>                ( - 5.935e+02 1 0))))INFO: dtree.c(1439): stop. leaf nodes are specific
INFO: dtree.c(1478): Final simple tree
|( WDBNDRY_E 0 1.980e+04 5.710e+02 9.689e+02
|    ( - 7.224e+03 4 0)
|    ( QUESTION4 -1 1.200e+04 4.071e+02 6.119e+02
|        ( - 5.530e+03 2 0)
|        ( QUESTION1 -1 6.066e+03 2.323e+02 3.211e+02
|            ( - 5.321e+03 3 0)
|            ( - 5.124e+02 1 0))))
s>    ( WDBNDRY_E 0 1.980e+04 5.710e+02 9.689e+02
s>        ( - 7.224e+03 4 0)
s>        ( QUESTION4 -1 1.200e+04 4.071e+02 6.119e+02
s>            ( - 5.530e+03 2 0)
s>            ( QUESTION1 -1 6.066e+03 2.323e+02 3.211e+02
s>                ( - 5.321e+03 3 0)
s>                ( - 5.124e+02 1 0))))INFO: dtree.c(1315): Comp split 9
INFO: dtree.c(1478): Final simple tree
|( QUESTION0_2_R 1 1.180e+04 5.862e+02 5.732e+02
|    ( QUESTION0 -1 6.386e+03 3.756e+02 3.217e+02
|        ( QUESTION2_1_L -1 4.574e+03 2.875e+02 2.366e+02
|            ( - 1.881e+03 2 0 WDBNDRY_B 0 1.344e+02 1.044e+02)
|            ( WDBNDRY_B 0 2.406e+03 2.009e+02 1.322e+02
|                ( QUESTION1 1 1.153e+03 1.432e+02 7.000e+01
|                    ( - 6.944e+02 1 0)
|                    ( - 3.149e+02 1 0))
|                ( - 1.053e+03 1 0)))
|        ( - 1.436e+03 1 0))
|    ( WDBNDRY_E 0 4.832e+03 3.949e+02 2.515e+02
|        ( QUESTION2_1_L -1 2.599e+03 2.081e+02 1.368e+02
|            ( - 2.039e+03 1 0)
|            ( - 3.521e+02 1 0))
|        ( - 1.837e+03 1 0)))
s>    ( QUESTION0_2_R 1 1.180e+04 5.862e+02 5.732e+02
s>        ( QUESTION0 -1 6.386e+03 3.756e+02 3.217e+02
s>            ( QUESTION2_1_L -1 4.574e+03 2.875e+02 2.366e+02
s>                ( - 1.881e+03 2 0 WDBNDRY_B 0 1.344e+02 1.044e+02)
s>                ( WDBNDRY_B 0 2.406e+03 2.009e+02 1.322e+02
s>                    ( QUESTION1 1 1.153e+03 1.432e+02 7.000e+01
s>                        ( - 6.944e+02 1 0)
s>                        ( - 3.149e+02 1 0))
s>                    ( - 1.053e+03 1 0)))
s>            ( - 1.436e+03 1 0))
s>        ( WDBNDRY_E 0 4.832e+03 3.949e+02 2.515e+02
s>            ( QUESTION2_1_L -1 2.599e+03 2.081e+02 1.368e+02
s>                ( - 2.039e+03 1 0)
s>                ( - 3.521e+02 1 0))
s>            ( - 1.837e+03 1 0)))INFO: dtree.c(1439): stop. leaf nodes are specific
INFO: dtree.c(1478): Final simple tree
|( QUESTION0_0_R 1 1.302e+04 4.826e+02 6.358e+02
|    ( - 8.341e+03 1 0)
|    ( - 4.193e+03 1 0))
s>    ( QUESTION0_0_R 1 1.302e+04 4.826e+02 6.358e+02
s>        ( - 8.341e+03 1 0)
s>        ( - 4.193e+03 1 0))INFO: dtree.c(1315): Comp split 10
INFO: dtree.c(1439): stop. leaf nodes are specific
INFO: dtree.c(1478): Final simple tree
|( QUESTION0_15_R 1 1.887e+04 4.956e+02 9.504e+02
|    ( QUESTION1 -1 2.970e+03 1.726e+02 1.740e+02
|        ( - 1.231e+03 1 0)
|        ( - 1.566e+03 1 0))
|    ( QUESTION2_1_L -1 1.541e+04 3.357e+02 7.764e+02
|        ( - 1.008e+04 1 0)
|        ( QUESTION4 -1 4.986e+03 2.868e+02 2.562e+02
|            ( - 1.121e+03 1 0)
|            ( QUESTION1 -1 3.578e+03 2.408e+02 1.905e+02
|                ( - 1.155e+03 1 0)
|                ( - 2.182e+03 1 0)))))
s>    ( QUESTION0_15_R 1 1.887e+04 4.956e+02 9.504e+02
s>        ( QUESTION1 -1 2.970e+03 1.726e+02 1.740e+02
s>            ( - 1.231e+03 1 0)
s>            ( - 1.566e+03 1 0))
s>        ( QUESTION2_1_L -1 1.541e+04 3.357e+02 7.764e+02
s>            ( - 1.008e+04 1 0)
s>            ( QUESTION4 -1 4.986e+03 2.868e+02 2.562e+02
s>                ( - 1.121e+03 1 0)
s>                ( QUESTION1 -1 3.578e+03 2.408e+02 1.905e+02
s>                    ( - 1.155e+03 1 0)
s>                    ( - 2.182e+03 1 0)))))INFO: dtree.c(1439): stop. leaf nodes are specific
INFO: dtree.c(1478): Final simple tree
|( WDBNDRY_E 0 1.885e+04 4.593e+02 9.234e+02
|    ( QUESTION1 -1 1.419e+04 2.414e+02 7.070e+02
|        ( - 1.315e+04 1 0)
|        ( - 7.909e+02 1 0))
|    ( QUESTION1 -1 4.206e+03 1.815e+02 2.164e+02
|        ( - 3.440e+03 2 0)
|        ( - 5.850e+02 1 0)))
s>    ( WDBNDRY_E 0 1.885e+04 4.593e+02 9.234e+02
s>        ( QUESTION1 -1 1.419e+04 2.414e+02 7.070e+02
s>            ( - 1.315e+04 1 0)
s>            ( - 7.909e+02 1 0))
s>        ( QUESTION1 -1 4.206e+03 1.815e+02 2.164e+02
s>            ( - 3.440e+03 2 0)
s>            ( - 5.850e+02 1 0)))INFO: dtree.c(1315): Comp split 11
INFO: dtree.c(1439): stop. leaf nodes are specific
INFO: dtree.c(1478): Final simple tree
|( WDBNDRY_E 0 5.678e+03 1.830e+02 3.061e+02
|    ( QUESTION0_7_R 1 4.901e+03 1.422e+02 2.668e+02
|        ( - 4.571e+03 1 0)
|        ( - 1.879e+02 1 0))
|    ( - 5.935e+02 1 0))
s>    ( WDBNDRY_E 0 5.678e+03 1.830e+02 3.061e+02
s>        ( QUESTION0_7_R 1 4.901e+03 1.422e+02 2.668e+02
s>            ( - 4.571e+03 1 0)
s>            ( - 1.879e+02 1 0))
s>        ( - 5.935e+02 1 0))INFO: dtree.c(1439): stop. leaf nodes are specific
INFO: dtree.c(1478): Final simple tree
|( QUESTION0_19_R 1 4.534e+03 2.522e+02 2.250e+02
|    ( QUESTION0_20_R 1 3.005e+03 1.586e+02 1.548e+02
|        ( - 2.100e+02 1 0)
|        ( - 2.636e+03 1 0))
|    ( - 1.277e+03 1 0))
s>    ( QUESTION0_19_R 1 4.534e+03 2.522e+02 2.250e+02
s>        ( QUESTION0_20_R 1 3.005e+03 1.586e+02 1.548e+02
s>            ( - 2.100e+02 1 0)
s>            ( - 2.636e+03 1 0))
s>        ( - 1.277e+03 1 0))INFO: dtree.c(1315): Comp split 12
INFO: dtree.c(1439): stop. leaf nodes are specific
INFO: dtree.c(1478): Final simple tree
|( WDBNDRY_B 0 3.858e+03 3.832e+02 1.966e+02
|    ( - 1.436e+03 1 0)
|    ( - 2.039e+03 1 0))
s>    ( WDBNDRY_B 0 3.858e+03 3.832e+02 1.966e+02
s>        ( - 1.436e+03 1 0)
s>        ( - 2.039e+03 1 0))INFO: dtree.c(1439): stop. leaf nodes are specific
INFO: dtree.c(1478): Final simple tree
|( QUESTION1 1 7.322e+03 4.474e+02 3.766e+02
|    ( QUESTION2_1_L -1 3.753e+03 3.085e+02 1.950e+02
|        ( - 1.525e+03 1 0)
|        ( WDBNDRY_B 0 1.919e+03 1.722e+02 1.082e+02
|            ( - 6.944e+02 1 0)
|            ( - 1.053e+03 1 0)))
|    ( WDBNDRY_I 0 3.121e+03 2.185e+02 1.816e+02
|        ( - 1.837e+03 1 0)
|        ( WDBNDRY_B 0 1.065e+03 1.039e+02 6.692e+01
|            ( QUESTION2_0_L -1 6.094e+02 7.338e+01 4.165e+01
|                ( - 2.211e+02 1 0)
|                ( - 3.149e+02 1 0))
|            ( - 3.521e+02 1 0))))
s>    ( QUESTION1 1 7.322e+03 4.474e+02 3.766e+02
s>        ( QUESTION2_1_L -1 3.753e+03 3.085e+02 1.950e+02
s>            ( - 1.525e+03 1 0)
s>            ( WDBNDRY_B 0 1.919e+03 1.722e+02 1.082e+02
s>                ( - 6.944e+02 1 0)
s>                ( - 1.053e+03 1 0)))
s>        ( WDBNDRY_I 0 3.121e+03 2.185e+02 1.816e+02
s>            ( - 1.837e+03 1 0)
s>            ( WDBNDRY_B 0 1.065e+03 1.039e+02 6.692e+01
s>                ( QUESTION2_0_L -1 6.094e+02 7.338e+01 4.165e+01
s>                    ( - 2.211e+02 1 0)
s>                    ( - 3.149e+02 1 0))
s>                ( - 3.521e+02 1 0))))INFO: dtree.c(1315): Comp split 13
INFO: dtree.c(1439): stop. leaf nodes are specific
INFO: dtree.c(1478): Final simple tree
|( QUESTION1 -1 1.126e+04 4.080e+02 5.755e+02
|    ( - 5.321e+03 3 0)
|    ( - 5.530e+03 2 0))
s>    ( QUESTION1 -1 1.126e+04 4.080e+02 5.755e+02
s>        ( - 5.321e+03 3 0)
s>        ( - 5.530e+03 2 0))INFO: dtree.c(1439): stop. leaf nodes are specific
INFO: dtree.c(1478): Final simple tree
|( WDBNDRY_E 0 7.948e+03 2.116e+02 3.934e+02
|    ( - 7.224e+03 4 0)
|    ( - 5.124e+02 1 0))
s>    ( WDBNDRY_E 0 7.948e+03 2.116e+02 3.934e+02
s>        ( - 7.224e+03 4 0)
s>        ( - 5.124e+02 1 0))INFO: dtree.c(1315): Comp split 14
INFO: dtree.c(1439): stop. leaf nodes are specific
INFO: dtree.c(1478): Final simple tree
|( QUESTION0_15_R 1 4.353e+03 2.284e+02 2.455e+02
|    ( QUESTION1 -1 2.970e+03 1.726e+02 1.740e+02
|        ( - 1.231e+03 1 0)
|        ( - 1.566e+03 1 0))
|    ( - 1.155e+03 1 0))
s>    ( QUESTION0_15_R 1 4.353e+03 2.284e+02 2.455e+02
s>        ( QUESTION1 -1 2.970e+03 1.726e+02 1.740e+02
s>            ( - 1.231e+03 1 0)
s>            ( - 1.566e+03 1 0))
s>        ( - 1.155e+03 1 0))INFO: dtree.c(1439): stop. leaf nodes are specific
INFO: dtree.c(1478): Final simple tree
|( QUESTION4 -1 1.394e+04 2.833e+02 7.048e+02
|    ( - 1.121e+03 1 0)
|    ( QUESTION1 -1 1.254e+04 2.718e+02 6.391e+02
|        ( - 1.008e+04 1 0)
|        ( - 2.182e+03 1 0)))
s>    ( QUESTION4 -1 1.394e+04 2.833e+02 7.048e+02
s>        ( - 1.121e+03 1 0)
s>        ( QUESTION1 -1 1.254e+04 2.718e+02 6.391e+02
s>            ( - 1.008e+04 1 0)
s>            ( - 2.182e+03 1 0)))INFO: dtree.c(1315): Comp split 15
INFO: dtree.c(1439): stop. leaf nodes are specific
INFO: dtree.c(1478): Final simple tree
|( QUESTION0_15_R 1 3.532e+03 3.048e+02 1.867e+02
|    ( - 1.004e+03 1 0)
|    ( - 2.223e+03 1 0))
s>    ( QUESTION0_15_R 1 3.532e+03 3.048e+02 1.867e+02
s>        ( - 1.004e+03 1 0)
s>        ( - 2.223e+03 1 0))INFO: dtree.c(1315): Comp split 16
INFO: dtree.c(1439): stop. leaf nodes are specific
INFO: dtree.c(1478): Final simple tree
|( QUESTION1 -1 5.191e+03 2.466e+02 2.645e+02
|    ( - 3.440e+03 2 0)
|    ( WDBNDRY_E 0 1.505e+03 1.286e+02 8.416e+01
|        ( - 7.909e+02 1 0)
|        ( - 5.850e+02 1 0)))
s>    ( QUESTION1 -1 5.191e+03 2.466e+02 2.645e+02
s>        ( - 3.440e+03 2 0)
s>        ( WDBNDRY_E 0 1.505e+03 1.286e+02 8.416e+01
s>            ( - 7.909e+02 1 0)
s>            ( - 5.850e+02 1 0)))INFO: dtree.c(1315): Comp split 17
INFO: dtree.c(1439): stop. leaf nodes are specific
INFO: dtree.c(1478): Final simple tree
|( QUESTION2_1_L -1 1.950e+04 2.841e+02 1.019e+03
|    ( - 1.404e+04 1 0)
|    ( QUESTION1 -1 5.176e+03 2.433e+02 2.746e+02
|        ( QUESTION7 1 1.559e+03 1.576e+02 8.977e+01
|            ( - 6.218e+02 1 0)
|            ( - 7.798e+02 1 0))
|        ( QUESTION3 -1 3.373e+03 1.724e+02 1.848e+02
|            ( - 5.669e+02 1 0)
|            ( - 2.634e+03 2 0))))
s>    ( QUESTION2_1_L -1 1.950e+04 2.841e+02 1.019e+03
s>        ( - 1.404e+04 1 0)
s>        ( QUESTION1 -1 5.176e+03 2.433e+02 2.746e+02
s>            ( QUESTION7 1 1.559e+03 1.576e+02 8.977e+01
s>                ( - 6.218e+02 1 0)
s>                ( - 7.798e+02 1 0))
s>            ( QUESTION3 -1 3.373e+03 1.724e+02 1.848e+02
s>                ( - 5.669e+02 1 0)
s>                ( - 2.634e+03 2 0))))INFO: dtree.c(1439): stop. leaf nodes are specific
INFO: dtree.c(1478): Final simple tree
|( WDBNDRY_E 0 1.163e+04 2.540e+02 6.346e+02
|    ( - 5.098e+03 1 0)
|    ( QUESTION1 -1 6.273e+03 1.712e+02 3.518e+02
|        ( QUESTION2_1_L -1 5.463e+03 1.242e+02 3.099e+02
|            ( - 4.847e+03 2 0)
|            ( - 4.919e+02 1 0))
|        ( - 6.385e+02 1 0)))
s>    ( WDBNDRY_E 0 1.163e+04 2.540e+02 6.346e+02
s>        ( - 5.098e+03 1 0)
s>        ( QUESTION1 -1 6.273e+03 1.712e+02 3.518e+02
s>            ( QUESTION2_1_L -1 5.463e+03 1.242e+02 3.099e+02
s>                ( - 4.847e+03 2 0)
s>                ( - 4.919e+02 1 0))
s>            ( - 6.385e+02 1 0)))INFO: dtree.c(1315): Comp split 18
INFO: dtree.c(1315): Comp split 19
INFO: dtree.c(1439): stop. leaf nodes are specific
INFO: dtree.c(1478): Final simple tree
|( QUESTION1 -1 1.227e+04 2.641e+02 6.950e+02
|    ( WDBNDRY_B 0 9.322e+03 1.556e+02 5.383e+02
|        ( - 1.099e+03 1 0)
|        ( - 8.067e+03 2 0))
|    ( WDBNDRY_B 0 2.685e+03 1.639e+02 1.567e+02
|        ( QUESTION6 -1 9.305e+02 1.277e+02 5.832e+01
|            ( - 4.225e+02 1 0)
|            ( - 3.803e+02 1 0))
|        ( QUESTION0 -1 1.590e+03 9.996e+01 9.840e+01
|            ( - 5.201e+02 1 0)
|            ( - 9.703e+02 1 0))))
s>    ( QUESTION1 -1 1.227e+04 2.641e+02 6.950e+02
s>        ( WDBNDRY_B 0 9.322e+03 1.556e+02 5.383e+02
s>            ( - 1.099e+03 1 0)
s>            ( - 8.067e+03 2 0))
s>        ( WDBNDRY_B 0 2.685e+03 1.639e+02 1.567e+02
s>            ( QUESTION6 -1 9.305e+02 1.277e+02 5.832e+01
s>                ( - 4.225e+02 1 0)
s>                ( - 3.803e+02 1 0))
s>            ( QUESTION0 -1 1.590e+03 9.996e+01 9.840e+01
s>                ( - 5.201e+02 1 0)
s>                ( - 9.703e+02 1 0))))INFO: dtree.c(1439): stop. leaf nodes are specific
INFO: dtree.c(1478): Final simple tree
|( WDBNDRY_B 0 5.178e+03 1.398e+02 3.161e+02
|    ( - 5.085e+02 1 0)
|    ( - 4.529e+03 1 0))
s>    ( WDBNDRY_B 0 5.178e+03 1.398e+02 3.161e+02
s>        ( - 5.085e+02 1 0)
s>        ( - 4.529e+03 1 0))INFO: dtree.c(1315): Comp split 20
INFO: dtree.c(1439): stop. leaf nodes are specific
INFO: dtree.c(1478): Final simple tree
|( WDBNDRY_I 0 3.121e+03 2.185e+02 1.816e+02
|    ( - 1.837e+03 1 0)
|    ( WDBNDRY_B 0 1.065e+03 1.039e+02 6.692e+01
|        ( QUESTION2_0_L -1 6.094e+02 7.338e+01 4.165e+01
|            ( - 2.211e+02 1 0)
|            ( - 3.149e+02 1 0))
|        ( - 3.521e+02 1 0)))
s>    ( WDBNDRY_I 0 3.121e+03 2.185e+02 1.816e+02
s>        ( - 1.837e+03 1 0)
s>        ( WDBNDRY_B 0 1.065e+03 1.039e+02 6.692e+01
s>            ( QUESTION2_0_L -1 6.094e+02 7.338e+01 4.165e+01
s>                ( - 2.211e+02 1 0)
s>                ( - 3.149e+02 1 0))
s>            ( - 3.521e+02 1 0)))INFO: dtree.c(1439): stop. leaf nodes are specific
INFO: dtree.c(1478): Final simple tree
|( QUESTION2_1_L -1 3.753e+03 3.085e+02 1.950e+02
|    ( - 1.525e+03 1 0)
|    ( WDBNDRY_B 0 1.919e+03 1.722e+02 1.082e+02
|        ( - 6.944e+02 1 0)
|        ( - 1.053e+03 1 0)))
s>    ( QUESTION2_1_L -1 3.753e+03 3.085e+02 1.950e+02
s>        ( - 1.525e+03 1 0)
s>        ( WDBNDRY_B 0 1.919e+03 1.722e+02 1.082e+02
s>            ( - 6.944e+02 1 0)
s>            ( - 1.053e+03 1 0)))INFO: dtree.c(1315): Comp split 21
INFO: dtree.c(1439): stop. leaf nodes are specific
INFO: dtree.c(1478): Final simple tree
|( QUESTION1 -1 8.554e+03 2.609e+02 5.216e+02
|    ( - 4.988e+03 1 0)
|    ( QUESTION0 -1 3.305e+03 1.434e+02 2.016e+02
|        ( - 2.381e+03 1 0)
|        ( QUESTION6 -1 7.811e+02 7.301e+01 5.311e+01
|            ( - 4.069e+02 1 0)
|            ( - 3.012e+02 1 0))))
s>    ( QUESTION1 -1 8.554e+03 2.609e+02 5.216e+02
s>        ( - 4.988e+03 1 0)
s>        ( QUESTION0 -1 3.305e+03 1.434e+02 2.016e+02
s>            ( - 2.381e+03 1 0)
s>            ( QUESTION6 -1 7.811e+02 7.301e+01 5.311e+01
s>                ( - 4.069e+02 1 0)
s>                ( - 3.012e+02 1 0))))INFO: dtree.c(1439): stop. leaf nodes are specific
INFO: dtree.c(1478): Final simple tree
|( WDBNDRY_E 0 4.794e+03 1.796e+02 2.923e+02
|    ( - 3.949e+02 1 0)
|    ( - 4.220e+03 1 0))
s>    ( WDBNDRY_E 0 4.794e+03 1.796e+02 2.923e+02
s>        ( - 3.949e+02 1 0)
s>        ( - 4.220e+03 1 0))INFO: dtree.c(1315): Comp split 22
INFO: dtree.c(1315): Comp split 23
INFO: dtree.c(1315): Comp split 24
INFO: dtree.c(1439): stop. leaf nodes are specific
INFO: dtree.c(1478): Final simple tree
|( WDBNDRY_B 0 1.919e+03 1.722e+02 1.082e+02
|    ( - 6.944e+02 1 0)
|    ( - 1.053e+03 1 0))
s>    ( WDBNDRY_B 0 1.919e+03 1.722e+02 1.082e+02
s>        ( - 6.944e+02 1 0)
s>        ( - 1.053e+03 1 0))INFO: dtree.c(1315): Comp split 25
INFO: dtree.c(1315): Comp split 26
INFO: dtree.c(1439): stop. leaf nodes are specific
INFO: dtree.c(1478): Final simple tree
|( QUESTION1 -1 3.614e+03 2.005e+02 1.949e+02
|    ( - 7.798e+02 1 0)
|    ( - 2.634e+03 2 0))
s>    ( QUESTION1 -1 3.614e+03 2.005e+02 1.949e+02
s>        ( - 7.798e+02 1 0)
s>        ( - 2.634e+03 2 0))INFO: dtree.c(1439): stop. leaf nodes are specific
INFO: dtree.c(1478): Final simple tree
|( QUESTION2_1_L -1 1.559e+04 2.016e+02 8.245e+02
|    ( - 1.404e+04 1 0)
|    ( QUESTION1 -1 1.344e+03 1.558e+02 7.964e+01
|        ( - 6.218e+02 1 0)
|        ( - 5.669e+02 1 0)))
s>    ( QUESTION2_1_L -1 1.559e+04 2.016e+02 8.245e+02
s>        ( - 1.404e+04 1 0)
s>        ( QUESTION1 -1 1.344e+03 1.558e+02 7.964e+01
s>            ( - 6.218e+02 1 0)
s>            ( - 5.669e+02 1 0)))INFO: dtree.c(1315): Comp split 27
INFO: dtree.c(1315): Comp split 28
INFO: dtree.c(1439): stop. leaf nodes are specific
INFO: dtree.c(1478): Final simple tree
|( QUESTION1 -1 1.254e+04 2.718e+02 6.391e+02
|    ( - 1.008e+04 1 0)
|    ( - 2.182e+03 1 0))
s>    ( QUESTION1 -1 1.254e+04 2.718e+02 6.391e+02
s>        ( - 1.008e+04 1 0)
s>        ( - 2.182e+03 1 0))INFO: dtree.c(1315): Comp split 29
INFO: dtree.c(1439): stop. leaf nodes are specific
INFO: dtree.c(1478): Final simple tree
|( WDBNDRY_B 0 2.142e+03 1.294e+02 1.286e+02
|    ( - 4.225e+02 1 0)
|    ( QUESTION0 -1 1.590e+03 9.996e+01 9.840e+01
|        ( - 5.201e+02 1 0)
|        ( - 9.703e+02 1 0)))
s>    ( WDBNDRY_B 0 2.142e+03 1.294e+02 1.286e+02
s>        ( - 4.225e+02 1 0)
s>        ( QUESTION0 -1 1.590e+03 9.996e+01 9.840e+01
s>            ( - 5.201e+02 1 0)
s>            ( - 9.703e+02 1 0)))INFO: dtree.c(1439): stop. leaf nodes are specific
INFO: dtree.c(1478): Final simple tree
|( WDBNDRY_B 0 9.853e+03 1.871e+02 5.664e+02
|    ( QUESTION0 -1 1.599e+03 1.197e+02 9.961e+01
|        ( - 1.099e+03 1 0)
|        ( - 3.803e+02 1 0))
|    ( - 8.067e+03 2 0))
s>    ( WDBNDRY_B 0 9.853e+03 1.871e+02 5.664e+02
s>        ( QUESTION0 -1 1.599e+03 1.197e+02 9.961e+01
s>            ( - 1.099e+03 1 0)
s>            ( - 3.803e+02 1 0))
s>        ( - 8.067e+03 2 0))INFO: dtree.c(1315): Comp split 30
INFO: dtree.c(1439): stop. leaf nodes are specific
INFO: dtree.c(1478): Final simple tree
|( QUESTION2_1_L -1 5.463e+03 1.242e+02 3.099e+02
|    ( - 4.847e+03 2 0)
|    ( - 4.919e+02 1 0))
s>    ( QUESTION2_1_L -1 5.463e+03 1.242e+02 3.099e+02
s>        ( - 4.847e+03 2 0)
s>        ( - 4.919e+02 1 0))INFO: dtree.c(1439): stop. leaf nodes are specific
INFO: dtree.c(1478): Final simple tree
|( WDBNDRY_E 0 5.888e+03 1.512e+02 3.247e+02
|    ( - 5.098e+03 1 0)
|    ( - 6.385e+02 1 0))
s>    ( WDBNDRY_E 0 5.888e+03 1.512e+02 3.247e+02
s>        ( - 5.098e+03 1 0)
s>        ( - 6.385e+02 1 0))INFO: dtree.c(1315): Comp split 31
INFO: dtree.c(1315): Comp split 32
INFO: dtree.c(1439): stop. leaf nodes are specific
INFO: dtree.c(1478): Final simple tree
|( QUESTION0_19_R 1 1.636e+03 1.497e+02 8.527e+01
|    ( - 2.100e+02 1 0)
|    ( - 1.277e+03 1 0))
s>    ( QUESTION0_19_R 1 1.636e+03 1.497e+02 8.527e+01
s>        ( - 2.100e+02 1 0)
s>        ( - 1.277e+03 1 0))INFO: dtree.c(1315): Comp split 33
INFO: dtree.c(1439): stop. leaf nodes are specific
INFO: dtree.c(1478): Final simple tree
|( QUESTION0 -1 3.305e+03 1.434e+02 2.016e+02
|    ( - 2.381e+03 1 0)
|    ( QUESTION6 -1 7.811e+02 7.301e+01 5.311e+01
|        ( - 4.069e+02 1 0)
|        ( - 3.012e+02 1 0)))
s>    ( QUESTION0 -1 3.305e+03 1.434e+02 2.016e+02
s>        ( - 2.381e+03 1 0)
s>        ( QUESTION6 -1 7.811e+02 7.301e+01 5.311e+01
s>            ( - 4.069e+02 1 0)
s>            ( - 3.012e+02 1 0)))INFO: dtree.c(1315): Comp split 34
INFO: dtree.c(1439): stop. leaf nodes are specific
INFO: dtree.c(1478): Final simple tree
|( WDBNDRY_E 0 1.505e+03 1.286e+02 8.416e+01
|    ( - 7.909e+02 1 0)
|    ( - 5.850e+02 1 0))
s>    ( WDBNDRY_E 0 1.505e+03 1.286e+02 8.416e+01
s>        ( - 7.909e+02 1 0)
s>        ( - 5.850e+02 1 0))INFO: dtree.c(1315): Comp split 35
INFO: dtree.c(1439): stop. leaf nodes are specific
INFO: dtree.c(1478): Final simple tree
|( QUESTION1 -1 2.970e+03 1.726e+02 1.740e+02
|    ( - 1.231e+03 1 0)
|    ( - 1.566e+03 1 0))
s>    ( QUESTION1 -1 2.970e+03 1.726e+02 1.740e+02
s>        ( - 1.231e+03 1 0)
s>        ( - 1.566e+03 1 0))INFO: dtree.c(1315): Comp split 36
INFO: dtree.c(1439): stop. leaf nodes are specific
INFO: dtree.c(1478): Final simple tree
|( WDBNDRY_B 0 1.065e+03 1.039e+02 6.692e+01
|    ( QUESTION2_0_L -1 6.094e+02 7.338e+01 4.165e+01
|        ( - 2.211e+02 1 0)
|        ( - 3.149e+02 1 0))
|    ( - 3.521e+02 1 0))
s>    ( WDBNDRY_B 0 1.065e+03 1.039e+02 6.692e+01
s>        ( QUESTION2_0_L -1 6.094e+02 7.338e+01 4.165e+01
s>            ( - 2.211e+02 1 0)
s>            ( - 3.149e+02 1 0))
s>        ( - 3.521e+02 1 0))INFO: dtree.c(1315): Comp split 37
INFO: dtree.c(1439): stop. leaf nodes are specific
INFO: dtree.c(1478): Final simple tree
|( WDBNDRY_E 0 8.931e+02 1.117e+02 5.321e+01
|    ( - 1.879e+02 1 0)
|    ( - 5.935e+02 1 0))
s>    ( WDBNDRY_E 0 8.931e+02 1.117e+02 5.321e+01
s>        ( - 1.879e+02 1 0)
s>        ( - 5.935e+02 1 0))INFO: dtree.c(1315): Comp split 38
INFO: dtree.c(1315): Comp split 39
INFO: dtree.c(1439): stop. leaf nodes are specific
INFO: dtree.c(1478): Final simple tree
|( QUESTION1 -1 1.344e+03 1.558e+02 7.964e+01
|    ( - 6.218e+02 1 0)
|    ( - 5.669e+02 1 0))
s>    ( QUESTION1 -1 1.344e+03 1.558e+02 7.964e+01
s>        ( - 6.218e+02 1 0)
s>        ( - 5.669e+02 1 0))INFO: dtree.c(1315): Comp split 40
INFO: dtree.c(1315): Comp split 41
INFO: dtree.c(1439): stop. leaf nodes are specific
INFO: dtree.c(1478): Final simple tree
|( QUESTION0 -1 1.599e+03 1.197e+02 9.961e+01
|    ( - 1.099e+03 1 0)
|    ( - 3.803e+02 1 0))
s>    ( QUESTION0 -1 1.599e+03 1.197e+02 9.961e+01
s>        ( - 1.099e+03 1 0)
s>        ( - 3.803e+02 1 0))INFO: dtree.c(1315): Comp split 42
INFO: dtree.c(1315): Comp split 43
INFO: dtree.c(1315): Comp split 44
INFO: dtree.c(1315): Comp split 45
INFO: dtree.c(1315): Comp split 46
INFO: dtree.c(1315): Comp split 47
INFO: dtree.c(1315): Comp split 48
INFO: dtree.c(1439): stop. leaf nodes are specific
INFO: dtree.c(1478): Final simple tree
|( QUESTION6 -1 7.811e+02 7.301e+01 5.311e+01
|    ( - 4.069e+02 1 0)
|    ( - 3.012e+02 1 0))
s>    ( QUESTION6 -1 7.811e+02 7.301e+01 5.311e+01
s>        ( - 4.069e+02 1 0)
s>        ( - 3.012e+02 1 0))INFO: dtree.c(1315): Comp split 49
INFO: dtree.c(1315): Comp split 50
INFO: dtree.c(1439): stop. leaf nodes are specific
INFO: dtree.c(1478): Final simple tree
|( QUESTION0 -1 1.590e+03 9.996e+01 9.840e+01
|    ( - 5.201e+02 1 0)
|    ( - 9.703e+02 1 0))
s>    ( QUESTION0 -1 1.590e+03 9.996e+01 9.840e+01
s>        ( - 5.201e+02 1 0)
s>        ( - 9.703e+02 1 0))INFO: dtree.c(1315): Comp split 51
INFO: dtree.c(1315): Comp split 52
INFO: dtree.c(1315): Comp split 53
INFO: dtree.c(1315): Comp split 54
INFO: dtree.c(1315): Comp split 55
INFO: dtree.c(1439): stop. leaf nodes are specific
INFO: dtree.c(1478): Final simple tree
|( QUESTION2_0_L -1 6.094e+02 7.338e+01 4.165e+01
|    ( - 2.211e+02 1 0)
|    ( - 3.149e+02 1 0))
s>    ( QUESTION2_0_L -1 6.094e+02 7.338e+01 4.165e+01
s>        ( - 2.211e+02 1 0)
s>        ( - 3.149e+02 1 0))INFO: dtree.c(1315): Comp split 56
INFO: dtree.c(1315): Comp split 57
INFO: dtree.c(1315): Comp split 58
INFO: dtree.c(1315): Comp split 59
INFO: dtree.c(1318): stop. leaf nodes are specific
Fri Dec  3 07:39:14 2021
