Current configuration:
[NAME]		[DEFLT]	[VALUE]
-allphones	no	no
-cntthresh	0.00001	1.000000e-05
-csplitmax	100	2000
-csplitmin	1	1
-csplitthr	8e-4	0.000000e+00
-example	no	no
-fullvar	no	no
-help		no	no
-meanfn			
-mixwfn			/home/azhar/Tubes_Speech/commandreminder/model_parameters/commandreminder.cd_ptm_untied/mixture_weights
-moddeffn		/home/azhar/Tubes_Speech/commandreminder/model_architecture/commandreminder.untied.mdef
-mwfloor	1e-4	1.000000e-08
-phone			N
-psetfn			/home/azhar/Tubes_Speech/commandreminder/model_architecture/commandreminder.tree_questions
-ssplitmax	5	7
-ssplitmin	1	1
-ssplitthr	8e-4	0.000000e+00
-state			0
-stwt			1.0,0.05,0.0,
-treefn			/home/azhar/Tubes_Speech/commandreminder/trees/commandreminder.unpruned/N-0.dtree
-ts2cbfn	.semi.	.semi.
-varfloor	0.00001	1.000000e-05
-varfn			

INFO: main.c(223): Reading: /home/azhar/Tubes_Speech/commandreminder/model_architecture/commandreminder.untied.mdef
INFO: model_def_io.c(573): Model definition info:
INFO: model_def_io.c(574): 1061 total models defined (31 base, 1030 tri)
INFO: model_def_io.c(575): 4244 total states
INFO: model_def_io.c(576): 3183 total tied states
INFO: model_def_io.c(577): 93 total tied CI states
INFO: model_def_io.c(578): 31 total tied transition matrices
INFO: model_def_io.c(579): 4 max state/model
INFO: model_def_io.c(580): 4 min state/model
INFO: main.c(242): Building trees for [N A A e] through [N U T i]
INFO: main.c(269): Covering states |[1995 2204]| == 210
INFO: main.c(275): Reading: /home/azhar/Tubes_Speech/commandreminder/model_parameters/commandreminder.cd_ptm_untied/mixture_weights
INFO: s3mixw_io.c(173): Read /home/azhar/Tubes_Speech/commandreminder/model_parameters/commandreminder.cd_ptm_untied/mixture_weights [210x4x64 array]
INFO: main.c(311): 70 of 70 models have observation count greater than 0.000010
INFO: main.c(95): nrm stwt: 0.952 0.048 0.000 
INFO: main.c(411): 70-class entropy: 1.666254e+05
INFO: main.c(549): Reading: /home/azhar/Tubes_Speech/commandreminder/model_architecture/commandreminder.tree_questions
INFO: main.c(588): 174 total simple questions (166 phone; 8 word bndry)
INFO: main.c(590): 40 Left Only questions, and 42 Right Only questions
INFO: dtree.c(1478): Final simple tree
|( QUESTION1 -1 1.976e+05 7.323e+03 9.360e+03
|    ( WDBNDRY_E 0 1.536e+05 1.752e+03 7.593e+03
|        ( SILENCE 1 1.162e+05 1.536e+03 5.890e+03
|            ( - 1.674e+04 1 0)
|            ( QUESTION19 1 9.790e+04 8.248e+02 5.038e+03
|                ( - 2.690e+04 2 0 QUESTION0_15_R 1 2.001e+02 1.476e+03)
|                ( - 7.018e+04 21 0 QUESTION8 1 4.272e+02 3.561e+03)))
|        ( QUESTION3 1 3.562e+04 8.616e+02 1.703e+03
|            ( - 4.743e+03 1 0)
|            ( - 3.001e+04 18 0 QUESTION7 1 7.369e+02 1.457e+03)))
|    ( QUESTION3 -1 3.674e+04 2.531e+03 1.768e+03
|        ( - 1.811e+04 10 0 WDBNDRY_E 0 6.314e+02 9.803e+02)
|        ( QUESTION8 1 1.610e+04 1.128e+03 7.875e+02
|            ( - 3.791e+03 2 0)
|            ( - 1.118e+04 15 0 WDBNDRY_B 0 5.077e+02 5.266e+02))))
s>    ( QUESTION1 -1 1.976e+05 7.323e+03 9.360e+03
s>        ( WDBNDRY_E 0 1.536e+05 1.752e+03 7.593e+03
s>            ( SILENCE 1 1.162e+05 1.536e+03 5.890e+03
s>                ( - 1.674e+04 1 0)
s>                ( QUESTION19 1 9.790e+04 8.248e+02 5.038e+03
s>                    ( - 2.690e+04 2 0 QUESTION0_15_R 1 2.001e+02 1.476e+03)
s>                    ( - 7.018e+04 21 0 QUESTION8 1 4.272e+02 3.561e+03)))
s>            ( QUESTION3 1 3.562e+04 8.616e+02 1.703e+03
s>                ( - 4.743e+03 1 0)
s>                ( - 3.001e+04 18 0 QUESTION7 1 7.369e+02 1.457e+03)))
s>        ( QUESTION3 -1 3.674e+04 2.531e+03 1.768e+03
s>            ( - 1.811e+04 10 0 WDBNDRY_E 0 6.314e+02 9.803e+02)
s>            ( QUESTION8 1 1.610e+04 1.128e+03 7.875e+02
s>                ( - 3.791e+03 2 0)
s>                ( - 1.118e+04 15 0 WDBNDRY_B 0 5.077e+02 5.266e+02))))INFO: dtree.c(1315): Comp split 0
INFO: dtree.c(1478): Final simple tree
|( QUESTION3 -1 4.257e+04 2.732e+03 2.014e+03
|    ( WDBNDRY_E 0 1.811e+04 6.314e+02 9.803e+02
|        ( SILENCE 1 1.022e+04 4.185e+02 5.737e+02
|            ( - 4.385e+03 1 0)
|            ( - 5.413e+03 5 0 QUESTION19 1 1.931e+02 3.173e+02))
|        ( QUESTION0_2_R 1 7.260e+03 4.241e+02 4.065e+02
|            ( - 2.567e+03 2 0 WDBNDRY_B 0 1.012e+02 1.586e+02)
|            ( - 4.269e+03 2 0 QUESTION0_0_R 1 1.244e+02 2.480e+02)))
|    ( QUESTION8 1 2.173e+04 1.322e+03 1.034e+03
|        ( - 3.791e+03 2 0)
|        ( QUESTION1 -1 1.662e+04 6.968e+02 7.729e+02
|            ( - 4.743e+03 1 0)
|            ( WDBNDRY_B 0 1.118e+04 5.077e+02 5.266e+02
|                ( - 1.590e+03 3 0 QUESTION0_3_R 1 2.169e+02 8.542e+01)
|                ( - 9.081e+03 12 0 QUESTION0_1_R 1 3.360e+02 4.412e+02)))))
s>    ( QUESTION3 -1 4.257e+04 2.732e+03 2.014e+03
s>        ( WDBNDRY_E 0 1.811e+04 6.314e+02 9.803e+02
s>            ( SILENCE 1 1.022e+04 4.185e+02 5.737e+02
s>                ( - 4.385e+03 1 0)
s>                ( - 5.413e+03 5 0 QUESTION19 1 1.931e+02 3.173e+02))
s>            ( QUESTION0_2_R 1 7.260e+03 4.241e+02 4.065e+02
s>                ( - 2.567e+03 2 0 WDBNDRY_B 0 1.012e+02 1.586e+02)
s>                ( - 4.269e+03 2 0 QUESTION0_0_R 1 1.244e+02 2.480e+02)))
s>        ( QUESTION8 1 2.173e+04 1.322e+03 1.034e+03
s>            ( - 3.791e+03 2 0)
s>            ( QUESTION1 -1 1.662e+04 6.968e+02 7.729e+02
s>                ( - 4.743e+03 1 0)
s>                ( WDBNDRY_B 0 1.118e+04 5.077e+02 5.266e+02
s>                    ( - 1.590e+03 3 0 QUESTION0_3_R 1 2.169e+02 8.542e+01)
s>                    ( - 9.081e+03 12 0 QUESTION0_1_R 1 3.360e+02 4.412e+02)))))INFO: dtree.c(1478): Final simple tree
|( QUESTION0_16_R 1 1.475e+05 1.421e+03 7.346e+03
|    ( QUESTION10 1 4.170e+04 4.652e+02 2.212e+03
|        ( - 1.042e+04 2 0 QUESTION2_1_L -1 1.722e+02 5.366e+02)
|        ( - 3.082e+04 6 0 QUESTION0_19_R 1 2.569e+02 1.675e+03))
|    ( SILENCE 1 1.044e+05 1.239e+03 5.134e+03
|        ( - 1.674e+04 1 0)
|        ( WDBNDRY_E 0 8.641e+04 9.318e+02 4.282e+03
|            ( - 5.546e+04 15 0 QUESTION0_7_R 1 4.366e+02 2.826e+03)
|            ( QUESTION7 1 3.001e+04 7.369e+02 1.457e+03
|                ( - 4.951e+03 3 0)
|                ( QUESTION2_1_L -1 2.432e+04 4.789e+02 1.187e+03
|                    ( QUESTION0_7_R 1 2.029e+04 4.503e+02 1.008e+03
|                        ( - 4.843e+03 2 0)
|                        ( - 1.500e+04 7 0 QUESTION0_1_R 1 3.648e+02 7.481e+02))
|                    ( - 3.553e+03 6 0 QUESTION2_0_L -1 2.973e+02 1.790e+02))))))
s>    ( QUESTION0_16_R 1 1.475e+05 1.421e+03 7.346e+03
s>        ( QUESTION10 1 4.170e+04 4.652e+02 2.212e+03
s>            ( - 1.042e+04 2 0 QUESTION2_1_L -1 1.722e+02 5.366e+02)
s>            ( - 3.082e+04 6 0 QUESTION0_19_R 1 2.569e+02 1.675e+03))
s>        ( SILENCE 1 1.044e+05 1.239e+03 5.134e+03
s>            ( - 1.674e+04 1 0)
s>            ( WDBNDRY_E 0 8.641e+04 9.318e+02 4.282e+03
s>                ( - 5.546e+04 15 0 QUESTION0_7_R 1 4.366e+02 2.826e+03)
s>                ( QUESTION7 1 3.001e+04 7.369e+02 1.457e+03
s>                    ( - 4.951e+03 3 0)
s>                    ( QUESTION2_1_L -1 2.432e+04 4.789e+02 1.187e+03
s>                        ( QUESTION0_7_R 1 2.029e+04 4.503e+02 1.008e+03
s>                            ( - 4.843e+03 2 0)
s>                            ( - 1.500e+04 7 0 QUESTION0_1_R 1 3.648e+02 7.481e+02))
s>                        ( - 3.553e+03 6 0 QUESTION2_0_L -1 2.973e+02 1.790e+02))))))INFO: dtree.c(1315): Comp split 1
INFO: dtree.c(1478): Final simple tree
|( QUESTION8 1 2.173e+04 1.322e+03 1.034e+03
|    ( - 3.791e+03 2 0)
|    ( QUESTION1 -1 1.662e+04 6.968e+02 7.729e+02
|        ( - 4.743e+03 1 0)
|        ( WDBNDRY_B 0 1.118e+04 5.077e+02 5.266e+02
|            ( - 1.590e+03 3 0 QUESTION0_3_R 1 2.169e+02 8.542e+01)
|            ( QUESTION0_1_R 1 9.081e+03 3.360e+02 4.412e+02
|                ( QUESTION0 -1 2.846e+03 2.265e+02 1.446e+02
|                    ( - 1.953e+03 1 0)
|                    ( - 6.664e+02 2 0 QUESTION6 -1 1.274e+02 3.915e+01))
|                ( QUESTION0_7_R 1 5.900e+03 2.885e+02 2.966e+02
|                    ( - 2.262e+03 3 0 WDBNDRY_E 0 2.177e+02 1.193e+02)
|                    ( QUESTION0_6_R 1 3.349e+03 2.229e+02 1.773e+02
|                        ( - 2.072e+03 3 0 WDBNDRY_E 0 1.368e+02 1.186e+02)
|                        ( - 1.054e+03 3 0 WDBNDRY_E 0 1.240e+02 5.871e+01)))))))
s>    ( QUESTION8 1 2.173e+04 1.322e+03 1.034e+03
s>        ( - 3.791e+03 2 0)
s>        ( QUESTION1 -1 1.662e+04 6.968e+02 7.729e+02
s>            ( - 4.743e+03 1 0)
s>            ( WDBNDRY_B 0 1.118e+04 5.077e+02 5.266e+02
s>                ( - 1.590e+03 3 0 QUESTION0_3_R 1 2.169e+02 8.542e+01)
s>                ( QUESTION0_1_R 1 9.081e+03 3.360e+02 4.412e+02
s>                    ( QUESTION0 -1 2.846e+03 2.265e+02 1.446e+02
s>                        ( - 1.953e+03 1 0)
s>                        ( - 6.664e+02 2 0 QUESTION6 -1 1.274e+02 3.915e+01))
s>                    ( QUESTION0_7_R 1 5.900e+03 2.885e+02 2.966e+02
s>                        ( - 2.262e+03 3 0 WDBNDRY_E 0 2.177e+02 1.193e+02)
s>                        ( QUESTION0_6_R 1 3.349e+03 2.229e+02 1.773e+02
s>                            ( - 2.072e+03 3 0 WDBNDRY_E 0 1.368e+02 1.186e+02)
s>                            ( - 1.054e+03 3 0 WDBNDRY_E 0 1.240e+02 5.871e+01)))))))INFO: dtree.c(1478): Final simple tree
|( WDBNDRY_E 0 1.811e+04 6.314e+02 9.803e+02
|    ( SILENCE 1 1.022e+04 4.185e+02 5.737e+02
|        ( - 4.385e+03 1 0)
|        ( QUESTION19 1 5.413e+03 1.931e+02 3.173e+02
|            ( - 1.656e+03 1 0)
|            ( QUESTION0_15_R 1 3.564e+03 1.754e+02 2.126e+02
|                ( - 1.004e+03 1 0)
|                ( QUESTION0_17_R 1 2.385e+03 1.047e+02 1.455e+02
|                    ( - 1.643e+03 1 0)
|                    ( - 6.376e+02 2 0 QUESTION0_7_R 1 7.800e+01 4.385e+01)))))
|    ( QUESTION0_2_R 1 7.260e+03 4.241e+02 4.065e+02
|        ( - 2.567e+03 2 0 WDBNDRY_B 0 1.012e+02 1.586e+02)
|        ( QUESTION0_0_R 1 4.269e+03 1.244e+02 2.480e+02
|            ( - 3.879e+03 1 0)
|            ( - 2.661e+02 1 0))))
s>    ( WDBNDRY_E 0 1.811e+04 6.314e+02 9.803e+02
s>        ( SILENCE 1 1.022e+04 4.185e+02 5.737e+02
s>            ( - 4.385e+03 1 0)
s>            ( QUESTION19 1 5.413e+03 1.931e+02 3.173e+02
s>                ( - 1.656e+03 1 0)
s>                ( QUESTION0_15_R 1 3.564e+03 1.754e+02 2.126e+02
s>                    ( - 1.004e+03 1 0)
s>                    ( QUESTION0_17_R 1 2.385e+03 1.047e+02 1.455e+02
s>                        ( - 1.643e+03 1 0)
s>                        ( - 6.376e+02 2 0 QUESTION0_7_R 1 7.800e+01 4.385e+01)))))
s>        ( QUESTION0_2_R 1 7.260e+03 4.241e+02 4.065e+02
s>            ( - 2.567e+03 2 0 WDBNDRY_B 0 1.012e+02 1.586e+02)
s>            ( QUESTION0_0_R 1 4.269e+03 1.244e+02 2.480e+02
s>                ( - 3.879e+03 1 0)
s>                ( - 2.661e+02 1 0))))INFO: dtree.c(1315): Comp split 2
INFO: dtree.c(1478): Final simple tree
|( WDBNDRY_E 0 4.780e+04 1.043e+03 2.309e+03
|    ( - 1.674e+04 1 0)
|    ( QUESTION7 1 3.001e+04 7.369e+02 1.457e+03
|        ( - 4.951e+03 3 0)
|        ( QUESTION2_1_L -1 2.432e+04 4.789e+02 1.187e+03
|            ( QUESTION0_7_R 1 2.029e+04 4.503e+02 1.008e+03
|                ( - 4.843e+03 2 0)
|                ( QUESTION0_1_R 1 1.500e+04 3.648e+02 7.481e+02
|                    ( - 2.160e+03 1 0)
|                    ( QUESTION0_4_R 1 1.247e+04 3.030e+02 6.261e+02
|                        ( - 6.494e+03 2 0)
|                        ( - 5.677e+03 4 0 QUESTION0_0_R 1 2.140e+02 2.903e+02))))
|            ( QUESTION2_0_L -1 3.553e+03 2.973e+02 1.790e+02
|                ( - 2.343e+03 4 0 QUESTION0_0_R 1 2.174e+02 1.266e+02)
|                ( - 9.131e+02 2 0 QUESTION1 1 1.044e+02 5.244e+01)))))
s>    ( WDBNDRY_E 0 4.780e+04 1.043e+03 2.309e+03
s>        ( - 1.674e+04 1 0)
s>        ( QUESTION7 1 3.001e+04 7.369e+02 1.457e+03
s>            ( - 4.951e+03 3 0)
s>            ( QUESTION2_1_L -1 2.432e+04 4.789e+02 1.187e+03
s>                ( QUESTION0_7_R 1 2.029e+04 4.503e+02 1.008e+03
s>                    ( - 4.843e+03 2 0)
s>                    ( QUESTION0_1_R 1 1.500e+04 3.648e+02 7.481e+02
s>                        ( - 2.160e+03 1 0)
s>                        ( QUESTION0_4_R 1 1.247e+04 3.030e+02 6.261e+02
s>                            ( - 6.494e+03 2 0)
s>                            ( - 5.677e+03 4 0 QUESTION0_0_R 1 2.140e+02 2.903e+02))))
s>                ( QUESTION2_0_L -1 3.553e+03 2.973e+02 1.790e+02
s>                    ( - 2.343e+03 4 0 QUESTION0_0_R 1 2.174e+02 1.266e+02)
s>                    ( - 9.131e+02 2 0 QUESTION1 1 1.044e+02 5.244e+01)))))INFO: dtree.c(1478): Final simple tree
|( QUESTION19 1 9.790e+04 8.248e+02 5.038e+03
|    ( - 2.690e+04 2 0 QUESTION0_15_R 1 2.001e+02 1.476e+03)
|    ( QUESTION8 1 7.018e+04 4.272e+02 3.561e+03
|        ( - 6.492e+03 4 0)
|        ( QUESTION0_15_R 1 6.326e+04 4.262e+02 3.224e+03
|            ( - 1.365e+04 2 0 QUESTION2_1_L -1 1.988e+02 7.255e+02)
|            ( QUESTION0_9_R 1 4.919e+04 3.706e+02 2.499e+03
|                ( - 6.791e+03 2 0 QUESTION0_10_R 1 2.062e+02 3.612e+02)
|                ( QUESTION2_1_L -1 4.203e+04 3.140e+02 2.137e+03
|                    ( QUESTION0_7_R 1 3.946e+04 2.998e+02 2.022e+03
|                        ( QUESTION7 1 1.945e+04 4.075e+02 1.002e+03
|                            ( - 1.350e+04 1 0)
|                            ( - 5.544e+03 1 0))
|                        ( - 1.971e+04 7 0 QUESTION0_17_R 1 2.896e+02 1.020e+03))
|                    ( - 2.253e+03 4 0 QUESTION9 1 1.919e+02 1.152e+02))))))
s>    ( QUESTION19 1 9.790e+04 8.248e+02 5.038e+03
s>        ( - 2.690e+04 2 0 QUESTION0_15_R 1 2.001e+02 1.476e+03)
s>        ( QUESTION8 1 7.018e+04 4.272e+02 3.561e+03
s>            ( - 6.492e+03 4 0)
s>            ( QUESTION0_15_R 1 6.326e+04 4.262e+02 3.224e+03
s>                ( - 1.365e+04 2 0 QUESTION2_1_L -1 1.988e+02 7.255e+02)
s>                ( QUESTION0_9_R 1 4.919e+04 3.706e+02 2.499e+03
s>                    ( - 6.791e+03 2 0 QUESTION0_10_R 1 2.062e+02 3.612e+02)
s>                    ( QUESTION2_1_L -1 4.203e+04 3.140e+02 2.137e+03
s>                        ( QUESTION0_7_R 1 3.946e+04 2.998e+02 2.022e+03
s>                            ( QUESTION7 1 1.945e+04 4.075e+02 1.002e+03
s>                                ( - 1.350e+04 1 0)
s>                                ( - 5.544e+03 1 0))
s>                            ( - 1.971e+04 7 0 QUESTION0_17_R 1 2.896e+02 1.020e+03))
s>                        ( - 2.253e+03 4 0 QUESTION9 1 1.919e+02 1.152e+02))))))INFO: dtree.c(1315): Comp split 3
INFO: dtree.c(1478): Final simple tree
|( QUESTION1 -1 1.662e+04 6.968e+02 7.729e+02
|    ( - 4.743e+03 1 0)
|    ( WDBNDRY_B 0 1.118e+04 5.077e+02 5.266e+02
|        ( - 1.590e+03 3 0 QUESTION0_3_R 1 2.169e+02 8.542e+01)
|        ( QUESTION0_1_R 1 9.081e+03 3.360e+02 4.412e+02
|            ( QUESTION0 -1 2.846e+03 2.265e+02 1.446e+02
|                ( - 1.953e+03 1 0)
|                ( - 6.664e+02 2 0 QUESTION6 -1 1.274e+02 3.915e+01))
|            ( QUESTION0_7_R 1 5.900e+03 2.885e+02 2.966e+02
|                ( WDBNDRY_E 0 2.262e+03 2.177e+02 1.193e+02
|                    ( - 1.458e+03 2 0)
|                    ( - 5.871e+02 1 0))
|                ( QUESTION0_6_R 1 3.349e+03 2.229e+02 1.773e+02
|                    ( - 2.072e+03 3 0 WDBNDRY_E 0 1.368e+02 1.186e+02)
|                    ( - 1.054e+03 3 0 WDBNDRY_E 0 1.240e+02 5.871e+01))))))
s>    ( QUESTION1 -1 1.662e+04 6.968e+02 7.729e+02
s>        ( - 4.743e+03 1 0)
s>        ( WDBNDRY_B 0 1.118e+04 5.077e+02 5.266e+02
s>            ( - 1.590e+03 3 0 QUESTION0_3_R 1 2.169e+02 8.542e+01)
s>            ( QUESTION0_1_R 1 9.081e+03 3.360e+02 4.412e+02
s>                ( QUESTION0 -1 2.846e+03 2.265e+02 1.446e+02
s>                    ( - 1.953e+03 1 0)
s>                    ( - 6.664e+02 2 0 QUESTION6 -1 1.274e+02 3.915e+01))
s>                ( QUESTION0_7_R 1 5.900e+03 2.885e+02 2.966e+02
s>                    ( WDBNDRY_E 0 2.262e+03 2.177e+02 1.193e+02
s>                        ( - 1.458e+03 2 0)
s>                        ( - 5.871e+02 1 0))
s>                    ( QUESTION0_6_R 1 3.349e+03 2.229e+02 1.773e+02
s>                        ( - 2.072e+03 3 0 WDBNDRY_E 0 1.368e+02 1.186e+02)
s>                        ( - 1.054e+03 3 0 WDBNDRY_E 0 1.240e+02 5.871e+01))))))INFO: dtree.c(1315): Comp split 4
INFO: dtree.c(1439): stop. leaf nodes are specific
INFO: dtree.c(1478): Final simple tree
|( QUESTION7 1 1.020e+04 4.870e+02 5.181e+02
|    ( - 4.951e+03 3 0)
|    ( QUESTION0_2_R 1 4.766e+03 2.738e+02 2.486e+02
|        ( WDBNDRY_B 0 1.287e+03 1.157e+02 7.764e+01
|            ( - 5.434e+02 1 0)
|            ( - 6.283e+02 1 0))
|        ( QUESTION0_0_R 1 3.205e+03 2.068e+02 1.709e+02
|            ( - 2.160e+03 1 0)
|            ( QUESTION0_8_R 1 8.383e+02 1.172e+02 4.893e+01
|                ( - 4.147e+02 1 0)
|                ( - 3.064e+02 1 0)))))
s>    ( QUESTION7 1 1.020e+04 4.870e+02 5.181e+02
s>        ( - 4.951e+03 3 0)
s>        ( QUESTION0_2_R 1 4.766e+03 2.738e+02 2.486e+02
s>            ( WDBNDRY_B 0 1.287e+03 1.157e+02 7.764e+01
s>                ( - 5.434e+02 1 0)
s>                ( - 6.283e+02 1 0))
s>            ( QUESTION0_0_R 1 3.205e+03 2.068e+02 1.709e+02
s>                ( - 2.160e+03 1 0)
s>                ( QUESTION0_8_R 1 8.383e+02 1.172e+02 4.893e+01
s>                    ( - 4.147e+02 1 0)
s>                    ( - 3.064e+02 1 0)))))INFO: dtree.c(1478): Final simple tree
|( WDBNDRY_E 0 3.645e+04 7.547e+02 1.790e+03
|    ( - 1.674e+04 1 0)
|    ( QUESTION0_7_R 1 1.895e+04 4.269e+02 9.385e+02
|        ( - 4.843e+03 2 0)
|        ( QUESTION0_4_R 1 1.368e+04 3.344e+02 6.786e+02
|            ( - 6.494e+03 2 0)
|            ( QUESTION0_0_R 1 6.855e+03 2.672e+02 3.427e+02
|                ( QUESTION2_0_L -1 2.611e+03 2.114e+02 1.358e+02
|                    ( WDBNDRY_B 0 1.486e+03 1.249e+02 8.339e+01
|                        ( - 4.904e+02 1 0)
|                        ( - 8.711e+02 1 0))
|                    ( QUESTION1 1 9.131e+02 1.044e+02 5.244e+01
|                        ( - 6.274e+02 1 0)
|                        ( - 1.813e+02 1 0)))
|                ( - 3.977e+03 2 0)))))
s>    ( WDBNDRY_E 0 3.645e+04 7.547e+02 1.790e+03
s>        ( - 1.674e+04 1 0)
s>        ( QUESTION0_7_R 1 1.895e+04 4.269e+02 9.385e+02
s>            ( - 4.843e+03 2 0)
s>            ( QUESTION0_4_R 1 1.368e+04 3.344e+02 6.786e+02
s>                ( - 6.494e+03 2 0)
s>                ( QUESTION0_0_R 1 6.855e+03 2.672e+02 3.427e+02
s>                    ( QUESTION2_0_L -1 2.611e+03 2.114e+02 1.358e+02
s>                        ( WDBNDRY_B 0 1.486e+03 1.249e+02 8.339e+01
s>                            ( - 4.904e+02 1 0)
s>                            ( - 8.711e+02 1 0))
s>                        ( QUESTION1 1 9.131e+02 1.044e+02 5.244e+01
s>                            ( - 6.274e+02 1 0)
s>                            ( - 1.813e+02 1 0)))
s>                    ( - 3.977e+03 2 0)))))INFO: dtree.c(1315): Comp split 5
INFO: dtree.c(1478): Final simple tree
|( QUESTION19 1 6.090e+04 5.499e+02 3.199e+03
|    ( QUESTION0_15_R 1 2.690e+04 2.001e+02 1.476e+03
|        ( - 1.327e+03 1 0)
|        ( - 2.537e+04 1 0))
|    ( QUESTION0 1 3.345e+04 3.009e+02 1.723e+03
|        ( QUESTION0_0_R 1 6.345e+03 1.623e+02 3.412e+02
|            ( - 4.573e+03 2 0 QUESTION0_1_R 1 1.260e+02 2.477e+02)
|            ( - 1.610e+03 1 0))
|        ( QUESTION0_17_R 1 2.680e+04 2.230e+02 1.381e+03
|            ( - 9.818e+03 1 0)
|            ( QUESTION0_7_R 1 1.676e+04 1.984e+02 8.715e+02
|                ( - 1.350e+04 1 0)
|                ( QUESTION0_19_R 1 3.068e+03 1.551e+02 1.685e+02
|                    ( - 1.904e+03 2 0 QUESTION0_20_R 1 1.267e+02 1.075e+02)
|                    ( - 1.009e+03 1 0))))))
s>    ( QUESTION19 1 6.090e+04 5.499e+02 3.199e+03
s>        ( QUESTION0_15_R 1 2.690e+04 2.001e+02 1.476e+03
s>            ( - 1.327e+03 1 0)
s>            ( - 2.537e+04 1 0))
s>        ( QUESTION0 1 3.345e+04 3.009e+02 1.723e+03
s>            ( QUESTION0_0_R 1 6.345e+03 1.623e+02 3.412e+02
s>                ( - 4.573e+03 2 0 QUESTION0_1_R 1 1.260e+02 2.477e+02)
s>                ( - 1.610e+03 1 0))
s>            ( QUESTION0_17_R 1 2.680e+04 2.230e+02 1.381e+03
s>                ( - 9.818e+03 1 0)
s>                ( QUESTION0_7_R 1 1.676e+04 1.984e+02 8.715e+02
s>                    ( - 1.350e+04 1 0)
s>                    ( QUESTION0_19_R 1 3.068e+03 1.551e+02 1.685e+02
s>                        ( - 1.904e+03 2 0 QUESTION0_20_R 1 1.267e+02 1.075e+02)
s>                        ( - 1.009e+03 1 0))))))INFO: dtree.c(1478): Final simple tree
|( QUESTION0_15_R 1 3.617e+04 4.542e+02 1.839e+03
|    ( QUESTION2_1_L -1 1.365e+04 1.988e+02 7.255e+02
|        ( - 1.307e+04 1 0)
|        ( - 3.715e+02 1 0))
|    ( QUESTION8 1 2.207e+04 3.752e+02 1.113e+03
|        ( - 6.492e+03 4 0)
|        ( QUESTION2_1_L -1 1.520e+04 3.441e+02 7.759e+02
|            ( QUESTION0_8_R 1 1.260e+04 2.678e+02 6.607e+02
|                ( - 5.544e+03 1 0)
|                ( QUESTION0_10_R 1 6.791e+03 2.062e+02 3.612e+02
|                    ( - 2.416e+03 1 0)
|                    ( - 4.168e+03 1 0)))
|            ( QUESTION9 1 2.253e+03 1.919e+02 1.152e+02
|                ( - 1.137e+03 2 0 QUESTION0_7_R 1 1.148e+02 6.232e+01)
|                ( - 9.247e+02 2 0 QUESTION0_7_R 1 1.271e+02 5.288e+01)))))
s>    ( QUESTION0_15_R 1 3.617e+04 4.542e+02 1.839e+03
s>        ( QUESTION2_1_L -1 1.365e+04 1.988e+02 7.255e+02
s>            ( - 1.307e+04 1 0)
s>            ( - 3.715e+02 1 0))
s>        ( QUESTION8 1 2.207e+04 3.752e+02 1.113e+03
s>            ( - 6.492e+03 4 0)
s>            ( QUESTION2_1_L -1 1.520e+04 3.441e+02 7.759e+02
s>                ( QUESTION0_8_R 1 1.260e+04 2.678e+02 6.607e+02
s>                    ( - 5.544e+03 1 0)
s>                    ( QUESTION0_10_R 1 6.791e+03 2.062e+02 3.612e+02
s>                        ( - 2.416e+03 1 0)
s>                        ( - 4.168e+03 1 0)))
s>                ( QUESTION9 1 2.253e+03 1.919e+02 1.152e+02
s>                    ( - 1.137e+03 2 0 QUESTION0_7_R 1 1.148e+02 6.232e+01)
s>                    ( - 9.247e+02 2 0 QUESTION0_7_R 1 1.271e+02 5.288e+01)))))INFO: dtree.c(1315): Comp split 6
INFO: dtree.c(1439): stop. leaf nodes are specific
INFO: dtree.c(1478): Final simple tree
|( QUESTION0_7_R 1 1.895e+04 4.269e+02 9.385e+02
|    ( - 4.843e+03 2 0)
|    ( QUESTION0_4_R 1 1.368e+04 3.344e+02 6.786e+02
|        ( - 6.494e+03 2 0)
|        ( QUESTION0_0_R 1 6.855e+03 2.672e+02 3.427e+02
|            ( QUESTION2_0_L -1 2.611e+03 2.114e+02 1.358e+02
|                ( WDBNDRY_B 0 1.486e+03 1.249e+02 8.339e+01
|                    ( - 4.904e+02 1 0)
|                    ( - 8.711e+02 1 0))
|                ( QUESTION1 1 9.131e+02 1.044e+02 5.244e+01
|                    ( - 6.274e+02 1 0)
|                    ( - 1.813e+02 1 0)))
|            ( - 3.977e+03 2 0))))
s>    ( QUESTION0_7_R 1 1.895e+04 4.269e+02 9.385e+02
s>        ( - 4.843e+03 2 0)
s>        ( QUESTION0_4_R 1 1.368e+04 3.344e+02 6.786e+02
s>            ( - 6.494e+03 2 0)
s>            ( QUESTION0_0_R 1 6.855e+03 2.672e+02 3.427e+02
s>                ( QUESTION2_0_L -1 2.611e+03 2.114e+02 1.358e+02
s>                    ( WDBNDRY_B 0 1.486e+03 1.249e+02 8.339e+01
s>                        ( - 4.904e+02 1 0)
s>                        ( - 8.711e+02 1 0))
s>                    ( QUESTION1 1 9.131e+02 1.044e+02 5.244e+01
s>                        ( - 6.274e+02 1 0)
s>                        ( - 1.813e+02 1 0)))
s>                ( - 3.977e+03 2 0))))INFO: dtree.c(1315): Comp split 7
INFO: dtree.c(1478): Final simple tree
|( WDBNDRY_B 0 1.118e+04 5.077e+02 5.266e+02
|    ( QUESTION0_3_R 1 1.590e+03 2.169e+02 8.542e+01
|        ( - 8.274e+02 1 0)
|        ( - 5.459e+02 2 0 QUESTION6 -1 1.089e+02 3.395e+01))
|    ( QUESTION0_1_R 1 9.081e+03 3.360e+02 4.412e+02
|        ( QUESTION0 -1 2.846e+03 2.265e+02 1.446e+02
|            ( - 1.953e+03 1 0)
|            ( - 6.664e+02 2 0 QUESTION6 -1 1.274e+02 3.915e+01))
|        ( QUESTION0_7_R 1 5.900e+03 2.885e+02 2.966e+02
|            ( WDBNDRY_E 0 2.262e+03 2.177e+02 1.193e+02
|                ( - 1.458e+03 2 0)
|                ( - 5.871e+02 1 0))
|            ( QUESTION0_6_R 1 3.349e+03 2.229e+02 1.773e+02
|                ( - 2.072e+03 3 0 WDBNDRY_E 0 1.368e+02 1.186e+02)
|                ( - 1.054e+03 3 0 WDBNDRY_E 0 1.240e+02 5.871e+01)))))
s>    ( WDBNDRY_B 0 1.118e+04 5.077e+02 5.266e+02
s>        ( QUESTION0_3_R 1 1.590e+03 2.169e+02 8.542e+01
s>            ( - 8.274e+02 1 0)
s>            ( - 5.459e+02 2 0 QUESTION6 -1 1.089e+02 3.395e+01))
s>        ( QUESTION0_1_R 1 9.081e+03 3.360e+02 4.412e+02
s>            ( QUESTION0 -1 2.846e+03 2.265e+02 1.446e+02
s>                ( - 1.953e+03 1 0)
s>                ( - 6.664e+02 2 0 QUESTION6 -1 1.274e+02 3.915e+01))
s>            ( QUESTION0_7_R 1 5.900e+03 2.885e+02 2.966e+02
s>                ( WDBNDRY_E 0 2.262e+03 2.177e+02 1.193e+02
s>                    ( - 1.458e+03 2 0)
s>                    ( - 5.871e+02 1 0))
s>                ( QUESTION0_6_R 1 3.349e+03 2.229e+02 1.773e+02
s>                    ( - 2.072e+03 3 0 WDBNDRY_E 0 1.368e+02 1.186e+02)
s>                    ( - 1.054e+03 3 0 WDBNDRY_E 0 1.240e+02 5.871e+01)))))INFO: dtree.c(1315): Comp split 8
INFO: dtree.c(1439): stop. leaf nodes are specific
INFO: dtree.c(1478): Final simple tree
|( SILENCE 1 1.022e+04 4.185e+02 5.737e+02
|    ( - 4.385e+03 1 0)
|    ( QUESTION19 1 5.413e+03 1.931e+02 3.173e+02
|        ( - 1.656e+03 1 0)
|        ( QUESTION0_15_R 1 3.564e+03 1.754e+02 2.126e+02
|            ( - 1.004e+03 1 0)
|            ( QUESTION0_17_R 1 2.385e+03 1.047e+02 1.455e+02
|                ( - 1.643e+03 1 0)
|                ( QUESTION0_7_R 1 6.376e+02 7.800e+01 4.385e+01
|                    ( - 3.748e+02 1 0)
|                    ( - 1.848e+02 1 0))))))
s>    ( SILENCE 1 1.022e+04 4.185e+02 5.737e+02
s>        ( - 4.385e+03 1 0)
s>        ( QUESTION19 1 5.413e+03 1.931e+02 3.173e+02
s>            ( - 1.656e+03 1 0)
s>            ( QUESTION0_15_R 1 3.564e+03 1.754e+02 2.126e+02
s>                ( - 1.004e+03 1 0)
s>                ( QUESTION0_17_R 1 2.385e+03 1.047e+02 1.455e+02
s>                    ( - 1.643e+03 1 0)
s>                    ( QUESTION0_7_R 1 6.376e+02 7.800e+01 4.385e+01
s>                        ( - 3.748e+02 1 0)
s>                        ( - 1.848e+02 1 0))))))INFO: dtree.c(1439): stop. leaf nodes are specific
INFO: dtree.c(1478): Final simple tree
|( QUESTION0_2_R 1 7.260e+03 4.241e+02 4.065e+02
|    ( WDBNDRY_B 0 2.567e+03 1.012e+02 1.586e+02
|        ( - 2.024e+02 1 0)
|        ( - 2.263e+03 1 0))
|    ( QUESTION0_0_R 1 4.269e+03 1.244e+02 2.480e+02
|        ( - 3.879e+03 1 0)
|        ( - 2.661e+02 1 0)))
s>    ( QUESTION0_2_R 1 7.260e+03 4.241e+02 4.065e+02
s>        ( WDBNDRY_B 0 2.567e+03 1.012e+02 1.586e+02
s>            ( - 2.024e+02 1 0)
s>            ( - 2.263e+03 1 0))
s>        ( QUESTION0_0_R 1 4.269e+03 1.244e+02 2.480e+02
s>            ( - 3.879e+03 1 0)
s>            ( - 2.661e+02 1 0)))INFO: dtree.c(1315): Comp split 9
INFO: dtree.c(1439): stop. leaf nodes are specific
INFO: dtree.c(1478): Final simple tree
|( QUESTION0_15_R 1 2.982e+04 1.989e+02 1.631e+03
|    ( - 1.327e+03 1 0)
|    ( QUESTION0_17_R 1 2.829e+04 1.617e+02 1.550e+03
|        ( - 2.537e+04 1 0)
|        ( QUESTION0_19_R 1 2.757e+03 1.385e+02 1.546e+02
|            ( - 1.610e+03 1 0)
|            ( - 1.009e+03 1 0))))
s>    ( QUESTION0_15_R 1 2.982e+04 1.989e+02 1.631e+03
s>        ( - 1.327e+03 1 0)
s>        ( QUESTION0_17_R 1 2.829e+04 1.617e+02 1.550e+03
s>            ( - 2.537e+04 1 0)
s>            ( QUESTION0_19_R 1 2.757e+03 1.385e+02 1.546e+02
s>                ( - 1.610e+03 1 0)
s>                ( - 1.009e+03 1 0))))INFO: dtree.c(1439): stop. leaf nodes are specific
INFO: dtree.c(1478): Final simple tree
|( QUESTION0_0_R 1 3.049e+04 3.002e+02 1.568e+03
|    ( QUESTION0_1_R 1 4.573e+03 1.260e+02 2.477e+02
|        ( - 5.428e+02 1 0)
|        ( - 3.904e+03 1 0))
|    ( QUESTION0_17_R 1 2.562e+04 2.182e+02 1.320e+03
|        ( - 9.818e+03 1 0)
|        ( QUESTION0_7_R 1 1.558e+04 1.828e+02 8.104e+02
|            ( - 1.350e+04 1 0)
|            ( QUESTION0_20_R 1 1.904e+03 1.267e+02 1.075e+02
|                ( - 5.206e+02 1 0)
|                ( - 1.256e+03 1 0)))))
s>    ( QUESTION0_0_R 1 3.049e+04 3.002e+02 1.568e+03
s>        ( QUESTION0_1_R 1 4.573e+03 1.260e+02 2.477e+02
s>            ( - 5.428e+02 1 0)
s>            ( - 3.904e+03 1 0))
s>        ( QUESTION0_17_R 1 2.562e+04 2.182e+02 1.320e+03
s>            ( - 9.818e+03 1 0)
s>            ( QUESTION0_7_R 1 1.558e+04 1.828e+02 8.104e+02
s>                ( - 1.350e+04 1 0)
s>                ( QUESTION0_20_R 1 1.904e+03 1.267e+02 1.075e+02
s>                    ( - 5.206e+02 1 0)
s>                    ( - 1.256e+03 1 0)))))INFO: dtree.c(1315): Comp split 10
INFO: dtree.c(1478): Final simple tree
|( QUESTION0_1_R 1 9.081e+03 3.360e+02 4.412e+02
|    ( QUESTION0 -1 2.846e+03 2.265e+02 1.446e+02
|        ( - 1.953e+03 1 0)
|        ( QUESTION6 -1 6.664e+02 1.274e+02 3.915e+01
|            ( - 3.414e+02 1 0)
|            ( - 1.976e+02 1 0)))
|    ( QUESTION0_7_R 1 5.900e+03 2.885e+02 2.966e+02
|        ( WDBNDRY_E 0 2.262e+03 2.177e+02 1.193e+02
|            ( - 1.458e+03 2 0)
|            ( - 5.871e+02 1 0))
|        ( QUESTION0_6_R 1 3.349e+03 2.229e+02 1.773e+02
|            ( WDBNDRY_E 0 2.072e+03 1.368e+02 1.186e+02
|                ( - 1.285e+03 2 0 QUESTION0_15_R 1 1.229e+02 7.506e+01)
|                ( - 6.500e+02 1 0))
|            ( - 1.054e+03 3 0 WDBNDRY_E 0 1.240e+02 5.871e+01))))
s>    ( QUESTION0_1_R 1 9.081e+03 3.360e+02 4.412e+02
s>        ( QUESTION0 -1 2.846e+03 2.265e+02 1.446e+02
s>            ( - 1.953e+03 1 0)
s>            ( QUESTION6 -1 6.664e+02 1.274e+02 3.915e+01
s>                ( - 3.414e+02 1 0)
s>                ( - 1.976e+02 1 0)))
s>        ( QUESTION0_7_R 1 5.900e+03 2.885e+02 2.966e+02
s>            ( WDBNDRY_E 0 2.262e+03 2.177e+02 1.193e+02
s>                ( - 1.458e+03 2 0)
s>                ( - 5.871e+02 1 0))
s>            ( QUESTION0_6_R 1 3.349e+03 2.229e+02 1.773e+02
s>                ( WDBNDRY_E 0 2.072e+03 1.368e+02 1.186e+02
s>                    ( - 1.285e+03 2 0 QUESTION0_15_R 1 1.229e+02 7.506e+01)
s>                    ( - 6.500e+02 1 0))
s>                ( - 1.054e+03 3 0 WDBNDRY_E 0 1.240e+02 5.871e+01))))INFO: dtree.c(1439): stop. leaf nodes are specific
INFO: dtree.c(1478): Final simple tree
|( QUESTION0_3_R 1 1.590e+03 2.169e+02 8.542e+01
|    ( - 8.274e+02 1 0)
|    ( QUESTION6 -1 5.459e+02 1.089e+02 3.395e+01
|        ( - 2.655e+02 1 0)
|        ( - 1.715e+02 1 0)))
s>    ( QUESTION0_3_R 1 1.590e+03 2.169e+02 8.542e+01
s>        ( - 8.274e+02 1 0)
s>        ( QUESTION6 -1 5.459e+02 1.089e+02 3.395e+01
s>            ( - 2.655e+02 1 0)
s>            ( - 1.715e+02 1 0)))INFO: dtree.c(1315): Comp split 11
INFO: dtree.c(1439): stop. leaf nodes are specific
INFO: dtree.c(1478): Final simple tree
|( QUESTION0_8_R 1 1.260e+04 2.678e+02 6.607e+02
|    ( - 5.544e+03 1 0)
|    ( QUESTION0_10_R 1 6.791e+03 2.062e+02 3.612e+02
|        ( - 2.416e+03 1 0)
|        ( - 4.168e+03 1 0)))
s>    ( QUESTION0_8_R 1 1.260e+04 2.678e+02 6.607e+02
s>        ( - 5.544e+03 1 0)
s>        ( QUESTION0_10_R 1 6.791e+03 2.062e+02 3.612e+02
s>            ( - 2.416e+03 1 0)
s>            ( - 4.168e+03 1 0)))INFO: dtree.c(1439): stop. leaf nodes are specific
INFO: dtree.c(1478): Final simple tree
|( QUESTION0_15_R 1 2.306e+04 4.096e+02 1.178e+03
|    ( QUESTION2_1_L -1 1.365e+04 1.988e+02 7.255e+02
|        ( - 1.307e+04 1 0)
|        ( - 3.715e+02 1 0))
|    ( QUESTION8 1 9.004e+03 2.589e+02 4.527e+02
|        ( - 6.492e+03 4 0)
|        ( QUESTION9 1 2.253e+03 1.919e+02 1.152e+02
|            ( QUESTION0_7_R 1 1.137e+03 1.148e+02 6.232e+01
|                ( - 5.971e+02 1 0)
|                ( - 4.249e+02 1 0))
|            ( QUESTION0_7_R 1 9.247e+02 1.271e+02 5.288e+01
|                ( - 5.689e+02 1 0)
|                ( - 2.287e+02 1 0)))))
s>    ( QUESTION0_15_R 1 2.306e+04 4.096e+02 1.178e+03
s>        ( QUESTION2_1_L -1 1.365e+04 1.988e+02 7.255e+02
s>            ( - 1.307e+04 1 0)
s>            ( - 3.715e+02 1 0))
s>        ( QUESTION8 1 9.004e+03 2.589e+02 4.527e+02
s>            ( - 6.492e+03 4 0)
s>            ( QUESTION9 1 2.253e+03 1.919e+02 1.152e+02
s>                ( QUESTION0_7_R 1 1.137e+03 1.148e+02 6.232e+01
s>                    ( - 5.971e+02 1 0)
s>                    ( - 4.249e+02 1 0))
s>                ( QUESTION0_7_R 1 9.247e+02 1.271e+02 5.288e+01
s>                    ( - 5.689e+02 1 0)
s>                    ( - 2.287e+02 1 0)))))INFO: dtree.c(1315): Comp split 12
INFO: dtree.c(1439): stop. leaf nodes are specific
INFO: dtree.c(1478): Final simple tree
|( QUESTION0_2_R 1 4.766e+03 2.738e+02 2.486e+02
|    ( WDBNDRY_B 0 1.287e+03 1.157e+02 7.764e+01
|        ( - 5.434e+02 1 0)
|        ( - 6.283e+02 1 0))
|    ( QUESTION0_0_R 1 3.205e+03 2.068e+02 1.709e+02
|        ( - 2.160e+03 1 0)
|        ( QUESTION0_8_R 1 8.383e+02 1.172e+02 4.893e+01
|            ( - 4.147e+02 1 0)
|            ( - 3.064e+02 1 0))))
s>    ( QUESTION0_2_R 1 4.766e+03 2.738e+02 2.486e+02
s>        ( WDBNDRY_B 0 1.287e+03 1.157e+02 7.764e+01
s>            ( - 5.434e+02 1 0)
s>            ( - 6.283e+02 1 0))
s>        ( QUESTION0_0_R 1 3.205e+03 2.068e+02 1.709e+02
s>            ( - 2.160e+03 1 0)
s>            ( QUESTION0_8_R 1 8.383e+02 1.172e+02 4.893e+01
s>                ( - 4.147e+02 1 0)
s>                ( - 3.064e+02 1 0))))INFO: dtree.c(1315): Comp split 13
INFO: dtree.c(1439): stop. leaf nodes are specific
INFO: dtree.c(1478): Final simple tree
|( QUESTION8 1 9.534e+03 2.736e+02 4.769e+02
|    ( - 6.492e+03 4 0)
|    ( QUESTION9 1 2.769e+03 1.943e+02 1.394e+02
|        ( QUESTION0_7_R 1 1.650e+03 1.541e+02 8.652e+01
|            ( - 5.971e+02 1 0)
|            ( QUESTION0_15_R 1 8.984e+02 1.021e+02 5.083e+01
|                ( - 3.715e+02 1 0)
|                ( - 4.249e+02 1 0)))
|        ( QUESTION0_7_R 1 9.247e+02 1.271e+02 5.288e+01
|            ( - 5.689e+02 1 0)
|            ( - 2.287e+02 1 0))))
s>    ( QUESTION8 1 9.534e+03 2.736e+02 4.769e+02
s>        ( - 6.492e+03 4 0)
s>        ( QUESTION9 1 2.769e+03 1.943e+02 1.394e+02
s>            ( QUESTION0_7_R 1 1.650e+03 1.541e+02 8.652e+01
s>                ( - 5.971e+02 1 0)
s>                ( QUESTION0_15_R 1 8.984e+02 1.021e+02 5.083e+01
s>                    ( - 3.715e+02 1 0)
s>                    ( - 4.249e+02 1 0)))
s>            ( QUESTION0_7_R 1 9.247e+02 1.271e+02 5.288e+01
s>                ( - 5.689e+02 1 0)
s>                ( - 2.287e+02 1 0))))INFO: dtree.c(1315): Comp split 14
INFO: dtree.c(1439): stop. leaf nodes are specific
INFO: dtree.c(1478): Final simple tree
|( QUESTION0_4_R 1 1.368e+04 3.344e+02 6.786e+02
|    ( - 6.494e+03 2 0)
|    ( QUESTION0_0_R 1 6.855e+03 2.672e+02 3.427e+02
|        ( QUESTION2_0_L -1 2.611e+03 2.114e+02 1.358e+02
|            ( WDBNDRY_B 0 1.486e+03 1.249e+02 8.339e+01
|                ( - 4.904e+02 1 0)
|                ( - 8.711e+02 1 0))
|            ( QUESTION1 1 9.131e+02 1.044e+02 5.244e+01
|                ( - 6.274e+02 1 0)
|                ( - 1.813e+02 1 0)))
|        ( - 3.977e+03 2 0)))
s>    ( QUESTION0_4_R 1 1.368e+04 3.344e+02 6.786e+02
s>        ( - 6.494e+03 2 0)
s>        ( QUESTION0_0_R 1 6.855e+03 2.672e+02 3.427e+02
s>            ( QUESTION2_0_L -1 2.611e+03 2.114e+02 1.358e+02
s>                ( WDBNDRY_B 0 1.486e+03 1.249e+02 8.339e+01
s>                    ( - 4.904e+02 1 0)
s>                    ( - 8.711e+02 1 0))
s>                ( QUESTION1 1 9.131e+02 1.044e+02 5.244e+01
s>                    ( - 6.274e+02 1 0)
s>                    ( - 1.813e+02 1 0)))
s>            ( - 3.977e+03 2 0)))INFO: dtree.c(1315): Comp split 15
INFO: dtree.c(1439): stop. leaf nodes are specific
INFO: dtree.c(1478): Final simple tree
|( QUESTION0_0_R 1 4.269e+03 1.244e+02 2.480e+02
|    ( - 3.879e+03 1 0)
|    ( - 2.661e+02 1 0))
s>    ( QUESTION0_0_R 1 4.269e+03 1.244e+02 2.480e+02
s>        ( - 3.879e+03 1 0)
s>        ( - 2.661e+02 1 0))INFO: dtree.c(1439): stop. leaf nodes are specific
INFO: dtree.c(1478): Final simple tree
|( WDBNDRY_B 0 2.567e+03 1.012e+02 1.586e+02
|    ( - 2.024e+02 1 0)
|    ( - 2.263e+03 1 0))
s>    ( WDBNDRY_B 0 2.567e+03 1.012e+02 1.586e+02
s>        ( - 2.024e+02 1 0)
s>        ( - 2.263e+03 1 0))INFO: dtree.c(1315): Comp split 16
INFO: dtree.c(1439): stop. leaf nodes are specific
INFO: dtree.c(1478): Final simple tree
|( QUESTION19 1 5.413e+03 1.931e+02 3.173e+02
|    ( - 1.656e+03 1 0)
|    ( QUESTION0_15_R 1 3.564e+03 1.754e+02 2.126e+02
|        ( - 1.004e+03 1 0)
|        ( QUESTION0_17_R 1 2.385e+03 1.047e+02 1.455e+02
|            ( - 1.643e+03 1 0)
|            ( QUESTION0_7_R 1 6.376e+02 7.800e+01 4.385e+01
|                ( - 3.748e+02 1 0)
|                ( - 1.848e+02 1 0)))))
s>    ( QUESTION19 1 5.413e+03 1.931e+02 3.173e+02
s>        ( - 1.656e+03 1 0)
s>        ( QUESTION0_15_R 1 3.564e+03 1.754e+02 2.126e+02
s>            ( - 1.004e+03 1 0)
s>            ( QUESTION0_17_R 1 2.385e+03 1.047e+02 1.455e+02
s>                ( - 1.643e+03 1 0)
s>                ( QUESTION0_7_R 1 6.376e+02 7.800e+01 4.385e+01
s>                    ( - 3.748e+02 1 0)
s>                    ( - 1.848e+02 1 0)))))INFO: dtree.c(1315): Comp split 17
INFO: dtree.c(1439): stop. leaf nodes are specific
INFO: dtree.c(1478): Final simple tree
|( QUESTION7 1 4.074e+03 2.469e+02 2.017e+02
|    ( - 1.458e+03 2 0)
|    ( QUESTION0_0_R 1 2.370e+03 2.257e+02 1.219e+02
|        ( QUESTION0_1_R 1 1.169e+03 1.523e+02 6.296e+01
|            ( - 3.414e+02 1 0)
|            ( QUESTION0 -1 6.758e+02 9.933e+01 3.929e+01
|                ( - 3.245e+02 1 0)
|                ( - 2.520e+02 1 0)))
|        ( WDBNDRY_E 0 9.745e+02 1.330e+02 5.893e+01
|            ( - 2.544e+02 1 0)
|            ( - 5.871e+02 1 0))))
s>    ( QUESTION7 1 4.074e+03 2.469e+02 2.017e+02
s>        ( - 1.458e+03 2 0)
s>        ( QUESTION0_0_R 1 2.370e+03 2.257e+02 1.219e+02
s>            ( QUESTION0_1_R 1 1.169e+03 1.523e+02 6.296e+01
s>                ( - 3.414e+02 1 0)
s>                ( QUESTION0 -1 6.758e+02 9.933e+01 3.929e+01
s>                    ( - 3.245e+02 1 0)
s>                    ( - 2.520e+02 1 0)))
s>            ( WDBNDRY_E 0 9.745e+02 1.330e+02 5.893e+01
s>                ( - 2.544e+02 1 0)
s>                ( - 5.871e+02 1 0))))INFO: dtree.c(1439): stop. leaf nodes are specific
INFO: dtree.c(1478): Final simple tree
|( QUESTION0_0_R 1 4.628e+03 2.467e+02 2.395e+02
|    ( QUESTION0 -1 2.310e+03 1.590e+02 1.209e+02
|        ( - 1.953e+03 1 0)
|        ( - 1.976e+02 1 0))
|    ( WDBNDRY_E 0 2.072e+03 1.368e+02 1.186e+02
|        ( QUESTION0_15_R 1 1.285e+03 1.229e+02 7.506e+01
|            ( - 5.499e+02 1 0)
|            ( - 6.120e+02 1 0))
|        ( - 6.500e+02 1 0)))
s>    ( QUESTION0_0_R 1 4.628e+03 2.467e+02 2.395e+02
s>        ( QUESTION0 -1 2.310e+03 1.590e+02 1.209e+02
s>            ( - 1.953e+03 1 0)
s>            ( - 1.976e+02 1 0))
s>        ( WDBNDRY_E 0 2.072e+03 1.368e+02 1.186e+02
s>            ( QUESTION0_15_R 1 1.285e+03 1.229e+02 7.506e+01
s>                ( - 5.499e+02 1 0)
s>                ( - 6.120e+02 1 0))
s>            ( - 6.500e+02 1 0)))INFO: dtree.c(1315): Comp split 18
INFO: dtree.c(1439): stop. leaf nodes are specific
INFO: dtree.c(1478): Final simple tree
|( QUESTION0_0_R 1 6.855e+03 2.672e+02 3.427e+02
|    ( QUESTION2_0_L -1 2.611e+03 2.114e+02 1.358e+02
|        ( WDBNDRY_B 0 1.486e+03 1.249e+02 8.339e+01
|            ( - 4.904e+02 1 0)
|            ( - 8.711e+02 1 0))
|        ( QUESTION1 1 9.131e+02 1.044e+02 5.244e+01
|            ( - 6.274e+02 1 0)
|            ( - 1.813e+02 1 0)))
|    ( - 3.977e+03 2 0))
s>    ( QUESTION0_0_R 1 6.855e+03 2.672e+02 3.427e+02
s>        ( QUESTION2_0_L -1 2.611e+03 2.114e+02 1.358e+02
s>            ( WDBNDRY_B 0 1.486e+03 1.249e+02 8.339e+01
s>                ( - 4.904e+02 1 0)
s>                ( - 8.711e+02 1 0))
s>            ( QUESTION1 1 9.131e+02 1.044e+02 5.244e+01
s>                ( - 6.274e+02 1 0)
s>                ( - 1.813e+02 1 0)))
s>        ( - 3.977e+03 2 0))INFO: dtree.c(1315): Comp split 19
INFO: dtree.c(1439): stop. leaf nodes are specific
INFO: dtree.c(1478): Final simple tree
|( QUESTION0_0_R 1 6.658e+03 1.818e+02 3.551e+02
|    ( QUESTION0_1_R 1 4.573e+03 1.260e+02 2.477e+02
|        ( - 5.428e+02 1 0)
|        ( - 3.904e+03 1 0))
|    ( QUESTION0_20_R 1 1.904e+03 1.267e+02 1.075e+02
|        ( - 5.206e+02 1 0)
|        ( - 1.256e+03 1 0)))
s>    ( QUESTION0_0_R 1 6.658e+03 1.818e+02 3.551e+02
s>        ( QUESTION0_1_R 1 4.573e+03 1.260e+02 2.477e+02
s>            ( - 5.428e+02 1 0)
s>            ( - 3.904e+03 1 0))
s>        ( QUESTION0_20_R 1 1.904e+03 1.267e+02 1.075e+02
s>            ( - 5.206e+02 1 0)
s>            ( - 1.256e+03 1 0)))INFO: dtree.c(1439): stop. leaf nodes are specific
INFO: dtree.c(1478): Final simple tree
|( QUESTION0_7_R 1 2.353e+04 2.163e+02 1.213e+03
|    ( - 1.350e+04 1 0)
|    ( - 9.818e+03 1 0))
s>    ( QUESTION0_7_R 1 2.353e+04 2.163e+02 1.213e+03
s>        ( - 1.350e+04 1 0)
s>        ( - 9.818e+03 1 0))INFO: dtree.c(1315): Comp split 20
INFO: dtree.c(1439): stop. leaf nodes are specific
INFO: dtree.c(1478): Final simple tree
|( QUESTION0_6_R 1 1.360e+03 1.699e+02 7.588e+01
|    ( - 5.871e+02 1 0)
|    ( WDBNDRY_E 0 6.028e+02 9.645e+01 3.637e+01
|        ( - 2.544e+02 1 0)
|        ( - 2.520e+02 1 0)))
s>    ( QUESTION0_6_R 1 1.360e+03 1.699e+02 7.588e+01
s>        ( - 5.871e+02 1 0)
s>        ( WDBNDRY_E 0 6.028e+02 9.645e+01 3.637e+01
s>            ( - 2.544e+02 1 0)
s>            ( - 2.520e+02 1 0)))INFO: dtree.c(1439): stop. leaf nodes are specific
INFO: dtree.c(1478): Final simple tree
|( WDBNDRY_E 0 2.418e+03 1.736e+02 1.258e+02
|    ( - 1.458e+03 2 0)
|    ( QUESTION0_1_R 1 7.871e+02 1.213e+02 4.602e+01
|        ( - 3.414e+02 1 0)
|        ( - 3.245e+02 1 0)))
s>    ( WDBNDRY_E 0 2.418e+03 1.736e+02 1.258e+02
s>        ( - 1.458e+03 2 0)
s>        ( QUESTION0_1_R 1 7.871e+02 1.213e+02 4.602e+01
s>            ( - 3.414e+02 1 0)
s>            ( - 3.245e+02 1 0)))INFO: dtree.c(1315): Comp split 21
INFO: dtree.c(1439): stop. leaf nodes are specific
INFO: dtree.c(1478): Final simple tree
|( QUESTION0_0_R 1 3.205e+03 2.068e+02 1.709e+02
|    ( - 2.160e+03 1 0)
|    ( QUESTION0_8_R 1 8.383e+02 1.172e+02 4.893e+01
|        ( - 4.147e+02 1 0)
|        ( - 3.064e+02 1 0)))
s>    ( QUESTION0_0_R 1 3.205e+03 2.068e+02 1.709e+02
s>        ( - 2.160e+03 1 0)
s>        ( QUESTION0_8_R 1 8.383e+02 1.172e+02 4.893e+01
s>            ( - 4.147e+02 1 0)
s>            ( - 3.064e+02 1 0)))INFO: dtree.c(1439): stop. leaf nodes are specific
INFO: dtree.c(1478): Final simple tree
|( WDBNDRY_B 0 1.287e+03 1.157e+02 7.764e+01
|    ( - 5.434e+02 1 0)
|    ( - 6.283e+02 1 0))
s>    ( WDBNDRY_B 0 1.287e+03 1.157e+02 7.764e+01
s>        ( - 5.434e+02 1 0)
s>        ( - 6.283e+02 1 0))INFO: dtree.c(1315): Comp split 22
INFO: dtree.c(1439): stop. leaf nodes are specific
INFO: dtree.c(1478): Final simple tree
|( QUESTION9 1 2.769e+03 1.943e+02 1.394e+02
|    ( QUESTION0_7_R 1 1.650e+03 1.541e+02 8.652e+01
|        ( - 5.971e+02 1 0)
|        ( QUESTION0_15_R 1 8.984e+02 1.021e+02 5.083e+01
|            ( - 3.715e+02 1 0)
|            ( - 4.249e+02 1 0)))
|    ( QUESTION0_7_R 1 9.247e+02 1.271e+02 5.288e+01
|        ( - 5.689e+02 1 0)
|        ( - 2.287e+02 1 0)))
s>    ( QUESTION9 1 2.769e+03 1.943e+02 1.394e+02
s>        ( QUESTION0_7_R 1 1.650e+03 1.541e+02 8.652e+01
s>            ( - 5.971e+02 1 0)
s>            ( QUESTION0_15_R 1 8.984e+02 1.021e+02 5.083e+01
s>                ( - 3.715e+02 1 0)
s>                ( - 4.249e+02 1 0)))
s>        ( QUESTION0_7_R 1 9.247e+02 1.271e+02 5.288e+01
s>            ( - 5.689e+02 1 0)
s>            ( - 2.287e+02 1 0)))INFO: dtree.c(1315): Comp split 23
INFO: dtree.c(1439): stop. leaf nodes are specific
INFO: dtree.c(1478): Final simple tree
|( QUESTION0_10_R 1 6.791e+03 2.062e+02 3.612e+02
|    ( - 2.416e+03 1 0)
|    ( - 4.168e+03 1 0))
s>    ( QUESTION0_10_R 1 6.791e+03 2.062e+02 3.612e+02
s>        ( - 2.416e+03 1 0)
s>        ( - 4.168e+03 1 0))INFO: dtree.c(1315): Comp split 24
INFO: dtree.c(1439): stop. leaf nodes are specific
INFO: dtree.c(1478): Final simple tree
|( QUESTION2_0_L -1 2.611e+03 2.114e+02 1.358e+02
|    ( WDBNDRY_B 0 1.486e+03 1.249e+02 8.339e+01
|        ( - 4.904e+02 1 0)
|        ( - 8.711e+02 1 0))
|    ( QUESTION1 1 9.131e+02 1.044e+02 5.244e+01
|        ( - 6.274e+02 1 0)
|        ( - 1.813e+02 1 0)))
s>    ( QUESTION2_0_L -1 2.611e+03 2.114e+02 1.358e+02
s>        ( WDBNDRY_B 0 1.486e+03 1.249e+02 8.339e+01
s>            ( - 4.904e+02 1 0)
s>            ( - 8.711e+02 1 0))
s>        ( QUESTION1 1 9.131e+02 1.044e+02 5.244e+01
s>            ( - 6.274e+02 1 0)
s>            ( - 1.813e+02 1 0)))INFO: dtree.c(1315): Comp split 25
INFO: dtree.c(1439): stop. leaf nodes are specific
INFO: dtree.c(1478): Final simple tree
|( QUESTION0_15_R 1 2.409e+03 1.579e+02 1.341e+02
|    ( WDBNDRY_E 0 1.324e+03 1.242e+02 7.998e+01
|        ( - 5.499e+02 1 0)
|        ( - 6.500e+02 1 0))
|    ( WDBNDRY_E 0 9.270e+02 1.174e+02 5.411e+01
|        ( - 6.120e+02 1 0)
|        ( - 1.976e+02 1 0)))
s>    ( QUESTION0_15_R 1 2.409e+03 1.579e+02 1.341e+02
s>        ( WDBNDRY_E 0 1.324e+03 1.242e+02 7.998e+01
s>            ( - 5.499e+02 1 0)
s>            ( - 6.500e+02 1 0))
s>        ( WDBNDRY_E 0 9.270e+02 1.174e+02 5.411e+01
s>            ( - 6.120e+02 1 0)
s>            ( - 1.976e+02 1 0)))INFO: dtree.c(1315): Comp split 26
INFO: dtree.c(1439): stop. leaf nodes are specific
INFO: dtree.c(1478): Final simple tree
|( QUESTION6 -1 5.459e+02 1.089e+02 3.395e+01
|    ( - 2.655e+02 1 0)
|    ( - 1.715e+02 1 0))
s>    ( QUESTION6 -1 5.459e+02 1.089e+02 3.395e+01
s>        ( - 2.655e+02 1 0)
s>        ( - 1.715e+02 1 0))INFO: dtree.c(1315): Comp split 27
INFO: dtree.c(1315): Comp split 28
INFO: dtree.c(1439): stop. leaf nodes are specific
INFO: dtree.c(1478): Final simple tree
|( QUESTION1 1 9.131e+02 1.044e+02 5.244e+01
|    ( - 6.274e+02 1 0)
|    ( - 1.813e+02 1 0))
s>    ( QUESTION1 1 9.131e+02 1.044e+02 5.244e+01
s>        ( - 6.274e+02 1 0)
s>        ( - 1.813e+02 1 0))INFO: dtree.c(1439): stop. leaf nodes are specific
INFO: dtree.c(1478): Final simple tree
|( WDBNDRY_B 0 1.486e+03 1.249e+02 8.339e+01
|    ( - 4.904e+02 1 0)
|    ( - 8.711e+02 1 0))
s>    ( WDBNDRY_B 0 1.486e+03 1.249e+02 8.339e+01
s>        ( - 4.904e+02 1 0)
s>        ( - 8.711e+02 1 0))INFO: dtree.c(1315): Comp split 29
INFO: dtree.c(1439): stop. leaf nodes are specific
INFO: dtree.c(1478): Final simple tree
|( QUESTION0_8_R 1 8.383e+02 1.172e+02 4.893e+01
|    ( - 4.147e+02 1 0)
|    ( - 3.064e+02 1 0))
s>    ( QUESTION0_8_R 1 8.383e+02 1.172e+02 4.893e+01
s>        ( - 4.147e+02 1 0)
s>        ( - 3.064e+02 1 0))INFO: dtree.c(1315): Comp split 30
INFO: dtree.c(1315): Comp split 31
INFO: dtree.c(1439): stop. leaf nodes are specific
INFO: dtree.c(1478): Final simple tree
|( QUESTION0_17_R 1 2.712e+04 1.428e+02 1.489e+03
|    ( - 2.537e+04 1 0)
|    ( - 1.610e+03 1 0))
s>    ( QUESTION0_17_R 1 2.712e+04 1.428e+02 1.489e+03
s>        ( - 2.537e+04 1 0)
s>        ( - 1.610e+03 1 0))INFO: dtree.c(1439): stop. leaf nodes are specific
INFO: dtree.c(1478): Final simple tree
|( QUESTION0_15_R 1 2.487e+03 1.509e+02 1.419e+02
|    ( - 1.327e+03 1 0)
|    ( - 1.009e+03 1 0))
s>    ( QUESTION0_15_R 1 2.487e+03 1.509e+02 1.419e+02
s>        ( - 1.327e+03 1 0)
s>        ( - 1.009e+03 1 0))INFO: dtree.c(1315): Comp split 32
INFO: dtree.c(1439): stop. leaf nodes are specific
INFO: dtree.c(1478): Final simple tree
|( QUESTION0_15_R 1 1.279e+03 9.059e+01 8.297e+01
|    ( - 1.004e+03 1 0)
|    ( - 1.848e+02 1 0))
s>    ( QUESTION0_15_R 1 1.279e+03 9.059e+01 8.297e+01
s>        ( - 1.004e+03 1 0)
s>        ( - 1.848e+02 1 0))INFO: dtree.c(1439): stop. leaf nodes are specific
INFO: dtree.c(1478): Final simple tree
|( QUESTION6 1 3.936e+03 1.679e+02 2.344e+02
|    ( QUESTION0_7_R 1 2.112e+03 9.393e+01 1.296e+02
|        ( - 3.748e+02 1 0)
|        ( - 1.643e+03 1 0))
|    ( - 1.656e+03 1 0))
s>    ( QUESTION6 1 3.936e+03 1.679e+02 2.344e+02
s>        ( QUESTION0_7_R 1 2.112e+03 9.393e+01 1.296e+02
s>            ( - 3.748e+02 1 0)
s>            ( - 1.643e+03 1 0))
s>        ( - 1.656e+03 1 0))INFO: dtree.c(1315): Comp split 33
INFO: dtree.c(1439): stop. leaf nodes are specific
INFO: dtree.c(1478): Final simple tree
|( QUESTION0_7_R 1 1.650e+03 1.541e+02 8.652e+01
|    ( - 5.971e+02 1 0)
|    ( QUESTION0_15_R 1 8.984e+02 1.021e+02 5.083e+01
|        ( - 3.715e+02 1 0)
|        ( - 4.249e+02 1 0)))
s>    ( QUESTION0_7_R 1 1.650e+03 1.541e+02 8.652e+01
s>        ( - 5.971e+02 1 0)
s>        ( QUESTION0_15_R 1 8.984e+02 1.021e+02 5.083e+01
s>            ( - 3.715e+02 1 0)
s>            ( - 4.249e+02 1 0)))INFO: dtree.c(1439): stop. leaf nodes are specific
INFO: dtree.c(1478): Final simple tree
|( QUESTION0_7_R 1 9.247e+02 1.271e+02 5.288e+01
|    ( - 5.689e+02 1 0)
|    ( - 2.287e+02 1 0))
s>    ( QUESTION0_7_R 1 9.247e+02 1.271e+02 5.288e+01
s>        ( - 5.689e+02 1 0)
s>        ( - 2.287e+02 1 0))INFO: dtree.c(1315): Comp split 34
INFO: dtree.c(1439): stop. leaf nodes are specific
INFO: dtree.c(1478): Final simple tree
|( QUESTION0_20_R 1 1.904e+03 1.267e+02 1.075e+02
|    ( - 5.206e+02 1 0)
|    ( - 1.256e+03 1 0))
s>    ( QUESTION0_20_R 1 1.904e+03 1.267e+02 1.075e+02
s>        ( - 5.206e+02 1 0)
s>        ( - 1.256e+03 1 0))INFO: dtree.c(1439): stop. leaf nodes are specific
INFO: dtree.c(1478): Final simple tree
|( QUESTION0_1_R 1 4.573e+03 1.260e+02 2.477e+02
|    ( - 5.428e+02 1 0)
|    ( - 3.904e+03 1 0))
s>    ( QUESTION0_1_R 1 4.573e+03 1.260e+02 2.477e+02
s>        ( - 5.428e+02 1 0)
s>        ( - 3.904e+03 1 0))INFO: dtree.c(1315): Comp split 35
INFO: dtree.c(1439): stop. leaf nodes are specific
INFO: dtree.c(1478): Final simple tree
|( QUESTION0_1_R 1 7.871e+02 1.213e+02 4.602e+01
|    ( - 3.414e+02 1 0)
|    ( - 3.245e+02 1 0))
s>    ( QUESTION0_1_R 1 7.871e+02 1.213e+02 4.602e+01
s>        ( - 3.414e+02 1 0)
s>        ( - 3.245e+02 1 0))INFO: dtree.c(1315): Comp split 36
INFO: dtree.c(1439): stop. leaf nodes are specific
INFO: dtree.c(1478): Final simple tree
|( WDBNDRY_E 0 6.028e+02 9.645e+01 3.637e+01
|    ( - 2.544e+02 1 0)
|    ( - 2.520e+02 1 0))
s>    ( WDBNDRY_E 0 6.028e+02 9.645e+01 3.637e+01
s>        ( - 2.544e+02 1 0)
s>        ( - 2.520e+02 1 0))INFO: dtree.c(1315): Comp split 37
INFO: dtree.c(1439): stop. leaf nodes are specific
INFO: dtree.c(1478): Final simple tree
|( QUESTION0_7_R 1 2.112e+03 9.393e+01 1.296e+02
|    ( - 3.748e+02 1 0)
|    ( - 1.643e+03 1 0))
s>    ( QUESTION0_7_R 1 2.112e+03 9.393e+01 1.296e+02
s>        ( - 3.748e+02 1 0)
s>        ( - 1.643e+03 1 0))INFO: dtree.c(1315): Comp split 38
INFO: dtree.c(1439): stop. leaf nodes are specific
INFO: dtree.c(1478): Final simple tree
|( WDBNDRY_E 0 1.384e+03 1.217e+02 8.219e+01
|    ( - 6.120e+02 1 0)
|    ( - 6.500e+02 1 0))
s>    ( WDBNDRY_E 0 1.384e+03 1.217e+02 8.219e+01
s>        ( - 6.120e+02 1 0)
s>        ( - 6.500e+02 1 0))INFO: dtree.c(1439): stop. leaf nodes are specific
INFO: dtree.c(1478): Final simple tree
|( WDBNDRY_E 0 8.650e+02 1.175e+02 5.190e+01
|    ( - 5.499e+02 1 0)
|    ( - 1.976e+02 1 0))
s>    ( WDBNDRY_E 0 8.650e+02 1.175e+02 5.190e+01
s>        ( - 5.499e+02 1 0)
s>        ( - 1.976e+02 1 0))INFO: dtree.c(1315): Comp split 39
INFO: dtree.c(1439): stop. leaf nodes are specific
INFO: dtree.c(1478): Final simple tree
|( QUESTION0_15_R 1 8.984e+02 1.021e+02 5.083e+01
|    ( - 3.715e+02 1 0)
|    ( - 4.249e+02 1 0))
s>    ( QUESTION0_15_R 1 8.984e+02 1.021e+02 5.083e+01
s>        ( - 3.715e+02 1 0)
s>        ( - 4.249e+02 1 0))INFO: dtree.c(1315): Comp split 40
INFO: dtree.c(1315): Comp split 41
INFO: dtree.c(1315): Comp split 42
INFO: dtree.c(1315): Comp split 43
INFO: dtree.c(1315): Comp split 44
INFO: dtree.c(1315): Comp split 45
INFO: dtree.c(1315): Comp split 46
INFO: dtree.c(1315): Comp split 47
INFO: dtree.c(1315): Comp split 48
INFO: dtree.c(1315): Comp split 49
INFO: dtree.c(1315): Comp split 50
INFO: dtree.c(1315): Comp split 51
INFO: dtree.c(1315): Comp split 52
INFO: dtree.c(1315): Comp split 53
INFO: dtree.c(1315): Comp split 54
INFO: dtree.c(1315): Comp split 55
INFO: dtree.c(1315): Comp split 56
INFO: dtree.c(1315): Comp split 57
INFO: dtree.c(1315): Comp split 58
INFO: dtree.c(1315): Comp split 59
INFO: dtree.c(1318): stop. leaf nodes are specific
Fri Dec  3 07:39:13 2021
