Current configuration:
[NAME]		[DEFLT]	[VALUE]
-allphones	no	no
-cntthresh	0.00001	1.000000e-05
-csplitmax	100	2000
-csplitmin	1	1
-csplitthr	8e-4	0.000000e+00
-example	no	no
-fullvar	no	no
-help		no	no
-meanfn			
-mixwfn			/home/azhar/Tubes_Speech/commandreminder/model_parameters/commandreminder.cd_ptm_untied/mixture_weights
-moddeffn		/home/azhar/Tubes_Speech/commandreminder/model_architecture/commandreminder.untied.mdef
-mwfloor	1e-4	1.000000e-08
-phone			L
-psetfn			/home/azhar/Tubes_Speech/commandreminder/model_architecture/commandreminder.tree_questions
-ssplitmax	5	7
-ssplitmin	1	1
-ssplitthr	8e-4	0.000000e+00
-state			0
-stwt			1.0,0.05,0.0,
-treefn			/home/azhar/Tubes_Speech/commandreminder/trees/commandreminder.unpruned/L-0.dtree
-ts2cbfn	.semi.	.semi.
-varfloor	0.00001	1.000000e-05
-varfn			

INFO: main.c(223): Reading: /home/azhar/Tubes_Speech/commandreminder/model_architecture/commandreminder.untied.mdef
INFO: model_def_io.c(573): Model definition info:
INFO: model_def_io.c(574): 1061 total models defined (31 base, 1030 tri)
INFO: model_def_io.c(575): 4244 total states
INFO: model_def_io.c(576): 3183 total tied states
INFO: model_def_io.c(577): 93 total tied CI states
INFO: model_def_io.c(578): 31 total tied transition matrices
INFO: model_def_io.c(579): 4 max state/model
INFO: model_def_io.c(580): 4 min state/model
INFO: main.c(242): Building trees for [L A A i] through [L U U i]
INFO: main.c(269): Covering states |[1743 1853]| == 111
INFO: main.c(275): Reading: /home/azhar/Tubes_Speech/commandreminder/model_parameters/commandreminder.cd_ptm_untied/mixture_weights
INFO: s3mixw_io.c(173): Read /home/azhar/Tubes_Speech/commandreminder/model_parameters/commandreminder.cd_ptm_untied/mixture_weights [111x4x64 array]
INFO: main.c(311): 37 of 37 models have observation count greater than 0.000010
INFO: main.c(95): nrm stwt: 0.952 0.048 0.000 
INFO: main.c(411): 37-class entropy: 6.828875e+04
INFO: main.c(549): Reading: /home/azhar/Tubes_Speech/commandreminder/model_architecture/commandreminder.tree_questions
INFO: main.c(588): 174 total simple questions (166 phone; 8 word bndry)
INFO: main.c(590): 40 Left Only questions, and 42 Right Only questions
INFO: dtree.c(1478): Final simple tree
|( QUESTION4 -1 8.782e+04 4.929e+03 4.100e+03
|    ( QUESTION0_0_R 1 2.347e+04 8.422e+02 1.253e+03
|        ( QUESTION0_1_R 1 1.932e+04 5.374e+02 1.071e+03
|            ( - 3.300e+03 2 0 QUESTION3 1 2.628e+02 1.932e+02)
|            ( - 1.549e+04 2 0))
|        ( - 3.310e+03 3 0 WDBNDRY_E 0 2.941e+02 1.820e+02))
|    ( WDBNDRY_E 0 5.941e+04 1.647e+03 2.847e+03
|        ( QUESTION1 -1 2.334e+04 1.023e+03 1.238e+03
|            ( - 1.797e+04 10 0 SILENCE 1 4.990e+02 9.812e+02)
|            ( - 4.341e+03 2 0 SILENCE 1 3.487e+02 2.564e+02))
|        ( QUESTION0_4_R 1 3.443e+04 1.379e+03 1.609e+03
|            ( - 1.567e+04 4 0 QUESTION1 -1 4.210e+02 7.680e+02)
|            ( QUESTION1 -1 1.738e+04 8.578e+02 8.411e+02
|                ( - 8.395e+03 7 0 QUESTION3 1 4.897e+02 4.444e+02)
|                ( - 8.123e+03 7 0 QUESTION2_6_L -1 5.187e+02 3.967e+02)))))
s>    ( QUESTION4 -1 8.782e+04 4.929e+03 4.100e+03
s>        ( QUESTION0_0_R 1 2.347e+04 8.422e+02 1.253e+03
s>            ( QUESTION0_1_R 1 1.932e+04 5.374e+02 1.071e+03
s>                ( - 3.300e+03 2 0 QUESTION3 1 2.628e+02 1.932e+02)
s>                ( - 1.549e+04 2 0))
s>            ( - 3.310e+03 3 0 WDBNDRY_E 0 2.941e+02 1.820e+02))
s>        ( WDBNDRY_E 0 5.941e+04 1.647e+03 2.847e+03
s>            ( QUESTION1 -1 2.334e+04 1.023e+03 1.238e+03
s>                ( - 1.797e+04 10 0 SILENCE 1 4.990e+02 9.812e+02)
s>                ( - 4.341e+03 2 0 SILENCE 1 3.487e+02 2.564e+02))
s>            ( QUESTION0_4_R 1 3.443e+04 1.379e+03 1.609e+03
s>                ( - 1.567e+04 4 0 QUESTION1 -1 4.210e+02 7.680e+02)
s>                ( QUESTION1 -1 1.738e+04 8.578e+02 8.411e+02
s>                    ( - 8.395e+03 7 0 QUESTION3 1 4.897e+02 4.444e+02)
s>                    ( - 8.123e+03 7 0 QUESTION2_6_L -1 5.187e+02 3.967e+02)))))INFO: dtree.c(1315): Comp split 0
INFO: dtree.c(1439): stop. leaf nodes are specific
INFO: dtree.c(1478): Final simple tree
|( QUESTION0_1_R 1 1.932e+04 5.374e+02 1.071e+03
|    ( QUESTION3 1 3.300e+03 2.628e+02 1.932e+02
|        ( - 2.167e+03 1 0)
|        ( - 8.694e+02 1 0))
|    ( - 1.549e+04 2 0))
s>    ( QUESTION0_1_R 1 1.932e+04 5.374e+02 1.071e+03
s>        ( QUESTION3 1 3.300e+03 2.628e+02 1.932e+02
s>            ( - 2.167e+03 1 0)
s>            ( - 8.694e+02 1 0))
s>        ( - 1.549e+04 2 0))INFO: dtree.c(1478): Final simple tree
|( QUESTION1 -1 6.350e+04 1.583e+03 3.029e+03
|    ( QUESTION0_4_R 1 4.218e+04 1.382e+03 2.087e+03
|        ( - 1.333e+04 2 0)
|        ( WDBNDRY_E 0 2.747e+04 1.099e+03 1.426e+03
|            ( SILENCE 1 1.797e+04 4.990e+02 9.812e+02
|                ( - 9.563e+02 1 0)
|                ( - 1.652e+04 9 0 QUESTION0_7_R 1 3.878e+02 9.100e+02))
|            ( - 8.395e+03 7 0 QUESTION3 1 4.897e+02 4.444e+02)))
|    ( QUESTION3 -1 1.974e+04 9.470e+02 9.414e+02
|        ( - 6.044e+03 4 0 SILENCE 1 4.044e+02 3.373e+02)
|        ( QUESTION0_0_R 1 1.275e+04 7.215e+02 6.041e+02
|            ( QUESTION3 1 8.718e+03 5.332e+02 4.221e+02
|                ( - 3.732e+03 3 0 WDBNDRY_B 0 2.980e+02 1.902e+02)
|                ( - 4.452e+03 4 0 WDBNDRY_B 0 3.352e+02 2.319e+02))
|            ( - 3.310e+03 3 0 WDBNDRY_E 0 2.941e+02 1.820e+02))))
s>    ( QUESTION1 -1 6.350e+04 1.583e+03 3.029e+03
s>        ( QUESTION0_4_R 1 4.218e+04 1.382e+03 2.087e+03
s>            ( - 1.333e+04 2 0)
s>            ( WDBNDRY_E 0 2.747e+04 1.099e+03 1.426e+03
s>                ( SILENCE 1 1.797e+04 4.990e+02 9.812e+02
s>                    ( - 9.563e+02 1 0)
s>                    ( - 1.652e+04 9 0 QUESTION0_7_R 1 3.878e+02 9.100e+02))
s>                ( - 8.395e+03 7 0 QUESTION3 1 4.897e+02 4.444e+02)))
s>        ( QUESTION3 -1 1.974e+04 9.470e+02 9.414e+02
s>            ( - 6.044e+03 4 0 SILENCE 1 4.044e+02 3.373e+02)
s>            ( QUESTION0_0_R 1 1.275e+04 7.215e+02 6.041e+02
s>                ( QUESTION3 1 8.718e+03 5.332e+02 4.221e+02
s>                    ( - 3.732e+03 3 0 WDBNDRY_B 0 2.980e+02 1.902e+02)
s>                    ( - 4.452e+03 4 0 WDBNDRY_B 0 3.352e+02 2.319e+02))
s>                ( - 3.310e+03 3 0 WDBNDRY_E 0 2.941e+02 1.820e+02))))INFO: dtree.c(1315): Comp split 1
INFO: dtree.c(1478): Final simple tree
|( WDBNDRY_E 0 2.601e+04 1.096e+03 1.354e+03
|    ( QUESTION0_7_R 1 1.652e+04 3.878e+02 9.100e+02
|        ( QUESTION7 1 8.922e+03 3.008e+02 5.111e+02
|            ( - 3.973e+03 1 0)
|            ( - 4.648e+03 3 0 QUESTION0_8_R 1 2.007e+02 2.699e+02))
|        ( QUESTION10 1 7.208e+03 3.201e+02 3.989e+02
|            ( - 3.708e+03 2 0 QUESTION0_15_R 1 1.983e+02 2.137e+02)
|            ( - 3.180e+03 3 0 QUESTION0_19_R 1 2.350e+02 1.853e+02)))
|    ( QUESTION3 1 8.395e+03 4.897e+02 4.444e+02
|        ( WDBNDRY_B 0 4.838e+03 2.543e+02 2.825e+02
|            ( - 1.332e+03 1 0)
|            ( - 3.252e+03 2 0))
|        ( WDBNDRY_B 0 3.067e+03 2.570e+02 1.619e+02
|            ( - 1.166e+03 2 0)
|            ( - 1.644e+03 2 0))))
s>    ( WDBNDRY_E 0 2.601e+04 1.096e+03 1.354e+03
s>        ( QUESTION0_7_R 1 1.652e+04 3.878e+02 9.100e+02
s>            ( QUESTION7 1 8.922e+03 3.008e+02 5.111e+02
s>                ( - 3.973e+03 1 0)
s>                ( - 4.648e+03 3 0 QUESTION0_8_R 1 2.007e+02 2.699e+02))
s>            ( QUESTION10 1 7.208e+03 3.201e+02 3.989e+02
s>                ( - 3.708e+03 2 0 QUESTION0_15_R 1 1.983e+02 2.137e+02)
s>                ( - 3.180e+03 3 0 QUESTION0_19_R 1 2.350e+02 1.853e+02)))
s>        ( QUESTION3 1 8.395e+03 4.897e+02 4.444e+02
s>            ( WDBNDRY_B 0 4.838e+03 2.543e+02 2.825e+02
s>                ( - 1.332e+03 1 0)
s>                ( - 3.252e+03 2 0))
s>            ( WDBNDRY_B 0 3.067e+03 2.570e+02 1.619e+02
s>                ( - 1.166e+03 2 0)
s>                ( - 1.644e+03 2 0))))INFO: dtree.c(1478): Final simple tree
|( QUESTION1 1 3.563e+04 1.264e+03 1.674e+03
|    ( QUESTION1 -1 1.672e+04 4.150e+02 8.162e+02
|        ( - 1.333e+04 2 0)
|        ( - 2.976e+03 3 0 WDBNDRY_E 0 3.169e+02 1.543e+02))
|    ( QUESTION3 -1 1.765e+04 8.751e+02 8.583e+02
|        ( SILENCE 1 5.376e+03 3.906e+02 3.071e+02
|            ( - 1.915e+03 1 0)
|            ( - 3.071e+03 2 0 WDBNDRY_E 0 2.402e+02 1.813e+02))
|        ( QUESTION0_1_R 1 1.140e+04 6.851e+02 5.512e+02
|            ( QUESTION3 1 6.630e+03 4.114e+02 3.311e+02
|                ( - 3.732e+03 3 0 WDBNDRY_B 0 2.980e+02 1.902e+02)
|                ( - 2.487e+03 2 0 WDBNDRY_B 0 1.710e+02 1.409e+02))
|            ( SILENCE 1 4.082e+03 4.177e+02 2.201e+02
|                ( - 9.563e+02 1 0)
|                ( - 2.708e+03 3 0 WDBNDRY_I 0 2.613e+02 1.489e+02)))))
s>    ( QUESTION1 1 3.563e+04 1.264e+03 1.674e+03
s>        ( QUESTION1 -1 1.672e+04 4.150e+02 8.162e+02
s>            ( - 1.333e+04 2 0)
s>            ( - 2.976e+03 3 0 WDBNDRY_E 0 3.169e+02 1.543e+02))
s>        ( QUESTION3 -1 1.765e+04 8.751e+02 8.583e+02
s>            ( SILENCE 1 5.376e+03 3.906e+02 3.071e+02
s>                ( - 1.915e+03 1 0)
s>                ( - 3.071e+03 2 0 WDBNDRY_E 0 2.402e+02 1.813e+02))
s>            ( QUESTION0_1_R 1 1.140e+04 6.851e+02 5.512e+02
s>                ( QUESTION3 1 6.630e+03 4.114e+02 3.311e+02
s>                    ( - 3.732e+03 3 0 WDBNDRY_B 0 2.980e+02 1.902e+02)
s>                    ( - 2.487e+03 2 0 WDBNDRY_B 0 1.710e+02 1.409e+02))
s>                ( SILENCE 1 4.082e+03 4.177e+02 2.201e+02
s>                    ( - 9.563e+02 1 0)
s>                    ( - 2.708e+03 3 0 WDBNDRY_I 0 2.613e+02 1.489e+02)))))INFO: dtree.c(1315): Comp split 2
INFO: dtree.c(1478): Final simple tree
|( QUESTION0 -1 1.281e+04 8.061e+02 6.382e+02
|    ( SILENCE 1 5.376e+03 3.906e+02 3.071e+02
|        ( - 1.915e+03 1 0)
|        ( WDBNDRY_E 0 3.071e+03 2.402e+02 1.813e+02
|            ( - 2.078e+03 1 0)
|            ( - 7.527e+02 1 0)))
|    ( QUESTION3 1 6.630e+03 4.114e+02 3.311e+02
|        ( WDBNDRY_B 0 3.732e+03 2.980e+02 1.902e+02
|            ( - 1.500e+03 1 0)
|            ( QUESTION7 -1 1.934e+03 1.734e+02 1.047e+02
|                ( - 3.349e+02 1 0)
|                ( - 1.426e+03 1 0)))
|        ( WDBNDRY_B 0 2.487e+03 1.710e+02 1.409e+02
|            ( - 2.272e+02 1 0)
|            ( - 2.088e+03 1 0))))
s>    ( QUESTION0 -1 1.281e+04 8.061e+02 6.382e+02
s>        ( SILENCE 1 5.376e+03 3.906e+02 3.071e+02
s>            ( - 1.915e+03 1 0)
s>            ( WDBNDRY_E 0 3.071e+03 2.402e+02 1.813e+02
s>                ( - 2.078e+03 1 0)
s>                ( - 7.527e+02 1 0)))
s>        ( QUESTION3 1 6.630e+03 4.114e+02 3.311e+02
s>            ( WDBNDRY_B 0 3.732e+03 2.980e+02 1.902e+02
s>                ( - 1.500e+03 1 0)
s>                ( QUESTION7 -1 1.934e+03 1.734e+02 1.047e+02
s>                    ( - 3.349e+02 1 0)
s>                    ( - 1.426e+03 1 0)))
s>            ( WDBNDRY_B 0 2.487e+03 1.710e+02 1.409e+02
s>                ( - 2.272e+02 1 0)
s>                ( - 2.088e+03 1 0))))INFO: dtree.c(1478): Final simple tree
|( QUESTION0_4_R 1 2.151e+04 7.669e+02 1.036e+03
|    ( QUESTION1 -1 1.567e+04 4.210e+02 7.680e+02
|        ( - 1.333e+04 2 0)
|        ( WDBNDRY_B 0 1.924e+03 1.978e+02 1.062e+02
|            ( - 1.278e+03 1 0)
|            ( - 4.480e+02 1 0)))
|    ( SILENCE 1 5.070e+03 4.326e+02 2.683e+02
|        ( - 9.563e+02 1 0)
|        ( WDBNDRY_E 0 3.681e+03 3.056e+02 1.971e+02
|            ( QUESTION0_7_R 1 1.502e+03 1.757e+02 8.873e+01
|                ( - 7.347e+02 1 0)
|                ( - 5.918e+02 1 0))
|            ( WDBNDRY_B 0 1.873e+03 1.497e+02 1.083e+02
|                ( - 2.098e+02 1 0)
|                ( - 1.514e+03 1 0)))))
s>    ( QUESTION0_4_R 1 2.151e+04 7.669e+02 1.036e+03
s>        ( QUESTION1 -1 1.567e+04 4.210e+02 7.680e+02
s>            ( - 1.333e+04 2 0)
s>            ( WDBNDRY_B 0 1.924e+03 1.978e+02 1.062e+02
s>                ( - 1.278e+03 1 0)
s>                ( - 4.480e+02 1 0)))
s>        ( SILENCE 1 5.070e+03 4.326e+02 2.683e+02
s>            ( - 9.563e+02 1 0)
s>            ( WDBNDRY_E 0 3.681e+03 3.056e+02 1.971e+02
s>                ( QUESTION0_7_R 1 1.502e+03 1.757e+02 8.873e+01
s>                    ( - 7.347e+02 1 0)
s>                    ( - 5.918e+02 1 0))
s>                ( WDBNDRY_B 0 1.873e+03 1.497e+02 1.083e+02
s>                    ( - 2.098e+02 1 0)
s>                    ( - 1.514e+03 1 0)))))INFO: dtree.c(1315): Comp split 3
INFO: dtree.c(1439): stop. leaf nodes are specific
INFO: dtree.c(1478): Final simple tree
|( QUESTION3 1 8.395e+03 4.897e+02 4.444e+02
|    ( WDBNDRY_B 0 4.838e+03 2.543e+02 2.825e+02
|        ( - 1.332e+03 1 0)
|        ( - 3.252e+03 2 0))
|    ( WDBNDRY_B 0 3.067e+03 2.570e+02 1.619e+02
|        ( - 1.166e+03 2 0)
|        ( - 1.644e+03 2 0)))
s>    ( QUESTION3 1 8.395e+03 4.897e+02 4.444e+02
s>        ( WDBNDRY_B 0 4.838e+03 2.543e+02 2.825e+02
s>            ( - 1.332e+03 1 0)
s>            ( - 3.252e+03 2 0))
s>        ( WDBNDRY_B 0 3.067e+03 2.570e+02 1.619e+02
s>            ( - 1.166e+03 2 0)
s>            ( - 1.644e+03 2 0)))INFO: dtree.c(1478): Final simple tree
|( QUESTION0_7_R 1 1.652e+04 3.878e+02 9.100e+02
|    ( QUESTION7 1 8.922e+03 3.008e+02 5.111e+02
|        ( - 3.973e+03 1 0)
|        ( QUESTION0_8_R 1 4.648e+03 2.007e+02 2.699e+02
|            ( - 5.841e+02 1 0)
|            ( - 3.863e+03 2 0)))
|    ( QUESTION10 1 7.208e+03 3.201e+02 3.989e+02
|        ( QUESTION0_15_R 1 3.708e+03 1.983e+02 2.137e+02
|            ( - 2.072e+03 1 0)
|            ( - 1.438e+03 1 0))
|        ( QUESTION0_19_R 1 3.180e+03 2.350e+02 1.853e+02
|            ( - 5.882e+02 1 0)
|            ( QUESTION0_0_R 1 2.357e+03 1.551e+02 1.457e+02
|                ( - 6.532e+02 1 0)
|                ( - 1.549e+03 1 0)))))
s>    ( QUESTION0_7_R 1 1.652e+04 3.878e+02 9.100e+02
s>        ( QUESTION7 1 8.922e+03 3.008e+02 5.111e+02
s>            ( - 3.973e+03 1 0)
s>            ( QUESTION0_8_R 1 4.648e+03 2.007e+02 2.699e+02
s>                ( - 5.841e+02 1 0)
s>                ( - 3.863e+03 2 0)))
s>        ( QUESTION10 1 7.208e+03 3.201e+02 3.989e+02
s>            ( QUESTION0_15_R 1 3.708e+03 1.983e+02 2.137e+02
s>                ( - 2.072e+03 1 0)
s>                ( - 1.438e+03 1 0))
s>            ( QUESTION0_19_R 1 3.180e+03 2.350e+02 1.853e+02
s>                ( - 5.882e+02 1 0)
s>                ( QUESTION0_0_R 1 2.357e+03 1.551e+02 1.457e+02
s>                    ( - 6.532e+02 1 0)
s>                    ( - 1.549e+03 1 0)))))INFO: dtree.c(1315): Comp split 4
INFO: dtree.c(1439): stop. leaf nodes are specific
INFO: dtree.c(1478): Final simple tree
|( QUESTION3 1 6.630e+03 4.114e+02 3.311e+02
|    ( WDBNDRY_B 0 3.732e+03 2.980e+02 1.902e+02
|        ( - 1.500e+03 1 0)
|        ( QUESTION7 -1 1.934e+03 1.734e+02 1.047e+02
|            ( - 3.349e+02 1 0)
|            ( - 1.426e+03 1 0)))
|    ( WDBNDRY_B 0 2.487e+03 1.710e+02 1.409e+02
|        ( - 2.272e+02 1 0)
|        ( - 2.088e+03 1 0)))
s>    ( QUESTION3 1 6.630e+03 4.114e+02 3.311e+02
s>        ( WDBNDRY_B 0 3.732e+03 2.980e+02 1.902e+02
s>            ( - 1.500e+03 1 0)
s>            ( QUESTION7 -1 1.934e+03 1.734e+02 1.047e+02
s>                ( - 3.349e+02 1 0)
s>                ( - 1.426e+03 1 0)))
s>        ( WDBNDRY_B 0 2.487e+03 1.710e+02 1.409e+02
s>            ( - 2.272e+02 1 0)
s>            ( - 2.088e+03 1 0)))INFO: dtree.c(1439): stop. leaf nodes are specific
INFO: dtree.c(1478): Final simple tree
|( SILENCE 1 5.376e+03 3.906e+02 3.071e+02
|    ( - 1.915e+03 1 0)
|    ( WDBNDRY_E 0 3.071e+03 2.402e+02 1.813e+02
|        ( - 2.078e+03 1 0)
|        ( - 7.527e+02 1 0)))
s>    ( SILENCE 1 5.376e+03 3.906e+02 3.071e+02
s>        ( - 1.915e+03 1 0)
s>        ( WDBNDRY_E 0 3.071e+03 2.402e+02 1.813e+02
s>            ( - 2.078e+03 1 0)
s>            ( - 7.527e+02 1 0)))INFO: dtree.c(1315): Comp split 5
INFO: dtree.c(1439): stop. leaf nodes are specific
INFO: dtree.c(1478): Final simple tree
|( WDBNDRY_E 0 3.681e+03 3.056e+02 1.971e+02
|    ( QUESTION0_7_R 1 1.502e+03 1.757e+02 8.873e+01
|        ( - 7.347e+02 1 0)
|        ( - 5.918e+02 1 0))
|    ( WDBNDRY_B 0 1.873e+03 1.497e+02 1.083e+02
|        ( - 2.098e+02 1 0)
|        ( - 1.514e+03 1 0)))
s>    ( WDBNDRY_E 0 3.681e+03 3.056e+02 1.971e+02
s>        ( QUESTION0_7_R 1 1.502e+03 1.757e+02 8.873e+01
s>            ( - 7.347e+02 1 0)
s>            ( - 5.918e+02 1 0))
s>        ( WDBNDRY_B 0 1.873e+03 1.497e+02 1.083e+02
s>            ( - 2.098e+02 1 0)
s>            ( - 1.514e+03 1 0)))INFO: dtree.c(1439): stop. leaf nodes are specific
INFO: dtree.c(1478): Final simple tree
|( QUESTION1 -1 1.705e+04 4.374e+02 8.392e+02
|    ( WDBNDRY_E 0 1.469e+04 4.018e+02 7.331e+02
|        ( - 9.563e+02 1 0)
|        ( - 1.333e+04 2 0))
|    ( WDBNDRY_B 0 1.924e+03 1.978e+02 1.062e+02
|        ( - 1.278e+03 1 0)
|        ( - 4.480e+02 1 0)))
s>    ( QUESTION1 -1 1.705e+04 4.374e+02 8.392e+02
s>        ( WDBNDRY_E 0 1.469e+04 4.018e+02 7.331e+02
s>            ( - 9.563e+02 1 0)
s>            ( - 1.333e+04 2 0))
s>        ( WDBNDRY_B 0 1.924e+03 1.978e+02 1.062e+02
s>            ( - 1.278e+03 1 0)
s>            ( - 4.480e+02 1 0)))INFO: dtree.c(1315): Comp split 6
INFO: dtree.c(1439): stop. leaf nodes are specific
INFO: dtree.c(1478): Final simple tree
|( QUESTION3 1 3.300e+03 2.628e+02 1.932e+02
|    ( - 2.167e+03 1 0)
|    ( - 8.694e+02 1 0))
s>    ( QUESTION3 1 3.300e+03 2.628e+02 1.932e+02
s>        ( - 2.167e+03 1 0)
s>        ( - 8.694e+02 1 0))INFO: dtree.c(1315): Comp split 7
INFO: dtree.c(1439): stop. leaf nodes are specific
INFO: dtree.c(1478): Final simple tree
|( WDBNDRY_B 0 3.067e+03 2.570e+02 1.619e+02
|    ( - 1.166e+03 2 0)
|    ( - 1.644e+03 2 0))
s>    ( WDBNDRY_B 0 3.067e+03 2.570e+02 1.619e+02
s>        ( - 1.166e+03 2 0)
s>        ( - 1.644e+03 2 0))INFO: dtree.c(1439): stop. leaf nodes are specific
INFO: dtree.c(1478): Final simple tree
|( WDBNDRY_B 0 4.838e+03 2.543e+02 2.825e+02
|    ( - 1.332e+03 1 0)
|    ( - 3.252e+03 2 0))
s>    ( WDBNDRY_B 0 4.838e+03 2.543e+02 2.825e+02
s>        ( - 1.332e+03 1 0)
s>        ( - 3.252e+03 2 0))INFO: dtree.c(1315): Comp split 8
INFO: dtree.c(1439): stop. leaf nodes are specific
INFO: dtree.c(1478): Final simple tree
|( QUESTION10 1 5.419e+03 2.418e+02 3.110e+02
|    ( QUESTION0_7_R 1 2.820e+03 1.645e+02 1.653e+02
|        ( - 5.841e+02 1 0)
|        ( - 2.072e+03 1 0))
|    ( QUESTION0_0_R 1 2.357e+03 1.551e+02 1.457e+02
|        ( - 6.532e+02 1 0)
|        ( - 1.549e+03 1 0)))
s>    ( QUESTION10 1 5.419e+03 2.418e+02 3.110e+02
s>        ( QUESTION0_7_R 1 2.820e+03 1.645e+02 1.653e+02
s>            ( - 5.841e+02 1 0)
s>            ( - 2.072e+03 1 0))
s>        ( QUESTION0_0_R 1 2.357e+03 1.551e+02 1.457e+02
s>            ( - 6.532e+02 1 0)
s>            ( - 1.549e+03 1 0)))INFO: dtree.c(1439): stop. leaf nodes are specific
INFO: dtree.c(1478): Final simple tree
|( QUESTION0_9_R 1 1.065e+04 3.197e+02 5.991e+02
|    ( - 3.863e+03 2 0)
|    ( QUESTION0_17_R 1 6.466e+03 2.482e+02 3.695e+02
|        ( - 1.438e+03 1 0)
|        ( QUESTION0_7_R 1 4.781e+03 2.190e+02 2.808e+02
|            ( - 3.973e+03 1 0)
|            ( - 5.882e+02 1 0))))
s>    ( QUESTION0_9_R 1 1.065e+04 3.197e+02 5.991e+02
s>        ( - 3.863e+03 2 0)
s>        ( QUESTION0_17_R 1 6.466e+03 2.482e+02 3.695e+02
s>            ( - 1.438e+03 1 0)
s>            ( QUESTION0_7_R 1 4.781e+03 2.190e+02 2.808e+02
s>                ( - 3.973e+03 1 0)
s>                ( - 5.882e+02 1 0))))INFO: dtree.c(1315): Comp split 9
INFO: dtree.c(1439): stop. leaf nodes are specific
INFO: dtree.c(1478): Final simple tree
|( WDBNDRY_B 0 1.924e+03 1.978e+02 1.062e+02
|    ( - 1.278e+03 1 0)
|    ( - 4.480e+02 1 0))
s>    ( WDBNDRY_B 0 1.924e+03 1.978e+02 1.062e+02
s>        ( - 1.278e+03 1 0)
s>        ( - 4.480e+02 1 0))INFO: dtree.c(1439): stop. leaf nodes are specific
INFO: dtree.c(1478): Final simple tree
|( WDBNDRY_E 0 1.469e+04 4.018e+02 7.331e+02
|    ( - 9.563e+02 1 0)
|    ( - 1.333e+04 2 0))
s>    ( WDBNDRY_E 0 1.469e+04 4.018e+02 7.331e+02
s>        ( - 9.563e+02 1 0)
s>        ( - 1.333e+04 2 0))INFO: dtree.c(1315): Comp split 10
INFO: dtree.c(1439): stop. leaf nodes are specific
INFO: dtree.c(1478): Final simple tree
|( QUESTION9 -1 3.025e+03 2.676e+02 1.657e+02
|    ( - 2.088e+03 1 0)
|    ( WDBNDRY_B 0 6.693e+02 1.073e+02 4.258e+01
|        ( - 2.272e+02 1 0)
|        ( - 3.349e+02 1 0)))
s>    ( QUESTION9 -1 3.025e+03 2.676e+02 1.657e+02
s>        ( - 2.088e+03 1 0)
s>        ( WDBNDRY_B 0 6.693e+02 1.073e+02 4.258e+01
s>            ( - 2.272e+02 1 0)
s>            ( - 3.349e+02 1 0)))INFO: dtree.c(1439): stop. leaf nodes are specific
INFO: dtree.c(1478): Final simple tree
|( WDBNDRY_B 0 3.191e+03 2.645e+02 1.654e+02
|    ( - 1.500e+03 1 0)
|    ( - 1.426e+03 1 0))
s>    ( WDBNDRY_B 0 3.191e+03 2.645e+02 1.654e+02
s>        ( - 1.500e+03 1 0)
s>        ( - 1.426e+03 1 0))INFO: dtree.c(1315): Comp split 11
INFO: dtree.c(1315): Comp split 12
INFO: dtree.c(1439): stop. leaf nodes are specific
INFO: dtree.c(1478): Final simple tree
|( WDBNDRY_E 0 3.071e+03 2.402e+02 1.813e+02
|    ( - 2.078e+03 1 0)
|    ( - 7.527e+02 1 0))
s>    ( WDBNDRY_E 0 3.071e+03 2.402e+02 1.813e+02
s>        ( - 2.078e+03 1 0)
s>        ( - 7.527e+02 1 0))INFO: dtree.c(1315): Comp split 13
INFO: dtree.c(1439): stop. leaf nodes are specific
INFO: dtree.c(1478): Final simple tree
|( QUESTION0_7_R 1 5.645e+03 2.346e+02 3.298e+02
|    ( - 3.973e+03 1 0)
|    ( - 1.438e+03 1 0))
s>    ( QUESTION0_7_R 1 5.645e+03 2.346e+02 3.298e+02
s>        ( - 3.973e+03 1 0)
s>        ( - 1.438e+03 1 0))INFO: dtree.c(1439): stop. leaf nodes are specific
INFO: dtree.c(1478): Final simple tree
|( QUESTION0_7_R 1 4.680e+03 2.285e+02 2.693e+02
|    ( - 3.863e+03 2 0)
|    ( - 5.882e+02 1 0))
s>    ( QUESTION0_7_R 1 4.680e+03 2.285e+02 2.693e+02
s>        ( - 3.863e+03 2 0)
s>        ( - 5.882e+02 1 0))INFO: dtree.c(1315): Comp split 14
INFO: dtree.c(1439): stop. leaf nodes are specific
INFO: dtree.c(1478): Final simple tree
|( WDBNDRY_B 0 1.873e+03 1.497e+02 1.083e+02
|    ( - 2.098e+02 1 0)
|    ( - 1.514e+03 1 0))
s>    ( WDBNDRY_B 0 1.873e+03 1.497e+02 1.083e+02
s>        ( - 2.098e+02 1 0)
s>        ( - 1.514e+03 1 0))INFO: dtree.c(1439): stop. leaf nodes are specific
INFO: dtree.c(1478): Final simple tree
|( QUESTION0_7_R 1 1.502e+03 1.757e+02 8.873e+01
|    ( - 7.347e+02 1 0)
|    ( - 5.918e+02 1 0))
s>    ( QUESTION0_7_R 1 1.502e+03 1.757e+02 8.873e+01
s>        ( - 7.347e+02 1 0)
s>        ( - 5.918e+02 1 0))INFO: dtree.c(1315): Comp split 15
INFO: dtree.c(1439): stop. leaf nodes are specific
INFO: dtree.c(1478): Final simple tree
|( WDBNDRY_B 0 6.693e+02 1.073e+02 4.258e+01
|    ( - 2.272e+02 1 0)
|    ( - 3.349e+02 1 0))
s>    ( WDBNDRY_B 0 6.693e+02 1.073e+02 4.258e+01
s>        ( - 2.272e+02 1 0)
s>        ( - 3.349e+02 1 0))INFO: dtree.c(1315): Comp split 16
INFO: dtree.c(1315): Comp split 17
INFO: dtree.c(1315): Comp split 18
INFO: dtree.c(1315): Comp split 19
INFO: dtree.c(1315): Comp split 20
INFO: dtree.c(1439): stop. leaf nodes are specific
INFO: dtree.c(1478): Final simple tree
|( QUESTION0_0_R 1 2.882e+03 1.566e+02 1.691e+02
|    ( - 6.532e+02 1 0)
|    ( - 2.072e+03 1 0))
s>    ( QUESTION0_0_R 1 2.882e+03 1.566e+02 1.691e+02
s>        ( - 6.532e+02 1 0)
s>        ( - 2.072e+03 1 0))INFO: dtree.c(1439): stop. leaf nodes are specific
INFO: dtree.c(1478): Final simple tree
|( QUESTION0_7_R 1 2.290e+03 1.570e+02 1.419e+02
|    ( - 5.841e+02 1 0)
|    ( - 1.549e+03 1 0))
s>    ( QUESTION0_7_R 1 2.290e+03 1.570e+02 1.419e+02
s>        ( - 5.841e+02 1 0)
s>        ( - 1.549e+03 1 0))INFO: dtree.c(1315): Comp split 21
INFO: dtree.c(1315): Comp split 22
INFO: dtree.c(1315): Comp split 23
INFO: dtree.c(1315): Comp split 24
INFO: dtree.c(1315): Comp split 25
INFO: dtree.c(1315): Comp split 26
INFO: dtree.c(1315): Comp split 27
INFO: dtree.c(1315): Comp split 28
INFO: dtree.c(1315): Comp split 29
INFO: dtree.c(1315): Comp split 30
INFO: dtree.c(1318): stop. leaf nodes are specific
Fri Dec  3 07:39:10 2021
