Current configuration:
[NAME]		[DEFLT]	[VALUE]
-allphones	no	no
-cntthresh	0.00001	1.000000e-05
-csplitmax	100	2000
-csplitmin	1	1
-csplitthr	8e-4	0.000000e+00
-example	no	no
-fullvar	no	no
-help		no	no
-meanfn			
-mixwfn			/home/azhar/Tubes_Speech/commandreminder/model_parameters/commandreminder.cd_ptm_untied/mixture_weights
-moddeffn		/home/azhar/Tubes_Speech/commandreminder/model_architecture/commandreminder.untied.mdef
-mwfloor	1e-4	1.000000e-08
-phone			F
-psetfn			/home/azhar/Tubes_Speech/commandreminder/model_architecture/commandreminder.tree_questions
-ssplitmax	5	7
-ssplitmin	1	1
-ssplitthr	8e-4	0.000000e+00
-state			2
-stwt			1.0,0.05,0.0,
-treefn			/home/azhar/Tubes_Speech/commandreminder/trees/commandreminder.unpruned/F-2.dtree
-ts2cbfn	.semi.	.semi.
-varfloor	0.00001	1.000000e-05
-varfn			

INFO: main.c(223): Reading: /home/azhar/Tubes_Speech/commandreminder/model_architecture/commandreminder.untied.mdef
INFO: model_def_io.c(573): Model definition info:
INFO: model_def_io.c(574): 1061 total models defined (31 base, 1030 tri)
INFO: model_def_io.c(575): 4244 total states
INFO: model_def_io.c(576): 3183 total tied states
INFO: model_def_io.c(577): 93 total tied CI states
INFO: model_def_io.c(578): 31 total tied transition matrices
INFO: model_def_io.c(579): 4 max state/model
INFO: model_def_io.c(580): 4 min state/model
INFO: main.c(242): Building trees for [F A EE b] through [F U EE b]
INFO: main.c(269): Covering states |[1053 1088]| == 36
INFO: main.c(275): Reading: /home/azhar/Tubes_Speech/commandreminder/model_parameters/commandreminder.cd_ptm_untied/mixture_weights
INFO: s3mixw_io.c(173): Read /home/azhar/Tubes_Speech/commandreminder/model_parameters/commandreminder.cd_ptm_untied/mixture_weights [36x4x64 array]
INFO: main.c(311): 12 of 12 models have observation count greater than 0.000010
INFO: main.c(95): nrm stwt: 0.000 0.048 0.952 
INFO: main.c(411): 12-class entropy: 1.293966e+04
INFO: main.c(549): Reading: /home/azhar/Tubes_Speech/commandreminder/model_architecture/commandreminder.tree_questions
INFO: main.c(588): 174 total simple questions (166 phone; 8 word bndry)
INFO: main.c(590): 40 Left Only questions, and 42 Right Only questions
INFO: dtree.c(1478): Final simple tree
|( QUESTION4 -1 1.631e+04 8.052e+02 7.765e+02
|    ( WDBNDRY_B 0 6.592e+03 3.064e+02 3.478e+02
|        ( - 9.524e+02 1 0)
|        ( - 5.333e+03 1 0))
|    ( QUESTION1 1 8.917e+03 5.685e+02 4.287e+02
|        ( QUESTION2_6_L -1 6.534e+03 4.581e+02 3.294e+02
|            ( WDBNDRY_B 0 2.776e+03 2.867e+02 1.493e+02
|                ( - 1.192e+03 2 0 QUESTION0 -1 1.273e+02 6.835e+01)
|                ( QUESTION0_3_R 1 1.297e+03 1.967e+02 8.095e+01
|                    ( - 4.543e+02 1 0)
|                    ( - 6.464e+02 1 0)))
|            ( - 3.299e+03 2 0 QUESTION0 -1 1.686e+02 1.801e+02))
|        ( QUESTION3 1 1.815e+03 2.668e+02 9.932e+01
|            ( - 9.792e+02 2 0 QUESTION0 -1 1.134e+02 5.932e+01)
|            ( - 5.694e+02 2 0 QUESTION0_1_R 1 7.706e+01 4.001e+01))))
s>    ( QUESTION4 -1 1.631e+04 8.052e+02 7.765e+02
s>        ( WDBNDRY_B 0 6.592e+03 3.064e+02 3.478e+02
s>            ( - 9.524e+02 1 0)
s>            ( - 5.333e+03 1 0))
s>        ( QUESTION1 1 8.917e+03 5.685e+02 4.287e+02
s>            ( QUESTION2_6_L -1 6.534e+03 4.581e+02 3.294e+02
s>                ( WDBNDRY_B 0 2.776e+03 2.867e+02 1.493e+02
s>                    ( - 1.192e+03 2 0 QUESTION0 -1 1.273e+02 6.835e+01)
s>                    ( QUESTION0_3_R 1 1.297e+03 1.967e+02 8.095e+01
s>                        ( - 4.543e+02 1 0)
s>                        ( - 6.464e+02 1 0)))
s>                ( - 3.299e+03 2 0 QUESTION0 -1 1.686e+02 1.801e+02))
s>            ( QUESTION3 1 1.815e+03 2.668e+02 9.932e+01
s>                ( - 9.792e+02 2 0 QUESTION0 -1 1.134e+02 5.932e+01)
s>                ( - 5.694e+02 2 0 QUESTION0_1_R 1 7.706e+01 4.001e+01))))INFO: dtree.c(1315): Comp split 0
INFO: dtree.c(1439): stop. leaf nodes are specific
INFO: dtree.c(1478): Final simple tree
|( WDBNDRY_B 0 3.539e+03 4.266e+02 1.803e+02
|    ( QUESTION3 1 1.815e+03 2.668e+02 9.932e+01
|        ( QUESTION0 -1 9.792e+02 1.134e+02 5.932e+01
|            ( - 5.403e+02 1 0)
|            ( - 3.255e+02 1 0))
|        ( QUESTION0_1_R 1 5.694e+02 7.706e+01 4.001e+01
|            ( - 1.440e+02 1 0)
|            ( - 3.484e+02 1 0)))
|    ( QUESTION0_3_R 1 1.297e+03 1.967e+02 8.095e+01
|        ( - 4.543e+02 1 0)
|        ( - 6.464e+02 1 0)))
s>    ( WDBNDRY_B 0 3.539e+03 4.266e+02 1.803e+02
s>        ( QUESTION3 1 1.815e+03 2.668e+02 9.932e+01
s>            ( QUESTION0 -1 9.792e+02 1.134e+02 5.932e+01
s>                ( - 5.403e+02 1 0)
s>                ( - 3.255e+02 1 0))
s>            ( QUESTION0_1_R 1 5.694e+02 7.706e+01 4.001e+01
s>                ( - 1.440e+02 1 0)
s>                ( - 3.484e+02 1 0)))
s>        ( QUESTION0_3_R 1 1.297e+03 1.967e+02 8.095e+01
s>            ( - 4.543e+02 1 0)
s>            ( - 6.464e+02 1 0)))INFO: dtree.c(1439): stop. leaf nodes are specific
INFO: dtree.c(1478): Final simple tree
|( WDBNDRY_B 0 1.190e+04 6.454e+02 5.963e+02
|    ( QUESTION2_6_L -1 5.917e+03 2.983e+02 3.046e+02
|        ( QUESTION4 -1 2.319e+03 1.749e+02 1.245e+02
|            ( - 9.524e+02 1 0)
|            ( QUESTION0 -1 1.192e+03 1.273e+02 6.835e+01
|                ( - 3.010e+02 1 0)
|                ( - 7.638e+02 1 0)))
|        ( QUESTION0 -1 3.299e+03 1.686e+02 1.801e+02
|            ( - 1.565e+03 1 0)
|            ( - 1.566e+03 1 0)))
|    ( - 5.333e+03 1 0))
s>    ( WDBNDRY_B 0 1.190e+04 6.454e+02 5.963e+02
s>        ( QUESTION2_6_L -1 5.917e+03 2.983e+02 3.046e+02
s>            ( QUESTION4 -1 2.319e+03 1.749e+02 1.245e+02
s>                ( - 9.524e+02 1 0)
s>                ( QUESTION0 -1 1.192e+03 1.273e+02 6.835e+01
s>                    ( - 3.010e+02 1 0)
s>                    ( - 7.638e+02 1 0)))
s>            ( QUESTION0 -1 3.299e+03 1.686e+02 1.801e+02
s>                ( - 1.565e+03 1 0)
s>                ( - 1.566e+03 1 0)))
s>        ( - 5.333e+03 1 0))INFO: dtree.c(1315): Comp split 1
INFO: dtree.c(1439): stop. leaf nodes are specific
INFO: dtree.c(1478): Final simple tree
|( WDBNDRY_B 0 5.799e+03 1.651e+02 3.129e+02
|    ( - 3.010e+02 1 0)
|    ( - 5.333e+03 1 0))
s>    ( WDBNDRY_B 0 5.799e+03 1.651e+02 3.129e+02
s>        ( - 3.010e+02 1 0)
s>        ( - 5.333e+03 1 0))INFO: dtree.c(1439): stop. leaf nodes are specific
INFO: dtree.c(1478): Final simple tree
|( QUESTION2_6_L -1 5.437e+03 2.587e+02 2.833e+02
|    ( QUESTION0 -1 1.878e+03 1.622e+02 1.032e+02
|        ( - 9.524e+02 1 0)
|        ( - 7.638e+02 1 0))
|    ( QUESTION0 -1 3.299e+03 1.686e+02 1.801e+02
|        ( - 1.565e+03 1 0)
|        ( - 1.566e+03 1 0)))
s>    ( QUESTION2_6_L -1 5.437e+03 2.587e+02 2.833e+02
s>        ( QUESTION0 -1 1.878e+03 1.622e+02 1.032e+02
s>            ( - 9.524e+02 1 0)
s>            ( - 7.638e+02 1 0))
s>        ( QUESTION0 -1 3.299e+03 1.686e+02 1.801e+02
s>            ( - 1.565e+03 1 0)
s>            ( - 1.566e+03 1 0)))INFO: dtree.c(1315): Comp split 2
INFO: dtree.c(1439): stop. leaf nodes are specific
INFO: dtree.c(1478): Final simple tree
|( QUESTION3 1 1.815e+03 2.668e+02 9.932e+01
|    ( QUESTION0 -1 9.792e+02 1.134e+02 5.932e+01
|        ( - 5.403e+02 1 0)
|        ( - 3.255e+02 1 0))
|    ( QUESTION0_1_R 1 5.694e+02 7.706e+01 4.001e+01
|        ( - 1.440e+02 1 0)
|        ( - 3.484e+02 1 0)))
s>    ( QUESTION3 1 1.815e+03 2.668e+02 9.932e+01
s>        ( QUESTION0 -1 9.792e+02 1.134e+02 5.932e+01
s>            ( - 5.403e+02 1 0)
s>            ( - 3.255e+02 1 0))
s>        ( QUESTION0_1_R 1 5.694e+02 7.706e+01 4.001e+01
s>            ( - 1.440e+02 1 0)
s>            ( - 3.484e+02 1 0)))INFO: dtree.c(1439): stop. leaf nodes are specific
INFO: dtree.c(1478): Final simple tree
|( QUESTION0_3_R 1 1.297e+03 1.967e+02 8.095e+01
|    ( - 4.543e+02 1 0)
|    ( - 6.464e+02 1 0))
s>    ( QUESTION0_3_R 1 1.297e+03 1.967e+02 8.095e+01
s>        ( - 4.543e+02 1 0)
s>        ( - 6.464e+02 1 0))INFO: dtree.c(1315): Comp split 3
INFO: dtree.c(1439): stop. leaf nodes are specific
INFO: dtree.c(1478): Final simple tree
|( QUESTION0_1_R 1 5.694e+02 7.706e+01 4.001e+01
|    ( - 1.440e+02 1 0)
|    ( - 3.484e+02 1 0))
s>    ( QUESTION0_1_R 1 5.694e+02 7.706e+01 4.001e+01
s>        ( - 1.440e+02 1 0)
s>        ( - 3.484e+02 1 0))INFO: dtree.c(1439): stop. leaf nodes are specific
INFO: dtree.c(1478): Final simple tree
|( QUESTION0 -1 9.792e+02 1.134e+02 5.932e+01
|    ( - 5.403e+02 1 0)
|    ( - 3.255e+02 1 0))
s>    ( QUESTION0 -1 9.792e+02 1.134e+02 5.932e+01
s>        ( - 5.403e+02 1 0)
s>        ( - 3.255e+02 1 0))INFO: dtree.c(1315): Comp split 4
INFO: dtree.c(1439): stop. leaf nodes are specific
INFO: dtree.c(1478): Final simple tree
|( QUESTION0 -1 3.299e+03 1.686e+02 1.801e+02
|    ( - 1.565e+03 1 0)
|    ( - 1.566e+03 1 0))
s>    ( QUESTION0 -1 3.299e+03 1.686e+02 1.801e+02
s>        ( - 1.565e+03 1 0)
s>        ( - 1.566e+03 1 0))INFO: dtree.c(1439): stop. leaf nodes are specific
INFO: dtree.c(1478): Final simple tree
|( QUESTION0 -1 1.878e+03 1.622e+02 1.032e+02
|    ( - 9.524e+02 1 0)
|    ( - 7.638e+02 1 0))
s>    ( QUESTION0 -1 1.878e+03 1.622e+02 1.032e+02
s>        ( - 9.524e+02 1 0)
s>        ( - 7.638e+02 1 0))INFO: dtree.c(1315): Comp split 5
INFO: dtree.c(1315): Comp split 6
INFO: dtree.c(1315): Comp split 7
INFO: dtree.c(1315): Comp split 8
INFO: dtree.c(1315): Comp split 9
INFO: dtree.c(1315): Comp split 10
INFO: dtree.c(1315): Comp split 11
INFO: dtree.c(1318): stop. leaf nodes are specific
Fri Dec  3 07:39:04 2021
