Current configuration:
[NAME]		[DEFLT]	[VALUE]
-allphones	no	no
-cntthresh	0.00001	1.000000e-05
-csplitmax	100	2000
-csplitmin	1	1
-csplitthr	8e-4	0.000000e+00
-example	no	no
-fullvar	no	no
-help		no	no
-meanfn			
-mixwfn			/home/azhar/Tubes_Speech/commandreminder/model_parameters/commandreminder.cd_ptm_untied/mixture_weights
-moddeffn		/home/azhar/Tubes_Speech/commandreminder/model_architecture/commandreminder.untied.mdef
-mwfloor	1e-4	1.000000e-08
-phone			E
-psetfn			/home/azhar/Tubes_Speech/commandreminder/model_architecture/commandreminder.tree_questions
-ssplitmax	5	7
-ssplitmin	1	1
-ssplitthr	8e-4	0.000000e+00
-state			1
-stwt			1.0,0.05,0.0,
-treefn			/home/azhar/Tubes_Speech/commandreminder/trees/commandreminder.unpruned/E-1.dtree
-ts2cbfn	.semi.	.semi.
-varfloor	0.00001	1.000000e-05
-varfn			

INFO: main.c(223): Reading: /home/azhar/Tubes_Speech/commandreminder/model_architecture/commandreminder.untied.mdef
INFO: model_def_io.c(573): Model definition info:
INFO: model_def_io.c(574): 1061 total models defined (31 base, 1030 tri)
INFO: model_def_io.c(575): 4244 total states
INFO: model_def_io.c(576): 3183 total tied states
INFO: model_def_io.c(577): 93 total tied CI states
INFO: model_def_io.c(578): 31 total tied transition matrices
INFO: model_def_io.c(579): 4 max state/model
INFO: model_def_io.c(580): 4 min state/model
INFO: main.c(242): Building trees for [E A M b] through [E T R i]
INFO: main.c(269): Covering states |[837 986]| == 150
INFO: main.c(275): Reading: /home/azhar/Tubes_Speech/commandreminder/model_parameters/commandreminder.cd_ptm_untied/mixture_weights
INFO: s3mixw_io.c(173): Read /home/azhar/Tubes_Speech/commandreminder/model_parameters/commandreminder.cd_ptm_untied/mixture_weights [150x4x64 array]
INFO: main.c(311): 50 of 50 models have observation count greater than 0.000010
INFO: main.c(95): nrm stwt: 0.045 0.909 0.045 
INFO: main.c(411): 50-class entropy: 5.258174e+04
INFO: main.c(549): Reading: /home/azhar/Tubes_Speech/commandreminder/model_architecture/commandreminder.tree_questions
INFO: main.c(588): 174 total simple questions (166 phone; 8 word bndry)
INFO: main.c(590): 40 Left Only questions, and 42 Right Only questions
INFO: dtree.c(1478): Final simple tree
|( QUESTION2_14_L -1 7.309e+04 3.688e+03 3.191e+03
|    ( QUESTION0_17_R 1 1.341e+04 8.482e+02 7.157e+02
|        ( - 9.610e+03 2 0)
|        ( - 2.949e+03 4 0 QUESTION0_16_R 1 2.742e+02 1.525e+02))
|    ( QUESTION0_18_R 1 5.600e+04 2.203e+03 2.476e+03
|        ( QUESTION0_19_R 1 2.058e+04 1.110e+03 9.665e+02
|            ( - 1.380e+04 5 0 QUESTION11 -1 5.326e+02 6.931e+02)
|            ( - 5.670e+03 6 0 QUESTION16 -1 3.899e+02 2.734e+02))
|        ( QUESTION11 -1 3.321e+04 1.333e+03 1.509e+03
|            ( - 7.683e+03 4 0 QUESTION0_8_R 1 7.177e+02 4.080e+02)
|            ( QUESTION2_9_L -1 2.420e+04 1.041e+03 1.101e+03
|                ( - 1.281e+04 18 0 QUESTION0_16_R 1 7.282e+02 6.195e+02)
|                ( QUESTION16 -1 1.035e+04 8.104e+02 4.818e+02
|                    ( - 4.951e+03 4 0 QUESTION0_15_R 1 3.095e+02 2.530e+02)
|                    ( - 4.587e+03 7 0 QUESTION0_16_R 1 3.627e+02 2.287e+02))))))
s>    ( QUESTION2_14_L -1 7.309e+04 3.688e+03 3.191e+03
s>        ( QUESTION0_17_R 1 1.341e+04 8.482e+02 7.157e+02
s>            ( - 9.610e+03 2 0)
s>            ( - 2.949e+03 4 0 QUESTION0_16_R 1 2.742e+02 1.525e+02))
s>        ( QUESTION0_18_R 1 5.600e+04 2.203e+03 2.476e+03
s>            ( QUESTION0_19_R 1 2.058e+04 1.110e+03 9.665e+02
s>                ( - 1.380e+04 5 0 QUESTION11 -1 5.326e+02 6.931e+02)
s>                ( - 5.670e+03 6 0 QUESTION16 -1 3.899e+02 2.734e+02))
s>            ( QUESTION11 -1 3.321e+04 1.333e+03 1.509e+03
s>                ( - 7.683e+03 4 0 QUESTION0_8_R 1 7.177e+02 4.080e+02)
s>                ( QUESTION2_9_L -1 2.420e+04 1.041e+03 1.101e+03
s>                    ( - 1.281e+04 18 0 QUESTION0_16_R 1 7.282e+02 6.195e+02)
s>                    ( QUESTION16 -1 1.035e+04 8.104e+02 4.818e+02
s>                        ( - 4.951e+03 4 0 QUESTION0_15_R 1 3.095e+02 2.530e+02)
s>                        ( - 4.587e+03 7 0 QUESTION0_16_R 1 3.627e+02 2.287e+02))))))INFO: dtree.c(1315): Comp split 0
INFO: dtree.c(1478): Final simple tree
|( QUESTION0_18_R 1 5.964e+04 2.223e+03 2.628e+03
|    ( QUESTION0_19_R 1 2.177e+04 1.148e+03 1.017e+03
|        ( - 1.408e+04 6 0 QUESTION11 -1 5.188e+02 7.061e+02)
|        ( - 6.538e+03 7 0 QUESTION16 -1 4.192e+02 3.113e+02))
|    ( QUESTION2_12_L -1 3.564e+04 1.420e+03 1.611e+03
|        ( QUESTION0_7_R 1 1.127e+04 9.604e+02 5.846e+02
|            ( - 4.785e+03 2 0 QUESTION7 -1 1.146e+02 2.879e+02)
|            ( QUESTION11 -1 5.526e+03 6.670e+02 2.967e+02
|                ( - 1.839e+03 1 0)
|                ( - 3.020e+03 1 0)))
|        ( QUESTION7 -1 2.295e+04 9.751e+02 1.026e+03
|            ( - 8.737e+03 16 0 QUESTION8 -1 4.288e+02 4.180e+02)
|            ( QUESTION16 -1 1.324e+04 8.646e+02 6.084e+02
|                ( - 4.951e+03 4 0 QUESTION0_15_R 1 3.095e+02 2.530e+02)
|                ( - 7.426e+03 11 0 QUESTION2_1_L -1 4.959e+02 3.553e+02)))))
s>    ( QUESTION0_18_R 1 5.964e+04 2.223e+03 2.628e+03
s>        ( QUESTION0_19_R 1 2.177e+04 1.148e+03 1.017e+03
s>            ( - 1.408e+04 6 0 QUESTION11 -1 5.188e+02 7.061e+02)
s>            ( - 6.538e+03 7 0 QUESTION16 -1 4.192e+02 3.113e+02))
s>        ( QUESTION2_12_L -1 3.564e+04 1.420e+03 1.611e+03
s>            ( QUESTION0_7_R 1 1.127e+04 9.604e+02 5.846e+02
s>                ( - 4.785e+03 2 0 QUESTION7 -1 1.146e+02 2.879e+02)
s>                ( QUESTION11 -1 5.526e+03 6.670e+02 2.967e+02
s>                    ( - 1.839e+03 1 0)
s>                    ( - 3.020e+03 1 0)))
s>            ( QUESTION7 -1 2.295e+04 9.751e+02 1.026e+03
s>                ( - 8.737e+03 16 0 QUESTION8 -1 4.288e+02 4.180e+02)
s>                ( QUESTION16 -1 1.324e+04 8.646e+02 6.084e+02
s>                    ( - 4.951e+03 4 0 QUESTION0_15_R 1 3.095e+02 2.530e+02)
s>                    ( - 7.426e+03 11 0 QUESTION2_1_L -1 4.959e+02 3.553e+02)))))INFO: dtree.c(1315): Comp split 1
INFO: dtree.c(1478): Final simple tree
|( QUESTION2_12_L -1 3.564e+04 1.420e+03 1.611e+03
|    ( QUESTION0_7_R 1 1.127e+04 9.604e+02 5.846e+02
|        ( - 4.785e+03 2 0 QUESTION7 -1 1.146e+02 2.879e+02)
|        ( QUESTION11 -1 5.526e+03 6.670e+02 2.967e+02
|            ( - 1.839e+03 1 0)
|            ( - 3.020e+03 1 0)))
|    ( QUESTION7 -1 2.295e+04 9.751e+02 1.026e+03
|        ( QUESTION8 -1 8.737e+03 4.288e+02 4.180e+02
|            ( - 6.065e+03 12 0 QUESTION0_16_R 1 3.510e+02 3.004e+02)
|            ( - 2.244e+03 4 0 QUESTION0_8_R 1 2.137e+02 1.176e+02))
|        ( QUESTION16 -1 1.324e+04 8.646e+02 6.084e+02
|            ( - 4.951e+03 4 0 QUESTION0_15_R 1 3.095e+02 2.530e+02)
|            ( QUESTION2_1_L -1 7.426e+03 4.959e+02 3.553e+02
|                ( - 3.877e+03 5 0 QUESTION0_15_R 1 3.249e+02 1.974e+02)
|                ( - 3.053e+03 6 0 QUESTION0_15_R 1 2.667e+02 1.579e+02)))))
s>    ( QUESTION2_12_L -1 3.564e+04 1.420e+03 1.611e+03
s>        ( QUESTION0_7_R 1 1.127e+04 9.604e+02 5.846e+02
s>            ( - 4.785e+03 2 0 QUESTION7 -1 1.146e+02 2.879e+02)
s>            ( QUESTION11 -1 5.526e+03 6.670e+02 2.967e+02
s>                ( - 1.839e+03 1 0)
s>                ( - 3.020e+03 1 0)))
s>        ( QUESTION7 -1 2.295e+04 9.751e+02 1.026e+03
s>            ( QUESTION8 -1 8.737e+03 4.288e+02 4.180e+02
s>                ( - 6.065e+03 12 0 QUESTION0_16_R 1 3.510e+02 3.004e+02)
s>                ( - 2.244e+03 4 0 QUESTION0_8_R 1 2.137e+02 1.176e+02))
s>            ( QUESTION16 -1 1.324e+04 8.646e+02 6.084e+02
s>                ( - 4.951e+03 4 0 QUESTION0_15_R 1 3.095e+02 2.530e+02)
s>                ( QUESTION2_1_L -1 7.426e+03 4.959e+02 3.553e+02
s>                    ( - 3.877e+03 5 0 QUESTION0_15_R 1 3.249e+02 1.974e+02)
s>                    ( - 3.053e+03 6 0 QUESTION0_15_R 1 2.667e+02 1.579e+02)))))INFO: dtree.c(1478): Final simple tree
|( QUESTION0_19_R 1 2.177e+04 1.148e+03 1.017e+03
|    ( QUESTION11 -1 1.408e+04 5.188e+02 7.061e+02
|        ( - 6.669e+03 1 0)
|        ( QUESTION2_10_L -1 6.896e+03 2.384e+02 3.606e+02
|            ( WDBNDRY_E 0 5.643e+03 2.353e+02 3.061e+02
|                ( - 5.029e+02 1 0)
|                ( - 4.904e+03 1 0))
|            ( - 1.015e+03 3 0 QUESTION9 -1 1.453e+02 5.452e+01)))
|    ( QUESTION16 -1 6.538e+03 4.192e+02 3.113e+02
|        ( - 1.680e+03 1 0)
|        ( QUESTION7 -1 4.438e+03 3.925e+02 2.141e+02
|            ( - 2.068e+03 2 0 WDBNDRY_E 0 1.440e+02 1.105e+02)
|            ( QUESTION11 -1 1.977e+03 2.167e+02 1.036e+02
|                ( - 5.961e+02 1 0)
|                ( - 1.164e+03 3 0 QUESTION2_13_L -1 1.660e+02 6.650e+01)))))
s>    ( QUESTION0_19_R 1 2.177e+04 1.148e+03 1.017e+03
s>        ( QUESTION11 -1 1.408e+04 5.188e+02 7.061e+02
s>            ( - 6.669e+03 1 0)
s>            ( QUESTION2_10_L -1 6.896e+03 2.384e+02 3.606e+02
s>                ( WDBNDRY_E 0 5.643e+03 2.353e+02 3.061e+02
s>                    ( - 5.029e+02 1 0)
s>                    ( - 4.904e+03 1 0))
s>                ( - 1.015e+03 3 0 QUESTION9 -1 1.453e+02 5.452e+01)))
s>        ( QUESTION16 -1 6.538e+03 4.192e+02 3.113e+02
s>            ( - 1.680e+03 1 0)
s>            ( QUESTION7 -1 4.438e+03 3.925e+02 2.141e+02
s>                ( - 2.068e+03 2 0 WDBNDRY_E 0 1.440e+02 1.105e+02)
s>                ( QUESTION11 -1 1.977e+03 2.167e+02 1.036e+02
s>                    ( - 5.961e+02 1 0)
s>                    ( - 1.164e+03 3 0 QUESTION2_13_L -1 1.660e+02 6.650e+01)))))INFO: dtree.c(1315): Comp split 2
INFO: dtree.c(1478): Final simple tree
|( QUESTION7 1 1.195e+04 1.072e+03 5.938e+02
|    ( QUESTION7 -1 4.785e+03 1.146e+02 2.879e+02
|        ( - 1.488e+02 1 0)
|        ( - 4.521e+03 1 0))
|    ( QUESTION19 1 6.092e+03 3.871e+02 3.059e+02
|        ( QUESTION10 -1 3.733e+03 2.816e+02 2.010e+02
|            ( - 1.839e+03 1 0)
|            ( WDBNDRY_B 0 1.612e+03 1.714e+02 9.254e+01
|                ( - 1.823e+02 1 0)
|                ( - 1.259e+03 1 0)))
|        ( QUESTION0_9_R 1 1.971e+03 2.525e+02 1.049e+02
|            ( - 6.478e+02 1 0)
|            ( QUESTION0_7_R 1 1.071e+03 1.824e+02 6.017e+01
|                ( - 5.401e+02 1 0)
|                ( - 3.485e+02 1 0)))))
s>    ( QUESTION7 1 1.195e+04 1.072e+03 5.938e+02
s>        ( QUESTION7 -1 4.785e+03 1.146e+02 2.879e+02
s>            ( - 1.488e+02 1 0)
s>            ( - 4.521e+03 1 0))
s>        ( QUESTION19 1 6.092e+03 3.871e+02 3.059e+02
s>            ( QUESTION10 -1 3.733e+03 2.816e+02 2.010e+02
s>                ( - 1.839e+03 1 0)
s>                ( WDBNDRY_B 0 1.612e+03 1.714e+02 9.254e+01
s>                    ( - 1.823e+02 1 0)
s>                    ( - 1.259e+03 1 0)))
s>            ( QUESTION0_9_R 1 1.971e+03 2.525e+02 1.049e+02
s>                ( - 6.478e+02 1 0)
s>                ( QUESTION0_7_R 1 1.071e+03 1.824e+02 6.017e+01
s>                    ( - 5.401e+02 1 0)
s>                    ( - 3.485e+02 1 0)))))INFO: dtree.c(1478): Final simple tree
|( QUESTION6 -1 2.213e+04 9.603e+02 1.017e+03
|    ( QUESTION0_16_R 1 1.353e+04 7.629e+02 6.466e+02
|        ( QUESTION7 -1 5.767e+03 4.284e+02 3.136e+02
|            ( - 2.319e+03 3 0 WDBNDRY_E 0 2.043e+02 1.254e+02)
|            ( - 3.020e+03 1 0))
|        ( QUESTION0_8_R 1 6.999e+03 4.190e+02 3.330e+02
|            ( QUESTION8 -1 4.451e+03 3.028e+02 2.245e+02
|                ( - 3.460e+03 7 0 QUESTION8 1 1.893e+02 1.802e+02)
|                ( - 6.888e+02 1 0))
|            ( - 2.129e+03 8 0 QUESTION0_14_R 1 2.171e+02 1.085e+02)))
|    ( QUESTION16 -1 7.644e+03 5.774e+02 3.705e+02
|        ( QUESTION0_15_R 1 4.951e+03 3.095e+02 2.530e+02
|            ( - 3.210e+03 1 0)
|            ( - 1.431e+03 3 0 QUESTION0_7_R 1 1.665e+02 7.866e+01))
|        ( - 2.116e+03 3 0 QUESTION0_15_R 1 2.074e+02 1.174e+02)))
s>    ( QUESTION6 -1 2.213e+04 9.603e+02 1.017e+03
s>        ( QUESTION0_16_R 1 1.353e+04 7.629e+02 6.466e+02
s>            ( QUESTION7 -1 5.767e+03 4.284e+02 3.136e+02
s>                ( - 2.319e+03 3 0 WDBNDRY_E 0 2.043e+02 1.254e+02)
s>                ( - 3.020e+03 1 0))
s>            ( QUESTION0_8_R 1 6.999e+03 4.190e+02 3.330e+02
s>                ( QUESTION8 -1 4.451e+03 3.028e+02 2.245e+02
s>                    ( - 3.460e+03 7 0 QUESTION8 1 1.893e+02 1.802e+02)
s>                    ( - 6.888e+02 1 0))
s>                ( - 2.129e+03 8 0 QUESTION0_14_R 1 2.171e+02 1.085e+02)))
s>        ( QUESTION16 -1 7.644e+03 5.774e+02 3.705e+02
s>            ( QUESTION0_15_R 1 4.951e+03 3.095e+02 2.530e+02
s>                ( - 3.210e+03 1 0)
s>                ( - 1.431e+03 3 0 QUESTION0_7_R 1 1.665e+02 7.866e+01))
s>            ( - 2.116e+03 3 0 QUESTION0_15_R 1 2.074e+02 1.174e+02)))INFO: dtree.c(1315): Comp split 3
INFO: dtree.c(1478): Final simple tree
|( QUESTION7 -1 7.264e+03 4.252e+02 3.429e+02
|    ( WDBNDRY_E 0 2.774e+03 2.323e+02 1.421e+02
|        ( QUESTION0_19_R 1 8.420e+02 1.142e+02 4.756e+01
|            ( - 5.029e+02 1 0)
|            ( - 2.249e+02 1 0))
|        ( - 1.699e+03 1 0))
|    ( QUESTION16 -1 4.066e+03 4.078e+02 2.008e+02
|        ( - 1.680e+03 1 0)
|        ( QUESTION11 -1 1.977e+03 2.167e+02 1.036e+02
|            ( - 5.961e+02 1 0)
|            ( QUESTION2_13_L -1 1.164e+03 1.660e+02 6.650e+01
|                ( - 5.776e+02 1 0)
|                ( QUESTION6 -1 4.209e+02 6.649e+01 2.856e+01
|                    ( - 1.742e+02 1 0)
|                    ( - 1.802e+02 1 0))))))
s>    ( QUESTION7 -1 7.264e+03 4.252e+02 3.429e+02
s>        ( WDBNDRY_E 0 2.774e+03 2.323e+02 1.421e+02
s>            ( QUESTION0_19_R 1 8.420e+02 1.142e+02 4.756e+01
s>                ( - 5.029e+02 1 0)
s>                ( - 2.249e+02 1 0))
s>            ( - 1.699e+03 1 0))
s>        ( QUESTION16 -1 4.066e+03 4.078e+02 2.008e+02
s>            ( - 1.680e+03 1 0)
s>            ( QUESTION11 -1 1.977e+03 2.167e+02 1.036e+02
s>                ( - 5.961e+02 1 0)
s>                ( QUESTION2_13_L -1 1.164e+03 1.660e+02 6.650e+01
s>                    ( - 5.776e+02 1 0)
s>                    ( QUESTION6 -1 4.209e+02 6.649e+01 2.856e+01
s>                        ( - 1.742e+02 1 0)
s>                        ( - 1.802e+02 1 0))))))INFO: dtree.c(1439): stop. leaf nodes are specific
INFO: dtree.c(1478): Final simple tree
|( QUESTION11 -1 1.336e+04 5.176e+02 6.745e+02
|    ( - 6.669e+03 1 0)
|    ( QUESTION2_10_L -1 6.170e+03 2.505e+02 3.291e+02
|        ( - 4.904e+03 1 0)
|        ( QUESTION9 -1 1.015e+03 1.453e+02 5.452e+01
|            ( - 4.690e+02 1 0)
|            ( QUESTION6 -1 4.010e+02 7.834e+01 2.500e+01
|                ( - 1.561e+02 1 0)
|                ( - 1.665e+02 1 0)))))
s>    ( QUESTION11 -1 1.336e+04 5.176e+02 6.745e+02
s>        ( - 6.669e+03 1 0)
s>        ( QUESTION2_10_L -1 6.170e+03 2.505e+02 3.291e+02
s>            ( - 4.904e+03 1 0)
s>            ( QUESTION9 -1 1.015e+03 1.453e+02 5.452e+01
s>                ( - 4.690e+02 1 0)
s>                ( QUESTION6 -1 4.010e+02 7.834e+01 2.500e+01
s>                    ( - 1.561e+02 1 0)
s>                    ( - 1.665e+02 1 0)))))INFO: dtree.c(1315): Comp split 4
INFO: dtree.c(1439): stop. leaf nodes are specific
INFO: dtree.c(1478): Final simple tree
|( QUESTION19 1 6.092e+03 3.871e+02 3.059e+02
|    ( QUESTION10 -1 3.733e+03 2.816e+02 2.010e+02
|        ( - 1.839e+03 1 0)
|        ( WDBNDRY_B 0 1.612e+03 1.714e+02 9.254e+01
|            ( - 1.823e+02 1 0)
|            ( - 1.259e+03 1 0)))
|    ( QUESTION0_9_R 1 1.971e+03 2.525e+02 1.049e+02
|        ( - 6.478e+02 1 0)
|        ( QUESTION0_7_R 1 1.071e+03 1.824e+02 6.017e+01
|            ( - 5.401e+02 1 0)
|            ( - 3.485e+02 1 0))))
s>    ( QUESTION19 1 6.092e+03 3.871e+02 3.059e+02
s>        ( QUESTION10 -1 3.733e+03 2.816e+02 2.010e+02
s>            ( - 1.839e+03 1 0)
s>            ( WDBNDRY_B 0 1.612e+03 1.714e+02 9.254e+01
s>                ( - 1.823e+02 1 0)
s>                ( - 1.259e+03 1 0)))
s>        ( QUESTION0_9_R 1 1.971e+03 2.525e+02 1.049e+02
s>            ( - 6.478e+02 1 0)
s>            ( QUESTION0_7_R 1 1.071e+03 1.824e+02 6.017e+01
s>                ( - 5.401e+02 1 0)
s>                ( - 3.485e+02 1 0))))INFO: dtree.c(1439): stop. leaf nodes are specific
INFO: dtree.c(1478): Final simple tree
|( QUESTION7 -1 4.785e+03 1.146e+02 2.879e+02
|    ( - 1.488e+02 1 0)
|    ( - 4.521e+03 1 0))
s>    ( QUESTION7 -1 4.785e+03 1.146e+02 2.879e+02
s>        ( - 1.488e+02 1 0)
s>        ( - 4.521e+03 1 0))INFO: dtree.c(1315): Comp split 5
INFO: dtree.c(1478): Final simple tree
|( QUESTION16 -1 1.023e+04 6.842e+02 4.790e+02
|    ( QUESTION0_15_R 1 4.951e+03 3.095e+02 2.530e+02
|        ( - 3.210e+03 1 0)
|        ( QUESTION0_7_R 1 1.431e+03 1.665e+02 7.866e+01
|            ( - 3.987e+02 2 0 QUESTION8 1 6.668e+01 2.630e+01)
|            ( - 8.657e+02 1 0)))
|    ( QUESTION6 -1 4.600e+03 3.550e+02 2.260e+02
|        ( QUESTION0_14_R 1 2.129e+03 2.171e+02 1.085e+02
|            ( WDBNDRY_B 0 1.268e+03 1.468e+02 7.143e+01
|                ( - 2.128e+02 1 0)
|                ( - 9.080e+02 4 0 QUESTION6 1 1.021e+02 5.595e+01))
|            ( - 6.443e+02 3 0 WDBNDRY_E 0 1.082e+02 3.710e+01))
|        ( QUESTION0_15_R 1 2.116e+03 2.074e+02 1.174e+02
|            ( - 1.191e+03 1 0)
|            ( - 7.180e+02 2 0 QUESTION0_7_R 1 1.046e+02 4.687e+01))))
s>    ( QUESTION16 -1 1.023e+04 6.842e+02 4.790e+02
s>        ( QUESTION0_15_R 1 4.951e+03 3.095e+02 2.530e+02
s>            ( - 3.210e+03 1 0)
s>            ( QUESTION0_7_R 1 1.431e+03 1.665e+02 7.866e+01
s>                ( - 3.987e+02 2 0 QUESTION8 1 6.668e+01 2.630e+01)
s>                ( - 8.657e+02 1 0)))
s>        ( QUESTION6 -1 4.600e+03 3.550e+02 2.260e+02
s>            ( QUESTION0_14_R 1 2.129e+03 2.171e+02 1.085e+02
s>                ( WDBNDRY_B 0 1.268e+03 1.468e+02 7.143e+01
s>                    ( - 2.128e+02 1 0)
s>                    ( - 9.080e+02 4 0 QUESTION6 1 1.021e+02 5.595e+01))
s>                ( - 6.443e+02 3 0 WDBNDRY_E 0 1.082e+02 3.710e+01))
s>            ( QUESTION0_15_R 1 2.116e+03 2.074e+02 1.174e+02
s>                ( - 1.191e+03 1 0)
s>                ( - 7.180e+02 2 0 QUESTION0_7_R 1 1.046e+02 4.687e+01))))INFO: dtree.c(1478): Final simple tree
|( QUESTION7 -1 1.083e+04 6.663e+02 5.381e+02
|    ( QUESTION8 -1 7.144e+03 3.820e+02 3.499e+02
|        ( QUESTION0_7_R 1 5.150e+03 3.205e+02 2.594e+02
|            ( QUESTION8 1 3.460e+03 1.893e+02 1.802e+02
|                ( - 2.454e+03 4 0)
|                ( WDBNDRY_E 0 8.164e+02 1.080e+02 4.935e+01
|                    ( - 4.668e+02 2 0 QUESTION7 1 8.232e+01 3.135e+01)
|                    ( - 2.417e+02 1 0)))
|            ( QUESTION6 1 1.369e+03 1.238e+02 7.917e+01
|                ( - 7.518e+02 1 0)
|                ( - 4.939e+02 1 0)))
|        ( QUESTION0_7_R 1 1.612e+03 1.777e+02 9.048e+01
|            ( - 6.888e+02 1 0)
|            ( - 7.453e+02 1 0)))
|    ( - 3.020e+03 1 0))
s>    ( QUESTION7 -1 1.083e+04 6.663e+02 5.381e+02
s>        ( QUESTION8 -1 7.144e+03 3.820e+02 3.499e+02
s>            ( QUESTION0_7_R 1 5.150e+03 3.205e+02 2.594e+02
s>                ( QUESTION8 1 3.460e+03 1.893e+02 1.802e+02
s>                    ( - 2.454e+03 4 0)
s>                    ( WDBNDRY_E 0 8.164e+02 1.080e+02 4.935e+01
s>                        ( - 4.668e+02 2 0 QUESTION7 1 8.232e+01 3.135e+01)
s>                        ( - 2.417e+02 1 0)))
s>                ( QUESTION6 1 1.369e+03 1.238e+02 7.917e+01
s>                    ( - 7.518e+02 1 0)
s>                    ( - 4.939e+02 1 0)))
s>            ( QUESTION0_7_R 1 1.612e+03 1.777e+02 9.048e+01
s>                ( - 6.888e+02 1 0)
s>                ( - 7.453e+02 1 0)))
s>        ( - 3.020e+03 1 0))INFO: dtree.c(1315): Comp split 6
INFO: dtree.c(1478): Final simple tree
|( QUESTION6 -1 4.600e+03 3.550e+02 2.260e+02
|    ( QUESTION0_14_R 1 2.129e+03 2.171e+02 1.085e+02
|        ( WDBNDRY_B 0 1.268e+03 1.468e+02 7.143e+01
|            ( - 2.128e+02 1 0)
|            ( QUESTION6 1 9.080e+02 1.021e+02 5.595e+01
|                ( - 4.188e+02 2 0 WDBNDRY_E 0 7.076e+01 2.895e+01)
|                ( - 3.871e+02 2 0 QUESTION7 -1 7.140e+01 2.700e+01)))
|        ( WDBNDRY_E 0 6.443e+02 1.082e+02 3.710e+01
|            ( - 1.466e+02 1 0)
|            ( - 3.895e+02 2 0 QUESTION7 -1 7.353e+01 2.506e+01)))
|    ( QUESTION0_15_R 1 2.116e+03 2.074e+02 1.174e+02
|        ( - 1.191e+03 1 0)
|        ( QUESTION0_7_R 1 7.180e+02 1.046e+02 4.687e+01
|            ( - 4.313e+02 1 0)
|            ( - 1.822e+02 1 0))))
s>    ( QUESTION6 -1 4.600e+03 3.550e+02 2.260e+02
s>        ( QUESTION0_14_R 1 2.129e+03 2.171e+02 1.085e+02
s>            ( WDBNDRY_B 0 1.268e+03 1.468e+02 7.143e+01
s>                ( - 2.128e+02 1 0)
s>                ( QUESTION6 1 9.080e+02 1.021e+02 5.595e+01
s>                    ( - 4.188e+02 2 0 WDBNDRY_E 0 7.076e+01 2.895e+01)
s>                    ( - 3.871e+02 2 0 QUESTION7 -1 7.140e+01 2.700e+01)))
s>            ( WDBNDRY_E 0 6.443e+02 1.082e+02 3.710e+01
s>                ( - 1.466e+02 1 0)
s>                ( - 3.895e+02 2 0 QUESTION7 -1 7.353e+01 2.506e+01)))
s>        ( QUESTION0_15_R 1 2.116e+03 2.074e+02 1.174e+02
s>            ( - 1.191e+03 1 0)
s>            ( QUESTION0_7_R 1 7.180e+02 1.046e+02 4.687e+01
s>                ( - 4.313e+02 1 0)
s>                ( - 1.822e+02 1 0))))INFO: dtree.c(1439): stop. leaf nodes are specific
INFO: dtree.c(1478): Final simple tree
|( QUESTION0_15_R 1 4.951e+03 3.095e+02 2.530e+02
|    ( - 3.210e+03 1 0)
|    ( QUESTION0_7_R 1 1.431e+03 1.665e+02 7.866e+01
|        ( QUESTION8 1 3.987e+02 6.668e+01 2.630e+01
|            ( - 1.571e+02 1 0)
|            ( - 1.749e+02 1 0))
|        ( - 8.657e+02 1 0)))
s>    ( QUESTION0_15_R 1 4.951e+03 3.095e+02 2.530e+02
s>        ( - 3.210e+03 1 0)
s>        ( QUESTION0_7_R 1 1.431e+03 1.665e+02 7.866e+01
s>            ( QUESTION8 1 3.987e+02 6.668e+01 2.630e+01
s>                ( - 1.571e+02 1 0)
s>                ( - 1.749e+02 1 0))
s>            ( - 8.657e+02 1 0)))INFO: dtree.c(1315): Comp split 7
INFO: dtree.c(1478): Final simple tree
|( QUESTION8 -1 7.144e+03 3.820e+02 3.499e+02
|    ( QUESTION0_7_R 1 5.150e+03 3.205e+02 2.594e+02
|        ( QUESTION8 1 3.460e+03 1.893e+02 1.802e+02
|            ( - 2.454e+03 4 0)
|            ( WDBNDRY_E 0 8.164e+02 1.080e+02 4.935e+01
|                ( QUESTION7 1 4.668e+02 8.232e+01 3.135e+01
|                    ( - 1.905e+02 1 0)
|                    ( - 1.940e+02 1 0))
|                ( - 2.417e+02 1 0)))
|        ( QUESTION6 1 1.369e+03 1.238e+02 7.917e+01
|            ( - 7.518e+02 1 0)
|            ( - 4.939e+02 1 0)))
|    ( QUESTION0_7_R 1 1.612e+03 1.777e+02 9.048e+01
|        ( - 6.888e+02 1 0)
|        ( - 7.453e+02 1 0)))
s>    ( QUESTION8 -1 7.144e+03 3.820e+02 3.499e+02
s>        ( QUESTION0_7_R 1 5.150e+03 3.205e+02 2.594e+02
s>            ( QUESTION8 1 3.460e+03 1.893e+02 1.802e+02
s>                ( - 2.454e+03 4 0)
s>                ( WDBNDRY_E 0 8.164e+02 1.080e+02 4.935e+01
s>                    ( QUESTION7 1 4.668e+02 8.232e+01 3.135e+01
s>                        ( - 1.905e+02 1 0)
s>                        ( - 1.940e+02 1 0))
s>                    ( - 2.417e+02 1 0)))
s>            ( QUESTION6 1 1.369e+03 1.238e+02 7.917e+01
s>                ( - 7.518e+02 1 0)
s>                ( - 4.939e+02 1 0)))
s>        ( QUESTION0_7_R 1 1.612e+03 1.777e+02 9.048e+01
s>            ( - 6.888e+02 1 0)
s>            ( - 7.453e+02 1 0)))INFO: dtree.c(1315): Comp split 8
INFO: dtree.c(1439): stop. leaf nodes are specific
INFO: dtree.c(1478): Final simple tree
|( QUESTION6 -1 6.951e+03 1.161e+02 3.584e+02
|    ( - 6.669e+03 1 0)
|    ( - 1.665e+02 1 0))
s>    ( QUESTION6 -1 6.951e+03 1.161e+02 3.584e+02
s>        ( - 6.669e+03 1 0)
s>        ( - 1.665e+02 1 0))INFO: dtree.c(1439): stop. leaf nodes are specific
INFO: dtree.c(1478): Final simple tree
|( QUESTION2_10_L -1 5.872e+03 2.423e+02 3.161e+02
|    ( - 4.904e+03 1 0)
|    ( QUESTION7 -1 7.251e+02 9.999e+01 4.152e+01
|        ( - 1.561e+02 1 0)
|        ( - 4.690e+02 1 0)))
s>    ( QUESTION2_10_L -1 5.872e+03 2.423e+02 3.161e+02
s>        ( - 4.904e+03 1 0)
s>        ( QUESTION7 -1 7.251e+02 9.999e+01 4.152e+01
s>            ( - 1.561e+02 1 0)
s>            ( - 4.690e+02 1 0)))INFO: dtree.c(1315): Comp split 9
INFO: dtree.c(1439): stop. leaf nodes are specific
INFO: dtree.c(1478): Final simple tree
|( QUESTION11 -1 1.977e+03 2.167e+02 1.036e+02
|    ( - 5.961e+02 1 0)
|    ( QUESTION2_13_L -1 1.164e+03 1.660e+02 6.650e+01
|        ( - 5.776e+02 1 0)
|        ( QUESTION6 -1 4.209e+02 6.649e+01 2.856e+01
|            ( - 1.742e+02 1 0)
|            ( - 1.802e+02 1 0))))
s>    ( QUESTION11 -1 1.977e+03 2.167e+02 1.036e+02
s>        ( - 5.961e+02 1 0)
s>        ( QUESTION2_13_L -1 1.164e+03 1.660e+02 6.650e+01
s>            ( - 5.776e+02 1 0)
s>            ( QUESTION6 -1 4.209e+02 6.649e+01 2.856e+01
s>                ( - 1.742e+02 1 0)
s>                ( - 1.802e+02 1 0))))INFO: dtree.c(1439): stop. leaf nodes are specific
INFO: dtree.c(1478): Final simple tree
|( QUESTION6 -1 4.805e+03 3.513e+02 2.393e+02
|    ( WDBNDRY_E 0 2.774e+03 2.323e+02 1.421e+02
|        ( QUESTION0_19_R 1 8.420e+02 1.142e+02 4.756e+01
|            ( - 5.029e+02 1 0)
|            ( - 2.249e+02 1 0))
|        ( - 1.699e+03 1 0))
|    ( - 1.680e+03 1 0))
s>    ( QUESTION6 -1 4.805e+03 3.513e+02 2.393e+02
s>        ( WDBNDRY_E 0 2.774e+03 2.323e+02 1.421e+02
s>            ( QUESTION0_19_R 1 8.420e+02 1.142e+02 4.756e+01
s>                ( - 5.029e+02 1 0)
s>                ( - 2.249e+02 1 0))
s>            ( - 1.699e+03 1 0))
s>        ( - 1.680e+03 1 0))INFO: dtree.c(1315): Comp split 10
INFO: dtree.c(1439): stop. leaf nodes are specific
INFO: dtree.c(1478): Final simple tree
|( QUESTION0_7_R 1 1.511e+03 2.317e+02 8.446e+01
|    ( - 6.478e+02 1 0)
|    ( WDBNDRY_B 0 6.311e+02 1.002e+02 3.973e+01
|        ( - 1.823e+02 1 0)
|        ( - 3.485e+02 1 0)))
s>    ( QUESTION0_7_R 1 1.511e+03 2.317e+02 8.446e+01
s>        ( - 6.478e+02 1 0)
s>        ( WDBNDRY_B 0 6.311e+02 1.002e+02 3.973e+01
s>            ( - 1.823e+02 1 0)
s>            ( - 3.485e+02 1 0)))INFO: dtree.c(1439): stop. leaf nodes are specific
INFO: dtree.c(1478): Final simple tree
|( QUESTION0_16_R 1 4.118e+03 2.997e+02 2.214e+02
|    ( - 1.839e+03 1 0)
|    ( QUESTION0_7_R 1 1.979e+03 1.801e+02 1.130e+02
|        ( - 5.401e+02 1 0)
|        ( - 1.259e+03 1 0)))
s>    ( QUESTION0_16_R 1 4.118e+03 2.997e+02 2.214e+02
s>        ( - 1.839e+03 1 0)
s>        ( QUESTION0_7_R 1 1.979e+03 1.801e+02 1.130e+02
s>            ( - 5.401e+02 1 0)
s>            ( - 1.259e+03 1 0)))INFO: dtree.c(1315): Comp split 11
INFO: dtree.c(1439): stop. leaf nodes are specific
INFO: dtree.c(1478): Final simple tree
|( WDBNDRY_E 0 3.548e+03 2.628e+02 1.847e+02
|    ( QUESTION9 1 1.673e+03 1.444e+02 9.417e+01
|        ( - 7.518e+02 1 0)
|        ( QUESTION0_7_R 1 7.772e+02 9.288e+01 4.768e+01
|            ( - 1.905e+02 1 0)
|            ( - 4.939e+02 1 0)))
|    ( QUESTION0_7_R 1 1.612e+03 1.777e+02 9.048e+01
|        ( - 6.888e+02 1 0)
|        ( - 7.453e+02 1 0)))
s>    ( WDBNDRY_E 0 3.548e+03 2.628e+02 1.847e+02
s>        ( QUESTION9 1 1.673e+03 1.444e+02 9.417e+01
s>            ( - 7.518e+02 1 0)
s>            ( QUESTION0_7_R 1 7.772e+02 9.288e+01 4.768e+01
s>                ( - 1.905e+02 1 0)
s>                ( - 4.939e+02 1 0)))
s>        ( QUESTION0_7_R 1 1.612e+03 1.777e+02 9.048e+01
s>            ( - 6.888e+02 1 0)
s>            ( - 7.453e+02 1 0)))INFO: dtree.c(1439): stop. leaf nodes are specific
INFO: dtree.c(1478): Final simple tree
|( QUESTION7 1 3.137e+03 1.613e+02 1.652e+02
|    ( - 2.454e+03 4 0)
|    ( WDBNDRY_E 0 5.212e+02 8.551e+01 3.435e+01
|        ( - 1.940e+02 1 0)
|        ( - 2.417e+02 1 0)))
s>    ( QUESTION7 1 3.137e+03 1.613e+02 1.652e+02
s>        ( - 2.454e+03 4 0)
s>        ( WDBNDRY_E 0 5.212e+02 8.551e+01 3.435e+01
s>            ( - 1.940e+02 1 0)
s>            ( - 2.417e+02 1 0)))INFO: dtree.c(1315): Comp split 12
INFO: dtree.c(1439): stop. leaf nodes are specific
INFO: dtree.c(1478): Final simple tree
|( QUESTION0_14_R 1 1.750e+03 1.975e+02 9.305e+01
|    ( QUESTION6 1 9.080e+02 1.021e+02 5.595e+01
|        ( WDBNDRY_E 0 4.188e+02 7.076e+01 2.895e+01
|            ( - 1.692e+02 1 0)
|            ( - 1.788e+02 1 0))
|        ( QUESTION7 -1 3.871e+02 7.140e+01 2.700e+01
|            ( - 1.782e+02 1 0)
|            ( - 1.375e+02 1 0)))
|    ( WDBNDRY_E 0 6.443e+02 1.082e+02 3.710e+01
|        ( - 1.466e+02 1 0)
|        ( QUESTION7 -1 3.895e+02 7.353e+01 2.506e+01
|            ( - 1.547e+02 1 0)
|            ( - 1.612e+02 1 0))))
s>    ( QUESTION0_14_R 1 1.750e+03 1.975e+02 9.305e+01
s>        ( QUESTION6 1 9.080e+02 1.021e+02 5.595e+01
s>            ( WDBNDRY_E 0 4.188e+02 7.076e+01 2.895e+01
s>                ( - 1.692e+02 1 0)
s>                ( - 1.788e+02 1 0))
s>            ( QUESTION7 -1 3.871e+02 7.140e+01 2.700e+01
s>                ( - 1.782e+02 1 0)
s>                ( - 1.375e+02 1 0)))
s>        ( WDBNDRY_E 0 6.443e+02 1.082e+02 3.710e+01
s>            ( - 1.466e+02 1 0)
s>            ( QUESTION7 -1 3.895e+02 7.353e+01 2.506e+01
s>                ( - 1.547e+02 1 0)
s>                ( - 1.612e+02 1 0))))INFO: dtree.c(1439): stop. leaf nodes are specific
INFO: dtree.c(1478): Final simple tree
|( QUESTION0_15_R 1 2.488e+03 2.179e+02 1.329e+02
|    ( WDBNDRY_B 0 1.552e+03 1.483e+02 8.604e+01
|        ( - 2.128e+02 1 0)
|        ( - 1.191e+03 1 0))
|    ( QUESTION0_7_R 1 7.180e+02 1.046e+02 4.687e+01
|        ( - 4.313e+02 1 0)
|        ( - 1.822e+02 1 0)))
s>    ( QUESTION0_15_R 1 2.488e+03 2.179e+02 1.329e+02
s>        ( WDBNDRY_B 0 1.552e+03 1.483e+02 8.604e+01
s>            ( - 2.128e+02 1 0)
s>            ( - 1.191e+03 1 0))
s>        ( QUESTION0_7_R 1 7.180e+02 1.046e+02 4.687e+01
s>            ( - 4.313e+02 1 0)
s>            ( - 1.822e+02 1 0)))INFO: dtree.c(1315): Comp split 13
INFO: dtree.c(1439): stop. leaf nodes are specific
INFO: dtree.c(1478): Final simple tree
|( WDBNDRY_E 0 2.774e+03 2.323e+02 1.421e+02
|    ( QUESTION0_19_R 1 8.420e+02 1.142e+02 4.756e+01
|        ( - 5.029e+02 1 0)
|        ( - 2.249e+02 1 0))
|    ( - 1.699e+03 1 0))
s>    ( WDBNDRY_E 0 2.774e+03 2.323e+02 1.421e+02
s>        ( QUESTION0_19_R 1 8.420e+02 1.142e+02 4.756e+01
s>            ( - 5.029e+02 1 0)
s>            ( - 2.249e+02 1 0))
s>        ( - 1.699e+03 1 0))INFO: dtree.c(1315): Comp split 14
INFO: dtree.c(1439): stop. leaf nodes are specific
INFO: dtree.c(1478): Final simple tree
|( QUESTION0_7_R 1 1.431e+03 1.665e+02 7.866e+01
|    ( QUESTION8 1 3.987e+02 6.668e+01 2.630e+01
|        ( - 1.571e+02 1 0)
|        ( - 1.749e+02 1 0))
|    ( - 8.657e+02 1 0))
s>    ( QUESTION0_7_R 1 1.431e+03 1.665e+02 7.866e+01
s>        ( QUESTION8 1 3.987e+02 6.668e+01 2.630e+01
s>            ( - 1.571e+02 1 0)
s>            ( - 1.749e+02 1 0))
s>        ( - 8.657e+02 1 0))INFO: dtree.c(1315): Comp split 15
INFO: dtree.c(1439): stop. leaf nodes are specific
INFO: dtree.c(1478): Final simple tree
|( QUESTION0_7_R 1 1.979e+03 1.801e+02 1.130e+02
|    ( - 5.401e+02 1 0)
|    ( - 1.259e+03 1 0))
s>    ( QUESTION0_7_R 1 1.979e+03 1.801e+02 1.130e+02
s>        ( - 5.401e+02 1 0)
s>        ( - 1.259e+03 1 0))INFO: dtree.c(1315): Comp split 16
INFO: dtree.c(1439): stop. leaf nodes are specific
INFO: dtree.c(1478): Final simple tree
|( QUESTION9 1 1.673e+03 1.444e+02 9.417e+01
|    ( - 7.518e+02 1 0)
|    ( QUESTION0_7_R 1 7.772e+02 9.288e+01 4.768e+01
|        ( - 1.905e+02 1 0)
|        ( - 4.939e+02 1 0)))
s>    ( QUESTION9 1 1.673e+03 1.444e+02 9.417e+01
s>        ( - 7.518e+02 1 0)
s>        ( QUESTION0_7_R 1 7.772e+02 9.288e+01 4.768e+01
s>            ( - 1.905e+02 1 0)
s>            ( - 4.939e+02 1 0)))INFO: dtree.c(1439): stop. leaf nodes are specific
INFO: dtree.c(1478): Final simple tree
|( QUESTION0_7_R 1 1.612e+03 1.777e+02 9.048e+01
|    ( - 6.888e+02 1 0)
|    ( - 7.453e+02 1 0))
s>    ( QUESTION0_7_R 1 1.612e+03 1.777e+02 9.048e+01
s>        ( - 6.888e+02 1 0)
s>        ( - 7.453e+02 1 0))INFO: dtree.c(1315): Comp split 17
INFO: dtree.c(1439): stop. leaf nodes are specific
INFO: dtree.c(1478): Final simple tree
|( QUESTION7 -1 7.251e+02 9.999e+01 4.152e+01
|    ( - 1.561e+02 1 0)
|    ( - 4.690e+02 1 0))
s>    ( QUESTION7 -1 7.251e+02 9.999e+01 4.152e+01
s>        ( - 1.561e+02 1 0)
s>        ( - 4.690e+02 1 0))INFO: dtree.c(1315): Comp split 18
INFO: dtree.c(1439): stop. leaf nodes are specific
INFO: dtree.c(1478): Final simple tree
|( QUESTION0_19_R 1 8.420e+02 1.142e+02 4.756e+01
|    ( - 5.029e+02 1 0)
|    ( - 2.249e+02 1 0))
s>    ( QUESTION0_19_R 1 8.420e+02 1.142e+02 4.756e+01
s>        ( - 5.029e+02 1 0)
s>        ( - 2.249e+02 1 0))INFO: dtree.c(1315): Comp split 19
INFO: dtree.c(1439): stop. leaf nodes are specific
INFO: dtree.c(1478): Final simple tree
|( WDBNDRY_B 0 6.311e+02 1.002e+02 3.973e+01
|    ( - 1.823e+02 1 0)
|    ( - 3.485e+02 1 0))
s>    ( WDBNDRY_B 0 6.311e+02 1.002e+02 3.973e+01
s>        ( - 1.823e+02 1 0)
s>        ( - 3.485e+02 1 0))INFO: dtree.c(1315): Comp split 20
INFO: dtree.c(1439): stop. leaf nodes are specific
INFO: dtree.c(1478): Final simple tree
|( QUESTION0_7_R 1 1.069e+03 1.481e+02 6.236e+01
|    ( - 4.313e+02 1 0)
|    ( WDBNDRY_B 0 4.891e+02 9.418e+01 3.130e+01
|        ( - 2.128e+02 1 0)
|        ( - 1.822e+02 1 0)))
s>    ( QUESTION0_7_R 1 1.069e+03 1.481e+02 6.236e+01
s>        ( - 4.313e+02 1 0)
s>        ( WDBNDRY_B 0 4.891e+02 9.418e+01 3.130e+01
s>            ( - 2.128e+02 1 0)
s>            ( - 1.822e+02 1 0)))INFO: dtree.c(1315): Comp split 21
INFO: dtree.c(1439): stop. leaf nodes are specific
INFO: dtree.c(1478): Final simple tree
|( QUESTION2_13_L -1 1.164e+03 1.660e+02 6.650e+01
|    ( - 5.776e+02 1 0)
|    ( QUESTION6 -1 4.209e+02 6.649e+01 2.856e+01
|        ( - 1.742e+02 1 0)
|        ( - 1.802e+02 1 0)))
s>    ( QUESTION2_13_L -1 1.164e+03 1.660e+02 6.650e+01
s>        ( - 5.776e+02 1 0)
s>        ( QUESTION6 -1 4.209e+02 6.649e+01 2.856e+01
s>            ( - 1.742e+02 1 0)
s>            ( - 1.802e+02 1 0)))INFO: dtree.c(1315): Comp split 22
INFO: dtree.c(1439): stop. leaf nodes are specific
INFO: dtree.c(1478): Final simple tree
|( QUESTION6 1 9.080e+02 1.021e+02 5.595e+01
|    ( WDBNDRY_E 0 4.188e+02 7.076e+01 2.895e+01
|        ( - 1.692e+02 1 0)
|        ( - 1.788e+02 1 0))
|    ( QUESTION7 -1 3.871e+02 7.140e+01 2.700e+01
|        ( - 1.782e+02 1 0)
|        ( - 1.375e+02 1 0)))
s>    ( QUESTION6 1 9.080e+02 1.021e+02 5.595e+01
s>        ( WDBNDRY_E 0 4.188e+02 7.076e+01 2.895e+01
s>            ( - 1.692e+02 1 0)
s>            ( - 1.788e+02 1 0))
s>        ( QUESTION7 -1 3.871e+02 7.140e+01 2.700e+01
s>            ( - 1.782e+02 1 0)
s>            ( - 1.375e+02 1 0)))INFO: dtree.c(1439): stop. leaf nodes are specific
INFO: dtree.c(1478): Final simple tree
|( WDBNDRY_E 0 6.443e+02 1.082e+02 3.710e+01
|    ( - 1.466e+02 1 0)
|    ( QUESTION7 -1 3.895e+02 7.353e+01 2.506e+01
|        ( - 1.547e+02 1 0)
|        ( - 1.612e+02 1 0)))
s>    ( WDBNDRY_E 0 6.443e+02 1.082e+02 3.710e+01
s>        ( - 1.466e+02 1 0)
s>        ( QUESTION7 -1 3.895e+02 7.353e+01 2.506e+01
s>            ( - 1.547e+02 1 0)
s>            ( - 1.612e+02 1 0)))INFO: dtree.c(1315): Comp split 23
INFO: dtree.c(1315): Comp split 24
INFO: dtree.c(1315): Comp split 25
INFO: dtree.c(1439): stop. leaf nodes are specific
INFO: dtree.c(1478): Final simple tree
|( QUESTION8 1 3.987e+02 6.668e+01 2.630e+01
|    ( - 1.571e+02 1 0)
|    ( - 1.749e+02 1 0))
s>    ( QUESTION8 1 3.987e+02 6.668e+01 2.630e+01
s>        ( - 1.571e+02 1 0)
s>        ( - 1.749e+02 1 0))INFO: dtree.c(1315): Comp split 26
INFO: dtree.c(1439): stop. leaf nodes are specific
INFO: dtree.c(1478): Final simple tree
|( QUESTION6 -1 4.209e+02 6.649e+01 2.856e+01
|    ( - 1.742e+02 1 0)
|    ( - 1.802e+02 1 0))
s>    ( QUESTION6 -1 4.209e+02 6.649e+01 2.856e+01
s>        ( - 1.742e+02 1 0)
s>        ( - 1.802e+02 1 0))INFO: dtree.c(1315): Comp split 27
INFO: dtree.c(1439): stop. leaf nodes are specific
INFO: dtree.c(1478): Final simple tree
|( WDBNDRY_E 0 5.212e+02 8.551e+01 3.435e+01
|    ( - 1.940e+02 1 0)
|    ( - 2.417e+02 1 0))
s>    ( WDBNDRY_E 0 5.212e+02 8.551e+01 3.435e+01
s>        ( - 1.940e+02 1 0)
s>        ( - 2.417e+02 1 0))INFO: dtree.c(1315): Comp split 28
INFO: dtree.c(1439): stop. leaf nodes are specific
INFO: dtree.c(1478): Final simple tree
|( WDBNDRY_B 0 4.891e+02 9.418e+01 3.130e+01
|    ( - 2.128e+02 1 0)
|    ( - 1.822e+02 1 0))
s>    ( WDBNDRY_B 0 4.891e+02 9.418e+01 3.130e+01
s>        ( - 2.128e+02 1 0)
s>        ( - 1.822e+02 1 0))INFO: dtree.c(1315): Comp split 29
INFO: dtree.c(1439): stop. leaf nodes are specific
INFO: dtree.c(1478): Final simple tree
|( QUESTION0_7_R 1 7.772e+02 9.288e+01 4.768e+01
|    ( - 1.905e+02 1 0)
|    ( - 4.939e+02 1 0))
s>    ( QUESTION0_7_R 1 7.772e+02 9.288e+01 4.768e+01
s>        ( - 1.905e+02 1 0)
s>        ( - 4.939e+02 1 0))INFO: dtree.c(1315): Comp split 30
INFO: dtree.c(1315): Comp split 31
INFO: dtree.c(1315): Comp split 32
INFO: dtree.c(1315): Comp split 33
INFO: dtree.c(1439): stop. leaf nodes are specific
INFO: dtree.c(1478): Final simple tree
|( QUESTION7 -1 3.895e+02 7.353e+01 2.506e+01
|    ( - 1.547e+02 1 0)
|    ( - 1.612e+02 1 0))
s>    ( QUESTION7 -1 3.895e+02 7.353e+01 2.506e+01
s>        ( - 1.547e+02 1 0)
s>        ( - 1.612e+02 1 0))INFO: dtree.c(1315): Comp split 34
INFO: dtree.c(1439): stop. leaf nodes are specific
INFO: dtree.c(1478): Final simple tree
|( QUESTION6 1 4.244e+02 6.735e+01 2.995e+01
|    ( - 1.788e+02 1 0)
|    ( - 1.782e+02 1 0))
s>    ( QUESTION6 1 4.244e+02 6.735e+01 2.995e+01
s>        ( - 1.788e+02 1 0)
s>        ( - 1.782e+02 1 0))INFO: dtree.c(1439): stop. leaf nodes are specific
INFO: dtree.c(1478): Final simple tree
|( WDBNDRY_E 0 3.769e+02 7.017e+01 2.600e+01
|    ( - 1.692e+02 1 0)
|    ( - 1.375e+02 1 0))
s>    ( WDBNDRY_E 0 3.769e+02 7.017e+01 2.600e+01
s>        ( - 1.692e+02 1 0)
s>        ( - 1.375e+02 1 0))INFO: dtree.c(1315): Comp split 35
INFO: dtree.c(1315): Comp split 36
INFO: dtree.c(1315): Comp split 37
INFO: dtree.c(1315): Comp split 38
INFO: dtree.c(1315): Comp split 39
INFO: dtree.c(1315): Comp split 40
INFO: dtree.c(1315): Comp split 41
INFO: dtree.c(1315): Comp split 42
INFO: dtree.c(1315): Comp split 43
INFO: dtree.c(1315): Comp split 44
INFO: dtree.c(1315): Comp split 45
INFO: dtree.c(1318): stop. leaf nodes are specific
Fri Dec  3 07:39:02 2021
