Current configuration:
[NAME]		[DEFLT]	[VALUE]
-allphones	no	no
-cntthresh	0.00001	1.000000e-05
-csplitmax	100	2000
-csplitmin	1	1
-csplitthr	8e-4	0.000000e+00
-example	no	no
-fullvar	no	no
-help		no	no
-meanfn			
-mixwfn			/home/azhar/Tubes_Speech/commandreminder/model_parameters/commandreminder.cd_ptm_untied/mixture_weights
-moddeffn		/home/azhar/Tubes_Speech/commandreminder/model_architecture/commandreminder.untied.mdef
-mwfloor	1e-4	1.000000e-08
-phone			B
-psetfn			/home/azhar/Tubes_Speech/commandreminder/model_architecture/commandreminder.tree_questions
-ssplitmax	5	7
-ssplitmin	1	1
-ssplitthr	8e-4	0.000000e+00
-state			1
-stwt			1.0,0.05,0.0,
-treefn			/home/azhar/Tubes_Speech/commandreminder/trees/commandreminder.unpruned/B-1.dtree
-ts2cbfn	.semi.	.semi.
-varfloor	0.00001	1.000000e-05
-varfn			

INFO: main.c(223): Reading: /home/azhar/Tubes_Speech/commandreminder/model_architecture/commandreminder.untied.mdef
INFO: model_def_io.c(573): Model definition info:
INFO: model_def_io.c(574): 1061 total models defined (31 base, 1030 tri)
INFO: model_def_io.c(575): 4244 total states
INFO: model_def_io.c(576): 3183 total tied states
INFO: model_def_io.c(577): 93 total tied CI states
INFO: model_def_io.c(578): 31 total tied transition matrices
INFO: model_def_io.c(579): 4 max state/model
INFO: model_def_io.c(580): 4 min state/model
INFO: main.c(242): Building trees for [B A E b] through [B U U i]
INFO: main.c(269): Covering states |[603 701]| == 99
INFO: main.c(275): Reading: /home/azhar/Tubes_Speech/commandreminder/model_parameters/commandreminder.cd_ptm_untied/mixture_weights
INFO: s3mixw_io.c(173): Read /home/azhar/Tubes_Speech/commandreminder/model_parameters/commandreminder.cd_ptm_untied/mixture_weights [99x4x64 array]
INFO: main.c(311): 33 of 33 models have observation count greater than 0.000010
INFO: main.c(95): nrm stwt: 0.045 0.909 0.045 
INFO: main.c(411): 33-class entropy: 7.166188e+04
INFO: main.c(549): Reading: /home/azhar/Tubes_Speech/commandreminder/model_architecture/commandreminder.tree_questions
INFO: main.c(588): 174 total simple questions (166 phone; 8 word bndry)
INFO: main.c(590): 40 Left Only questions, and 42 Right Only questions
INFO: dtree.c(1478): Final simple tree
|( QUESTION4 1 8.868e+04 3.202e+03 4.173e+03
|    ( QUESTION1 -1 3.412e+04 1.200e+03 1.774e+03
|        ( - 1.680e+04 3 0 WDBNDRY_B 0 4.136e+02 8.944e+02)
|        ( - 1.612e+04 9 0 QUESTION0 -1 4.526e+02 8.795e+02))
|    ( QUESTION19 -1 5.136e+04 2.254e+03 2.399e+03
|        ( QUESTION0_1_R 1 1.747e+04 1.040e+03 8.885e+02
|            ( - 3.830e+03 1 0)
|            ( - 1.260e+04 5 0 WDBNDRY_B 0 5.438e+02 6.584e+02))
|        ( QUESTION0_7_R 1 3.163e+04 1.456e+03 1.510e+03
|            ( - 2.776e+03 2 0 WDBNDRY_E 0 1.777e+02 1.764e+02)
|            ( QUESTION0_2_R 1 2.740e+04 6.753e+02 1.334e+03
|                ( QUESTION2 -1 1.897e+04 5.753e+02 9.400e+02
|                    ( - 2.504e+03 2 0 QUESTION0_3_R 1 1.377e+02 1.465e+02)
|                    ( - 1.589e+04 6 0 QUESTION0_3_R 1 3.983e+02 7.934e+02))
|                ( - 7.751e+03 5 0 WDBNDRY_B 0 3.426e+02 3.938e+02)))))
s>    ( QUESTION4 1 8.868e+04 3.202e+03 4.173e+03
s>        ( QUESTION1 -1 3.412e+04 1.200e+03 1.774e+03
s>            ( - 1.680e+04 3 0 WDBNDRY_B 0 4.136e+02 8.944e+02)
s>            ( - 1.612e+04 9 0 QUESTION0 -1 4.526e+02 8.795e+02))
s>        ( QUESTION19 -1 5.136e+04 2.254e+03 2.399e+03
s>            ( QUESTION0_1_R 1 1.747e+04 1.040e+03 8.885e+02
s>                ( - 3.830e+03 1 0)
s>                ( - 1.260e+04 5 0 WDBNDRY_B 0 5.438e+02 6.584e+02))
s>            ( QUESTION0_7_R 1 3.163e+04 1.456e+03 1.510e+03
s>                ( - 2.776e+03 2 0 WDBNDRY_E 0 1.777e+02 1.764e+02)
s>                ( QUESTION0_2_R 1 2.740e+04 6.753e+02 1.334e+03
s>                    ( QUESTION2 -1 1.897e+04 5.753e+02 9.400e+02
s>                        ( - 2.504e+03 2 0 QUESTION0_3_R 1 1.377e+02 1.465e+02)
s>                        ( - 1.589e+04 6 0 QUESTION0_3_R 1 3.983e+02 7.934e+02))
s>                    ( - 7.751e+03 5 0 WDBNDRY_B 0 3.426e+02 3.938e+02)))))INFO: dtree.c(1315): Comp split 0
INFO: dtree.c(1439): stop. leaf nodes are specific
INFO: dtree.c(1478): Final simple tree
|( QUESTION0_1_R 1 2.057e+04 1.105e+03 1.035e+03
|    ( - 3.830e+03 1 0)
|    ( WDBNDRY_B 0 1.564e+04 6.043e+02 8.050e+02
|        ( QUESTION0 -1 1.069e+04 4.723e+02 5.564e+02
|            ( QUESTION0_3_R 1 2.504e+03 1.377e+02 1.465e+02
|                ( - 1.785e+03 1 0)
|                ( - 5.807e+02 1 0))
|            ( QUESTION0_3_R 1 7.712e+03 2.494e+02 4.098e+02
|                ( - 6.062e+03 2 0)
|                ( - 1.402e+03 1 0)))
|        ( QUESTION0_3_R 1 4.347e+03 1.517e+02 2.486e+02
|            ( - 3.479e+03 1 0)
|            ( - 7.168e+02 1 0))))
s>    ( QUESTION0_1_R 1 2.057e+04 1.105e+03 1.035e+03
s>        ( - 3.830e+03 1 0)
s>        ( WDBNDRY_B 0 1.564e+04 6.043e+02 8.050e+02
s>            ( QUESTION0 -1 1.069e+04 4.723e+02 5.564e+02
s>                ( QUESTION0_3_R 1 2.504e+03 1.377e+02 1.465e+02
s>                    ( - 1.785e+03 1 0)
s>                    ( - 5.807e+02 1 0))
s>                ( QUESTION0_3_R 1 7.712e+03 2.494e+02 4.098e+02
s>                    ( - 6.062e+03 2 0)
s>                    ( - 1.402e+03 1 0)))
s>            ( QUESTION0_3_R 1 4.347e+03 1.517e+02 2.486e+02
s>                ( - 3.479e+03 1 0)
s>                ( - 7.168e+02 1 0))))INFO: dtree.c(1478): Final simple tree
|( QUESTION4 1 6.425e+04 1.708e+03 3.138e+03
|    ( QUESTION1 -1 3.412e+04 1.200e+03 1.774e+03
|        ( WDBNDRY_B 0 1.680e+04 4.136e+02 8.944e+02
|            ( - 1.150e+04 1 0)
|            ( - 4.894e+03 2 0 QUESTION0_1_R 1 2.554e+02 2.791e+02))
|        ( QUESTION0 -1 1.612e+04 4.526e+02 8.795e+02
|            ( - 9.153e+03 3 0 WDBNDRY_B 0 2.678e+02 5.171e+02)
|            ( - 6.509e+03 6 0 QUESTION6 -1 3.018e+02 3.624e+02)))
|    ( QUESTION0_7_R 1 2.843e+04 1.382e+03 1.364e+03
|        ( - 2.776e+03 2 0 WDBNDRY_E 0 1.777e+02 1.764e+02)
|        ( QUESTION0_2_R 1 2.427e+04 6.260e+02 1.187e+03
|            ( QUESTION0_3_R 1 1.589e+04 3.983e+02 7.934e+02
|                ( - 1.235e+04 5 0 QUESTION2_0_L -1 3.490e+02 6.214e+02)
|                ( - 3.145e+03 1 0))
|            ( - 7.751e+03 5 0 WDBNDRY_B 0 3.426e+02 3.938e+02))))
s>    ( QUESTION4 1 6.425e+04 1.708e+03 3.138e+03
s>        ( QUESTION1 -1 3.412e+04 1.200e+03 1.774e+03
s>            ( WDBNDRY_B 0 1.680e+04 4.136e+02 8.944e+02
s>                ( - 1.150e+04 1 0)
s>                ( - 4.894e+03 2 0 QUESTION0_1_R 1 2.554e+02 2.791e+02))
s>            ( QUESTION0 -1 1.612e+04 4.526e+02 8.795e+02
s>                ( - 9.153e+03 3 0 WDBNDRY_B 0 2.678e+02 5.171e+02)
s>                ( - 6.509e+03 6 0 QUESTION6 -1 3.018e+02 3.624e+02)))
s>        ( QUESTION0_7_R 1 2.843e+04 1.382e+03 1.364e+03
s>            ( - 2.776e+03 2 0 WDBNDRY_E 0 1.777e+02 1.764e+02)
s>            ( QUESTION0_2_R 1 2.427e+04 6.260e+02 1.187e+03
s>                ( QUESTION0_3_R 1 1.589e+04 3.983e+02 7.934e+02
s>                    ( - 1.235e+04 5 0 QUESTION2_0_L -1 3.490e+02 6.214e+02)
s>                    ( - 3.145e+03 1 0))
s>                ( - 7.751e+03 5 0 WDBNDRY_B 0 3.426e+02 3.938e+02))))INFO: dtree.c(1315): Comp split 1
INFO: dtree.c(1478): Final simple tree
|( QUESTION0 -1 1.612e+04 4.526e+02 8.795e+02
|    ( WDBNDRY_B 0 9.153e+03 2.678e+02 5.171e+02
|        ( - 4.275e+03 1 0)
|        ( - 4.611e+03 2 0 QUESTION3 -1 1.402e+02 2.706e+02))
|    ( QUESTION6 -1 6.509e+03 3.018e+02 3.624e+02
|        ( QUESTION10 -1 2.851e+03 2.146e+02 1.618e+02
|            ( - 6.726e+02 1 0)
|            ( QUESTION2_1_L -1 1.964e+03 1.538e+02 1.138e+02
|                ( - 5.707e+02 1 0)
|                ( - 1.239e+03 1 0)))
|        ( QUESTION16 -1 3.356e+03 2.081e+02 2.007e+02
|            ( - 1.544e+03 1 0)
|            ( QUESTION2_0_L -1 1.604e+03 1.549e+02 1.052e+02
|                ( - 5.688e+02 1 0)
|                ( - 8.801e+02 1 0)))))
s>    ( QUESTION0 -1 1.612e+04 4.526e+02 8.795e+02
s>        ( WDBNDRY_B 0 9.153e+03 2.678e+02 5.171e+02
s>            ( - 4.275e+03 1 0)
s>            ( - 4.611e+03 2 0 QUESTION3 -1 1.402e+02 2.706e+02))
s>        ( QUESTION6 -1 6.509e+03 3.018e+02 3.624e+02
s>            ( QUESTION10 -1 2.851e+03 2.146e+02 1.618e+02
s>                ( - 6.726e+02 1 0)
s>                ( QUESTION2_1_L -1 1.964e+03 1.538e+02 1.138e+02
s>                    ( - 5.707e+02 1 0)
s>                    ( - 1.239e+03 1 0)))
s>            ( QUESTION16 -1 3.356e+03 2.081e+02 2.007e+02
s>                ( - 1.544e+03 1 0)
s>                ( QUESTION2_0_L -1 1.604e+03 1.549e+02 1.052e+02
s>                    ( - 5.688e+02 1 0)
s>                    ( - 8.801e+02 1 0)))))INFO: dtree.c(1478): Final simple tree
|( QUESTION0_7_R 1 4.642e+04 1.465e+03 2.258e+03
|    ( - 2.776e+03 2 0 WDBNDRY_E 0 1.777e+02 1.764e+02)
|    ( QUESTION4 1 4.218e+04 1.110e+03 2.082e+03
|        ( WDBNDRY_B 0 1.680e+04 4.136e+02 8.944e+02
|            ( - 1.150e+04 1 0)
|            ( - 4.894e+03 2 0 QUESTION0_1_R 1 2.554e+02 2.791e+02))
|        ( QUESTION0_2_R 1 2.427e+04 6.260e+02 1.187e+03
|            ( QUESTION0_3_R 1 1.589e+04 3.983e+02 7.934e+02
|                ( QUESTION2_0_L -1 1.235e+04 3.490e+02 6.214e+02
|                    ( - 1.001e+04 2 0)
|                    ( - 1.991e+03 3 0 QUESTION0 -1 1.912e+02 1.149e+02))
|                ( - 3.145e+03 1 0))
|            ( WDBNDRY_B 0 7.751e+03 3.426e+02 3.938e+02
|                ( - 3.677e+03 3 0 QUESTION1 -1 2.293e+02 1.969e+02)
|                ( - 3.731e+03 2 0 QUESTION2_1_L -1 2.975e+02 1.968e+02)))))
s>    ( QUESTION0_7_R 1 4.642e+04 1.465e+03 2.258e+03
s>        ( - 2.776e+03 2 0 WDBNDRY_E 0 1.777e+02 1.764e+02)
s>        ( QUESTION4 1 4.218e+04 1.110e+03 2.082e+03
s>            ( WDBNDRY_B 0 1.680e+04 4.136e+02 8.944e+02
s>                ( - 1.150e+04 1 0)
s>                ( - 4.894e+03 2 0 QUESTION0_1_R 1 2.554e+02 2.791e+02))
s>            ( QUESTION0_2_R 1 2.427e+04 6.260e+02 1.187e+03
s>                ( QUESTION0_3_R 1 1.589e+04 3.983e+02 7.934e+02
s>                    ( QUESTION2_0_L -1 1.235e+04 3.490e+02 6.214e+02
s>                        ( - 1.001e+04 2 0)
s>                        ( - 1.991e+03 3 0 QUESTION0 -1 1.912e+02 1.149e+02))
s>                    ( - 3.145e+03 1 0))
s>                ( WDBNDRY_B 0 7.751e+03 3.426e+02 3.938e+02
s>                    ( - 3.677e+03 3 0 QUESTION1 -1 2.293e+02 1.969e+02)
s>                    ( - 3.731e+03 2 0 QUESTION2_1_L -1 2.975e+02 1.968e+02)))))INFO: dtree.c(1315): Comp split 2
INFO: dtree.c(1478): Final simple tree
|( QUESTION4 1 4.218e+04 1.110e+03 2.082e+03
|    ( WDBNDRY_B 0 1.680e+04 4.136e+02 8.944e+02
|        ( - 1.150e+04 1 0)
|        ( - 4.894e+03 2 0 QUESTION0_1_R 1 2.554e+02 2.791e+02))
|    ( QUESTION0_2_R 1 2.427e+04 6.260e+02 1.187e+03
|        ( QUESTION0_3_R 1 1.589e+04 3.983e+02 7.934e+02
|            ( QUESTION2_0_L -1 1.235e+04 3.490e+02 6.214e+02
|                ( - 1.001e+04 2 0)
|                ( - 1.991e+03 3 0 QUESTION0 -1 1.912e+02 1.149e+02))
|            ( - 3.145e+03 1 0))
|        ( WDBNDRY_B 0 7.751e+03 3.426e+02 3.938e+02
|            ( - 3.677e+03 3 0 QUESTION1 -1 2.293e+02 1.969e+02)
|            ( QUESTION2_1_L -1 3.731e+03 2.975e+02 1.968e+02
|                ( - 5.917e+02 1 0)
|                ( - 2.842e+03 1 0)))))
s>    ( QUESTION4 1 4.218e+04 1.110e+03 2.082e+03
s>        ( WDBNDRY_B 0 1.680e+04 4.136e+02 8.944e+02
s>            ( - 1.150e+04 1 0)
s>            ( - 4.894e+03 2 0 QUESTION0_1_R 1 2.554e+02 2.791e+02))
s>        ( QUESTION0_2_R 1 2.427e+04 6.260e+02 1.187e+03
s>            ( QUESTION0_3_R 1 1.589e+04 3.983e+02 7.934e+02
s>                ( QUESTION2_0_L -1 1.235e+04 3.490e+02 6.214e+02
s>                    ( - 1.001e+04 2 0)
s>                    ( - 1.991e+03 3 0 QUESTION0 -1 1.912e+02 1.149e+02))
s>                ( - 3.145e+03 1 0))
s>            ( WDBNDRY_B 0 7.751e+03 3.426e+02 3.938e+02
s>                ( - 3.677e+03 3 0 QUESTION1 -1 2.293e+02 1.969e+02)
s>                ( QUESTION2_1_L -1 3.731e+03 2.975e+02 1.968e+02
s>                    ( - 5.917e+02 1 0)
s>                    ( - 2.842e+03 1 0)))))INFO: dtree.c(1439): stop. leaf nodes are specific
INFO: dtree.c(1478): Final simple tree
|( WDBNDRY_E 0 2.776e+03 1.777e+02 1.764e+02
|    ( - 3.124e+02 1 0)
|    ( - 2.286e+03 1 0))
s>    ( WDBNDRY_E 0 2.776e+03 1.777e+02 1.764e+02
s>        ( - 3.124e+02 1 0)
s>        ( - 2.286e+03 1 0))INFO: dtree.c(1315): Comp split 3
INFO: dtree.c(1439): stop. leaf nodes are specific
INFO: dtree.c(1478): Final simple tree
|( WDBNDRY_B 0 2.001e+04 4.359e+02 1.053e+03
|    ( - 1.150e+04 1 0)
|    ( QUESTION0_0_R 1 8.080e+03 3.440e+02 4.375e+02
|        ( QUESTION0_1_R 1 4.894e+03 2.554e+02 2.791e+02
|            ( - 2.267e+03 1 0)
|            ( - 2.372e+03 1 0))
|        ( - 2.842e+03 1 0)))
s>    ( WDBNDRY_B 0 2.001e+04 4.359e+02 1.053e+03
s>        ( - 1.150e+04 1 0)
s>        ( QUESTION0_0_R 1 8.080e+03 3.440e+02 4.375e+02
s>            ( QUESTION0_1_R 1 4.894e+03 2.554e+02 2.791e+02
s>                ( - 2.267e+03 1 0)
s>                ( - 2.372e+03 1 0))
s>            ( - 2.842e+03 1 0)))INFO: dtree.c(1478): Final simple tree
|( QUESTION0_2_R 1 2.092e+04 5.798e+02 1.029e+03
|    ( QUESTION0_3_R 1 1.589e+04 3.983e+02 7.934e+02
|        ( QUESTION2_0_L -1 1.235e+04 3.490e+02 6.214e+02
|            ( - 1.001e+04 2 0)
|            ( QUESTION0 -1 1.991e+03 1.912e+02 1.149e+02
|                ( - 7.585e+02 1 0)
|                ( - 1.041e+03 2 0)))
|        ( - 3.145e+03 1 0))
|    ( QUESTION1 -1 4.452e+03 2.012e+02 2.354e+02
|        ( WDBNDRY_B 0 3.128e+03 2.112e+02 1.709e+02
|            ( - 2.326e+03 1 0)
|            ( - 5.917e+02 1 0))
|        ( QUESTION0 -1 1.123e+03 1.166e+02 6.454e+01
|            ( - 4.393e+02 1 0)
|            ( - 5.667e+02 1 0))))
s>    ( QUESTION0_2_R 1 2.092e+04 5.798e+02 1.029e+03
s>        ( QUESTION0_3_R 1 1.589e+04 3.983e+02 7.934e+02
s>            ( QUESTION2_0_L -1 1.235e+04 3.490e+02 6.214e+02
s>                ( - 1.001e+04 2 0)
s>                ( QUESTION0 -1 1.991e+03 1.912e+02 1.149e+02
s>                    ( - 7.585e+02 1 0)
s>                    ( - 1.041e+03 2 0)))
s>            ( - 3.145e+03 1 0))
s>        ( QUESTION1 -1 4.452e+03 2.012e+02 2.354e+02
s>            ( WDBNDRY_B 0 3.128e+03 2.112e+02 1.709e+02
s>                ( - 2.326e+03 1 0)
s>                ( - 5.917e+02 1 0))
s>            ( QUESTION0 -1 1.123e+03 1.166e+02 6.454e+01
s>                ( - 4.393e+02 1 0)
s>                ( - 5.667e+02 1 0))))INFO: dtree.c(1315): Comp split 4
INFO: dtree.c(1439): stop. leaf nodes are specific
INFO: dtree.c(1478): Final simple tree
|( WDBNDRY_B 0 1.564e+04 6.043e+02 8.050e+02
|    ( QUESTION0 -1 1.069e+04 4.723e+02 5.564e+02
|        ( QUESTION0_3_R 1 2.504e+03 1.377e+02 1.465e+02
|            ( - 1.785e+03 1 0)
|            ( - 5.807e+02 1 0))
|        ( QUESTION0_3_R 1 7.712e+03 2.494e+02 4.098e+02
|            ( - 6.062e+03 2 0)
|            ( - 1.402e+03 1 0)))
|    ( QUESTION0_3_R 1 4.347e+03 1.517e+02 2.486e+02
|        ( - 3.479e+03 1 0)
|        ( - 7.168e+02 1 0)))
s>    ( WDBNDRY_B 0 1.564e+04 6.043e+02 8.050e+02
s>        ( QUESTION0 -1 1.069e+04 4.723e+02 5.564e+02
s>            ( QUESTION0_3_R 1 2.504e+03 1.377e+02 1.465e+02
s>                ( - 1.785e+03 1 0)
s>                ( - 5.807e+02 1 0))
s>            ( QUESTION0_3_R 1 7.712e+03 2.494e+02 4.098e+02
s>                ( - 6.062e+03 2 0)
s>                ( - 1.402e+03 1 0)))
s>        ( QUESTION0_3_R 1 4.347e+03 1.517e+02 2.486e+02
s>            ( - 3.479e+03 1 0)
s>            ( - 7.168e+02 1 0)))INFO: dtree.c(1315): Comp split 5
INFO: dtree.c(1439): stop. leaf nodes are specific
INFO: dtree.c(1478): Final simple tree
|( QUESTION0 -1 1.069e+04 4.723e+02 5.564e+02
|    ( QUESTION0_3_R 1 2.504e+03 1.377e+02 1.465e+02
|        ( - 1.785e+03 1 0)
|        ( - 5.807e+02 1 0))
|    ( QUESTION0_3_R 1 7.712e+03 2.494e+02 4.098e+02
|        ( - 6.062e+03 2 0)
|        ( - 1.402e+03 1 0)))
s>    ( QUESTION0 -1 1.069e+04 4.723e+02 5.564e+02
s>        ( QUESTION0_3_R 1 2.504e+03 1.377e+02 1.465e+02
s>            ( - 1.785e+03 1 0)
s>            ( - 5.807e+02 1 0))
s>        ( QUESTION0_3_R 1 7.712e+03 2.494e+02 4.098e+02
s>            ( - 6.062e+03 2 0)
s>            ( - 1.402e+03 1 0)))INFO: dtree.c(1439): stop. leaf nodes are specific
INFO: dtree.c(1478): Final simple tree
|( QUESTION0_3_R 1 4.347e+03 1.517e+02 2.486e+02
|    ( - 3.479e+03 1 0)
|    ( - 7.168e+02 1 0))
s>    ( QUESTION0_3_R 1 4.347e+03 1.517e+02 2.486e+02
s>        ( - 3.479e+03 1 0)
s>        ( - 7.168e+02 1 0))INFO: dtree.c(1315): Comp split 6
INFO: dtree.c(1439): stop. leaf nodes are specific
INFO: dtree.c(1478): Final simple tree
|( QUESTION1 -1 4.452e+03 2.012e+02 2.354e+02
|    ( WDBNDRY_B 0 3.128e+03 2.112e+02 1.709e+02
|        ( - 2.326e+03 1 0)
|        ( - 5.917e+02 1 0))
|    ( QUESTION0 -1 1.123e+03 1.166e+02 6.454e+01
|        ( - 4.393e+02 1 0)
|        ( - 5.667e+02 1 0)))
s>    ( QUESTION1 -1 4.452e+03 2.012e+02 2.354e+02
s>        ( WDBNDRY_B 0 3.128e+03 2.112e+02 1.709e+02
s>            ( - 2.326e+03 1 0)
s>            ( - 5.917e+02 1 0))
s>        ( QUESTION0 -1 1.123e+03 1.166e+02 6.454e+01
s>            ( - 4.393e+02 1 0)
s>            ( - 5.667e+02 1 0)))INFO: dtree.c(1439): stop. leaf nodes are specific
INFO: dtree.c(1478): Final simple tree
|( QUESTION0_3_R 1 1.589e+04 3.983e+02 7.934e+02
|    ( QUESTION2_0_L -1 1.235e+04 3.490e+02 6.214e+02
|        ( - 1.001e+04 2 0)
|        ( QUESTION0 -1 1.991e+03 1.912e+02 1.149e+02
|            ( - 7.585e+02 1 0)
|            ( - 1.041e+03 2 0)))
|    ( - 3.145e+03 1 0))
s>    ( QUESTION0_3_R 1 1.589e+04 3.983e+02 7.934e+02
s>        ( QUESTION2_0_L -1 1.235e+04 3.490e+02 6.214e+02
s>            ( - 1.001e+04 2 0)
s>            ( QUESTION0 -1 1.991e+03 1.912e+02 1.149e+02
s>                ( - 7.585e+02 1 0)
s>                ( - 1.041e+03 2 0)))
s>        ( - 3.145e+03 1 0))INFO: dtree.c(1315): Comp split 7
INFO: dtree.c(1439): stop. leaf nodes are specific
INFO: dtree.c(1478): Final simple tree
|( WDBNDRY_B 0 9.898e+03 2.703e+02 5.559e+02
|    ( QUESTION0 -1 5.017e+03 1.710e+02 2.853e+02
|        ( - 4.275e+03 1 0)
|        ( - 5.707e+02 1 0))
|    ( QUESTION3 -1 4.611e+03 1.402e+02 2.706e+02
|        ( - 3.977e+03 1 0)
|        ( - 4.932e+02 1 0)))
s>    ( WDBNDRY_B 0 9.898e+03 2.703e+02 5.559e+02
s>        ( QUESTION0 -1 5.017e+03 1.710e+02 2.853e+02
s>            ( - 4.275e+03 1 0)
s>            ( - 5.707e+02 1 0))
s>        ( QUESTION3 -1 4.611e+03 1.402e+02 2.706e+02
s>            ( - 3.977e+03 1 0)
s>            ( - 4.932e+02 1 0)))INFO: dtree.c(1439): stop. leaf nodes are specific
INFO: dtree.c(1478): Final simple tree
|( QUESTION19 -1 5.727e+03 2.689e+02 3.237e+02
|    ( QUESTION2_0_L -1 1.604e+03 1.549e+02 1.052e+02
|        ( - 5.688e+02 1 0)
|        ( - 8.801e+02 1 0))
|    ( QUESTION14 -1 3.854e+03 2.265e+02 2.185e+02
|        ( - 1.239e+03 1 0)
|        ( QUESTION6 -1 2.388e+03 1.713e+02 1.435e+02
|            ( - 6.726e+02 1 0)
|            ( - 1.544e+03 1 0))))
s>    ( QUESTION19 -1 5.727e+03 2.689e+02 3.237e+02
s>        ( QUESTION2_0_L -1 1.604e+03 1.549e+02 1.052e+02
s>            ( - 5.688e+02 1 0)
s>            ( - 8.801e+02 1 0))
s>        ( QUESTION14 -1 3.854e+03 2.265e+02 2.185e+02
s>            ( - 1.239e+03 1 0)
s>            ( QUESTION6 -1 2.388e+03 1.713e+02 1.435e+02
s>                ( - 6.726e+02 1 0)
s>                ( - 1.544e+03 1 0))))INFO: dtree.c(1315): Comp split 8
INFO: dtree.c(1439): stop. leaf nodes are specific
INFO: dtree.c(1478): Final simple tree
|( QUESTION0_3_R 1 7.712e+03 2.494e+02 4.098e+02
|    ( - 6.062e+03 2 0)
|    ( - 1.402e+03 1 0))
s>    ( QUESTION0_3_R 1 7.712e+03 2.494e+02 4.098e+02
s>        ( - 6.062e+03 2 0)
s>        ( - 1.402e+03 1 0))INFO: dtree.c(1439): stop. leaf nodes are specific
INFO: dtree.c(1478): Final simple tree
|( QUESTION0_3_R 1 2.504e+03 1.377e+02 1.465e+02
|    ( - 1.785e+03 1 0)
|    ( - 5.807e+02 1 0))
s>    ( QUESTION0_3_R 1 2.504e+03 1.377e+02 1.465e+02
s>        ( - 1.785e+03 1 0)
s>        ( - 5.807e+02 1 0))INFO: dtree.c(1315): Comp split 9
INFO: dtree.c(1439): stop. leaf nodes are specific
INFO: dtree.c(1478): Final simple tree
|( QUESTION0_0_R 1 8.080e+03 3.440e+02 4.375e+02
|    ( QUESTION0_1_R 1 4.894e+03 2.554e+02 2.791e+02
|        ( - 2.267e+03 1 0)
|        ( - 2.372e+03 1 0))
|    ( - 2.842e+03 1 0))
s>    ( QUESTION0_0_R 1 8.080e+03 3.440e+02 4.375e+02
s>        ( QUESTION0_1_R 1 4.894e+03 2.554e+02 2.791e+02
s>            ( - 2.267e+03 1 0)
s>            ( - 2.372e+03 1 0))
s>        ( - 2.842e+03 1 0))INFO: dtree.c(1315): Comp split 10
INFO: dtree.c(1439): stop. leaf nodes are specific
INFO: dtree.c(1478): Final simple tree
|( QUESTION2_0_L -1 1.235e+04 3.490e+02 6.214e+02
|    ( - 1.001e+04 2 0)
|    ( QUESTION0 -1 1.991e+03 1.912e+02 1.149e+02
|        ( - 7.585e+02 1 0)
|        ( - 1.041e+03 2 0)))
s>    ( QUESTION2_0_L -1 1.235e+04 3.490e+02 6.214e+02
s>        ( - 1.001e+04 2 0)
s>        ( QUESTION0 -1 1.991e+03 1.912e+02 1.149e+02
s>            ( - 7.585e+02 1 0)
s>            ( - 1.041e+03 2 0)))INFO: dtree.c(1315): Comp split 11
INFO: dtree.c(1439): stop. leaf nodes are specific
INFO: dtree.c(1478): Final simple tree
|( QUESTION0 -1 1.991e+03 1.912e+02 1.149e+02
|    ( - 7.585e+02 1 0)
|    ( - 1.041e+03 2 0))
s>    ( QUESTION0 -1 1.991e+03 1.912e+02 1.149e+02
s>        ( - 7.585e+02 1 0)
s>        ( - 1.041e+03 2 0))INFO: dtree.c(1315): Comp split 12
INFO: dtree.c(1439): stop. leaf nodes are specific
INFO: dtree.c(1478): Final simple tree
|( QUESTION0_1_R 1 4.894e+03 2.554e+02 2.791e+02
|    ( - 2.267e+03 1 0)
|    ( - 2.372e+03 1 0))
s>    ( QUESTION0_1_R 1 4.894e+03 2.554e+02 2.791e+02
s>        ( - 2.267e+03 1 0)
s>        ( - 2.372e+03 1 0))INFO: dtree.c(1315): Comp split 13
INFO: dtree.c(1439): stop. leaf nodes are specific
INFO: dtree.c(1478): Final simple tree
|( WDBNDRY_B 0 1.851e+03 1.364e+02 1.030e+02
|    ( QUESTION0 -1 1.123e+03 1.166e+02 6.454e+01
|        ( - 4.393e+02 1 0)
|        ( - 5.667e+02 1 0))
|    ( - 5.917e+02 1 0))
s>    ( WDBNDRY_B 0 1.851e+03 1.364e+02 1.030e+02
s>        ( QUESTION0 -1 1.123e+03 1.166e+02 6.454e+01
s>            ( - 4.393e+02 1 0)
s>            ( - 5.667e+02 1 0))
s>        ( - 5.917e+02 1 0))INFO: dtree.c(1315): Comp split 14
INFO: dtree.c(1439): stop. leaf nodes are specific
INFO: dtree.c(1478): Final simple tree
|( QUESTION6 -1 2.388e+03 1.713e+02 1.435e+02
|    ( - 6.726e+02 1 0)
|    ( - 1.544e+03 1 0))
s>    ( QUESTION6 -1 2.388e+03 1.713e+02 1.435e+02
s>        ( - 6.726e+02 1 0)
s>        ( - 1.544e+03 1 0))INFO: dtree.c(1439): stop. leaf nodes are specific
INFO: dtree.c(1478): Final simple tree
|( QUESTION6 -1 3.064e+03 2.205e+02 1.802e+02
|    ( - 1.239e+03 1 0)
|    ( QUESTION2_0_L -1 1.604e+03 1.549e+02 1.052e+02
|        ( - 5.688e+02 1 0)
|        ( - 8.801e+02 1 0)))
s>    ( QUESTION6 -1 3.064e+03 2.205e+02 1.802e+02
s>        ( - 1.239e+03 1 0)
s>        ( QUESTION2_0_L -1 1.604e+03 1.549e+02 1.052e+02
s>            ( - 5.688e+02 1 0)
s>            ( - 8.801e+02 1 0)))INFO: dtree.c(1315): Comp split 15
INFO: dtree.c(1439): stop. leaf nodes are specific
INFO: dtree.c(1478): Final simple tree
|( QUESTION3 -1 4.611e+03 1.402e+02 2.706e+02
|    ( - 3.977e+03 1 0)
|    ( - 4.932e+02 1 0))
s>    ( QUESTION3 -1 4.611e+03 1.402e+02 2.706e+02
s>        ( - 3.977e+03 1 0)
s>        ( - 4.932e+02 1 0))INFO: dtree.c(1439): stop. leaf nodes are specific
INFO: dtree.c(1478): Final simple tree
|( QUESTION0 -1 5.017e+03 1.710e+02 2.853e+02
|    ( - 4.275e+03 1 0)
|    ( - 5.707e+02 1 0))
s>    ( QUESTION0 -1 5.017e+03 1.710e+02 2.853e+02
s>        ( - 4.275e+03 1 0)
s>        ( - 5.707e+02 1 0))INFO: dtree.c(1315): Comp split 16
INFO: dtree.c(1315): Comp split 17
INFO: dtree.c(1315): Comp split 18
INFO: dtree.c(1439): stop. leaf nodes are specific
INFO: dtree.c(1478): Final simple tree
|( QUESTION2_0_L -1 1.604e+03 1.549e+02 1.052e+02
|    ( - 5.688e+02 1 0)
|    ( - 8.801e+02 1 0))
s>    ( QUESTION2_0_L -1 1.604e+03 1.549e+02 1.052e+02
s>        ( - 5.688e+02 1 0)
s>        ( - 8.801e+02 1 0))INFO: dtree.c(1315): Comp split 19
INFO: dtree.c(1315): Comp split 20
INFO: dtree.c(1315): Comp split 21
INFO: dtree.c(1315): Comp split 22
INFO: dtree.c(1315): Comp split 23
INFO: dtree.c(1315): Comp split 24
INFO: dtree.c(1315): Comp split 25
INFO: dtree.c(1315): Comp split 26
INFO: dtree.c(1315): Comp split 27
INFO: dtree.c(1439): stop. leaf nodes are specific
INFO: dtree.c(1478): Final simple tree
|( QUESTION0 -1 1.123e+03 1.166e+02 6.454e+01
|    ( - 4.393e+02 1 0)
|    ( - 5.667e+02 1 0))
s>    ( QUESTION0 -1 1.123e+03 1.166e+02 6.454e+01
s>        ( - 4.393e+02 1 0)
s>        ( - 5.667e+02 1 0))INFO: dtree.c(1315): Comp split 28
INFO: dtree.c(1315): Comp split 29
INFO: dtree.c(1318): stop. leaf nodes are specific
Fri Dec  3 07:39:00 2021
