Current configuration:
[NAME]		[DEFLT]	[VALUE]
-allphones	no	no
-cntthresh	0.00001	1.000000e-05
-csplitmax	100	2000
-csplitmin	1	1
-csplitthr	8e-4	0.000000e+00
-example	no	no
-fullvar	no	no
-help		no	no
-meanfn			
-mixwfn			/home/azhar/Tubes_Speech/commandreminder/model_parameters/commandreminder.cd_ptm_untied/mixture_weights
-moddeffn		/home/azhar/Tubes_Speech/commandreminder/model_architecture/commandreminder.untied.mdef
-mwfloor	1e-4	1.000000e-08
-phone			R
-psetfn			/home/azhar/Tubes_Speech/commandreminder/model_architecture/commandreminder.tree_questions
-ssplitmax	5	7
-ssplitmin	1	1
-ssplitthr	8e-4	0.000000e+00
-state			2
-stwt			1.0,0.05,0.0,
-treefn			/home/azhar/Tubes_Speech/commandreminder/trees/commandreminder.unpruned/R-2.dtree
-ts2cbfn	.semi.	.semi.
-varfloor	0.00001	1.000000e-05
-varfn			

INFO: main.c(223): Reading: /home/azhar/Tubes_Speech/commandreminder/model_architecture/commandreminder.untied.mdef
INFO: model_def_io.c(573): Model definition info:
INFO: model_def_io.c(574): 1061 total models defined (31 base, 1030 tri)
INFO: model_def_io.c(575): 4244 total states
INFO: model_def_io.c(576): 3183 total tied states
INFO: model_def_io.c(577): 93 total tied CI states
INFO: model_def_io.c(578): 31 total tied transition matrices
INFO: model_def_io.c(579): 4 max state/model
INFO: model_def_io.c(580): 4 min state/model
INFO: main.c(242): Building trees for [R A A b] through [R U V i]
INFO: main.c(269): Covering states |[2460 2621]| == 162
INFO: main.c(275): Reading: /home/azhar/Tubes_Speech/commandreminder/model_parameters/commandreminder.cd_ptm_untied/mixture_weights
INFO: s3mixw_io.c(173): Read /home/azhar/Tubes_Speech/commandreminder/model_parameters/commandreminder.cd_ptm_untied/mixture_weights [162x4x64 array]
INFO: main.c(311): 54 of 54 models have observation count greater than 0.000010
INFO: main.c(95): nrm stwt: 0.000 0.048 0.952 
INFO: main.c(411): 54-class entropy: 9.296232e+04
INFO: main.c(549): Reading: /home/azhar/Tubes_Speech/commandreminder/model_architecture/commandreminder.tree_questions
INFO: main.c(588): 174 total simple questions (166 phone; 8 word bndry)
INFO: main.c(590): 40 Left Only questions, and 42 Right Only questions
INFO: dtree.c(1478): Final simple tree
|( QUESTION3 1 1.228e+05 7.584e+03 5.494e+03
|    ( QUESTION2 -1 3.488e+04 9.487e+02 1.877e+03
|        ( - 5.796e+03 1 0)
|        ( - 2.813e+04 4 0 QUESTION0 -1 3.637e+02 1.550e+03))
|    ( QUESTION0_2_R 1 8.037e+04 4.252e+03 3.616e+03
|        ( QUESTION0_3_R 1 2.360e+04 1.108e+03 1.167e+03
|            ( - 1.059e+04 11 0 QUESTION4 -1 5.401e+02 5.152e+02)
|            ( - 1.190e+04 9 0 QUESTION3 -1 3.534e+02 6.523e+02))
|        ( SILENCE 1 5.251e+04 2.821e+03 2.449e+03
|            ( - 1.353e+04 1 0)
|            ( QUESTION0_8_R 1 3.616e+04 1.342e+03 1.686e+03
|                ( QUESTION11 1 2.261e+04 1.104e+03 1.116e+03
|                    ( - 6.314e+03 2 0)
|                    ( - 1.520e+04 13 0 QUESTION7 1 5.045e+02 7.656e+02))
|                ( - 1.221e+04 13 0 QUESTION0_0_R 1 5.668e+02 5.708e+02)))))
s>    ( QUESTION3 1 1.228e+05 7.584e+03 5.494e+03
s>        ( QUESTION2 -1 3.488e+04 9.487e+02 1.877e+03
s>            ( - 5.796e+03 1 0)
s>            ( - 2.813e+04 4 0 QUESTION0 -1 3.637e+02 1.550e+03))
s>        ( QUESTION0_2_R 1 8.037e+04 4.252e+03 3.616e+03
s>            ( QUESTION0_3_R 1 2.360e+04 1.108e+03 1.167e+03
s>                ( - 1.059e+04 11 0 QUESTION4 -1 5.401e+02 5.152e+02)
s>                ( - 1.190e+04 9 0 QUESTION3 -1 3.534e+02 6.523e+02))
s>            ( SILENCE 1 5.251e+04 2.821e+03 2.449e+03
s>                ( - 1.353e+04 1 0)
s>                ( QUESTION0_8_R 1 3.616e+04 1.342e+03 1.686e+03
s>                    ( QUESTION11 1 2.261e+04 1.104e+03 1.116e+03
s>                        ( - 6.314e+03 2 0)
s>                        ( - 1.520e+04 13 0 QUESTION7 1 5.045e+02 7.656e+02))
s>                    ( - 1.221e+04 13 0 QUESTION0_0_R 1 5.668e+02 5.708e+02)))))INFO: dtree.c(1315): Comp split 0
INFO: dtree.c(1478): Final simple tree
|( QUESTION0_2_R 1 8.037e+04 4.252e+03 3.616e+03
|    ( QUESTION0_3_R 1 2.360e+04 1.108e+03 1.167e+03
|        ( QUESTION4 -1 1.059e+04 5.401e+02 5.152e+02
|            ( - 2.521e+03 1 0)
|            ( - 7.531e+03 10 0 QUESTION2_0_L -1 3.574e+02 3.763e+02))
|        ( - 1.190e+04 9 0 QUESTION3 -1 3.534e+02 6.523e+02))
|    ( SILENCE 1 5.251e+04 2.821e+03 2.449e+03
|        ( - 1.353e+04 1 0)
|        ( QUESTION0_8_R 1 3.616e+04 1.342e+03 1.686e+03
|            ( QUESTION11 1 2.261e+04 1.104e+03 1.116e+03
|                ( - 6.314e+03 2 0)
|                ( - 1.520e+04 13 0 QUESTION7 1 5.045e+02 7.656e+02))
|            ( QUESTION0_0_R 1 1.221e+04 5.668e+02 5.708e+02
|                ( - 4.224e+03 5 0 QUESTION0 -1 3.418e+02 2.217e+02)
|                ( - 7.418e+03 8 0 QUESTION0_18_R 1 4.307e+02 3.491e+02)))))
s>    ( QUESTION0_2_R 1 8.037e+04 4.252e+03 3.616e+03
s>        ( QUESTION0_3_R 1 2.360e+04 1.108e+03 1.167e+03
s>            ( QUESTION4 -1 1.059e+04 5.401e+02 5.152e+02
s>                ( - 2.521e+03 1 0)
s>                ( - 7.531e+03 10 0 QUESTION2_0_L -1 3.574e+02 3.763e+02))
s>            ( - 1.190e+04 9 0 QUESTION3 -1 3.534e+02 6.523e+02))
s>        ( SILENCE 1 5.251e+04 2.821e+03 2.449e+03
s>            ( - 1.353e+04 1 0)
s>            ( QUESTION0_8_R 1 3.616e+04 1.342e+03 1.686e+03
s>                ( QUESTION11 1 2.261e+04 1.104e+03 1.116e+03
s>                    ( - 6.314e+03 2 0)
s>                    ( - 1.520e+04 13 0 QUESTION7 1 5.045e+02 7.656e+02))
s>                ( QUESTION0_0_R 1 1.221e+04 5.668e+02 5.708e+02
s>                    ( - 4.224e+03 5 0 QUESTION0 -1 3.418e+02 2.217e+02)
s>                    ( - 7.418e+03 8 0 QUESTION0_18_R 1 4.307e+02 3.491e+02)))))INFO: dtree.c(1439): stop. leaf nodes are specific
INFO: dtree.c(1478): Final simple tree
|( QUESTION2 -1 3.488e+04 9.487e+02 1.877e+03
|    ( - 5.796e+03 1 0)
|    ( QUESTION0 -1 2.813e+04 3.637e+02 1.550e+03
|        ( - 2.652e+04 2 0)
|        ( QUESTION7 -1 1.244e+03 1.193e+02 8.050e+01
|            ( - 9.131e+02 1 0)
|            ( - 2.118e+02 1 0))))
s>    ( QUESTION2 -1 3.488e+04 9.487e+02 1.877e+03
s>        ( - 5.796e+03 1 0)
s>        ( QUESTION0 -1 2.813e+04 3.637e+02 1.550e+03
s>            ( - 2.652e+04 2 0)
s>            ( QUESTION7 -1 1.244e+03 1.193e+02 8.050e+01
s>                ( - 9.131e+02 1 0)
s>                ( - 2.118e+02 1 0))))INFO: dtree.c(1315): Comp split 1
INFO: dtree.c(1478): Final simple tree
|( SILENCE 1 5.251e+04 2.821e+03 2.449e+03
|    ( - 1.353e+04 1 0)
|    ( QUESTION0_8_R 1 3.616e+04 1.342e+03 1.686e+03
|        ( QUESTION11 1 2.261e+04 1.104e+03 1.116e+03
|            ( - 6.314e+03 2 0)
|            ( QUESTION7 1 1.520e+04 5.045e+02 7.656e+02
|                ( - 7.056e+03 7 0 QUESTION1 -1 2.842e+02 3.703e+02)
|                ( - 7.637e+03 6 0 QUESTION4 -1 2.849e+02 3.953e+02)))
|        ( QUESTION0_0_R 1 1.221e+04 5.668e+02 5.708e+02
|            ( - 4.224e+03 5 0 QUESTION0 -1 3.418e+02 2.217e+02)
|            ( QUESTION0_18_R 1 7.418e+03 4.307e+02 3.491e+02
|                ( - 3.400e+03 2 0 WDBNDRY_E 0 1.311e+02 1.739e+02)
|                ( QUESTION0_7_R 1 3.587e+03 3.502e+02 1.752e+02
|                    ( - 1.516e+03 2 0 QUESTION1 -1 2.297e+02 8.311e+01)
|                    ( - 1.721e+03 4 0 QUESTION1 -1 1.770e+02 9.206e+01))))))
s>    ( SILENCE 1 5.251e+04 2.821e+03 2.449e+03
s>        ( - 1.353e+04 1 0)
s>        ( QUESTION0_8_R 1 3.616e+04 1.342e+03 1.686e+03
s>            ( QUESTION11 1 2.261e+04 1.104e+03 1.116e+03
s>                ( - 6.314e+03 2 0)
s>                ( QUESTION7 1 1.520e+04 5.045e+02 7.656e+02
s>                    ( - 7.056e+03 7 0 QUESTION1 -1 2.842e+02 3.703e+02)
s>                    ( - 7.637e+03 6 0 QUESTION4 -1 2.849e+02 3.953e+02)))
s>            ( QUESTION0_0_R 1 1.221e+04 5.668e+02 5.708e+02
s>                ( - 4.224e+03 5 0 QUESTION0 -1 3.418e+02 2.217e+02)
s>                ( QUESTION0_18_R 1 7.418e+03 4.307e+02 3.491e+02
s>                    ( - 3.400e+03 2 0 WDBNDRY_E 0 1.311e+02 1.739e+02)
s>                    ( QUESTION0_7_R 1 3.587e+03 3.502e+02 1.752e+02
s>                        ( - 1.516e+03 2 0 QUESTION1 -1 2.297e+02 8.311e+01)
s>                        ( - 1.721e+03 4 0 QUESTION1 -1 1.770e+02 9.206e+01))))))INFO: dtree.c(1478): Final simple tree
|( QUESTION0_3_R 1 2.360e+04 1.108e+03 1.167e+03
|    ( QUESTION4 -1 1.059e+04 5.401e+02 5.152e+02
|        ( - 2.521e+03 1 0)
|        ( QUESTION2_0_L -1 7.531e+03 3.574e+02 3.763e+02
|            ( WDBNDRY_B 0 5.505e+03 3.187e+02 2.851e+02
|                ( - 1.263e+03 3 0 QUESTION0 -1 1.234e+02 7.187e+01)
|                ( - 3.923e+03 4 0 QUESTION1 -1 2.260e+02 2.132e+02))
|            ( QUESTION1 1 1.668e+03 2.284e+02 9.121e+01
|                ( - 9.856e+02 1 0)
|                ( - 4.544e+02 2 0 QUESTION6 -1 7.339e+01 2.911e+01))))
|    ( QUESTION3 -1 1.190e+04 3.534e+02 6.523e+02
|        ( - 2.138e+03 1 0)
|        ( QUESTION2_1_L -1 9.413e+03 3.033e+02 5.210e+02
|            ( - 6.152e+03 3 0 WDBNDRY_B 0 1.032e+02 3.521e+02)
|            ( - 2.957e+03 5 0 QUESTION0_5_R 1 1.778e+02 1.689e+02))))
s>    ( QUESTION0_3_R 1 2.360e+04 1.108e+03 1.167e+03
s>        ( QUESTION4 -1 1.059e+04 5.401e+02 5.152e+02
s>            ( - 2.521e+03 1 0)
s>            ( QUESTION2_0_L -1 7.531e+03 3.574e+02 3.763e+02
s>                ( WDBNDRY_B 0 5.505e+03 3.187e+02 2.851e+02
s>                    ( - 1.263e+03 3 0 QUESTION0 -1 1.234e+02 7.187e+01)
s>                    ( - 3.923e+03 4 0 QUESTION1 -1 2.260e+02 2.132e+02))
s>                ( QUESTION1 1 1.668e+03 2.284e+02 9.121e+01
s>                    ( - 9.856e+02 1 0)
s>                    ( - 4.544e+02 2 0 QUESTION6 -1 7.339e+01 2.911e+01))))
s>        ( QUESTION3 -1 1.190e+04 3.534e+02 6.523e+02
s>            ( - 2.138e+03 1 0)
s>            ( QUESTION2_1_L -1 9.413e+03 3.033e+02 5.210e+02
s>                ( - 6.152e+03 3 0 WDBNDRY_B 0 1.032e+02 3.521e+02)
s>                ( - 2.957e+03 5 0 QUESTION0_5_R 1 1.778e+02 1.689e+02))))INFO: dtree.c(1315): Comp split 2
INFO: dtree.c(1478): Final simple tree
|( QUESTION0_8_R 1 3.616e+04 1.342e+03 1.686e+03
|    ( QUESTION11 1 2.261e+04 1.104e+03 1.116e+03
|        ( - 6.314e+03 2 0)
|        ( QUESTION7 1 1.520e+04 5.045e+02 7.656e+02
|            ( - 7.056e+03 7 0 QUESTION1 -1 2.842e+02 3.703e+02)
|            ( - 7.637e+03 6 0 QUESTION4 -1 2.849e+02 3.953e+02)))
|    ( QUESTION0_0_R 1 1.221e+04 5.668e+02 5.708e+02
|        ( QUESTION0 -1 4.224e+03 3.418e+02 2.217e+02
|            ( - 2.492e+03 4 0 WDBNDRY_B 0 2.185e+02 1.352e+02)
|            ( - 1.390e+03 1 0))
|        ( QUESTION0_18_R 1 7.418e+03 4.307e+02 3.491e+02
|            ( - 3.400e+03 2 0 WDBNDRY_E 0 1.311e+02 1.739e+02)
|            ( QUESTION0_7_R 1 3.587e+03 3.502e+02 1.752e+02
|                ( - 1.516e+03 2 0 QUESTION1 -1 2.297e+02 8.311e+01)
|                ( - 1.721e+03 4 0 QUESTION1 -1 1.770e+02 9.206e+01)))))
s>    ( QUESTION0_8_R 1 3.616e+04 1.342e+03 1.686e+03
s>        ( QUESTION11 1 2.261e+04 1.104e+03 1.116e+03
s>            ( - 6.314e+03 2 0)
s>            ( QUESTION7 1 1.520e+04 5.045e+02 7.656e+02
s>                ( - 7.056e+03 7 0 QUESTION1 -1 2.842e+02 3.703e+02)
s>                ( - 7.637e+03 6 0 QUESTION4 -1 2.849e+02 3.953e+02)))
s>        ( QUESTION0_0_R 1 1.221e+04 5.668e+02 5.708e+02
s>            ( QUESTION0 -1 4.224e+03 3.418e+02 2.217e+02
s>                ( - 2.492e+03 4 0 WDBNDRY_B 0 2.185e+02 1.352e+02)
s>                ( - 1.390e+03 1 0))
s>            ( QUESTION0_18_R 1 7.418e+03 4.307e+02 3.491e+02
s>                ( - 3.400e+03 2 0 WDBNDRY_E 0 1.311e+02 1.739e+02)
s>                ( QUESTION0_7_R 1 3.587e+03 3.502e+02 1.752e+02
s>                    ( - 1.516e+03 2 0 QUESTION1 -1 2.297e+02 8.311e+01)
s>                    ( - 1.721e+03 4 0 QUESTION1 -1 1.770e+02 9.206e+01)))))INFO: dtree.c(1315): Comp split 3
INFO: dtree.c(1478): Final simple tree
|( QUESTION13 1 2.467e+04 1.094e+03 1.208e+03
|    ( - 6.314e+03 2 0)
|    ( QUESTION7 1 1.726e+04 4.792e+02 8.577e+02
|        ( QUESTION1 -1 7.056e+03 2.842e+02 3.703e+02
|            ( QUESTION8 1 3.862e+03 2.348e+02 2.024e+02
|                ( - 2.394e+03 3 0 WDBNDRY_E 0 2.252e+02 1.321e+02)
|                ( - 1.233e+03 1 0))
|            ( - 2.910e+03 3 0 QUESTION8 1 1.343e+02 1.679e+02))
|        ( QUESTION0_7_R 1 9.723e+03 3.649e+02 4.874e+02
|            ( QUESTION4 -1 7.637e+03 2.849e+02 3.953e+02
|                ( - 1.186e+03 2 0 WDBNDRY_E 0 1.586e+02 6.806e+01)
|                ( WDBNDRY_E 0 6.165e+03 2.656e+02 3.273e+02
|                    ( - 1.878e+03 2 0 QUESTION1 -1 1.342e+02 1.065e+02)
|                    ( - 4.022e+03 2 0)))
|            ( - 1.721e+03 4 0 QUESTION1 -1 1.770e+02 9.206e+01))))
s>    ( QUESTION13 1 2.467e+04 1.094e+03 1.208e+03
s>        ( - 6.314e+03 2 0)
s>        ( QUESTION7 1 1.726e+04 4.792e+02 8.577e+02
s>            ( QUESTION1 -1 7.056e+03 2.842e+02 3.703e+02
s>                ( QUESTION8 1 3.862e+03 2.348e+02 2.024e+02
s>                    ( - 2.394e+03 3 0 WDBNDRY_E 0 2.252e+02 1.321e+02)
s>                    ( - 1.233e+03 1 0))
s>                ( - 2.910e+03 3 0 QUESTION8 1 1.343e+02 1.679e+02))
s>            ( QUESTION0_7_R 1 9.723e+03 3.649e+02 4.874e+02
s>                ( QUESTION4 -1 7.637e+03 2.849e+02 3.953e+02
s>                    ( - 1.186e+03 2 0 WDBNDRY_E 0 1.586e+02 6.806e+01)
s>                    ( WDBNDRY_E 0 6.165e+03 2.656e+02 3.273e+02
s>                        ( - 1.878e+03 2 0 QUESTION1 -1 1.342e+02 1.065e+02)
s>                        ( - 4.022e+03 2 0)))
s>                ( - 1.721e+03 4 0 QUESTION1 -1 1.770e+02 9.206e+01))))INFO: dtree.c(1478): Final simple tree
|( QUESTION0_0_R 1 1.012e+04 5.887e+02 4.788e+02
|    ( QUESTION0 -1 4.224e+03 3.418e+02 2.217e+02
|        ( WDBNDRY_B 0 2.492e+03 2.185e+02 1.352e+02
|            ( - 9.012e+02 2 0 QUESTION1 -1 1.285e+02 5.552e+01)
|            ( QUESTION1 -1 1.372e+03 1.439e+02 7.968e+01
|                ( - 9.994e+02 1 0)
|                ( - 2.289e+02 1 0)))
|        ( - 1.390e+03 1 0))
|    ( QUESTION0_7_R 1 5.307e+03 3.909e+02 2.570e+02
|        ( QUESTION1 -1 1.516e+03 2.297e+02 8.311e+01
|            ( - 7.169e+02 1 0)
|            ( - 5.696e+02 1 0))
|        ( WDBNDRY_E 0 3.400e+03 1.311e+02 1.739e+02
|            ( - 1.897e+02 1 0)
|            ( - 3.079e+03 1 0))))
s>    ( QUESTION0_0_R 1 1.012e+04 5.887e+02 4.788e+02
s>        ( QUESTION0 -1 4.224e+03 3.418e+02 2.217e+02
s>            ( WDBNDRY_B 0 2.492e+03 2.185e+02 1.352e+02
s>                ( - 9.012e+02 2 0 QUESTION1 -1 1.285e+02 5.552e+01)
s>                ( QUESTION1 -1 1.372e+03 1.439e+02 7.968e+01
s>                    ( - 9.994e+02 1 0)
s>                    ( - 2.289e+02 1 0)))
s>            ( - 1.390e+03 1 0))
s>        ( QUESTION0_7_R 1 5.307e+03 3.909e+02 2.570e+02
s>            ( QUESTION1 -1 1.516e+03 2.297e+02 8.311e+01
s>                ( - 7.169e+02 1 0)
s>                ( - 5.696e+02 1 0))
s>            ( WDBNDRY_E 0 3.400e+03 1.311e+02 1.739e+02
s>                ( - 1.897e+02 1 0)
s>                ( - 3.079e+03 1 0))))INFO: dtree.c(1315): Comp split 4
INFO: dtree.c(1478): Final simple tree
|( QUESTION4 -1 1.059e+04 5.401e+02 5.152e+02
|    ( - 2.521e+03 1 0)
|    ( QUESTION2_0_L -1 7.531e+03 3.574e+02 3.763e+02
|        ( WDBNDRY_B 0 5.505e+03 3.187e+02 2.851e+02
|            ( QUESTION0 -1 1.263e+03 1.234e+02 7.187e+01
|                ( - 3.692e+02 1 0)
|                ( - 7.704e+02 2 0))
|            ( QUESTION1 -1 3.923e+03 2.260e+02 2.132e+02
|                ( - 3.101e+03 3 0)
|                ( - 5.957e+02 1 0)))
|        ( QUESTION1 1 1.668e+03 2.284e+02 9.121e+01
|            ( - 9.856e+02 1 0)
|            ( QUESTION6 -1 4.544e+02 7.339e+01 2.911e+01
|                ( - 2.028e+02 1 0)
|                ( - 1.782e+02 1 0)))))
s>    ( QUESTION4 -1 1.059e+04 5.401e+02 5.152e+02
s>        ( - 2.521e+03 1 0)
s>        ( QUESTION2_0_L -1 7.531e+03 3.574e+02 3.763e+02
s>            ( WDBNDRY_B 0 5.505e+03 3.187e+02 2.851e+02
s>                ( QUESTION0 -1 1.263e+03 1.234e+02 7.187e+01
s>                    ( - 3.692e+02 1 0)
s>                    ( - 7.704e+02 2 0))
s>                ( QUESTION1 -1 3.923e+03 2.260e+02 2.132e+02
s>                    ( - 3.101e+03 3 0)
s>                    ( - 5.957e+02 1 0)))
s>            ( QUESTION1 1 1.668e+03 2.284e+02 9.121e+01
s>                ( - 9.856e+02 1 0)
s>                ( QUESTION6 -1 4.544e+02 7.339e+01 2.911e+01
s>                    ( - 2.028e+02 1 0)
s>                    ( - 1.782e+02 1 0)))))INFO: dtree.c(1439): stop. leaf nodes are specific
INFO: dtree.c(1478): Final simple tree
|( QUESTION3 -1 1.190e+04 3.534e+02 6.523e+02
|    ( - 2.138e+03 1 0)
|    ( QUESTION2_1_L -1 9.413e+03 3.033e+02 5.210e+02
|        ( WDBNDRY_B 0 6.152e+03 1.032e+02 3.521e+02
|            ( - 2.295e+02 1 0)
|            ( - 5.820e+03 2 0))
|        ( QUESTION0_5_R 1 2.957e+03 1.778e+02 1.689e+02
|            ( - 1.681e+02 1 0)
|            ( QUESTION2 -1 2.611e+03 1.561e+02 1.559e+02
|                ( - 1.691e+03 2 0)
|                ( WDBNDRY_B 0 7.638e+02 1.038e+02 5.145e+01
|                    ( - 3.818e+02 1 0)
|                    ( - 2.783e+02 1 0))))))
s>    ( QUESTION3 -1 1.190e+04 3.534e+02 6.523e+02
s>        ( - 2.138e+03 1 0)
s>        ( QUESTION2_1_L -1 9.413e+03 3.033e+02 5.210e+02
s>            ( WDBNDRY_B 0 6.152e+03 1.032e+02 3.521e+02
s>                ( - 2.295e+02 1 0)
s>                ( - 5.820e+03 2 0))
s>            ( QUESTION0_5_R 1 2.957e+03 1.778e+02 1.689e+02
s>                ( - 1.681e+02 1 0)
s>                ( QUESTION2 -1 2.611e+03 1.561e+02 1.559e+02
s>                    ( - 1.691e+03 2 0)
s>                    ( WDBNDRY_B 0 7.638e+02 1.038e+02 5.145e+01
s>                        ( - 3.818e+02 1 0)
s>                        ( - 2.783e+02 1 0))))))INFO: dtree.c(1315): Comp split 5
INFO: dtree.c(1478): Final simple tree
|( QUESTION7 1 1.726e+04 4.792e+02 8.577e+02
|    ( QUESTION1 -1 7.056e+03 2.842e+02 3.703e+02
|        ( QUESTION8 1 3.862e+03 2.348e+02 2.024e+02
|            ( WDBNDRY_E 0 2.394e+03 2.252e+02 1.321e+02
|                ( - 1.288e+03 2 0)
|                ( - 8.809e+02 1 0))
|            ( - 1.233e+03 1 0))
|        ( - 2.910e+03 3 0 QUESTION8 1 1.343e+02 1.679e+02))
|    ( QUESTION0_7_R 1 9.723e+03 3.649e+02 4.874e+02
|        ( QUESTION4 -1 7.637e+03 2.849e+02 3.953e+02
|            ( - 1.186e+03 2 0 WDBNDRY_E 0 1.586e+02 6.806e+01)
|            ( WDBNDRY_E 0 6.165e+03 2.656e+02 3.273e+02
|                ( - 1.878e+03 2 0 QUESTION1 -1 1.342e+02 1.065e+02)
|                ( - 4.022e+03 2 0)))
|        ( - 1.721e+03 4 0 QUESTION1 -1 1.770e+02 9.206e+01)))
s>    ( QUESTION7 1 1.726e+04 4.792e+02 8.577e+02
s>        ( QUESTION1 -1 7.056e+03 2.842e+02 3.703e+02
s>            ( QUESTION8 1 3.862e+03 2.348e+02 2.024e+02
s>                ( WDBNDRY_E 0 2.394e+03 2.252e+02 1.321e+02
s>                    ( - 1.288e+03 2 0)
s>                    ( - 8.809e+02 1 0))
s>                ( - 1.233e+03 1 0))
s>            ( - 2.910e+03 3 0 QUESTION8 1 1.343e+02 1.679e+02))
s>        ( QUESTION0_7_R 1 9.723e+03 3.649e+02 4.874e+02
s>            ( QUESTION4 -1 7.637e+03 2.849e+02 3.953e+02
s>                ( - 1.186e+03 2 0 WDBNDRY_E 0 1.586e+02 6.806e+01)
s>                ( WDBNDRY_E 0 6.165e+03 2.656e+02 3.273e+02
s>                    ( - 1.878e+03 2 0 QUESTION1 -1 1.342e+02 1.065e+02)
s>                    ( - 4.022e+03 2 0)))
s>            ( - 1.721e+03 4 0 QUESTION1 -1 1.770e+02 9.206e+01)))INFO: dtree.c(1315): Comp split 6
INFO: dtree.c(1439): stop. leaf nodes are specific
INFO: dtree.c(1478): Final simple tree
|( QUESTION0 -1 2.813e+04 3.637e+02 1.550e+03
|    ( - 2.652e+04 2 0)
|    ( QUESTION7 -1 1.244e+03 1.193e+02 8.050e+01
|        ( - 9.131e+02 1 0)
|        ( - 2.118e+02 1 0)))
s>    ( QUESTION0 -1 2.813e+04 3.637e+02 1.550e+03
s>        ( - 2.652e+04 2 0)
s>        ( QUESTION7 -1 1.244e+03 1.193e+02 8.050e+01
s>            ( - 9.131e+02 1 0)
s>            ( - 2.118e+02 1 0)))INFO: dtree.c(1315): Comp split 7
INFO: dtree.c(1439): stop. leaf nodes are specific
INFO: dtree.c(1478): Final simple tree
|( QUESTION0_7_R 1 5.307e+03 3.909e+02 2.570e+02
|    ( QUESTION1 -1 1.516e+03 2.297e+02 8.311e+01
|        ( - 7.169e+02 1 0)
|        ( - 5.696e+02 1 0))
|    ( WDBNDRY_E 0 3.400e+03 1.311e+02 1.739e+02
|        ( - 1.897e+02 1 0)
|        ( - 3.079e+03 1 0)))
s>    ( QUESTION0_7_R 1 5.307e+03 3.909e+02 2.570e+02
s>        ( QUESTION1 -1 1.516e+03 2.297e+02 8.311e+01
s>            ( - 7.169e+02 1 0)
s>            ( - 5.696e+02 1 0))
s>        ( WDBNDRY_E 0 3.400e+03 1.311e+02 1.739e+02
s>            ( - 1.897e+02 1 0)
s>            ( - 3.079e+03 1 0)))INFO: dtree.c(1439): stop. leaf nodes are specific
INFO: dtree.c(1478): Final simple tree
|( QUESTION0 -1 4.224e+03 3.418e+02 2.217e+02
|    ( WDBNDRY_B 0 2.492e+03 2.185e+02 1.352e+02
|        ( QUESTION1 -1 9.012e+02 1.285e+02 5.552e+01
|            ( - 5.304e+02 1 0)
|            ( - 2.423e+02 1 0))
|        ( QUESTION1 -1 1.372e+03 1.439e+02 7.968e+01
|            ( - 9.994e+02 1 0)
|            ( - 2.289e+02 1 0)))
|    ( - 1.390e+03 1 0))
s>    ( QUESTION0 -1 4.224e+03 3.418e+02 2.217e+02
s>        ( WDBNDRY_B 0 2.492e+03 2.185e+02 1.352e+02
s>            ( QUESTION1 -1 9.012e+02 1.285e+02 5.552e+01
s>                ( - 5.304e+02 1 0)
s>                ( - 2.423e+02 1 0))
s>            ( QUESTION1 -1 1.372e+03 1.439e+02 7.968e+01
s>                ( - 9.994e+02 1 0)
s>                ( - 2.289e+02 1 0)))
s>        ( - 1.390e+03 1 0))INFO: dtree.c(1315): Comp split 8
INFO: dtree.c(1439): stop. leaf nodes are specific
INFO: dtree.c(1478): Final simple tree
|( QUESTION1 -1 5.921e+03 3.487e+02 3.045e+02
|    ( - 3.101e+03 3 0)
|    ( QUESTION1 1 2.471e+03 2.291e+02 1.311e+02
|        ( QUESTION0 -1 1.787e+03 2.060e+02 1.020e+02
|            ( - 5.957e+02 1 0)
|            ( - 9.856e+02 1 0))
|        ( QUESTION6 -1 4.544e+02 7.339e+01 2.911e+01
|            ( - 2.028e+02 1 0)
|            ( - 1.782e+02 1 0))))
s>    ( QUESTION1 -1 5.921e+03 3.487e+02 3.045e+02
s>        ( - 3.101e+03 3 0)
s>        ( QUESTION1 1 2.471e+03 2.291e+02 1.311e+02
s>            ( QUESTION0 -1 1.787e+03 2.060e+02 1.020e+02
s>                ( - 5.957e+02 1 0)
s>                ( - 9.856e+02 1 0))
s>            ( QUESTION6 -1 4.544e+02 7.339e+01 2.911e+01
s>                ( - 2.028e+02 1 0)
s>                ( - 1.782e+02 1 0))))INFO: dtree.c(1439): stop. leaf nodes are specific
INFO: dtree.c(1478): Final simple tree
|( WDBNDRY_B 0 4.092e+03 3.078e+02 2.107e+02
|    ( QUESTION0 -1 1.263e+03 1.234e+02 7.187e+01
|        ( - 3.692e+02 1 0)
|        ( - 7.704e+02 2 0))
|    ( - 2.521e+03 1 0))
s>    ( WDBNDRY_B 0 4.092e+03 3.078e+02 2.107e+02
s>        ( QUESTION0 -1 1.263e+03 1.234e+02 7.187e+01
s>            ( - 3.692e+02 1 0)
s>            ( - 7.704e+02 2 0))
s>        ( - 2.521e+03 1 0))INFO: dtree.c(1315): Comp split 9
INFO: dtree.c(1439): stop. leaf nodes are specific
INFO: dtree.c(1478): Final simple tree
|( WDBNDRY_E 0 6.165e+03 2.656e+02 3.273e+02
|    ( QUESTION1 -1 1.878e+03 1.342e+02 1.065e+02
|        ( - 1.428e+03 1 0)
|        ( - 3.159e+02 1 0))
|    ( - 4.022e+03 2 0))
s>    ( WDBNDRY_E 0 6.165e+03 2.656e+02 3.273e+02
s>        ( QUESTION1 -1 1.878e+03 1.342e+02 1.065e+02
s>            ( - 1.428e+03 1 0)
s>            ( - 3.159e+02 1 0))
s>        ( - 4.022e+03 2 0))INFO: dtree.c(1478): Final simple tree
|( QUESTION7 1 1.057e+04 3.565e+02 5.304e+02
|    ( QUESTION1 -1 7.056e+03 2.842e+02 3.703e+02
|        ( QUESTION8 1 3.862e+03 2.348e+02 2.024e+02
|            ( WDBNDRY_E 0 2.394e+03 2.252e+02 1.321e+02
|                ( - 1.288e+03 2 0)
|                ( - 8.809e+02 1 0))
|            ( - 1.233e+03 1 0))
|        ( QUESTION8 1 2.910e+03 1.343e+02 1.679e+02
|            ( - 4.553e+02 1 0)
|            ( - 2.320e+03 2 0 QUESTION3 -1 1.137e+02 1.369e+02)))
|    ( QUESTION4 -1 3.157e+03 2.572e+02 1.601e+02
|        ( WDBNDRY_E 0 1.696e+03 1.869e+02 9.188e+01
|            ( - 5.950e+02 1 0)
|            ( - 9.137e+02 2 0 QUESTION0_7_R 1 1.291e+02 5.292e+01))
|        ( - 1.204e+03 3 0 QUESTION0_15_R 1 1.235e+02 6.825e+01)))
s>    ( QUESTION7 1 1.057e+04 3.565e+02 5.304e+02
s>        ( QUESTION1 -1 7.056e+03 2.842e+02 3.703e+02
s>            ( QUESTION8 1 3.862e+03 2.348e+02 2.024e+02
s>                ( WDBNDRY_E 0 2.394e+03 2.252e+02 1.321e+02
s>                    ( - 1.288e+03 2 0)
s>                    ( - 8.809e+02 1 0))
s>                ( - 1.233e+03 1 0))
s>            ( QUESTION8 1 2.910e+03 1.343e+02 1.679e+02
s>                ( - 4.553e+02 1 0)
s>                ( - 2.320e+03 2 0 QUESTION3 -1 1.137e+02 1.369e+02)))
s>        ( QUESTION4 -1 3.157e+03 2.572e+02 1.601e+02
s>            ( WDBNDRY_E 0 1.696e+03 1.869e+02 9.188e+01
s>                ( - 5.950e+02 1 0)
s>                ( - 9.137e+02 2 0 QUESTION0_7_R 1 1.291e+02 5.292e+01))
s>            ( - 1.204e+03 3 0 QUESTION0_15_R 1 1.235e+02 6.825e+01)))INFO: dtree.c(1315): Comp split 10
INFO: dtree.c(1439): stop. leaf nodes are specific
INFO: dtree.c(1478): Final simple tree
|( WDBNDRY_E 0 3.400e+03 1.311e+02 1.739e+02
|    ( - 1.897e+02 1 0)
|    ( - 3.079e+03 1 0))
s>    ( WDBNDRY_E 0 3.400e+03 1.311e+02 1.739e+02
s>        ( - 1.897e+02 1 0)
s>        ( - 3.079e+03 1 0))INFO: dtree.c(1439): stop. leaf nodes are specific
INFO: dtree.c(1478): Final simple tree
|( QUESTION1 -1 1.516e+03 2.297e+02 8.311e+01
|    ( - 7.169e+02 1 0)
|    ( - 5.696e+02 1 0))
s>    ( QUESTION1 -1 1.516e+03 2.297e+02 8.311e+01
s>        ( - 7.169e+02 1 0)
s>        ( - 5.696e+02 1 0))INFO: dtree.c(1315): Comp split 11
INFO: dtree.c(1439): stop. leaf nodes are specific
INFO: dtree.c(1478): Final simple tree
|( QUESTION1 -1 3.262e+03 2.785e+02 1.672e+02
|    ( - 1.288e+03 2 0)
|    ( WDBNDRY_E 0 1.696e+03 1.869e+02 9.188e+01
|        ( - 5.950e+02 1 0)
|        ( QUESTION0_7_R 1 9.137e+02 1.291e+02 5.292e+01
|            ( - 4.328e+02 1 0)
|            ( - 3.518e+02 1 0))))
s>    ( QUESTION1 -1 3.262e+03 2.785e+02 1.672e+02
s>        ( - 1.288e+03 2 0)
s>        ( WDBNDRY_E 0 1.696e+03 1.869e+02 9.188e+01
s>            ( - 5.950e+02 1 0)
s>            ( QUESTION0_7_R 1 9.137e+02 1.291e+02 5.292e+01
s>                ( - 4.328e+02 1 0)
s>                ( - 3.518e+02 1 0))))INFO: dtree.c(1478): Final simple tree
|( QUESTION4 -1 6.931e+03 2.775e+02 3.632e+02
|    ( QUESTION8 1 2.527e+03 1.397e+02 1.485e+02
|        ( - 4.553e+02 1 0)
|        ( - 1.932e+03 1 0))
|    ( QUESTION0_7_R 1 4.127e+03 2.206e+02 2.147e+02
|        ( WDBNDRY_E 0 2.703e+03 1.961e+02 1.464e+02
|            ( QUESTION1 -1 1.626e+03 1.176e+02 8.967e+01
|                ( - 1.233e+03 1 0)
|                ( - 2.751e+02 1 0))
|            ( - 8.809e+02 1 0))
|        ( QUESTION0_15_R 1 1.204e+03 1.235e+02 6.825e+01
|            ( - 2.356e+02 1 0)
|            ( WDBNDRY_E 0 8.446e+02 1.191e+02 5.130e+01
|                ( - 2.672e+02 1 0)
|                ( - 4.583e+02 1 0)))))
s>    ( QUESTION4 -1 6.931e+03 2.775e+02 3.632e+02
s>        ( QUESTION8 1 2.527e+03 1.397e+02 1.485e+02
s>            ( - 4.553e+02 1 0)
s>            ( - 1.932e+03 1 0))
s>        ( QUESTION0_7_R 1 4.127e+03 2.206e+02 2.147e+02
s>            ( WDBNDRY_E 0 2.703e+03 1.961e+02 1.464e+02
s>                ( QUESTION1 -1 1.626e+03 1.176e+02 8.967e+01
s>                    ( - 1.233e+03 1 0)
s>                    ( - 2.751e+02 1 0))
s>                ( - 8.809e+02 1 0))
s>            ( QUESTION0_15_R 1 1.204e+03 1.235e+02 6.825e+01
s>                ( - 2.356e+02 1 0)
s>                ( WDBNDRY_E 0 8.446e+02 1.191e+02 5.130e+01
s>                    ( - 2.672e+02 1 0)
s>                    ( - 4.583e+02 1 0)))))INFO: dtree.c(1315): Comp split 12
INFO: dtree.c(1439): stop. leaf nodes are specific
INFO: dtree.c(1478): Final simple tree
|( QUESTION7 -1 1.244e+03 1.193e+02 8.050e+01
|    ( - 9.131e+02 1 0)
|    ( - 2.118e+02 1 0))
s>    ( QUESTION7 -1 1.244e+03 1.193e+02 8.050e+01
s>        ( - 9.131e+02 1 0)
s>        ( - 2.118e+02 1 0))INFO: dtree.c(1315): Comp split 13
INFO: dtree.c(1439): stop. leaf nodes are specific
INFO: dtree.c(1478): Final simple tree
|( QUESTION2_1_L -1 9.058e+03 2.941e+02 5.080e+02
|    ( WDBNDRY_B 0 6.152e+03 1.032e+02 3.521e+02
|        ( - 2.295e+02 1 0)
|        ( - 5.820e+03 2 0))
|    ( QUESTION2 -1 2.611e+03 1.561e+02 1.559e+02
|        ( - 1.691e+03 2 0)
|        ( WDBNDRY_B 0 7.638e+02 1.038e+02 5.145e+01
|            ( - 3.818e+02 1 0)
|            ( - 2.783e+02 1 0))))
s>    ( QUESTION2_1_L -1 9.058e+03 2.941e+02 5.080e+02
s>        ( WDBNDRY_B 0 6.152e+03 1.032e+02 3.521e+02
s>            ( - 2.295e+02 1 0)
s>            ( - 5.820e+03 2 0))
s>        ( QUESTION2 -1 2.611e+03 1.561e+02 1.559e+02
s>            ( - 1.691e+03 2 0)
s>            ( WDBNDRY_B 0 7.638e+02 1.038e+02 5.145e+01
s>                ( - 3.818e+02 1 0)
s>                ( - 2.783e+02 1 0))))INFO: dtree.c(1439): stop. leaf nodes are specific
INFO: dtree.c(1478): Final simple tree
|( WDBNDRY_B 0 2.485e+03 1.789e+02 1.443e+02
|    ( - 2.138e+03 1 0)
|    ( - 1.681e+02 1 0))
s>    ( WDBNDRY_B 0 2.485e+03 1.789e+02 1.443e+02
s>        ( - 2.138e+03 1 0)
s>        ( - 1.681e+02 1 0))INFO: dtree.c(1315): Comp split 14
INFO: dtree.c(1439): stop. leaf nodes are specific
INFO: dtree.c(1478): Final simple tree
|( QUESTION0 -1 1.221e+03 1.707e+02 6.897e+01
|    ( - 5.957e+02 1 0)
|    ( QUESTION6 -1 4.544e+02 7.339e+01 2.911e+01
|        ( - 2.028e+02 1 0)
|        ( - 1.782e+02 1 0)))
s>    ( QUESTION0 -1 1.221e+03 1.707e+02 6.897e+01
s>        ( - 5.957e+02 1 0)
s>        ( QUESTION6 -1 4.544e+02 7.339e+01 2.911e+01
s>            ( - 2.028e+02 1 0)
s>            ( - 1.782e+02 1 0)))INFO: dtree.c(1439): stop. leaf nodes are specific
INFO: dtree.c(1478): Final simple tree
|( QUESTION0 -1 4.343e+03 2.565e+02 2.355e+02
|    ( - 3.101e+03 3 0)
|    ( - 9.856e+02 1 0))
s>    ( QUESTION0 -1 4.343e+03 2.565e+02 2.355e+02
s>        ( - 3.101e+03 3 0)
s>        ( - 9.856e+02 1 0))INFO: dtree.c(1315): Comp split 15
INFO: dtree.c(1439): stop. leaf nodes are specific
INFO: dtree.c(1478): Final simple tree
|( WDBNDRY_B 0 2.121e+03 2.201e+02 1.165e+02
|    ( QUESTION1 -1 9.012e+02 1.285e+02 5.552e+01
|        ( - 5.304e+02 1 0)
|        ( - 2.423e+02 1 0))
|    ( - 9.994e+02 1 0))
s>    ( WDBNDRY_B 0 2.121e+03 2.201e+02 1.165e+02
s>        ( QUESTION1 -1 9.012e+02 1.285e+02 5.552e+01
s>            ( - 5.304e+02 1 0)
s>            ( - 2.423e+02 1 0))
s>        ( - 9.994e+02 1 0))INFO: dtree.c(1439): stop. leaf nodes are specific
INFO: dtree.c(1478): Final simple tree
|( QUESTION0 -1 1.753e+03 1.343e+02 1.052e+02
|    ( - 2.289e+02 1 0)
|    ( - 1.390e+03 1 0))
s>    ( QUESTION0 -1 1.753e+03 1.343e+02 1.052e+02
s>        ( - 2.289e+02 1 0)
s>        ( - 1.390e+03 1 0))INFO: dtree.c(1315): Comp split 16
INFO: dtree.c(1439): stop. leaf nodes are specific
INFO: dtree.c(1478): Final simple tree
|( QUESTION0_7_R 1 2.630e+03 1.937e+02 1.385e+02
|    ( - 1.233e+03 1 0)
|    ( QUESTION0_15_R 1 1.204e+03 1.235e+02 6.825e+01
|        ( - 2.356e+02 1 0)
|        ( WDBNDRY_E 0 8.446e+02 1.191e+02 5.130e+01
|            ( - 2.672e+02 1 0)
|            ( - 4.583e+02 1 0))))
s>    ( QUESTION0_7_R 1 2.630e+03 1.937e+02 1.385e+02
s>        ( - 1.233e+03 1 0)
s>        ( QUESTION0_15_R 1 1.204e+03 1.235e+02 6.825e+01
s>            ( - 2.356e+02 1 0)
s>            ( WDBNDRY_E 0 8.446e+02 1.191e+02 5.130e+01
s>                ( - 2.672e+02 1 0)
s>                ( - 4.583e+02 1 0))))INFO: dtree.c(1439): stop. leaf nodes are specific
INFO: dtree.c(1478): Final simple tree
|( QUESTION8 1 3.991e+03 2.077e+02 2.246e+02
|    ( WDBNDRY_E 0 1.463e+03 1.270e+02 8.774e+01
|        ( - 4.553e+02 1 0)
|        ( - 8.809e+02 1 0))
|    ( QUESTION3 -1 2.320e+03 1.137e+02 1.369e+02
|        ( - 2.751e+02 1 0)
|        ( - 1.932e+03 1 0)))
s>    ( QUESTION8 1 3.991e+03 2.077e+02 2.246e+02
s>        ( WDBNDRY_E 0 1.463e+03 1.270e+02 8.774e+01
s>            ( - 4.553e+02 1 0)
s>            ( - 8.809e+02 1 0))
s>        ( QUESTION3 -1 2.320e+03 1.137e+02 1.369e+02
s>            ( - 2.751e+02 1 0)
s>            ( - 1.932e+03 1 0)))INFO: dtree.c(1315): Comp split 17
INFO: dtree.c(1439): stop. leaf nodes are specific
INFO: dtree.c(1478): Final simple tree
|( QUESTION0 -1 1.263e+03 1.234e+02 7.187e+01
|    ( - 3.692e+02 1 0)
|    ( - 7.704e+02 2 0))
s>    ( QUESTION0 -1 1.263e+03 1.234e+02 7.187e+01
s>        ( - 3.692e+02 1 0)
s>        ( - 7.704e+02 2 0))INFO: dtree.c(1315): Comp split 18
INFO: dtree.c(1439): stop. leaf nodes are specific
INFO: dtree.c(1478): Final simple tree
|( QUESTION2 -1 2.611e+03 1.561e+02 1.559e+02
|    ( - 1.691e+03 2 0)
|    ( WDBNDRY_B 0 7.638e+02 1.038e+02 5.145e+01
|        ( - 3.818e+02 1 0)
|        ( - 2.783e+02 1 0)))
s>    ( QUESTION2 -1 2.611e+03 1.561e+02 1.559e+02
s>        ( - 1.691e+03 2 0)
s>        ( WDBNDRY_B 0 7.638e+02 1.038e+02 5.145e+01
s>            ( - 3.818e+02 1 0)
s>            ( - 2.783e+02 1 0)))INFO: dtree.c(1439): stop. leaf nodes are specific
INFO: dtree.c(1478): Final simple tree
|( WDBNDRY_B 0 6.152e+03 1.032e+02 3.521e+02
|    ( - 2.295e+02 1 0)
|    ( - 5.820e+03 2 0))
s>    ( WDBNDRY_B 0 6.152e+03 1.032e+02 3.521e+02
s>        ( - 2.295e+02 1 0)
s>        ( - 5.820e+03 2 0))INFO: dtree.c(1315): Comp split 19
INFO: dtree.c(1439): stop. leaf nodes are specific
INFO: dtree.c(1478): Final simple tree
|( WDBNDRY_E 0 1.696e+03 1.869e+02 9.188e+01
|    ( - 5.950e+02 1 0)
|    ( QUESTION0_7_R 1 9.137e+02 1.291e+02 5.292e+01
|        ( - 4.328e+02 1 0)
|        ( - 3.518e+02 1 0)))
s>    ( WDBNDRY_E 0 1.696e+03 1.869e+02 9.188e+01
s>        ( - 5.950e+02 1 0)
s>        ( QUESTION0_7_R 1 9.137e+02 1.291e+02 5.292e+01
s>            ( - 4.328e+02 1 0)
s>            ( - 3.518e+02 1 0)))INFO: dtree.c(1315): Comp split 20
INFO: dtree.c(1439): stop. leaf nodes are specific
INFO: dtree.c(1478): Final simple tree
|( QUESTION1 -1 1.878e+03 1.342e+02 1.065e+02
|    ( - 1.428e+03 1 0)
|    ( - 3.159e+02 1 0))
s>    ( QUESTION1 -1 1.878e+03 1.342e+02 1.065e+02
s>        ( - 1.428e+03 1 0)
s>        ( - 3.159e+02 1 0))INFO: dtree.c(1315): Comp split 21
INFO: dtree.c(1315): Comp split 22
INFO: dtree.c(1315): Comp split 23
INFO: dtree.c(1439): stop. leaf nodes are specific
INFO: dtree.c(1478): Final simple tree
|( QUESTION1 -1 9.012e+02 1.285e+02 5.552e+01
|    ( - 5.304e+02 1 0)
|    ( - 2.423e+02 1 0))
s>    ( QUESTION1 -1 9.012e+02 1.285e+02 5.552e+01
s>        ( - 5.304e+02 1 0)
s>        ( - 2.423e+02 1 0))INFO: dtree.c(1315): Comp split 24
INFO: dtree.c(1439): stop. leaf nodes are specific
INFO: dtree.c(1478): Final simple tree
|( QUESTION3 -1 2.320e+03 1.137e+02 1.369e+02
|    ( - 2.751e+02 1 0)
|    ( - 1.932e+03 1 0))
s>    ( QUESTION3 -1 2.320e+03 1.137e+02 1.369e+02
s>        ( - 2.751e+02 1 0)
s>        ( - 1.932e+03 1 0))INFO: dtree.c(1439): stop. leaf nodes are specific
INFO: dtree.c(1478): Final simple tree
|( WDBNDRY_E 0 1.463e+03 1.270e+02 8.774e+01
|    ( - 4.553e+02 1 0)
|    ( - 8.809e+02 1 0))
s>    ( WDBNDRY_E 0 1.463e+03 1.270e+02 8.774e+01
s>        ( - 4.553e+02 1 0)
s>        ( - 8.809e+02 1 0))INFO: dtree.c(1315): Comp split 25
INFO: dtree.c(1439): stop. leaf nodes are specific
INFO: dtree.c(1478): Final simple tree
|( WDBNDRY_E 0 5.894e+02 8.660e+01 3.694e+01
|    ( - 2.672e+02 1 0)
|    ( - 2.356e+02 1 0))
s>    ( WDBNDRY_E 0 5.894e+02 8.660e+01 3.694e+01
s>        ( - 2.672e+02 1 0)
s>        ( - 2.356e+02 1 0))INFO: dtree.c(1439): stop. leaf nodes are specific
INFO: dtree.c(1478): Final simple tree
|( WDBNDRY_E 0 1.841e+03 1.497e+02 1.016e+02
|    ( - 1.233e+03 1 0)
|    ( - 4.583e+02 1 0))
s>    ( WDBNDRY_E 0 1.841e+03 1.497e+02 1.016e+02
s>        ( - 1.233e+03 1 0)
s>        ( - 4.583e+02 1 0))INFO: dtree.c(1315): Comp split 26
INFO: dtree.c(1439): stop. leaf nodes are specific
INFO: dtree.c(1478): Final simple tree
|( QUESTION0_7_R 1 9.137e+02 1.291e+02 5.292e+01
|    ( - 4.328e+02 1 0)
|    ( - 3.518e+02 1 0))
s>    ( QUESTION0_7_R 1 9.137e+02 1.291e+02 5.292e+01
s>        ( - 4.328e+02 1 0)
s>        ( - 3.518e+02 1 0))INFO: dtree.c(1315): Comp split 27
INFO: dtree.c(1315): Comp split 28
INFO: dtree.c(1439): stop. leaf nodes are specific
INFO: dtree.c(1478): Final simple tree
|( QUESTION6 -1 4.544e+02 7.339e+01 2.911e+01
|    ( - 2.028e+02 1 0)
|    ( - 1.782e+02 1 0))
s>    ( QUESTION6 -1 4.544e+02 7.339e+01 2.911e+01
s>        ( - 2.028e+02 1 0)
s>        ( - 1.782e+02 1 0))INFO: dtree.c(1315): Comp split 29
INFO: dtree.c(1439): stop. leaf nodes are specific
INFO: dtree.c(1478): Final simple tree
|( WDBNDRY_B 0 7.638e+02 1.038e+02 5.145e+01
|    ( - 3.818e+02 1 0)
|    ( - 2.783e+02 1 0))
s>    ( WDBNDRY_B 0 7.638e+02 1.038e+02 5.145e+01
s>        ( - 3.818e+02 1 0)
s>        ( - 2.783e+02 1 0))INFO: dtree.c(1315): Comp split 30
INFO: dtree.c(1315): Comp split 31
INFO: dtree.c(1315): Comp split 32
INFO: dtree.c(1315): Comp split 33
INFO: dtree.c(1315): Comp split 34
INFO: dtree.c(1315): Comp split 35
INFO: dtree.c(1315): Comp split 36
INFO: dtree.c(1315): Comp split 37
INFO: dtree.c(1315): Comp split 38
INFO: dtree.c(1315): Comp split 39
INFO: dtree.c(1315): Comp split 40
INFO: dtree.c(1315): Comp split 41
INFO: dtree.c(1315): Comp split 42
INFO: dtree.c(1315): Comp split 43
INFO: dtree.c(1315): Comp split 44
INFO: dtree.c(1318): stop. leaf nodes are specific
Fri Dec  3 07:39:17 2021
