Current configuration:
[NAME]		[DEFLT]	[VALUE]
-allphones	no	no
-cntthresh	0.00001	1.000000e-05
-csplitmax	100	2000
-csplitmin	1	1
-csplitthr	8e-4	0.000000e+00
-example	no	no
-fullvar	no	no
-help		no	no
-meanfn			
-mixwfn			/home/azhar/Tubes_Speech/commandreminder/model_parameters/commandreminder.cd_ptm_untied/mixture_weights
-moddeffn		/home/azhar/Tubes_Speech/commandreminder/model_architecture/commandreminder.untied.mdef
-mwfloor	1e-4	1.000000e-08
-phone			EE
-psetfn			/home/azhar/Tubes_Speech/commandreminder/model_architecture/commandreminder.tree_questions
-ssplitmax	5	7
-ssplitmin	1	1
-ssplitthr	8e-4	0.000000e+00
-state			1
-stwt			1.0,0.05,0.0,
-treefn			/home/azhar/Tubes_Speech/commandreminder/trees/commandreminder.unpruned/EE-1.dtree
-ts2cbfn	.semi.	.semi.
-varfloor	0.00001	1.000000e-05
-varfn			

INFO: main.c(223): Reading: /home/azhar/Tubes_Speech/commandreminder/model_architecture/commandreminder.untied.mdef
INFO: model_def_io.c(573): Model definition info:
INFO: model_def_io.c(574): 1061 total models defined (31 base, 1030 tri)
INFO: model_def_io.c(575): 4244 total states
INFO: model_def_io.c(576): 3183 total tied states
INFO: model_def_io.c(577): 93 total tied CI states
INFO: model_def_io.c(578): 31 total tied transition matrices
INFO: model_def_io.c(579): 4 max state/model
INFO: model_def_io.c(580): 4 min state/model
INFO: main.c(242): Building trees for [EE B S i] through [EE T S i]
INFO: main.c(269): Covering states |[987 1049]| == 63
INFO: main.c(275): Reading: /home/azhar/Tubes_Speech/commandreminder/model_parameters/commandreminder.cd_ptm_untied/mixture_weights
INFO: s3mixw_io.c(173): Read /home/azhar/Tubes_Speech/commandreminder/model_parameters/commandreminder.cd_ptm_untied/mixture_weights [63x4x64 array]
INFO: main.c(311): 21 of 21 models have observation count greater than 0.000010
INFO: main.c(95): nrm stwt: 0.045 0.909 0.045 
INFO: main.c(411): 21-class entropy: 3.267046e+04
INFO: main.c(549): Reading: /home/azhar/Tubes_Speech/commandreminder/model_architecture/commandreminder.tree_questions
INFO: main.c(588): 174 total simple questions (166 phone; 8 word bndry)
INFO: main.c(590): 40 Left Only questions, and 42 Right Only questions
INFO: dtree.c(1478): Final simple tree
|( QUESTION0_9_R 1 4.063e+04 1.441e+03 2.118e+03
|    ( QUESTION11 -1 1.252e+04 5.103e+02 6.849e+02
|        ( - 6.705e+03 2 0 QUESTION12 -1 2.278e+02 3.831e+02)
|        ( - 5.303e+03 3 0 QUESTION9 -1 2.061e+02 3.018e+02))
|    ( QUESTION0_17_R 1 2.667e+04 1.045e+03 1.433e+03
|        ( - 7.317e+03 4 0 QUESTION6 1 2.853e+02 4.288e+02)
|        ( QUESTION16 -1 1.831e+04 8.290e+02 1.004e+03
|            ( - 3.365e+03 2 0 QUESTION0_7_R 1 1.801e+02 1.999e+02)
|            ( QUESTION6 -1 1.412e+04 6.180e+02 8.044e+02
|                ( QUESTION0_16_R 1 7.872e+03 4.127e+02 4.537e+02
|                    ( - 1.100e+03 1 0)
|                    ( QUESTION0_0_R 1 6.360e+03 4.014e+02 3.512e+02
|                        ( - 2.184e+03 2 0 WDBNDRY_E 0 2.112e+02 1.432e+02)
|                        ( - 3.774e+03 4 0 QUESTION0_14_R 1 3.101e+02 2.080e+02)))
|                ( - 5.629e+03 3 0 QUESTION0_7_R 1 3.366e+02 3.507e+02)))))
s>    ( QUESTION0_9_R 1 4.063e+04 1.441e+03 2.118e+03
s>        ( QUESTION11 -1 1.252e+04 5.103e+02 6.849e+02
s>            ( - 6.705e+03 2 0 QUESTION12 -1 2.278e+02 3.831e+02)
s>            ( - 5.303e+03 3 0 QUESTION9 -1 2.061e+02 3.018e+02))
s>        ( QUESTION0_17_R 1 2.667e+04 1.045e+03 1.433e+03
s>            ( - 7.317e+03 4 0 QUESTION6 1 2.853e+02 4.288e+02)
s>            ( QUESTION16 -1 1.831e+04 8.290e+02 1.004e+03
s>                ( - 3.365e+03 2 0 QUESTION0_7_R 1 1.801e+02 1.999e+02)
s>                ( QUESTION6 -1 1.412e+04 6.180e+02 8.044e+02
s>                    ( QUESTION0_16_R 1 7.872e+03 4.127e+02 4.537e+02
s>                        ( - 1.100e+03 1 0)
s>                        ( QUESTION0_0_R 1 6.360e+03 4.014e+02 3.512e+02
s>                            ( - 2.184e+03 2 0 WDBNDRY_E 0 2.112e+02 1.432e+02)
s>                            ( - 3.774e+03 4 0 QUESTION0_14_R 1 3.101e+02 2.080e+02)))
s>                    ( - 5.629e+03 3 0 QUESTION0_7_R 1 3.366e+02 3.507e+02)))))INFO: dtree.c(1315): Comp split 0
INFO: dtree.c(1478): Final simple tree
|( QUESTION0_9_R 1 2.777e+04 1.130e+03 1.489e+03
|    ( QUESTION11 -1 1.252e+04 5.103e+02 6.849e+02
|        ( - 6.705e+03 2 0 QUESTION12 -1 2.278e+02 3.831e+02)
|        ( - 5.303e+03 3 0 QUESTION9 -1 2.061e+02 3.018e+02))
|    ( QUESTION6 -1 1.412e+04 6.180e+02 8.044e+02
|        ( QUESTION0_16_R 1 7.872e+03 4.127e+02 4.537e+02
|            ( - 1.100e+03 1 0)
|            ( QUESTION0_0_R 1 6.360e+03 4.014e+02 3.512e+02
|                ( - 2.184e+03 2 0 WDBNDRY_E 0 2.112e+02 1.432e+02)
|                ( QUESTION0_14_R 1 3.774e+03 3.101e+02 2.080e+02
|                    ( - 1.879e+03 2 0 WDBNDRY_E 0 1.456e+02 1.186e+02)
|                    ( - 1.585e+03 2 0 WDBNDRY_E 0 2.090e+02 8.944e+01))))
|        ( QUESTION0_7_R 1 5.629e+03 3.366e+02 3.507e+02
|            ( - 2.659e+03 1 0)
|            ( - 2.634e+03 2 0 QUESTION2_0_L -1 1.317e+02 1.878e+02))))
s>    ( QUESTION0_9_R 1 2.777e+04 1.130e+03 1.489e+03
s>        ( QUESTION11 -1 1.252e+04 5.103e+02 6.849e+02
s>            ( - 6.705e+03 2 0 QUESTION12 -1 2.278e+02 3.831e+02)
s>            ( - 5.303e+03 3 0 QUESTION9 -1 2.061e+02 3.018e+02))
s>        ( QUESTION6 -1 1.412e+04 6.180e+02 8.044e+02
s>            ( QUESTION0_16_R 1 7.872e+03 4.127e+02 4.537e+02
s>                ( - 1.100e+03 1 0)
s>                ( QUESTION0_0_R 1 6.360e+03 4.014e+02 3.512e+02
s>                    ( - 2.184e+03 2 0 WDBNDRY_E 0 2.112e+02 1.432e+02)
s>                    ( QUESTION0_14_R 1 3.774e+03 3.101e+02 2.080e+02
s>                        ( - 1.879e+03 2 0 WDBNDRY_E 0 1.456e+02 1.186e+02)
s>                        ( - 1.585e+03 2 0 WDBNDRY_E 0 2.090e+02 8.944e+01))))
s>            ( QUESTION0_7_R 1 5.629e+03 3.366e+02 3.507e+02
s>                ( - 2.659e+03 1 0)
s>                ( - 2.634e+03 2 0 QUESTION2_0_L -1 1.317e+02 1.878e+02))))INFO: dtree.c(1439): stop. leaf nodes are specific
INFO: dtree.c(1478): Final simple tree
|( QUESTION0_16_R 1 1.121e+04 5.262e+02 6.287e+02
|    ( QUESTION6 1 7.317e+03 2.853e+02 4.288e+02
|        ( - 1.535e+03 1 0)
|        ( QUESTION7 -1 5.496e+03 2.268e+02 3.320e+02
|            ( - 3.116e+03 1 0)
|            ( QUESTION6 -1 2.153e+03 1.308e+02 1.321e+02
|                ( - 5.861e+02 1 0)
|                ( - 1.437e+03 1 0))))
|    ( QUESTION0_7_R 1 3.365e+03 1.801e+02 1.999e+02
|        ( - 2.767e+02 1 0)
|        ( - 2.908e+03 1 0)))
s>    ( QUESTION0_16_R 1 1.121e+04 5.262e+02 6.287e+02
s>        ( QUESTION6 1 7.317e+03 2.853e+02 4.288e+02
s>            ( - 1.535e+03 1 0)
s>            ( QUESTION7 -1 5.496e+03 2.268e+02 3.320e+02
s>                ( - 3.116e+03 1 0)
s>                ( QUESTION6 -1 2.153e+03 1.308e+02 1.321e+02
s>                    ( - 5.861e+02 1 0)
s>                    ( - 1.437e+03 1 0))))
s>        ( QUESTION0_7_R 1 3.365e+03 1.801e+02 1.999e+02
s>            ( - 2.767e+02 1 0)
s>            ( - 2.908e+03 1 0)))INFO: dtree.c(1315): Comp split 1
INFO: dtree.c(1439): stop. leaf nodes are specific
INFO: dtree.c(1478): Final simple tree
|( QUESTION11 -1 1.445e+04 5.227e+02 7.744e+02
|    ( QUESTION12 -1 6.705e+03 2.278e+02 3.831e+02
|        ( - 5.608e+03 1 0)
|        ( - 8.699e+02 1 0))
|    ( WDBNDRY_E 0 7.224e+03 3.525e+02 3.912e+02
|        ( - 7.567e+02 1 0)
|        ( QUESTION9 -1 6.115e+03 2.358e+02 3.419e+02
|            ( - 4.299e+03 1 0)
|            ( QUESTION0_8_R 1 1.579e+03 1.627e+02 8.874e+01
|                ( - 6.194e+02 1 0)
|                ( QUESTION6 -1 7.972e+02 1.058e+02 4.868e+01
|                    ( - 3.217e+02 1 0)
|                    ( - 3.697e+02 1 0))))))
s>    ( QUESTION11 -1 1.445e+04 5.227e+02 7.744e+02
s>        ( QUESTION12 -1 6.705e+03 2.278e+02 3.831e+02
s>            ( - 5.608e+03 1 0)
s>            ( - 8.699e+02 1 0))
s>        ( WDBNDRY_E 0 7.224e+03 3.525e+02 3.912e+02
s>            ( - 7.567e+02 1 0)
s>            ( QUESTION9 -1 6.115e+03 2.358e+02 3.419e+02
s>                ( - 4.299e+03 1 0)
s>                ( QUESTION0_8_R 1 1.579e+03 1.627e+02 8.874e+01
s>                    ( - 6.194e+02 1 0)
s>                    ( QUESTION6 -1 7.972e+02 1.058e+02 4.868e+01
s>                        ( - 3.217e+02 1 0)
s>                        ( - 3.697e+02 1 0))))))INFO: dtree.c(1478): Final simple tree
|( QUESTION6 -1 1.209e+04 6.054e+02 7.150e+02
|    ( QUESTION0_16_R 1 5.857e+03 3.814e+02 3.643e+02
|        ( - 1.100e+03 1 0)
|        ( QUESTION4 1 4.376e+03 3.245e+02 2.618e+02
|            ( - 1.449e+03 1 0)
|            ( QUESTION0_0_R 1 2.603e+03 1.993e+02 1.578e+02
|                ( - 5.242e+02 1 0)
|                ( WDBNDRY_E 0 1.879e+03 1.456e+02 1.186e+02
|                    ( - 1.254e+03 1 0)
|                    ( - 4.794e+02 1 0)))))
|    ( QUESTION0_7_R 1 5.629e+03 3.366e+02 3.507e+02
|        ( - 2.659e+03 1 0)
|        ( QUESTION2_0_L -1 2.634e+03 1.317e+02 1.878e+02
|            ( - 1.939e+03 1 0)
|            ( - 5.630e+02 1 0))))
s>    ( QUESTION6 -1 1.209e+04 6.054e+02 7.150e+02
s>        ( QUESTION0_16_R 1 5.857e+03 3.814e+02 3.643e+02
s>            ( - 1.100e+03 1 0)
s>            ( QUESTION4 1 4.376e+03 3.245e+02 2.618e+02
s>                ( - 1.449e+03 1 0)
s>                ( QUESTION0_0_R 1 2.603e+03 1.993e+02 1.578e+02
s>                    ( - 5.242e+02 1 0)
s>                    ( WDBNDRY_E 0 1.879e+03 1.456e+02 1.186e+02
s>                        ( - 1.254e+03 1 0)
s>                        ( - 4.794e+02 1 0)))))
s>        ( QUESTION0_7_R 1 5.629e+03 3.366e+02 3.507e+02
s>            ( - 2.659e+03 1 0)
s>            ( QUESTION2_0_L -1 2.634e+03 1.317e+02 1.878e+02
s>                ( - 1.939e+03 1 0)
s>                ( - 5.630e+02 1 0))))INFO: dtree.c(1315): Comp split 2
INFO: dtree.c(1439): stop. leaf nodes are specific
INFO: dtree.c(1478): Final simple tree
|( QUESTION0_7_R 1 8.627e+03 4.103e+02 5.086e+02
|    ( - 2.659e+03 1 0)
|    ( QUESTION6 -1 5.558e+03 3.214e+02 3.456e+02
|        ( QUESTION0_0_R 1 2.603e+03 1.993e+02 1.578e+02
|            ( - 5.242e+02 1 0)
|            ( WDBNDRY_E 0 1.879e+03 1.456e+02 1.186e+02
|                ( - 1.254e+03 1 0)
|                ( - 4.794e+02 1 0)))
|        ( QUESTION2_0_L -1 2.634e+03 1.317e+02 1.878e+02
|            ( - 1.939e+03 1 0)
|            ( - 5.630e+02 1 0))))
s>    ( QUESTION0_7_R 1 8.627e+03 4.103e+02 5.086e+02
s>        ( - 2.659e+03 1 0)
s>        ( QUESTION6 -1 5.558e+03 3.214e+02 3.456e+02
s>            ( QUESTION0_0_R 1 2.603e+03 1.993e+02 1.578e+02
s>                ( - 5.242e+02 1 0)
s>                ( WDBNDRY_E 0 1.879e+03 1.456e+02 1.186e+02
s>                    ( - 1.254e+03 1 0)
s>                    ( - 4.794e+02 1 0)))
s>            ( QUESTION2_0_L -1 2.634e+03 1.317e+02 1.878e+02
s>                ( - 1.939e+03 1 0)
s>                ( - 5.630e+02 1 0))))INFO: dtree.c(1439): stop. leaf nodes are specific
INFO: dtree.c(1478): Final simple tree
|( QUESTION0_0_R 1 2.836e+03 2.870e+02 2.064e+02
|    ( - 1.449e+03 1 0)
|    ( - 1.100e+03 1 0))
s>    ( QUESTION0_0_R 1 2.836e+03 2.870e+02 2.064e+02
s>        ( - 1.449e+03 1 0)
s>        ( - 1.100e+03 1 0))INFO: dtree.c(1315): Comp split 3
INFO: dtree.c(1439): stop. leaf nodes are specific
INFO: dtree.c(1478): Final simple tree
|( QUESTION6 1 7.317e+03 2.853e+02 4.288e+02
|    ( - 1.535e+03 1 0)
|    ( QUESTION7 -1 5.496e+03 2.268e+02 3.320e+02
|        ( - 3.116e+03 1 0)
|        ( QUESTION6 -1 2.153e+03 1.308e+02 1.321e+02
|            ( - 5.861e+02 1 0)
|            ( - 1.437e+03 1 0))))
s>    ( QUESTION6 1 7.317e+03 2.853e+02 4.288e+02
s>        ( - 1.535e+03 1 0)
s>        ( QUESTION7 -1 5.496e+03 2.268e+02 3.320e+02
s>            ( - 3.116e+03 1 0)
s>            ( QUESTION6 -1 2.153e+03 1.308e+02 1.321e+02
s>                ( - 5.861e+02 1 0)
s>                ( - 1.437e+03 1 0))))INFO: dtree.c(1439): stop. leaf nodes are specific
INFO: dtree.c(1478): Final simple tree
|( QUESTION0_7_R 1 3.365e+03 1.801e+02 1.999e+02
|    ( - 2.767e+02 1 0)
|    ( - 2.908e+03 1 0))
s>    ( QUESTION0_7_R 1 3.365e+03 1.801e+02 1.999e+02
s>        ( - 2.767e+02 1 0)
s>        ( - 2.908e+03 1 0))INFO: dtree.c(1315): Comp split 4
INFO: dtree.c(1439): stop. leaf nodes are specific
INFO: dtree.c(1478): Final simple tree
|( WDBNDRY_E 0 7.224e+03 3.525e+02 3.912e+02
|    ( - 7.567e+02 1 0)
|    ( QUESTION9 -1 6.115e+03 2.358e+02 3.419e+02
|        ( - 4.299e+03 1 0)
|        ( QUESTION0_8_R 1 1.579e+03 1.627e+02 8.874e+01
|            ( - 6.194e+02 1 0)
|            ( QUESTION6 -1 7.972e+02 1.058e+02 4.868e+01
|                ( - 3.217e+02 1 0)
|                ( - 3.697e+02 1 0)))))
s>    ( WDBNDRY_E 0 7.224e+03 3.525e+02 3.912e+02
s>        ( - 7.567e+02 1 0)
s>        ( QUESTION9 -1 6.115e+03 2.358e+02 3.419e+02
s>            ( - 4.299e+03 1 0)
s>            ( QUESTION0_8_R 1 1.579e+03 1.627e+02 8.874e+01
s>                ( - 6.194e+02 1 0)
s>                ( QUESTION6 -1 7.972e+02 1.058e+02 4.868e+01
s>                    ( - 3.217e+02 1 0)
s>                    ( - 3.697e+02 1 0)))))INFO: dtree.c(1439): stop. leaf nodes are specific
INFO: dtree.c(1478): Final simple tree
|( QUESTION12 -1 6.705e+03 2.278e+02 3.831e+02
|    ( - 5.608e+03 1 0)
|    ( - 8.699e+02 1 0))
s>    ( QUESTION12 -1 6.705e+03 2.278e+02 3.831e+02
s>        ( - 5.608e+03 1 0)
s>        ( - 8.699e+02 1 0))INFO: dtree.c(1315): Comp split 5
INFO: dtree.c(1439): stop. leaf nodes are specific
INFO: dtree.c(1478): Final simple tree
|( QUESTION6 -1 5.558e+03 3.214e+02 3.456e+02
|    ( QUESTION0_0_R 1 2.603e+03 1.993e+02 1.578e+02
|        ( - 5.242e+02 1 0)
|        ( WDBNDRY_E 0 1.879e+03 1.456e+02 1.186e+02
|            ( - 1.254e+03 1 0)
|            ( - 4.794e+02 1 0)))
|    ( QUESTION2_0_L -1 2.634e+03 1.317e+02 1.878e+02
|        ( - 1.939e+03 1 0)
|        ( - 5.630e+02 1 0)))
s>    ( QUESTION6 -1 5.558e+03 3.214e+02 3.456e+02
s>        ( QUESTION0_0_R 1 2.603e+03 1.993e+02 1.578e+02
s>            ( - 5.242e+02 1 0)
s>            ( WDBNDRY_E 0 1.879e+03 1.456e+02 1.186e+02
s>                ( - 1.254e+03 1 0)
s>                ( - 4.794e+02 1 0)))
s>        ( QUESTION2_0_L -1 2.634e+03 1.317e+02 1.878e+02
s>            ( - 1.939e+03 1 0)
s>            ( - 5.630e+02 1 0)))INFO: dtree.c(1315): Comp split 6
INFO: dtree.c(1439): stop. leaf nodes are specific
INFO: dtree.c(1478): Final simple tree
|( QUESTION9 -1 6.115e+03 2.358e+02 3.419e+02
|    ( - 4.299e+03 1 0)
|    ( QUESTION0_8_R 1 1.579e+03 1.627e+02 8.874e+01
|        ( - 6.194e+02 1 0)
|        ( QUESTION6 -1 7.972e+02 1.058e+02 4.868e+01
|            ( - 3.217e+02 1 0)
|            ( - 3.697e+02 1 0))))
s>    ( QUESTION9 -1 6.115e+03 2.358e+02 3.419e+02
s>        ( - 4.299e+03 1 0)
s>        ( QUESTION0_8_R 1 1.579e+03 1.627e+02 8.874e+01
s>            ( - 6.194e+02 1 0)
s>            ( QUESTION6 -1 7.972e+02 1.058e+02 4.868e+01
s>                ( - 3.217e+02 1 0)
s>                ( - 3.697e+02 1 0))))INFO: dtree.c(1315): Comp split 7
INFO: dtree.c(1439): stop. leaf nodes are specific
INFO: dtree.c(1478): Final simple tree
|( QUESTION0_0_R 1 2.603e+03 1.993e+02 1.578e+02
|    ( - 5.242e+02 1 0)
|    ( WDBNDRY_E 0 1.879e+03 1.456e+02 1.186e+02
|        ( - 1.254e+03 1 0)
|        ( - 4.794e+02 1 0)))
s>    ( QUESTION0_0_R 1 2.603e+03 1.993e+02 1.578e+02
s>        ( - 5.242e+02 1 0)
s>        ( WDBNDRY_E 0 1.879e+03 1.456e+02 1.186e+02
s>            ( - 1.254e+03 1 0)
s>            ( - 4.794e+02 1 0)))INFO: dtree.c(1439): stop. leaf nodes are specific
INFO: dtree.c(1478): Final simple tree
|( QUESTION2_0_L -1 2.634e+03 1.317e+02 1.878e+02
|    ( - 1.939e+03 1 0)
|    ( - 5.630e+02 1 0))
s>    ( QUESTION2_0_L -1 2.634e+03 1.317e+02 1.878e+02
s>        ( - 1.939e+03 1 0)
s>        ( - 5.630e+02 1 0))INFO: dtree.c(1315): Comp split 8
INFO: dtree.c(1315): Comp split 9
INFO: dtree.c(1439): stop. leaf nodes are specific
INFO: dtree.c(1478): Final simple tree
|( QUESTION7 -1 5.496e+03 2.268e+02 3.320e+02
|    ( - 3.116e+03 1 0)
|    ( QUESTION6 -1 2.153e+03 1.308e+02 1.321e+02
|        ( - 5.861e+02 1 0)
|        ( - 1.437e+03 1 0)))
s>    ( QUESTION7 -1 5.496e+03 2.268e+02 3.320e+02
s>        ( - 3.116e+03 1 0)
s>        ( QUESTION6 -1 2.153e+03 1.308e+02 1.321e+02
s>            ( - 5.861e+02 1 0)
s>            ( - 1.437e+03 1 0)))INFO: dtree.c(1315): Comp split 10
INFO: dtree.c(1439): stop. leaf nodes are specific
INFO: dtree.c(1478): Final simple tree
|( QUESTION0_8_R 1 1.579e+03 1.627e+02 8.874e+01
|    ( - 6.194e+02 1 0)
|    ( QUESTION6 -1 7.972e+02 1.058e+02 4.868e+01
|        ( - 3.217e+02 1 0)
|        ( - 3.697e+02 1 0)))
s>    ( QUESTION0_8_R 1 1.579e+03 1.627e+02 8.874e+01
s>        ( - 6.194e+02 1 0)
s>        ( QUESTION6 -1 7.972e+02 1.058e+02 4.868e+01
s>            ( - 3.217e+02 1 0)
s>            ( - 3.697e+02 1 0)))INFO: dtree.c(1315): Comp split 11
INFO: dtree.c(1315): Comp split 12
INFO: dtree.c(1439): stop. leaf nodes are specific
INFO: dtree.c(1478): Final simple tree
|( QUESTION6 -1 2.153e+03 1.308e+02 1.321e+02
|    ( - 5.861e+02 1 0)
|    ( - 1.437e+03 1 0))
s>    ( QUESTION6 -1 2.153e+03 1.308e+02 1.321e+02
s>        ( - 5.861e+02 1 0)
s>        ( - 1.437e+03 1 0))INFO: dtree.c(1315): Comp split 13
INFO: dtree.c(1439): stop. leaf nodes are specific
INFO: dtree.c(1478): Final simple tree
|( WDBNDRY_E 0 1.879e+03 1.456e+02 1.186e+02
|    ( - 1.254e+03 1 0)
|    ( - 4.794e+02 1 0))
s>    ( WDBNDRY_E 0 1.879e+03 1.456e+02 1.186e+02
s>        ( - 1.254e+03 1 0)
s>        ( - 4.794e+02 1 0))INFO: dtree.c(1315): Comp split 14
INFO: dtree.c(1315): Comp split 15
INFO: dtree.c(1439): stop. leaf nodes are specific
INFO: dtree.c(1478): Final simple tree
|( QUESTION6 -1 7.972e+02 1.058e+02 4.868e+01
|    ( - 3.217e+02 1 0)
|    ( - 3.697e+02 1 0))
s>    ( QUESTION6 -1 7.972e+02 1.058e+02 4.868e+01
s>        ( - 3.217e+02 1 0)
s>        ( - 3.697e+02 1 0))INFO: dtree.c(1315): Comp split 16
INFO: dtree.c(1315): Comp split 17
INFO: dtree.c(1315): Comp split 18
INFO: dtree.c(1315): Comp split 19
INFO: dtree.c(1315): Comp split 20
INFO: dtree.c(1318): stop. leaf nodes are specific
Fri Dec  3 07:39:03 2021
