Current configuration:
[NAME]		[DEFLT]	[VALUE]
-dictfn			/home/azhar/Tubes_Speech/commandreminder/etc/commandreminder.dic
-example	no	no
-fdictfn		/home/azhar/Tubes_Speech/commandreminder/etc/commandreminder.filler
-help		no	no
-ignorewpos	no	no
-inCDmdef		
-inCImdef		
-lsnfn			
-maxtriphones	100000	100000
-minocc		1	1
-n_state_pm	3	3
-oalltphnmdef		/home/azhar/Tubes_Speech/commandreminder/model_architecture/commandreminder.alltriphones.mdef
-ocimdef		
-ocountfn		
-ountiedmdef		
-phnlstfn		/home/azhar/Tubes_Speech/commandreminder/model_architecture/commandreminder.phonelist
-triphnlstfn		

INFO: main.c(94): Will write alltriphone mdef file /home/azhar/Tubes_Speech/commandreminder/model_architecture/commandreminder.alltriphones.mdef
INFO: mk_mdef_gen.c(189): 0 single word triphones in input phone list
INFO: mk_mdef_gen.c(190): 0 word beginning triphones in input phone list
INFO: mk_mdef_gen.c(191): 0 word internal triphones in input phone list
INFO: mk_mdef_gen.c(192): 0 word ending triphones in input phone list
INFO: mk_mdef_gen.c(280): Reading dict /home/azhar/Tubes_Speech/commandreminder/etc/commandreminder.dic
INFO: mk_mdef_gen.c(322): 190 words in dict /home/azhar/Tubes_Speech/commandreminder/etc/commandreminder.dic
INFO: mk_mdef_gen.c(280): Reading dict /home/azhar/Tubes_Speech/commandreminder/etc/commandreminder.filler
INFO: mk_mdef_gen.c(322): 3 words in dict /home/azhar/Tubes_Speech/commandreminder/etc/commandreminder.filler
INFO: mk_mdef_gen.c(442): 193 words in dictionary
INFO: mk_mdef_gen.c(443): 0 unique single word triphones in dictionary
INFO: mk_mdef_gen.c(444): 1720 unique word beginning triphones in dictionary
INFO: mk_mdef_gen.c(445): 509 unique word internal triphones in dictionary
INFO: mk_mdef_gen.c(446): 1656 unique word ending triphones in dictionary
INFO: mk_mdef_gen.c(897): 31 n_base, 3885 n_tri
INFO: mk_mdef_gen.c(969): Wrote mdef file /home/azhar/Tubes_Speech/commandreminder/model_architecture/commandreminder.alltriphones.mdef
Fri Dec  3 07:39:23 2021
