Current configuration:
[NAME]		[DEFLT]		[VALUE]
-agc		none		none
-agcthresh	2.0		2.000000e+00
-cbcntfn			
-cepdir				
-cepext		mfc		mfc
-ceplen		13		13
-cmn		live		batch
-cmninit	40,3,-1		40,3,-1
-ctlfn				
-dictfn				
-dmoddeffn			
-example	no		no
-fdictfn			
-feat		1s_c_d_dd	s2_4x
-featsel			0
-fpcachesz	3000		3000
-fullvar	no		no
-gthobj		state		single
-help		no		no
-lda				
-ldadim		0		0
-lsnfn				
-maxcbobs			0
-maxiter	100		100
-maxtotobs			0
-meanfn				/home/azhar/Tubes_Speech/commandreminder/model_parameters/commandreminder.ci_ptm_flatinitial/means
-method		rkm		rkm
-minratio	0.01		1.000000e-03
-mixwfn				
-ndensity			64
-niter		20		20
-ntrial		5		1
-obscachesz	92		92
-omoddeffn			
-reest		yes		no
-runlen				0
-segdir				
-segdmpdirs			/home/azhar/Tubes_Speech/commandreminder/bwaccumdir/commandreminder_buff_1,
-segdmpfn			/home/azhar/Tubes_Speech/commandreminder/bwaccumdir/commandreminder_buff_1/commandreminder.dmp
-segext		v8_seg		v8_seg
-segidxfn			
-stride		32		1
-svspec				
-ts2cbfn			
-tscnt				0
-tsoff		0		0
-tsrngfn			
-varfn				/home/azhar/Tubes_Speech/commandreminder/model_parameters/commandreminder.ci_ptm_flatinitial/variances
-varnorm	no		no
-vartiethr	0		0

INFO: feat.c(715): Initializing feature stream to type: 's2_4x', ceplen=13, CMN='batch', VARNORM='no', AGC='none'
INFO: main.c(520): No mdef files.  Assuming 1-class init
INFO: main.c(1345): 1-class dump file
INFO: main.c(1385): Corpus 0: sz==469138 frames
INFO: main.c(1392): Convergence ratios are abs(cur - prior) / abs(prior)
INFO: main.c(237): alloc'ing 21Mb obs buf
INFO: main.c(577): Initializing means using random k-means
INFO: main.c(580): Trial 0: 64 means
INFO: kmeans.c(155): km iter [0] 1.000000e+00 ...
INFO: kmeans.c(155): km iter [1] 1.707863e-01 ...
INFO: kmeans.c(155): km iter [2] 4.028172e-02 ...
INFO: kmeans.c(155): km iter [3] 1.832396e-02 ...
INFO: kmeans.c(155): km iter [4] 1.136487e-02 ...
INFO: kmeans.c(155): km iter [5] 8.447729e-03 ...
INFO: kmeans.c(155): km iter [6] 6.723809e-03 ...
INFO: kmeans.c(155): km iter [7] 5.446083e-03 ...
INFO: kmeans.c(155): km iter [8] 4.280106e-03 ...
INFO: kmeans.c(155): km iter [9] 3.164766e-03 ...
INFO: kmeans.c(155): km iter [10] 2.395483e-03 ...
INFO: kmeans.c(155): km iter [11] 1.831634e-03 ...
INFO: kmeans.c(155): km iter [12] 1.426508e-03 ...
INFO: kmeans.c(155): km iter [13] 1.163209e-03 ...
INFO: kmeans.c(168): kmtrineq n_iter 14 sqerr 5.887418e+08 conv_ratio 9.393184e-04
INFO: main.c(622): 	best-so-far sqerr = 5.887418e+08
INFO: main.c(237): alloc'ing 42Mb obs buf
INFO: main.c(577): Initializing means using random k-means
INFO: main.c(580): Trial 0: 64 means
INFO: kmeans.c(155): km iter [0] 1.000000e+00 ...
INFO: kmeans.c(155): km iter [1] 1.823147e-01 ...
INFO: kmeans.c(155): km iter [2] 3.423572e-02 ...
INFO: kmeans.c(155): km iter [3] 1.292559e-02 ...
INFO: kmeans.c(155): km iter [4] 7.209862e-03 ...
INFO: kmeans.c(155): km iter [5] 4.914484e-03 ...
INFO: kmeans.c(155): km iter [6] 3.652126e-03 ...
INFO: kmeans.c(155): km iter [7] 2.777185e-03 ...
INFO: kmeans.c(155): km iter [8] 2.190086e-03 ...
INFO: kmeans.c(155): km iter [9] 1.711377e-03 ...
INFO: kmeans.c(155): km iter [10] 1.363545e-03 ...
INFO: kmeans.c(155): km iter [11] 1.101141e-03 ...
INFO: kmeans.c(168): kmtrineq n_iter 12 sqerr 1.843211e+09 conv_ratio 8.810929e-04
INFO: main.c(622): 	best-so-far sqerr = 1.843211e+09
INFO: main.c(237): alloc'ing 5Mb obs buf
INFO: main.c(577): Initializing means using random k-means
INFO: main.c(580): Trial 0: 64 means
INFO: kmeans.c(155): km iter [0] 1.000000e+00 ...
INFO: kmeans.c(155): km iter [1] 3.221809e-01 ...
INFO: kmeans.c(155): km iter [2] 1.140710e-01 ...
INFO: kmeans.c(155): km iter [3] 7.027736e-02 ...
INFO: kmeans.c(155): km iter [4] 4.480416e-02 ...
INFO: kmeans.c(155): km iter [5] 5.502334e-02 ...
INFO: kmeans.c(155): km iter [6] 3.937689e-02 ...
INFO: kmeans.c(155): km iter [7] 1.599895e-02 ...
INFO: kmeans.c(155): km iter [8] 1.073622e-02 ...
INFO: kmeans.c(155): km iter [9] 7.732637e-03 ...
INFO: kmeans.c(155): km iter [10] 6.305386e-03 ...
INFO: kmeans.c(155): km iter [11] 5.267588e-03 ...
INFO: kmeans.c(155): km iter [12] 4.706256e-03 ...
INFO: kmeans.c(155): km iter [13] 4.239365e-03 ...
INFO: kmeans.c(155): km iter [14] 3.715915e-03 ...
INFO: kmeans.c(155): km iter [15] 3.461286e-03 ...
INFO: kmeans.c(155): km iter [16] 3.101395e-03 ...
INFO: kmeans.c(155): km iter [17] 2.728819e-03 ...
INFO: kmeans.c(155): km iter [18] 2.234251e-03 ...
INFO: kmeans.c(155): km iter [19] 1.814065e-03 ...
INFO: kmeans.c(155): km iter [20] 1.502330e-03 ...
INFO: kmeans.c(155): km iter [21] 1.260448e-03 ...
INFO: kmeans.c(155): km iter [22] 1.084983e-03 ...
INFO: kmeans.c(168): kmtrineq n_iter 23 sqerr 1.770954e+07 conv_ratio 9.646497e-04
INFO: main.c(622): 	best-so-far sqerr = 1.770954e+07
INFO: main.c(237): alloc'ing 21Mb obs buf
INFO: main.c(577): Initializing means using random k-means
INFO: main.c(580): Trial 0: 64 means
INFO: kmeans.c(155): km iter [0] 1.000000e+00 ...
INFO: kmeans.c(155): km iter [1] 8.232427e-02 ...
INFO: kmeans.c(155): km iter [2] 2.538331e-02 ...
INFO: kmeans.c(155): km iter [3] 1.267724e-02 ...
INFO: kmeans.c(155): km iter [4] 8.216009e-03 ...
INFO: kmeans.c(155): km iter [5] 6.015538e-03 ...
INFO: kmeans.c(155): km iter [6] 4.523526e-03 ...
INFO: kmeans.c(155): km iter [7] 3.493565e-03 ...
INFO: kmeans.c(155): km iter [8] 2.749695e-03 ...
INFO: kmeans.c(155): km iter [9] 2.190475e-03 ...
INFO: kmeans.c(155): km iter [10] 1.727091e-03 ...
INFO: kmeans.c(155): km iter [11] 1.385346e-03 ...
INFO: kmeans.c(155): km iter [12] 1.130552e-03 ...
INFO: kmeans.c(168): kmtrineq n_iter 13 sqerr 8.155076e+08 conv_ratio 9.598144e-04
INFO: main.c(622): 	best-so-far sqerr = 8.155076e+08
INFO: main.c(908): Initializing variances
INFO: main.c(237): alloc'ing 21Mb obs buf
INFO: main.c(237): alloc'ing 42Mb obs buf
INFO: main.c(237): alloc'ing 5Mb obs buf
INFO: main.c(237): alloc'ing 21Mb obs buf
INFO: main.c(1438): sqerr [0] == 3.265170e+09
INFO: main.c(1442): sqerr = 3.265170e+09 tot 5.714166e+04 rms
INFO: s3gau_io.c(228): Wrote /home/azhar/Tubes_Speech/commandreminder/model_parameters/commandreminder.ci_ptm_flatinitial/means [1x4x64 array]
INFO: s3gau_io.c(228): Wrote /home/azhar/Tubes_Speech/commandreminder/model_parameters/commandreminder.ci_ptm_flatinitial/variances [1x4x64 array]
INFO: main.c(1496): No mixing weight file given; none written
INFO: main.c(1628): TOTALS: km 0.001x 1.000e+00 var 0.000x 1.000e+00 em 0.000x 0.000e+00 all 0.001x 1.000e+00
Fri Dec  3 07:26:31 2021
