Current configuration:
[NAME]		[DEFLT]	[VALUE]
-example	no	no
-help		no	no
-mixwfn			/home/azhar/Tubes_Speech/commandreminder/model_parameters/commandreminder.ci_ptm_flatinitial/mixture_weights
-moddeffn		/home/azhar/Tubes_Speech/commandreminder/model_architecture/commandreminder.ci.mdef
-ndensity	256	64
-nstream	4	4
-tmatfn			/home/azhar/Tubes_Speech/commandreminder/model_parameters/commandreminder.ci_ptm_flatinitial/transition_matrices
-topo			/home/azhar/Tubes_Speech/commandreminder/model_architecture/commandreminder.topology

INFO: model_def_io.c(573): Model definition info:
INFO: model_def_io.c(574): 31 total models defined (31 base, 0 tri)
INFO: model_def_io.c(575): 124 total states
INFO: model_def_io.c(576): 93 total tied states
INFO: model_def_io.c(577): 93 total tied CI states
INFO: model_def_io.c(578): 31 total tied transition matrices
INFO: model_def_io.c(579): 4 max state/model
INFO: model_def_io.c(580): 4 min state/model
INFO: s3tmat_io.c(176): Wrote /home/azhar/Tubes_Speech/commandreminder/model_parameters/commandreminder.ci_ptm_flatinitial/transition_matrices [31x3x4 array]
INFO: s3mixw_io.c(233): Wrote /home/azhar/Tubes_Speech/commandreminder/model_parameters/commandreminder.ci_ptm_flatinitial/mixture_weights [93x4x64 array]
main.c(83): Reading model definition file /home/azhar/Tubes_Speech/commandreminder/model_architecture/commandreminder.ci.mdef
main.c(90): 31 models defined
Fri Dec  3 07:26:31 2021
