Current configuration:
[NAME]		[DEFLT]	[VALUE]
-accumdir		/home/azhar/Tubes_Speech/commandreminder/bwaccumdir/commandreminder_buff_1,
-constE		3.0	3.000000e+00
-dcountfn		
-example	no	no
-fullvar	no	no
-help		no	no
-inmeanfn		
-inmixwfn		
-invarfn		
-meanfn			/home/azhar/Tubes_Speech/commandreminder/model_parameters/commandreminder.ci_ptm/means
-mixwfn			/home/azhar/Tubes_Speech/commandreminder/model_parameters/commandreminder.ci_ptm/mixture_weights
-mmie		no	no
-oaccumdir		
-regmatfn		
-tiedvar	no	no
-tmatfn			/home/azhar/Tubes_Speech/commandreminder/model_parameters/commandreminder.ci_ptm/transition_matrices
-varfn			/home/azhar/Tubes_Speech/commandreminder/model_parameters/commandreminder.ci_ptm/variances

INFO: main.c(207): Reading and accumulating counts from /home/azhar/Tubes_Speech/commandreminder/bwaccumdir/commandreminder_buff_1
INFO: s3mixw_io.c(117): Read /home/azhar/Tubes_Speech/commandreminder/bwaccumdir/commandreminder_buff_1/mixw_counts [93x4x64 array]
INFO: s3tmat_io.c(118): Read /home/azhar/Tubes_Speech/commandreminder/bwaccumdir/commandreminder_buff_1/tmat_counts [31x3x4 array]
INFO: s3gau_io.c(386): Read /home/azhar/Tubes_Speech/commandreminder/bwaccumdir/commandreminder_buff_1/gauden_counts with means with vars [31x4x64 vector arrays]
INFO: main.c(391): Normalizing mean for n_mgau= 31, n_stream= 4, n_density= 64
INFO: main.c(414): Normalizing var
INFO: s3mixw_io.c(233): Wrote /home/azhar/Tubes_Speech/commandreminder/model_parameters/commandreminder.ci_ptm/mixture_weights [93x4x64 array]
INFO: s3tmat_io.c(176): Wrote /home/azhar/Tubes_Speech/commandreminder/model_parameters/commandreminder.ci_ptm/transition_matrices [31x3x4 array]
INFO: s3gau_io.c(228): Wrote /home/azhar/Tubes_Speech/commandreminder/model_parameters/commandreminder.ci_ptm/means [31x4x64 array]
INFO: s3gau_io.c(228): Wrote /home/azhar/Tubes_Speech/commandreminder/model_parameters/commandreminder.ci_ptm/variances [31x4x64 array]
Fri Dec  3 07:29:43 2021
Current Overall Likelihood Per Frame = -212.003817032988
