Current configuration:
[NAME]		[DEFLT]	[VALUE]
-example	no	no
-help		no	no
-mixwfn			/home/azhar/Tubes_Speech/commandreminder/model_parameters/commandreminder.cd_ptm_200_delinterp/mixture_weights
-moddeffn		/home/azhar/Tubes_Speech/commandreminder/model_architecture/commandreminder.200.mdef
-mwfloor	0.00001	1.000000e-07
-pocketsphinx	no	yes
-sendumpfn		/home/azhar/Tubes_Speech/commandreminder/model_parameters/commandreminder.cd_ptm_200_delinterp/sendump

INFO: model_def_io.c(573): Model definition info:
INFO: model_def_io.c(574): 3916 total models defined (31 base, 3885 tri)
INFO: model_def_io.c(575): 15664 total states
INFO: model_def_io.c(576): 293 total tied states
INFO: model_def_io.c(577): 93 total tied CI states
INFO: model_def_io.c(578): 31 total tied transition matrices
INFO: model_def_io.c(579): 4 max state/model
INFO: model_def_io.c(580): 4 min state/model
INFO: senone.c(210): Reading senone mixture weights: /home/azhar/Tubes_Speech/commandreminder/model_parameters/commandreminder.cd_ptm_200_delinterp/mixture_weights
INFO: senone.c(331): Read mixture weights for 293 senones: 4 features x 64 codewords
INFO: mk_s2sendump.c(207): Writing PocketSphinx format sendump file: /home/azhar/Tubes_Speech/commandreminder/model_parameters/commandreminder.cd_ptm_200_delinterp/sendump
Fri Dec  3 07:54:27 2021
