Current configuration:
[NAME]		[DEFLT]	[VALUE]
-accumdirs		/home/azhar/Tubes_Speech/commandreminder/bwaccumdir/commandreminder_buff_2,/home/azhar/Tubes_Speech/commandreminder/bwaccumdir/commandreminder_buff_1,
-cilambda	0.9	9.000000e-01
-example	no	no
-help		no	no
-maxiter	100	4000
-mixwfn			/home/azhar/Tubes_Speech/commandreminder/model_parameters/commandreminder.cd_ptm_200_delinterp/mixture_weights
-moddeffn		/home/azhar/Tubes_Speech/commandreminder/model_architecture/commandreminder.200.mdef

INFO: model_def_io.c(573): Model definition info:
INFO: model_def_io.c(574): 3916 total models defined (31 base, 3885 tri)
INFO: model_def_io.c(575): 15664 total states
INFO: model_def_io.c(576): 293 total tied states
INFO: model_def_io.c(577): 93 total tied CI states
INFO: model_def_io.c(578): 31 total tied transition matrices
INFO: model_def_io.c(579): 4 max state/model
INFO: model_def_io.c(580): 4 min state/model
INFO: main.c(474): Reading /home/azhar/Tubes_Speech/commandreminder/bwaccumdir/commandreminder_buff_2/mixw_counts
INFO: s3mixw_io.c(117): Read /home/azhar/Tubes_Speech/commandreminder/bwaccumdir/commandreminder_buff_2/mixw_counts [293x4x64 array]
INFO: main.c(474): Reading /home/azhar/Tubes_Speech/commandreminder/bwaccumdir/commandreminder_buff_1/mixw_counts
INFO: s3mixw_io.c(117): Read /home/azhar/Tubes_Speech/commandreminder/bwaccumdir/commandreminder_buff_1/mixw_counts [293x4x64 array]
INFO: main.c(261): Interpolating 200 CD states
INFO: main.c(262): 4 states max/model
INFO: main.c(392): 0:0:200
INFO: main.c(392): 1:0:200
INFO: main.c(392): 2:0:200
INFO: main.c(392): 3:0:200
INFO: main.c(392): 4:0:200
INFO: main.c(392): 5:0:200
INFO: main.c(392): 6:0:200
INFO: main.c(392): 7:1:200
INFO: main.c(392): 8:1:200
INFO: main.c(392): 9:5:200
INFO: main.c(392): 10:9:200
INFO: main.c(392): 11:14:200
INFO: main.c(392): 12:16:200
INFO: main.c(392): 13:25:200
INFO: main.c(392): 14:29:200
INFO: main.c(392): 15:31:200
INFO: main.c(392): 16:37:200
INFO: main.c(392): 17:39:200
INFO: main.c(392): 18:42:200
INFO: main.c(392): 19:44:200
INFO: main.c(392): 20:46:200
INFO: main.c(392): 21:48:200
INFO: main.c(392): 22:50:200
INFO: main.c(392): 23:57:200
INFO: main.c(392): 24:61:200
INFO: main.c(392): 25:64:200
INFO: main.c(392): 26:67:200
INFO: main.c(392): 27:70:200
INFO: main.c(392): 28:72:200
INFO: main.c(392): 29:75:200
INFO: main.c(392): 30:79:200
INFO: main.c(392): 31:81:200
INFO: main.c(392): 32:84:200
INFO: main.c(392): 33:85:200
INFO: main.c(392): 34:87:200
INFO: main.c(392): 35:89:200
INFO: main.c(392): 36:93:200
INFO: main.c(392): 37:95:200
INFO: main.c(392): 38:98:200
INFO: main.c(392): 39:99:200
INFO: main.c(392): 40:102:200
INFO: main.c(392): 41:106:200
INFO: main.c(392): 42:110:200
INFO: main.c(392): 43:114:200
INFO: main.c(392): 44:117:200
INFO: main.c(392): 45:118:200
INFO: main.c(392): 46:120:200
INFO: main.c(392): 47:126:200
INFO: main.c(392): 48:126:200
INFO: main.c(392): 49:127:200
INFO: main.c(392): 50:128:200
INFO: main.c(392): 51:131:200
INFO: main.c(392): 52:132:200
INFO: main.c(392): 53:136:200
INFO: main.c(392): 54:139:200
INFO: main.c(392): 55:140:200
INFO: main.c(392): 56:140:200
INFO: main.c(392): 57:140:200
INFO: main.c(392): 58:141:200
INFO: main.c(392): 59:144:200
INFO: main.c(392): 60:149:200
INFO: main.c(392): 61:149:200
INFO: main.c(392): 62:151:200
INFO: main.c(392): 63:153:200
INFO: main.c(392): 64:156:200
INFO: main.c(392): 65:157:200
INFO: main.c(392): 66:158:200
INFO: main.c(392): 67:160:200
INFO: main.c(392): 68:162:200
INFO: main.c(392): 69:165:200
INFO: main.c(392): 70:167:200
INFO: main.c(392): 71:168:200
INFO: main.c(392): 72:169:200
INFO: main.c(392): 73:169:200
INFO: main.c(392): 74:173:200
INFO: main.c(392): 75:175:200
INFO: main.c(392): 76:176:200
INFO: main.c(392): 77:177:200
INFO: main.c(392): 78:177:200
INFO: main.c(392): 79:178:200
INFO: main.c(392): 80:178:200
INFO: main.c(392): 81:178:200
INFO: main.c(392): 82:178:200
INFO: main.c(392): 83:178:200
INFO: main.c(392): 84:179:200
INFO: main.c(392): 85:181:200
INFO: main.c(392): 86:185:200
INFO: main.c(392): 87:186:200
INFO: main.c(392): 88:186:200
INFO: main.c(392): 89:187:200
INFO: main.c(392): 90:187:200
INFO: main.c(392): 91:187:200
INFO: main.c(392): 92:187:200
INFO: main.c(392): 93:189:200
INFO: main.c(392): 94:191:200
INFO: main.c(392): 95:192:200
INFO: main.c(392): 96:192:200
INFO: main.c(392): 97:192:200
INFO: main.c(392): 98:192:200
INFO: main.c(392): 99:192:200
INFO: main.c(392): 100:192:200
INFO: main.c(392): 101:192:200
INFO: main.c(392): 102:192:200
INFO: main.c(392): 103:192:200
INFO: main.c(392): 104:192:200
INFO: main.c(392): 105:192:200
INFO: main.c(392): 106:192:200
INFO: main.c(392): 107:192:200
INFO: main.c(392): 108:192:200
INFO: main.c(392): 109:192:200
INFO: main.c(392): 110:193:200
INFO: main.c(392): 111:194:200
INFO: main.c(392): 112:194:200
INFO: main.c(392): 113:194:200
INFO: main.c(392): 114:194:200
INFO: main.c(392): 115:194:200
INFO: main.c(392): 116:194:200
INFO: main.c(392): 117:194:200
INFO: main.c(392): 118:194:200
INFO: main.c(392): 119:194:200
INFO: main.c(392): 120:194:200
INFO: main.c(392): 121:194:200
INFO: main.c(392): 122:194:200
INFO: main.c(392): 123:194:200
INFO: main.c(392): 124:194:200
INFO: main.c(392): 125:194:200
INFO: main.c(392): 126:194:200
INFO: main.c(392): 127:194:200
INFO: main.c(392): 128:194:200
INFO: main.c(392): 129:194:200
INFO: main.c(392): 130:194:200
INFO: main.c(392): 131:195:200
INFO: main.c(392): 132:196:200
INFO: main.c(392): 133:196:200
INFO: main.c(392): 134:196:200
INFO: main.c(392): 135:196:200
INFO: main.c(392): 136:196:200
INFO: main.c(392): 137:196:200
INFO: main.c(392): 138:196:200
INFO: main.c(392): 139:196:200
INFO: main.c(392): 140:196:200
INFO: main.c(392): 141:196:200
INFO: main.c(392): 142:196:200
INFO: main.c(392): 143:196:200
INFO: main.c(392): 144:196:200
INFO: main.c(392): 145:196:200
INFO: main.c(392): 146:196:200
INFO: main.c(392): 147:196:200
INFO: main.c(392): 148:196:200
INFO: main.c(392): 149:196:200
INFO: main.c(392): 150:196:200
INFO: main.c(392): 151:196:200
INFO: main.c(392): 152:196:200
INFO: main.c(392): 153:196:200
INFO: main.c(392): 154:196:200
INFO: main.c(392): 155:196:200
INFO: main.c(392): 156:196:200
INFO: main.c(392): 157:197:200
INFO: main.c(392): 158:197:200
INFO: main.c(392): 159:197:200
INFO: main.c(392): 160:197:200
INFO: main.c(392): 161:197:200
INFO: main.c(392): 162:197:200
INFO: main.c(392): 163:197:200
INFO: main.c(392): 164:197:200
INFO: main.c(392): 165:197:200
INFO: main.c(392): 166:197:200
INFO: main.c(392): 167:197:200
INFO: main.c(392): 168:197:200
INFO: main.c(392): 169:197:200
INFO: main.c(392): 170:197:200
INFO: main.c(392): 171:198:200
INFO: main.c(392): 172:198:200
INFO: main.c(392): 173:198:200
INFO: main.c(392): 174:198:200
INFO: main.c(392): 175:198:200
INFO: main.c(392): 176:198:200
INFO: main.c(392): 177:198:200
INFO: main.c(392): 178:198:200
INFO: main.c(392): 179:198:200
INFO: main.c(392): 180:198:200
INFO: main.c(392): 181:199:200
INFO: main.c(392): 182:199:200
INFO: main.c(392): 183:199:200
INFO: main.c(392): 184:199:200
INFO: main.c(392): 185:199:200
INFO: main.c(392): 186:199:200
INFO: main.c(392): 187:199:200
INFO: main.c(392): 188:199:200
INFO: main.c(392): 189:199:200
INFO: main.c(392): 190:199:200
INFO: main.c(392): 191:199:200
INFO: main.c(392): 192:199:200
INFO: main.c(392): 193:199:200
INFO: main.c(392): 194:199:200
INFO: main.c(392): 195:199:200
INFO: main.c(392): 196:199:200
INFO: main.c(392): 197:199:200
INFO: main.c(392): 198:199:200
INFO: main.c(392): 199:199:200
INFO: main.c(392): 200:199:200
INFO: main.c(392): 201:199:200
INFO: main.c(392): 202:199:200
INFO: main.c(392): 203:199:200
INFO: main.c(392): 204:199:200
INFO: main.c(392): 205:199:200
INFO: main.c(392): 206:199:200
INFO: main.c(392): 207:199:200
INFO: main.c(392): 208:199:200
INFO: main.c(392): 209:199:200
INFO: main.c(392): 210:199:200
INFO: main.c(392): 211:199:200
INFO: main.c(392): 212:199:200
INFO: main.c(392): 213:199:200
INFO: main.c(392): 214:200:200
SUMMARY

 State  Count A   Count B    Total    CD    CI    UNI   Cnv
------ --------- --------- --------- ----- ----- ------ ---
    93 1.125e+03 1.277e+03 2.402e+03 0.985 0.002 0.013 y
    94 1.578e+03 1.742e+03 3.320e+03 0.986 0.004 0.010 y
    95 3.903e+02 4.733e+02 8.636e+02 0.942 0.055 0.003 y
    96 4.013e+02 4.518e+02 8.531e+02 0.988 0.004 0.008 y
    97 1.362e+03 1.238e+03 2.600e+03 0.989 0.002 0.009 y
    98 8.358e+02 9.528e+02 1.789e+03 0.967 0.029 0.004 y
    99 1.343e+03 1.038e+03 2.381e+03 0.861 0.000 0.138 y
   100 1.313e+03 1.584e+03 2.898e+03 0.929 0.009 0.062 y
   101 1.475e+03 1.633e+03 3.108e+03 0.952 0.001 0.047 y
   102 8.624e+02 9.428e+02 1.805e+03 0.947 0.050 0.004 y
   103 1.047e+03 9.927e+02 2.040e+03 0.982 0.003 0.015 y
   104 1.362e+03 1.490e+03 2.852e+03 0.984 0.009 0.007 y
   105 2.841e+03 3.303e+03 6.144e+03 0.992 0.003 0.005 y
   106 2.041e+03 2.167e+03 4.208e+03 0.987 0.003 0.010 y
   107 6.408e+02 5.947e+02 1.235e+03 0.943 0.036 0.021 y
   108 2.119e+03 1.695e+03 3.814e+03 0.968 0.016 0.016 y
   109 8.417e+02 7.057e+02 1.547e+03 0.765 0.046 0.190 y
   110 1.664e+03 2.345e+03 4.010e+03 0.951 0.038 0.011 y
   111 9.769e+02 7.235e+02 1.700e+03 0.767 0.000 0.233 y
   112 8.821e+02 1.051e+03 1.933e+03 0.945 0.006 0.049 y
   113 1.401e+03 1.900e+03 3.302e+03 0.948 0.006 0.046 y
   114 2.575e+03 2.696e+03 5.271e+03 0.988 0.003 0.008 y
   115 7.327e+02 8.208e+02 1.553e+03 0.992 0.003 0.005 y
   116 1.411e+03 1.392e+03 2.803e+03 0.921 0.021 0.057 y
   117 1.812e+03 2.145e+03 3.957e+03 0.994 0.002 0.004 y
   118 8.467e+02 9.132e+02 1.760e+03 0.966 0.004 0.029 y
   119 1.062e+03 1.250e+03 2.312e+03 0.934 0.049 0.017 y
   120 1.030e+03 9.943e+02 2.024e+03 0.976 0.003 0.021 y
   121 6.734e+02 5.604e+02 1.234e+03 0.934 0.001 0.065 y
   122 4.533e+02 5.057e+02 9.591e+02 0.962 0.000 0.038 y
   123 1.191e+03 1.818e+03 3.009e+03 0.928 0.003 0.069 y
   124 6.138e+02 6.597e+02 1.273e+03 0.952 0.003 0.045 y
   125 3.298e+02 5.238e+02 8.536e+02 0.859 0.000 0.140 y
   126 7.199e+02 7.273e+02 1.447e+03 0.967 0.003 0.029 y
   127 7.533e+02 7.746e+02 1.528e+03 0.628 0.314 0.058 y
   128 5.360e+02 5.723e+02 1.108e+03 0.650 0.325 0.025 y
   129 4.734e+02 5.099e+02 9.834e+02 0.632 0.316 0.051 y
   130 5.510e+02 7.395e+02 1.290e+03 0.950 0.000 0.050 y
   131 1.533e+03 1.693e+03 3.226e+03 0.920 0.000 0.079 y
   132 5.763e+02 7.275e+02 1.304e+03 0.974 0.001 0.026 y
   133 2.041e+03 2.459e+03 4.500e+03 0.830 0.046 0.124 y
   134 5.104e+02 5.844e+02 1.095e+03 0.969 0.002 0.029 y
   135 2.071e+03 2.181e+03 4.252e+03 0.881 0.002 0.117 y
   136 8.271e+02 8.958e+02 1.723e+03 0.974 0.002 0.023 y
   137 4.719e+02 5.492e+02 1.021e+03 0.969 0.002 0.030 y
   138 4.291e+02 4.059e+02 8.351e+02 0.980 0.001 0.019 y
   139 2.851e+02 2.777e+02 5.627e+02 0.953 0.000 0.047 y
   140 1.179e+03 1.212e+03 2.390e+03 0.956 0.004 0.039 y
   141 8.085e+02 8.087e+02 1.617e+03 0.960 0.010 0.030 y
   142 5.750e+02 5.880e+02 1.163e+03 0.910 0.020 0.070 y
   143 5.458e+02 6.010e+02 1.147e+03 0.959 0.001 0.040 y
   144 6.763e+02 7.317e+02 1.408e+03 0.648 0.324 0.029 y
   145 1.013e+03 1.105e+03 2.118e+03 0.656 0.328 0.015 y
   146 5.317e+02 5.665e+02 1.098e+03 0.898 0.005 0.098 y
   147 4.168e+02 4.276e+02 8.444e+02 0.973 0.004 0.022 y
   148 1.787e+01 4.591e+01 6.378e+01 0.265 0.133 0.602 y
   149 4.786e+01 7.840e+01 1.263e+02 0.276 0.138 0.587 y
   150 9.119e+01 7.975e+01 1.709e+02 0.374 0.187 0.439 y
   151 5.352e+02 6.471e+02 1.182e+03 0.616 0.308 0.075 y
   152 2.992e+02 2.837e+02 5.829e+02 0.652 0.326 0.022 y
   153 4.147e+02 2.576e+02 6.723e+02 0.446 0.223 0.331 y
   154 2.965e+02 3.687e+02 6.653e+02 0.895 0.001 0.104 y
   155 6.167e+02 8.254e+02 1.442e+03 0.935 0.003 0.062 y
   156 5.390e+02 5.390e+02 1.078e+03 0.592 0.296 0.113 y
   157 4.182e+02 5.170e+02 9.352e+02 0.952 0.000 0.048 y
   158 2.069e+02 2.695e+02 4.764e+02 0.959 0.000 0.041 y
   159 3.486e+02 4.443e+02 7.928e+02 0.899 0.000 0.101 y
   160 7.230e+02 9.398e+02 1.663e+03 0.914 0.007 0.079 y
   161 9.812e+02 1.261e+03 2.242e+03 0.894 0.002 0.104 y
   162 9.697e+02 1.121e+03 2.091e+03 0.934 0.001 0.065 y
   163 2.804e+02 3.313e+02 6.116e+02 0.947 0.001 0.052 y
   164 1.008e+03 6.540e+02 1.662e+03 0.713 0.001 0.286 y
   165 2.650e+02 3.315e+02 5.965e+02 0.921 0.001 0.079 y
   166 1.640e+03 1.943e+03 3.583e+03 0.952 0.041 0.007 y
   167 1.306e+03 1.747e+03 3.053e+03 0.892 0.089 0.018 y
   168 1.465e+03 1.552e+03 3.017e+03 0.984 0.008 0.008 y
   169 3.260e+03 3.946e+03 7.206e+03 0.910 0.086 0.003 y
   170 5.481e+02 7.104e+02 1.258e+03 0.902 0.084 0.015 y
   171 1.310e+03 1.390e+03 2.700e+03 0.990 0.007 0.004 y
   172 8.503e+02 9.875e+02 1.838e+03 0.982 0.017 0.001 y
   173 6.722e+02 1.016e+03 1.688e+03 0.972 0.020 0.008 y
   174 1.301e+03 1.370e+03 2.671e+03 0.979 0.010 0.012 y
   175 1.918e+03 2.400e+03 4.317e+03 0.967 0.027 0.006 y
   176 1.122e+03 1.353e+03 2.475e+03 0.944 0.035 0.022 y
   177 6.275e+02 7.328e+02 1.360e+03 0.963 0.035 0.002 y
   178 1.724e+03 1.683e+03 3.407e+03 0.966 0.004 0.030 y
   179 9.244e+02 1.044e+03 1.968e+03 0.607 0.303 0.090 y
   180 3.594e+02 4.989e+02 8.583e+02 0.943 0.006 0.051 y
   181 3.973e+02 4.960e+02 8.933e+02 0.942 0.026 0.033 y
   182 3.291e+02 3.589e+02 6.880e+02 0.960 0.001 0.039 y
   183 4.790e+02 4.760e+02 9.550e+02 0.943 0.009 0.049 y
   184 1.087e+03 1.455e+03 2.542e+03 0.985 0.002 0.013 y
   185 2.621e+02 2.835e+02 5.455e+02 0.972 0.002 0.026 y
   186 3.070e+03 4.905e+03 7.974e+03 0.920 0.002 0.078 y
   187 1.866e+03 1.829e+03 3.695e+03 0.957 0.002 0.041 y
   188 5.227e+02 5.622e+02 1.085e+03 0.964 0.001 0.035 y
   189 1.063e+03 1.083e+03 2.145e+03 0.975 0.005 0.021 y
   190 4.386e+02 4.587e+02 8.973e+02 0.973 0.000 0.027 y
   191 4.911e+02 4.659e+02 9.570e+02 0.986 0.002 0.012 y
   192 1.575e+03 1.734e+03 3.309e+03 0.952 0.001 0.048 y
   193 1.864e+02 2.422e+02 4.286e+02 0.417 0.208 0.375 y
   194 1.197e+02 1.545e+02 2.742e+02 0.405 0.202 0.393 y
   195 1.009e+02 1.356e+02 2.365e+02 0.203 0.101 0.696 y
   196 5.897e+02 5.344e+02 1.124e+03 0.975 0.015 0.010 y
   197 1.316e+03 1.524e+03 2.840e+03 0.932 0.004 0.064 y
   198 7.483e+02 8.181e+02 1.566e+03 0.932 0.001 0.068 y
   199 6.589e+02 8.409e+02 1.500e+03 0.899 0.000 0.100 y
   200 5.514e+02 8.380e+02 1.389e+03 0.856 0.000 0.144 y
   201 4.060e+02 4.189e+02 8.249e+02 0.969 0.001 0.030 y
   202 6.650e+02 6.925e+02 1.358e+03 0.959 0.001 0.040 y
   203 1.583e+03 1.695e+03 3.277e+03 0.969 0.002 0.029 y
   204 3.488e+02 3.696e+02 7.184e+02 0.968 0.002 0.029 y
   205 6.045e+02 6.074e+02 1.212e+03 0.977 0.000 0.023 y
   206 1.489e+03 1.712e+03 3.201e+03 0.960 0.005 0.035 y
   207 1.276e+03 1.232e+03 2.508e+03 0.972 0.007 0.021 y
   208 5.220e+02 5.366e+02 1.059e+03 0.932 0.000 0.068 y
   209 8.496e+02 9.371e+02 1.787e+03 0.905 0.000 0.095 y
   210 7.045e+02 8.037e+02 1.508e+03 0.946 0.001 0.053 y
   211 7.863e+02 9.159e+02 1.702e+03 0.959 0.000 0.040 y
   212 5.772e+02 5.805e+02 1.158e+03 0.931 0.015 0.054 y
   213 5.088e+02 5.317e+02 1.041e+03 0.980 0.012 0.008 y
   214 3.653e+03 4.022e+03 7.676e+03 0.961 0.033 0.006 y
   215 2.612e+03 2.525e+03 5.137e+03 0.944 0.042 0.014 y
   216 6.814e+02 7.664e+02 1.448e+03 0.947 0.044 0.009 y
   217 5.971e+02 7.798e+02 1.377e+03 0.915 0.069 0.017 y
   218 1.008e+03 1.304e+03 2.312e+03 0.919 0.071 0.010 y
   219 1.714e+03 2.797e+03 4.511e+03 0.897 0.079 0.024 y
   220 5.126e+02 1.064e+03 1.577e+03 0.738 0.198 0.064 y
   221 1.465e+03 1.504e+03 2.969e+03 0.972 0.001 0.027 y
   222 9.068e+02 1.152e+03 2.059e+03 0.908 0.013 0.079 y
   223 4.300e+02 4.919e+02 9.219e+02 0.990 0.002 0.008 y
   224 1.035e+03 1.156e+03 2.191e+03 0.892 0.001 0.106 y
   225 5.828e+02 5.475e+02 1.130e+03 0.904 0.001 0.095 y
   226 1.305e+03 1.495e+03 2.799e+03 0.953 0.004 0.043 y
   227 4.047e+02 4.709e+02 8.756e+02 0.878 0.015 0.107 y
   228 7.439e+02 7.238e+02 1.468e+03 0.875 0.001 0.124 y
   229 4.121e+02 3.858e+02 7.979e+02 0.943 0.001 0.056 y
   230 6.487e+02 6.548e+02 1.303e+03 0.946 0.000 0.054 y
   231 7.803e+02 8.477e+02 1.628e+03 0.619 0.309 0.072 y
   232 1.058e+03 1.118e+03 2.177e+03 0.641 0.320 0.039 y
   233 4.564e+02 5.098e+02 9.661e+02 0.918 0.015 0.068 y
   234 4.872e+02 4.993e+02INFO: interp_fn.c(159): Interpolating CD states
INFO: main.c(513): Writing /home/azhar/Tubes_Speech/commandreminder/model_parameters/commandreminder.cd_ptm_200_delinterp/mixture_weights
INFO: s3mixw_io.c(233): Wrote /home/azhar/Tubes_Speech/commandreminder/model_parameters/commandreminder.cd_ptm_200_delinterp/mixture_weights [293x4x64 array]
 9.865e+02 0.922 0.034 0.044 y
   235 2.528e+03 3.761e+03 6.288e+03 0.939 0.054 0.008 y
   236 9.164e+02 1.997e+03 2.914e+03 0.982 0.009 0.009 y
   237 2.104e+03 2.252e+03 4.356e+03 0.638 0.319 0.044 y
   238 5.878e+02 6.660e+02 1.254e+03 0.966 0.002 0.032 y
   239 1.472e+03 1.563e+03 3.034e+03 0.901 0.001 0.097 y
   240 5.757e+02 7.079e+02 1.284e+03 0.826 0.001 0.173 y
   241 1.236e+03 1.109e+03 2.345e+03 0.923 0.002 0.076 y
   242 3.210e+02 3.741e+02 6.951e+02 0.924 0.001 0.076 y
   243 1.161e+03 1.190e+03 2.351e+03 0.902 0.002 0.097 y
   244 8.096e+02 7.796e+02 1.589e+03 0.936 0.001 0.063 y
   245 8.857e+02 7.802e+02 1.666e+03 0.931 0.002 0.067 y
   246 4.736e+02 4.873e+02 9.609e+02 0.947 0.000 0.053 y
   247 6.873e+02 6.425e+02 1.330e+03 0.915 0.022 0.063 y
   248 8.476e+02 9.026e+02 1.750e+03 0.957 0.000 0.042 y
   249 9.962e+02 9.933e+02 1.989e+03 0.976 0.006 0.019 y
   250 1.424e+03 1.514e+03 2.938e+03 0.991 0.003 0.006 y
   251 2.444e+03 2.472e+03 4.916e+03 0.974 0.001 0.025 y
   252 1.753e+03 2.296e+03 4.049e+03 0.952 0.046 0.002 y
   253 1.392e+03 1.754e+03 3.146e+03 0.980 0.016 0.004 y
   254 3.097e+03 1.974e+03 5.071e+03 0.978 0.019 0.003 y
   255 1.345e+03 1.436e+03 2.781e+03 0.966 0.005 0.029 y
   256 2.084e+03 1.247e+03 3.330e+03 0.875 0.078 0.047 y
   257 6.324e+02 7.979e+02 1.430e+03 0.985 0.002 0.013 y
   258 6.133e+02 5.919e+02 1.205e+03 0.983 0.007 0.009 y
   259 8.706e+01 1.447e+02 2.318e+02 0.302 0.151 0.547 y
   260 7.694e+01 8.250e+01 1.594e+02 0.480 0.240 0.280 y
   261 5.892e+01 1.268e+02 1.857e+02 0.429 0.214 0.357 y
   262 1.047e+03 8.922e+02 1.940e+03 0.941 0.026 0.033 y
   263 1.393e+03 1.428e+03 2.821e+03 0.972 0.021 0.008 y
   264 1.882e+03 3.417e+03 5.299e+03 0.656 0.328 0.015 y
   265 1.263e+03 1.282e+03 2.545e+03 0.981 0.002 0.017 y
   266 5.516e+02 6.347e+02 1.186e+03 0.938 0.001 0.062 y
   267 4.857e+02 5.114e+02 9.971e+02 0.976 0.001 0.024 y
   268 8.199e+02 9.760e+02 1.796e+03 0.966 0.003 0.031 y
   269 8.526e+02 1.131e+03 1.983e+03 0.957 0.025 0.019 y
   270 1.177e+03 1.360e+03 2.536e+03 0.987 0.006 0.007 y
   271 9.587e+02 1.097e+03 2.056e+03 0.936 0.048 0.016 y
   272 1.028e+03 1.115e+03 2.143e+03 0.985 0.008 0.007 y
   273 8.867e+02 1.236e+03 2.123e+03 0.991 0.001 0.008 y
   274 9.071e+02 9.624e+02 1.869e+03 0.960 0.004 0.035 y
   275 9.429e+02 9.250e+02 1.868e+03 0.932 0.000 0.067 y
   276 8.763e+02 8.971e+02 1.773e+03 0.976 0.001 0.023 y
   277 8.313e+02 8.980e+02 1.729e+03 0.959 0.030 0.010 y
   278 9.000e+00 2.700e+01 3.600e+01 0.060 0.030 0.910 y
   279 1.400e+01 3.686e+01 5.086e+01 0.246 0.123 0.631 y
   280 2.900e+01 5.514e+01 8.414e+01 0.247 0.124 0.629 y
   281 5.065e+02 5.573e+02 1.064e+03 0.575 0.287 0.138 y
   282 2.655e+02 3.434e+02 6.088e+02 0.565 0.282 0.153 y
   283 2.457e+02 3.213e+02 5.670e+02 0.539 0.269 0.192 y
   284 1.083e+03 2.266e+03 3.349e+03 0.301 0.151 0.548 y
   285 1.575e+03 3.183e+03 4.759e+03 0.425 0.213 0.362 y
   286 5.489e+03 7.351e+03 1.284e+04 0.545 0.272 0.183 y
   287 1.454e+02 7.130e+01 2.167e+02 0.276 0.138 0.586 y
   288 1.358e+02 2.066e+02 3.423e+02 0.542 0.271 0.188 y
   289 2.052e+02 3.050e+02 5.102e+02 0.497 0.249 0.254 y
   290 1.706e+02 1.227e+02 2.933e+02 0.387 0.193 0.420 y
   291 1.915e+02 1.844e+02 3.759e+02 0.532 0.266 0.202 y
   292 1.446e+02 1.300e+02 2.746e+02 0.290 0.145 0.565 y
Fri Dec  3 07:54:27 2021
