Current configuration:
[NAME]		[DEFLT]	[VALUE]
-dictfn			/home/azhar/Tubes_Speech/commandreminder/etc/commandreminder.dic
-example	no	no
-fdictfn		/home/azhar/Tubes_Speech/commandreminder/etc/commandreminder.filler
-help		no	no
-ignorewpos	no	no
-inCDmdef		
-inCImdef		
-lsnfn			/home/azhar/Tubes_Speech/commandreminder/etc/commandreminder_train.transcription
-maxtriphones	100000	100000
-minocc		1	1
-n_state_pm	3	3
-oalltphnmdef		
-ocimdef		
-ocountfn		
-ountiedmdef		/home/azhar/Tubes_Speech/commandreminder/model_architecture/commandreminder.untied.mdef
-phnlstfn		/home/azhar/Tubes_Speech/commandreminder/etc/commandreminder.phone
-triphnlstfn		

INFO: main.c(95): Will write untied mdef file /home/azhar/Tubes_Speech/commandreminder/model_architecture/commandreminder.untied.mdef
INFO: mk_mdef_gen.c(189): 0 single word triphones in input phone list
INFO: mk_mdef_gen.c(190): 0 word beginning triphones in input phone list
INFO: mk_mdef_gen.c(191): 0 word internal triphones in input phone list
INFO: mk_mdef_gen.c(192): 0 word ending triphones in input phone list
INFO: mk_mdef_gen.c(280): Reading dict /home/azhar/Tubes_Speech/commandreminder/etc/commandreminder.dic
INFO: mk_mdef_gen.c(322): 190 words in dict /home/azhar/Tubes_Speech/commandreminder/etc/commandreminder.dic
INFO: mk_mdef_gen.c(280): Reading dict /home/azhar/Tubes_Speech/commandreminder/etc/commandreminder.filler
INFO: mk_mdef_gen.c(322): 3 words in dict /home/azhar/Tubes_Speech/commandreminder/etc/commandreminder.filler
INFO: mk_mdef_gen.c(442): 193 words in dictionary
INFO: mk_mdef_gen.c(443): 0 unique single word triphones in dictionary
INFO: mk_mdef_gen.c(444): 1720 unique word beginning triphones in dictionary
INFO: mk_mdef_gen.c(445): 509 unique word internal triphones in dictionary
INFO: mk_mdef_gen.c(446): 1656 unique word ending triphones in dictionary
INFO: mk_mdef_gen.c(479): Out of vocabulary words in transcript will be mapped to SIL!
INFO: mk_mdef_gen.c(593): 12785 words in transcripts
INFO: mk_mdef_gen.c(594): 0 single word triphones in transcripts
INFO: mk_mdef_gen.c(595): 9122 word beginning triphones in transcripts
INFO: mk_mdef_gen.c(596): 27444 word internal triphones in transcripts
INFO: mk_mdef_gen.c(597): 9122 word ending triphones in transcripts
INFO: mk_mdef_gen.c(640): 45688 triphones extracted from transcripts
INFO: mk_mdef_gen.c(641): 1030 unique triphones extracted from transcripts
INFO: mk_mdef_gen.c(642): 0 triphones occur once in the transcripts
INFO: mk_mdef_gen.c(643): 0 triphones occur twice in the transcripts
INFO: mk_mdef_gen.c(644): 0 triphones occur thrice in the transcripts
INFO: mk_mdef_gen.c(645): The rest of the triphones occur more than three times
INFO: mk_mdef_gen.c(646): Count threshold is 1
INFO: mk_mdef_gen.c(897): 31 n_base, 1030 n_tri
INFO: mk_mdef_gen.c(969): Wrote mdef file /home/azhar/Tubes_Speech/commandreminder/model_architecture/commandreminder.untied.mdef
Fri Dec  3 07:37:18 2021
